% Problem    : BOO069-1 : TPTP v6.1.0. Released v2.6.0.
% Command    : eprover --auto-schedule --tstp-format -s --proof-object --memory-limit=2048 --cpu-limit=%d %s
% Computer   : n188.star.cs.uiowa.edu
% Model      : x86_64 x86_64
% CPU        : Intel(R) Xeon(R) CPU E5-2609 0 @ 2.40GHz
% Memory     : 32286.75MB
% OS         : Linux 2.6.32-431.20.3.el6.x86_64
% CPULimit   : 300
% DateTime   : Sun Jul 20 03:25:36 CDT 2014
% CPUTime    : 
# No SInE strategy applied
# Trying AutoSched0 for 151 seconds
# AutoSched0-Mode selected heuristic H_____047_C02_F1_PI_AE_Q12_CS_SP_S2S
# and selection function SelectNewComplexAHP.
#

# Proof found!
# SZS status Unsatisfiable
# SZS output start CNFRefutation.
cnf(c_0_0,axiom,(multiply(multiply(X1,inverse(X1),X2),inverse(multiply(multiply(X3,X4,X5),X6,multiply(X3,X4,X7))),multiply(X4,multiply(X7,X6,X5),X3))=X2), file('/export/starexec/sandbox/benchmark/theBenchmark.p', single_axiom)).
cnf(c_0_1,negated_conjecture,(multiply(a,b,inverse(b))!=a), file('/export/starexec/sandbox/benchmark/theBenchmark.p', prove_tba_axioms_3)).
cnf(c_0_2,plain,(multiply(multiply(X1,X2,X3),inverse(multiply(multiply(X4,X5,X6),X7,multiply(X4,X5,X8))),multiply(X5,multiply(X8,X7,X6),X4))=multiply(X2,multiply(X3,inverse(multiply(X1,X2,X9)),X9),X1)), inference(spm,[status(thm)],[c_0_0, c_0_0])).
cnf(c_0_3,plain,(multiply(inverse(X1),multiply(X2,inverse(multiply(X1,inverse(X1),X3)),X3),X1)=X2), inference(spm,[status(thm)],[c_0_0, c_0_2])).
cnf(c_0_4,plain,(multiply(multiply(X1,inverse(X1),X2),inverse(multiply(multiply(X3,X4,X5),multiply(X6,inverse(multiply(X5,inverse(X5),X7)),X7),multiply(X3,X4,inverse(X5)))),multiply(X4,X6,X3))=X2), inference(spm,[status(thm)],[c_0_0, c_0_3])).
cnf(c_0_5,plain,(multiply(multiply(X1,inverse(X1),X2),inverse(X3),multiply(inverse(X4),multiply(X5,inverse(multiply(multiply(X5,X4,X6),multiply(inverse(X4),inverse(multiply(X6,inverse(X6),X7)),X7),multiply(X5,X4,inverse(X6)))),X3),X4))=X2), inference(spm,[status(thm)],[c_0_0, c_0_4])).
cnf(c_0_6,plain,(multiply(multiply(X1,inverse(X1),X2),inverse(multiply(X3,inverse(X3),multiply(X4,inverse(X4),X5))),multiply(inverse(X3),X5,X3))=X2), inference(rw,[status(thm)],[inference(spm,[status(thm)],[c_0_5, c_0_0]), c_0_3])).
cnf(c_0_7,plain,(multiply(inverse(X1),X2,X1)=X2), inference(rw,[status(thm)],[inference(spm,[status(thm)],[c_0_0, c_0_6]), c_0_0])).
cnf(c_0_8,plain,(multiply(X1,inverse(multiply(X2,inverse(X2),X3)),X3)=X1), inference(rw,[status(thm)],[c_0_3, c_0_7])).
cnf(c_0_9,plain,(inverse(multiply(X1,inverse(X1),X2))=inverse(X2)), inference(spm,[status(thm)],[c_0_7, c_0_8])).
cnf(c_0_10,plain,(multiply(multiply(X1,inverse(X1),X2),inverse(multiply(multiply(X3,inverse(X3),X4),inverse(multiply(X3,inverse(X3),X4)),multiply(X3,inverse(X3),X5))),X5)=X2), inference(spm,[status(thm)],[c_0_0, c_0_3])).
cnf(c_0_11,plain,(multiply(X1,inverse(X2),X2)=X1), inference(rw,[status(thm)],[c_0_8, c_0_9])).
cnf(c_0_12,plain,(multiply(X1,inverse(X1),X2)=X2), inference(rw,[status(thm)],[inference(rw,[status(thm)],[inference(rw,[status(thm)],[c_0_10, c_0_9]), c_0_9]), c_0_11])).
cnf(c_0_13,plain,(inverse(inverse(X1))=X1), inference(spm,[status(thm)],[c_0_7, c_0_12])).
cnf(c_0_14,plain,(multiply(X1,X2,inverse(X2))=X1), inference(spm,[status(thm)],[c_0_11, c_0_13])).
cnf(c_0_15,negated_conjecture,($false), inference(cn,[status(thm)],[inference(rw,[status(thm)],[c_0_1, c_0_14])]), ['proof']).
# SZS output end CNFRefutation.
EOF
