% Problem    : GRP114-1 : TPTP v6.1.0. Released v1.2.0.
% Command    : eprover --auto-schedule --tstp-format -s --proof-object --memory-limit=2048 --cpu-limit=%d %s
% Computer   : n183.star.cs.uiowa.edu
% Model      : x86_64 x86_64
% CPU        : Intel(R) Xeon(R) CPU E5-2609 0 @ 2.40GHz
% Memory     : 32286.75MB
% OS         : Linux 2.6.32-431.20.3.el6.x86_64
% CPULimit   : 300
% DateTime   : Sun Jul 20 06:02:06 CDT 2014
% CPUTime    : 
# No SInE strategy applied
# Trying AutoSched0 for 151 seconds
# AutoSched0-Mode selected heuristic H_____047_C02_F1_PI_AE_Q12_CS_SP_S2S
# and selection function SelectNewComplexAHP.
#

# Proof found!
# SZS status Unsatisfiable
# SZS output start CNFRefutation.
cnf(c_0_0,axiom,(inverse(multiply(X1,X2))=multiply(inverse(X2),inverse(X1))), file('/export/starexec/sandbox/benchmark/theBenchmark.p', inverse_product_lemma)).
cnf(c_0_1,axiom,(inverse(identity)=identity), file('/export/starexec/sandbox/benchmark/theBenchmark.p', inverse_of_identity)).
cnf(c_0_2,axiom,(multiply(identity,X1)=X1), file('/export/starexec/sandbox/benchmark/Axioms/GRP004-0.ax', left_identity)).
cnf(c_0_3,axiom,(union(intersection(X1,X2),X2)=X2), file('/export/starexec/sandbox/benchmark/theBenchmark.p', union_intersection_absorbtion)).
cnf(c_0_4,axiom,(union(X1,X2)=union(X2,X1)), file('/export/starexec/sandbox/benchmark/theBenchmark.p', union_commutative)).
cnf(c_0_5,axiom,(inverse(inverse(X1))=X1), file('/export/starexec/sandbox/benchmark/theBenchmark.p', inverse_involution)).
cnf(c_0_6,axiom,(intersection(X1,X2)=intersection(X2,X1)), file('/export/starexec/sandbox/benchmark/theBenchmark.p', intersection_commutative)).
cnf(c_0_7,axiom,(multiply(X1,intersection(X2,X3))=intersection(multiply(X1,X2),multiply(X1,X3))), file('/export/starexec/sandbox/benchmark/theBenchmark.p', multiply_intersection1)).
cnf(c_0_8,axiom,(multiply(inverse(X1),X1)=identity), file('/export/starexec/sandbox/benchmark/Axioms/GRP004-0.ax', left_inverse)).
cnf(c_0_9,axiom,(intersection(union(X1,X2),X2)=X2), file('/export/starexec/sandbox/benchmark/theBenchmark.p', intersection_union_absorbtion)).
cnf(c_0_10,axiom,(multiply(intersection(X1,X2),X3)=intersection(multiply(X1,X3),multiply(X2,X3))), file('/export/starexec/sandbox/benchmark/theBenchmark.p', multiply_intersection2)).
cnf(c_0_11,axiom,(multiply(multiply(X1,X2),X3)=multiply(X1,multiply(X2,X3))), file('/export/starexec/sandbox/benchmark/Axioms/GRP004-0.ax', associativity)).
cnf(c_0_12,axiom,(multiply(union(X1,X2),X3)=union(multiply(X1,X3),multiply(X2,X3))), file('/export/starexec/sandbox/benchmark/theBenchmark.p', multiply_union2)).
cnf(c_0_13,axiom,(multiply(X1,union(X2,X3))=union(multiply(X1,X2),multiply(X1,X3))), file('/export/starexec/sandbox/benchmark/theBenchmark.p', multiply_union1)).
cnf(c_0_14,axiom,(intersection(X1,intersection(X2,X3))=intersection(intersection(X1,X2),X3)), file('/export/starexec/sandbox/benchmark/theBenchmark.p', intersection_associative)).
cnf(c_0_15,axiom,(union(X1,union(X2,X3))=union(union(X1,X2),X3)), file('/export/starexec/sandbox/benchmark/theBenchmark.p', union_associative)).
cnf(c_0_16,negated_conjecture,(multiply(positive_part(a),negative_part(a))!=a), file('/export/starexec/sandbox/benchmark/theBenchmark.p', prove_product)).
cnf(c_0_17,axiom,(negative_part(X1)=intersection(X1,identity)), file('/export/starexec/sandbox/benchmark/theBenchmark.p', negative_part)).
cnf(c_0_18,axiom,(positive_part(X1)=union(X1,identity)), file('/export/starexec/sandbox/benchmark/theBenchmark.p', positive_part)).
cnf(c_0_19,plain,(multiply(inverse(X1),identity)=inverse(X1)), inference(rw,[status(thm)],[inference(spm,[status(thm)],[c_0_0, c_0_1]), c_0_2])).
cnf(c_0_20,plain,(union(X1,intersection(X2,X1))=X1), inference(rw,[status(thm)],[c_0_3, c_0_4])).
cnf(c_0_21,plain,(multiply(X1,identity)=X1), inference(spm,[status(thm)],[c_0_19, c_0_5])).
cnf(c_0_22,plain,(union(X1,intersection(X1,X2))=X1), inference(spm,[status(thm)],[c_0_20, c_0_6])).
cnf(c_0_23,plain,(intersection(X1,multiply(X1,X2))=multiply(X1,intersection(identity,X2))), inference(spm,[status(thm)],[c_0_7, c_0_21])).
cnf(c_0_24,plain,(multiply(X1,inverse(X1))=identity), inference(spm,[status(thm)],[c_0_8, c_0_5])).
cnf(c_0_25,plain,(intersection(X1,union(X2,X1))=X1), inference(rw,[status(thm)],[c_0_9, c_0_6])).
cnf(c_0_26,plain,(union(X1,multiply(X1,intersection(identity,X2)))=X1), inference(spm,[status(thm)],[c_0_22, c_0_23])).
cnf(c_0_27,plain,(intersection(X1,multiply(X2,X1))=multiply(intersection(X2,identity),X1)), inference(rw,[status(thm)],[inference(spm,[status(thm)],[c_0_10, c_0_2]), c_0_6])).
cnf(c_0_28,plain,(multiply(X1,multiply(inverse(X1),X2))=X2), inference(rw,[status(thm)],[inference(spm,[status(thm)],[c_0_11, c_0_24]), c_0_2])).
cnf(c_0_29,plain,(intersection(X1,union(X1,X2))=X1), inference(spm,[status(thm)],[c_0_25, c_0_4])).
cnf(c_0_30,plain,(union(identity,inverse(intersection(identity,X1)))=inverse(intersection(identity,X1))), inference(rw,[status(thm)],[inference(spm,[status(thm)],[c_0_26, c_0_8]), c_0_4])).
cnf(c_0_31,plain,(intersection(inverse(X1),inverse(multiply(X1,X2)))=multiply(intersection(identity,inverse(X2)),inverse(X1))), inference(rw,[status(thm)],[inference(spm,[status(thm)],[c_0_27, c_0_0]), c_0_6])).
cnf(c_0_32,plain,(multiply(X1,intersection(identity,multiply(inverse(X1),X2)))=intersection(X1,X2)), inference(spm,[status(thm)],[c_0_23, c_0_28])).
cnf(c_0_33,plain,(intersection(identity,inverse(intersection(identity,X1)))=identity), inference(spm,[status(thm)],[c_0_29, c_0_30])).
cnf(c_0_34,plain,(intersection(inverse(X1),inverse(intersection(X1,X2)))=inverse(X1)), inference(rw,[status(thm)],[inference(rw,[status(thm)],[inference(spm,[status(thm)],[c_0_31, c_0_32]), c_0_33]), c_0_2])).
cnf(c_0_35,plain,(multiply(inverse(X1),multiply(X1,X2))=X2), inference(rw,[status(thm)],[inference(spm,[status(thm)],[c_0_11, c_0_8]), c_0_2])).
cnf(c_0_36,plain,(intersection(X1,inverse(intersection(inverse(X1),X2)))=X1), inference(spm,[status(thm)],[c_0_34, c_0_5])).
cnf(c_0_37,plain,(multiply(X1,inverse(multiply(X2,X1)))=inverse(X2)), inference(rw,[status(thm)],[inference(spm,[status(thm)],[c_0_35, c_0_0]), c_0_5])).
cnf(c_0_38,plain,(multiply(X1,intersection(inverse(X1),X2))=intersection(identity,multiply(X1,X2))), inference(spm,[status(thm)],[c_0_7, c_0_24])).
cnf(c_0_39,plain,(intersection(X1,inverse(intersection(X2,inverse(X1))))=X1), inference(spm,[status(thm)],[c_0_36, c_0_6])).
cnf(c_0_40,plain,(union(X1,multiply(X2,X1))=multiply(union(identity,X2),X1)), inference(spm,[status(thm)],[c_0_12, c_0_2])).
cnf(c_0_41,plain,(union(X1,multiply(X1,X2))=multiply(X1,union(identity,X2))), inference(spm,[status(thm)],[c_0_13, c_0_21])).
cnf(c_0_42,plain,(multiply(inverse(multiply(X1,X2)),X1)=inverse(X2)), inference(rw,[status(thm)],[inference(spm,[status(thm)],[c_0_37, c_0_37]), c_0_5])).
cnf(c_0_43,plain,(intersection(identity,multiply(X1,inverse(X2)))=multiply(intersection(X1,X2),inverse(X2))), inference(rw,[status(thm)],[inference(spm,[status(thm)],[c_0_10, c_0_24]), c_0_6])).
cnf(c_0_44,plain,(intersection(X1,intersection(X2,X1))=intersection(X1,X2)), inference(rw,[status(thm)],[inference(spm,[status(thm)],[c_0_25, c_0_22]), c_0_14])).
cnf(c_0_45,plain,(intersection(identity,multiply(X1,inverse(intersection(X2,X1))))=identity), inference(rw,[status(thm)],[inference(rw,[status(thm)],[inference(spm,[status(thm)],[c_0_38, c_0_39]), c_0_24]), c_0_5])).
cnf(c_0_46,plain,(union(X1,multiply(X2,X1))=multiply(union(X2,identity),X1)), inference(rw,[status(thm)],[inference(spm,[status(thm)],[c_0_12, c_0_2]), c_0_4])).
cnf(c_0_47,plain,(intersection(X1,intersection(union(X2,X1),X3))=intersection(X1,X3)), inference(spm,[status(thm)],[c_0_14, c_0_25])).
cnf(c_0_48,plain,(multiply(union(identity,X1),X1)=multiply(X1,union(identity,X1))), inference(spm,[status(thm)],[c_0_40, c_0_41])).
cnf(c_0_49,plain,(multiply(inverse(X1),intersection(identity,X1))=intersection(identity,inverse(X1))), inference(rw,[status(thm)],[inference(spm,[status(thm)],[c_0_23, c_0_8]), c_0_6])).
cnf(c_0_50,plain,(union(inverse(X1),multiply(inverse(multiply(X2,X1)),X3))=multiply(inverse(multiply(X2,X1)),union(X3,X2))), inference(rw,[status(thm)],[inference(spm,[status(thm)],[c_0_13, c_0_42]), c_0_4])).
cnf(c_0_51,plain,(multiply(intersection(X1,X2),inverse(intersection(X2,X1)))=identity), inference(rw,[status(thm)],[inference(spm,[status(thm)],[c_0_43, c_0_44]), c_0_45])).
cnf(c_0_52,plain,(multiply(X1,inverse(union(X1,multiply(X2,X1))))=inverse(union(X2,identity))), inference(spm,[status(thm)],[c_0_37, c_0_46])).
cnf(c_0_53,plain,(multiply(union(X1,X2),inverse(X2))=union(identity,multiply(X1,inverse(X2)))), inference(rw,[status(thm)],[inference(spm,[status(thm)],[c_0_12, c_0_24]), c_0_4])).
cnf(c_0_54,plain,(intersection(X1,multiply(intersection(X2,identity),union(X3,X1)))=intersection(X1,multiply(X2,union(X3,X1)))), inference(spm,[status(thm)],[c_0_47, c_0_27])).
cnf(c_0_55,plain,(multiply(intersection(X1,identity),union(identity,X1))=multiply(union(identity,X1),intersection(identity,X1))), inference(rw,[status(thm)],[inference(spm,[status(thm)],[c_0_23, c_0_48]), c_0_27])).
cnf(c_0_56,plain,(multiply(intersection(identity,inverse(X1)),X1)=intersection(X1,identity)), inference(rw,[status(thm)],[inference(spm,[status(thm)],[c_0_27, c_0_8]), c_0_6])).
cnf(c_0_57,plain,(multiply(union(identity,inverse(X1)),intersection(identity,X1))=union(intersection(identity,X1),intersection(identity,inverse(X1)))), inference(rw,[status(thm)],[inference(spm,[status(thm)],[c_0_46, c_0_49]), c_0_4])).
cnf(c_0_58,plain,(union(intersection(X1,X2),X3)=union(X3,intersection(X2,X1))), inference(rw,[status(thm)],[inference(rw,[status(thm)],[inference(rw,[status(thm)],[inference(rw,[status(thm)],[inference(rw,[status(thm)],[inference(spm,[status(thm)],[c_0_50, c_0_51]), c_0_5]), c_0_1]), c_0_2]), c_0_1]), c_0_2])).
cnf(c_0_59,plain,(multiply(X1,inverse(union(X1,identity)))=inverse(union(identity,inverse(X1)))), inference(rw,[status(thm)],[inference(rw,[status(thm)],[inference(rw,[status(thm)],[inference(rw,[status(thm)],[inference(spm,[status(thm)],[c_0_52, c_0_35]), c_0_4]), c_0_11]), c_0_52]), c_0_4])).
cnf(c_0_60,plain,(union(identity,multiply(X1,inverse(intersection(X2,X1))))=multiply(X1,inverse(intersection(X2,X1)))), inference(spm,[status(thm)],[c_0_53, c_0_20])).
cnf(c_0_61,plain,(intersection(X1,multiply(union(identity,X1),intersection(identity,X1)))=X1), inference(rw,[status(thm)],[inference(rw,[status(thm)],[inference(rw,[status(thm)],[inference(spm,[status(thm)],[c_0_54, c_0_55]), c_0_23]), c_0_29]), c_0_21])).
cnf(c_0_62,plain,(multiply(intersection(identity,X1),inverse(X1))=intersection(identity,inverse(X1))), inference(rw,[status(thm)],[inference(spm,[status(thm)],[c_0_56, c_0_5]), c_0_6])).
cnf(c_0_63,plain,(multiply(union(identity,X1),intersection(identity,inverse(X1)))=union(intersection(identity,X1),intersection(identity,inverse(X1)))), inference(rw,[status(thm)],[inference(rw,[status(thm)],[inference(spm,[status(thm)],[c_0_57, c_0_5]), c_0_58]), c_0_6])).
cnf(c_0_64,plain,(union(X1,union(intersection(X1,X2),X3))=union(X1,X3)), inference(spm,[status(thm)],[c_0_15, c_0_22])).
cnf(c_0_65,plain,(multiply(inverse(union(X1,identity)),union(identity,inverse(X1)))=inverse(X1)), inference(rw,[status(thm)],[inference(spm,[status(thm)],[c_0_37, c_0_59]), c_0_5])).
cnf(c_0_66,plain,(multiply(inverse(X1),union(X1,X2))=union(identity,multiply(inverse(X1),X2))), inference(spm,[status(thm)],[c_0_13, c_0_8])).
cnf(c_0_67,plain,(union(intersection(identity,X1),intersection(identity,inverse(X1)))=identity), inference(rw,[status(thm)],[inference(rw,[status(thm)],[inference(rw,[status(thm)],[inference(rw,[status(thm)],[inference(rw,[status(thm)],[inference(rw,[status(thm)],[inference(rw,[status(thm)],[inference(rw,[status(thm)],[inference(spm,[status(thm)],[c_0_60, c_0_61]), c_0_11]), c_0_62]), c_0_63]), c_0_64]), c_0_22]), c_0_11]), c_0_62]), c_0_63])).
cnf(c_0_68,plain,(multiply(inverse(intersection(identity,X1)),intersection(identity,inverse(X1)))=inverse(X1)), inference(spm,[status(thm)],[c_0_35, c_0_62])).
cnf(c_0_69,negated_conjecture,(multiply(union(a,identity),intersection(a,identity))!=a), inference(rw,[status(thm)],[inference(rw,[status(thm)],[c_0_16, c_0_17]), c_0_18])).
cnf(c_0_70,plain,(multiply(inverse(union(identity,inverse(X1))),union(identity,X1))=X1), inference(rw,[status(thm)],[inference(spm,[status(thm)],[c_0_65, c_0_5]), c_0_4])).
cnf(c_0_71,plain,(union(identity,inverse(X1))=inverse(intersection(identity,X1))), inference(rw,[status(thm)],[inference(rw,[status(thm)],[inference(spm,[status(thm)],[c_0_66, c_0_67]), c_0_21]), c_0_68])).
cnf(c_0_72,plain,(multiply(intersection(identity,X1),union(identity,X1))=multiply(union(identity,X1),intersection(identity,X1))), inference(spm,[status(thm)],[c_0_55, c_0_6])).
cnf(c_0_73,negated_conjecture,(multiply(union(identity,a),intersection(identity,a))!=a), inference(rw,[status(thm)],[inference(rw,[status(thm)],[c_0_69, c_0_6]), c_0_4])).
cnf(c_0_74,plain,(multiply(union(identity,X1),intersection(identity,X1))=X1), inference(rw,[status(thm)],[inference(rw,[status(thm)],[inference(rw,[status(thm)],[c_0_70, c_0_71]), c_0_5]), c_0_72])).
cnf(c_0_75,negated_conjecture,($false), inference(cn,[status(thm)],[inference(rw,[status(thm)],[c_0_73, c_0_74])]), ['proof']).
# SZS output end CNFRefutation.
EOF
