% Problem    : REL007-1 : TPTP v6.1.0. Released v4.0.0.
% Command    : eprover --auto-schedule --tstp-format -s --proof-object --memory-limit=2048 --cpu-limit=%d %s
% Computer   : n191.star.cs.uiowa.edu
% Model      : x86_64 x86_64
% CPU        : Intel(R) Xeon(R) CPU E5-2609 0 @ 2.40GHz
% Memory     : 32286.75MB
% OS         : Linux 2.6.32-431.20.3.el6.x86_64
% CPULimit   : 300
% DateTime   : Sun Jul 20 03:21:21 CDT 2014
% CPUTime    : 
# No SInE strategy applied
# Trying AutoSched0 for 151 seconds
# AutoSched0-Mode selected heuristic G_E___100_C18_F1_PI_AE_Q4_CS_SP_S0Y
# and selection function SelectMaxLComplexAvoidPosPred.
#

# Proof found!
# SZS status Unsatisfiable
# SZS output start CNFRefutation.
cnf(c_0_0,axiom,(zero=meet(X1,complement(X1))), file('/export/starexec/sandbox/benchmark/Axioms/REL001-0.ax', def_zero_13)).
cnf(c_0_1,axiom,(meet(X1,X2)=complement(join(complement(X1),complement(X2)))), file('/export/starexec/sandbox/benchmark/Axioms/REL001-0.ax', maddux4_definiton_of_meet_4)).
cnf(c_0_2,axiom,(top=join(X1,complement(X1))), file('/export/starexec/sandbox/benchmark/Axioms/REL001-0.ax', def_top_12)).
cnf(c_0_3,axiom,(join(X1,join(X2,X3))=join(join(X1,X2),X3)), file('/export/starexec/sandbox/benchmark/Axioms/REL001-0.ax', maddux2_join_associativity_2)).
cnf(c_0_4,axiom,(X1=join(complement(join(complement(X1),complement(X2))),complement(join(complement(X1),X2)))), file('/export/starexec/sandbox/benchmark/Axioms/REL001-0.ax', maddux3_a_kind_of_de_Morgan_3)).
cnf(c_0_5,axiom,(join(X1,X2)=join(X2,X1)), file('/export/starexec/sandbox/benchmark/Axioms/REL001-0.ax', maddux1_join_commutativity_1)).
cnf(c_0_6,negated_conjecture,(meet(sk1,converse(sk2))=zero), file('/export/starexec/sandbox/benchmark/theBenchmark.p', goals_14)).
cnf(c_0_7,axiom,(converse(join(X1,X2))=join(converse(X1),converse(X2))), file('/export/starexec/sandbox/benchmark/Axioms/REL001-0.ax', converse_additivity_9)).
cnf(c_0_8,axiom,(converse(converse(X1))=X1), file('/export/starexec/sandbox/benchmark/Axioms/REL001-0.ax', converse_idempotence_8)).
cnf(c_0_9,negated_conjecture,(meet(converse(sk1),sk2)!=zero), file('/export/starexec/sandbox/benchmark/theBenchmark.p', goals_15)).
cnf(c_0_10,plain,(complement(join(complement(X1),complement(complement(X1))))=zero), inference(rw,[status(thm)],[c_0_0, c_0_1])).
cnf(c_0_11,plain,(join(X1,join(X2,complement(join(X1,X2))))=top), inference(spm,[status(thm)],[c_0_2, c_0_3])).
cnf(c_0_12,plain,(complement(top)=zero), inference(rw,[status(thm)],[c_0_10, c_0_2])).
cnf(c_0_13,plain,(join(complement(join(complement(X1),X2)),complement(join(complement(X1),complement(X2))))=X1), inference(rw,[status(thm)],[c_0_4, c_0_5])).
cnf(c_0_14,plain,(join(X1,join(zero,complement(X1)))=top), inference(rw,[status(thm)],[inference(rw,[status(thm)],[inference(spm,[status(thm)],[c_0_11, c_0_2]), c_0_12]), c_0_5])).
cnf(c_0_15,plain,(join(zero,complement(join(complement(X1),complement(X1))))=X1), inference(rw,[status(thm)],[inference(rw,[status(thm)],[inference(spm,[status(thm)],[c_0_13, c_0_2]), c_0_12]), c_0_5])).
cnf(c_0_16,plain,(join(top,complement(X1))=top), inference(rw,[status(thm)],[inference(rw,[status(thm)],[inference(rw,[status(thm)],[inference(rw,[status(thm)],[inference(spm,[status(thm)],[c_0_14, c_0_15]), c_0_3]), c_0_5]), c_0_2]), c_0_5])).
cnf(c_0_17,plain,(join(X1,top)=top), inference(spm,[status(thm)],[c_0_11, c_0_16])).
cnf(c_0_18,plain,(join(zero,complement(join(zero,complement(X1))))=X1), inference(rw,[status(thm)],[inference(rw,[status(thm)],[inference(rw,[status(thm)],[inference(spm,[status(thm)],[c_0_13, c_0_17]), c_0_12]), c_0_12]), c_0_5])).
cnf(c_0_19,plain,(join(zero,zero)=zero), inference(rw,[status(thm)],[inference(spm,[status(thm)],[c_0_18, c_0_2]), c_0_12])).
cnf(c_0_20,plain,(join(zero,join(zero,X1))=join(zero,X1)), inference(spm,[status(thm)],[c_0_3, c_0_19])).
cnf(c_0_21,plain,(join(zero,X1)=X1), inference(spm,[status(thm)],[c_0_20, c_0_15])).
cnf(c_0_22,plain,(complement(join(complement(X1),complement(X1)))=X1), inference(rw,[status(thm)],[c_0_15, c_0_21])).
cnf(c_0_23,plain,(complement(complement(X1))=X1), inference(rw,[status(thm)],[inference(rw,[status(thm)],[c_0_18, c_0_21]), c_0_21])).
cnf(c_0_24,plain,(complement(join(X1,X1))=complement(X1)), inference(spm,[status(thm)],[c_0_22, c_0_23])).
cnf(c_0_25,negated_conjecture,(complement(join(complement(sk1),complement(converse(sk2))))=zero), inference(rw,[status(thm)],[c_0_6, c_0_1])).
cnf(c_0_26,plain,(join(X1,X1)=X1), inference(rw,[status(thm)],[inference(spm,[status(thm)],[c_0_13, c_0_24]), c_0_13])).
cnf(c_0_27,negated_conjecture,(join(zero,complement(join(complement(sk1),converse(sk2))))=sk1), inference(rw,[status(thm)],[inference(spm,[status(thm)],[c_0_13, c_0_25]), c_0_5])).
cnf(c_0_28,plain,(join(X1,join(X1,X2))=join(X1,X2)), inference(spm,[status(thm)],[c_0_3, c_0_26])).
cnf(c_0_29,negated_conjecture,(join(complement(sk1),converse(sk2))=join(zero,complement(sk1))), inference(spm,[status(thm)],[c_0_18, c_0_27])).
cnf(c_0_30,plain,(join(X1,join(X2,X3))=join(X3,join(X1,X2))), inference(spm,[status(thm)],[c_0_5, c_0_3])).
cnf(c_0_31,plain,(join(X1,complement(join(complement(X1),X2)))=X1), inference(rw,[status(thm)],[inference(spm,[status(thm)],[c_0_28, c_0_13]), c_0_5])).
cnf(c_0_32,plain,(converse(join(X1,converse(X2)))=join(converse(X1),X2)), inference(spm,[status(thm)],[c_0_7, c_0_8])).
cnf(c_0_33,negated_conjecture,(join(complement(sk1),converse(sk2))=complement(sk1)), inference(rw,[status(thm)],[c_0_29, c_0_21])).
cnf(c_0_34,plain,(join(X1,join(complement(X1),X2))=top), inference(rw,[status(thm)],[inference(spm,[status(thm)],[c_0_30, c_0_2]), c_0_17])).
cnf(c_0_35,plain,(join(complement(X1),complement(join(X1,X2)))=complement(X1)), inference(spm,[status(thm)],[c_0_31, c_0_23])).
cnf(c_0_36,negated_conjecture,(join(sk2,converse(complement(sk1)))=converse(complement(sk1))), inference(rw,[status(thm)],[inference(spm,[status(thm)],[c_0_32, c_0_33]), c_0_5])).
cnf(c_0_37,plain,(converse(join(converse(X1),X2))=join(X1,converse(X2))), inference(spm,[status(thm)],[c_0_7, c_0_8])).
cnf(c_0_38,plain,(join(X1,join(X2,complement(X1)))=top), inference(spm,[status(thm)],[c_0_34, c_0_5])).
cnf(c_0_39,negated_conjecture,(join(complement(sk2),complement(converse(complement(sk1))))=complement(sk2)), inference(spm,[status(thm)],[c_0_35, c_0_36])).
cnf(c_0_40,plain,(join(X1,converse(complement(converse(X1))))=converse(top)), inference(spm,[status(thm)],[c_0_37, c_0_2])).
cnf(c_0_41,plain,(join(top,X1)=top), inference(spm,[status(thm)],[c_0_5, c_0_17])).
cnf(c_0_42,plain,(join(X1,join(X2,X1))=join(X2,X1)), inference(spm,[status(thm)],[c_0_30, c_0_26])).
cnf(c_0_43,negated_conjecture,(join(complement(sk2),converse(complement(sk1)))=top), inference(rw,[status(thm)],[inference(spm,[status(thm)],[c_0_38, c_0_39]), c_0_5])).
cnf(c_0_44,plain,(converse(top)=top), inference(spm,[status(thm)],[c_0_40, c_0_41])).
cnf(c_0_45,plain,(join(X1,complement(join(X2,complement(X1))))=X1), inference(spm,[status(thm)],[c_0_31, c_0_42])).
cnf(c_0_46,negated_conjecture,(join(complement(sk1),converse(complement(sk2)))=top), inference(rw,[status(thm)],[inference(rw,[status(thm)],[inference(spm,[status(thm)],[c_0_32, c_0_43]), c_0_44]), c_0_5])).
cnf(c_0_47,plain,(join(converse(X1),join(converse(X2),X3))=join(converse(join(X1,X2)),X3)), inference(spm,[status(thm)],[c_0_3, c_0_7])).
cnf(c_0_48,plain,(join(complement(X1),complement(join(X2,X1)))=complement(X1)), inference(spm,[status(thm)],[c_0_45, c_0_23])).
cnf(c_0_49,negated_conjecture,(complement(join(complement(sk1),complement(converse(complement(sk2)))))=sk1), inference(rw,[status(thm)],[inference(rw,[status(thm)],[inference(spm,[status(thm)],[c_0_13, c_0_46]), c_0_12]), c_0_21])).
cnf(c_0_50,negated_conjecture,(complement(join(complement(converse(sk1)),complement(sk2)))!=zero), inference(rw,[status(thm)],[c_0_9, c_0_1])).
cnf(c_0_51,plain,(join(complement(converse(X1)),converse(join(X1,X2)))=top), inference(rw,[status(thm)],[inference(spm,[status(thm)],[c_0_38, c_0_47]), c_0_5])).
cnf(c_0_52,negated_conjecture,(join(sk1,converse(complement(sk2)))=converse(complement(sk2))), inference(rw,[status(thm)],[inference(rw,[status(thm)],[inference(rw,[status(thm)],[inference(spm,[status(thm)],[c_0_48, c_0_49]), c_0_23]), c_0_23]), c_0_5])).
cnf(c_0_53,negated_conjecture,(complement(join(complement(sk2),complement(converse(sk1))))!=zero), inference(rw,[status(thm)],[c_0_50, c_0_5])).
cnf(c_0_54,negated_conjecture,(join(complement(sk2),complement(converse(sk1)))=top), inference(rw,[status(thm)],[inference(rw,[status(thm)],[inference(spm,[status(thm)],[c_0_51, c_0_52]), c_0_8]), c_0_5])).
cnf(c_0_55,negated_conjecture,($false), inference(cn,[status(thm)],[inference(rw,[status(thm)],[inference(rw,[status(thm)],[c_0_53, c_0_54]), c_0_12])]), ['proof']).
# SZS output end CNFRefutation.
EOF
