% Problem    : LAT392-1 : TPTP v6.1.0. Released v4.0.0.
% Command    : eprover --auto-schedule --tstp-format -s --proof-object --memory-limit=2048 --cpu-limit=%d %s
% Computer   : n148.star.cs.uiowa.edu
% Model      : x86_64 x86_64
% CPU        : Intel(R) Xeon(R) CPU E5-2609 0 @ 2.40GHz
% Memory     : 32286.75MB
% OS         : Linux 2.6.32-431.20.3.el6.x86_64
% CPULimit   : 300
% DateTime   : Sun Jul 20 05:18:56 CDT 2014
% CPUTime    : 
# No SInE strategy applied
# Trying AutoSched0 for 151 seconds
# AutoSched0-Mode selected heuristic H_____102_C18_F1_PI_AE_Q4_CS_SP_S1S
# and selection function SelectComplexAHP.
#

# Proof found!
# SZS status Unsatisfiable
# SZS output start CNFRefutation.
cnf(c_0_0,axiom,(mult(plus(mult(plus(X1,X2),plus(X2,mult(X1,X2))),X3),plus(mult(plus(X1,mult(mult(plus(X4,X2),plus(X2,X5)),X2)),plus(mult(plus(X2,plus(plus(mult(X4,mult(X2,X5)),mult(X6,X2)),X2)),plus(X7,mult(X2,plus(plus(mult(X2,X8),mult(X6,X2)),X2)))),mult(X1,mult(mult(plus(X4,X2),plus(X2,X5)),X2)))),mult(mult(plus(X1,X2),plus(X2,mult(X1,X2))),X3)))=X2), file('/export/starexec/sandbox/benchmark/theBenchmark.p', sos)).
cnf(c_0_1,negated_conjecture,(plus(plus(mult(a,b),mult(b,c)),b)!=b), file('/export/starexec/sandbox/benchmark/theBenchmark.p', goals)).
cnf(c_0_2,plain,(mult(plus(mult(plus(X1,mult(plus(X2,X3),plus(X3,mult(X2,X3)))),plus(mult(plus(X2,X3),plus(X3,mult(X2,X3))),mult(X1,mult(plus(X2,X3),plus(X3,mult(X2,X3)))))),X4),plus(mult(plus(X1,mult(mult(plus(mult(plus(X2,X3),plus(X3,mult(X2,X3))),mult(plus(X2,X3),plus(X3,mult(X2,X3)))),plus(mult(plus(X2,X3),plus(X3,mult(X2,X3))),X5)),mult(plus(X2,X3),plus(X3,mult(X2,X3))))),plus(X3,mult(X1,mult(mult(plus(mult(plus(X2,X3),plus(X3,mult(X2,X3))),mult(plus(X2,X3),plus(X3,mult(X2,X3)))),plus(mult(plus(X2,X3),plus(X3,mult(X2,X3))),X5)),mult(plus(X2,X3),plus(X3,mult(X2,X3))))))),mult(mult(plus(X1,mult(plus(X2,X3),plus(X3,mult(X2,X3)))),plus(mult(plus(X2,X3),plus(X3,mult(X2,X3))),mult(X1,mult(plus(X2,X3),plus(X3,mult(X2,X3)))))),X4)))=mult(plus(X2,X3),plus(X3,mult(X2,X3)))), inference(spm,[status(thm)],[c_0_0, c_0_0])).
cnf(c_0_3,plain,(mult(plus(mult(plus(X1,X2),plus(X2,mult(X1,X2))),X3),plus(mult(plus(X1,mult(mult(plus(X2,X2),plus(X2,X4)),X2)),plus(mult(plus(X5,mult(mult(plus(X6,X2),plus(X2,X7)),X2)),plus(mult(plus(X2,plus(plus(mult(X6,mult(X2,X7)),mult(X8,X2)),X2)),plus(X9,mult(X2,plus(plus(mult(X2,X10),mult(X8,X2)),X2)))),mult(X5,mult(mult(plus(X6,X2),plus(X2,X7)),X2)))),mult(X1,mult(mult(plus(X2,X2),plus(X2,X4)),X2)))),mult(mult(plus(X1,X2),plus(X2,mult(X1,X2))),X3)))=X2), inference(spm,[status(thm)],[c_0_2, c_0_0])).
cnf(c_0_4,plain,(mult(plus(mult(plus(mult(plus(X1,X2),plus(X2,mult(X1,X2))),X2),plus(X2,mult(mult(plus(X1,X2),plus(X2,mult(X1,X2))),X2))),X3),plus(X2,mult(mult(plus(mult(plus(X1,X2),plus(X2,mult(X1,X2))),X2),plus(X2,mult(mult(plus(X1,X2),plus(X2,mult(X1,X2))),X2))),X3)))=X2), inference(spm,[status(thm)],[c_0_3, c_0_0])).
cnf(c_0_5,plain,(mult(plus(mult(plus(X1,X2),plus(X2,mult(X1,X2))),X3),plus(mult(plus(X1,mult(mult(plus(X2,X2),plus(X2,X4)),X2)),plus(X2,mult(X1,mult(mult(plus(X2,X2),plus(X2,X4)),X2)))),mult(mult(plus(X1,X2),plus(X2,mult(X1,X2))),X3)))=X2), inference(spm,[status(thm)],[c_0_2, c_0_4])).
cnf(c_0_6,plain,(mult(plus(X1,X2),plus(X1,mult(X1,X2)))=X1), inference(spm,[status(thm)],[c_0_4, c_0_4])).
cnf(c_0_7,plain,(mult(plus(X1,mult(mult(plus(X2,X2),plus(X2,X3)),X2)),plus(X2,mult(X1,mult(mult(plus(X2,X2),plus(X2,X3)),X2))))=X2), inference(rw,[status(thm)],[inference(rw,[status(thm)],[inference(rw,[status(thm)],[inference(spm,[status(thm)],[c_0_5, c_0_5]), c_0_5]), c_0_5]), c_0_6])).
cnf(c_0_8,plain,(mult(plus(mult(plus(X1,X2),plus(X2,mult(X1,X2))),X3),plus(X2,mult(mult(plus(X1,X2),plus(X2,mult(X1,X2))),X3)))=X2), inference(rw,[status(thm)],[c_0_5, c_0_7])).
cnf(c_0_9,plain,(mult(plus(X1,mult(mult(plus(X2,X3),plus(X3,X4)),X3)),plus(mult(plus(X3,plus(plus(mult(X2,mult(X3,X4)),mult(X5,X3)),X3)),plus(X6,mult(X3,plus(plus(mult(X3,X7),mult(X5,X3)),X3)))),mult(X1,mult(mult(plus(X2,X3),plus(X3,X4)),X3))))=X3), inference(spm,[status(thm)],[c_0_0, c_0_7])).
cnf(c_0_10,plain,(mult(plus(X1,plus(plus(mult(X2,mult(X1,X3)),mult(X4,X1)),X1)),plus(X5,mult(X1,plus(plus(mult(X1,X6),mult(X4,X1)),X1))))=X1), inference(spm,[status(thm)],[c_0_8, c_0_9])).
cnf(c_0_11,plain,(mult(plus(X1,X2),plus(X2,mult(X1,X2)))=X2), inference(spm,[status(thm)],[c_0_8, c_0_10])).
cnf(c_0_12,plain,(plus(plus(mult(X1,mult(X1,X2)),mult(X3,X1)),X1)=X1), inference(spm,[status(thm)],[c_0_10, c_0_11])).
cnf(c_0_13,plain,(mult(plus(X1,X1),plus(X2,mult(X1,plus(plus(mult(X1,X3),mult(X4,X1)),X1))))=X1), inference(spm,[status(thm)],[c_0_10, c_0_12])).
cnf(c_0_14,plain,(mult(plus(X1,mult(X2,X2)),plus(X2,mult(X1,mult(X2,X2))))=X2), inference(spm,[status(thm)],[c_0_7, c_0_6])).
cnf(c_0_15,plain,(mult(plus(X1,X1),plus(X2,mult(X1,X1)))=X1), inference(spm,[status(thm)],[c_0_13, c_0_12])).
cnf(c_0_16,plain,(mult(X1,plus(X1,mult(plus(mult(X1,mult(X1,X2)),mult(X3,X1)),X1)))=X1), inference(spm,[status(thm)],[c_0_11, c_0_12])).
cnf(c_0_17,plain,(mult(X1,X1)=X1), inference(spm,[status(thm)],[c_0_14, c_0_15])).
cnf(c_0_18,plain,(plus(plus(mult(X1,X1),mult(X2,X1)),X1)=X1), inference(spm,[status(thm)],[c_0_12, c_0_16])).
cnf(c_0_19,plain,(plus(X1,X1)=X1), inference(rw,[status(thm)],[inference(spm,[status(thm)],[c_0_6, c_0_17]), c_0_17])).
cnf(c_0_20,plain,(mult(X1,plus(X1,mult(plus(mult(X1,X1),mult(X2,X1)),X1)))=X1), inference(spm,[status(thm)],[c_0_16, c_0_16])).
cnf(c_0_21,plain,(plus(plus(X1,mult(X2,X1)),X1)=X1), inference(rw,[status(thm)],[c_0_18, c_0_17])).
cnf(c_0_22,plain,(mult(X1,plus(X2,X1))=X1), inference(rw,[status(thm)],[inference(rw,[status(thm)],[c_0_15, c_0_17]), c_0_19])).
cnf(c_0_23,plain,(mult(plus(plus(X1,X2),plus(X1,mult(X1,X2))),plus(plus(X1,X2),X1))=plus(X1,X2)), inference(spm,[status(thm)],[c_0_6, c_0_6])).
cnf(c_0_24,plain,(mult(X1,plus(X1,mult(plus(X1,mult(X2,X1)),X1)))=X1), inference(rw,[status(thm)],[c_0_20, c_0_17])).
cnf(c_0_25,plain,(plus(X1,plus(X1,mult(X2,X1)))=plus(X1,mult(X2,X1))), inference(rw,[status(thm)],[inference(spm,[status(thm)],[c_0_21, c_0_11]), c_0_21])).
cnf(c_0_26,plain,(mult(plus(X1,plus(X2,X1)),plus(plus(X2,X1),X1))=plus(X2,X1)), inference(spm,[status(thm)],[c_0_11, c_0_22])).
cnf(c_0_27,plain,(mult(plus(X1,plus(plus(mult(X2,mult(X1,X3)),mult(X4,X1)),X1)),plus(X5,X1))=X1), inference(rw,[status(thm)],[c_0_10, c_0_22])).
cnf(c_0_28,plain,(plus(X1,mult(plus(X1,mult(X2,X1)),X1))=X1), inference(rw,[status(thm)],[inference(rw,[status(thm)],[inference(rw,[status(thm)],[inference(rw,[status(thm)],[inference(rw,[status(thm)],[inference(rw,[status(thm)],[inference(rw,[status(thm)],[inference(spm,[status(thm)],[c_0_23, c_0_24]), c_0_25]), c_0_19]), c_0_21]), c_0_25]), c_0_21]), c_0_17]), c_0_25])).
cnf(c_0_29,plain,(plus(plus(mult(X1,mult(X2,X3)),mult(X4,X2)),X2)=X2), inference(spm,[status(thm)],[c_0_26, c_0_27])).
cnf(c_0_30,plain,(mult(plus(mult(plus(X1,mult(X2,X1)),X1),X1),X1)=X1), inference(rw,[status(thm)],[inference(spm,[status(thm)],[c_0_26, c_0_28]), c_0_28])).
cnf(c_0_31,plain,(plus(plus(X1,X2),mult(plus(plus(X1,X2),X2),plus(X1,X2)))=plus(X1,X2)), inference(spm,[status(thm)],[c_0_28, c_0_22])).
cnf(c_0_32,plain,(plus(plus(mult(X1,mult(X2,X3)),X2),X2)=X2), inference(spm,[status(thm)],[c_0_29, c_0_30])).
cnf(c_0_33,plain,(plus(plus(mult(plus(X1,X2),X2),mult(X3,plus(X1,X2))),plus(X1,X2))=plus(X1,X2)), inference(spm,[status(thm)],[c_0_12, c_0_11])).
cnf(c_0_34,plain,(plus(mult(X1,mult(X2,X3)),X2)=X2), inference(rw,[status(thm)],[inference(rw,[status(thm)],[inference(spm,[status(thm)],[c_0_31, c_0_32]), c_0_22]), c_0_32])).
cnf(c_0_35,plain,(mult(X1,plus(X1,mult(X1,mult(plus(X1,mult(X2,X1)),X1))))=X1), inference(spm,[status(thm)],[c_0_6, c_0_28])).
cnf(c_0_36,plain,(mult(plus(X1,mult(mult(plus(X2,X3),plus(X3,X4)),X3)),plus(X3,mult(X1,mult(mult(plus(X2,X3),plus(X3,X4)),X3))))=X3), inference(rw,[status(thm)],[c_0_9, c_0_10])).
cnf(c_0_37,plain,(plus(plus(mult(plus(X1,X2),X2),X2),plus(X1,X2))=plus(X1,X2)), inference(spm,[status(thm)],[c_0_33, c_0_22])).
cnf(c_0_38,plain,(plus(mult(X1,X2),X2)=X2), inference(spm,[status(thm)],[c_0_34, c_0_35])).
cnf(c_0_39,plain,(mult(mult(plus(X1,X2),plus(X2,X3)),X2)=X2), inference(rw,[status(thm)],[inference(rw,[status(thm)],[inference(spm,[status(thm)],[c_0_36, c_0_17]), c_0_19]), c_0_22])).
cnf(c_0_40,plain,(mult(plus(X1,plus(X2,X1)),X1)=X1), inference(rw,[status(thm)],[inference(spm,[status(thm)],[c_0_6, c_0_22]), c_0_19])).
cnf(c_0_41,plain,(plus(X1,plus(X2,X1))=plus(X2,X1)), inference(rw,[status(thm)],[c_0_37, c_0_38])).
cnf(c_0_42,plain,(mult(mult(X1,plus(X1,X2)),X1)=X1), inference(spm,[status(thm)],[c_0_39, c_0_34])).
cnf(c_0_43,plain,(plus(mult(X1,X2),X1)=X1), inference(spm,[status(thm)],[c_0_34, c_0_40])).
cnf(c_0_44,plain,(mult(plus(X1,X2),X2)=X2), inference(rw,[status(thm)],[c_0_40, c_0_41])).
cnf(c_0_45,plain,(mult(X1,plus(X1,X2))=X1), inference(rw,[status(thm)],[inference(rw,[status(thm)],[inference(rw,[status(thm)],[inference(spm,[status(thm)],[c_0_6, c_0_42]), c_0_43]), c_0_43]), c_0_17])).
cnf(c_0_46,plain,(plus(X1,plus(X1,X2))=plus(X1,X2)), inference(spm,[status(thm)],[c_0_43, c_0_6])).
cnf(c_0_47,plain,(plus(plus(X1,mult(X2,plus(X3,X1))),plus(X3,X1))=plus(X3,X1)), inference(rw,[status(thm)],[c_0_33, c_0_44])).
cnf(c_0_48,plain,(plus(plus(X1,X2),X1)=plus(X1,X2)), inference(rw,[status(thm)],[inference(rw,[status(thm)],[inference(rw,[status(thm)],[inference(rw,[status(thm)],[inference(rw,[status(thm)],[inference(spm,[status(thm)],[c_0_23, c_0_45]), c_0_46]), c_0_19]), c_0_46]), c_0_17]), c_0_46])).
cnf(c_0_49,plain,(plus(plus(X1,X2),plus(X2,X1))=plus(X2,X1)), inference(spm,[status(thm)],[c_0_47, c_0_45])).
cnf(c_0_50,plain,(plus(X1,X2)=plus(X2,X1)), inference(rw,[status(thm)],[inference(spm,[status(thm)],[c_0_48, c_0_49]), c_0_49])).
cnf(c_0_51,plain,(plus(plus(mult(X1,X2),mult(X3,X1)),X1)=X1), inference(spm,[status(thm)],[c_0_29, c_0_17])).
cnf(c_0_52,negated_conjecture,(plus(b,plus(mult(b,c),mult(a,b)))!=b), inference(rw,[status(thm)],[inference(rw,[status(thm)],[c_0_1, c_0_50]), c_0_50])).
cnf(c_0_53,plain,(plus(X1,plus(mult(X1,X2),mult(X3,X1)))=X1), inference(rw,[status(thm)],[c_0_51, c_0_50])).
cnf(c_0_54,negated_conjecture,($false), inference(cn,[status(thm)],[inference(rw,[status(thm)],[c_0_52, c_0_53])]), ['proof']).
# SZS output end CNFRefutation.
EOF
