% Problem    : COL060-1 : TPTP v6.1.0. Released v1.0.0.
% Command    : eprover --auto-schedule --tstp-format -s --proof-object --memory-limit=2048 --cpu-limit=%d %s
% Computer   : n094.star.cs.uiowa.edu
% Model      : x86_64 x86_64
% CPU        : Intel(R) Xeon(R) CPU E5-2609 0 @ 2.40GHz
% Memory     : 32286.75MB
% OS         : Linux 2.6.32-431.20.3.el6.x86_64
% CPULimit   : 300
% DateTime   : Sun Jul 20 04:48:01 CDT 2014
% CPUTime    : 
# No SInE strategy applied
# Trying AutoSched0 for 151 seconds
# AutoSched0-Mode selected heuristic G_E___207_C18_F1_AE_CS_SP_PS_S0Y
# and selection function SelectMaxLComplexAvoidPosPred.
#
# Presaturation interreduction done

# Proof found!
# SZS status Unsatisfiable
# SZS output start CNFRefutation.
cnf(c_0_0,negated_conjecture,(apply(apply(apply(X1,f(X1)),g(X1)),h(X1))!=apply(g(X1),apply(f(X1),h(X1)))), file('/export/starexec/sandbox/benchmark/theBenchmark.p', prove_q_combinator)).
cnf(c_0_1,axiom,(apply(apply(apply(b,X1),X2),X3)=apply(X1,apply(X2,X3))), file('/export/starexec/sandbox/benchmark/theBenchmark.p', b_definition)).
cnf(c_0_2,axiom,(apply(apply(t,X1),X2)=apply(X2,X1)), file('/export/starexec/sandbox/benchmark/theBenchmark.p', t_definition)).
cnf(c_0_3,negated_conjecture,(apply(apply(apply(X1,apply(X2,f(apply(apply(b,X1),X2)))),g(apply(apply(b,X1),X2))),h(apply(apply(b,X1),X2)))!=apply(g(apply(apply(b,X1),X2)),apply(f(apply(apply(b,X1),X2)),h(apply(apply(b,X1),X2))))), inference(spm,[status(thm)],[c_0_0, c_0_1])).
cnf(c_0_4,negated_conjecture,(apply(apply(apply(apply(X1,f(apply(apply(b,apply(t,X2)),X1))),X2),g(apply(apply(b,apply(t,X2)),X1))),h(apply(apply(b,apply(t,X2)),X1)))!=apply(g(apply(apply(b,apply(t,X2)),X1)),apply(f(apply(apply(b,apply(t,X2)),X1)),h(apply(apply(b,apply(t,X2)),X1))))), inference(spm,[status(thm)],[c_0_3, c_0_2])).
cnf(c_0_5,negated_conjecture,(apply(apply(apply(apply(X1,apply(X2,f(apply(apply(b,apply(t,X3)),apply(apply(b,X1),X2))))),X3),g(apply(apply(b,apply(t,X3)),apply(apply(b,X1),X2)))),h(apply(apply(b,apply(t,X3)),apply(apply(b,X1),X2))))!=apply(g(apply(apply(b,apply(t,X3)),apply(apply(b,X1),X2))),apply(f(apply(apply(b,apply(t,X3)),apply(apply(b,X1),X2))),h(apply(apply(b,apply(t,X3)),apply(apply(b,X1),X2)))))), inference(spm,[status(thm)],[c_0_4, c_0_1])).
cnf(c_0_6,negated_conjecture,(apply(apply(apply(X1,f(apply(apply(b,apply(t,X2)),apply(apply(b,b),X1)))),apply(X2,g(apply(apply(b,apply(t,X2)),apply(apply(b,b),X1))))),h(apply(apply(b,apply(t,X2)),apply(apply(b,b),X1))))!=apply(g(apply(apply(b,apply(t,X2)),apply(apply(b,b),X1))),apply(f(apply(apply(b,apply(t,X2)),apply(apply(b,b),X1))),h(apply(apply(b,apply(t,X2)),apply(apply(b,b),X1)))))), inference(spm,[status(thm)],[c_0_5, c_0_1])).
cnf(c_0_7,negated_conjecture,(apply(apply(apply(X1,g(apply(apply(b,apply(t,X1)),apply(apply(b,b),t)))),f(apply(apply(b,apply(t,X1)),apply(apply(b,b),t)))),h(apply(apply(b,apply(t,X1)),apply(apply(b,b),t))))!=apply(g(apply(apply(b,apply(t,X1)),apply(apply(b,b),t))),apply(f(apply(apply(b,apply(t,X1)),apply(apply(b,b),t))),h(apply(apply(b,apply(t,X1)),apply(apply(b,b),t)))))), inference(spm,[status(thm)],[c_0_6, c_0_2])).
cnf(c_0_8,negated_conjecture,($false), inference(spm,[status(thm)],[c_0_7, c_0_1]), ['proof']).
# SZS output end CNFRefutation.
EOF
