% Problem    : GRP178-1 : TPTP v6.1.0. Bugfixed v1.2.1.
% Command    : eprover --auto-schedule --tstp-format -s --proof-object --memory-limit=2048 --cpu-limit=%d %s
% Computer   : n192.star.cs.uiowa.edu
% Model      : x86_64 x86_64
% CPU        : Intel(R) Xeon(R) CPU E5-2609 0 @ 2.40GHz
% Memory     : 32286.75MB
% OS         : Linux 2.6.32-431.20.3.el6.x86_64
% CPULimit   : 300
% DateTime   : Sun Jul 20 05:45:41 CDT 2014
% CPUTime    : 
# No SInE strategy applied
# Trying AutoSched0 for 151 seconds
# AutoSched0-Mode selected heuristic H_____047_C02_F1_PI_AE_Q12_CS_SP_S2S
# and selection function SelectNewComplexAHP.
#

# Proof found!
# SZS status Unsatisfiable
# SZS output start CNFRefutation.
cnf(c_0_0,axiom,(multiply(multiply(X1,X2),X3)=multiply(X1,multiply(X2,X3))), file('/export/starexec/sandbox/benchmark/Axioms/GRP004-0.ax', associativity)).
cnf(c_0_1,axiom,(multiply(inverse(X1),X1)=identity), file('/export/starexec/sandbox/benchmark/Axioms/GRP004-0.ax', left_inverse)).
cnf(c_0_2,axiom,(multiply(identity,X1)=X1), file('/export/starexec/sandbox/benchmark/Axioms/GRP004-0.ax', left_identity)).
cnf(c_0_3,axiom,(multiply(greatest_lower_bound(X1,X2),X3)=greatest_lower_bound(multiply(X1,X3),multiply(X2,X3))), file('/export/starexec/sandbox/benchmark/Axioms/GRP004-2.ax', monotony_glb2)).
cnf(c_0_4,axiom,(greatest_lower_bound(X1,X2)=greatest_lower_bound(X2,X1)), file('/export/starexec/sandbox/benchmark/Axioms/GRP004-2.ax', symmetry_of_glb)).
cnf(c_0_5,axiom,(multiply(X1,greatest_lower_bound(X2,X3))=greatest_lower_bound(multiply(X1,X2),multiply(X1,X3))), file('/export/starexec/sandbox/benchmark/Axioms/GRP004-2.ax', monotony_glb1)).
cnf(c_0_6,axiom,(least_upper_bound(X1,greatest_lower_bound(X1,X2))=X1), file('/export/starexec/sandbox/benchmark/Axioms/GRP004-2.ax', lub_absorbtion)).
cnf(c_0_7,axiom,(greatest_lower_bound(X1,least_upper_bound(X1,X2))=X1), file('/export/starexec/sandbox/benchmark/Axioms/GRP004-2.ax', glb_absorbtion)).
cnf(c_0_8,hypothesis,(least_upper_bound(identity,b)=b), file('/export/starexec/sandbox/benchmark/theBenchmark.p', p09a_2)).
cnf(c_0_9,hypothesis,(least_upper_bound(identity,c)=c), file('/export/starexec/sandbox/benchmark/theBenchmark.p', p09a_3)).
cnf(c_0_10,axiom,(least_upper_bound(X1,X2)=least_upper_bound(X2,X1)), file('/export/starexec/sandbox/benchmark/Axioms/GRP004-2.ax', symmetry_of_lub)).
cnf(c_0_11,axiom,(least_upper_bound(X1,least_upper_bound(X2,X3))=least_upper_bound(least_upper_bound(X1,X2),X3)), file('/export/starexec/sandbox/benchmark/Axioms/GRP004-2.ax', associativity_of_lub)).
cnf(c_0_12,hypothesis,(least_upper_bound(identity,a)=a), file('/export/starexec/sandbox/benchmark/theBenchmark.p', p09a_1)).
cnf(c_0_13,axiom,(greatest_lower_bound(X1,greatest_lower_bound(X2,X3))=greatest_lower_bound(greatest_lower_bound(X1,X2),X3)), file('/export/starexec/sandbox/benchmark/Axioms/GRP004-2.ax', associativity_of_glb)).
cnf(c_0_14,axiom,(multiply(least_upper_bound(X1,X2),X3)=least_upper_bound(multiply(X1,X3),multiply(X2,X3))), file('/export/starexec/sandbox/benchmark/Axioms/GRP004-2.ax', monotony_lub2)).
cnf(c_0_15,hypothesis,(greatest_lower_bound(a,b)=identity), file('/export/starexec/sandbox/benchmark/theBenchmark.p', p09a_4)).
cnf(c_0_16,negated_conjecture,(greatest_lower_bound(a,multiply(b,c))!=greatest_lower_bound(a,c)), file('/export/starexec/sandbox/benchmark/theBenchmark.p', prove_p09a)).
cnf(c_0_17,plain,(multiply(inverse(X1),multiply(X1,X2))=X2), inference(rw,[status(thm)],[inference(spm,[status(thm)],[c_0_0, c_0_1]), c_0_2])).
cnf(c_0_18,plain,(multiply(inverse(inverse(X1)),identity)=X1), inference(spm,[status(thm)],[c_0_17, c_0_1])).
cnf(c_0_19,plain,(multiply(inverse(inverse(X1)),X2)=multiply(X1,X2)), inference(spm,[status(thm)],[c_0_17, c_0_17])).
cnf(c_0_20,plain,(multiply(X1,identity)=X1), inference(rw,[status(thm)],[c_0_18, c_0_19])).
cnf(c_0_21,plain,(inverse(inverse(X1))=X1), inference(rw,[status(thm)],[inference(spm,[status(thm)],[c_0_19, c_0_20]), c_0_20])).
cnf(c_0_22,plain,(greatest_lower_bound(X1,multiply(X2,X1))=multiply(greatest_lower_bound(X2,identity),X1)), inference(rw,[status(thm)],[inference(spm,[status(thm)],[c_0_3, c_0_2]), c_0_4])).
cnf(c_0_23,plain,(greatest_lower_bound(X1,multiply(X1,X2))=multiply(X1,greatest_lower_bound(identity,X2))), inference(spm,[status(thm)],[c_0_5, c_0_20])).
cnf(c_0_24,plain,(multiply(X1,inverse(X1))=identity), inference(spm,[status(thm)],[c_0_1, c_0_21])).
cnf(c_0_25,plain,(least_upper_bound(X1,multiply(greatest_lower_bound(X2,identity),X1))=X1), inference(spm,[status(thm)],[c_0_6, c_0_22])).
cnf(c_0_26,plain,(multiply(inverse(X1),greatest_lower_bound(identity,X1))=greatest_lower_bound(identity,inverse(X1))), inference(rw,[status(thm)],[inference(spm,[status(thm)],[c_0_23, c_0_1]), c_0_4])).
cnf(c_0_27,hypothesis,(greatest_lower_bound(identity,b)=identity), inference(spm,[status(thm)],[c_0_7, c_0_8])).
cnf(c_0_28,hypothesis,(greatest_lower_bound(identity,c)=identity), inference(spm,[status(thm)],[c_0_7, c_0_9])).
cnf(c_0_29,plain,(multiply(X1,multiply(X2,inverse(multiply(X1,X2))))=identity), inference(spm,[status(thm)],[c_0_0, c_0_24])).
cnf(c_0_30,plain,(greatest_lower_bound(X1,least_upper_bound(X2,X1))=X1), inference(spm,[status(thm)],[c_0_7, c_0_10])).
cnf(c_0_31,plain,(least_upper_bound(X1,multiply(greatest_lower_bound(identity,X2),X1))=X1), inference(spm,[status(thm)],[c_0_25, c_0_4])).
cnf(c_0_32,hypothesis,(greatest_lower_bound(identity,inverse(b))=inverse(b)), inference(rw,[status(thm)],[inference(spm,[status(thm)],[c_0_26, c_0_27]), c_0_20])).
cnf(c_0_33,plain,(least_upper_bound(X1,multiply(X1,greatest_lower_bound(identity,X2)))=X1), inference(spm,[status(thm)],[c_0_6, c_0_23])).
cnf(c_0_34,hypothesis,(greatest_lower_bound(identity,inverse(c))=inverse(c)), inference(rw,[status(thm)],[inference(spm,[status(thm)],[c_0_26, c_0_28]), c_0_20])).
cnf(c_0_35,plain,(multiply(X1,inverse(multiply(X2,X1)))=inverse(X2)), inference(rw,[status(thm)],[inference(spm,[status(thm)],[c_0_17, c_0_29]), c_0_20])).
cnf(c_0_36,plain,(greatest_lower_bound(X1,least_upper_bound(X2,least_upper_bound(X3,X1)))=X1), inference(spm,[status(thm)],[c_0_30, c_0_11])).
cnf(c_0_37,hypothesis,(least_upper_bound(X1,multiply(inverse(b),X1))=X1), inference(spm,[status(thm)],[c_0_31, c_0_32])).
cnf(c_0_38,plain,(multiply(X1,multiply(inverse(X1),X2))=X2), inference(spm,[status(thm)],[c_0_17, c_0_21])).
cnf(c_0_39,hypothesis,(least_upper_bound(X1,multiply(X1,inverse(c)))=X1), inference(spm,[status(thm)],[c_0_33, c_0_34])).
cnf(c_0_40,plain,(multiply(inverse(X1),inverse(X2))=inverse(multiply(X2,X1))), inference(spm,[status(thm)],[c_0_17, c_0_35])).
cnf(c_0_41,plain,(greatest_lower_bound(X1,least_upper_bound(X2,least_upper_bound(X1,X3)))=X1), inference(spm,[status(thm)],[c_0_36, c_0_10])).
cnf(c_0_42,hypothesis,(least_upper_bound(X1,multiply(b,X1))=multiply(b,X1)), inference(rw,[status(thm)],[inference(rw,[status(thm)],[inference(rw,[status(thm)],[inference(spm,[status(thm)],[c_0_37, c_0_38]), c_0_21]), c_0_21]), c_0_10])).
cnf(c_0_43,hypothesis,(least_upper_bound(inverse(X1),inverse(multiply(c,X1)))=inverse(X1)), inference(spm,[status(thm)],[c_0_39, c_0_40])).
cnf(c_0_44,hypothesis,(greatest_lower_bound(identity,a)=identity), inference(spm,[status(thm)],[c_0_7, c_0_12])).
cnf(c_0_45,hypothesis,(greatest_lower_bound(X1,least_upper_bound(X2,multiply(b,X1)))=X1), inference(spm,[status(thm)],[c_0_41, c_0_42])).
cnf(c_0_46,hypothesis,(least_upper_bound(X1,multiply(X1,c))=multiply(X1,c)), inference(rw,[status(thm)],[inference(rw,[status(thm)],[inference(rw,[status(thm)],[inference(rw,[status(thm)],[inference(spm,[status(thm)],[c_0_43, c_0_35]), c_0_21]), c_0_21]), c_0_21]), c_0_10])).
cnf(c_0_47,plain,(least_upper_bound(X1,greatest_lower_bound(X2,X1))=X1), inference(spm,[status(thm)],[c_0_6, c_0_4])).
cnf(c_0_48,hypothesis,(greatest_lower_bound(identity,greatest_lower_bound(a,X1))=greatest_lower_bound(identity,X1)), inference(spm,[status(thm)],[c_0_13, c_0_44])).
cnf(c_0_49,hypothesis,(greatest_lower_bound(X1,least_upper_bound(multiply(b,X1),X2))=X1), inference(spm,[status(thm)],[c_0_45, c_0_10])).
cnf(c_0_50,plain,(greatest_lower_bound(X1,greatest_lower_bound(least_upper_bound(X1,X2),X3))=greatest_lower_bound(X1,X3)), inference(spm,[status(thm)],[c_0_13, c_0_7])).
cnf(c_0_51,plain,(greatest_lower_bound(X1,greatest_lower_bound(X2,X1))=greatest_lower_bound(X1,X2)), inference(rw,[status(thm)],[inference(spm,[status(thm)],[c_0_30, c_0_6]), c_0_13])).
cnf(c_0_52,hypothesis,(greatest_lower_bound(X1,least_upper_bound(X2,multiply(X1,c)))=X1), inference(spm,[status(thm)],[c_0_41, c_0_46])).
cnf(c_0_53,hypothesis,(least_upper_bound(greatest_lower_bound(identity,X1),greatest_lower_bound(a,X1))=greatest_lower_bound(a,X1)), inference(rw,[status(thm)],[inference(spm,[status(thm)],[c_0_47, c_0_48]), c_0_10])).
cnf(c_0_54,hypothesis,(greatest_lower_bound(X1,multiply(b,multiply(X1,c)))=X1), inference(rw,[status(thm)],[inference(spm,[status(thm)],[c_0_49, c_0_46]), c_0_0])).
cnf(c_0_55,plain,(greatest_lower_bound(X1,greatest_lower_bound(X2,least_upper_bound(X1,X3)))=greatest_lower_bound(X1,X2)), inference(rw,[status(thm)],[inference(spm,[status(thm)],[c_0_50, c_0_51]), c_0_50])).
cnf(c_0_56,hypothesis,(greatest_lower_bound(X1,multiply(least_upper_bound(X2,X1),c))=X1), inference(spm,[status(thm)],[c_0_52, c_0_14])).
cnf(c_0_57,hypothesis,(least_upper_bound(identity,greatest_lower_bound(a,multiply(b,c)))=greatest_lower_bound(a,multiply(b,c))), inference(rw,[status(thm)],[inference(rw,[status(thm)],[inference(spm,[status(thm)],[c_0_53, c_0_54]), c_0_2]), c_0_2])).
cnf(c_0_58,hypothesis,(greatest_lower_bound(X1,greatest_lower_bound(X2,multiply(X1,c)))=greatest_lower_bound(X1,X2)), inference(spm,[status(thm)],[c_0_55, c_0_46])).
cnf(c_0_59,hypothesis,($false), inference(sr,[status(thm)],[inference(rw,[status(thm)],[inference(rw,[status(thm)],[inference(rw,[status(thm)],[inference(rw,[status(thm)],[inference(rw,[status(thm)],[inference(rw,[status(thm)],[inference(spm,[status(thm)],[c_0_56, c_0_57]), c_0_13]), c_0_3]), c_0_58]), c_0_4]), c_0_15]), c_0_2]), c_0_16]), ['proof']).
# SZS output end CNFRefutation.
EOF
