% Problem    : GRP193-2 : TPTP v6.1.0. Bugfixed v1.2.1.
% Command    : eprover --auto-schedule --tstp-format -s --proof-object --memory-limit=2048 --cpu-limit=%d %s
% Computer   : n183.star.cs.uiowa.edu
% Model      : x86_64 x86_64
% CPU        : Intel(R) Xeon(R) CPU E5-2609 0 @ 2.40GHz
% Memory     : 32286.75MB
% OS         : Linux 2.6.32-431.20.3.el6.x86_64
% CPULimit   : 300
% DateTime   : Sun Jul 20 03:54:26 CDT 2014
% CPUTime    : 
# No SInE strategy applied
# Trying AutoSched0 for 151 seconds
# AutoSched0-Mode selected heuristic G_E___209_C18_F1_AE_CS_SP_PI_S0Y
# and selection function SelectMaxLComplexAvoidPosPred.
#

# Proof found!
# SZS status Unsatisfiable
# SZS output start CNFRefutation.
cnf(c_0_0,axiom,(multiply(multiply(X1,X2),X3)=multiply(X1,multiply(X2,X3))), file('/export/starexec/sandbox/benchmark/Axioms/GRP004-0.ax', associativity)).
cnf(c_0_1,axiom,(multiply(inverse(X1),X1)=identity), file('/export/starexec/sandbox/benchmark/Axioms/GRP004-0.ax', left_inverse)).
cnf(c_0_2,axiom,(multiply(identity,X1)=X1), file('/export/starexec/sandbox/benchmark/Axioms/GRP004-0.ax', left_identity)).
cnf(c_0_3,axiom,(multiply(X1,least_upper_bound(X2,X3))=least_upper_bound(multiply(X1,X2),multiply(X1,X3))), file('/export/starexec/sandbox/benchmark/Axioms/GRP004-2.ax', monotony_lub1)).
cnf(c_0_4,axiom,(least_upper_bound(X1,greatest_lower_bound(X1,X2))=X1), file('/export/starexec/sandbox/benchmark/Axioms/GRP004-2.ax', lub_absorbtion)).
cnf(c_0_5,axiom,(greatest_lower_bound(X1,X2)=greatest_lower_bound(X2,X1)), file('/export/starexec/sandbox/benchmark/Axioms/GRP004-2.ax', symmetry_of_glb)).
cnf(c_0_6,axiom,(greatest_lower_bound(X1,least_upper_bound(X1,X2))=X1), file('/export/starexec/sandbox/benchmark/Axioms/GRP004-2.ax', glb_absorbtion)).
cnf(c_0_7,hypothesis,(greatest_lower_bound(identity,c)=identity), file('/export/starexec/sandbox/benchmark/theBenchmark.p', p8_9b_3)).
cnf(c_0_8,axiom,(least_upper_bound(X1,X2)=least_upper_bound(X2,X1)), file('/export/starexec/sandbox/benchmark/Axioms/GRP004-2.ax', symmetry_of_lub)).
cnf(c_0_9,axiom,(greatest_lower_bound(X1,greatest_lower_bound(X2,X3))=greatest_lower_bound(greatest_lower_bound(X1,X2),X3)), file('/export/starexec/sandbox/benchmark/Axioms/GRP004-2.ax', associativity_of_glb)).
cnf(c_0_10,axiom,(multiply(greatest_lower_bound(X1,X2),X3)=greatest_lower_bound(multiply(X1,X3),multiply(X2,X3))), file('/export/starexec/sandbox/benchmark/Axioms/GRP004-2.ax', monotony_glb2)).
cnf(c_0_11,hypothesis,(greatest_lower_bound(a,b)=identity), file('/export/starexec/sandbox/benchmark/theBenchmark.p', p8_9b_4)).
cnf(c_0_12,negated_conjecture,(greatest_lower_bound(a,multiply(b,c))!=greatest_lower_bound(a,c)), file('/export/starexec/sandbox/benchmark/theBenchmark.p', prove_p8_9b)).
cnf(c_0_13,plain,(multiply(inverse(X1),multiply(X1,X2))=X2), inference(rw,[status(thm)],[inference(spm,[status(thm)],[c_0_0, c_0_1]), c_0_2])).
cnf(c_0_14,plain,(multiply(inverse(inverse(X1)),identity)=X1), inference(spm,[status(thm)],[c_0_13, c_0_1])).
cnf(c_0_15,plain,(multiply(inverse(inverse(X1)),X2)=multiply(X1,X2)), inference(spm,[status(thm)],[c_0_13, c_0_13])).
cnf(c_0_16,plain,(multiply(X1,identity)=X1), inference(rw,[status(thm)],[c_0_14, c_0_15])).
cnf(c_0_17,plain,(least_upper_bound(X1,multiply(X1,X2))=multiply(X1,least_upper_bound(identity,X2))), inference(spm,[status(thm)],[c_0_3, c_0_16])).
cnf(c_0_18,plain,(least_upper_bound(X1,greatest_lower_bound(X2,X1))=X1), inference(spm,[status(thm)],[c_0_4, c_0_5])).
cnf(c_0_19,plain,(greatest_lower_bound(X1,multiply(X1,least_upper_bound(identity,X2)))=X1), inference(spm,[status(thm)],[c_0_6, c_0_17])).
cnf(c_0_20,hypothesis,(least_upper_bound(identity,c)=c), inference(rw,[status(thm)],[inference(spm,[status(thm)],[c_0_18, c_0_7]), c_0_8])).
cnf(c_0_21,hypothesis,(greatest_lower_bound(X1,multiply(X1,c))=X1), inference(spm,[status(thm)],[c_0_19, c_0_20])).
cnf(c_0_22,hypothesis,(greatest_lower_bound(X1,greatest_lower_bound(multiply(X1,c),X2))=greatest_lower_bound(X1,X2)), inference(spm,[status(thm)],[c_0_9, c_0_21])).
cnf(c_0_23,hypothesis,(greatest_lower_bound(X1,multiply(greatest_lower_bound(X1,X2),c))=greatest_lower_bound(X1,multiply(X2,c))), inference(spm,[status(thm)],[c_0_22, c_0_10])).
cnf(c_0_24,hypothesis,($false), inference(sr,[status(thm)],[inference(rw,[status(thm)],[inference(spm,[status(thm)],[c_0_23, c_0_11]), c_0_2]), c_0_12]), ['proof']).
# SZS output end CNFRefutation.
EOF
