% Problem    : GRP477-1 : TPTP v6.1.0. Released v2.6.0.
% Command    : eprover --auto-schedule --tstp-format -s --proof-object --memory-limit=2048 --cpu-limit=%d %s
% Computer   : n190.star.cs.uiowa.edu
% Model      : x86_64 x86_64
% CPU        : Intel(R) Xeon(R) CPU E5-2609 0 @ 2.40GHz
% Memory     : 32286.75MB
% OS         : Linux 2.6.32-431.20.3.el6.x86_64
% CPULimit   : 300
% DateTime   : Sun Jul 20 05:21:11 CDT 2014
% CPUTime    : 
# No SInE strategy applied
# Trying AutoSched0 for 151 seconds
# AutoSched0-Mode selected heuristic G_E___209_C18_F1_AE_CS_SP_S0Y
# and selection function SelectMaxLComplexAvoidPosPred.
#

# Proof found!
# SZS status Unsatisfiable
# SZS output start CNFRefutation.
cnf(c_0_0,axiom,(divide(inverse(divide(divide(divide(X1,X2),X3),divide(X4,X3))),divide(X2,X1))=X4), file('/export/starexec/sandbox/benchmark/theBenchmark.p', single_axiom)).
cnf(c_0_1,negated_conjecture,(multiply(multiply(a3,b3),c3)!=multiply(a3,multiply(b3,c3))), file('/export/starexec/sandbox/benchmark/theBenchmark.p', prove_these_axioms_3)).
cnf(c_0_2,axiom,(multiply(X1,X2)=divide(X1,inverse(X2))), file('/export/starexec/sandbox/benchmark/theBenchmark.p', multiply)).
cnf(c_0_3,plain,(divide(inverse(divide(divide(divide(X1,X2),divide(X3,X4)),X5)),divide(X2,X1))=inverse(divide(divide(divide(X4,X3),X6),divide(X5,X6)))), inference(spm,[status(thm)],[c_0_0, c_0_0])).
cnf(c_0_4,plain,(divide(inverse(divide(divide(divide(divide(X1,X2),inverse(divide(divide(divide(X2,X1),X3),divide(X4,X3)))),X5),divide(X6,X5))),X4)=X6), inference(spm,[status(thm)],[c_0_0, c_0_0])).
cnf(c_0_5,plain,(divide(inverse(divide(divide(X1,X2),divide(X3,X2))),divide(divide(X4,X5),inverse(divide(divide(divide(X5,X4),X6),divide(X1,X6)))))=X3), inference(spm,[status(thm)],[c_0_0, c_0_0])).
cnf(c_0_6,plain,(inverse(divide(divide(divide(X1,X2),X3),divide(divide(X4,divide(X2,X1)),X3)))=X4), inference(spm,[status(thm)],[c_0_0, c_0_3])).
cnf(c_0_7,plain,(divide(divide(inverse(divide(divide(divide(X1,X2),X3),X4)),divide(X2,X1)),X3)=X4), inference(rw,[status(thm)],[inference(spm,[status(thm)],[c_0_4, c_0_3]), c_0_0])).
cnf(c_0_8,plain,(divide(X1,divide(divide(X2,X3),inverse(divide(divide(divide(X3,X2),X4),divide(divide(X5,X6),X4)))))=divide(X1,divide(X6,X5))), inference(spm,[status(thm)],[c_0_5, c_0_6])).
cnf(c_0_9,plain,(divide(divide(X1,X2),inverse(divide(divide(divide(X2,X1),X3),divide(divide(X4,X5),X3))))=divide(X5,X4)), inference(rw,[status(thm)],[inference(spm,[status(thm)],[c_0_7, c_0_8]), c_0_7])).
cnf(c_0_10,plain,(divide(inverse(divide(divide(X1,X2),divide(X3,inverse(divide(divide(X4,X5),divide(divide(X2,X1),X5)))))),X4)=X3), inference(rw,[status(thm)],[inference(spm,[status(thm)],[c_0_4, c_0_9]), c_0_0])).
cnf(c_0_11,plain,(divide(inverse(divide(divide(X1,X2),divide(X1,X2))),divide(X3,X4))=divide(X4,X3)), inference(spm,[status(thm)],[c_0_10, c_0_9])).
cnf(c_0_12,plain,(divide(inverse(divide(X1,X1)),divide(X2,X3))=divide(X3,X2)), inference(spm,[status(thm)],[c_0_11, c_0_5])).
cnf(c_0_13,plain,(divide(divide(X1,X2),inverse(divide(X3,X3)))=divide(X1,X2)), inference(rw,[status(thm)],[inference(spm,[status(thm)],[c_0_9, c_0_12]), c_0_9])).
cnf(c_0_14,plain,(inverse(divide(divide(X1,X2),divide(X3,X2)))=inverse(divide(divide(X1,X4),divide(X3,X4)))), inference(rw,[status(thm)],[inference(spm,[status(thm)],[c_0_6, c_0_5]), c_0_0])).
cnf(c_0_15,plain,(divide(X1,inverse(divide(X2,X2)))=X1), inference(spm,[status(thm)],[c_0_13, c_0_5])).
cnf(c_0_16,plain,(inverse(divide(divide(X1,X2),divide(X3,X2)))=inverse(divide(X1,X3))), inference(rw,[status(thm)],[inference(spm,[status(thm)],[c_0_14, c_0_15]), c_0_15])).
cnf(c_0_17,plain,(inverse(divide(divide(X1,X2),divide(X3,divide(X2,X1))))=X3), inference(rw,[status(thm)],[inference(spm,[status(thm)],[c_0_6, c_0_15]), c_0_15])).
cnf(c_0_18,plain,(divide(X1,inverse(inverse(divide(X2,X2))))=X1), inference(spm,[status(thm)],[c_0_15, c_0_15])).
cnf(c_0_19,plain,(inverse(divide(inverse(divide(X1,X1)),X2))=X2), inference(rw,[status(thm)],[inference(spm,[status(thm)],[c_0_16, c_0_12]), c_0_17])).
cnf(c_0_20,plain,(divide(X1,inverse(inverse(inverse(divide(X2,X2)))))=X1), inference(spm,[status(thm)],[c_0_15, c_0_18])).
cnf(c_0_21,plain,(inverse(divide(X1,X2))=divide(X2,X1)), inference(spm,[status(thm)],[c_0_19, c_0_12])).
cnf(c_0_22,plain,(divide(X1,divide(X2,X2))=X1), inference(rw,[status(thm)],[inference(rw,[status(thm)],[inference(rw,[status(thm)],[c_0_20, c_0_21]), c_0_21]), c_0_21])).
cnf(c_0_23,plain,(divide(divide(X1,X2),divide(X3,X2))=divide(X1,X3)), inference(rw,[status(thm)],[inference(rw,[status(thm)],[c_0_16, c_0_21]), c_0_21])).
cnf(c_0_24,plain,(divide(divide(X1,X1),X2)=inverse(X2)), inference(spm,[status(thm)],[c_0_21, c_0_22])).
cnf(c_0_25,negated_conjecture,(divide(divide(a3,inverse(b3)),inverse(c3))!=divide(a3,inverse(divide(b3,inverse(c3))))), inference(rw,[status(thm)],[inference(rw,[status(thm)],[inference(rw,[status(thm)],[inference(rw,[status(thm)],[c_0_1, c_0_2]), c_0_2]), c_0_2]), c_0_2])).
cnf(c_0_26,plain,(divide(divide(X1,X2),inverse(X2))=X1), inference(rw,[status(thm)],[inference(spm,[status(thm)],[c_0_23, c_0_24]), c_0_22])).
cnf(c_0_27,negated_conjecture,(divide(divide(a3,inverse(b3)),inverse(c3))!=divide(a3,divide(inverse(c3),b3))), inference(rw,[status(thm)],[c_0_25, c_0_21])).
cnf(c_0_28,plain,(divide(divide(X1,inverse(X2)),X3)=divide(X1,divide(X3,X2))), inference(spm,[status(thm)],[c_0_23, c_0_26])).
cnf(c_0_29,negated_conjecture,($false), inference(cn,[status(thm)],[inference(rw,[status(thm)],[c_0_27, c_0_28])]), ['proof']).
# SZS output end CNFRefutation.
EOF
