% Problem    : GRP701-1 : TPTP v6.1.0. Released v4.0.0.
% Command    : eprover --auto-schedule --tstp-format -s --proof-object --memory-limit=2048 --cpu-limit=%d %s
% Computer   : n143.star.cs.uiowa.edu
% Model      : x86_64 x86_64
% CPU        : Intel(R) Xeon(R) CPU E5-2609 0 @ 2.40GHz
% Memory     : 32286.75MB
% OS         : Linux 2.6.32-431.20.3.el6.x86_64
% CPULimit   : 300
% DateTime   : Sun Jul 20 05:19:56 CDT 2014
% CPUTime    : 
# No SInE strategy applied
# Trying AutoSched0 for 151 seconds
# AutoSched0-Mode selected heuristic G_E___100_C18_F1_PI_AE_Q4_CS_SP_S0Y
# and selection function SelectMaxLComplexAvoidPosPred.
#

# Proof found!
# SZS status Unsatisfiable
# SZS output start CNFRefutation.
cnf(c_0_0,axiom,(mult(mult(mult(X1,X2),X1),mult(X1,X3))=mult(X1,mult(mult(mult(X2,X1),X1),X3))), file('/export/starexec/sandbox/benchmark/theBenchmark.p', c07)).
cnf(c_0_1,axiom,(mult(X1,unit)=X1), file('/export/starexec/sandbox/benchmark/theBenchmark.p', c05)).
cnf(c_0_2,axiom,(mult(unit,X1)=X1), file('/export/starexec/sandbox/benchmark/theBenchmark.p', c06)).
cnf(c_0_3,axiom,(mult(X1,i(X1))=unit), file('/export/starexec/sandbox/benchmark/theBenchmark.p', c09)).
cnf(c_0_4,axiom,(rd(mult(X1,X2),X2)=X1), file('/export/starexec/sandbox/benchmark/theBenchmark.p', c04)).
cnf(c_0_5,axiom,(ld(X1,mult(X1,X2))=X2), file('/export/starexec/sandbox/benchmark/theBenchmark.p', c02)).
cnf(c_0_6,axiom,(mult(i(X1),X1)=unit), file('/export/starexec/sandbox/benchmark/theBenchmark.p', c10)).
cnf(c_0_7,axiom,(mult(mult(X1,X2),mult(X2,mult(X3,X2)))=mult(mult(X1,mult(X2,mult(X2,X3))),X2)), file('/export/starexec/sandbox/benchmark/theBenchmark.p', c08)).
cnf(c_0_8,axiom,(mult(X1,ld(X1,X2))=X2), file('/export/starexec/sandbox/benchmark/theBenchmark.p', c01)).
cnf(c_0_9,axiom,(mult(rd(X1,X2),X2)=X1), file('/export/starexec/sandbox/benchmark/theBenchmark.p', c03)).
cnf(c_0_10,negated_conjecture,(mult(a,i(mult(b,a)))!=i(b)), file('/export/starexec/sandbox/benchmark/theBenchmark.p', goals)).
cnf(c_0_11,plain,(mult(mult(X1,X1),mult(X1,X2))=mult(X1,mult(mult(X1,X1),X2))), inference(rw,[status(thm)],[inference(spm,[status(thm)],[c_0_0, c_0_1]), c_0_2])).
cnf(c_0_12,plain,(mult(mult(mult(X1,X2),X1),X1)=mult(X1,mult(mult(X2,X1),X1))), inference(rw,[status(thm)],[inference(spm,[status(thm)],[c_0_0, c_0_1]), c_0_1])).
cnf(c_0_13,plain,(mult(X1,mult(mult(X1,X1),i(X1)))=mult(X1,X1)), inference(rw,[status(thm)],[inference(spm,[status(thm)],[c_0_11, c_0_3]), c_0_1])).
cnf(c_0_14,plain,(mult(X1,mult(mult(mult(X2,X1),X1),i(X1)))=mult(mult(X1,X2),X1)), inference(rw,[status(thm)],[inference(spm,[status(thm)],[c_0_0, c_0_3]), c_0_1])).
cnf(c_0_15,plain,(mult(mult(X1,X1),X1)=mult(X1,mult(X1,X1))), inference(rw,[status(thm)],[inference(spm,[status(thm)],[c_0_12, c_0_1]), c_0_2])).
cnf(c_0_16,plain,(rd(mult(X1,mult(mult(mult(X2,X1),X1),X3)),mult(X1,X3))=mult(mult(X1,X2),X1)), inference(spm,[status(thm)],[c_0_4, c_0_0])).
cnf(c_0_17,plain,(mult(mult(X1,X1),i(X1))=X1), inference(rw,[status(thm)],[inference(spm,[status(thm)],[c_0_5, c_0_13]), c_0_5])).
cnf(c_0_18,plain,(rd(X1,X1)=unit), inference(spm,[status(thm)],[c_0_4, c_0_2])).
cnf(c_0_19,plain,(ld(i(X1),unit)=X1), inference(spm,[status(thm)],[c_0_5, c_0_6])).
cnf(c_0_20,plain,(ld(X1,unit)=i(X1)), inference(spm,[status(thm)],[c_0_5, c_0_3])).
cnf(c_0_21,plain,(mult(mult(X1,mult(X2,X2)),X2)=mult(mult(X1,X2),mult(X2,X2))), inference(rw,[status(thm)],[inference(spm,[status(thm)],[c_0_7, c_0_1]), c_0_2])).
cnf(c_0_22,plain,(mult(X1,mult(mult(X1,mult(X1,X1)),i(X1)))=mult(X1,mult(X1,X1))), inference(rw,[status(thm)],[inference(spm,[status(thm)],[c_0_14, c_0_15]), c_0_15])).
cnf(c_0_23,plain,(mult(mult(i(X1),mult(X1,X1)),i(X1))=unit), inference(rw,[status(thm)],[inference(rw,[status(thm)],[inference(rw,[status(thm)],[inference(spm,[status(thm)],[c_0_16, c_0_17]), c_0_3]), c_0_2]), c_0_18])).
cnf(c_0_24,plain,(rd(unit,X1)=i(X1)), inference(spm,[status(thm)],[c_0_4, c_0_6])).
cnf(c_0_25,plain,(i(i(X1))=X1), inference(rw,[status(thm)],[c_0_19, c_0_20])).
cnf(c_0_26,plain,(mult(mult(i(mult(X1,X1)),X1),mult(X1,X1))=X1), inference(rw,[status(thm)],[inference(spm,[status(thm)],[c_0_21, c_0_6]), c_0_2])).
cnf(c_0_27,plain,(mult(mult(X1,mult(X1,X1)),i(X1))=mult(X1,X1)), inference(rw,[status(thm)],[inference(spm,[status(thm)],[c_0_5, c_0_22]), c_0_5])).
cnf(c_0_28,plain,(mult(i(X1),mult(X1,X1))=X1), inference(rw,[status(thm)],[inference(rw,[status(thm)],[inference(spm,[status(thm)],[c_0_4, c_0_23]), c_0_24]), c_0_25])).
cnf(c_0_29,plain,(rd(X1,mult(X1,X1))=mult(i(mult(X1,X1)),X1)), inference(spm,[status(thm)],[c_0_4, c_0_26])).
cnf(c_0_30,plain,(rd(X1,i(X1))=mult(X1,X1)), inference(spm,[status(thm)],[c_0_4, c_0_17])).
cnf(c_0_31,plain,(mult(mult(i(X1),mult(X1,mult(X1,X1))),i(X1))=X1), inference(rw,[status(thm)],[inference(rw,[status(thm)],[inference(rw,[status(thm)],[inference(spm,[status(thm)],[c_0_14, c_0_27]), c_0_17]), c_0_25]), c_0_28])).
cnf(c_0_32,plain,(mult(i(mult(X1,X1)),X1)=i(X1)), inference(rw,[status(thm)],[inference(spm,[status(thm)],[c_0_4, c_0_28]), c_0_29])).
cnf(c_0_33,plain,(rd(i(X1),X1)=mult(i(X1),i(X1))), inference(spm,[status(thm)],[c_0_30, c_0_25])).
cnf(c_0_34,plain,(mult(i(X1),mult(X1,X2))=mult(X1,mult(i(X1),X2))), inference(rw,[status(thm)],[inference(rw,[status(thm)],[inference(spm,[status(thm)],[c_0_0, c_0_31]), c_0_27]), c_0_17])).
cnf(c_0_35,plain,(mult(mult(X1,mult(X1,X2)),X1)=mult(X1,mult(X1,mult(X2,X1)))), inference(rw,[status(thm)],[inference(spm,[status(thm)],[c_0_7, c_0_2]), c_0_2])).
cnf(c_0_36,plain,(mult(i(X1),i(X1))=i(mult(X1,X1))), inference(rw,[status(thm)],[inference(spm,[status(thm)],[c_0_4, c_0_32]), c_0_33])).
cnf(c_0_37,plain,(mult(X1,mult(X1,mult(mult(i(X1),X2),X1)))=mult(X1,mult(X2,X1))), inference(rw,[status(thm)],[inference(rw,[status(thm)],[inference(rw,[status(thm)],[inference(rw,[status(thm)],[inference(spm,[status(thm)],[c_0_7, c_0_34]), c_0_34]), c_0_35]), c_0_6]), c_0_2])).
cnf(c_0_38,plain,(mult(X1,i(mult(X1,X1)))=i(X1)), inference(rw,[status(thm)],[inference(spm,[status(thm)],[c_0_28, c_0_36]), c_0_25])).
cnf(c_0_39,plain,(mult(X1,mult(mult(i(X1),X2),X1))=mult(X2,X1)), inference(rw,[status(thm)],[inference(spm,[status(thm)],[c_0_5, c_0_37]), c_0_5])).
cnf(c_0_40,plain,(mult(X1,mult(i(X1),i(mult(X1,X1))))=i(mult(X1,X1))), inference(rw,[status(thm)],[inference(spm,[status(thm)],[c_0_34, c_0_38]), c_0_36])).
cnf(c_0_41,plain,(mult(mult(i(X1),i(mult(X1,X1))),X1)=i(mult(X1,X1))), inference(rw,[status(thm)],[inference(rw,[status(thm)],[inference(spm,[status(thm)],[c_0_27, c_0_25]), c_0_36]), c_0_36])).
cnf(c_0_42,plain,(mult(ld(i(X1),X2),X1)=mult(X1,mult(X2,X1))), inference(spm,[status(thm)],[c_0_39, c_0_8])).
cnf(c_0_43,plain,(mult(mult(X1,i(X2)),X2)=mult(mult(X1,X2),i(X2))), inference(rw,[status(thm)],[inference(rw,[status(thm)],[inference(rw,[status(thm)],[inference(spm,[status(thm)],[c_0_7, c_0_40]), c_0_38]), c_0_41]), c_0_38])).
cnf(c_0_44,plain,(rd(mult(X1,mult(X2,X1)),X1)=ld(i(X1),X2)), inference(spm,[status(thm)],[c_0_4, c_0_42])).
cnf(c_0_45,plain,(mult(i(X1),mult(mult(mult(X2,X1),i(X1)),i(X1)))=mult(mult(i(X1),X2),i(X1))), inference(rw,[status(thm)],[inference(rw,[status(thm)],[inference(rw,[status(thm)],[inference(spm,[status(thm)],[c_0_0, c_0_6]), c_0_1]), c_0_43]), c_0_43])).
cnf(c_0_46,plain,(ld(X1,mult(mult(X2,X1),i(X1)))=mult(i(X1),X2)), inference(rw,[status(thm)],[inference(rw,[status(thm)],[inference(spm,[status(thm)],[c_0_44, c_0_45]), c_0_4]), c_0_25])).
cnf(c_0_47,plain,(rd(mult(mult(X1,X2),i(X2)),X2)=mult(X1,i(X2))), inference(spm,[status(thm)],[c_0_4, c_0_43])).
cnf(c_0_48,plain,(mult(mult(X1,X2),i(X2))=mult(X2,mult(i(X2),X1))), inference(spm,[status(thm)],[c_0_8, c_0_46])).
cnf(c_0_49,plain,(rd(mult(X1,i(X2)),X2)=mult(rd(X1,X2),i(X2))), inference(spm,[status(thm)],[c_0_47, c_0_9])).
cnf(c_0_50,plain,(mult(X1,mult(i(X1),rd(X2,X1)))=mult(X2,i(X1))), inference(spm,[status(thm)],[c_0_48, c_0_9])).
cnf(c_0_51,plain,(rd(mult(X1,X2),i(X2))=mult(rd(X1,i(X2)),X2)), inference(spm,[status(thm)],[c_0_49, c_0_25])).
cnf(c_0_52,plain,(mult(mult(X1,mult(X2,i(X1))),X1)=mult(X1,X2)), inference(rw,[status(thm)],[inference(rw,[status(thm)],[inference(spm,[status(thm)],[c_0_35, c_0_50]), c_0_39]), c_0_9])).
cnf(c_0_53,plain,(rd(mult(X1,mult(i(X1),X2)),X1)=mult(X2,i(X1))), inference(rw,[status(thm)],[inference(rw,[status(thm)],[inference(rw,[status(thm)],[inference(spm,[status(thm)],[c_0_51, c_0_48]), c_0_25]), c_0_25]), c_0_4])).
cnf(c_0_54,plain,(rd(mult(X1,X2),X1)=mult(X1,mult(X2,i(X1)))), inference(spm,[status(thm)],[c_0_4, c_0_52])).
cnf(c_0_55,plain,(mult(ld(X1,X2),i(X1))=mult(i(X1),mult(X2,i(X1)))), inference(spm,[status(thm)],[c_0_42, c_0_25])).
cnf(c_0_56,plain,(mult(X1,rd(X2,i(X1)))=mult(mult(X1,X2),X1)), inference(spm,[status(thm)],[c_0_52, c_0_9])).
cnf(c_0_57,plain,(ld(X1,mult(X2,X1))=mult(mult(i(X1),X2),X1)), inference(spm,[status(thm)],[c_0_5, c_0_39])).
cnf(c_0_58,plain,(mult(X1,mult(mult(i(X1),X2),i(X1)))=mult(X2,i(X1))), inference(rw,[status(thm)],[c_0_53, c_0_54])).
cnf(c_0_59,plain,(mult(X1,mult(i(X1),mult(X2,i(X1))))=rd(X2,X1)), inference(rw,[status(thm)],[inference(spm,[status(thm)],[c_0_54, c_0_8]), c_0_55])).
cnf(c_0_60,plain,(mult(mult(i(X1),mult(X2,i(X1))),X1)=mult(i(X1),X2)), inference(rw,[status(thm)],[inference(rw,[status(thm)],[inference(rw,[status(thm)],[inference(spm,[status(thm)],[c_0_48, c_0_55]), c_0_25]), c_0_25]), c_0_8])).
cnf(c_0_61,plain,(mult(mult(X1,mult(i(X1),X2)),X1)=rd(X2,i(X1))), inference(rw,[status(thm)],[inference(rw,[status(thm)],[inference(spm,[status(thm)],[c_0_5, c_0_56]), c_0_57]), c_0_34])).
cnf(c_0_62,plain,(mult(i(X1),mult(mult(X1,X2),X1))=mult(X2,X1)), inference(spm,[status(thm)],[c_0_58, c_0_25])).
cnf(c_0_63,plain,(mult(X1,mult(mult(mult(i(X1),X2),X1),X3))=mult(X2,mult(X1,X3))), inference(rw,[status(thm)],[inference(rw,[status(thm)],[inference(spm,[status(thm)],[c_0_0, c_0_59]), c_0_9]), c_0_60])).
cnf(c_0_64,plain,(rd(mult(X1,X2),i(X1))=mult(X1,mult(X2,X1))), inference(rw,[status(thm)],[inference(rw,[status(thm)],[inference(spm,[status(thm)],[c_0_61, c_0_34]), c_0_35]), c_0_39])).
cnf(c_0_65,plain,(mult(ld(X1,X2),X1)=mult(i(X1),mult(X2,X1))), inference(spm,[status(thm)],[c_0_62, c_0_8])).
cnf(c_0_66,plain,(mult(X1,mult(X1,mult(i(X1),X2)))=ld(i(X1),X2)), inference(rw,[status(thm)],[inference(rw,[status(thm)],[c_0_44, c_0_54]), c_0_48])).
cnf(c_0_67,plain,(mult(X1,mult(X2,i(mult(mult(i(X2),X1),X2))))=X2), inference(rw,[status(thm)],[inference(spm,[status(thm)],[c_0_63, c_0_3]), c_0_1])).
cnf(c_0_68,plain,(mult(X1,mult(i(X1),mult(X2,X1)))=rd(X2,i(X1))), inference(rw,[status(thm)],[inference(spm,[status(thm)],[c_0_64, c_0_8]), c_0_65])).
cnf(c_0_69,plain,(mult(mult(i(mult(X1,mult(X1,X2))),X1),mult(X1,mult(X2,X1)))=X1), inference(rw,[status(thm)],[inference(spm,[status(thm)],[c_0_7, c_0_6]), c_0_2])).
cnf(c_0_70,plain,(mult(X1,mult(i(X1),mult(i(X1),X2)))=ld(X1,X2)), inference(rw,[status(thm)],[inference(rw,[status(thm)],[inference(spm,[status(thm)],[c_0_66, c_0_25]), c_0_34]), c_0_34])).
cnf(c_0_71,plain,(mult(mult(i(X1),mult(X2,X1)),i(X1))=mult(i(X1),X2)), inference(spm,[status(thm)],[c_0_52, c_0_25])).
cnf(c_0_72,plain,(mult(mult(X1,mult(X2,i(X1))),mult(X1,i(X2)))=X1), inference(rw,[status(thm)],[inference(rw,[status(thm)],[inference(rw,[status(thm)],[inference(spm,[status(thm)],[c_0_67, c_0_68]), c_0_25]), c_0_25]), c_0_9])).
cnf(c_0_73,plain,(mult(mult(X1,mult(X2,mult(X3,i(X2)))),X2)=mult(mult(X1,X2),X3)), inference(rw,[status(thm)],[inference(rw,[status(thm)],[inference(spm,[status(thm)],[c_0_7, c_0_50]), c_0_39]), c_0_9])).
cnf(c_0_74,plain,(mult(mult(i(X1),X2),mult(mult(i(X2),X1),X2))=X2), inference(rw,[status(thm)],[inference(rw,[status(thm)],[inference(spm,[status(thm)],[c_0_69, c_0_70]), c_0_8]), c_0_39])).
cnf(c_0_75,plain,(mult(mult(i(X1),X2),i(X1))=mult(i(X1),rd(X2,X1))), inference(spm,[status(thm)],[c_0_71, c_0_9])).
cnf(c_0_76,plain,(mult(mult(X1,mult(i(X2),i(X1))),mult(X1,X2))=X1), inference(spm,[status(thm)],[c_0_72, c_0_25])).
cnf(c_0_77,plain,(mult(X1,ld(i(X1),X2))=mult(mult(X1,X1),X2)), inference(rw,[status(thm)],[inference(rw,[status(thm)],[inference(rw,[status(thm)],[inference(spm,[status(thm)],[c_0_35, c_0_73]), c_0_43]), c_0_48]), c_0_66])).
cnf(c_0_78,plain,(ld(mult(i(X1),X2),X2)=mult(mult(i(X2),X1),X2)), inference(spm,[status(thm)],[c_0_5, c_0_74])).
cnf(c_0_79,plain,(mult(mult(X1,mult(X2,i(X3))),X3)=mult(mult(X1,X3),mult(i(X3),X2))), inference(rw,[status(thm)],[inference(spm,[status(thm)],[c_0_73, c_0_75]), c_0_50])).
cnf(c_0_80,plain,(mult(X1,mult(i(X2),i(X1)))=rd(X1,mult(X1,X2))), inference(spm,[status(thm)],[c_0_4, c_0_76])).
cnf(c_0_81,plain,(mult(mult(X1,X1),mult(i(X1),X2))=mult(X1,X2)), inference(spm,[status(thm)],[c_0_77, c_0_5])).
cnf(c_0_82,plain,(mult(mult(i(X1),i(X2)),X1)=ld(mult(X2,X1),X1)), inference(spm,[status(thm)],[c_0_78, c_0_25])).
cnf(c_0_83,plain,(mult(rd(X1,mult(X1,X2)),X1)=mult(X1,i(X2))), inference(rw,[status(thm)],[inference(spm,[status(thm)],[c_0_79, c_0_80]), c_0_81])).
cnf(c_0_84,plain,(mult(X1,ld(mult(X2,X1),X1))=mult(i(X2),X1)), inference(spm,[status(thm)],[c_0_39, c_0_82])).
cnf(c_0_85,plain,(mult(X1,i(ld(X1,X2)))=mult(rd(X1,X2),X1)), inference(spm,[status(thm)],[c_0_83, c_0_8])).
cnf(c_0_86,plain,(mult(i(rd(X1,X2)),X2)=mult(X2,ld(X1,X2))), inference(spm,[status(thm)],[c_0_84, c_0_9])).
cnf(c_0_87,plain,(mult(mult(X1,X1),mult(i(mult(X1,X1)),X2))=X2), inference(rw,[status(thm)],[inference(rw,[status(thm)],[inference(rw,[status(thm)],[inference(spm,[status(thm)],[c_0_81, c_0_77]), c_0_36]), c_0_25]), c_0_8])).
cnf(c_0_88,plain,(mult(rd(X1,mult(rd(X1,X2),X1)),X1)=X2), inference(rw,[status(thm)],[inference(rw,[status(thm)],[inference(spm,[status(thm)],[c_0_83, c_0_85]), c_0_25]), c_0_8])).
cnf(c_0_89,plain,(rd(X1,ld(X2,X1))=X2), inference(spm,[status(thm)],[c_0_4, c_0_8])).
cnf(c_0_90,plain,(mult(X1,mult(ld(X2,X1),i(X1)))=i(rd(X2,X1))), inference(rw,[status(thm)],[inference(spm,[status(thm)],[c_0_4, c_0_86]), c_0_54])).
cnf(c_0_91,plain,(ld(mult(X1,X1),X2)=mult(i(mult(X1,X1)),X2)), inference(spm,[status(thm)],[c_0_5, c_0_87])).
cnf(c_0_92,plain,(mult(mult(i(X1),rd(X2,X1)),X1)=ld(X1,X2)), inference(spm,[status(thm)],[c_0_57, c_0_9])).
cnf(c_0_93,plain,(mult(rd(X1,mult(X2,X1)),X1)=ld(X2,X1)), inference(spm,[status(thm)],[c_0_88, c_0_89])).
cnf(c_0_94,plain,(rd(X1,mult(mult(i(X1),X2),X1))=mult(i(X2),X1)), inference(spm,[status(thm)],[c_0_4, c_0_74])).
cnf(c_0_95,plain,(ld(i(X1),i(mult(X2,X2)))=i(rd(mult(X2,X2),X1))), inference(rw,[status(thm)],[inference(rw,[status(thm)],[inference(spm,[status(thm)],[c_0_90, c_0_91]), c_0_48]), c_0_66])).
cnf(c_0_96,plain,(mult(i(mult(X1,X1)),mult(X1,mult(X1,X1)))=X1), inference(rw,[status(thm)],[inference(rw,[status(thm)],[inference(rw,[status(thm)],[inference(rw,[status(thm)],[inference(spm,[status(thm)],[c_0_34, c_0_32]), c_0_25]), c_0_17]), c_0_25]), c_0_15])).
cnf(c_0_97,plain,(mult(mult(i(mult(X1,mult(X2,i(X1)))),X1),X2)=X1), inference(rw,[status(thm)],[inference(rw,[status(thm)],[inference(spm,[status(thm)],[c_0_69, c_0_92]), c_0_50]), c_0_8])).
cnf(c_0_98,plain,(mult(X1,ld(mult(X1,ld(X2,X1)),X1))=X2), inference(rw,[status(thm)],[inference(rw,[status(thm)],[inference(spm,[status(thm)],[c_0_84, c_0_86]), c_0_25]), c_0_9])).
cnf(c_0_99,plain,(ld(rd(X1,X2),X1)=X2), inference(spm,[status(thm)],[c_0_5, c_0_9])).
cnf(c_0_100,plain,(ld(mult(i(X1),X2),X1)=mult(mult(i(X2),X1),X1)), inference(spm,[status(thm)],[c_0_93, c_0_94])).
cnf(c_0_101,plain,(rd(mult(i(X1),X2),X1)=mult(i(X1),mult(X2,i(X1)))), inference(spm,[status(thm)],[c_0_4, c_0_60])).
cnf(c_0_102,plain,(mult(i(X1),i(rd(mult(X2,X2),X1)))=i(mult(X2,X2))), inference(spm,[status(thm)],[c_0_8, c_0_95])).
cnf(c_0_103,plain,(rd(X1,mult(X1,mult(X1,X1)))=i(mult(X1,X1))), inference(spm,[status(thm)],[c_0_4, c_0_96])).
cnf(c_0_104,plain,(rd(mult(X1,X1),i(X1))=mult(X1,mult(X1,X1))), inference(spm,[status(thm)],[c_0_4, c_0_27])).
cnf(c_0_105,plain,(mult(i(mult(X1,mult(X2,i(X1)))),X1)=rd(X1,X2)), inference(spm,[status(thm)],[c_0_4, c_0_97])).
cnf(c_0_106,plain,(mult(X1,ld(mult(X1,X2),X1))=rd(X1,X2)), inference(spm,[status(thm)],[c_0_98, c_0_99])).
cnf(c_0_107,plain,(i(mult(i(X1),mult(X2,i(X1))))=mult(mult(X1,i(X2)),X1)), inference(rw,[status(thm)],[inference(rw,[status(thm)],[inference(rw,[status(thm)],[inference(rw,[status(thm)],[inference(spm,[status(thm)],[c_0_90, c_0_100]), c_0_48]), c_0_68]), c_0_56]), c_0_101])).
cnf(c_0_108,plain,(mult(i(ld(X1,mult(X2,X2))),i(X1))=i(mult(X2,X2))), inference(spm,[status(thm)],[c_0_102, c_0_89])).
cnf(c_0_109,plain,(ld(i(mult(X1,X1)),X2)=mult(mult(X1,X1),X2)), inference(spm,[status(thm)],[c_0_66, c_0_87])).
cnf(c_0_110,plain,(mult(X1,mult(mult(mult(i(X1),mult(X2,X1)),X1),X3))=mult(mult(X2,X1),mult(X1,X3))), inference(rw,[status(thm)],[inference(spm,[status(thm)],[c_0_0, c_0_8]), c_0_65])).
cnf(c_0_111,plain,(mult(i(X1),mult(mult(X1,X1),X2))=mult(X1,X2)), inference(rw,[status(thm)],[inference(spm,[status(thm)],[c_0_62, c_0_73]), c_0_52])).
cnf(c_0_112,plain,(mult(i(mult(X1,mult(X1,X1))),X1)=i(mult(X1,X1))), inference(rw,[status(thm)],[inference(rw,[status(thm)],[inference(rw,[status(thm)],[inference(rw,[status(thm)],[inference(rw,[status(thm)],[inference(rw,[status(thm)],[inference(rw,[status(thm)],[inference(spm,[status(thm)],[c_0_94, c_0_40]), c_0_36]), c_0_25]), c_0_15]), c_0_103]), c_0_25]), c_0_36]), c_0_25])).
cnf(c_0_113,plain,(rd(i(mult(X1,X1)),X1)=mult(i(X1),i(mult(X1,X1)))), inference(rw,[status(thm)],[inference(rw,[status(thm)],[inference(spm,[status(thm)],[c_0_104, c_0_25]), c_0_36]), c_0_36])).
cnf(c_0_114,plain,(rd(X1,rd(X2,i(X1)))=mult(i(mult(X1,X2)),X1)), inference(spm,[status(thm)],[c_0_105, c_0_9])).
cnf(c_0_115,plain,(rd(X1,mult(i(X2),i(X1)))=mult(X1,mult(X1,X2))), inference(rw,[status(thm)],[inference(spm,[status(thm)],[c_0_106, c_0_80]), c_0_99])).
cnf(c_0_116,plain,(ld(X1,ld(i(X1),X2))=mult(X1,mult(i(X1),X2))), inference(spm,[status(thm)],[c_0_5, c_0_66])).
cnf(c_0_117,plain,(i(mult(i(X1),i(mult(X2,X2))))=mult(mult(X2,X2),X1)), inference(rw,[status(thm)],[inference(rw,[status(thm)],[inference(spm,[status(thm)],[c_0_107, c_0_108]), c_0_25]), c_0_8])).
cnf(c_0_118,plain,(i(rd(i(mult(X1,X1)),X2))=ld(i(X2),mult(X1,X1))), inference(rw,[status(thm)],[inference(rw,[status(thm)],[inference(spm,[status(thm)],[c_0_90, c_0_109]), c_0_48]), c_0_66])).
cnf(c_0_119,plain,(mult(i(mult(X1,X1)),mult(X1,X2))=mult(X1,mult(i(mult(X1,X1)),X2))), inference(rw,[status(thm)],[inference(spm,[status(thm)],[c_0_110, c_0_41]), c_0_41])).
cnf(c_0_120,plain,(mult(X1,mult(i(mult(X1,X1)),X2))=mult(i(X1),X2)), inference(rw,[status(thm)],[inference(spm,[status(thm)],[c_0_111, c_0_36]), c_0_25])).
cnf(c_0_121,plain,(mult(i(X1),i(mult(X1,X1)))=i(mult(X1,mult(X1,X1)))), inference(rw,[status(thm)],[inference(spm,[status(thm)],[c_0_4, c_0_112]), c_0_113])).
cnf(c_0_122,plain,(mult(X1,rd(i(X1),X2))=mult(i(mult(X1,X2)),X1)), inference(rw,[status(thm)],[inference(rw,[status(thm)],[inference(rw,[status(thm)],[inference(spm,[status(thm)],[c_0_80, c_0_105]), c_0_25]), c_0_68]), c_0_114])).
cnf(c_0_123,plain,(rd(X1,mult(X2,i(X1)))=mult(X1,mult(X1,i(X2)))), inference(spm,[status(thm)],[c_0_115, c_0_25])).
cnf(c_0_124,plain,(mult(mult(X1,X1),ld(X1,X2))=ld(i(X1),X2)), inference(rw,[status(thm)],[inference(rw,[status(thm)],[inference(rw,[status(thm)],[inference(rw,[status(thm)],[inference(spm,[status(thm)],[c_0_77, c_0_116]), c_0_25]), c_0_34]), c_0_66]), c_0_25])).
cnf(c_0_125,plain,(ld(i(X1),mult(X2,X2))=mult(X1,mult(X2,X2))), inference(rw,[status(thm)],[inference(rw,[status(thm)],[inference(rw,[status(thm)],[inference(spm,[status(thm)],[c_0_117, c_0_105]), c_0_118]), c_0_25]), c_0_87])).
cnf(c_0_126,plain,(mult(i(mult(X1,X1)),mult(X1,X2))=mult(i(X1),X2)), inference(rw,[status(thm)],[c_0_119, c_0_120])).
cnf(c_0_127,plain,(mult(mult(mult(i(X1),X2),X1),X1)=mult(i(X1),mult(mult(X2,X1),X1))), inference(spm,[status(thm)],[c_0_62, c_0_39])).
cnf(c_0_128,plain,(mult(mult(X1,X2),rd(X3,i(X2)))=mult(mult(X1,mult(X2,X3)),X2)), inference(rw,[status(thm)],[inference(rw,[status(thm)],[inference(spm,[status(thm)],[c_0_7, c_0_8]), c_0_65]), c_0_68])).
cnf(c_0_129,plain,(rd(i(mult(X1,mult(X1,X1))),i(X1))=i(mult(X1,X1))), inference(rw,[status(thm)],[inference(spm,[status(thm)],[c_0_68, c_0_112]), c_0_40])).
cnf(c_0_130,plain,(mult(X1,i(mult(X1,mult(X1,X1))))=i(mult(X1,X1))), inference(rw,[status(thm)],[c_0_40, c_0_121])).
cnf(c_0_131,plain,(mult(i(mult(X1,mult(X2,X1))),X1)=ld(X1,i(X2))), inference(rw,[status(thm)],[inference(rw,[status(thm)],[inference(spm,[status(thm)],[c_0_122, c_0_123]), c_0_70]), c_0_25])).
cnf(c_0_132,plain,(ld(X1,mult(X2,X2))=mult(i(X1),mult(X2,X2))), inference(rw,[status(thm)],[inference(rw,[status(thm)],[inference(rw,[status(thm)],[inference(spm,[status(thm)],[c_0_124, c_0_125]), c_0_36]), c_0_126]), c_0_25])).
cnf(c_0_133,plain,(rd(X1,mult(X2,X2))=mult(X1,i(mult(X2,X2)))), inference(spm,[status(thm)],[c_0_50, c_0_87])).
cnf(c_0_134,plain,(mult(mult(X1,i(X2)),X2)=mult(X2,mult(i(X2),X1))), inference(rw,[status(thm)],[c_0_43, c_0_48])).
cnf(c_0_135,plain,(mult(rd(X1,i(X2)),X2)=mult(X1,mult(X2,X2))), inference(rw,[status(thm)],[inference(rw,[status(thm)],[inference(spm,[status(thm)],[c_0_63, c_0_127]), c_0_68]), c_0_51])).
cnf(c_0_136,plain,(mult(mult(X1,i(mult(X2,X2))),X2)=mult(mult(X1,X2),i(mult(X2,X2)))), inference(rw,[status(thm)],[inference(spm,[status(thm)],[c_0_128, c_0_129]), c_0_130])).
cnf(c_0_137,plain,(rd(X1,rd(X2,X1))=mult(mult(X1,X1),i(X2))), inference(rw,[status(thm)],[inference(rw,[status(thm)],[inference(spm,[status(thm)],[c_0_80, c_0_131]), c_0_77]), c_0_59])).
cnf(c_0_138,plain,(i(mult(X1,i(mult(X2,X2))))=mult(mult(X2,X2),i(X1))), inference(rw,[status(thm)],[inference(rw,[status(thm)],[inference(rw,[status(thm)],[inference(spm,[status(thm)],[c_0_90, c_0_132]), c_0_48]), c_0_87]), c_0_133])).
cnf(c_0_139,plain,(mult(mult(X1,X2),i(mult(X2,X2)))=mult(X1,i(X2))), inference(rw,[status(thm)],[inference(rw,[status(thm)],[inference(rw,[status(thm)],[inference(rw,[status(thm)],[inference(spm,[status(thm)],[c_0_134, c_0_135]), c_0_36]), c_0_136]), c_0_25]), c_0_50])).
cnf(c_0_140,plain,(mult(mult(X1,X1),i(mult(X2,X1)))=rd(X1,X2)), inference(spm,[status(thm)],[c_0_137, c_0_4])).
cnf(c_0_141,plain,(i(mult(X1,i(X2)))=rd(X2,X1)), inference(rw,[status(thm)],[inference(spm,[status(thm)],[c_0_138, c_0_139]), c_0_140])).
cnf(c_0_142,plain,(mult(i(mult(X1,X2)),X1)=i(X2)), inference(rw,[status(thm)],[inference(spm,[status(thm)],[c_0_141, c_0_9]), c_0_114])).
cnf(c_0_143,plain,(mult(X1,i(mult(X2,X1)))=i(X2)), inference(rw,[status(thm)],[inference(spm,[status(thm)],[c_0_142, c_0_142]), c_0_25])).
cnf(c_0_144,negated_conjecture,($false), inference(cn,[status(thm)],[inference(rw,[status(thm)],[c_0_10, c_0_143])]), ['proof']).
# SZS output end CNFRefutation.
EOF
