% Problem    : GRP431-1 : TPTP v6.1.0. Released v2.6.0.
% Command    : eprover --auto-schedule --tstp-format -s --proof-object --memory-limit=2048 --cpu-limit=%d %s
% Computer   : n179.star.cs.uiowa.edu
% Model      : x86_64 x86_64
% CPU        : Intel(R) Xeon(R) CPU E5-2609 0 @ 2.40GHz
% Memory     : 32286.75MB
% OS         : Linux 2.6.32-431.20.3.el6.x86_64
% CPULimit   : 300
% DateTime   : Sun Jul 20 03:57:01 CDT 2014
% CPUTime    : 
# No SInE strategy applied
# Trying AutoSched0 for 151 seconds
# AutoSched0-Mode selected heuristic G_E___209_C18_F1_AE_CS_SP_PI_S0Y
# and selection function SelectMaxLComplexAvoidPosPred.
#

# Proof found!
# SZS status Unsatisfiable
# SZS output start CNFRefutation.
cnf(c_0_0,axiom,(multiply(X1,inverse(multiply(X2,multiply(multiply(multiply(X3,inverse(X3)),inverse(multiply(X4,X2))),X1))))=X4), file('/export/starexec/sandbox/benchmark/theBenchmark.p', single_axiom)).
cnf(c_0_1,negated_conjecture,(multiply(multiply(inverse(b2),b2),a2)!=a2), file('/export/starexec/sandbox/benchmark/theBenchmark.p', prove_these_axioms_2)).
cnf(c_0_2,plain,(multiply(X1,inverse(multiply(multiply(multiply(multiply(X2,inverse(X2)),inverse(multiply(X3,X4))),multiply(X5,inverse(X5))),multiply(X3,X1))))=X4), inference(spm,[status(thm)],[c_0_0, c_0_0])).
cnf(c_0_3,plain,(multiply(X1,inverse(multiply(multiply(X2,multiply(X3,inverse(X3))),multiply(X4,X1))))=multiply(multiply(multiply(X5,inverse(X5)),inverse(multiply(X2,X4))),multiply(X6,inverse(X6)))), inference(spm,[status(thm)],[c_0_0, c_0_2])).
cnf(c_0_4,plain,(multiply(multiply(X1,inverse(X1)),inverse(multiply(X2,multiply(X3,inverse(multiply(multiply(X4,multiply(X5,inverse(X5))),multiply(X2,X3)))))))=X4), inference(spm,[status(thm)],[c_0_0, c_0_3])).
cnf(c_0_5,plain,(multiply(multiply(X1,inverse(X1)),inverse(multiply(X2,X3)))=multiply(multiply(X4,inverse(X4)),inverse(multiply(X2,X3)))), inference(spm,[status(thm)],[c_0_4, c_0_2])).
cnf(c_0_6,plain,(multiply(X1,inverse(X1))=multiply(X2,inverse(X2))), inference(rw,[status(thm)],[inference(spm,[status(thm)],[c_0_0, c_0_5]), c_0_0])).
cnf(c_0_7,plain,(multiply(X1,inverse(multiply(multiply(multiply(X2,inverse(X2)),multiply(X3,inverse(X3))),multiply(X4,X1))))=inverse(X4)), inference(spm,[status(thm)],[c_0_2, c_0_6])).
cnf(c_0_8,plain,(multiply(multiply(multiply(X1,inverse(X1)),inverse(multiply(multiply(X2,inverse(X2)),X3))),multiply(X4,inverse(X4)))=inverse(X3)), inference(spm,[status(thm)],[c_0_3, c_0_7])).
cnf(c_0_9,plain,(multiply(X1,inverse(multiply(inverse(X2),multiply(multiply(X3,inverse(X3)),X1))))=X2), inference(spm,[status(thm)],[c_0_0, c_0_6])).
cnf(c_0_10,plain,(multiply(X1,inverse(multiply(multiply(X2,inverse(multiply(multiply(X3,multiply(X4,inverse(X4))),multiply(X5,X2)))),multiply(X3,X1))))=X5), inference(spm,[status(thm)],[c_0_2, c_0_3])).
cnf(c_0_11,plain,(multiply(multiply(multiply(X1,inverse(X1)),inverse(inverse(X2))),multiply(X3,inverse(X3)))=X2), inference(rw,[status(thm)],[inference(rw,[status(thm)],[inference(spm,[status(thm)],[c_0_3, c_0_8]), c_0_8]), c_0_9])).
cnf(c_0_12,plain,(multiply(X1,inverse(multiply(inverse(inverse(multiply(X2,inverse(X2)))),multiply(X3,X1))))=inverse(X3)), inference(spm,[status(thm)],[c_0_7, c_0_8])).
cnf(c_0_13,plain,(multiply(multiply(X1,inverse(X1)),inverse(multiply(multiply(X2,inverse(multiply(X3,multiply(X4,X2)))),X3)))=X4), inference(rw,[status(thm)],[inference(spm,[status(thm)],[c_0_10, c_0_11]), c_0_11])).
cnf(c_0_14,plain,(multiply(inverse(X1),inverse(multiply(inverse(inverse(multiply(X2,inverse(X2)))),multiply(X3,inverse(X3)))))=inverse(X1)), inference(spm,[status(thm)],[c_0_12, c_0_6])).
cnf(c_0_15,plain,(inverse(multiply(multiply(X1,inverse(X1)),inverse(multiply(X2,inverse(inverse(multiply(X3,inverse(X3))))))))=X2), inference(spm,[status(thm)],[c_0_0, c_0_12])).
cnf(c_0_16,plain,(multiply(multiply(X1,inverse(X1)),inverse(inverse(multiply(X2,multiply(X3,inverse(X3))))))=X2), inference(rw,[status(thm)],[inference(spm,[status(thm)],[c_0_13, c_0_3]), c_0_7])).
cnf(c_0_17,plain,(multiply(X1,inverse(multiply(inverse(inverse(multiply(X2,inverse(X2)))),multiply(X3,inverse(X3)))))=X1), inference(spm,[status(thm)],[c_0_14, c_0_15])).
cnf(c_0_18,plain,(multiply(inverse(inverse(multiply(X1,multiply(X2,inverse(X2))))),inverse(multiply(inverse(X3),X1)))=X3), inference(rw,[status(thm)],[inference(spm,[status(thm)],[c_0_2, c_0_16]), c_0_8])).
cnf(c_0_19,plain,(multiply(X1,inverse(X1))=multiply(inverse(inverse(multiply(X2,inverse(X2)))),multiply(X3,inverse(X3)))), inference(spm,[status(thm)],[c_0_6, c_0_17])).
cnf(c_0_20,plain,(inverse(inverse(multiply(inverse(inverse(X1)),multiply(X2,inverse(X2)))))=X1), inference(rw,[status(thm)],[inference(spm,[status(thm)],[c_0_18, c_0_19]), c_0_17])).
cnf(c_0_21,plain,(multiply(multiply(X1,inverse(X1)),X2)=inverse(inverse(X2))), inference(spm,[status(thm)],[c_0_16, c_0_20])).
cnf(c_0_22,plain,(inverse(multiply(X1,inverse(X1)))=multiply(X2,inverse(X2))), inference(rw,[status(thm)],[inference(spm,[status(thm)],[c_0_17, c_0_21]), c_0_20])).
cnf(c_0_23,plain,(multiply(X1,inverse(multiply(X2,inverse(X2))))=X1), inference(rw,[status(thm)],[inference(spm,[status(thm)],[c_0_0, c_0_19]), c_0_15])).
cnf(c_0_24,plain,(inverse(inverse(inverse(inverse(X1))))=X1), inference(rw,[status(thm)],[inference(spm,[status(thm)],[c_0_20, c_0_22]), c_0_23])).
cnf(c_0_25,plain,(multiply(X1,inverse(multiply(X2,multiply(X3,X1))))=multiply(X4,inverse(multiply(X2,multiply(X3,X4))))), inference(spm,[status(thm)],[c_0_0, c_0_13])).
cnf(c_0_26,plain,(multiply(X1,inverse(multiply(inverse(inverse(inverse(X2))),X2)))=X1), inference(spm,[status(thm)],[c_0_23, c_0_24])).
cnf(c_0_27,plain,(multiply(X1,inverse(multiply(X2,multiply(X3,X1))))=multiply(inverse(X3),inverse(X2))), inference(rw,[status(thm)],[inference(spm,[status(thm)],[c_0_25, c_0_22]), c_0_23])).
cnf(c_0_28,plain,(multiply(inverse(X1),multiply(X1,X2))=X2), inference(rw,[status(thm)],[inference(spm,[status(thm)],[c_0_26, c_0_27]), c_0_24])).
cnf(c_0_29,plain,(multiply(X1,multiply(X2,inverse(X2)))=X1), inference(rw,[status(thm)],[inference(spm,[status(thm)],[c_0_18, c_0_22]), c_0_20])).
cnf(c_0_30,plain,(multiply(inverse(inverse(X1)),X2)=multiply(X1,X2)), inference(spm,[status(thm)],[c_0_28, c_0_28])).
cnf(c_0_31,plain,(inverse(inverse(X1))=X1), inference(rw,[status(thm)],[inference(spm,[status(thm)],[c_0_29, c_0_30]), c_0_29])).
cnf(c_0_32,plain,(multiply(multiply(X1,inverse(X1)),X2)=X2), inference(rw,[status(thm)],[c_0_21, c_0_31])).
cnf(c_0_33,plain,(multiply(multiply(inverse(X1),X1),X2)=X2), inference(spm,[status(thm)],[c_0_32, c_0_31])).
cnf(c_0_34,negated_conjecture,($false), inference(cn,[status(thm)],[inference(rw,[status(thm)],[c_0_1, c_0_33])]), ['proof']).
# SZS output end CNFRefutation.
EOF
