% Problem    : REL028-2 : TPTP v6.1.0. Released v4.0.0.
% Command    : eprover --auto-schedule --tstp-format -s --proof-object --memory-limit=2048 --cpu-limit=%d %s
% Computer   : n125.star.cs.uiowa.edu
% Model      : x86_64 x86_64
% CPU        : Intel(R) Xeon(R) CPU E5-2609 0 @ 2.40GHz
% Memory     : 32286.75MB
% OS         : Linux 2.6.32-431.20.3.el6.x86_64
% CPULimit   : 300
% DateTime   : Sun Jul 20 06:23:06 CDT 2014
% CPUTime    : 
# No SInE strategy applied
# Trying AutoSched0 for 151 seconds
# AutoSched0-Mode selected heuristic H_____047_B31_F1_PI_AE_R4_CS_SP_S4d
# and selection function SelectCQIPrecWNTNp.
#

# Proof found!
# SZS status Unsatisfiable
# SZS output start CNFRefutation.
cnf(c_0_0,axiom,(converse(composition(X1,X2))=composition(converse(X2),converse(X1))), file('/export/starexec/sandbox/benchmark/Axioms/REL001-0.ax', converse_multiplicativity_10)).
cnf(c_0_1,axiom,(composition(X1,one)=X1), file('/export/starexec/sandbox/benchmark/Axioms/REL001-0.ax', composition_identity_6)).
cnf(c_0_2,axiom,(converse(converse(X1))=X1), file('/export/starexec/sandbox/benchmark/Axioms/REL001-0.ax', converse_idempotence_8)).
cnf(c_0_3,axiom,(join(composition(converse(X1),complement(composition(X1,X2))),complement(X2))=complement(X2)), file('/export/starexec/sandbox/benchmark/Axioms/REL001-0.ax', converse_cancellativity_11)).
cnf(c_0_4,axiom,(join(X1,X2)=join(X2,X1)), file('/export/starexec/sandbox/benchmark/Axioms/REL001-0.ax', maddux1_join_commutativity_1)).
cnf(c_0_5,axiom,(zero=meet(X1,complement(X1))), file('/export/starexec/sandbox/benchmark/Axioms/REL001-0.ax', def_zero_13)).
cnf(c_0_6,axiom,(meet(X1,X2)=complement(join(complement(X1),complement(X2)))), file('/export/starexec/sandbox/benchmark/Axioms/REL001-0.ax', maddux4_definiton_of_meet_4)).
cnf(c_0_7,axiom,(top=join(X1,complement(X1))), file('/export/starexec/sandbox/benchmark/Axioms/REL001-0.ax', def_top_12)).
cnf(c_0_8,axiom,(X1=join(complement(join(complement(X1),complement(X2))),complement(join(complement(X1),X2)))), file('/export/starexec/sandbox/benchmark/Axioms/REL001-0.ax', maddux3_a_kind_of_de_Morgan_3)).
cnf(c_0_9,axiom,(join(X1,join(X2,X3))=join(join(X1,X2),X3)), file('/export/starexec/sandbox/benchmark/Axioms/REL001-0.ax', maddux2_join_associativity_2)).
cnf(c_0_10,axiom,(converse(join(X1,X2))=join(converse(X1),converse(X2))), file('/export/starexec/sandbox/benchmark/Axioms/REL001-0.ax', converse_additivity_9)).
cnf(c_0_11,negated_conjecture,(join(sk1,one)=one), file('/export/starexec/sandbox/benchmark/theBenchmark.p', goals_17)).
cnf(c_0_12,axiom,(composition(join(X1,X2),X3)=join(composition(X1,X3),composition(X2,X3))), file('/export/starexec/sandbox/benchmark/Axioms/REL001-0.ax', composition_distributivity_7)).
cnf(c_0_13,negated_conjecture,(join(sk2,one)=one), file('/export/starexec/sandbox/benchmark/theBenchmark.p', goals_18)).
cnf(c_0_14,axiom,(join(meet(composition(X1,X2),X3),composition(meet(X1,composition(X3,converse(X2))),meet(X2,composition(converse(X1),X3))))=composition(meet(X1,composition(X3,converse(X2))),meet(X2,composition(converse(X1),X3)))), file('/export/starexec/sandbox/benchmark/Axioms/REL001-1.ax', dedekind_law_14)).
cnf(c_0_15,axiom,(composition(X1,composition(X2,X3))=composition(composition(X1,X2),X3)), file('/export/starexec/sandbox/benchmark/Axioms/REL001-0.ax', composition_associativity_5)).
cnf(c_0_16,axiom,(join(meet(composition(X1,X2),X3),meet(composition(X1,meet(X2,composition(converse(X1),X3))),X3))=meet(composition(X1,meet(X2,composition(converse(X1),X3))),X3)), file('/export/starexec/sandbox/benchmark/Axioms/REL001-1.ax', modular_law_1_15)).
cnf(c_0_17,negated_conjecture,(composition(sk1,sk2)!=meet(sk1,sk2)), file('/export/starexec/sandbox/benchmark/theBenchmark.p', goals_19)).
cnf(c_0_18,plain,(composition(converse(one),converse(X1))=converse(X1)), inference(spm,[status(thm)],[c_0_0, c_0_1])).
cnf(c_0_19,plain,(composition(converse(one),X1)=X1), inference(spm,[status(thm)],[c_0_18, c_0_2])).
cnf(c_0_20,plain,(converse(one)=one), inference(spm,[status(thm)],[c_0_1, c_0_19])).
cnf(c_0_21,plain,(join(complement(X1),composition(converse(X2),complement(composition(X2,X1))))=complement(X1)), inference(rw,[status(thm)],[c_0_3, c_0_4])).
cnf(c_0_22,plain,(composition(one,X1)=X1), inference(rw,[status(thm)],[c_0_19, c_0_20])).
cnf(c_0_23,plain,(complement(join(complement(X1),complement(complement(X1))))=zero), inference(rw,[status(thm)],[c_0_5, c_0_6])).
cnf(c_0_24,plain,(join(complement(X1),complement(X1))=complement(X1)), inference(rw,[status(thm)],[inference(rw,[status(thm)],[inference(spm,[status(thm)],[c_0_21, c_0_22]), c_0_20]), c_0_22])).
cnf(c_0_25,plain,(complement(top)=zero), inference(rw,[status(thm)],[c_0_23, c_0_7])).
cnf(c_0_26,plain,(join(zero,zero)=zero), inference(spm,[status(thm)],[c_0_24, c_0_25])).
cnf(c_0_27,plain,(join(complement(join(complement(X1),X2)),complement(join(complement(X1),complement(X2))))=X1), inference(rw,[status(thm)],[c_0_8, c_0_4])).
cnf(c_0_28,plain,(join(zero,join(zero,X1))=join(zero,X1)), inference(spm,[status(thm)],[c_0_9, c_0_26])).
cnf(c_0_29,plain,(join(zero,complement(complement(X1)))=X1), inference(rw,[status(thm)],[inference(rw,[status(thm)],[inference(rw,[status(thm)],[inference(spm,[status(thm)],[c_0_27, c_0_24]), c_0_7]), c_0_25]), c_0_4])).
cnf(c_0_30,plain,(join(zero,X1)=X1), inference(spm,[status(thm)],[c_0_28, c_0_29])).
cnf(c_0_31,plain,(complement(complement(X1))=X1), inference(rw,[status(thm)],[c_0_29, c_0_30])).
cnf(c_0_32,plain,(join(X1,X1)=X1), inference(spm,[status(thm)],[c_0_24, c_0_31])).
cnf(c_0_33,negated_conjecture,(join(converse(sk1),converse(one))=converse(one)), inference(spm,[status(thm)],[c_0_10, c_0_11])).
cnf(c_0_34,plain,(join(X1,join(X1,X2))=join(X1,X2)), inference(spm,[status(thm)],[c_0_9, c_0_32])).
cnf(c_0_35,negated_conjecture,(join(one,converse(sk1))=one), inference(rw,[status(thm)],[inference(rw,[status(thm)],[inference(rw,[status(thm)],[c_0_33, c_0_20]), c_0_4]), c_0_20])).
cnf(c_0_36,plain,(join(X1,complement(join(complement(X1),X2)))=X1), inference(rw,[status(thm)],[inference(spm,[status(thm)],[c_0_34, c_0_27]), c_0_4])).
cnf(c_0_37,plain,(join(X1,join(X2,X1))=join(X2,X1)), inference(spm,[status(thm)],[c_0_34, c_0_4])).
cnf(c_0_38,negated_conjecture,(join(X1,composition(converse(sk1),X1))=X1), inference(rw,[status(thm)],[inference(rw,[status(thm)],[inference(spm,[status(thm)],[c_0_12, c_0_35]), c_0_22]), c_0_22])).
cnf(c_0_39,plain,(join(X1,complement(join(X2,complement(X1))))=X1), inference(spm,[status(thm)],[c_0_36, c_0_37])).
cnf(c_0_40,negated_conjecture,(join(one,join(converse(sk1),X1))=join(one,X1)), inference(spm,[status(thm)],[c_0_9, c_0_35])).
cnf(c_0_41,negated_conjecture,(join(X1,composition(sk1,X1))=X1), inference(rw,[status(thm)],[inference(rw,[status(thm)],[inference(rw,[status(thm)],[inference(spm,[status(thm)],[c_0_12, c_0_11]), c_0_22]), c_0_4]), c_0_22])).
cnf(c_0_42,negated_conjecture,(join(converse(sk2),converse(one))=converse(one)), inference(spm,[status(thm)],[c_0_10, c_0_13])).
cnf(c_0_43,negated_conjecture,(join(converse(X1),composition(converse(X1),sk1))=converse(X1)), inference(rw,[status(thm)],[inference(rw,[status(thm)],[inference(spm,[status(thm)],[c_0_10, c_0_38]), c_0_0]), c_0_2])).
cnf(c_0_44,plain,(join(complement(X1),complement(join(X2,X1)))=complement(X1)), inference(spm,[status(thm)],[c_0_39, c_0_31])).
cnf(c_0_45,negated_conjecture,(join(one,composition(sk1,converse(sk1)))=one), inference(rw,[status(thm)],[inference(spm,[status(thm)],[c_0_40, c_0_41]), c_0_35])).
cnf(c_0_46,negated_conjecture,(join(one,converse(sk2))=one), inference(rw,[status(thm)],[inference(rw,[status(thm)],[inference(rw,[status(thm)],[c_0_42, c_0_20]), c_0_4]), c_0_20])).
cnf(c_0_47,negated_conjecture,(join(X1,join(composition(sk1,X1),X2))=join(X1,X2)), inference(spm,[status(thm)],[c_0_9, c_0_41])).
cnf(c_0_48,negated_conjecture,(join(X1,composition(X1,sk1))=X1), inference(spm,[status(thm)],[c_0_43, c_0_2])).
cnf(c_0_49,plain,(join(complement(join(complement(composition(X1,X2)),complement(X3))),composition(complement(join(complement(X1),complement(composition(X3,converse(X2))))),complement(join(complement(X2),complement(composition(converse(X1),X3))))))=composition(complement(join(complement(X1),complement(composition(X3,converse(X2))))),complement(join(complement(X2),complement(composition(converse(X1),X3)))))), inference(rw,[status(thm)],[inference(rw,[status(thm)],[inference(rw,[status(thm)],[inference(rw,[status(thm)],[inference(rw,[status(thm)],[c_0_14, c_0_6]), c_0_6]), c_0_6]), c_0_6]), c_0_6])).
cnf(c_0_50,negated_conjecture,(join(complement(one),complement(composition(sk1,converse(sk1))))=complement(composition(sk1,converse(sk1)))), inference(rw,[status(thm)],[inference(spm,[status(thm)],[c_0_44, c_0_45]), c_0_4])).
cnf(c_0_51,negated_conjecture,(join(X1,composition(sk1,composition(converse(sk1),X1)))=X1), inference(rw,[status(thm)],[inference(rw,[status(thm)],[inference(rw,[status(thm)],[inference(spm,[status(thm)],[c_0_12, c_0_45]), c_0_22]), c_0_22]), c_0_15])).
cnf(c_0_52,negated_conjecture,(join(one,join(converse(sk2),X1))=join(one,X1)), inference(spm,[status(thm)],[c_0_9, c_0_46])).
cnf(c_0_53,negated_conjecture,(join(X1,composition(sk1,composition(X1,sk1)))=X1), inference(rw,[status(thm)],[inference(rw,[status(thm)],[inference(spm,[status(thm)],[c_0_47, c_0_48]), c_0_41]), c_0_15])).
cnf(c_0_54,negated_conjecture,(composition(sk1,composition(converse(sk1),sk1))=sk1), inference(rw,[status(thm)],[inference(rw,[status(thm)],[inference(rw,[status(thm)],[inference(rw,[status(thm)],[inference(rw,[status(thm)],[inference(rw,[status(thm)],[inference(rw,[status(thm)],[inference(rw,[status(thm)],[inference(rw,[status(thm)],[inference(rw,[status(thm)],[inference(rw,[status(thm)],[inference(rw,[status(thm)],[inference(rw,[status(thm)],[inference(rw,[status(thm)],[inference(rw,[status(thm)],[inference(rw,[status(thm)],[inference(spm,[status(thm)],[c_0_49, c_0_50]), c_0_22]), c_0_32]), c_0_31]), c_0_31]), c_0_20]), c_0_22]), c_0_32]), c_0_31]), c_0_15]), c_0_51]), c_0_31]), c_0_20]), c_0_22]), c_0_32]), c_0_31]), c_0_15])).
cnf(c_0_55,negated_conjecture,(join(one,composition(converse(sk1),converse(sk2)))=one), inference(rw,[status(thm)],[inference(spm,[status(thm)],[c_0_52, c_0_38]), c_0_46])).
cnf(c_0_56,negated_conjecture,(join(sk1,converse(sk1))=converse(sk1)), inference(rw,[status(thm)],[inference(spm,[status(thm)],[c_0_53, c_0_54]), c_0_4])).
cnf(c_0_57,plain,(join(complement(join(complement(composition(X1,X2)),complement(X3))),complement(join(complement(composition(X1,complement(join(complement(X2),complement(composition(converse(X1),X3)))))),complement(X3))))=complement(join(complement(composition(X1,complement(join(complement(X2),complement(composition(converse(X1),X3)))))),complement(X3)))), inference(rw,[status(thm)],[inference(rw,[status(thm)],[inference(rw,[status(thm)],[inference(rw,[status(thm)],[inference(rw,[status(thm)],[c_0_16, c_0_6]), c_0_6]), c_0_6]), c_0_6]), c_0_6])).
cnf(c_0_58,negated_conjecture,(join(X1,composition(sk2,X1))=X1), inference(rw,[status(thm)],[inference(rw,[status(thm)],[inference(rw,[status(thm)],[inference(spm,[status(thm)],[c_0_12, c_0_13]), c_0_22]), c_0_4]), c_0_22])).
cnf(c_0_59,negated_conjecture,(join(one,composition(sk2,sk1))=one), inference(rw,[status(thm)],[inference(rw,[status(thm)],[inference(rw,[status(thm)],[inference(rw,[status(thm)],[inference(rw,[status(thm)],[inference(spm,[status(thm)],[c_0_10, c_0_55]), c_0_20]), c_0_20]), c_0_0]), c_0_2]), c_0_2])).
cnf(c_0_60,negated_conjecture,(converse(sk1)=sk1), inference(rw,[status(thm)],[inference(rw,[status(thm)],[inference(rw,[status(thm)],[inference(rw,[status(thm)],[inference(spm,[status(thm)],[c_0_10, c_0_56]), c_0_2]), c_0_2]), c_0_4]), c_0_56])).
cnf(c_0_61,plain,(join(complement(join(complement(composition(X1,X2)),complement(X3))),complement(join(complement(X3),complement(composition(X1,complement(join(complement(X2),complement(composition(converse(X1),X3)))))))))=complement(join(complement(X3),complement(composition(X1,complement(join(complement(X2),complement(composition(converse(X1),X3))))))))), inference(rw,[status(thm)],[inference(rw,[status(thm)],[c_0_57, c_0_4]), c_0_4])).
cnf(c_0_62,plain,(join(complement(X1),complement(join(X1,X2)))=complement(X1)), inference(spm,[status(thm)],[c_0_36, c_0_31])).
cnf(c_0_63,negated_conjecture,(join(one,composition(sk2,converse(sk2)))=one), inference(rw,[status(thm)],[inference(spm,[status(thm)],[c_0_52, c_0_58]), c_0_46])).
cnf(c_0_64,plain,(join(X1,top)=top), inference(spm,[status(thm)],[c_0_34, c_0_7])).
cnf(c_0_65,negated_conjecture,(join(one,join(composition(sk2,sk1),X1))=join(one,X1)), inference(spm,[status(thm)],[c_0_9, c_0_59])).
cnf(c_0_66,negated_conjecture,(composition(sk1,composition(sk1,sk1))=sk1), inference(rw,[status(thm)],[c_0_54, c_0_60])).
cnf(c_0_67,plain,(join(complement(join(complement(X1),complement(X2))),complement(join(complement(X2),complement(composition(X1,complement(join(complement(one),complement(composition(converse(X1),X2)))))))))=complement(join(complement(X2),complement(composition(X1,complement(join(complement(one),complement(composition(converse(X1),X2))))))))), inference(spm,[status(thm)],[c_0_61, c_0_1])).
cnf(c_0_68,negated_conjecture,(join(complement(sk2),complement(one))=complement(sk2)), inference(spm,[status(thm)],[c_0_62, c_0_13])).
cnf(c_0_69,negated_conjecture,(join(complement(one),complement(converse(sk2)))=complement(converse(sk2))), inference(rw,[status(thm)],[inference(spm,[status(thm)],[c_0_44, c_0_46]), c_0_4])).
cnf(c_0_70,negated_conjecture,(join(complement(one),complement(composition(sk2,converse(sk2))))=complement(composition(sk2,converse(sk2)))), inference(rw,[status(thm)],[inference(spm,[status(thm)],[c_0_44, c_0_63]), c_0_4])).
cnf(c_0_71,plain,(join(top,X1)=top), inference(spm,[status(thm)],[c_0_4, c_0_64])).
cnf(c_0_72,negated_conjecture,(join(sk2,join(one,X1))=join(one,X1)), inference(spm,[status(thm)],[c_0_9, c_0_13])).
cnf(c_0_73,negated_conjecture,(join(one,composition(sk1,composition(sk2,sk1)))=one), inference(rw,[status(thm)],[inference(spm,[status(thm)],[c_0_65, c_0_41]), c_0_59])).
cnf(c_0_74,negated_conjecture,(composition(sk1,sk1)=sk1), inference(rw,[status(thm)],[inference(rw,[status(thm)],[inference(spm,[status(thm)],[c_0_41, c_0_66]), c_0_4]), c_0_41])).
cnf(c_0_75,negated_conjecture,(join(sk2,composition(sk2,converse(sk2)))=composition(sk2,converse(sk2))), inference(rw,[status(thm)],[inference(rw,[status(thm)],[inference(rw,[status(thm)],[inference(rw,[status(thm)],[inference(rw,[status(thm)],[inference(rw,[status(thm)],[inference(rw,[status(thm)],[inference(rw,[status(thm)],[inference(rw,[status(thm)],[inference(rw,[status(thm)],[inference(rw,[status(thm)],[inference(spm,[status(thm)],[c_0_67, c_0_68]), c_0_31]), c_0_1]), c_0_69]), c_0_31]), c_0_70]), c_0_31]), c_0_1]), c_0_69]), c_0_31]), c_0_70]), c_0_31])).
cnf(c_0_76,plain,(join(X1,join(complement(join(complement(X1),X2)),X3))=join(X1,X3)), inference(spm,[status(thm)],[c_0_9, c_0_36])).
cnf(c_0_77,plain,(join(complement(join(X1,complement(X2))),complement(join(complement(X2),complement(X1))))=X2), inference(spm,[status(thm)],[c_0_27, c_0_4])).
cnf(c_0_78,plain,(join(X1,join(complement(X1),X2))=top), inference(rw,[status(thm)],[inference(spm,[status(thm)],[c_0_9, c_0_7]), c_0_71])).
cnf(c_0_79,negated_conjecture,(join(sk2,join(X1,one))=join(X1,one)), inference(spm,[status(thm)],[c_0_72, c_0_4])).
cnf(c_0_80,plain,(join(complement(join(complement(composition(converse(X1),X2)),complement(X3))),complement(join(complement(X3),complement(composition(converse(X1),complement(join(complement(X2),complement(composition(X1,X3)))))))))=complement(join(complement(X3),complement(composition(converse(X1),complement(join(complement(X2),complement(composition(X1,X3))))))))), inference(spm,[status(thm)],[c_0_61, c_0_2])).
cnf(c_0_81,negated_conjecture,(join(complement(one),complement(composition(sk1,composition(sk2,sk1))))=complement(composition(sk1,composition(sk2,sk1)))), inference(rw,[status(thm)],[inference(spm,[status(thm)],[c_0_44, c_0_73]), c_0_4])).
cnf(c_0_82,negated_conjecture,(join(complement(X1),complement(composition(sk2,X1)))=complement(composition(sk2,X1))), inference(rw,[status(thm)],[inference(spm,[status(thm)],[c_0_44, c_0_58]), c_0_4])).
cnf(c_0_83,negated_conjecture,(composition(sk1,composition(sk1,X1))=composition(sk1,X1)), inference(spm,[status(thm)],[c_0_15, c_0_74])).
cnf(c_0_84,negated_conjecture,(join(complement(X1),complement(composition(sk1,X1)))=complement(composition(sk1,X1))), inference(rw,[status(thm)],[inference(spm,[status(thm)],[c_0_44, c_0_41]), c_0_4])).
cnf(c_0_85,negated_conjecture,(composition(sk2,converse(sk2))=converse(sk2)), inference(rw,[status(thm)],[inference(rw,[status(thm)],[inference(rw,[status(thm)],[inference(rw,[status(thm)],[inference(rw,[status(thm)],[inference(spm,[status(thm)],[c_0_10, c_0_75]), c_0_0]), c_0_2]), c_0_0]), c_0_2]), c_0_58])).
cnf(c_0_86,plain,(join(X1,complement(join(complement(X2),X1)))=join(X1,X2)), inference(rw,[status(thm)],[inference(spm,[status(thm)],[c_0_76, c_0_77]), c_0_31])).
cnf(c_0_87,plain,(join(X1,join(X2,complement(join(X1,X2))))=top), inference(spm,[status(thm)],[c_0_7, c_0_9])).
cnf(c_0_88,plain,(join(X1,join(X2,X3))=join(X2,join(X1,X3))), inference(rw,[status(thm)],[inference(spm,[status(thm)],[c_0_9, c_0_4]), c_0_9])).
cnf(c_0_89,negated_conjecture,(join(one,complement(sk2))=top), inference(rw,[status(thm)],[inference(spm,[status(thm)],[c_0_78, c_0_79]), c_0_4])).
cnf(c_0_90,negated_conjecture,(composition(sk1,composition(sk2,sk1))=composition(sk2,sk1)), inference(rw,[status(thm)],[inference(rw,[status(thm)],[inference(rw,[status(thm)],[inference(rw,[status(thm)],[inference(rw,[status(thm)],[inference(rw,[status(thm)],[inference(rw,[status(thm)],[inference(rw,[status(thm)],[inference(rw,[status(thm)],[inference(rw,[status(thm)],[inference(rw,[status(thm)],[inference(rw,[status(thm)],[inference(rw,[status(thm)],[inference(rw,[status(thm)],[inference(rw,[status(thm)],[inference(spm,[status(thm)],[c_0_80, c_0_81]), c_0_1]), c_0_60]), c_0_82]), c_0_31]), c_0_60]), c_0_31]), c_0_83]), c_0_84]), c_0_31]), c_0_41]), c_0_60]), c_0_31]), c_0_83]), c_0_84]), c_0_31])).
cnf(c_0_91,negated_conjecture,(converse(sk2)=sk2), inference(rw,[status(thm)],[inference(rw,[status(thm)],[inference(rw,[status(thm)],[inference(spm,[status(thm)],[c_0_0, c_0_85]), c_0_2]), c_0_2]), c_0_85])).
cnf(c_0_92,plain,(join(X1,complement(join(X2,X1)))=join(X1,complement(X2))), inference(spm,[status(thm)],[c_0_86, c_0_31])).
cnf(c_0_93,plain,(join(X1,join(X2,complement(join(X2,X1))))=top), inference(spm,[status(thm)],[c_0_87, c_0_4])).
cnf(c_0_94,plain,(join(X1,zero)=X1), inference(spm,[status(thm)],[c_0_4, c_0_30])).
cnf(c_0_95,negated_conjecture,(join(X1,join(X2,composition(X1,sk1)))=join(X2,X1)), inference(spm,[status(thm)],[c_0_88, c_0_48])).
cnf(c_0_96,negated_conjecture,(join(X1,composition(complement(sk2),X1))=composition(top,X1)), inference(rw,[status(thm)],[inference(spm,[status(thm)],[c_0_12, c_0_89]), c_0_22])).
cnf(c_0_97,negated_conjecture,(join(X1,join(composition(X1,sk1),X2))=join(X1,X2)), inference(spm,[status(thm)],[c_0_9, c_0_48])).
cnf(c_0_98,plain,(join(composition(X1,X2),composition(complement(X1),X2))=composition(top,X2)), inference(spm,[status(thm)],[c_0_12, c_0_7])).
cnf(c_0_99,negated_conjecture,(composition(sk2,sk1)=composition(sk1,sk2)), inference(rw,[status(thm)],[inference(rw,[status(thm)],[inference(rw,[status(thm)],[inference(rw,[status(thm)],[inference(rw,[status(thm)],[inference(rw,[status(thm)],[inference(rw,[status(thm)],[inference(rw,[status(thm)],[inference(rw,[status(thm)],[inference(spm,[status(thm)],[c_0_0, c_0_90]), c_0_0]), c_0_60]), c_0_91]), c_0_0]), c_0_60]), c_0_91]), c_0_60]), c_0_15]), c_0_90])).
cnf(c_0_100,plain,(join(X1,complement(join(X1,X2)))=join(X1,complement(X2))), inference(rw,[status(thm)],[inference(rw,[status(thm)],[inference(rw,[status(thm)],[inference(rw,[status(thm)],[inference(rw,[status(thm)],[inference(rw,[status(thm)],[inference(spm,[status(thm)],[c_0_92, c_0_93]), c_0_25]), c_0_9]), c_0_94]), c_0_9]), c_0_4]), c_0_44])).
cnf(c_0_101,negated_conjecture,(join(complement(sk2),composition(top,sk1))=join(sk1,complement(sk2))), inference(spm,[status(thm)],[c_0_95, c_0_96])).
cnf(c_0_102,negated_conjecture,(join(X1,complement(join(X2,composition(X1,sk1))))=join(X1,complement(X2))), inference(rw,[status(thm)],[inference(spm,[status(thm)],[c_0_97, c_0_92]), c_0_97])).
cnf(c_0_103,negated_conjecture,(join(composition(sk1,sk2),composition(complement(sk2),sk1))=composition(top,sk1)), inference(spm,[status(thm)],[c_0_98, c_0_99])).
cnf(c_0_104,negated_conjecture,(join(complement(sk2),complement(composition(top,sk1)))=join(complement(sk1),complement(sk2))), inference(rw,[status(thm)],[inference(rw,[status(thm)],[inference(spm,[status(thm)],[c_0_100, c_0_101]), c_0_92]), c_0_4])).
cnf(c_0_105,negated_conjecture,(complement(composition(sk1,sk2))=join(complement(sk1),complement(sk2))), inference(rw,[status(thm)],[inference(rw,[status(thm)],[inference(spm,[status(thm)],[c_0_102, c_0_103]), c_0_104]), c_0_84])).
cnf(c_0_106,negated_conjecture,(complement(join(complement(sk1),complement(sk2)))!=composition(sk1,sk2)), inference(rw,[status(thm)],[c_0_17, c_0_6])).
cnf(c_0_107,negated_conjecture,($false), inference(sr,[status(thm)],[inference(spm,[status(thm)],[c_0_31, c_0_105]), c_0_106]), ['proof']).
# SZS output end CNFRefutation.
EOF
