% Problem    : LAT038-1 : TPTP v6.1.0. Released v2.4.0.
% Command    : eprover --auto-schedule --tstp-format -s --proof-object --memory-limit=2048 --cpu-limit=%d %s
% Computer   : n097.star.cs.uiowa.edu
% Model      : x86_64 x86_64
% CPU        : Intel(R) Xeon(R) CPU E5-2609 0 @ 2.40GHz
% Memory     : 32286.75MB
% OS         : Linux 2.6.32-431.20.3.el6.x86_64
% CPULimit   : 300
% DateTime   : Sun Jul 20 05:00:01 CDT 2014
% CPUTime    : 
# No SInE strategy applied
# Trying AutoSched0 for 151 seconds
# AutoSched0-Mode selected heuristic G_E___208_B02_F1_AE_CS_SP_PS_S0Y
# and selection function SelectMaxLComplexAvoidPosPred.
#
# Presaturation interreduction done

# Proof found!
# SZS status Unsatisfiable
# SZS output start CNFRefutation.
cnf(c_0_0,axiom,(meet(meet(X1,X2),X3)=meet(X1,meet(X2,X3))), file('/export/starexec/sandbox/benchmark/Axioms/LAT001-0.ax', associativity_of_meet)).
cnf(c_0_1,hypothesis,(meet(X1,join(X2,X3))=join(meet(X1,X2),meet(X1,X3))), file('/export/starexec/sandbox/benchmark/theBenchmark.p', dist_meet)).
cnf(c_0_2,hypothesis,(f(join(aa,bb),dd)=f(join(cc,bb),dd)), file('/export/starexec/sandbox/benchmark/theBenchmark.p', lhs1)).
cnf(c_0_3,axiom,(join(X1,X2)=join(X2,X1)), file('/export/starexec/sandbox/benchmark/Axioms/LAT001-0.ax', commutativity_of_join)).
cnf(c_0_4,axiom,(meet(X1,X1)=X1), file('/export/starexec/sandbox/benchmark/Axioms/LAT001-0.ax', idempotence_of_meet)).
cnf(c_0_5,axiom,(join(X1,meet(X1,X2))=X1), file('/export/starexec/sandbox/benchmark/Axioms/LAT001-0.ax', absorption2)).
cnf(c_0_6,axiom,(f(join(X1,X2),X3)=join(f(X1,X3),f(X2,X3))), file('/export/starexec/sandbox/benchmark/theBenchmark.p', f_on_left_join)).
cnf(c_0_7,axiom,(meet(X1,X2)=meet(X2,X1)), file('/export/starexec/sandbox/benchmark/Axioms/LAT001-0.ax', commutativity_of_meet)).
cnf(c_0_8,hypothesis,(meet(f(aa,dd),f(bb,dd))=meet(f(cc,dd),f(bb,dd))), file('/export/starexec/sandbox/benchmark/theBenchmark.p', lhs2)).
cnf(c_0_9,hypothesis,(join(X1,meet(X2,X3))=meet(join(X1,X2),join(X1,X3))), file('/export/starexec/sandbox/benchmark/theBenchmark.p', dist_join)).
cnf(c_0_10,axiom,(join(join(X1,X2),X3)=join(X1,join(X2,X3))), file('/export/starexec/sandbox/benchmark/Axioms/LAT001-0.ax', associativity_of_join)).
cnf(c_0_11,negated_conjecture,(f(aa,dd)!=f(cc,dd)), file('/export/starexec/sandbox/benchmark/theBenchmark.p', rhs)).
cnf(c_0_12,hypothesis,(meet(join(meet(X1,X2),meet(X1,X3)),X4)=meet(X1,meet(join(X2,X3),X4))), inference(spm,[status(thm)],[c_0_0, c_0_1])).
cnf(c_0_13,hypothesis,(f(join(bb,aa),dd)=f(join(cc,bb),dd)), inference(rw,[status(thm)],[c_0_2, c_0_3])).
cnf(c_0_14,hypothesis,(meet(X1,meet(join(X2,X1),X3))=meet(X1,X3)), inference(rw,[status(thm)],[inference(rw,[status(thm)],[inference(spm,[status(thm)],[c_0_12, c_0_4]), c_0_3]), c_0_5])).
cnf(c_0_15,hypothesis,(join(f(bb,dd),f(aa,dd))=join(f(cc,dd),f(bb,dd))), inference(rw,[status(thm)],[inference(rw,[status(thm)],[c_0_13, c_0_6]), c_0_6])).
cnf(c_0_16,plain,(meet(X1,meet(X2,X3))=meet(X2,meet(X1,X3))), inference(rw,[status(thm)],[inference(spm,[status(thm)],[c_0_0, c_0_7]), c_0_0])).
cnf(c_0_17,hypothesis,(meet(f(bb,dd),f(aa,dd))=meet(f(cc,dd),f(bb,dd))), inference(rw,[status(thm)],[c_0_8, c_0_7])).
cnf(c_0_18,plain,(join(X1,meet(X2,X1))=X1), inference(spm,[status(thm)],[c_0_5, c_0_7])).
cnf(c_0_19,hypothesis,(join(X1,meet(join(X1,X2),X3))=join(X1,meet(X2,X3))), inference(rw,[status(thm)],[inference(rw,[status(thm)],[inference(rw,[status(thm)],[inference(rw,[status(thm)],[inference(rw,[status(thm)],[c_0_9, c_0_1]), c_0_7]), c_0_1]), c_0_4]), c_0_5])).
cnf(c_0_20,hypothesis,(meet(join(f(cc,dd),f(bb,dd)),meet(f(aa,dd),X1))=meet(f(aa,dd),X1)), inference(rw,[status(thm)],[inference(spm,[status(thm)],[c_0_14, c_0_15]), c_0_16])).
cnf(c_0_21,hypothesis,(meet(f(bb,dd),meet(f(aa,dd),X1))=meet(f(cc,dd),meet(f(bb,dd),X1))), inference(rw,[status(thm)],[inference(spm,[status(thm)],[c_0_0, c_0_17]), c_0_0])).
cnf(c_0_22,hypothesis,(join(f(aa,dd),meet(f(cc,dd),f(bb,dd)))=f(aa,dd)), inference(spm,[status(thm)],[c_0_18, c_0_17])).
cnf(c_0_23,hypothesis,(join(f(cc,dd),meet(f(aa,dd),X1))=f(cc,dd)), inference(rw,[status(thm)],[inference(rw,[status(thm)],[inference(spm,[status(thm)],[c_0_19, c_0_20]), c_0_21]), c_0_5])).
cnf(c_0_24,hypothesis,(join(f(aa,dd),join(meet(f(cc,dd),f(bb,dd)),X1))=join(f(aa,dd),X1)), inference(spm,[status(thm)],[c_0_10, c_0_22])).
cnf(c_0_25,hypothesis,(join(meet(X1,f(bb,dd)),meet(X1,f(aa,dd)))=join(meet(X1,f(cc,dd)),meet(X1,f(bb,dd)))), inference(rw,[status(thm)],[inference(spm,[status(thm)],[c_0_1, c_0_15]), c_0_1])).
cnf(c_0_26,hypothesis,(join(f(cc,dd),f(aa,dd))=f(cc,dd)), inference(spm,[status(thm)],[c_0_23, c_0_4])).
cnf(c_0_27,hypothesis,($false), inference(sr,[status(thm)],[inference(rw,[status(thm)],[inference(rw,[status(thm)],[inference(rw,[status(thm)],[inference(rw,[status(thm)],[inference(rw,[status(thm)],[inference(spm,[status(thm)],[c_0_24, c_0_25]), c_0_4]), c_0_5]), c_0_3]), c_0_26]), c_0_18]), c_0_11]), ['proof']).
# SZS output end CNFRefutation.
EOF
