% Problem    : GRP181-2 : TPTP v6.1.0. Bugfixed v1.2.1.
% Command    : eprover --auto-schedule --tstp-format -s --proof-object --memory-limit=2048 --cpu-limit=%d %s
% Computer   : n119.star.cs.uiowa.edu
% Model      : x86_64 x86_64
% CPU        : Intel(R) Xeon(R) CPU E5-2609 0 @ 2.40GHz
% Memory     : 32286.75MB
% OS         : Linux 2.6.32-431.20.3.el6.x86_64
% CPULimit   : 300
% DateTime   : Sun Jul 20 06:28:51 CDT 2014
% CPUTime    : 
# No SInE strategy applied
# Trying AutoSched0 for 151 seconds
# AutoSched0-Mode selected heuristic H_____047_C02_F1_PI_AE_Q12_CS_SP_S2S
# and selection function SelectNewComplexAHP.
#

# Proof found!
# SZS status Unsatisfiable
# SZS output start CNFRefutation.
cnf(c_0_0,hypothesis,(inverse(multiply(X1,X2))=multiply(inverse(X2),inverse(X1))), file('/export/starexec/sandbox/benchmark/theBenchmark.p', p12_3)).
cnf(c_0_1,hypothesis,(inverse(identity)=identity), file('/export/starexec/sandbox/benchmark/theBenchmark.p', p12_1)).
cnf(c_0_2,axiom,(multiply(identity,X1)=X1), file('/export/starexec/sandbox/benchmark/Axioms/GRP004-0.ax', left_identity)).
cnf(c_0_3,hypothesis,(inverse(inverse(X1))=X1), file('/export/starexec/sandbox/benchmark/theBenchmark.p', p12_2)).
cnf(c_0_4,axiom,(multiply(inverse(X1),X1)=identity), file('/export/starexec/sandbox/benchmark/Axioms/GRP004-0.ax', left_inverse)).
cnf(c_0_5,axiom,(multiply(X1,greatest_lower_bound(X2,X3))=greatest_lower_bound(multiply(X1,X2),multiply(X1,X3))), file('/export/starexec/sandbox/benchmark/Axioms/GRP004-2.ax', monotony_glb1)).
cnf(c_0_6,axiom,(greatest_lower_bound(X1,X2)=greatest_lower_bound(X2,X1)), file('/export/starexec/sandbox/benchmark/Axioms/GRP004-2.ax', symmetry_of_glb)).
cnf(c_0_7,axiom,(greatest_lower_bound(X1,greatest_lower_bound(X2,X3))=greatest_lower_bound(greatest_lower_bound(X1,X2),X3)), file('/export/starexec/sandbox/benchmark/Axioms/GRP004-2.ax', associativity_of_glb)).
cnf(c_0_8,axiom,(greatest_lower_bound(X1,X1)=X1), file('/export/starexec/sandbox/benchmark/Axioms/GRP004-2.ax', idempotence_of_gld)).
cnf(c_0_9,axiom,(multiply(multiply(X1,X2),X3)=multiply(X1,multiply(X2,X3))), file('/export/starexec/sandbox/benchmark/Axioms/GRP004-0.ax', associativity)).
cnf(c_0_10,axiom,(multiply(greatest_lower_bound(X1,X2),X3)=greatest_lower_bound(multiply(X1,X3),multiply(X2,X3))), file('/export/starexec/sandbox/benchmark/Axioms/GRP004-2.ax', monotony_glb2)).
cnf(c_0_11,axiom,(multiply(least_upper_bound(X1,X2),X3)=least_upper_bound(multiply(X1,X3),multiply(X2,X3))), file('/export/starexec/sandbox/benchmark/Axioms/GRP004-2.ax', monotony_lub2)).
cnf(c_0_12,axiom,(least_upper_bound(X1,X2)=least_upper_bound(X2,X1)), file('/export/starexec/sandbox/benchmark/Axioms/GRP004-2.ax', symmetry_of_lub)).
cnf(c_0_13,hypothesis,(least_upper_bound(a,c)=least_upper_bound(b,c)), file('/export/starexec/sandbox/benchmark/theBenchmark.p', p12_5)).
cnf(c_0_14,axiom,(least_upper_bound(X1,greatest_lower_bound(X1,X2))=X1), file('/export/starexec/sandbox/benchmark/Axioms/GRP004-2.ax', lub_absorbtion)).
cnf(c_0_15,axiom,(multiply(X1,least_upper_bound(X2,X3))=least_upper_bound(multiply(X1,X2),multiply(X1,X3))), file('/export/starexec/sandbox/benchmark/Axioms/GRP004-2.ax', monotony_lub1)).
cnf(c_0_16,hypothesis,(greatest_lower_bound(a,c)=greatest_lower_bound(b,c)), file('/export/starexec/sandbox/benchmark/theBenchmark.p', p12_4)).
cnf(c_0_17,axiom,(greatest_lower_bound(X1,least_upper_bound(X1,X2))=X1), file('/export/starexec/sandbox/benchmark/Axioms/GRP004-2.ax', glb_absorbtion)).
cnf(c_0_18,axiom,(least_upper_bound(X1,least_upper_bound(X2,X3))=least_upper_bound(least_upper_bound(X1,X2),X3)), file('/export/starexec/sandbox/benchmark/Axioms/GRP004-2.ax', associativity_of_lub)).
cnf(c_0_19,negated_conjecture,(a!=b), file('/export/starexec/sandbox/benchmark/theBenchmark.p', prove_p12)).
cnf(c_0_20,hypothesis,(multiply(inverse(X1),identity)=inverse(X1)), inference(rw,[status(thm)],[inference(spm,[status(thm)],[c_0_0, c_0_1]), c_0_2])).
cnf(c_0_21,hypothesis,(multiply(X1,identity)=X1), inference(spm,[status(thm)],[c_0_20, c_0_3])).
cnf(c_0_22,hypothesis,(multiply(X1,inverse(X1))=identity), inference(spm,[status(thm)],[c_0_4, c_0_3])).
cnf(c_0_23,plain,(greatest_lower_bound(identity,multiply(inverse(X1),X2))=multiply(inverse(X1),greatest_lower_bound(X2,X1))), inference(rw,[status(thm)],[inference(spm,[status(thm)],[c_0_5, c_0_4]), c_0_6])).
cnf(c_0_24,plain,(greatest_lower_bound(X1,greatest_lower_bound(X1,X2))=greatest_lower_bound(X1,X2)), inference(spm,[status(thm)],[c_0_7, c_0_8])).
cnf(c_0_25,hypothesis,(greatest_lower_bound(X1,multiply(X1,X2))=multiply(X1,greatest_lower_bound(identity,X2))), inference(spm,[status(thm)],[c_0_5, c_0_21])).
cnf(c_0_26,hypothesis,(multiply(X1,multiply(inverse(X1),X2))=X2), inference(rw,[status(thm)],[inference(spm,[status(thm)],[c_0_9, c_0_22]), c_0_2])).
cnf(c_0_27,plain,(greatest_lower_bound(identity,multiply(inverse(greatest_lower_bound(X1,X2)),X1))=identity), inference(rw,[status(thm)],[inference(spm,[status(thm)],[c_0_23, c_0_24]), c_0_4])).
cnf(c_0_28,hypothesis,(greatest_lower_bound(identity,multiply(X1,inverse(X2)))=multiply(greatest_lower_bound(X2,X1),inverse(X2))), inference(spm,[status(thm)],[c_0_10, c_0_22])).
cnf(c_0_29,hypothesis,(inverse(multiply(X1,inverse(X2)))=multiply(X2,inverse(X1))), inference(spm,[status(thm)],[c_0_0, c_0_3])).
cnf(c_0_30,hypothesis,(multiply(X1,greatest_lower_bound(identity,multiply(inverse(X1),X2)))=greatest_lower_bound(X1,X2)), inference(spm,[status(thm)],[c_0_25, c_0_26])).
cnf(c_0_31,hypothesis,(greatest_lower_bound(identity,multiply(X1,inverse(greatest_lower_bound(X1,X2))))=identity), inference(rw,[status(thm)],[inference(rw,[status(thm)],[inference(rw,[status(thm)],[inference(spm,[status(thm)],[c_0_27, c_0_28]), c_0_29]), c_0_9]), c_0_21])).
cnf(c_0_32,hypothesis,(greatest_lower_bound(X1,inverse(greatest_lower_bound(inverse(X1),X2)))=X1), inference(rw,[status(thm)],[inference(spm,[status(thm)],[c_0_30, c_0_31]), c_0_21])).
cnf(c_0_33,hypothesis,(multiply(least_upper_bound(X1,X2),inverse(X2))=least_upper_bound(identity,multiply(X1,inverse(X2)))), inference(rw,[status(thm)],[inference(spm,[status(thm)],[c_0_11, c_0_22]), c_0_12])).
cnf(c_0_34,hypothesis,(least_upper_bound(c,a)=least_upper_bound(b,c)), inference(rw,[status(thm)],[c_0_13, c_0_12])).
cnf(c_0_35,hypothesis,(greatest_lower_bound(X1,inverse(greatest_lower_bound(X2,inverse(X1))))=X1), inference(spm,[status(thm)],[c_0_32, c_0_6])).
cnf(c_0_36,hypothesis,(multiply(least_upper_bound(b,c),inverse(a))=least_upper_bound(identity,multiply(c,inverse(a)))), inference(spm,[status(thm)],[c_0_33, c_0_34])).
cnf(c_0_37,plain,(least_upper_bound(X1,greatest_lower_bound(X2,X1))=X1), inference(spm,[status(thm)],[c_0_14, c_0_6])).
cnf(c_0_38,hypothesis,(greatest_lower_bound(inverse(X1),inverse(greatest_lower_bound(X2,X1)))=inverse(X1)), inference(spm,[status(thm)],[c_0_35, c_0_3])).
cnf(c_0_39,plain,(multiply(inverse(X1),multiply(X1,X2))=X2), inference(rw,[status(thm)],[inference(spm,[status(thm)],[c_0_9, c_0_4]), c_0_2])).
cnf(c_0_40,hypothesis,(inverse(multiply(inverse(X1),X2))=multiply(inverse(X2),X1)), inference(spm,[status(thm)],[c_0_0, c_0_3])).
cnf(c_0_41,hypothesis,(inverse(least_upper_bound(identity,multiply(c,inverse(a))))=multiply(a,inverse(least_upper_bound(b,c)))), inference(spm,[status(thm)],[c_0_29, c_0_36])).
cnf(c_0_42,hypothesis,(least_upper_bound(inverse(X1),inverse(greatest_lower_bound(X2,X1)))=inverse(greatest_lower_bound(X2,X1))), inference(rw,[status(thm)],[inference(spm,[status(thm)],[c_0_37, c_0_38]), c_0_12])).
cnf(c_0_43,plain,(multiply(inverse(X1),least_upper_bound(X2,multiply(X1,X3)))=least_upper_bound(multiply(inverse(X1),X2),X3)), inference(spm,[status(thm)],[c_0_15, c_0_39])).
cnf(c_0_44,hypothesis,(multiply(inverse(X1),least_upper_bound(identity,multiply(c,inverse(a))))=inverse(multiply(a,multiply(inverse(least_upper_bound(b,c)),X1)))), inference(rw,[status(thm)],[inference(spm,[status(thm)],[c_0_40, c_0_41]), c_0_9])).
cnf(c_0_45,plain,(least_upper_bound(X1,greatest_lower_bound(X2,greatest_lower_bound(X3,X1)))=X1), inference(spm,[status(thm)],[c_0_37, c_0_7])).
cnf(c_0_46,hypothesis,(greatest_lower_bound(c,a)=greatest_lower_bound(b,c)), inference(rw,[status(thm)],[c_0_16, c_0_6])).
cnf(c_0_47,hypothesis,(least_upper_bound(inverse(X1),inverse(least_upper_bound(X1,X2)))=inverse(X1)), inference(rw,[status(thm)],[inference(spm,[status(thm)],[c_0_42, c_0_17]), c_0_12])).
cnf(c_0_48,plain,(greatest_lower_bound(X1,least_upper_bound(X2,X1))=X1), inference(spm,[status(thm)],[c_0_17, c_0_12])).
cnf(c_0_49,hypothesis,(inverse(multiply(a,multiply(inverse(least_upper_bound(b,c)),c)))=least_upper_bound(inverse(c),inverse(a))), inference(rw,[status(thm)],[inference(spm,[status(thm)],[c_0_43, c_0_44]), c_0_21])).
cnf(c_0_50,plain,(multiply(inverse(X1),least_upper_bound(X1,X2))=least_upper_bound(identity,multiply(inverse(X1),X2))), inference(spm,[status(thm)],[c_0_15, c_0_4])).
cnf(c_0_51,plain,(multiply(inverse(X1),least_upper_bound(X2,X1))=least_upper_bound(identity,multiply(inverse(X1),X2))), inference(rw,[status(thm)],[inference(spm,[status(thm)],[c_0_15, c_0_4]), c_0_12])).
cnf(c_0_52,plain,(least_upper_bound(X1,greatest_lower_bound(X2,greatest_lower_bound(X1,X3)))=X1), inference(spm,[status(thm)],[c_0_45, c_0_6])).
cnf(c_0_53,hypothesis,(greatest_lower_bound(c,greatest_lower_bound(a,X1))=greatest_lower_bound(b,greatest_lower_bound(c,X1))), inference(rw,[status(thm)],[inference(spm,[status(thm)],[c_0_7, c_0_46]), c_0_7])).
cnf(c_0_54,hypothesis,(least_upper_bound(X1,inverse(least_upper_bound(inverse(X1),X2)))=X1), inference(spm,[status(thm)],[c_0_47, c_0_3])).
cnf(c_0_55,hypothesis,(greatest_lower_bound(identity,multiply(X1,inverse(X2)))=multiply(greatest_lower_bound(X1,X2),inverse(X2))), inference(rw,[status(thm)],[inference(spm,[status(thm)],[c_0_10, c_0_22]), c_0_6])).
cnf(c_0_56,plain,(greatest_lower_bound(X1,greatest_lower_bound(X2,X1))=greatest_lower_bound(X1,X2)), inference(rw,[status(thm)],[inference(spm,[status(thm)],[c_0_48, c_0_14]), c_0_7])).
cnf(c_0_57,hypothesis,(greatest_lower_bound(identity,multiply(X1,inverse(greatest_lower_bound(X2,X1))))=identity), inference(spm,[status(thm)],[c_0_31, c_0_6])).
cnf(c_0_58,plain,(least_upper_bound(X1,least_upper_bound(X2,X1))=least_upper_bound(X1,X2)), inference(rw,[status(thm)],[inference(spm,[status(thm)],[c_0_37, c_0_17]), c_0_18])).
cnf(c_0_59,hypothesis,(multiply(a,multiply(inverse(least_upper_bound(b,c)),c))=inverse(least_upper_bound(inverse(c),inverse(a)))), inference(spm,[status(thm)],[c_0_3, c_0_49])).
cnf(c_0_60,plain,(multiply(least_upper_bound(X1,inverse(X2)),X2)=least_upper_bound(identity,multiply(X1,X2))), inference(rw,[status(thm)],[inference(spm,[status(thm)],[c_0_11, c_0_4]), c_0_12])).
cnf(c_0_61,hypothesis,(least_upper_bound(identity,multiply(inverse(c),a))=least_upper_bound(identity,multiply(inverse(c),b))), inference(rw,[status(thm)],[inference(spm,[status(thm)],[c_0_50, c_0_34]), c_0_51])).
cnf(c_0_62,hypothesis,(least_upper_bound(a,greatest_lower_bound(b,greatest_lower_bound(c,X1)))=a), inference(spm,[status(thm)],[c_0_52, c_0_53])).
cnf(c_0_63,hypothesis,(greatest_lower_bound(X1,inverse(least_upper_bound(inverse(X1),X2)))=inverse(least_upper_bound(inverse(X1),X2))), inference(rw,[status(thm)],[inference(spm,[status(thm)],[c_0_48, c_0_54]), c_0_6])).
cnf(c_0_64,hypothesis,(least_upper_bound(X1,inverse(least_upper_bound(X2,inverse(X1))))=X1), inference(spm,[status(thm)],[c_0_54, c_0_12])).
cnf(c_0_65,hypothesis,(multiply(inverse(multiply(X1,X2)),X1)=inverse(X2)), inference(rw,[status(thm)],[inference(spm,[status(thm)],[c_0_40, c_0_26]), c_0_3])).
cnf(c_0_66,hypothesis,(multiply(greatest_lower_bound(X1,X2),inverse(greatest_lower_bound(X2,X1)))=identity), inference(rw,[status(thm)],[inference(spm,[status(thm)],[c_0_55, c_0_56]), c_0_57])).
cnf(c_0_67,plain,(greatest_lower_bound(least_upper_bound(X1,X2),least_upper_bound(X2,X1))=least_upper_bound(X1,X2)), inference(spm,[status(thm)],[c_0_48, c_0_58])).
cnf(c_0_68,hypothesis,(multiply(inverse(X1),greatest_lower_bound(identity,X1))=greatest_lower_bound(identity,inverse(X1))), inference(rw,[status(thm)],[inference(spm,[status(thm)],[c_0_25, c_0_4]), c_0_6])).
cnf(c_0_69,hypothesis,(inverse(least_upper_bound(identity,multiply(inverse(c),b)))=multiply(inverse(least_upper_bound(b,c)),c)), inference(rw,[status(thm)],[inference(rw,[status(thm)],[inference(rw,[status(thm)],[inference(spm,[status(thm)],[c_0_39, c_0_59]), c_0_0]), c_0_60]), c_0_61])).
cnf(c_0_70,hypothesis,(least_upper_bound(a,greatest_lower_bound(b,inverse(least_upper_bound(inverse(c),X1))))=a), inference(spm,[status(thm)],[c_0_62, c_0_63])).
cnf(c_0_71,hypothesis,(greatest_lower_bound(X1,inverse(least_upper_bound(X2,inverse(X1))))=inverse(least_upper_bound(X2,inverse(X1)))), inference(rw,[status(thm)],[inference(spm,[status(thm)],[c_0_48, c_0_64]), c_0_6])).
cnf(c_0_72,hypothesis,(greatest_lower_bound(inverse(X1),multiply(inverse(multiply(X2,X1)),X3))=multiply(inverse(multiply(X2,X1)),greatest_lower_bound(X3,X2))), inference(rw,[status(thm)],[inference(spm,[status(thm)],[c_0_5, c_0_65]), c_0_6])).
cnf(c_0_73,hypothesis,(multiply(least_upper_bound(X1,X2),inverse(least_upper_bound(X2,X1)))=identity), inference(rw,[status(thm)],[inference(spm,[status(thm)],[c_0_66, c_0_67]), c_0_67])).
cnf(c_0_74,hypothesis,(greatest_lower_bound(inverse(X1),inverse(greatest_lower_bound(X1,X2)))=inverse(X1)), inference(spm,[status(thm)],[c_0_32, c_0_3])).
cnf(c_0_75,hypothesis,(greatest_lower_bound(c,multiply(a,greatest_lower_bound(identity,X1)))=greatest_lower_bound(b,greatest_lower_bound(c,multiply(a,X1)))), inference(spm,[status(thm)],[c_0_53, c_0_25])).
cnf(c_0_76,hypothesis,(greatest_lower_bound(identity,multiply(inverse(least_upper_bound(b,c)),c))=multiply(inverse(least_upper_bound(b,c)),c)), inference(rw,[status(thm)],[inference(rw,[status(thm)],[inference(rw,[status(thm)],[inference(spm,[status(thm)],[c_0_68, c_0_69]), c_0_17]), c_0_9]), c_0_21])).
cnf(c_0_77,hypothesis,(greatest_lower_bound(inverse(X1),inverse(least_upper_bound(X2,X1)))=inverse(least_upper_bound(X2,X1))), inference(rw,[status(thm)],[inference(spm,[status(thm)],[c_0_38, c_0_48]), c_0_6])).
cnf(c_0_78,hypothesis,(least_upper_bound(a,inverse(least_upper_bound(inverse(b),inverse(c))))=a), inference(rw,[status(thm)],[inference(spm,[status(thm)],[c_0_70, c_0_71]), c_0_12])).
cnf(c_0_79,hypothesis,(greatest_lower_bound(least_upper_bound(X1,X2),X3)=greatest_lower_bound(X3,least_upper_bound(X2,X1))), inference(rw,[status(thm)],[inference(rw,[status(thm)],[inference(rw,[status(thm)],[inference(rw,[status(thm)],[inference(rw,[status(thm)],[inference(spm,[status(thm)],[c_0_72, c_0_73]), c_0_3]), c_0_1]), c_0_2]), c_0_1]), c_0_2])).
cnf(c_0_80,hypothesis,(least_upper_bound(inverse(X1),inverse(greatest_lower_bound(X1,X2)))=inverse(greatest_lower_bound(X1,X2))), inference(rw,[status(thm)],[inference(spm,[status(thm)],[c_0_37, c_0_74]), c_0_12])).
cnf(c_0_81,hypothesis,(greatest_lower_bound(b,inverse(least_upper_bound(inverse(c),inverse(a))))=inverse(least_upper_bound(inverse(c),inverse(a)))), inference(rw,[status(thm)],[inference(rw,[status(thm)],[inference(rw,[status(thm)],[inference(rw,[status(thm)],[inference(spm,[status(thm)],[c_0_75, c_0_76]), c_0_59]), c_0_63]), c_0_59]), c_0_63])).
cnf(c_0_82,hypothesis,(greatest_lower_bound(inverse(a),least_upper_bound(inverse(b),inverse(c)))=inverse(a)), inference(rw,[status(thm)],[inference(rw,[status(thm)],[inference(rw,[status(thm)],[inference(spm,[status(thm)],[c_0_77, c_0_78]), c_0_3]), c_0_79]), c_0_12])).
cnf(c_0_83,hypothesis,(least_upper_bound(inverse(b),least_upper_bound(inverse(c),inverse(a)))=least_upper_bound(inverse(c),inverse(a))), inference(rw,[status(thm)],[inference(rw,[status(thm)],[inference(spm,[status(thm)],[c_0_80, c_0_81]), c_0_3]), c_0_3])).
cnf(c_0_84,hypothesis,(least_upper_bound(inverse(c),inverse(a))=least_upper_bound(inverse(b),inverse(c))), inference(rw,[status(thm)],[inference(rw,[status(thm)],[inference(spm,[status(thm)],[c_0_37, c_0_82]), c_0_18]), c_0_83])).
cnf(c_0_85,hypothesis,(multiply(X1,least_upper_bound(X2,inverse(X1)))=least_upper_bound(identity,multiply(X1,X2))), inference(rw,[status(thm)],[inference(spm,[status(thm)],[c_0_15, c_0_22]), c_0_12])).
cnf(c_0_86,hypothesis,(multiply(least_upper_bound(identity,multiply(c,inverse(a))),X1)=multiply(least_upper_bound(b,c),multiply(inverse(a),X1))), inference(spm,[status(thm)],[c_0_9, c_0_36])).
cnf(c_0_87,hypothesis,(least_upper_bound(identity,multiply(c,inverse(a)))=least_upper_bound(identity,multiply(c,inverse(b)))), inference(rw,[status(thm)],[inference(rw,[status(thm)],[inference(rw,[status(thm)],[inference(spm,[status(thm)],[c_0_50, c_0_84]), c_0_3]), c_0_85]), c_0_3])).
cnf(c_0_88,plain,(least_upper_bound(multiply(X1,X2),multiply(X3,multiply(X4,X2)))=multiply(least_upper_bound(X1,multiply(X3,X4)),X2)), inference(spm,[status(thm)],[c_0_11, c_0_9])).
cnf(c_0_89,hypothesis,(multiply(least_upper_bound(identity,multiply(c,inverse(b))),X1)=multiply(least_upper_bound(b,c),multiply(inverse(a),X1))), inference(rw,[status(thm)],[c_0_86, c_0_87])).
cnf(c_0_90,plain,(multiply(least_upper_bound(X1,multiply(X2,inverse(X3))),X3)=least_upper_bound(multiply(X1,X3),X2)), inference(rw,[status(thm)],[inference(spm,[status(thm)],[c_0_88, c_0_4]), c_0_21])).
cnf(c_0_91,hypothesis,(multiply(least_upper_bound(b,c),multiply(inverse(a),b))=least_upper_bound(b,c)), inference(rw,[status(thm)],[inference(spm,[status(thm)],[c_0_89, c_0_90]), c_0_2])).
cnf(c_0_92,hypothesis,(multiply(inverse(a),b)=identity), inference(rw,[status(thm)],[inference(spm,[status(thm)],[c_0_39, c_0_91]), c_0_4])).
cnf(c_0_93,hypothesis,($false), inference(sr,[status(thm)],[inference(rw,[status(thm)],[inference(rw,[status(thm)],[inference(spm,[status(thm)],[c_0_39, c_0_92]), c_0_3]), c_0_21]), c_0_19]), ['proof']).
# SZS output end CNFRefutation.
EOF
