% Problem    : GRP756-1 : TPTP v6.1.0. Released v4.0.0.
% Command    : eprover --auto-schedule --tstp-format -s --proof-object --memory-limit=2048 --cpu-limit=%d %s
% Computer   : n121.star.cs.uiowa.edu
% Model      : x86_64 x86_64
% CPU        : Intel(R) Xeon(R) CPU E5-2609 0 @ 2.40GHz
% Memory     : 32286.75MB
% OS         : Linux 2.6.32-431.20.3.el6.x86_64
% CPULimit   : 300
% DateTime   : Sun Jul 20 03:46:16 CDT 2014
% CPUTime    : 
# No SInE strategy applied
# Trying AutoSched0 for 151 seconds
# AutoSched0-Mode selected heuristic G_E___107_C48_F1_PI_AE_Q4_CS_SP_PS_S0Y
# and selection function SelectMaxLComplexAvoidPosPred.
#
# Presaturation interreduction done

# Proof found!
# SZS status Unsatisfiable
# SZS output start CNFRefutation.
cnf(c_0_0,axiom,(mult(X1,mult(mult(X2,X2),X3))=mult(mult(X1,X2),mult(X2,X3))), file('/export/starexec/sandbox/benchmark/theBenchmark.p', f05)).
cnf(c_0_1,axiom,(mult(rd(X1,X2),X2)=X1), file('/export/starexec/sandbox/benchmark/theBenchmark.p', f03)).
cnf(c_0_2,axiom,(mult(X1,ld(X1,X2))=X2), file('/export/starexec/sandbox/benchmark/theBenchmark.p', f01)).
cnf(c_0_3,axiom,(rd(mult(X1,X2),X2)=X1), file('/export/starexec/sandbox/benchmark/theBenchmark.p', f04)).
cnf(c_0_4,axiom,(ld(X1,mult(X1,X2))=X2), file('/export/starexec/sandbox/benchmark/theBenchmark.p', f02)).
cnf(c_0_5,negated_conjecture,(mult(mult(a,b),c)!=mult(a,mult(b,c))), file('/export/starexec/sandbox/benchmark/theBenchmark.p', goals)).
cnf(c_0_6,plain,(mult(rd(X1,X2),mult(mult(X2,X2),X3))=mult(X1,mult(X2,X3))), inference(spm,[status(thm)],[c_0_0, c_0_1])).
cnf(c_0_7,plain,(mult(rd(X1,X2),mult(X2,mult(mult(X2,X2),X3)))=mult(X1,mult(X2,mult(X2,X3)))), inference(spm,[status(thm)],[c_0_6, c_0_0])).
cnf(c_0_8,plain,(mult(X1,mult(X2,ld(mult(X2,X2),X3)))=mult(rd(X1,X2),X3)), inference(spm,[status(thm)],[c_0_6, c_0_2])).
cnf(c_0_9,plain,(mult(rd(X1,X2),mult(X2,X3))=mult(X1,mult(rd(X2,X2),X3))), inference(rw,[status(thm)],[inference(spm,[status(thm)],[c_0_7, c_0_2]), c_0_8])).
cnf(c_0_10,plain,(mult(X1,mult(mult(X2,X2),ld(X2,X3)))=mult(mult(X1,X2),X3)), inference(spm,[status(thm)],[c_0_0, c_0_2])).
cnf(c_0_11,plain,(mult(mult(X1,X2),mult(rd(X2,X2),X3))=mult(X1,mult(X2,X3))), inference(spm,[status(thm)],[c_0_9, c_0_3])).
cnf(c_0_12,plain,(ld(X1,mult(mult(X1,X2),X3))=mult(mult(X2,X2),ld(X2,X3))), inference(spm,[status(thm)],[c_0_4, c_0_10])).
cnf(c_0_13,plain,(mult(mult(X1,X2),X2)=mult(X1,mult(X2,X2))), inference(spm,[status(thm)],[c_0_11, c_0_1])).
cnf(c_0_14,plain,(mult(X1,ld(X2,mult(mult(X2,X3),X4)))=mult(mult(X1,X3),X4)), inference(spm,[status(thm)],[c_0_10, c_0_12])).
cnf(c_0_15,plain,(mult(mult(X1,X1),ld(X1,X1))=mult(X1,X1)), inference(rw,[status(thm)],[inference(spm,[status(thm)],[c_0_12, c_0_13]), c_0_4])).
cnf(c_0_16,plain,(rd(mult(mult(X1,X2),X3),mult(mult(X2,X2),ld(X2,X3)))=X1), inference(spm,[status(thm)],[c_0_3, c_0_10])).
cnf(c_0_17,plain,(mult(mult(X1,ld(X2,X2)),X3)=mult(X1,X3)), inference(rw,[status(thm)],[inference(spm,[status(thm)],[c_0_14, c_0_15]), c_0_4])).
cnf(c_0_18,plain,(mult(X1,ld(X2,X2))=X1), inference(rw,[status(thm)],[inference(spm,[status(thm)],[c_0_16, c_0_17]), c_0_16])).
cnf(c_0_19,plain,(mult(X1,rd(X2,X2))=X1), inference(rw,[status(thm)],[inference(rw,[status(thm)],[inference(spm,[status(thm)],[c_0_9, c_0_18]), c_0_1]), c_0_18])).
cnf(c_0_20,plain,(ld(X1,X1)=rd(X2,X2)), inference(spm,[status(thm)],[c_0_4, c_0_19])).
cnf(c_0_21,plain,(mult(ld(X1,X1),X2)=X2), inference(spm,[status(thm)],[c_0_1, c_0_20])).
cnf(c_0_22,plain,(mult(rd(X1,X1),X2)=X2), inference(spm,[status(thm)],[c_0_21, c_0_20])).
cnf(c_0_23,plain,(mult(mult(X1,X2),X3)=mult(X1,mult(X2,X3))), inference(rw,[status(thm)],[c_0_11, c_0_22])).
cnf(c_0_24,negated_conjecture,($false), inference(cn,[status(thm)],[inference(rw,[status(thm)],[c_0_5, c_0_23])]), ['proof']).
# SZS output end CNFRefutation.
EOF
