% Problem    : LCL140-1 : TPTP v6.1.0. Released v1.0.0.
% Command    : eprover --auto-schedule --tstp-format -s --proof-object --memory-limit=2048 --cpu-limit=%d %s
% Computer   : n132.star.cs.uiowa.edu
% Model      : x86_64 x86_64
% CPU        : Intel(R) Xeon(R) CPU E5-2609 0 @ 2.40GHz
% Memory     : 32286.75MB
% OS         : Linux 2.6.32-431.20.3.el6.x86_64
% CPULimit   : 300
% DateTime   : Sun Jul 20 03:59:01 CDT 2014
% CPUTime    : 
# No SInE strategy applied
# Trying AutoSched0 for 151 seconds
# AutoSched0-Mode selected heuristic G_E___100_C18_F1_PI_AE_Q4_CS_SP_S0Y
# and selection function SelectMaxLComplexAvoidPosPred.
#

# Proof found!
# SZS status Unsatisfiable
# SZS output start CNFRefutation.
cnf(c_0_0,axiom,(implies(implies(X1,X2),implies(implies(X2,X3),implies(X1,X3)))=truth), file('/export/starexec/sandbox/benchmark/Axioms/LCL001-0.ax', wajsberg_2)).
cnf(c_0_1,axiom,(implies(truth,X1)=X1), file('/export/starexec/sandbox/benchmark/Axioms/LCL001-0.ax', wajsberg_1)).
cnf(c_0_2,axiom,(implies(implies(X1,X2),X2)=implies(implies(X2,X1),X1)), file('/export/starexec/sandbox/benchmark/Axioms/LCL001-0.ax', wajsberg_3)).
cnf(c_0_3,axiom,(implies(implies(not(X1),not(X2)),implies(X2,X1))=truth), file('/export/starexec/sandbox/benchmark/Axioms/LCL001-0.ax', wajsberg_4)).
cnf(c_0_4,negated_conjecture,(not(not(x))!=x), file('/export/starexec/sandbox/benchmark/theBenchmark.p', prove_wajsberg_lemma)).
cnf(c_0_5,plain,(implies(X1,implies(implies(X1,X2),X2))=truth), inference(rw,[status(thm)],[inference(spm,[status(thm)],[c_0_0, c_0_1]), c_0_1])).
cnf(c_0_6,plain,(implies(X1,X1)=truth), inference(rw,[status(thm)],[inference(spm,[status(thm)],[c_0_1, c_0_5]), c_0_1])).
cnf(c_0_7,plain,(implies(implies(X1,truth),truth)=truth), inference(rw,[status(thm)],[inference(spm,[status(thm)],[c_0_2, c_0_1]), c_0_6])).
cnf(c_0_8,plain,(implies(X1,truth)=truth), inference(spm,[status(thm)],[c_0_5, c_0_7])).
cnf(c_0_9,plain,(implies(X1,implies(X2,X1))=truth), inference(rw,[status(thm)],[inference(rw,[status(thm)],[inference(spm,[status(thm)],[c_0_0, c_0_8]), c_0_1]), c_0_1])).
cnf(c_0_10,plain,(implies(implies(implies(X1,X2),X2),X2)=implies(X1,X2)), inference(rw,[status(thm)],[inference(spm,[status(thm)],[c_0_2, c_0_9]), c_0_1])).
cnf(c_0_11,plain,(implies(implies(not(X1),not(truth)),X1)=truth), inference(spm,[status(thm)],[c_0_3, c_0_1])).
cnf(c_0_12,plain,(implies(implies(implies(X1,X2),X2),X1)=implies(X2,X1)), inference(spm,[status(thm)],[c_0_10, c_0_2])).
cnf(c_0_13,plain,(implies(not(not(truth)),not(truth))=not(truth)), inference(rw,[status(thm)],[inference(spm,[status(thm)],[c_0_10, c_0_11]), c_0_1])).
cnf(c_0_14,plain,(implies(implies(implies(X1,X2),X3),implies(X2,X3))=truth), inference(rw,[status(thm)],[inference(spm,[status(thm)],[c_0_0, c_0_9]), c_0_1])).
cnf(c_0_15,plain,(implies(not(truth),not(not(truth)))=not(not(truth))), inference(rw,[status(thm)],[inference(rw,[status(thm)],[inference(spm,[status(thm)],[c_0_12, c_0_13]), c_0_6]), c_0_1])).
cnf(c_0_16,plain,(implies(not(truth),X1)=truth), inference(rw,[status(thm)],[inference(spm,[status(thm)],[c_0_14, c_0_11]), c_0_1])).
cnf(c_0_17,plain,(implies(implies(not(X1),not(implies(X2,X1))),implies(implies(X1,X2),X2))=truth), inference(spm,[status(thm)],[c_0_3, c_0_2])).
cnf(c_0_18,plain,(not(not(truth))=truth), inference(rw,[status(thm)],[c_0_15, c_0_16])).
cnf(c_0_19,plain,(implies(not(implies(X1,not(truth))),X1)=truth), inference(rw,[status(thm)],[inference(rw,[status(thm)],[inference(rw,[status(thm)],[inference(spm,[status(thm)],[c_0_17, c_0_18]), c_0_1]), c_0_16]), c_0_1])).
cnf(c_0_20,plain,(implies(X1,implies(not(X1),not(truth)))=truth), inference(rw,[status(thm)],[inference(spm,[status(thm)],[c_0_3, c_0_19]), c_0_1])).
cnf(c_0_21,plain,(implies(not(X1),not(truth))=X1), inference(rw,[status(thm)],[inference(rw,[status(thm)],[inference(rw,[status(thm)],[inference(spm,[status(thm)],[c_0_2, c_0_20]), c_0_1]), c_0_11]), c_0_1])).
cnf(c_0_22,plain,(implies(X1,not(truth))=not(X1)), inference(rw,[status(thm)],[inference(rw,[status(thm)],[inference(spm,[status(thm)],[c_0_2, c_0_21]), c_0_16]), c_0_1])).
cnf(c_0_23,plain,(not(not(X1))=X1), inference(rw,[status(thm)],[c_0_21, c_0_22])).
cnf(c_0_24,negated_conjecture,($false), inference(cn,[status(thm)],[inference(rw,[status(thm)],[c_0_4, c_0_23])]), ['proof']).
# SZS output end CNFRefutation.
EOF
