% Problem    : COL004-3 : TPTP v6.1.0. Released v1.0.0.
% Command    : eprover --auto-schedule --tstp-format -s --proof-object --memory-limit=2048 --cpu-limit=%d %s
% Computer   : n129.star.cs.uiowa.edu
% Model      : x86_64 x86_64
% CPU        : Intel(R) Xeon(R) CPU E5-2609 0 @ 2.40GHz
% Memory     : 32286.75MB
% OS         : Linux 2.6.32-431.20.3.el6.x86_64
% CPULimit   : 300
% DateTime   : Sun Jul 20 04:51:16 CDT 2014
% CPUTime    : 
# No SInE strategy applied
# Trying AutoSched0 for 151 seconds
# AutoSched0-Mode selected heuristic G_E___213_C18_F1_AE_CS_SP_PI_S0Y
# and selection function SelectMaxLComplexAvoidPosPred.
#

# Proof found!
# SZS status Unsatisfiable
# SZS output start CNFRefutation.
cnf(c_0_0,negated_conjecture,(apply(apply(apply(apply(s,apply(k,apply(s,apply(apply(s,k),k)))),apply(apply(s,apply(apply(s,k),k)),apply(apply(s,k),k))),x),y)!=apply(y,apply(apply(x,x),y))), file('/export/starexec/sandbox/benchmark/theBenchmark.p', prove_u_combinator)).
cnf(c_0_1,axiom,(apply(apply(apply(s,X1),X2),X3)=apply(apply(X1,X3),apply(X2,X3))), file('/export/starexec/sandbox/benchmark/theBenchmark.p', s_definition)).
cnf(c_0_2,axiom,(apply(apply(k,X1),X2)=X1), file('/export/starexec/sandbox/benchmark/theBenchmark.p', k_definition)).
cnf(c_0_3,negated_conjecture,($false), inference(cn,[status(thm)],[inference(rw,[status(thm)],[inference(rw,[status(thm)],[inference(rw,[status(thm)],[inference(rw,[status(thm)],[inference(rw,[status(thm)],[inference(rw,[status(thm)],[inference(rw,[status(thm)],[inference(rw,[status(thm)],[inference(rw,[status(thm)],[inference(rw,[status(thm)],[c_0_0, c_0_1]), c_0_2]), c_0_1]), c_0_1]), c_0_2]), c_0_1]), c_0_2]), c_0_1]), c_0_1]), c_0_2])]), ['proof']).
# SZS output end CNFRefutation.
EOF
