% Problem    : GRP697-1 : TPTP v6.1.0. Released v4.0.0.
% Command    : eprover --auto-schedule --tstp-format -s --proof-object --memory-limit=2048 --cpu-limit=%d %s
% Computer   : n100.star.cs.uiowa.edu
% Model      : x86_64 x86_64
% CPU        : Intel(R) Xeon(R) CPU E5-2609 0 @ 2.40GHz
% Memory     : 32286.75MB
% OS         : Linux 2.6.32-431.20.3.el6.x86_64
% CPULimit   : 300
% DateTime   : Sun Jul 20 05:22:11 CDT 2014
% CPUTime    : 
# No SInE strategy applied
# Trying AutoSched0 for 151 seconds
# AutoSched0-Mode selected heuristic G_E___100_C18_F1_PI_AE_Q4_CS_SP_S0Y
# and selection function SelectMaxLComplexAvoidPosPred.
#

# Proof found!
# SZS status Unsatisfiable
# SZS output start CNFRefutation.
cnf(c_0_0,axiom,(ld(X1,mult(X1,X2))=X2), file('/export/starexec/sandbox/benchmark/theBenchmark.p', c02)).
cnf(c_0_1,axiom,(mult(i(X1),X1)=unit), file('/export/starexec/sandbox/benchmark/theBenchmark.p', c10)).
cnf(c_0_2,axiom,(mult(X1,i(X1))=unit), file('/export/starexec/sandbox/benchmark/theBenchmark.p', c11)).
cnf(c_0_3,axiom,(mult(X1,i(mult(X2,X1)))=i(X2)), file('/export/starexec/sandbox/benchmark/theBenchmark.p', c07)).
cnf(c_0_4,axiom,(mult(X1,mult(X2,X3))=mult(rd(mult(X1,X2),X1),mult(X1,X3))), file('/export/starexec/sandbox/benchmark/theBenchmark.p', c08)).
cnf(c_0_5,axiom,(mult(X1,unit)=X1), file('/export/starexec/sandbox/benchmark/theBenchmark.p', c05)).
cnf(c_0_6,axiom,(mult(mult(X1,X2),X3)=mult(mult(X1,X3),ld(X3,mult(X2,X3)))), file('/export/starexec/sandbox/benchmark/theBenchmark.p', c09)).
cnf(c_0_7,axiom,(mult(unit,X1)=X1), file('/export/starexec/sandbox/benchmark/theBenchmark.p', c06)).
cnf(c_0_8,axiom,(mult(rd(X1,X2),X2)=X1), file('/export/starexec/sandbox/benchmark/theBenchmark.p', c03)).
cnf(c_0_9,axiom,(mult(X1,ld(X1,X2))=X2), file('/export/starexec/sandbox/benchmark/theBenchmark.p', c01)).
cnf(c_0_10,negated_conjecture,(mult(mult(a,b),mult(b,mult(c,b)))!=mult(mult(a,mult(b,mult(b,c))),b)), file('/export/starexec/sandbox/benchmark/theBenchmark.p', goals)).
cnf(c_0_11,plain,(ld(i(X1),unit)=X1), inference(spm,[status(thm)],[c_0_0, c_0_1])).
cnf(c_0_12,plain,(ld(X1,unit)=i(X1)), inference(spm,[status(thm)],[c_0_0, c_0_2])).
cnf(c_0_13,plain,(ld(X1,i(X2))=i(mult(X2,X1))), inference(spm,[status(thm)],[c_0_0, c_0_3])).
cnf(c_0_14,plain,(i(i(X1))=X1), inference(rw,[status(thm)],[c_0_11, c_0_12])).
cnf(c_0_15,plain,(i(mult(i(X1),X2))=ld(X2,X1)), inference(spm,[status(thm)],[c_0_13, c_0_14])).
cnf(c_0_16,plain,(rd(mult(X1,X2),X1)=mult(X1,mult(X2,i(X1)))), inference(rw,[status(thm)],[inference(spm,[status(thm)],[c_0_4, c_0_2]), c_0_5])).
cnf(c_0_17,plain,(i(ld(X1,X2))=mult(i(X2),X1)), inference(spm,[status(thm)],[c_0_14, c_0_15])).
cnf(c_0_18,plain,(ld(X1,mult(X2,X1))=mult(mult(i(X1),X2),X1)), inference(rw,[status(thm)],[inference(spm,[status(thm)],[c_0_6, c_0_1]), c_0_7])).
cnf(c_0_19,plain,(mult(mult(X1,mult(X2,i(X1))),X1)=mult(X1,X2)), inference(spm,[status(thm)],[c_0_8, c_0_16])).
cnf(c_0_20,plain,(mult(i(mult(X1,X2)),X1)=i(X2)), inference(spm,[status(thm)],[c_0_17, c_0_0])).
cnf(c_0_21,plain,(mult(mult(X1,mult(X2,i(X1))),mult(X1,X3))=mult(X1,mult(X2,X3))), inference(rw,[status(thm)],[c_0_4, c_0_16])).
cnf(c_0_22,plain,(mult(mult(X1,X1),i(X1))=X1), inference(rw,[status(thm)],[inference(rw,[status(thm)],[inference(rw,[status(thm)],[inference(spm,[status(thm)],[c_0_18, c_0_2]), c_0_12]), c_0_14]), c_0_14])).
cnf(c_0_23,plain,(mult(mult(X1,i(X2)),X1)=mult(X1,ld(X2,X1))), inference(rw,[status(thm)],[inference(spm,[status(thm)],[c_0_19, c_0_20]), c_0_15])).
cnf(c_0_24,plain,(i(rd(X1,X2))=mult(X2,i(X1))), inference(spm,[status(thm)],[c_0_3, c_0_8])).
cnf(c_0_25,plain,(mult(mult(X1,X1),mult(X1,X2))=mult(X1,mult(mult(X1,X1),X2))), inference(spm,[status(thm)],[c_0_21, c_0_22])).
cnf(c_0_26,plain,(mult(X1,mult(mult(i(X1),X2),X1))=mult(X2,X1)), inference(spm,[status(thm)],[c_0_9, c_0_18])).
cnf(c_0_27,plain,(mult(mult(X1,X2),mult(mult(i(X2),X3),X2))=mult(mult(X1,X3),X2)), inference(rw,[status(thm)],[c_0_6, c_0_18])).
cnf(c_0_28,plain,(mult(X1,ld(mult(X2,X1),X1))=mult(i(X2),X1)), inference(spm,[status(thm)],[c_0_23, c_0_3])).
cnf(c_0_29,plain,(i(mult(X1,i(X2)))=rd(X2,X1)), inference(spm,[status(thm)],[c_0_14, c_0_24])).
cnf(c_0_30,plain,(mult(mult(X1,X1),mult(X2,X1))=mult(X1,mult(mult(X1,X2),X1))), inference(rw,[status(thm)],[inference(spm,[status(thm)],[c_0_25, c_0_26]), c_0_27])).
cnf(c_0_31,plain,(mult(X1,ld(mult(X1,X2),X1))=rd(X1,X2)), inference(rw,[status(thm)],[inference(rw,[status(thm)],[inference(spm,[status(thm)],[c_0_28, c_0_19]), c_0_20]), c_0_29])).
cnf(c_0_32,plain,(mult(mult(X1,X1),i(X2))=mult(X1,rd(X1,X2))), inference(rw,[status(thm)],[inference(rw,[status(thm)],[inference(spm,[status(thm)],[c_0_30, c_0_20]), c_0_23]), c_0_31])).
cnf(c_0_33,plain,(rd(X1,i(X2))=ld(i(X1),X2)), inference(spm,[status(thm)],[c_0_15, c_0_29])).
cnf(c_0_34,plain,(mult(X1,ld(i(X1),X2))=mult(mult(X1,X1),X2)), inference(rw,[status(thm)],[inference(spm,[status(thm)],[c_0_32, c_0_14]), c_0_33])).
cnf(c_0_35,plain,(mult(i(X1),i(X1))=i(mult(X1,X1))), inference(spm,[status(thm)],[c_0_3, c_0_22])).
cnf(c_0_36,plain,(ld(ld(X1,X2),X1)=ld(X2,mult(X1,X1))), inference(rw,[status(thm)],[inference(rw,[status(thm)],[inference(rw,[status(thm)],[inference(spm,[status(thm)],[c_0_15, c_0_34]), c_0_35]), c_0_15]), c_0_14])).
cnf(c_0_37,plain,(ld(mult(X1,X2),mult(X1,X1))=ld(X2,X1)), inference(spm,[status(thm)],[c_0_36, c_0_0])).
cnf(c_0_38,plain,(mult(mult(X1,X2),ld(X2,X1))=mult(X1,X1)), inference(spm,[status(thm)],[c_0_9, c_0_37])).
cnf(c_0_39,plain,(ld(ld(i(X1),X2),X1)=i(X2)), inference(spm,[status(thm)],[c_0_15, c_0_9])).
cnf(c_0_40,plain,(ld(rd(mult(X1,X2),X1),mult(X1,mult(X2,X3)))=mult(X1,X3)), inference(spm,[status(thm)],[c_0_0, c_0_4])).
cnf(c_0_41,plain,(mult(mult(mult(X1,X1),X2),i(X2))=mult(X1,X1)), inference(rw,[status(thm)],[inference(spm,[status(thm)],[c_0_38, c_0_39]), c_0_34])).
cnf(c_0_42,plain,(ld(mult(X1,mult(X2,i(X1))),mult(X1,mult(X2,X3)))=mult(X1,X3)), inference(rw,[status(thm)],[c_0_40, c_0_16])).
cnf(c_0_43,plain,(mult(i(X1),mult(X1,mult(X2,X2)))=mult(X2,X2)), inference(rw,[status(thm)],[inference(spm,[status(thm)],[c_0_41, c_0_3]), c_0_14])).
cnf(c_0_44,plain,(mult(i(X1),mult(X1,X1))=X1), inference(rw,[status(thm)],[inference(spm,[status(thm)],[c_0_20, c_0_22]), c_0_14])).
cnf(c_0_45,plain,(ld(X1,mult(X2,X2))=mult(i(X1),mult(X2,X2))), inference(rw,[status(thm)],[inference(rw,[status(thm)],[inference(spm,[status(thm)],[c_0_42, c_0_43]), c_0_14]), c_0_44])).
cnf(c_0_46,plain,(mult(mult(X1,mult(X2,X2)),X2)=mult(mult(X1,X2),mult(X2,X2))), inference(spm,[status(thm)],[c_0_27, c_0_44])).
cnf(c_0_47,plain,(mult(i(mult(X1,X2)),mult(X1,X1))=ld(X2,X1)), inference(rw,[status(thm)],[c_0_37, c_0_45])).
cnf(c_0_48,plain,(mult(ld(X1,X2),X2)=mult(i(X1),mult(X2,X2))), inference(rw,[status(thm)],[inference(spm,[status(thm)],[c_0_46, c_0_47]), c_0_20])).
cnf(c_0_49,plain,(ld(rd(X1,X2),X1)=X2), inference(spm,[status(thm)],[c_0_0, c_0_8])).
cnf(c_0_50,plain,(mult(mult(X1,i(X2)),mult(X2,X2))=mult(X1,X2)), inference(rw,[status(thm)],[inference(spm,[status(thm)],[c_0_48, c_0_49]), c_0_24])).
cnf(c_0_51,plain,(mult(X1,rd(X1,mult(X2,X1)))=rd(X1,X2)), inference(rw,[status(thm)],[inference(rw,[status(thm)],[inference(spm,[status(thm)],[c_0_3, c_0_50]), c_0_32]), c_0_29])).
cnf(c_0_52,plain,(ld(X1,rd(X1,X2))=ld(mult(X1,X2),X1)), inference(spm,[status(thm)],[c_0_0, c_0_31])).
cnf(c_0_53,plain,(mult(mult(i(X1),rd(X2,X1)),X1)=ld(X1,X2)), inference(spm,[status(thm)],[c_0_18, c_0_8])).
cnf(c_0_54,plain,(mult(X1,ld(i(X2),X1))=mult(mult(X1,X2),X1)), inference(rw,[status(thm)],[inference(spm,[status(thm)],[c_0_19, c_0_8]), c_0_33])).
cnf(c_0_55,plain,(rd(X1,mult(X2,X1))=ld(mult(X1,X2),X1)), inference(rw,[status(thm)],[inference(spm,[status(thm)],[c_0_0, c_0_51]), c_0_52])).
cnf(c_0_56,plain,(ld(mult(X1,mult(X1,X2)),X1)=mult(i(X2),i(X1))), inference(rw,[status(thm)],[inference(rw,[status(thm)],[inference(rw,[status(thm)],[inference(rw,[status(thm)],[inference(rw,[status(thm)],[inference(spm,[status(thm)],[c_0_29, c_0_53]), c_0_17]), c_0_14]), c_0_33]), c_0_54]), c_0_55])).
cnf(c_0_57,plain,(mult(mult(X1,mult(X2,X3)),mult(i(X3),mult(X2,X3)))=mult(mult(X1,X2),mult(X2,X3))), inference(spm,[status(thm)],[c_0_27, c_0_20])).
cnf(c_0_58,plain,(mult(mult(X1,mult(X1,X2)),mult(i(X2),i(X1)))=X1), inference(spm,[status(thm)],[c_0_9, c_0_56])).
cnf(c_0_59,plain,(mult(ld(i(X1),X2),X1)=mult(X1,mult(X2,X1))), inference(spm,[status(thm)],[c_0_26, c_0_9])).
cnf(c_0_60,plain,(mult(mult(X1,mult(X2,mult(X2,X3))),X2)=mult(mult(X1,X2),mult(X2,mult(X3,X2)))), inference(rw,[status(thm)],[inference(rw,[status(thm)],[inference(spm,[status(thm)],[c_0_57, c_0_58]), c_0_15]), c_0_59])).
cnf(c_0_61,negated_conjecture,($false), inference(cn,[status(thm)],[inference(rw,[status(thm)],[c_0_10, c_0_60])]), ['proof']).
# SZS output end CNFRefutation.
EOF
