% Problem    : RNG035-7 : TPTP v6.1.0. Released v1.0.0.
% Command    : eprover --auto-schedule --tstp-format -s --proof-object --memory-limit=2048 --cpu-limit=%d %s
% Computer   : n136.star.cs.uiowa.edu
% Model      : x86_64 x86_64
% CPU        : Intel(R) Xeon(R) CPU E5-2609 0 @ 2.40GHz
% Memory     : 32286.75MB
% OS         : Linux 2.6.32-431.20.3.el6.x86_64
% CPULimit   : 300
% DateTime   : Sun Jul 20 06:26:06 CDT 2014
% CPUTime    : 
# No SInE strategy applied
# Trying AutoSched0 for 151 seconds
# AutoSched0-Mode selected heuristic G_E___100_C18_F1_PI_AE_Q4_CS_SP_S0Y
# and selection function SelectMaxLComplexAvoidPosPred.
#

# Proof found!
# SZS status Unsatisfiable
# SZS output start CNFRefutation.
cnf(c_0_0,axiom,(add(X1,add(X2,X3))=add(add(X1,X2),X3)), file('/export/starexec/sandbox/benchmark/Axioms/RNG005-0.ax', associativity_for_addition)).
cnf(c_0_1,axiom,(add(X1,additive_inverse(X1))=additive_identity), file('/export/starexec/sandbox/benchmark/Axioms/RNG005-0.ax', right_additive_inverse)).
cnf(c_0_2,axiom,(add(additive_identity,X1)=X1), file('/export/starexec/sandbox/benchmark/Axioms/RNG005-0.ax', left_additive_identity)).
cnf(c_0_3,axiom,(add(X1,additive_identity)=X1), file('/export/starexec/sandbox/benchmark/Axioms/RNG005-0.ax', right_additive_identity)).
cnf(c_0_4,axiom,(multiply(X1,add(X2,X3))=add(multiply(X1,X2),multiply(X1,X3))), file('/export/starexec/sandbox/benchmark/Axioms/RNG005-0.ax', distribute1)).
cnf(c_0_5,hypothesis,(multiply(X1,multiply(X1,multiply(X1,X1)))=X1), file('/export/starexec/sandbox/benchmark/theBenchmark.p', x_fourthed_is_x)).
cnf(c_0_6,axiom,(add(X1,X2)=add(X2,X1)), file('/export/starexec/sandbox/benchmark/Axioms/RNG005-0.ax', commutativity_for_addition)).
cnf(c_0_7,axiom,(multiply(add(X1,X2),X3)=add(multiply(X1,X3),multiply(X2,X3))), file('/export/starexec/sandbox/benchmark/Axioms/RNG005-0.ax', distribute2)).
cnf(c_0_8,axiom,(multiply(X1,multiply(X2,X3))=multiply(multiply(X1,X2),X3)), file('/export/starexec/sandbox/benchmark/Axioms/RNG005-0.ax', associativity_for_multiplication)).
cnf(c_0_9,negated_conjecture,(multiply(a,b)=c), file('/export/starexec/sandbox/benchmark/theBenchmark.p', a_times_b_is_c)).
cnf(c_0_10,negated_conjecture,(multiply(b,a)!=c), file('/export/starexec/sandbox/benchmark/theBenchmark.p', prove_commutativity)).
cnf(c_0_11,plain,(add(X1,add(additive_inverse(X1),X2))=X2), inference(rw,[status(thm)],[inference(spm,[status(thm)],[c_0_0, c_0_1]), c_0_2])).
cnf(c_0_12,plain,(additive_inverse(additive_inverse(X1))=X1), inference(rw,[status(thm)],[inference(spm,[status(thm)],[c_0_11, c_0_1]), c_0_3])).
cnf(c_0_13,hypothesis,(multiply(X1,add(X2,multiply(X1,multiply(X1,X1))))=add(X1,multiply(X1,X2))), inference(rw,[status(thm)],[inference(spm,[status(thm)],[c_0_4, c_0_5]), c_0_6])).
cnf(c_0_14,plain,(add(additive_inverse(X1),add(X1,X2))=X2), inference(spm,[status(thm)],[c_0_11, c_0_12])).
cnf(c_0_15,hypothesis,(add(X1,multiply(X1,additive_identity))=X1), inference(rw,[status(thm)],[inference(spm,[status(thm)],[c_0_13, c_0_2]), c_0_5])).
cnf(c_0_16,plain,(add(multiply(X1,X2),multiply(X3,multiply(X4,X2)))=multiply(add(X1,multiply(X3,X4)),X2)), inference(spm,[status(thm)],[c_0_7, c_0_8])).
cnf(c_0_17,hypothesis,(multiply(X1,additive_identity)=additive_identity), inference(rw,[status(thm)],[inference(rw,[status(thm)],[inference(spm,[status(thm)],[c_0_14, c_0_15]), c_0_6]), c_0_1])).
cnf(c_0_18,negated_conjecture,(multiply(a,multiply(b,X1))=multiply(c,X1)), inference(spm,[status(thm)],[c_0_8, c_0_9])).
cnf(c_0_19,hypothesis,(multiply(X1,multiply(add(X2,multiply(X1,X1)),X1))=add(X1,multiply(X1,multiply(X2,X1)))), inference(spm,[status(thm)],[c_0_13, c_0_16])).
cnf(c_0_20,hypothesis,(multiply(X1,multiply(additive_identity,X2))=multiply(additive_identity,X2)), inference(spm,[status(thm)],[c_0_8, c_0_17])).
cnf(c_0_21,hypothesis,(multiply(c,multiply(b,multiply(b,b)))=c), inference(rw,[status(thm)],[inference(spm,[status(thm)],[c_0_18, c_0_5]), c_0_9])).
cnf(c_0_22,hypothesis,(add(X1,multiply(additive_identity,X1))=X1), inference(rw,[status(thm)],[inference(rw,[status(thm)],[inference(rw,[status(thm)],[inference(spm,[status(thm)],[c_0_19, c_0_2]), c_0_8]), c_0_5]), c_0_20])).
cnf(c_0_23,hypothesis,(multiply(c,add(multiply(b,multiply(b,b)),X1))=add(c,multiply(c,X1))), inference(spm,[status(thm)],[c_0_4, c_0_21])).
cnf(c_0_24,plain,(add(X1,add(X2,additive_inverse(X1)))=X2), inference(spm,[status(thm)],[c_0_11, c_0_6])).
cnf(c_0_25,hypothesis,(multiply(X1,add(multiply(X1,multiply(X1,X1)),X2))=add(X1,multiply(X1,X2))), inference(spm,[status(thm)],[c_0_4, c_0_5])).
cnf(c_0_26,plain,(add(multiply(X1,multiply(X2,X3)),multiply(X4,X3))=multiply(add(multiply(X1,X2),X4),X3)), inference(spm,[status(thm)],[c_0_7, c_0_8])).
cnf(c_0_27,hypothesis,(multiply(additive_identity,additive_inverse(X1))=additive_identity), inference(rw,[status(thm)],[inference(spm,[status(thm)],[c_0_11, c_0_22]), c_0_1])).
cnf(c_0_28,hypothesis,(multiply(X1,multiply(X1,multiply(X1,multiply(X1,X2))))=multiply(X1,X2)), inference(rw,[status(thm)],[inference(rw,[status(thm)],[inference(spm,[status(thm)],[c_0_8, c_0_5]), c_0_8]), c_0_8])).
cnf(c_0_29,hypothesis,(add(c,multiply(c,additive_inverse(multiply(b,multiply(b,b)))))=additive_identity), inference(rw,[status(thm)],[inference(spm,[status(thm)],[c_0_23, c_0_1]), c_0_17])).
cnf(c_0_30,plain,(add(additive_inverse(X1),add(X2,X1))=X2), inference(spm,[status(thm)],[c_0_24, c_0_12])).
cnf(c_0_31,hypothesis,(multiply(X1,multiply(add(multiply(X1,X1),X2),X1))=add(X1,multiply(X1,multiply(X2,X1)))), inference(spm,[status(thm)],[c_0_25, c_0_26])).
cnf(c_0_32,hypothesis,(multiply(additive_identity,X1)=additive_identity), inference(spm,[status(thm)],[c_0_27, c_0_12])).
cnf(c_0_33,plain,(add(multiply(X1,X2),add(multiply(X1,X3),X4))=add(multiply(X1,add(X2,X3)),X4)), inference(spm,[status(thm)],[c_0_0, c_0_4])).
cnf(c_0_34,negated_conjecture,(multiply(a,multiply(a,multiply(a,c)))=c), inference(spm,[status(thm)],[c_0_28, c_0_9])).
cnf(c_0_35,hypothesis,(multiply(c,additive_inverse(multiply(b,multiply(b,b))))=additive_inverse(c)), inference(rw,[status(thm)],[inference(spm,[status(thm)],[c_0_14, c_0_29]), c_0_3])).
cnf(c_0_36,plain,(add(X1,additive_inverse(add(X2,X1)))=additive_inverse(X2)), inference(rw,[status(thm)],[inference(spm,[status(thm)],[c_0_30, c_0_14]), c_0_6])).
cnf(c_0_37,hypothesis,(add(X1,multiply(X1,multiply(additive_inverse(multiply(X1,X1)),X1)))=additive_identity), inference(rw,[status(thm)],[inference(rw,[status(thm)],[inference(spm,[status(thm)],[c_0_31, c_0_1]), c_0_20]), c_0_32])).
cnf(c_0_38,plain,(additive_inverse(additive_identity)=additive_identity), inference(spm,[status(thm)],[c_0_2, c_0_1])).
cnf(c_0_39,plain,(add(multiply(X1,add(X2,X3)),additive_inverse(multiply(X1,X2)))=multiply(X1,X3)), inference(spm,[status(thm)],[c_0_24, c_0_33])).
cnf(c_0_40,negated_conjecture,(multiply(add(multiply(a,a),X1),multiply(a,c))=add(c,multiply(X1,multiply(a,c)))), inference(spm,[status(thm)],[c_0_26, c_0_34])).
cnf(c_0_41,negated_conjecture,(add(c,multiply(a,X1))=multiply(a,add(X1,b))), inference(rw,[status(thm)],[inference(spm,[status(thm)],[c_0_4, c_0_9]), c_0_6])).
cnf(c_0_42,negated_conjecture,(add(multiply(a,add(b,X1)),X2)=add(c,add(multiply(a,X1),X2))), inference(spm,[status(thm)],[c_0_33, c_0_9])).
cnf(c_0_43,hypothesis,(multiply(add(multiply(X1,X1),X2),multiply(X1,X1))=add(X1,multiply(X2,multiply(X1,X1)))), inference(spm,[status(thm)],[c_0_26, c_0_5])).
cnf(c_0_44,hypothesis,(multiply(c,multiply(c,multiply(c,additive_inverse(c))))=additive_inverse(c)), inference(spm,[status(thm)],[c_0_28, c_0_35])).
cnf(c_0_45,hypothesis,(multiply(X1,multiply(additive_inverse(multiply(X1,X1)),X1))=additive_inverse(X1)), inference(rw,[status(thm)],[inference(rw,[status(thm)],[inference(spm,[status(thm)],[c_0_36, c_0_37]), c_0_38]), c_0_3])).
cnf(c_0_46,plain,(additive_inverse(multiply(X1,X2))=multiply(X1,additive_inverse(X2))), inference(rw,[status(thm)],[inference(rw,[status(thm)],[inference(spm,[status(thm)],[c_0_39, c_0_1]), c_0_17]), c_0_2])).
cnf(c_0_47,negated_conjecture,(add(c,multiply(additive_inverse(multiply(a,a)),multiply(a,c)))=additive_identity), inference(rw,[status(thm)],[inference(spm,[status(thm)],[c_0_40, c_0_1]), c_0_32])).
cnf(c_0_48,plain,(add(multiply(X1,X2),add(multiply(X3,X2),X4))=add(multiply(add(X1,X3),X2),X4)), inference(spm,[status(thm)],[c_0_0, c_0_7])).
cnf(c_0_49,hypothesis,(multiply(c,multiply(b,add(multiply(b,b),X1)))=add(c,multiply(c,multiply(b,X1)))), inference(spm,[status(thm)],[c_0_23, c_0_4])).
cnf(c_0_50,negated_conjecture,(multiply(a,add(multiply(a,multiply(a,c)),X1))=multiply(a,add(X1,b))), inference(rw,[status(thm)],[inference(spm,[status(thm)],[c_0_4, c_0_34]), c_0_41])).
cnf(c_0_51,negated_conjecture,(add(c,add(multiply(a,additive_inverse(b)),X1))=X1), inference(rw,[status(thm)],[inference(rw,[status(thm)],[inference(spm,[status(thm)],[c_0_42, c_0_1]), c_0_17]), c_0_2])).
cnf(c_0_52,hypothesis,(add(X1,multiply(additive_inverse(multiply(X1,X1)),multiply(X1,X1)))=additive_identity), inference(rw,[status(thm)],[inference(spm,[status(thm)],[c_0_43, c_0_1]), c_0_32])).
cnf(c_0_53,hypothesis,(multiply(c,multiply(c,multiply(c,multiply(additive_inverse(c),X1))))=multiply(additive_inverse(c),X1)), inference(rw,[status(thm)],[inference(rw,[status(thm)],[inference(spm,[status(thm)],[c_0_8, c_0_44]), c_0_8]), c_0_8])).
cnf(c_0_54,hypothesis,(multiply(X1,multiply(X1,multiply(additive_inverse(X1),X1)))=additive_inverse(X1)), inference(rw,[status(thm)],[inference(rw,[status(thm)],[c_0_45, c_0_46]), c_0_8])).
cnf(c_0_55,negated_conjecture,(multiply(additive_inverse(multiply(a,a)),multiply(a,c))=additive_inverse(c)), inference(rw,[status(thm)],[inference(rw,[status(thm)],[inference(spm,[status(thm)],[c_0_36, c_0_47]), c_0_38]), c_0_3])).
cnf(c_0_56,negated_conjecture,(add(multiply(add(a,X1),b),X2)=add(c,add(multiply(X1,b),X2))), inference(spm,[status(thm)],[c_0_48, c_0_9])).
cnf(c_0_57,negated_conjecture,(add(c,multiply(X1,b))=multiply(add(X1,a),b)), inference(rw,[status(thm)],[inference(spm,[status(thm)],[c_0_7, c_0_9]), c_0_6])).
cnf(c_0_58,hypothesis,(add(c,multiply(c,multiply(b,additive_inverse(multiply(b,b)))))=additive_identity), inference(rw,[status(thm)],[inference(rw,[status(thm)],[inference(spm,[status(thm)],[c_0_49, c_0_1]), c_0_17]), c_0_17])).
cnf(c_0_59,negated_conjecture,(multiply(a,multiply(a,add(multiply(a,c),X1)))=multiply(a,add(b,multiply(a,X1)))), inference(rw,[status(thm)],[inference(spm,[status(thm)],[c_0_50, c_0_4]), c_0_6])).
cnf(c_0_60,negated_conjecture,(multiply(a,additive_inverse(b))=additive_inverse(c)), inference(rw,[status(thm)],[inference(rw,[status(thm)],[inference(rw,[status(thm)],[inference(spm,[status(thm)],[c_0_36, c_0_51]), c_0_0]), c_0_1]), c_0_3])).
cnf(c_0_61,hypothesis,(multiply(additive_inverse(multiply(X1,X1)),multiply(X1,X1))=additive_inverse(X1)), inference(rw,[status(thm)],[inference(rw,[status(thm)],[inference(spm,[status(thm)],[c_0_36, c_0_52]), c_0_38]), c_0_3])).
cnf(c_0_62,hypothesis,(multiply(additive_inverse(c),c)=multiply(c,additive_inverse(c))), inference(spm,[status(thm)],[c_0_53, c_0_54])).
cnf(c_0_63,negated_conjecture,(multiply(additive_inverse(multiply(a,a)),multiply(a,multiply(c,X1)))=multiply(additive_inverse(c),X1)), inference(rw,[status(thm)],[inference(spm,[status(thm)],[c_0_8, c_0_55]), c_0_8])).
cnf(c_0_64,negated_conjecture,(add(c,add(multiply(additive_inverse(a),b),X1))=X1), inference(rw,[status(thm)],[inference(rw,[status(thm)],[inference(spm,[status(thm)],[c_0_56, c_0_1]), c_0_32]), c_0_2])).
cnf(c_0_65,negated_conjecture,(add(c,multiply(X1,multiply(X2,b)))=multiply(add(a,multiply(X1,X2)),b)), inference(rw,[status(thm)],[inference(spm,[status(thm)],[c_0_57, c_0_8]), c_0_6])).
cnf(c_0_66,hypothesis,(multiply(c,multiply(b,additive_inverse(multiply(b,b))))=additive_inverse(c)), inference(rw,[status(thm)],[inference(rw,[status(thm)],[inference(spm,[status(thm)],[c_0_36, c_0_58]), c_0_38]), c_0_3])).
cnf(c_0_67,negated_conjecture,(multiply(a,add(b,multiply(a,additive_inverse(multiply(a,c)))))=additive_identity), inference(rw,[status(thm)],[inference(rw,[status(thm)],[inference(spm,[status(thm)],[c_0_59, c_0_1]), c_0_17]), c_0_17])).
cnf(c_0_68,negated_conjecture,(add(multiply(a,X1),additive_inverse(c))=multiply(a,add(X1,additive_inverse(b)))), inference(spm,[status(thm)],[c_0_4, c_0_60])).
cnf(c_0_69,hypothesis,(multiply(X1,multiply(additive_inverse(X1),multiply(X1,X1)))=additive_inverse(X1)), inference(rw,[status(thm)],[inference(rw,[status(thm)],[c_0_61, c_0_46]), c_0_8])).
cnf(c_0_70,hypothesis,(multiply(additive_inverse(c),additive_inverse(c))=multiply(c,c)), inference(rw,[status(thm)],[inference(rw,[status(thm)],[inference(spm,[status(thm)],[c_0_46, c_0_62]), c_0_46]), c_0_12])).
cnf(c_0_71,hypothesis,(multiply(additive_inverse(c),multiply(c,multiply(c,c)))=additive_inverse(c)), inference(rw,[status(thm)],[inference(spm,[status(thm)],[c_0_63, c_0_5]), c_0_55])).
cnf(c_0_72,negated_conjecture,(multiply(additive_inverse(a),b)=additive_inverse(c)), inference(rw,[status(thm)],[inference(rw,[status(thm)],[inference(rw,[status(thm)],[inference(spm,[status(thm)],[c_0_36, c_0_64]), c_0_0]), c_0_1]), c_0_3])).
cnf(c_0_73,hypothesis,(multiply(add(multiply(c,b),X1),multiply(b,b))=multiply(add(a,multiply(X1,b)),b)), inference(rw,[status(thm)],[inference(spm,[status(thm)],[c_0_26, c_0_21]), c_0_65])).
cnf(c_0_74,hypothesis,(multiply(c,multiply(b,multiply(additive_inverse(multiply(b,b)),X1)))=multiply(additive_inverse(c),X1)), inference(rw,[status(thm)],[inference(spm,[status(thm)],[c_0_8, c_0_66]), c_0_8])).
cnf(c_0_75,hypothesis,(multiply(X1,multiply(X2,multiply(X1,multiply(X2,multiply(X1,multiply(X2,multiply(X1,X2)))))))=multiply(X1,X2)), inference(rw,[status(thm)],[inference(rw,[status(thm)],[inference(spm,[status(thm)],[c_0_5, c_0_8]), c_0_8]), c_0_8])).
cnf(c_0_76,negated_conjecture,(multiply(a,multiply(add(b,multiply(a,additive_inverse(multiply(a,c)))),X1))=additive_identity), inference(rw,[status(thm)],[inference(spm,[status(thm)],[c_0_8, c_0_67]), c_0_32])).
cnf(c_0_77,negated_conjecture,(multiply(a,multiply(a,additive_inverse(multiply(a,c))))=additive_inverse(c)), inference(rw,[status(thm)],[inference(rw,[status(thm)],[inference(rw,[status(thm)],[inference(spm,[status(thm)],[c_0_68, c_0_67]), c_0_2]), c_0_0]), c_0_24])).
cnf(c_0_78,hypothesis,(additive_inverse(c)=c), inference(rw,[status(thm)],[inference(rw,[status(thm)],[inference(rw,[status(thm)],[inference(spm,[status(thm)],[c_0_69, c_0_70]), c_0_12]), c_0_71]), c_0_12])).
cnf(c_0_79,negated_conjecture,(add(multiply(X1,b),additive_inverse(c))=multiply(add(X1,additive_inverse(a)),b)), inference(spm,[status(thm)],[c_0_7, c_0_72])).
cnf(c_0_80,hypothesis,(multiply(add(a,multiply(additive_inverse(multiply(c,b)),b)),b)=additive_identity), inference(rw,[status(thm)],[inference(spm,[status(thm)],[c_0_73, c_0_1]), c_0_32])).
cnf(c_0_81,hypothesis,(multiply(additive_inverse(c),b)=multiply(c,additive_inverse(b))), inference(spm,[status(thm)],[c_0_74, c_0_45])).
cnf(c_0_82,hypothesis,(multiply(add(b,multiply(a,additive_inverse(multiply(a,c)))),a)=additive_identity), inference(rw,[status(thm)],[inference(rw,[status(thm)],[inference(rw,[status(thm)],[inference(spm,[status(thm)],[c_0_75, c_0_76]), c_0_17]), c_0_17]), c_0_17])).
cnf(c_0_83,hypothesis,(multiply(a,additive_inverse(multiply(a,c)))=multiply(a,multiply(a,additive_inverse(c)))), inference(spm,[status(thm)],[c_0_28, c_0_77])).
cnf(c_0_84,plain,(multiply(add(X1,X1),X2)=multiply(X1,add(X2,X2))), inference(spm,[status(thm)],[c_0_4, c_0_7])).
cnf(c_0_85,hypothesis,(add(c,c)=additive_identity), inference(spm,[status(thm)],[c_0_1, c_0_78])).
cnf(c_0_86,hypothesis,(multiply(additive_inverse(multiply(c,b)),multiply(b,b))=additive_inverse(c)), inference(rw,[status(thm)],[inference(rw,[status(thm)],[inference(rw,[status(thm)],[inference(rw,[status(thm)],[inference(spm,[status(thm)],[c_0_79, c_0_80]), c_0_2]), c_0_0]), c_0_24]), c_0_8])).
cnf(c_0_87,hypothesis,(multiply(additive_inverse(c),multiply(b,X1))=multiply(c,multiply(additive_inverse(b),X1))), inference(rw,[status(thm)],[inference(spm,[status(thm)],[c_0_8, c_0_81]), c_0_8])).
cnf(c_0_88,plain,(add(X1,additive_inverse(add(X1,X2)))=additive_inverse(X2)), inference(rw,[status(thm)],[inference(spm,[status(thm)],[c_0_30, c_0_30]), c_0_6])).
cnf(c_0_89,hypothesis,(multiply(add(b,multiply(a,multiply(a,additive_inverse(c)))),a)=additive_identity), inference(rw,[status(thm)],[c_0_82, c_0_83])).
cnf(c_0_90,hypothesis,(multiply(c,add(X1,X1))=additive_identity), inference(rw,[status(thm)],[inference(spm,[status(thm)],[c_0_84, c_0_85]), c_0_32])).
cnf(c_0_91,hypothesis,(multiply(c,multiply(X1,multiply(b,multiply(X1,multiply(b,multiply(X1,multiply(b,X1)))))))=multiply(c,X1)), inference(rw,[status(thm)],[inference(spm,[status(thm)],[c_0_18, c_0_75]), c_0_18])).
cnf(c_0_92,hypothesis,(multiply(add(a,multiply(additive_inverse(multiply(c,b)),b)),multiply(b,X1))=additive_identity), inference(rw,[status(thm)],[inference(spm,[status(thm)],[c_0_8, c_0_80]), c_0_32])).
cnf(c_0_93,hypothesis,(multiply(additive_inverse(multiply(c,b)),multiply(b,multiply(b,X1)))=multiply(additive_inverse(c),X1)), inference(rw,[status(thm)],[inference(spm,[status(thm)],[c_0_8, c_0_86]), c_0_8])).
cnf(c_0_94,hypothesis,(multiply(c,multiply(additive_inverse(b),b))=multiply(c,multiply(b,additive_inverse(b)))), inference(rw,[status(thm)],[inference(spm,[status(thm)],[c_0_74, c_0_61]), c_0_87])).
cnf(c_0_95,plain,(add(multiply(X1,X2),multiply(add(X1,X3),additive_inverse(X2)))=multiply(X3,additive_inverse(X2))), inference(rw,[status(thm)],[inference(rw,[status(thm)],[inference(spm,[status(thm)],[c_0_88, c_0_7]), c_0_46]), c_0_46])).
cnf(c_0_96,hypothesis,(multiply(add(b,multiply(a,multiply(a,c))),a)=additive_identity), inference(rw,[status(thm)],[c_0_89, c_0_78])).
cnf(c_0_97,hypothesis,(multiply(c,add(X1,add(X1,X2)))=multiply(c,X2)), inference(rw,[status(thm)],[inference(rw,[status(thm)],[inference(spm,[status(thm)],[c_0_4, c_0_90]), c_0_2]), c_0_0])).
cnf(c_0_98,hypothesis,(multiply(c,add(a,multiply(additive_inverse(multiply(c,b)),b)))=additive_identity), inference(rw,[status(thm)],[inference(rw,[status(thm)],[inference(rw,[status(thm)],[inference(spm,[status(thm)],[c_0_91, c_0_92]), c_0_17]), c_0_17]), c_0_17])).
cnf(c_0_99,hypothesis,(multiply(additive_inverse(multiply(c,b)),b)=multiply(c,multiply(b,additive_inverse(b)))), inference(rw,[status(thm)],[inference(rw,[status(thm)],[inference(spm,[status(thm)],[c_0_93, c_0_5]), c_0_87]), c_0_94])).
cnf(c_0_100,hypothesis,(multiply(c,multiply(additive_inverse(b),X1))=multiply(c,multiply(b,X1))), inference(rw,[status(thm)],[c_0_87, c_0_78])).
cnf(c_0_101,plain,(multiply(additive_inverse(X1),additive_inverse(X2))=multiply(X1,X2)), inference(rw,[status(thm)],[inference(rw,[status(thm)],[inference(spm,[status(thm)],[c_0_95, c_0_1]), c_0_32]), c_0_3])).
cnf(c_0_102,hypothesis,(multiply(X1,multiply(X2,multiply(X1,multiply(X2,multiply(X1,multiply(X2,multiply(X1,multiply(X2,X3))))))))=multiply(X1,multiply(X2,X3))), inference(rw,[status(thm)],[inference(rw,[status(thm)],[inference(rw,[status(thm)],[inference(rw,[status(thm)],[inference(rw,[status(thm)],[inference(rw,[status(thm)],[inference(rw,[status(thm)],[inference(spm,[status(thm)],[c_0_8, c_0_75]), c_0_8]), c_0_8]), c_0_8]), c_0_8]), c_0_8]), c_0_8]), c_0_8])).
cnf(c_0_103,hypothesis,(multiply(add(b,multiply(a,multiply(a,c))),additive_inverse(a))=additive_identity), inference(rw,[status(thm)],[inference(spm,[status(thm)],[c_0_46, c_0_96]), c_0_38])).
cnf(c_0_104,hypothesis,(multiply(c,additive_inverse(X1))=multiply(c,X1)), inference(rw,[status(thm)],[inference(spm,[status(thm)],[c_0_97, c_0_1]), c_0_3])).
cnf(c_0_105,hypothesis,(multiply(c,add(a,multiply(c,multiply(b,additive_inverse(b)))))=additive_identity), inference(rw,[status(thm)],[c_0_98, c_0_99])).
cnf(c_0_106,hypothesis,(multiply(c,multiply(b,additive_inverse(b)))=multiply(c,multiply(b,b))), inference(rw,[status(thm)],[c_0_94, c_0_100])).
cnf(c_0_107,plain,(multiply(additive_inverse(X1),X2)=multiply(X1,additive_inverse(X2))), inference(rw,[status(thm)],[inference(rw,[status(thm)],[inference(spm,[status(thm)],[c_0_46, c_0_101]), c_0_46]), c_0_12])).
cnf(c_0_108,negated_conjecture,(multiply(X1,multiply(a,multiply(X1,multiply(a,multiply(X1,multiply(a,multiply(X1,c)))))))=multiply(X1,c)), inference(spm,[status(thm)],[c_0_102, c_0_9])).
cnf(c_0_109,hypothesis,(multiply(a,multiply(a,multiply(c,a)))=multiply(b,a)), inference(rw,[status(thm)],[inference(rw,[status(thm)],[inference(rw,[status(thm)],[inference(rw,[status(thm)],[inference(spm,[status(thm)],[c_0_95, c_0_103]), c_0_3]), c_0_8]), c_0_8]), c_0_104])).
cnf(c_0_110,hypothesis,(multiply(c,add(a,multiply(c,multiply(b,b))))=additive_identity), inference(rw,[status(thm)],[c_0_105, c_0_106])).
cnf(c_0_111,hypothesis,(additive_inverse(X1)=X1), inference(rw,[status(thm)],[inference(rw,[status(thm)],[inference(rw,[status(thm)],[inference(rw,[status(thm)],[inference(rw,[status(thm)],[inference(rw,[status(thm)],[inference(rw,[status(thm)],[inference(spm,[status(thm)],[c_0_5, c_0_107]), c_0_101]), c_0_107]), c_0_46]), c_0_46]), c_0_46]), c_0_12]), c_0_5])).
cnf(c_0_112,hypothesis,(multiply(b,multiply(c,multiply(c,multiply(c,a))))=multiply(b,a)), inference(rw,[status(thm)],[inference(rw,[status(thm)],[inference(spm,[status(thm)],[c_0_75, c_0_18]), c_0_18]), c_0_18])).
cnf(c_0_113,negated_conjecture,(multiply(a,multiply(a,multiply(a,multiply(c,X1))))=multiply(c,X1)), inference(spm,[status(thm)],[c_0_28, c_0_18])).
cnf(c_0_114,hypothesis,(add(multiply(X1,multiply(X2,multiply(X2,multiply(X2,X3)))),multiply(X4,multiply(X2,X3)))=multiply(add(X1,multiply(X4,X2)),multiply(X2,multiply(X2,multiply(X2,X3))))), inference(spm,[status(thm)],[c_0_16, c_0_28])).
cnf(c_0_115,plain,(add(multiply(X1,multiply(X2,multiply(X3,X4))),multiply(X5,X4))=multiply(add(multiply(X1,multiply(X2,X3)),X5),X4)), inference(spm,[status(thm)],[c_0_26, c_0_8])).
cnf(c_0_116,negated_conjecture,(multiply(add(b,multiply(a,additive_inverse(multiply(a,c)))),c)=additive_identity), inference(rw,[status(thm)],[inference(rw,[status(thm)],[inference(rw,[status(thm)],[inference(rw,[status(thm)],[inference(rw,[status(thm)],[inference(spm,[status(thm)],[c_0_108, c_0_76]), c_0_17]), c_0_17]), c_0_17]), c_0_17]), c_0_17])).
cnf(c_0_117,hypothesis,(multiply(a,multiply(a,multiply(c,multiply(a,X1))))=multiply(b,multiply(a,X1))), inference(rw,[status(thm)],[inference(rw,[status(thm)],[inference(rw,[status(thm)],[inference(spm,[status(thm)],[c_0_8, c_0_109]), c_0_8]), c_0_8]), c_0_8])).
cnf(c_0_118,hypothesis,(multiply(c,add(a,add(multiply(c,multiply(b,b)),X1)))=multiply(c,X1)), inference(rw,[status(thm)],[inference(rw,[status(thm)],[inference(spm,[status(thm)],[c_0_4, c_0_110]), c_0_2]), c_0_0])).
cnf(c_0_119,plain,(add(X1,X1)=additive_identity), inference(rw,[status(thm)],[c_0_1, c_0_111])).
cnf(c_0_120,hypothesis,(multiply(b,multiply(c,multiply(c,multiply(c,multiply(a,X1)))))=multiply(b,multiply(a,X1))), inference(rw,[status(thm)],[inference(rw,[status(thm)],[inference(rw,[status(thm)],[inference(rw,[status(thm)],[inference(spm,[status(thm)],[c_0_8, c_0_112]), c_0_8]), c_0_8]), c_0_8]), c_0_8])).
cnf(c_0_121,hypothesis,(multiply(c,multiply(a,multiply(c,multiply(a,multiply(c,multiply(a,c))))))=c), inference(rw,[status(thm)],[inference(spm,[status(thm)],[c_0_113, c_0_75]), c_0_34])).
cnf(c_0_122,hypothesis,(multiply(add(X1,multiply(X2,X3)),multiply(X3,multiply(X3,multiply(X3,X4))))=multiply(add(multiply(X1,multiply(X3,X3)),X2),multiply(X3,X4))), inference(rw,[status(thm)],[c_0_114, c_0_115])).
cnf(c_0_123,negated_conjecture,(multiply(add(b,multiply(a,multiply(a,additive_inverse(c)))),c)=additive_identity), inference(rw,[status(thm)],[c_0_116, c_0_83])).
cnf(c_0_124,negated_conjecture,(multiply(a,multiply(a,multiply(c,multiply(c,X1))))=multiply(b,multiply(c,X1))), inference(spm,[status(thm)],[c_0_117, c_0_18])).
cnf(c_0_125,hypothesis,(multiply(c,multiply(c,multiply(b,b)))=multiply(c,a)), inference(rw,[status(thm)],[inference(spm,[status(thm)],[c_0_118, c_0_119]), c_0_3])).
cnf(c_0_126,hypothesis,(multiply(b,multiply(a,multiply(c,multiply(a,multiply(c,multiply(a,c))))))=multiply(b,multiply(c,multiply(c,c)))), inference(spm,[status(thm)],[c_0_120, c_0_121])).
cnf(c_0_127,hypothesis,(multiply(c,multiply(add(a,multiply(c,multiply(b,b))),X1))=additive_identity), inference(rw,[status(thm)],[inference(spm,[status(thm)],[c_0_8, c_0_110]), c_0_32])).
cnf(c_0_128,hypothesis,(multiply(add(X1,multiply(X1,multiply(X2,multiply(X2,X2)))),multiply(X2,X3))=additive_identity), inference(rw,[status(thm)],[inference(rw,[status(thm)],[inference(rw,[status(thm)],[inference(spm,[status(thm)],[c_0_122, c_0_119]), c_0_32]), c_0_8]), c_0_6])).
cnf(c_0_129,negated_conjecture,(multiply(add(b,multiply(a,multiply(a,c))),c)=additive_identity), inference(rw,[status(thm)],[c_0_123, c_0_78])).
cnf(c_0_130,negated_conjecture,(multiply(b,multiply(c,multiply(b,b)))=multiply(b,a)), inference(rw,[status(thm)],[inference(spm,[status(thm)],[c_0_124, c_0_125]), c_0_109])).
cnf(c_0_131,hypothesis,(multiply(c,multiply(a,multiply(c,multiply(a,multiply(c,multiply(a,multiply(c,X1)))))))=multiply(c,X1)), inference(rw,[status(thm)],[inference(rw,[status(thm)],[inference(rw,[status(thm)],[inference(rw,[status(thm)],[inference(rw,[status(thm)],[inference(spm,[status(thm)],[c_0_8, c_0_121]), c_0_8]), c_0_8]), c_0_8]), c_0_8]), c_0_8])).
cnf(c_0_132,hypothesis,(multiply(b,multiply(a,multiply(c,multiply(a,multiply(c,multiply(a,multiply(c,X1)))))))=multiply(b,multiply(c,multiply(c,multiply(c,X1))))), inference(rw,[status(thm)],[inference(rw,[status(thm)],[inference(rw,[status(thm)],[inference(rw,[status(thm)],[inference(rw,[status(thm)],[inference(rw,[status(thm)],[inference(rw,[status(thm)],[inference(rw,[status(thm)],[inference(spm,[status(thm)],[c_0_8, c_0_126]), c_0_8]), c_0_8]), c_0_8]), c_0_8]), c_0_8]), c_0_8]), c_0_8]), c_0_8])).
cnf(c_0_133,plain,(add(multiply(X1,X2),multiply(X3,multiply(X4,multiply(X5,X2))))=multiply(add(X1,multiply(X3,multiply(X4,X5))),X2)), inference(spm,[status(thm)],[c_0_16, c_0_8])).
cnf(c_0_134,hypothesis,(multiply(add(a,multiply(c,multiply(b,b))),c)=additive_identity), inference(rw,[status(thm)],[inference(rw,[status(thm)],[inference(rw,[status(thm)],[inference(spm,[status(thm)],[c_0_75, c_0_127]), c_0_17]), c_0_17]), c_0_17])).
cnf(c_0_135,hypothesis,(multiply(c,multiply(b,multiply(b,multiply(b,X1))))=multiply(c,X1)), inference(rw,[status(thm)],[inference(rw,[status(thm)],[inference(spm,[status(thm)],[c_0_8, c_0_21]), c_0_8]), c_0_8])).
cnf(c_0_136,hypothesis,(multiply(X1,multiply(add(X2,multiply(X2,multiply(X1,multiply(X1,X1)))),X3))=additive_identity), inference(rw,[status(thm)],[inference(rw,[status(thm)],[inference(rw,[status(thm)],[inference(rw,[status(thm)],[inference(rw,[status(thm)],[inference(spm,[status(thm)],[c_0_102, c_0_128]), c_0_17]), c_0_17]), c_0_17]), c_0_17]), c_0_17])).
cnf(c_0_137,plain,(multiply(add(X1,multiply(X1,X2)),X3)=multiply(X1,add(X3,multiply(X2,X3)))), inference(spm,[status(thm)],[c_0_4, c_0_16])).
cnf(c_0_138,hypothesis,(multiply(X1,add(multiply(X2,multiply(X1,multiply(X2,multiply(X1,multiply(X2,multiply(X1,X2)))))),X3))=multiply(X1,add(X2,X3))), inference(rw,[status(thm)],[inference(spm,[status(thm)],[c_0_4, c_0_75]), c_0_4])).
cnf(c_0_139,negated_conjecture,(multiply(add(b,multiply(a,multiply(a,c))),multiply(c,X1))=additive_identity), inference(rw,[status(thm)],[inference(spm,[status(thm)],[c_0_8, c_0_129]), c_0_32])).
cnf(c_0_140,negated_conjecture,(multiply(b,multiply(c,multiply(b,multiply(b,X1))))=multiply(b,multiply(a,X1))), inference(rw,[status(thm)],[inference(rw,[status(thm)],[inference(rw,[status(thm)],[inference(spm,[status(thm)],[c_0_8, c_0_130]), c_0_8]), c_0_8]), c_0_8])).
cnf(c_0_141,hypothesis,(multiply(b,multiply(c,multiply(c,multiply(c,X1))))=multiply(a,multiply(a,multiply(c,X1)))), inference(rw,[status(thm)],[inference(spm,[status(thm)],[c_0_117, c_0_131]), c_0_132])).
cnf(c_0_142,negated_conjecture,(multiply(add(multiply(X1,a),X2),multiply(a,multiply(a,multiply(c,X3))))=multiply(add(X1,multiply(X2,multiply(a,a))),multiply(c,X3))), inference(rw,[status(thm)],[inference(spm,[status(thm)],[c_0_26, c_0_113]), c_0_133])).
cnf(c_0_143,hypothesis,(multiply(add(a,add(multiply(c,multiply(b,b)),X1)),c)=multiply(X1,c)), inference(rw,[status(thm)],[inference(rw,[status(thm)],[inference(spm,[status(thm)],[c_0_7, c_0_134]), c_0_2]), c_0_0])).
cnf(c_0_144,hypothesis,(multiply(c,add(X1,multiply(b,multiply(b,multiply(b,X2)))))=multiply(c,add(X1,X2))), inference(rw,[status(thm)],[inference(spm,[status(thm)],[c_0_4, c_0_135]), c_0_4])).
cnf(c_0_145,hypothesis,(multiply(X1,multiply(X2,add(X3,multiply(X1,multiply(X1,multiply(X1,X3))))))=additive_identity), inference(rw,[status(thm)],[inference(rw,[status(thm)],[inference(spm,[status(thm)],[c_0_136, c_0_137]), c_0_8]), c_0_8])).
cnf(c_0_146,plain,(add(X1,add(X2,X1))=X2), inference(rw,[status(thm)],[c_0_24, c_0_111])).
cnf(c_0_147,hypothesis,(multiply(c,add(b,add(multiply(a,multiply(a,c)),X1)))=multiply(c,X1)), inference(rw,[status(thm)],[inference(rw,[status(thm)],[inference(rw,[status(thm)],[inference(rw,[status(thm)],[inference(spm,[status(thm)],[c_0_138, c_0_139]), c_0_17]), c_0_17]), c_0_2]), c_0_0])).
cnf(c_0_148,negated_conjecture,(multiply(b,multiply(a,multiply(c,multiply(b,b))))=multiply(b,multiply(a,a))), inference(rw,[status(thm)],[inference(spm,[status(thm)],[c_0_140, c_0_130]), c_0_140])).
cnf(c_0_149,hypothesis,(multiply(a,multiply(a,multiply(c,multiply(b,b))))=multiply(b,multiply(c,multiply(c,a)))), inference(spm,[status(thm)],[c_0_141, c_0_125])).
cnf(c_0_150,negated_conjecture,(multiply(add(X1,multiply(X1,multiply(a,multiply(a,a)))),multiply(c,X2))=additive_identity), inference(rw,[status(thm)],[inference(rw,[status(thm)],[inference(spm,[status(thm)],[c_0_142, c_0_119]), c_0_32]), c_0_8])).
cnf(c_0_151,hypothesis,(multiply(add(a,multiply(c,add(multiply(b,b),X1))),c)=multiply(c,multiply(X1,c))), inference(rw,[status(thm)],[inference(spm,[status(thm)],[c_0_143, c_0_4]), c_0_8])).
cnf(c_0_152,hypothesis,(multiply(c,add(X1,add(X2,multiply(b,multiply(b,multiply(b,X2))))))=multiply(c,X1)), inference(rw,[status(thm)],[inference(rw,[status(thm)],[inference(spm,[status(thm)],[c_0_144, c_0_145]), c_0_17]), c_0_3])).
cnf(c_0_153,hypothesis,(multiply(add(X1,multiply(c,multiply(b,b))),c)=multiply(add(a,X1),c)), inference(spm,[status(thm)],[c_0_143, c_0_146])).
cnf(c_0_154,hypothesis,(multiply(c,multiply(a,multiply(a,c)))=multiply(c,b)), inference(rw,[status(thm)],[inference(spm,[status(thm)],[c_0_147, c_0_119]), c_0_3])).
cnf(c_0_155,hypothesis,(multiply(c,multiply(c,multiply(c,a)))=multiply(c,multiply(b,b))), inference(spm,[status(thm)],[c_0_28, c_0_125])).
cnf(c_0_156,negated_conjecture,(multiply(b,multiply(b,multiply(c,multiply(c,a))))=multiply(b,multiply(a,multiply(a,a)))), inference(rw,[status(thm)],[inference(rw,[status(thm)],[inference(spm,[status(thm)],[c_0_140, c_0_148]), c_0_140]), c_0_149])).
cnf(c_0_157,hypothesis,(multiply(c,multiply(add(X1,multiply(X1,multiply(a,multiply(a,a)))),X2))=additive_identity), inference(rw,[status(thm)],[inference(rw,[status(thm)],[inference(rw,[status(thm)],[inference(rw,[status(thm)],[inference(rw,[status(thm)],[inference(spm,[status(thm)],[c_0_102, c_0_150]), c_0_17]), c_0_17]), c_0_17]), c_0_17]), c_0_17])).
cnf(c_0_158,hypothesis,(multiply(c,multiply(add(X1,multiply(b,multiply(b,multiply(b,X1)))),c))=additive_identity), inference(rw,[status(thm)],[inference(rw,[status(thm)],[inference(rw,[status(thm)],[inference(spm,[status(thm)],[c_0_151, c_0_152]), c_0_153]), c_0_119]), c_0_32])).
cnf(c_0_159,hypothesis,(multiply(c,multiply(a,multiply(a,multiply(c,X1))))=multiply(c,multiply(b,X1))), inference(rw,[status(thm)],[inference(rw,[status(thm)],[inference(rw,[status(thm)],[inference(spm,[status(thm)],[c_0_8, c_0_154]), c_0_8]), c_0_8]), c_0_8])).
cnf(c_0_160,hypothesis,(multiply(c,multiply(c,multiply(c,multiply(a,X1))))=multiply(c,multiply(b,multiply(b,X1)))), inference(rw,[status(thm)],[inference(rw,[status(thm)],[inference(rw,[status(thm)],[inference(rw,[status(thm)],[inference(spm,[status(thm)],[c_0_8, c_0_155]), c_0_8]), c_0_8]), c_0_8]), c_0_8])).
cnf(c_0_161,hypothesis,(multiply(a,multiply(a,multiply(c,multiply(b,a))))=multiply(b,multiply(b,a))), inference(spm,[status(thm)],[c_0_117, c_0_109])).
cnf(c_0_162,negated_conjecture,(multiply(c,multiply(b,multiply(c,multiply(c,a))))=multiply(c,multiply(a,multiply(a,a)))), inference(rw,[status(thm)],[inference(spm,[status(thm)],[c_0_18, c_0_156]), c_0_18])).
cnf(c_0_163,hypothesis,(multiply(X1,add(X2,multiply(X1,multiply(X1,multiply(X1,X3)))))=multiply(X1,add(X2,X3))), inference(rw,[status(thm)],[inference(spm,[status(thm)],[c_0_4, c_0_28]), c_0_4])).
cnf(c_0_164,hypothesis,(multiply(c,multiply(X1,add(X2,multiply(a,multiply(a,multiply(a,X2))))))=additive_identity), inference(rw,[status(thm)],[inference(rw,[status(thm)],[inference(spm,[status(thm)],[c_0_157, c_0_137]), c_0_8]), c_0_8])).
cnf(c_0_165,hypothesis,(multiply(add(X1,multiply(X2,multiply(X2,X2))),X2)=add(X2,multiply(X1,X2))), inference(rw,[status(thm)],[inference(spm,[status(thm)],[c_0_133, c_0_5]), c_0_6])).
cnf(c_0_166,hypothesis,(multiply(add(X1,multiply(b,multiply(b,multiply(b,X1)))),c)=additive_identity), inference(rw,[status(thm)],[inference(rw,[status(thm)],[inference(rw,[status(thm)],[inference(rw,[status(thm)],[inference(rw,[status(thm)],[inference(spm,[status(thm)],[c_0_75, c_0_158]), c_0_17]), c_0_17]), c_0_17]), c_0_17]), c_0_17])).
cnf(c_0_167,hypothesis,(multiply(c,multiply(b,multiply(c,multiply(c,multiply(a,X1)))))=multiply(c,X1)), inference(rw,[status(thm)],[inference(rw,[status(thm)],[inference(spm,[status(thm)],[c_0_159, c_0_160]), c_0_159]), c_0_135])).
cnf(c_0_168,hypothesis,(multiply(a,multiply(a,multiply(c,multiply(b,multiply(b,a)))))=multiply(b,multiply(b,multiply(b,a)))), inference(spm,[status(thm)],[c_0_117, c_0_161])).
cnf(c_0_169,hypothesis,(multiply(c,multiply(a,multiply(a,a)))=c), inference(rw,[status(thm)],[inference(rw,[status(thm)],[inference(spm,[status(thm)],[c_0_159, c_0_149]), c_0_162]), c_0_21])).
cnf(c_0_170,hypothesis,(multiply(X1,add(multiply(X1,multiply(X1,multiply(X1,X2))),X3))=multiply(X1,add(X2,X3))), inference(rw,[status(thm)],[inference(spm,[status(thm)],[c_0_4, c_0_28]), c_0_4])).
cnf(c_0_171,negated_conjecture,(multiply(a,multiply(a,multiply(c,c)))=multiply(b,c)), inference(spm,[status(thm)],[c_0_117, c_0_9])).
cnf(c_0_172,hypothesis,(multiply(c,add(X1,add(X2,multiply(a,multiply(a,multiply(a,X2))))))=multiply(c,X1)), inference(rw,[status(thm)],[inference(rw,[status(thm)],[inference(spm,[status(thm)],[c_0_163, c_0_164]), c_0_17]), c_0_3])).
cnf(c_0_173,hypothesis,(multiply(add(multiply(X1,multiply(X1,X1)),X2),X1)=add(X1,multiply(X2,X1))), inference(spm,[status(thm)],[c_0_165, c_0_6])).
cnf(c_0_174,hypothesis,(multiply(add(X1,multiply(b,multiply(b,multiply(b,X1)))),multiply(X2,c))=additive_identity), inference(rw,[status(thm)],[inference(rw,[status(thm)],[inference(rw,[status(thm)],[inference(spm,[status(thm)],[c_0_145, c_0_166]), c_0_17]), c_0_17]), c_0_3])).
cnf(c_0_175,hypothesis,(multiply(c,multiply(a,multiply(c,multiply(b,multiply(b,a)))))=c), inference(rw,[status(thm)],[inference(rw,[status(thm)],[inference(rw,[status(thm)],[inference(spm,[status(thm)],[c_0_167, c_0_168]), c_0_135]), c_0_162]), c_0_169])).
cnf(c_0_176,hypothesis,(multiply(X1,multiply(X1,add(X2,multiply(X1,X1))))=add(X1,multiply(X1,multiply(X1,X2)))), inference(spm,[status(thm)],[c_0_13, c_0_4])).
cnf(c_0_177,hypothesis,(multiply(X1,multiply(add(multiply(X1,multiply(X1,X1)),X2),X3))=multiply(add(X1,multiply(X1,X2)),X3)), inference(spm,[status(thm)],[c_0_8, c_0_25])).
cnf(c_0_178,hypothesis,(multiply(add(X1,multiply(X2,multiply(X2,X2))),multiply(X2,X3))=multiply(add(X2,multiply(X1,X2)),X3)), inference(rw,[status(thm)],[inference(rw,[status(thm)],[inference(spm,[status(thm)],[c_0_133, c_0_28]), c_0_26]), c_0_6])).
cnf(c_0_179,hypothesis,(multiply(X1,add(X2,add(X3,multiply(X1,multiply(X1,multiply(X1,X2))))))=multiply(X1,X3)), inference(spm,[status(thm)],[c_0_170, c_0_146])).
cnf(c_0_180,hypothesis,(multiply(X1,add(X2,add(multiply(X2,multiply(X1,multiply(X1,X1))),X3)))=multiply(X1,X3)), inference(rw,[status(thm)],[inference(rw,[status(thm)],[inference(rw,[status(thm)],[inference(rw,[status(thm)],[inference(spm,[status(thm)],[c_0_138, c_0_128]), c_0_17]), c_0_17]), c_0_2]), c_0_0])).
cnf(c_0_181,hypothesis,(multiply(a,multiply(a,multiply(c,multiply(b,c))))=multiply(b,multiply(b,c))), inference(spm,[status(thm)],[c_0_117, c_0_171])).
cnf(c_0_182,hypothesis,(multiply(c,multiply(add(X1,multiply(a,multiply(a,multiply(a,X1)))),c))=additive_identity), inference(rw,[status(thm)],[inference(rw,[status(thm)],[inference(rw,[status(thm)],[inference(spm,[status(thm)],[c_0_151, c_0_172]), c_0_153]), c_0_119]), c_0_32])).
cnf(c_0_183,hypothesis,(multiply(c,multiply(b,multiply(b,multiply(a,a))))=multiply(c,multiply(c,c))), inference(spm,[status(thm)],[c_0_160, c_0_169])).
cnf(c_0_184,plain,(add(X1,add(X1,X2))=X2), inference(rw,[status(thm)],[c_0_11, c_0_111])).
cnf(c_0_185,hypothesis,(add(multiply(X1,c),multiply(b,multiply(b,multiply(b,multiply(X1,c)))))=additive_identity), inference(rw,[status(thm)],[inference(rw,[status(thm)],[inference(rw,[status(thm)],[inference(rw,[status(thm)],[inference(rw,[status(thm)],[inference(rw,[status(thm)],[inference(rw,[status(thm)],[inference(rw,[status(thm)],[inference(rw,[status(thm)],[inference(rw,[status(thm)],[inference(rw,[status(thm)],[inference(spm,[status(thm)],[c_0_173, c_0_174]), c_0_8]), c_0_8]), c_0_8]), c_0_8]), c_0_8]), c_0_8]), c_0_8]), c_0_8]), c_0_8]), c_0_8]), c_0_75])).
cnf(c_0_186,hypothesis,(multiply(c,multiply(a,multiply(c,multiply(a,c))))=multiply(c,multiply(b,multiply(b,a)))), inference(spm,[status(thm)],[c_0_131, c_0_175])).
cnf(c_0_187,hypothesis,(multiply(X1,multiply(X2,multiply(X1,multiply(X2,multiply(add(X3,multiply(X1,multiply(X2,X1))),X2)))))=multiply(X1,add(X2,multiply(X2,multiply(X1,multiply(X2,multiply(X3,X2))))))), inference(rw,[status(thm)],[inference(rw,[status(thm)],[inference(rw,[status(thm)],[inference(rw,[status(thm)],[inference(rw,[status(thm)],[inference(rw,[status(thm)],[inference(spm,[status(thm)],[c_0_176, c_0_16]), c_0_8]), c_0_8]), c_0_8]), c_0_8]), c_0_8]), c_0_4])).
cnf(c_0_188,hypothesis,(multiply(X1,multiply(add(X2,multiply(X1,multiply(X1,multiply(X1,X2)))),X3))=additive_identity), inference(rw,[status(thm)],[inference(rw,[status(thm)],[inference(rw,[status(thm)],[inference(spm,[status(thm)],[c_0_177, c_0_178]), c_0_8]), c_0_8]), c_0_128])).
cnf(c_0_189,hypothesis,(multiply(X1,multiply(X2,multiply(X1,multiply(X1,X1))))=multiply(X1,X2)), inference(rw,[status(thm)],[inference(spm,[status(thm)],[c_0_179, c_0_180]), c_0_28])).
cnf(c_0_190,hypothesis,(multiply(a,multiply(a,multiply(c,multiply(b,multiply(b,c)))))=multiply(b,multiply(b,multiply(b,c)))), inference(spm,[status(thm)],[c_0_117, c_0_181])).
cnf(c_0_191,hypothesis,(multiply(c,multiply(b,multiply(b,c)))=multiply(a,c)), inference(rw,[status(thm)],[inference(rw,[status(thm)],[inference(rw,[status(thm)],[inference(spm,[status(thm)],[c_0_143, c_0_119]), c_0_3]), c_0_8]), c_0_8])).
cnf(c_0_192,hypothesis,(multiply(add(X1,multiply(a,multiply(a,multiply(a,X1)))),c)=additive_identity), inference(rw,[status(thm)],[inference(rw,[status(thm)],[inference(rw,[status(thm)],[inference(rw,[status(thm)],[inference(rw,[status(thm)],[inference(spm,[status(thm)],[c_0_75, c_0_182]), c_0_17]), c_0_17]), c_0_17]), c_0_17]), c_0_17])).
cnf(c_0_193,hypothesis,(multiply(a,multiply(a,multiply(c,multiply(b,multiply(c,X1)))))=multiply(b,multiply(b,multiply(c,X1)))), inference(spm,[status(thm)],[c_0_117, c_0_124])).
cnf(c_0_194,hypothesis,(multiply(c,multiply(b,multiply(c,c)))=multiply(c,multiply(a,a))), inference(rw,[status(thm)],[inference(rw,[status(thm)],[inference(spm,[status(thm)],[c_0_159, c_0_183]), c_0_124]), c_0_135])).
cnf(c_0_195,negated_conjecture,(multiply(add(X1,multiply(a,multiply(a,a))),multiply(c,X2))=multiply(add(c,multiply(X1,c)),X2)), inference(rw,[status(thm)],[inference(rw,[status(thm)],[inference(spm,[status(thm)],[c_0_133, c_0_113]), c_0_26]), c_0_6])).
cnf(c_0_196,hypothesis,(multiply(b,multiply(b,multiply(b,multiply(X1,c))))=multiply(X1,c)), inference(rw,[status(thm)],[inference(spm,[status(thm)],[c_0_184, c_0_185]), c_0_3])).
cnf(c_0_197,hypothesis,(multiply(a,multiply(a,multiply(c,multiply(b,multiply(a,X1)))))=multiply(b,multiply(b,multiply(a,X1)))), inference(spm,[status(thm)],[c_0_117, c_0_117])).
cnf(c_0_198,hypothesis,(multiply(c,multiply(b,multiply(a,multiply(c,multiply(a,c)))))=multiply(c,a)), inference(rw,[status(thm)],[inference(rw,[status(thm)],[inference(spm,[status(thm)],[c_0_159, c_0_186]), c_0_168]), c_0_135])).
cnf(c_0_199,hypothesis,(multiply(add(X1,multiply(X2,multiply(X2,multiply(X2,X1)))),multiply(X3,X2))=additive_identity), inference(rw,[status(thm)],[inference(rw,[status(thm)],[inference(rw,[status(thm)],[inference(rw,[status(thm)],[inference(rw,[status(thm)],[inference(rw,[status(thm)],[inference(rw,[status(thm)],[inference(rw,[status(thm)],[inference(rw,[status(thm)],[inference(rw,[status(thm)],[inference(rw,[status(thm)],[inference(rw,[status(thm)],[inference(rw,[status(thm)],[inference(spm,[status(thm)],[c_0_187, c_0_188]), c_0_8]), c_0_17]), c_0_17]), c_0_3]), c_0_8]), c_0_188]), c_0_8]), c_0_17]), c_0_17]), c_0_8]), c_0_188]), c_0_3]), c_0_8])).
cnf(c_0_200,hypothesis,(multiply(X1,multiply(X2,multiply(X1,multiply(X2,multiply(X1,multiply(X2,X1))))))=multiply(X1,multiply(X2,multiply(X2,X2)))), inference(spm,[status(thm)],[c_0_102, c_0_189])).
cnf(c_0_201,hypothesis,(multiply(b,multiply(b,multiply(b,c)))=c), inference(rw,[status(thm)],[inference(rw,[status(thm)],[c_0_190, c_0_191]), c_0_34])).
cnf(c_0_202,hypothesis,(multiply(add(X1,multiply(a,multiply(a,multiply(a,X1)))),multiply(X2,c))=additive_identity), inference(rw,[status(thm)],[inference(rw,[status(thm)],[inference(rw,[status(thm)],[inference(spm,[status(thm)],[c_0_145, c_0_192]), c_0_17]), c_0_17]), c_0_3])).
cnf(c_0_203,hypothesis,(multiply(b,multiply(b,multiply(c,c)))=multiply(b,multiply(a,a))), inference(rw,[status(thm)],[inference(spm,[status(thm)],[c_0_193, c_0_194]), c_0_117])).
cnf(c_0_204,hypothesis,(add(multiply(X1,X2),multiply(X3,multiply(X1,multiply(X2,multiply(X1,multiply(X2,multiply(X1,X2)))))))=multiply(add(X3,multiply(X1,X2)),multiply(X1,multiply(X2,multiply(X1,multiply(X2,multiply(X1,X2))))))), inference(rw,[status(thm)],[inference(spm,[status(thm)],[c_0_16, c_0_75]), c_0_6])).
cnf(c_0_205,hypothesis,(multiply(X1,multiply(add(c,multiply(X1,multiply(X1,multiply(X1,c)))),X2))=additive_identity), inference(rw,[status(thm)],[inference(rw,[status(thm)],[inference(rw,[status(thm)],[inference(spm,[status(thm)],[c_0_177, c_0_195]), c_0_8]), c_0_8]), c_0_150])).
cnf(c_0_206,hypothesis,(multiply(b,multiply(b,multiply(b,multiply(X1,multiply(X2,c)))))=multiply(X1,multiply(X2,c))), inference(spm,[status(thm)],[c_0_196, c_0_8])).
cnf(c_0_207,hypothesis,(multiply(b,multiply(b,multiply(a,multiply(c,multiply(a,c)))))=multiply(b,a)), inference(rw,[status(thm)],[inference(spm,[status(thm)],[c_0_197, c_0_198]), c_0_109])).
cnf(c_0_208,hypothesis,(multiply(b,multiply(a,multiply(a,a)))=multiply(a,multiply(a,c))), inference(spm,[status(thm)],[c_0_117, c_0_169])).
cnf(c_0_209,hypothesis,(add(multiply(X1,X2),multiply(X2,multiply(X2,multiply(X2,multiply(X1,X2)))))=additive_identity), inference(rw,[status(thm)],[inference(rw,[status(thm)],[inference(rw,[status(thm)],[inference(rw,[status(thm)],[inference(rw,[status(thm)],[inference(rw,[status(thm)],[inference(rw,[status(thm)],[inference(rw,[status(thm)],[inference(rw,[status(thm)],[inference(spm,[status(thm)],[c_0_173, c_0_199]), c_0_8]), c_0_8]), c_0_200]), c_0_8]), c_0_8]), c_0_8]), c_0_8]), c_0_8]), c_0_28])).
cnf(c_0_210,hypothesis,(multiply(b,multiply(b,multiply(b,multiply(c,X1))))=multiply(c,X1)), inference(rw,[status(thm)],[inference(rw,[status(thm)],[inference(spm,[status(thm)],[c_0_8, c_0_201]), c_0_8]), c_0_8])).
cnf(c_0_211,hypothesis,(add(multiply(X1,c),multiply(a,multiply(a,multiply(a,multiply(X1,c)))))=additive_identity), inference(rw,[status(thm)],[inference(rw,[status(thm)],[inference(rw,[status(thm)],[inference(rw,[status(thm)],[inference(rw,[status(thm)],[inference(rw,[status(thm)],[inference(rw,[status(thm)],[inference(rw,[status(thm)],[inference(rw,[status(thm)],[inference(rw,[status(thm)],[inference(rw,[status(thm)],[inference(spm,[status(thm)],[c_0_173, c_0_202]), c_0_8]), c_0_8]), c_0_8]), c_0_8]), c_0_8]), c_0_8]), c_0_8]), c_0_8]), c_0_8]), c_0_8]), c_0_75])).
cnf(c_0_212,hypothesis,(multiply(b,multiply(b,multiply(c,multiply(c,X1))))=multiply(b,multiply(a,multiply(a,X1)))), inference(rw,[status(thm)],[inference(rw,[status(thm)],[inference(rw,[status(thm)],[inference(rw,[status(thm)],[inference(spm,[status(thm)],[c_0_8, c_0_203]), c_0_8]), c_0_8]), c_0_8]), c_0_8])).
cnf(c_0_213,hypothesis,(add(multiply(c,X1),multiply(X2,multiply(b,multiply(b,multiply(b,X1)))))=multiply(add(c,X2),multiply(b,multiply(b,multiply(b,X1))))), inference(spm,[status(thm)],[c_0_7, c_0_135])).
cnf(c_0_214,hypothesis,(multiply(add(c,multiply(X1,multiply(X1,multiply(X1,c)))),X1)=additive_identity), inference(rw,[status(thm)],[inference(rw,[status(thm)],[inference(rw,[status(thm)],[inference(rw,[status(thm)],[inference(rw,[status(thm)],[inference(spm,[status(thm)],[c_0_204, c_0_205]), c_0_17]), c_0_17]), c_0_3]), c_0_17]), c_0_17])).
cnf(c_0_215,hypothesis,(multiply(b,multiply(b,multiply(b,multiply(X1,multiply(X2,multiply(X3,c))))))=multiply(X1,multiply(X2,multiply(X3,c)))), inference(spm,[status(thm)],[c_0_206, c_0_8])).
cnf(c_0_216,negated_conjecture,(multiply(b,multiply(c,multiply(b,a)))=multiply(b,multiply(b,multiply(a,c)))), inference(rw,[status(thm)],[inference(spm,[status(thm)],[c_0_140, c_0_207]), c_0_117])).
cnf(c_0_217,hypothesis,(multiply(c,multiply(c,multiply(b,multiply(b,X1))))=multiply(c,multiply(a,X1))), inference(rw,[status(thm)],[inference(rw,[status(thm)],[inference(rw,[status(thm)],[inference(spm,[status(thm)],[c_0_8, c_0_125]), c_0_8]), c_0_8]), c_0_8])).
cnf(c_0_218,negated_conjecture,(multiply(b,multiply(b,multiply(c,multiply(c,a))))=multiply(a,multiply(a,c))), inference(rw,[status(thm)],[c_0_156, c_0_208])).
cnf(c_0_219,hypothesis,(multiply(b,multiply(a,multiply(a,c)))=multiply(a,multiply(a,multiply(c,b)))), inference(spm,[status(thm)],[c_0_117, c_0_154])).
cnf(c_0_220,hypothesis,(multiply(X1,multiply(X1,multiply(X1,multiply(X2,X1))))=multiply(X2,X1)), inference(rw,[status(thm)],[inference(spm,[status(thm)],[c_0_184, c_0_209]), c_0_3])).
cnf(c_0_221,hypothesis,(multiply(X1,multiply(X2,multiply(X1,multiply(X1,multiply(X1,X3)))))=multiply(X1,multiply(X2,X3))), inference(rw,[status(thm)],[inference(rw,[status(thm)],[inference(rw,[status(thm)],[inference(rw,[status(thm)],[inference(spm,[status(thm)],[c_0_8, c_0_189]), c_0_8]), c_0_8]), c_0_8]), c_0_8])).
cnf(c_0_222,hypothesis,(multiply(X1,multiply(X2,multiply(X3,multiply(X1,multiply(X2,multiply(X3,multiply(X1,multiply(X2,multiply(X3,multiply(X1,multiply(X2,X3)))))))))))=multiply(X1,multiply(X2,X3))), inference(rw,[status(thm)],[inference(rw,[status(thm)],[inference(rw,[status(thm)],[inference(rw,[status(thm)],[inference(spm,[status(thm)],[c_0_8, c_0_75]), c_0_8]), c_0_8]), c_0_8]), c_0_8])).
cnf(c_0_223,hypothesis,(multiply(b,multiply(b,multiply(b,multiply(a,X1))))=multiply(c,multiply(b,multiply(b,X1)))), inference(rw,[status(thm)],[inference(spm,[status(thm)],[c_0_210, c_0_160]), c_0_140])).
cnf(c_0_224,hypothesis,(multiply(a,multiply(a,multiply(a,multiply(X1,c))))=multiply(X1,c)), inference(rw,[status(thm)],[inference(spm,[status(thm)],[c_0_184, c_0_211]), c_0_3])).
cnf(c_0_225,hypothesis,(multiply(b,multiply(b,multiply(a,multiply(a,X1))))=multiply(c,multiply(c,X1))), inference(spm,[status(thm)],[c_0_210, c_0_212])).
cnf(c_0_226,hypothesis,(multiply(X1,multiply(X1,multiply(X1,multiply(c,X1))))=multiply(c,X1)), inference(rw,[status(thm)],[inference(rw,[status(thm)],[inference(rw,[status(thm)],[inference(rw,[status(thm)],[inference(rw,[status(thm)],[inference(rw,[status(thm)],[inference(rw,[status(thm)],[inference(rw,[status(thm)],[inference(rw,[status(thm)],[inference(rw,[status(thm)],[inference(rw,[status(thm)],[inference(rw,[status(thm)],[inference(rw,[status(thm)],[inference(rw,[status(thm)],[inference(rw,[status(thm)],[inference(rw,[status(thm)],[inference(rw,[status(thm)],[inference(rw,[status(thm)],[inference(spm,[status(thm)],[c_0_213, c_0_214]), c_0_3]), c_0_8]), c_0_8]), c_0_8]), c_0_196]), c_0_8]), c_0_8]), c_0_8]), c_0_206]), c_0_8]), c_0_8]), c_0_8]), c_0_215]), c_0_184]), c_0_8]), c_0_8]), c_0_8]), c_0_135])).
cnf(c_0_227,negated_conjecture,(multiply(b,multiply(c,multiply(b,multiply(a,X1))))=multiply(b,multiply(b,multiply(a,multiply(c,X1))))), inference(rw,[status(thm)],[inference(rw,[status(thm)],[inference(rw,[status(thm)],[inference(rw,[status(thm)],[inference(rw,[status(thm)],[inference(spm,[status(thm)],[c_0_8, c_0_216]), c_0_8]), c_0_8]), c_0_8]), c_0_8]), c_0_8])).
cnf(c_0_228,hypothesis,(multiply(c,multiply(a,multiply(c,multiply(c,a))))=multiply(c,multiply(c,b))), inference(rw,[status(thm)],[inference(spm,[status(thm)],[c_0_217, c_0_218]), c_0_154])).
cnf(c_0_229,hypothesis,(multiply(c,multiply(b,multiply(b,multiply(a,c))))=multiply(c,multiply(c,multiply(c,b)))), inference(spm,[status(thm)],[c_0_160, c_0_154])).
cnf(c_0_230,hypothesis,(multiply(b,multiply(a,multiply(a,multiply(c,X1))))=multiply(a,multiply(a,multiply(c,multiply(b,X1))))), inference(rw,[status(thm)],[inference(rw,[status(thm)],[inference(rw,[status(thm)],[inference(rw,[status(thm)],[inference(rw,[status(thm)],[inference(spm,[status(thm)],[c_0_8, c_0_219]), c_0_8]), c_0_8]), c_0_8]), c_0_8]), c_0_8])).
cnf(c_0_231,hypothesis,(multiply(X1,multiply(X2,multiply(X2,multiply(X2,multiply(X1,multiply(X1,multiply(X2,X1)))))))=multiply(X2,X1)), inference(rw,[status(thm)],[inference(rw,[status(thm)],[inference(rw,[status(thm)],[inference(rw,[status(thm)],[inference(rw,[status(thm)],[inference(rw,[status(thm)],[inference(rw,[status(thm)],[inference(rw,[status(thm)],[inference(rw,[status(thm)],[inference(rw,[status(thm)],[inference(rw,[status(thm)],[inference(spm,[status(thm)],[c_0_220, c_0_189]), c_0_8]), c_0_8]), c_0_8]), c_0_28]), c_0_8]), c_0_8]), c_0_8]), c_0_8]), c_0_8]), c_0_8]), c_0_221])).
cnf(c_0_232,hypothesis,(multiply(X1,multiply(X2,multiply(X3,multiply(X1,multiply(X2,multiply(X3,multiply(X1,multiply(X2,multiply(X3,multiply(X1,multiply(X2,multiply(X3,X4))))))))))))=multiply(X1,multiply(X2,multiply(X3,X4)))), inference(rw,[status(thm)],[inference(rw,[status(thm)],[inference(rw,[status(thm)],[inference(rw,[status(thm)],[inference(rw,[status(thm)],[inference(rw,[status(thm)],[inference(rw,[status(thm)],[inference(rw,[status(thm)],[inference(rw,[status(thm)],[inference(rw,[status(thm)],[inference(rw,[status(thm)],[inference(rw,[status(thm)],[inference(spm,[status(thm)],[c_0_8, c_0_222]), c_0_8]), c_0_8]), c_0_8]), c_0_8]), c_0_8]), c_0_8]), c_0_8]), c_0_8]), c_0_8]), c_0_8]), c_0_8]), c_0_8])).
cnf(c_0_233,hypothesis,(multiply(c,multiply(b,multiply(c,multiply(b,multiply(c,multiply(b,multiply(c,X1)))))))=multiply(c,X1)), inference(spm,[status(thm)],[c_0_102, c_0_135])).
cnf(c_0_234,negated_conjecture,(multiply(c,multiply(b,multiply(c,multiply(c,a))))=c), inference(rw,[status(thm)],[c_0_162, c_0_169])).
cnf(c_0_235,hypothesis,(multiply(c,multiply(c,multiply(a,multiply(c,multiply(c,multiply(a,multiply(c,multiply(c,multiply(a,c)))))))))=c), inference(rw,[status(thm)],[inference(spm,[status(thm)],[c_0_131, c_0_222]), c_0_121])).
cnf(c_0_236,hypothesis,(multiply(c,multiply(c,multiply(c,multiply(X1,c))))=multiply(b,multiply(b,multiply(b,multiply(X1,c))))), inference(rw,[status(thm)],[inference(spm,[status(thm)],[c_0_223, c_0_224]), c_0_225])).
cnf(c_0_237,hypothesis,(multiply(X1,multiply(X1,multiply(X1,multiply(c,multiply(X1,X2)))))=multiply(c,multiply(X1,X2))), inference(rw,[status(thm)],[inference(rw,[status(thm)],[inference(rw,[status(thm)],[inference(rw,[status(thm)],[inference(spm,[status(thm)],[c_0_8, c_0_226]), c_0_8]), c_0_8]), c_0_8]), c_0_8])).
cnf(c_0_238,negated_conjecture,(multiply(c,multiply(b,multiply(a,X1)))=multiply(b,multiply(a,multiply(c,X1)))), inference(rw,[status(thm)],[inference(spm,[status(thm)],[c_0_210, c_0_227]), c_0_28])).
cnf(c_0_239,hypothesis,(multiply(b,multiply(b,multiply(a,c)))=multiply(c,multiply(c,b))), inference(rw,[status(thm)],[inference(rw,[status(thm)],[inference(spm,[status(thm)],[c_0_210, c_0_228]), c_0_212]), c_0_9])).
cnf(c_0_240,hypothesis,(multiply(c,multiply(c,multiply(c,b)))=multiply(a,multiply(a,c))), inference(rw,[status(thm)],[inference(rw,[status(thm)],[inference(rw,[status(thm)],[inference(rw,[status(thm)],[inference(rw,[status(thm)],[inference(spm,[status(thm)],[c_0_210, c_0_229]), c_0_141]), c_0_230]), c_0_149]), c_0_212]), c_0_208])).
cnf(c_0_241,hypothesis,(multiply(b,multiply(a,multiply(c,multiply(b,multiply(b,multiply(a,a))))))=multiply(b,a)), inference(rw,[status(thm)],[inference(rw,[status(thm)],[inference(rw,[status(thm)],[inference(spm,[status(thm)],[c_0_140, c_0_222]), c_0_130]), c_0_130]), c_0_140])).
cnf(c_0_242,hypothesis,(multiply(X1,multiply(X2,multiply(X1,multiply(X2,multiply(X1,multiply(X2,multiply(X2,X1)))))))=multiply(X2,X1)), inference(spm,[status(thm)],[c_0_102, c_0_231])).
cnf(c_0_243,hypothesis,(multiply(X1,multiply(X2,multiply(X2,multiply(X1,multiply(X2,multiply(X2,multiply(X1,X1)))))))=multiply(X2,X1)), inference(rw,[status(thm)],[inference(spm,[status(thm)],[c_0_232, c_0_231]), c_0_221])).
cnf(c_0_244,hypothesis,(multiply(X1,multiply(X2,multiply(X3,multiply(X1,multiply(X1,multiply(X1,X4))))))=multiply(X1,multiply(X2,multiply(X3,X4)))), inference(rw,[status(thm)],[inference(spm,[status(thm)],[c_0_221, c_0_221]), c_0_221])).
cnf(c_0_245,hypothesis,(multiply(X1,multiply(X1,multiply(X1,multiply(X2,multiply(X1,X3)))))=multiply(X2,multiply(X1,X3))), inference(rw,[status(thm)],[inference(rw,[status(thm)],[inference(rw,[status(thm)],[inference(rw,[status(thm)],[inference(spm,[status(thm)],[c_0_8, c_0_220]), c_0_8]), c_0_8]), c_0_8]), c_0_8])).
cnf(c_0_246,hypothesis,(multiply(c,multiply(b,multiply(c,multiply(b,c))))=multiply(c,multiply(c,a))), inference(spm,[status(thm)],[c_0_233, c_0_234])).
cnf(c_0_247,hypothesis,(multiply(c,multiply(a,multiply(c,multiply(c,multiply(a,multiply(c,multiply(c,multiply(a,c))))))))=multiply(c,multiply(c,c))), inference(spm,[status(thm)],[c_0_28, c_0_235])).
cnf(c_0_248,hypothesis,(multiply(b,multiply(c,multiply(c,c)))=multiply(a,multiply(a,c))), inference(rw,[status(thm)],[inference(spm,[status(thm)],[c_0_117, c_0_121]), c_0_126])).
cnf(c_0_249,hypothesis,(multiply(c,multiply(c,multiply(c,multiply(X1,c))))=multiply(X1,c)), inference(rw,[status(thm)],[c_0_236, c_0_196])).
cnf(c_0_250,hypothesis,(multiply(X1,multiply(X1,multiply(X1,multiply(c,multiply(c,X1)))))=multiply(c,multiply(c,X1))), inference(spm,[status(thm)],[c_0_237, c_0_226])).
cnf(c_0_251,negated_conjecture,(multiply(X1,multiply(a,multiply(X1,multiply(a,multiply(X1,multiply(a,multiply(X1,multiply(c,X2))))))))=multiply(X1,multiply(c,X2))), inference(spm,[status(thm)],[c_0_102, c_0_18])).
cnf(c_0_252,hypothesis,(multiply(a,multiply(c,multiply(a,multiply(c,X1))))=multiply(b,multiply(b,multiply(a,X1)))), inference(rw,[status(thm)],[inference(rw,[status(thm)],[c_0_197, c_0_238]), c_0_18])).
cnf(c_0_253,hypothesis,(multiply(b,multiply(b,multiply(a,multiply(c,X1))))=multiply(c,multiply(c,multiply(b,X1)))), inference(rw,[status(thm)],[inference(rw,[status(thm)],[inference(rw,[status(thm)],[inference(rw,[status(thm)],[inference(spm,[status(thm)],[c_0_8, c_0_239]), c_0_8]), c_0_8]), c_0_8]), c_0_8])).
cnf(c_0_254,hypothesis,(multiply(c,multiply(c,multiply(c,multiply(b,X1))))=multiply(a,multiply(a,multiply(c,X1)))), inference(rw,[status(thm)],[inference(rw,[status(thm)],[inference(rw,[status(thm)],[inference(rw,[status(thm)],[inference(spm,[status(thm)],[c_0_8, c_0_240]), c_0_8]), c_0_8]), c_0_8]), c_0_8])).
cnf(c_0_255,hypothesis,(multiply(b,multiply(a,multiply(c,multiply(c,c))))=multiply(b,a)), inference(rw,[status(thm)],[c_0_241, c_0_183])).
cnf(c_0_256,negated_conjecture,(multiply(c,multiply(a,multiply(c,multiply(b,b))))=multiply(c,multiply(a,a))), inference(rw,[status(thm)],[inference(spm,[status(thm)],[c_0_217, c_0_130]), c_0_217])).
cnf(c_0_257,hypothesis,(multiply(X1,multiply(X1,multiply(X2,multiply(X1,multiply(X2,multiply(X1,multiply(X2,X2)))))))=multiply(X1,X2)), inference(rw,[status(thm)],[inference(rw,[status(thm)],[inference(rw,[status(thm)],[inference(rw,[status(thm)],[inference(rw,[status(thm)],[inference(rw,[status(thm)],[inference(rw,[status(thm)],[inference(rw,[status(thm)],[inference(rw,[status(thm)],[inference(rw,[status(thm)],[inference(rw,[status(thm)],[inference(rw,[status(thm)],[inference(rw,[status(thm)],[inference(rw,[status(thm)],[inference(rw,[status(thm)],[inference(rw,[status(thm)],[inference(rw,[status(thm)],[inference(rw,[status(thm)],[inference(rw,[status(thm)],[inference(rw,[status(thm)],[inference(rw,[status(thm)],[inference(rw,[status(thm)],[inference(rw,[status(thm)],[inference(rw,[status(thm)],[inference(spm,[status(thm)],[c_0_242, c_0_243]), c_0_8]), c_0_8]), c_0_8]), c_0_8]), c_0_8]), c_0_8]), c_0_220]), c_0_221]), c_0_8]), c_0_8]), c_0_8]), c_0_8]), c_0_8]), c_0_8]), c_0_244]), c_0_28]), c_0_8]), c_0_8]), c_0_8]), c_0_8]), c_0_8]), c_0_8]), c_0_244]), c_0_245])).
cnf(c_0_258,hypothesis,(multiply(b,multiply(b,multiply(c,multiply(b,c))))=multiply(b,multiply(c,a))), inference(rw,[status(thm)],[inference(spm,[status(thm)],[c_0_193, c_0_246]), c_0_124])).
cnf(c_0_259,hypothesis,(multiply(b,multiply(c,multiply(c,a)))=multiply(c,multiply(c,c))), inference(rw,[status(thm)],[inference(rw,[status(thm)],[inference(rw,[status(thm)],[inference(rw,[status(thm)],[inference(spm,[status(thm)],[c_0_210, c_0_247]), c_0_248]), c_0_219]), c_0_230]), c_0_149])).
cnf(c_0_260,hypothesis,(multiply(X1,multiply(X2,multiply(X3,multiply(X1,multiply(X1,X1)))))=multiply(X1,multiply(X2,X3))), inference(spm,[status(thm)],[c_0_189, c_0_8])).
cnf(c_0_261,hypothesis,(multiply(c,multiply(c,multiply(c,multiply(X1,multiply(c,X2)))))=multiply(X1,multiply(c,X2))), inference(rw,[status(thm)],[inference(rw,[status(thm)],[inference(rw,[status(thm)],[inference(rw,[status(thm)],[inference(spm,[status(thm)],[c_0_8, c_0_249]), c_0_8]), c_0_8]), c_0_8]), c_0_8])).
cnf(c_0_262,negated_conjecture,(multiply(c,multiply(X1,multiply(c,multiply(X1,multiply(c,multiply(X1,X1))))))=multiply(c,multiply(c,multiply(c,X1)))), inference(rw,[status(thm)],[inference(rw,[status(thm)],[inference(rw,[status(thm)],[inference(rw,[status(thm)],[inference(rw,[status(thm)],[inference(rw,[status(thm)],[inference(rw,[status(thm)],[inference(rw,[status(thm)],[inference(rw,[status(thm)],[inference(rw,[status(thm)],[inference(rw,[status(thm)],[inference(rw,[status(thm)],[inference(rw,[status(thm)],[inference(rw,[status(thm)],[inference(rw,[status(thm)],[inference(rw,[status(thm)],[inference(spm,[status(thm)],[c_0_250, c_0_251]), c_0_252]), c_0_253]), c_0_254]), c_0_113]), c_0_252]), c_0_253]), c_0_254]), c_0_113]), c_0_252]), c_0_253]), c_0_254]), c_0_113]), c_0_8]), c_0_221]), c_0_8]), c_0_8])).
cnf(c_0_263,hypothesis,(multiply(b,multiply(a,multiply(c,multiply(c,multiply(c,X1)))))=multiply(b,multiply(a,X1))), inference(rw,[status(thm)],[inference(rw,[status(thm)],[inference(rw,[status(thm)],[inference(rw,[status(thm)],[inference(spm,[status(thm)],[c_0_8, c_0_255]), c_0_8]), c_0_8]), c_0_8]), c_0_8])).
cnf(c_0_264,hypothesis,(multiply(c,multiply(a,multiply(c,multiply(a,multiply(c,multiply(a,a))))))=multiply(c,multiply(b,b))), inference(spm,[status(thm)],[c_0_131, c_0_256])).
cnf(c_0_265,negated_conjecture,(multiply(b,multiply(a,multiply(c,multiply(c,a))))=multiply(b,multiply(c,b))), inference(rw,[status(thm)],[inference(spm,[status(thm)],[c_0_140, c_0_218]), c_0_154])).
cnf(c_0_266,hypothesis,(multiply(X1,multiply(X2,multiply(X1,multiply(X2,multiply(X1,X1)))))=multiply(X2,multiply(X2,X1))), inference(spm,[status(thm)],[c_0_245, c_0_257])).
cnf(c_0_267,negated_conjecture,(multiply(c,multiply(a,multiply(c,multiply(b,multiply(b,multiply(a,a))))))=multiply(c,a)), inference(rw,[status(thm)],[inference(spm,[status(thm)],[c_0_18, c_0_241]), c_0_18])).
cnf(c_0_268,negated_conjecture,(multiply(b,multiply(c,multiply(c,multiply(b,c))))=multiply(b,multiply(a,multiply(c,a)))), inference(rw,[status(thm)],[inference(rw,[status(thm)],[inference(spm,[status(thm)],[c_0_140, c_0_258]), c_0_140]), c_0_18])).
cnf(c_0_269,hypothesis,(multiply(a,multiply(a,multiply(c,multiply(X1,c))))=multiply(b,multiply(X1,c))), inference(spm,[status(thm)],[c_0_117, c_0_224])).
cnf(c_0_270,hypothesis,(multiply(a,multiply(a,multiply(c,b)))=multiply(c,multiply(c,a))), inference(rw,[status(thm)],[inference(rw,[status(thm)],[inference(spm,[status(thm)],[c_0_210, c_0_259]), c_0_248]), c_0_219])).
cnf(c_0_271,hypothesis,(multiply(X1,multiply(c,multiply(X1,multiply(c,multiply(X1,multiply(c,c))))))=multiply(c,multiply(X1,multiply(X1,X1)))), inference(rw,[status(thm)],[inference(rw,[status(thm)],[inference(rw,[status(thm)],[inference(rw,[status(thm)],[inference(rw,[status(thm)],[inference(rw,[status(thm)],[inference(rw,[status(thm)],[inference(rw,[status(thm)],[inference(rw,[status(thm)],[inference(rw,[status(thm)],[inference(rw,[status(thm)],[inference(rw,[status(thm)],[inference(rw,[status(thm)],[inference(rw,[status(thm)],[inference(rw,[status(thm)],[inference(rw,[status(thm)],[inference(rw,[status(thm)],[inference(rw,[status(thm)],[inference(spm,[status(thm)],[c_0_226, c_0_200]), c_0_8]), c_0_8]), c_0_8]), c_0_8]), c_0_8]), c_0_260]), c_0_8]), c_0_8]), c_0_8]), c_0_8]), c_0_8]), c_0_102]), c_0_8]), c_0_8]), c_0_8]), c_0_8]), c_0_8]), c_0_102])).
cnf(c_0_272,hypothesis,(multiply(X1,multiply(c,multiply(X1,multiply(c,multiply(X1,X1)))))=multiply(c,multiply(c,X1))), inference(rw,[status(thm)],[inference(spm,[status(thm)],[c_0_261, c_0_262]), c_0_28])).
cnf(c_0_273,hypothesis,(multiply(b,multiply(b,multiply(a,multiply(c,multiply(a,a)))))=multiply(b,multiply(c,b))), inference(rw,[status(thm)],[inference(rw,[status(thm)],[inference(rw,[status(thm)],[inference(spm,[status(thm)],[c_0_263, c_0_264]), c_0_125]), c_0_265]), c_0_117])).
cnf(c_0_274,hypothesis,(multiply(X1,multiply(X2,multiply(X3,multiply(X4,multiply(X1,multiply(X1,X1))))))=multiply(X1,multiply(X2,multiply(X3,X4)))), inference(rw,[status(thm)],[inference(spm,[status(thm)],[c_0_221, c_0_260]), c_0_221])).
cnf(c_0_275,hypothesis,(multiply(X1,multiply(X2,multiply(X1,multiply(X2,multiply(X1,multiply(X1,X3))))))=multiply(X2,multiply(X2,multiply(X1,X3)))), inference(rw,[status(thm)],[inference(rw,[status(thm)],[inference(rw,[status(thm)],[inference(rw,[status(thm)],[inference(rw,[status(thm)],[inference(rw,[status(thm)],[inference(spm,[status(thm)],[c_0_8, c_0_266]), c_0_8]), c_0_8]), c_0_8]), c_0_8]), c_0_8]), c_0_8])).
cnf(c_0_276,negated_conjecture,(multiply(c,multiply(a,multiply(c,multiply(c,c))))=multiply(c,a)), inference(rw,[status(thm)],[c_0_267, c_0_183])).
cnf(c_0_277,hypothesis,(multiply(c,multiply(b,multiply(b,multiply(a,multiply(c,a)))))=multiply(c,multiply(c,multiply(c,multiply(b,a))))), inference(spm,[status(thm)],[c_0_160, c_0_109])).
cnf(c_0_278,hypothesis,(multiply(c,multiply(c,multiply(b,a)))=multiply(c,multiply(b,multiply(a,c)))), inference(rw,[status(thm)],[inference(spm,[status(thm)],[c_0_217, c_0_207]), c_0_117])).
cnf(c_0_279,hypothesis,(multiply(b,multiply(b,multiply(a,multiply(c,a))))=multiply(b,multiply(a,multiply(c,c)))), inference(rw,[status(thm)],[inference(spm,[status(thm)],[c_0_212, c_0_268]), c_0_18])).
cnf(c_0_280,hypothesis,(multiply(a,multiply(a,multiply(c,multiply(X1,multiply(c,X2)))))=multiply(b,multiply(X1,multiply(c,X2)))), inference(rw,[status(thm)],[inference(rw,[status(thm)],[inference(rw,[status(thm)],[inference(rw,[status(thm)],[inference(rw,[status(thm)],[inference(spm,[status(thm)],[c_0_8, c_0_269]), c_0_8]), c_0_8]), c_0_8]), c_0_8]), c_0_8])).
cnf(c_0_281,hypothesis,(multiply(b,multiply(X1,multiply(c,multiply(c,c))))=multiply(b,multiply(X1,multiply(a,multiply(a,a))))), inference(rw,[status(thm)],[inference(rw,[status(thm)],[inference(rw,[status(thm)],[inference(spm,[status(thm)],[c_0_221, c_0_208]), c_0_219]), c_0_270]), c_0_259])).
cnf(c_0_282,hypothesis,(multiply(c,multiply(X1,multiply(c,multiply(X1,multiply(c,c)))))=multiply(X1,multiply(X1,c))), inference(rw,[status(thm)],[inference(spm,[status(thm)],[c_0_237, c_0_271]), c_0_189])).
cnf(c_0_283,hypothesis,(multiply(X1,multiply(c,multiply(X1,multiply(c,multiply(X1,multiply(X1,X2))))))=multiply(c,multiply(c,multiply(X1,X2)))), inference(rw,[status(thm)],[inference(rw,[status(thm)],[inference(rw,[status(thm)],[inference(rw,[status(thm)],[inference(rw,[status(thm)],[inference(rw,[status(thm)],[inference(spm,[status(thm)],[c_0_8, c_0_272]), c_0_8]), c_0_8]), c_0_8]), c_0_8]), c_0_8]), c_0_8])).
cnf(c_0_284,negated_conjecture,(multiply(b,multiply(b,multiply(c,a)))=multiply(b,multiply(a,multiply(c,b)))), inference(rw,[status(thm)],[inference(rw,[status(thm)],[inference(spm,[status(thm)],[c_0_140, c_0_265]), c_0_140]), c_0_124])).
cnf(c_0_285,hypothesis,(multiply(c,multiply(c,multiply(b,multiply(c,b))))=multiply(c,multiply(b,multiply(a,a)))), inference(rw,[status(thm)],[inference(spm,[status(thm)],[c_0_217, c_0_273]), c_0_117])).
cnf(c_0_286,hypothesis,(multiply(c,multiply(c,multiply(b,multiply(a,a))))=multiply(c,multiply(a,multiply(c,c)))), inference(spm,[status(thm)],[c_0_217, c_0_203])).
cnf(c_0_287,plain,(add(X1,add(X2,X3))=add(X3,add(X1,X2))), inference(spm,[status(thm)],[c_0_6, c_0_0])).
cnf(c_0_288,hypothesis,(multiply(X1,multiply(X1,multiply(X2,X2)))=multiply(X2,multiply(X1,multiply(X2,X1)))), inference(spm,[status(thm)],[c_0_274, c_0_275])).
cnf(c_0_289,negated_conjecture,(multiply(c,multiply(a,multiply(c,multiply(c,multiply(c,X1)))))=multiply(c,multiply(a,X1))), inference(rw,[status(thm)],[inference(rw,[status(thm)],[inference(rw,[status(thm)],[inference(rw,[status(thm)],[inference(spm,[status(thm)],[c_0_8, c_0_276]), c_0_8]), c_0_8]), c_0_8]), c_0_8])).
cnf(c_0_290,hypothesis,(multiply(c,multiply(c,multiply(b,multiply(a,c))))=multiply(c,multiply(b,multiply(a,multiply(c,c))))), inference(rw,[status(thm)],[inference(rw,[status(thm)],[c_0_277, c_0_278]), c_0_279])).
cnf(c_0_291,hypothesis,(multiply(b,multiply(X1,multiply(a,multiply(a,a))))=multiply(a,multiply(a,multiply(c,X1)))), inference(rw,[status(thm)],[inference(spm,[status(thm)],[c_0_280, c_0_189]), c_0_281])).
cnf(c_0_292,hypothesis,(multiply(c,multiply(X1,multiply(c,multiply(X1,multiply(c,multiply(c,X2))))))=multiply(X1,multiply(X1,multiply(c,X2)))), inference(rw,[status(thm)],[inference(rw,[status(thm)],[inference(rw,[status(thm)],[inference(rw,[status(thm)],[inference(rw,[status(thm)],[inference(rw,[status(thm)],[inference(spm,[status(thm)],[c_0_8, c_0_282]), c_0_8]), c_0_8]), c_0_8]), c_0_8]), c_0_8]), c_0_8])).
cnf(c_0_293,hypothesis,(multiply(c,multiply(c,multiply(X1,X1)))=multiply(X1,multiply(c,multiply(X1,c)))), inference(spm,[status(thm)],[c_0_274, c_0_283])).
cnf(c_0_294,hypothesis,(multiply(b,multiply(b,multiply(a,multiply(c,b))))=multiply(b,multiply(c,multiply(b,c)))), inference(rw,[status(thm)],[inference(spm,[status(thm)],[c_0_28, c_0_258]), c_0_284])).
cnf(c_0_295,hypothesis,(multiply(c,multiply(c,multiply(a,multiply(c,c))))=multiply(c,multiply(b,multiply(c,b)))), inference(rw,[status(thm)],[inference(spm,[status(thm)],[c_0_28, c_0_285]), c_0_286])).
cnf(c_0_296,negated_conjecture,(multiply(b,multiply(c,multiply(b,multiply(c,b))))=multiply(b,multiply(b,multiply(a,a)))), inference(rw,[status(thm)],[inference(spm,[status(thm)],[c_0_140, c_0_273]), c_0_117])).
cnf(c_0_297,hypothesis,(multiply(b,multiply(b,multiply(b,multiply(a,a))))=multiply(b,multiply(c,c))), inference(spm,[status(thm)],[c_0_28, c_0_203])).
cnf(c_0_298,hypothesis,(add(multiply(X1,X2),multiply(X3,multiply(X2,multiply(X1,multiply(X2,multiply(X1,multiply(X2,multiply(X1,X2))))))))=multiply(add(X1,X3),multiply(X2,multiply(X1,multiply(X2,multiply(X1,multiply(X2,multiply(X1,X2)))))))), inference(spm,[status(thm)],[c_0_7, c_0_75])).
cnf(c_0_299,negated_conjecture,(add(c,multiply(X1,multiply(X2,multiply(X3,b))))=multiply(add(a,multiply(X1,multiply(X2,X3))),b)), inference(spm,[status(thm)],[c_0_65, c_0_8])).
cnf(c_0_300,plain,(add(X1,add(X2,add(X3,additive_inverse(X1))))=add(X2,X3)), inference(spm,[status(thm)],[c_0_24, c_0_0])).
cnf(c_0_301,hypothesis,(add(X1,multiply(X2,multiply(X1,multiply(X1,X1))))=multiply(add(X2,X1),multiply(X1,multiply(X1,X1)))), inference(rw,[status(thm)],[inference(spm,[status(thm)],[c_0_7, c_0_5]), c_0_6])).
cnf(c_0_302,plain,(add(additive_inverse(X1),add(X2,add(X3,X1)))=add(X3,X2)), inference(rw,[status(thm)],[inference(spm,[status(thm)],[c_0_287, c_0_11]), c_0_0])).
cnf(c_0_303,hypothesis,(multiply(X1,multiply(X2,multiply(X2,multiply(X1,multiply(X1,multiply(X2,multiply(X1,X2)))))))=multiply(X2,X1)), inference(spm,[status(thm)],[c_0_243, c_0_288])).
cnf(c_0_304,hypothesis,(multiply(X1,multiply(X1,multiply(X2,multiply(X1,multiply(X2,X1)))))=multiply(X1,multiply(X2,X2))), inference(spm,[status(thm)],[c_0_28, c_0_288])).
cnf(c_0_305,hypothesis,(multiply(X1,multiply(X1,multiply(X1,multiply(X2,multiply(X3,multiply(X1,X4))))))=multiply(X2,multiply(X3,multiply(X1,X4)))), inference(spm,[status(thm)],[c_0_245, c_0_245])).
cnf(c_0_306,hypothesis,(multiply(c,multiply(c,multiply(b,multiply(a,multiply(c,c)))))=multiply(c,multiply(b,a))), inference(rw,[status(thm)],[inference(spm,[status(thm)],[c_0_217, c_0_279]), c_0_109])).
cnf(c_0_307,hypothesis,(multiply(c,multiply(b,multiply(a,multiply(c,c))))=multiply(c,multiply(a,multiply(c,multiply(c,b))))), inference(rw,[status(thm)],[inference(rw,[status(thm)],[inference(rw,[status(thm)],[inference(spm,[status(thm)],[c_0_289, c_0_229]), c_0_28]), c_0_18]), c_0_290])).
cnf(c_0_308,hypothesis,(multiply(b,multiply(b,multiply(b,multiply(X1,multiply(c,X2)))))=multiply(X1,multiply(c,X2))), inference(rw,[status(thm)],[inference(rw,[status(thm)],[inference(rw,[status(thm)],[inference(rw,[status(thm)],[inference(spm,[status(thm)],[c_0_8, c_0_196]), c_0_8]), c_0_8]), c_0_8]), c_0_8])).
cnf(c_0_309,hypothesis,(multiply(b,multiply(X1,multiply(c,multiply(c,c))))=multiply(a,multiply(a,multiply(c,X1)))), inference(rw,[status(thm)],[c_0_281, c_0_291])).
cnf(c_0_310,hypothesis,(multiply(a,multiply(a,multiply(c,multiply(b,X1))))=multiply(c,multiply(c,multiply(a,X1)))), inference(rw,[status(thm)],[inference(rw,[status(thm)],[inference(rw,[status(thm)],[inference(rw,[status(thm)],[inference(spm,[status(thm)],[c_0_8, c_0_270]), c_0_8]), c_0_8]), c_0_8]), c_0_8])).
cnf(c_0_311,hypothesis,(multiply(b,multiply(c,multiply(c,multiply(a,X1))))=multiply(c,multiply(c,multiply(c,X1)))), inference(rw,[status(thm)],[inference(rw,[status(thm)],[inference(rw,[status(thm)],[inference(rw,[status(thm)],[inference(spm,[status(thm)],[c_0_8, c_0_259]), c_0_8]), c_0_8]), c_0_8]), c_0_8])).
cnf(c_0_312,hypothesis,(multiply(c,multiply(X1,multiply(c,multiply(X1,multiply(c,multiply(X2,c))))))=multiply(X1,multiply(X1,multiply(X2,c)))), inference(spm,[status(thm)],[c_0_292, c_0_249])).
cnf(c_0_313,hypothesis,(multiply(c,multiply(c,multiply(X1,multiply(c,multiply(X1,c)))))=multiply(c,multiply(X1,X1))), inference(spm,[status(thm)],[c_0_28, c_0_293])).
cnf(c_0_314,hypothesis,(multiply(b,multiply(c,multiply(b,c)))=multiply(c,a)), inference(rw,[status(thm)],[inference(rw,[status(thm)],[inference(spm,[status(thm)],[c_0_210, c_0_125]), c_0_284]), c_0_294])).
cnf(c_0_315,hypothesis,(multiply(c,multiply(b,multiply(c,b)))=multiply(b,multiply(a,a))), inference(rw,[status(thm)],[inference(rw,[status(thm)],[inference(rw,[status(thm)],[inference(spm,[status(thm)],[c_0_210, c_0_295]), c_0_296]), c_0_297]), c_0_203])).
cnf(c_0_316,hypothesis,(multiply(add(a,multiply(c,multiply(b,X1))),b)=multiply(c,multiply(b,multiply(add(b,X1),b)))), inference(rw,[status(thm)],[inference(rw,[status(thm)],[inference(rw,[status(thm)],[inference(rw,[status(thm)],[inference(rw,[status(thm)],[inference(spm,[status(thm)],[c_0_49, c_0_298]), c_0_5]), c_0_5]), c_0_5]), c_0_5]), c_0_299])).
cnf(c_0_317,negated_conjecture,(multiply(b,multiply(b,multiply(a,a)))=multiply(c,c)), inference(rw,[status(thm)],[inference(spm,[status(thm)],[c_0_210, c_0_108]), c_0_203])).
cnf(c_0_318,hypothesis,(add(c,add(X1,add(X2,c)))=add(X1,X2)), inference(spm,[status(thm)],[c_0_300, c_0_78])).
cnf(c_0_319,hypothesis,(multiply(add(b,c),multiply(b,multiply(b,b)))=add(b,c)), inference(rw,[status(thm)],[inference(spm,[status(thm)],[c_0_301, c_0_21]), c_0_6])).
cnf(c_0_320,hypothesis,(add(c,add(multiply(c,X1),multiply(X2,add(multiply(b,multiply(b,b)),X1))))=multiply(add(c,X2),add(multiply(b,multiply(b,b)),X1))), inference(rw,[status(thm)],[inference(spm,[status(thm)],[c_0_7, c_0_23]), c_0_0])).
cnf(c_0_321,hypothesis,(multiply(b,add(X1,multiply(b,multiply(b,c))))=add(c,multiply(b,X1))), inference(rw,[status(thm)],[inference(spm,[status(thm)],[c_0_4, c_0_201]), c_0_6])).
cnf(c_0_322,plain,(add(X1,add(X2,add(X3,X1)))=add(X3,X2)), inference(rw,[status(thm)],[c_0_302, c_0_111])).
cnf(c_0_323,negated_conjecture,(add(multiply(X1,b),multiply(X2,c))=multiply(add(X1,multiply(X2,a)),b)), inference(spm,[status(thm)],[c_0_16, c_0_9])).
cnf(c_0_324,hypothesis,(multiply(X1,multiply(X1,multiply(X2,multiply(X1,multiply(X1,X2)))))=multiply(X2,multiply(X2,X1))), inference(rw,[status(thm)],[inference(rw,[status(thm)],[inference(rw,[status(thm)],[inference(rw,[status(thm)],[inference(rw,[status(thm)],[inference(rw,[status(thm)],[inference(rw,[status(thm)],[inference(rw,[status(thm)],[inference(rw,[status(thm)],[inference(rw,[status(thm)],[inference(rw,[status(thm)],[inference(rw,[status(thm)],[inference(rw,[status(thm)],[inference(rw,[status(thm)],[inference(rw,[status(thm)],[inference(rw,[status(thm)],[inference(rw,[status(thm)],[inference(rw,[status(thm)],[inference(rw,[status(thm)],[inference(rw,[status(thm)],[inference(rw,[status(thm)],[inference(spm,[status(thm)],[c_0_303, c_0_304]), c_0_8]), c_0_8]), c_0_8]), c_0_8]), c_0_275]), c_0_8]), c_0_8]), c_0_8]), c_0_8]), c_0_305]), c_0_245]), c_0_8]), c_0_8]), c_0_8]), c_0_8]), c_0_243]), c_0_8]), c_0_8]), c_0_8]), c_0_8]), c_0_266])).
cnf(c_0_325,hypothesis,(multiply(c,multiply(c,multiply(a,multiply(c,multiply(c,b)))))=multiply(c,multiply(b,a))), inference(rw,[status(thm)],[c_0_306, c_0_307])).
cnf(c_0_326,hypothesis,(multiply(b,multiply(b,multiply(b,multiply(a,c))))=multiply(b,multiply(c,multiply(c,b)))), inference(rw,[status(thm)],[inference(rw,[status(thm)],[inference(spm,[status(thm)],[c_0_193, c_0_216]), c_0_229]), c_0_124])).
cnf(c_0_327,hypothesis,(multiply(c,multiply(c,multiply(c,X1)))=multiply(X1,multiply(c,multiply(c,c)))), inference(rw,[status(thm)],[inference(rw,[status(thm)],[inference(rw,[status(thm)],[inference(spm,[status(thm)],[c_0_308, c_0_309]), c_0_230]), c_0_310]), c_0_311])).
cnf(c_0_328,hypothesis,(multiply(c,multiply(X1,multiply(c,multiply(c,multiply(X1,multiply(c,multiply(X1,X1)))))))=multiply(X1,c)), inference(rw,[status(thm)],[inference(rw,[status(thm)],[inference(rw,[status(thm)],[inference(rw,[status(thm)],[inference(rw,[status(thm)],[inference(rw,[status(thm)],[inference(rw,[status(thm)],[inference(rw,[status(thm)],[inference(rw,[status(thm)],[inference(spm,[status(thm)],[c_0_272, c_0_312]), c_0_8]), c_0_8]), c_0_8]), c_0_8]), c_0_313]), c_0_8]), c_0_8]), c_0_236]), c_0_196])).
cnf(c_0_329,hypothesis,(multiply(b,multiply(c,multiply(b,multiply(c,X1))))=multiply(c,multiply(a,X1))), inference(rw,[status(thm)],[inference(rw,[status(thm)],[inference(rw,[status(thm)],[inference(spm,[status(thm)],[c_0_8, c_0_314]), c_0_8]), c_0_8]), c_0_8])).
cnf(c_0_330,negated_conjecture,(multiply(c,multiply(b,multiply(add(b,c),b)))=add(c,multiply(b,multiply(a,a)))), inference(rw,[status(thm)],[inference(spm,[status(thm)],[c_0_299, c_0_315]), c_0_316])).
cnf(c_0_331,negated_conjecture,(multiply(b,add(X1,multiply(b,multiply(a,a))))=add(multiply(b,X1),multiply(c,c))), inference(spm,[status(thm)],[c_0_4, c_0_317])).
cnf(c_0_332,negated_conjecture,(multiply(a,add(b,multiply(b,X1)))=add(c,multiply(c,X1))), inference(rw,[status(thm)],[inference(spm,[status(thm)],[c_0_41, c_0_18]), c_0_6])).
cnf(c_0_333,hypothesis,(add(X1,multiply(X1,multiply(X1,multiply(X2,X1))))=multiply(X1,multiply(X1,multiply(add(X2,X1),X1)))), inference(spm,[status(thm)],[c_0_176, c_0_7])).
cnf(c_0_334,hypothesis,(multiply(a,add(X1,multiply(a,multiply(c,a))))=add(multiply(a,X1),multiply(b,a))), inference(spm,[status(thm)],[c_0_4, c_0_109])).
cnf(c_0_335,hypothesis,(multiply(X1,multiply(X1,multiply(X1,add(X1,multiply(X1,X2)))))=add(X1,multiply(X1,X2))), inference(spm,[status(thm)],[c_0_28, c_0_13])).
cnf(c_0_336,hypothesis,(add(X1,add(c,X1))=c), inference(rw,[status(thm)],[inference(rw,[status(thm)],[inference(spm,[status(thm)],[c_0_318, c_0_119]), c_0_3]), c_0_0])).
cnf(c_0_337,hypothesis,(multiply(X1,multiply(X1,multiply(X2,multiply(X2,multiply(X1,X1)))))=multiply(X2,multiply(X1,X2))), inference(spm,[status(thm)],[c_0_245, c_0_288])).
cnf(c_0_338,hypothesis,(multiply(add(b,c),multiply(b,multiply(b,multiply(b,X1))))=multiply(add(b,c),X1)), inference(rw,[status(thm)],[inference(rw,[status(thm)],[inference(spm,[status(thm)],[c_0_8, c_0_319]), c_0_8]), c_0_8])).
cnf(c_0_339,hypothesis,(multiply(add(b,c),multiply(b,multiply(b,add(b,c))))=add(b,multiply(a,c))), inference(rw,[status(thm)],[inference(rw,[status(thm)],[inference(rw,[status(thm)],[inference(rw,[status(thm)],[inference(rw,[status(thm)],[inference(rw,[status(thm)],[inference(rw,[status(thm)],[inference(rw,[status(thm)],[inference(rw,[status(thm)],[inference(spm,[status(thm)],[c_0_320, c_0_321]), c_0_191]), c_0_5]), c_0_6]), c_0_322]), c_0_6]), c_0_4]), c_0_323]), c_0_137]), c_0_9])).
cnf(c_0_340,hypothesis,(multiply(X1,multiply(X2,multiply(X2,X1)))=multiply(X2,multiply(X1,multiply(X1,X2)))), inference(spm,[status(thm)],[c_0_245, c_0_324])).
cnf(c_0_341,hypothesis,(add(X1,multiply(X1,multiply(X2,multiply(X1,X1))))=multiply(X1,multiply(add(X2,X1),multiply(X1,X1)))), inference(spm,[status(thm)],[c_0_13, c_0_7])).
cnf(c_0_342,plain,(add(X1,add(X2,X3))=add(X3,add(X2,X1))), inference(spm,[status(thm)],[c_0_287, c_0_6])).
cnf(c_0_343,negated_conjecture,(add(multiply(X1,c),multiply(X2,b))=multiply(add(X2,multiply(X1,a)),b)), inference(spm,[status(thm)],[c_0_6, c_0_323])).
cnf(c_0_344,hypothesis,(multiply(c,multiply(b,a))=multiply(b,multiply(a,c))), inference(rw,[status(thm)],[inference(rw,[status(thm)],[inference(rw,[status(thm)],[inference(rw,[status(thm)],[inference(spm,[status(thm)],[c_0_210, c_0_325]), c_0_216]), c_0_326]), c_0_212]), c_0_9])).
cnf(c_0_345,hypothesis,(multiply(c,multiply(b,multiply(c,multiply(c,X1))))=multiply(c,multiply(a,multiply(a,X1)))), inference(rw,[status(thm)],[inference(rw,[status(thm)],[inference(rw,[status(thm)],[inference(rw,[status(thm)],[inference(spm,[status(thm)],[c_0_8, c_0_194]), c_0_8]), c_0_8]), c_0_8]), c_0_8])).
cnf(c_0_346,hypothesis,(multiply(c,multiply(c,multiply(c,multiply(b,c))))=multiply(c,multiply(a,multiply(c,a)))), inference(rw,[status(thm)],[inference(rw,[status(thm)],[inference(spm,[status(thm)],[c_0_217, c_0_258]), c_0_217]), c_0_18])).
cnf(c_0_347,hypothesis,(multiply(X1,multiply(X1,multiply(X1,multiply(c,multiply(c,multiply(c,X1))))))=multiply(c,multiply(c,multiply(c,X1)))), inference(spm,[status(thm)],[c_0_28, c_0_327])).
cnf(c_0_348,hypothesis,(multiply(c,multiply(X1,multiply(X1,c)))=multiply(X1,multiply(c,multiply(c,X1)))), inference(rw,[status(thm)],[inference(spm,[status(thm)],[c_0_292, c_0_328]), c_0_272])).
cnf(c_0_349,hypothesis,(multiply(c,multiply(c,multiply(add(b,c),b)))=multiply(b,multiply(c,multiply(add(b,c),c)))), inference(rw,[status(thm)],[inference(rw,[status(thm)],[inference(rw,[status(thm)],[inference(spm,[status(thm)],[c_0_329, c_0_330]), c_0_331]), c_0_7]), c_0_18])).
cnf(c_0_350,negated_conjecture,(multiply(c,multiply(c,multiply(add(b,c),c)))=multiply(a,add(b,multiply(c,a)))), inference(rw,[status(thm)],[inference(spm,[status(thm)],[c_0_332, c_0_314]), c_0_333])).
cnf(c_0_351,negated_conjecture,(multiply(a,multiply(a,add(b,multiply(c,a))))=add(multiply(a,c),multiply(b,a))), inference(rw,[status(thm)],[inference(spm,[status(thm)],[c_0_334, c_0_41]), c_0_6])).
cnf(c_0_352,hypothesis,(multiply(b,add(X1,multiply(b,multiply(b,multiply(c,X1)))))=multiply(add(b,c),X1)), inference(rw,[status(thm)],[inference(rw,[status(thm)],[inference(spm,[status(thm)],[c_0_137, c_0_201]), c_0_8]), c_0_8])).
cnf(c_0_353,hypothesis,(multiply(b,multiply(c,multiply(c,b)))=multiply(a,c)), inference(rw,[status(thm)],[inference(spm,[status(thm)],[c_0_210, c_0_191]), c_0_326])).
cnf(c_0_354,hypothesis,(multiply(b,multiply(b,multiply(b,add(b,c))))=add(b,c)), inference(spm,[status(thm)],[c_0_335, c_0_201])).
cnf(c_0_355,hypothesis,(add(X1,add(X1,c))=c), inference(spm,[status(thm)],[c_0_287, c_0_336])).
cnf(c_0_356,hypothesis,(multiply(X1,multiply(X1,multiply(X2,multiply(X2,multiply(X1,multiply(X1,X3))))))=multiply(X2,multiply(X1,multiply(X2,X3)))), inference(rw,[status(thm)],[inference(rw,[status(thm)],[inference(rw,[status(thm)],[inference(rw,[status(thm)],[inference(rw,[status(thm)],[inference(rw,[status(thm)],[inference(spm,[status(thm)],[c_0_8, c_0_337]), c_0_8]), c_0_8]), c_0_8]), c_0_8]), c_0_8]), c_0_8])).
cnf(c_0_357,hypothesis,(multiply(add(b,c),multiply(X1,multiply(b,multiply(b,b))))=multiply(add(b,c),X1)), inference(rw,[status(thm)],[inference(spm,[status(thm)],[c_0_338, c_0_189]), c_0_338])).
cnf(c_0_358,hypothesis,(multiply(b,multiply(add(b,c),multiply(add(b,c),b)))=add(b,multiply(a,c))), inference(rw,[status(thm)],[c_0_339, c_0_340])).
cnf(c_0_359,hypothesis,(multiply(b,multiply(add(b,c),multiply(b,b)))=add(b,multiply(b,a))), inference(rw,[status(thm)],[inference(spm,[status(thm)],[c_0_341, c_0_130]), c_0_6])).
cnf(c_0_360,plain,(add(additive_inverse(X1),add(X2,add(X1,X3)))=add(X3,X2)), inference(rw,[status(thm)],[inference(spm,[status(thm)],[c_0_342, c_0_11]), c_0_0])).
cnf(c_0_361,negated_conjecture,(add(multiply(X1,multiply(X2,c)),multiply(X3,b))=multiply(add(X3,multiply(X1,multiply(X2,a))),b)), inference(rw,[status(thm)],[inference(spm,[status(thm)],[c_0_343, c_0_8]), c_0_8])).
cnf(c_0_362,hypothesis,(add(multiply(b,multiply(a,c)),multiply(c,X1))=multiply(c,add(multiply(b,a),X1))), inference(spm,[status(thm)],[c_0_4, c_0_344])).
cnf(c_0_363,negated_conjecture,(multiply(a,add(X1,multiply(a,multiply(a,c))))=multiply(a,add(X1,b))), inference(rw,[status(thm)],[inference(rw,[status(thm)],[inference(spm,[status(thm)],[c_0_4, c_0_34]), c_0_6]), c_0_41])).
cnf(c_0_364,hypothesis,(multiply(c,multiply(c,multiply(b,multiply(a,X1))))=multiply(c,multiply(b,multiply(a,multiply(c,X1))))), inference(rw,[status(thm)],[inference(rw,[status(thm)],[inference(rw,[status(thm)],[inference(rw,[status(thm)],[inference(rw,[status(thm)],[inference(spm,[status(thm)],[c_0_8, c_0_278]), c_0_8]), c_0_8]), c_0_8]), c_0_8]), c_0_8])).
cnf(c_0_365,hypothesis,(multiply(c,multiply(b,multiply(a,multiply(c,a))))=multiply(c,multiply(a,multiply(c,c)))), inference(rw,[status(thm)],[inference(spm,[status(thm)],[c_0_345, c_0_268]), c_0_18])).
cnf(c_0_366,hypothesis,(multiply(b,multiply(c,multiply(a,multiply(c,c))))=multiply(b,multiply(b,multiply(c,b)))), inference(rw,[status(thm)],[inference(rw,[status(thm)],[inference(spm,[status(thm)],[c_0_141, c_0_285]), c_0_286]), c_0_193])).
cnf(c_0_367,hypothesis,(multiply(b,multiply(c,multiply(a,multiply(c,a))))=multiply(b,multiply(b,c))), inference(rw,[status(thm)],[inference(spm,[status(thm)],[c_0_141, c_0_346]), c_0_181])).
cnf(c_0_368,hypothesis,(multiply(c,multiply(c,multiply(X1,multiply(c,multiply(c,X1)))))=multiply(X1,multiply(X1,c))), inference(rw,[status(thm)],[inference(rw,[status(thm)],[inference(rw,[status(thm)],[inference(rw,[status(thm)],[inference(rw,[status(thm)],[inference(rw,[status(thm)],[inference(rw,[status(thm)],[inference(rw,[status(thm)],[inference(rw,[status(thm)],[inference(rw,[status(thm)],[inference(spm,[status(thm)],[c_0_347, c_0_348]), c_0_8]), c_0_8]), c_0_261]), c_0_250]), c_0_8]), c_0_8]), c_0_8]), c_0_8]), c_0_244]), c_0_189])).
cnf(c_0_369,negated_conjecture,(multiply(b,multiply(c,multiply(add(b,c),b)))=add(multiply(a,c),multiply(b,a))), inference(rw,[status(thm)],[inference(rw,[status(thm)],[inference(rw,[status(thm)],[inference(spm,[status(thm)],[c_0_124, c_0_349]), c_0_18]), c_0_350]), c_0_351])).
cnf(c_0_370,hypothesis,(multiply(b,add(multiply(a,c),multiply(b,a)))=multiply(add(b,c),multiply(b,a))), inference(rw,[status(thm)],[inference(rw,[status(thm)],[inference(rw,[status(thm)],[inference(spm,[status(thm)],[c_0_352, c_0_344]), c_0_239]), c_0_353]), c_0_6])).
cnf(c_0_371,hypothesis,(multiply(b,add(X1,multiply(b,multiply(b,multiply(add(b,c),X1)))))=multiply(c,X1)), inference(rw,[status(thm)],[inference(rw,[status(thm)],[inference(rw,[status(thm)],[inference(spm,[status(thm)],[c_0_137, c_0_354]), c_0_355]), c_0_8]), c_0_8])).
cnf(c_0_372,hypothesis,(multiply(add(b,c),add(b,multiply(b,a)))=multiply(b,add(b,multiply(a,c)))), inference(rw,[status(thm)],[inference(rw,[status(thm)],[inference(spm,[status(thm)],[c_0_356, c_0_357]), c_0_358]), c_0_359])).
cnf(c_0_373,hypothesis,(multiply(b,multiply(b,multiply(b,add(b,multiply(X1,c)))))=add(b,multiply(X1,c))), inference(spm,[status(thm)],[c_0_335, c_0_196])).
cnf(c_0_374,plain,(add(X1,add(X2,add(X1,X3)))=add(X3,X2)), inference(rw,[status(thm)],[c_0_360, c_0_111])).
cnf(c_0_375,negated_conjecture,(add(multiply(X1,b),multiply(X2,multiply(X3,c)))=multiply(add(X1,multiply(X2,multiply(X3,a))),b)), inference(rw,[status(thm)],[inference(spm,[status(thm)],[c_0_323, c_0_8]), c_0_8])).
cnf(c_0_376,negated_conjecture,(multiply(add(c,multiply(b,multiply(a,a))),b)=multiply(c,add(b,multiply(b,a)))), inference(rw,[status(thm)],[inference(spm,[status(thm)],[c_0_361, c_0_362]), c_0_6])).
cnf(c_0_377,hypothesis,(multiply(X1,multiply(X1,multiply(c,c)))=multiply(c,multiply(X1,multiply(c,X1)))), inference(spm,[status(thm)],[c_0_274, c_0_292])).
cnf(c_0_378,hypothesis,(multiply(c,multiply(a,multiply(a,multiply(a,X1))))=multiply(c,X1)), inference(rw,[status(thm)],[inference(rw,[status(thm)],[inference(spm,[status(thm)],[c_0_8, c_0_169]), c_0_8]), c_0_8])).
cnf(c_0_379,negated_conjecture,(multiply(a,multiply(a,add(X1,multiply(a,c))))=multiply(a,add(b,multiply(a,X1)))), inference(rw,[status(thm)],[inference(spm,[status(thm)],[c_0_363, c_0_4]), c_0_6])).
cnf(c_0_380,hypothesis,(multiply(b,multiply(b,multiply(c,b)))=multiply(a,multiply(c,multiply(a,a)))), inference(rw,[status(thm)],[inference(rw,[status(thm)],[inference(rw,[status(thm)],[inference(rw,[status(thm)],[inference(spm,[status(thm)],[c_0_141, c_0_315]), c_0_364]), c_0_365]), c_0_366]), c_0_18])).
cnf(c_0_381,hypothesis,(multiply(c,multiply(a,multiply(c,a)))=multiply(b,c)), inference(rw,[status(thm)],[inference(rw,[status(thm)],[inference(spm,[status(thm)],[c_0_210, c_0_346]), c_0_367]), c_0_201])).
cnf(c_0_382,hypothesis,(multiply(c,multiply(X1,multiply(X1,multiply(c,multiply(X1,X1)))))=multiply(X1,multiply(c,c))), inference(rw,[status(thm)],[inference(rw,[status(thm)],[inference(rw,[status(thm)],[inference(rw,[status(thm)],[inference(rw,[status(thm)],[inference(rw,[status(thm)],[inference(rw,[status(thm)],[inference(rw,[status(thm)],[inference(rw,[status(thm)],[inference(rw,[status(thm)],[inference(rw,[status(thm)],[inference(rw,[status(thm)],[inference(spm,[status(thm)],[c_0_368, c_0_313]), c_0_8]), c_0_8]), c_0_8]), c_0_292]), c_0_8]), c_0_8]), c_0_8]), c_0_8]), c_0_8]), c_0_8]), c_0_282]), c_0_221])).
cnf(c_0_383,hypothesis,(multiply(b,multiply(add(b,c),multiply(b,a)))=multiply(c,multiply(add(b,c),b))), inference(rw,[status(thm)],[inference(spm,[status(thm)],[c_0_210, c_0_369]), c_0_370])).
cnf(c_0_384,hypothesis,(multiply(add(b,c),multiply(b,a))=multiply(c,add(b,multiply(b,a)))), inference(rw,[status(thm)],[inference(rw,[status(thm)],[inference(rw,[status(thm)],[inference(rw,[status(thm)],[inference(spm,[status(thm)],[c_0_371, c_0_372]), c_0_373]), c_0_0]), c_0_374]), c_0_370])).
cnf(c_0_385,hypothesis,(multiply(b,multiply(c,add(b,multiply(b,a))))=multiply(add(b,c),multiply(c,b))), inference(rw,[status(thm)],[inference(rw,[status(thm)],[inference(spm,[status(thm)],[c_0_352, c_0_353]), c_0_375]), c_0_376])).
cnf(c_0_386,hypothesis,(multiply(X1,multiply(X1,multiply(c,multiply(X1,multiply(c,X1)))))=multiply(X1,multiply(c,c))), inference(spm,[status(thm)],[c_0_28, c_0_377])).
cnf(c_0_387,hypothesis,(multiply(b,add(multiply(c,multiply(c,b)),X1))=add(multiply(a,c),multiply(b,X1))), inference(spm,[status(thm)],[c_0_4, c_0_353])).
cnf(c_0_388,negated_conjecture,(multiply(c,multiply(a,add(X1,multiply(a,c))))=multiply(c,add(b,multiply(a,X1)))), inference(rw,[status(thm)],[inference(spm,[status(thm)],[c_0_378, c_0_379]), c_0_378])).
cnf(c_0_389,hypothesis,(multiply(b,multiply(b,multiply(c,multiply(b,X1))))=multiply(a,multiply(c,multiply(a,multiply(a,X1))))), inference(rw,[status(thm)],[inference(rw,[status(thm)],[inference(rw,[status(thm)],[inference(rw,[status(thm)],[inference(rw,[status(thm)],[inference(spm,[status(thm)],[c_0_8, c_0_380]), c_0_8]), c_0_8]), c_0_8]), c_0_8]), c_0_8])).
cnf(c_0_390,hypothesis,(multiply(c,multiply(a,multiply(c,multiply(a,X1))))=multiply(b,multiply(c,X1))), inference(rw,[status(thm)],[inference(rw,[status(thm)],[inference(rw,[status(thm)],[inference(spm,[status(thm)],[c_0_8, c_0_381]), c_0_8]), c_0_8]), c_0_8])).
cnf(c_0_391,hypothesis,(multiply(b,multiply(c,a))=multiply(a,multiply(c,b))), inference(rw,[status(thm)],[inference(spm,[status(thm)],[c_0_28, c_0_270]), c_0_124])).
cnf(c_0_392,hypothesis,(multiply(c,multiply(X1,multiply(X1,multiply(c,multiply(X1,multiply(X1,X2))))))=multiply(X1,multiply(c,multiply(c,X2)))), inference(rw,[status(thm)],[inference(rw,[status(thm)],[inference(rw,[status(thm)],[inference(rw,[status(thm)],[inference(rw,[status(thm)],[inference(rw,[status(thm)],[inference(spm,[status(thm)],[c_0_8, c_0_382]), c_0_8]), c_0_8]), c_0_8]), c_0_8]), c_0_8]), c_0_8])).
cnf(c_0_393,hypothesis,(multiply(add(b,c),multiply(c,b))=multiply(c,multiply(add(b,c),b))), inference(rw,[status(thm)],[inference(rw,[status(thm)],[c_0_383, c_0_384]), c_0_385])).
cnf(c_0_394,hypothesis,(multiply(X1,multiply(X1,multiply(c,multiply(X1,multiply(c,multiply(X1,X2))))))=multiply(X1,multiply(c,multiply(c,X2)))), inference(rw,[status(thm)],[inference(rw,[status(thm)],[inference(rw,[status(thm)],[inference(rw,[status(thm)],[inference(rw,[status(thm)],[inference(rw,[status(thm)],[inference(spm,[status(thm)],[c_0_8, c_0_386]), c_0_8]), c_0_8]), c_0_8]), c_0_8]), c_0_8]), c_0_8])).
cnf(c_0_395,hypothesis,(multiply(add(b,c),multiply(c,multiply(c,b)))=multiply(a,multiply(a,add(b,c)))), inference(rw,[status(thm)],[inference(rw,[status(thm)],[inference(rw,[status(thm)],[inference(rw,[status(thm)],[inference(rw,[status(thm)],[inference(rw,[status(thm)],[inference(rw,[status(thm)],[inference(spm,[status(thm)],[c_0_387, c_0_352]), c_0_141]), c_0_270]), c_0_259]), c_0_248]), c_0_4]), c_0_41]), c_0_6])).
cnf(c_0_396,negated_conjecture,(multiply(c,multiply(a,multiply(a,add(b,c))))=multiply(c,add(b,multiply(a,c)))), inference(rw,[status(thm)],[inference(spm,[status(thm)],[c_0_388, c_0_41]), c_0_6])).
cnf(c_0_397,hypothesis,(multiply(add(b,c),multiply(a,multiply(a,c)))=multiply(c,add(b,multiply(c,a)))), inference(rw,[status(thm)],[inference(rw,[status(thm)],[inference(rw,[status(thm)],[inference(rw,[status(thm)],[inference(rw,[status(thm)],[inference(rw,[status(thm)],[inference(rw,[status(thm)],[inference(rw,[status(thm)],[inference(rw,[status(thm)],[inference(rw,[status(thm)],[inference(spm,[status(thm)],[c_0_298, c_0_389]), c_0_193]), c_0_380]), c_0_390]), c_0_391]), c_0_270]), c_0_4]), c_0_6]), c_0_315]), c_0_317]), c_0_248])).
cnf(c_0_398,hypothesis,(multiply(c,add(X1,multiply(a,multiply(c,a))))=add(multiply(b,c),multiply(c,X1))), inference(rw,[status(thm)],[inference(spm,[status(thm)],[c_0_4, c_0_381]), c_0_6])).
cnf(c_0_399,hypothesis,(add(X1,multiply(X1,multiply(X1,multiply(X1,X2))))=multiply(X1,multiply(X1,multiply(X1,add(X2,X1))))), inference(spm,[status(thm)],[c_0_176, c_0_4])).
cnf(c_0_400,hypothesis,(multiply(c,add(b,multiply(c,a)))=multiply(c,add(b,multiply(a,c)))), inference(rw,[status(thm)],[inference(rw,[status(thm)],[inference(rw,[status(thm)],[inference(rw,[status(thm)],[inference(rw,[status(thm)],[inference(rw,[status(thm)],[inference(spm,[status(thm)],[c_0_392, c_0_393]), c_0_394]), c_0_395]), c_0_396]), c_0_327]), c_0_248]), c_0_397])).
cnf(c_0_401,negated_conjecture,(multiply(c,multiply(a,add(b,multiply(c,a))))=multiply(add(b,c),c)), inference(rw,[status(thm)],[inference(rw,[status(thm)],[inference(spm,[status(thm)],[c_0_398, c_0_41]), c_0_6]), c_0_7])).
cnf(c_0_402,negated_conjecture,(multiply(add(a,multiply(c,multiply(c,c))),b)=multiply(c,multiply(c,multiply(c,add(b,c))))), inference(spm,[status(thm)],[c_0_299, c_0_399])).
cnf(c_0_403,hypothesis,(multiply(add(b,c),c)=multiply(c,add(b,c))), inference(rw,[status(thm)],[inference(rw,[status(thm)],[inference(rw,[status(thm)],[inference(rw,[status(thm)],[inference(spm,[status(thm)],[c_0_329, c_0_400]), c_0_329]), c_0_388]), c_0_9]), c_0_401])).
cnf(c_0_404,negated_conjecture,(multiply(c,multiply(c,multiply(c,add(b,c))))=multiply(a,add(b,multiply(a,c)))), inference(rw,[status(thm)],[inference(rw,[status(thm)],[inference(spm,[status(thm)],[c_0_332, c_0_353]), c_0_299]), c_0_402])).
cnf(c_0_405,negated_conjecture,(multiply(c,multiply(c,multiply(b,c)))=multiply(a,multiply(c,a))), inference(spm,[status(thm)],[c_0_18, c_0_314])).
cnf(c_0_406,hypothesis,(multiply(a,multiply(c,a))=multiply(a,multiply(a,c))), inference(rw,[status(thm)],[inference(rw,[status(thm)],[inference(rw,[status(thm)],[inference(rw,[status(thm)],[inference(rw,[status(thm)],[inference(rw,[status(thm)],[inference(rw,[status(thm)],[inference(rw,[status(thm)],[inference(rw,[status(thm)],[inference(spm,[status(thm)],[c_0_333, c_0_403]), c_0_404]), c_0_41]), c_0_0]), c_0_6]), c_0_184]), c_0_0]), c_0_119]), c_0_3]), c_0_405])).
cnf(c_0_407,hypothesis,($false), inference(sr,[status(thm)],[inference(rw,[status(thm)],[inference(rw,[status(thm)],[c_0_109, c_0_406]), c_0_34]), c_0_10]), ['proof']).
# SZS output end CNFRefutation.
EOF
