% Problem    : BOO072-1 : TPTP v6.1.0. Released v2.6.0.
% Command    : eprover --auto-schedule --tstp-format -s --proof-object --memory-limit=2048 --cpu-limit=%d %s
% Computer   : n192.star.cs.uiowa.edu
% Model      : x86_64 x86_64
% CPU        : Intel(R) Xeon(R) CPU E5-2609 0 @ 2.40GHz
% Memory     : 32286.75MB
% OS         : Linux 2.6.32-431.20.3.el6.x86_64
% CPULimit   : 300
% DateTime   : Sun Jul 20 03:49:21 CDT 2014
% CPUTime    : 
# No SInE strategy applied
# Trying AutoSched0 for 151 seconds
# AutoSched0-Mode selected heuristic G_E___209_C18_F1_AE_CS_SP_PI_S0Y
# and selection function SelectMaxLComplexAvoidPosPred.
#

# Proof found!
# SZS status Unsatisfiable
# SZS output start CNFRefutation.
cnf(c_0_0,axiom,(inverse(add(inverse(add(inverse(add(X1,X2)),X3)),inverse(add(X1,inverse(add(inverse(X3),inverse(add(X3,X4))))))))=X3), file('/export/starexec/sandbox/benchmark/theBenchmark.p', dn1)).
cnf(c_0_1,negated_conjecture,(add(b,a)!=add(a,b)), file('/export/starexec/sandbox/benchmark/theBenchmark.p', huntinton_1)).
cnf(c_0_2,plain,(inverse(add(inverse(add(inverse(add(inverse(add(inverse(add(inverse(inverse(X1)),X2)),X1)),X3)),inverse(X1))),X1))=inverse(X1)), inference(spm,[status(thm)],[c_0_0, c_0_0])).
cnf(c_0_3,plain,(inverse(add(inverse(add(X1,inverse(X1))),X1))=inverse(X1)), inference(spm,[status(thm)],[c_0_2, c_0_0])).
cnf(c_0_4,plain,(inverse(add(inverse(X1),inverse(add(X1,inverse(add(inverse(X1),inverse(add(X1,X2))))))))=X1), inference(spm,[status(thm)],[c_0_0, c_0_3])).
cnf(c_0_5,plain,(inverse(add(inverse(add(inverse(add(X1,X2)),X3)),inverse(add(X1,X3))))=X3), inference(spm,[status(thm)],[c_0_0, c_0_4])).
cnf(c_0_6,plain,(inverse(add(inverse(add(X1,X2)),inverse(add(inverse(X1),X2))))=X2), inference(spm,[status(thm)],[c_0_5, c_0_4])).
cnf(c_0_7,plain,(inverse(add(inverse(add(X1,X2)),inverse(add(inverse(add(X3,X1)),X2))))=X2), inference(spm,[status(thm)],[c_0_5, c_0_6])).
cnf(c_0_8,plain,(inverse(add(inverse(X1),inverse(add(X1,X1))))=X1), inference(spm,[status(thm)],[c_0_4, c_0_4])).
cnf(c_0_9,plain,(inverse(add(inverse(add(inverse(X1),X1)),inverse(X1)))=X1), inference(spm,[status(thm)],[c_0_7, c_0_2])).
cnf(c_0_10,plain,(inverse(add(inverse(add(X1,inverse(add(X1,X1)))),X1))=inverse(add(X1,X1))), inference(spm,[status(thm)],[c_0_6, c_0_8])).
cnf(c_0_11,plain,(inverse(add(X1,inverse(add(inverse(X1),inverse(X1)))))=inverse(X1)), inference(spm,[status(thm)],[c_0_5, c_0_9])).
cnf(c_0_12,plain,(inverse(add(inverse(add(X1,X1)),inverse(add(X1,X1))))=X1), inference(spm,[status(thm)],[c_0_5, c_0_10])).
cnf(c_0_13,plain,(inverse(add(inverse(X1),inverse(X1)))=X1), inference(rw,[status(thm)],[inference(spm,[status(thm)],[c_0_4, c_0_11]), c_0_11])).
cnf(c_0_14,plain,(add(X1,X1)=X1), inference(rw,[status(thm)],[c_0_12, c_0_13])).
cnf(c_0_15,plain,(inverse(add(inverse(add(add(X1,inverse(X1)),X1)),inverse(X1)))=X1), inference(spm,[status(thm)],[c_0_6, c_0_3])).
cnf(c_0_16,plain,(inverse(add(inverse(add(inverse(add(X1,X2)),X1)),inverse(X1)))=X1), inference(spm,[status(thm)],[c_0_5, c_0_14])).
cnf(c_0_17,plain,(inverse(inverse(X1))=X1), inference(rw,[status(thm)],[inference(rw,[status(thm)],[c_0_8, c_0_14]), c_0_14])).
cnf(c_0_18,plain,(inverse(add(X1,inverse(add(add(X1,inverse(X1)),inverse(X1)))))=inverse(X1)), inference(spm,[status(thm)],[c_0_5, c_0_15])).
cnf(c_0_19,plain,(inverse(add(X1,add(X2,X1)))=inverse(add(X2,X1))), inference(rw,[status(thm)],[inference(spm,[status(thm)],[c_0_16, c_0_5]), c_0_17])).
cnf(c_0_20,plain,(inverse(add(inverse(add(inverse(X1),X2)),inverse(add(X1,X2))))=X2), inference(spm,[status(thm)],[c_0_5, c_0_18])).
cnf(c_0_21,plain,(add(X1,add(X2,X1))=add(X2,X1)), inference(rw,[status(thm)],[inference(spm,[status(thm)],[c_0_17, c_0_19]), c_0_17])).
cnf(c_0_22,plain,(add(inverse(add(inverse(X1),X2)),inverse(add(X1,X2)))=inverse(X2)), inference(spm,[status(thm)],[c_0_17, c_0_20])).
cnf(c_0_23,plain,(add(inverse(add(X1,X2)),inverse(X2))=inverse(X2)), inference(spm,[status(thm)],[c_0_21, c_0_22])).
cnf(c_0_24,plain,(add(inverse(add(X1,inverse(X2))),X2)=X2), inference(spm,[status(thm)],[c_0_23, c_0_17])).
cnf(c_0_25,plain,(add(inverse(add(inverse(add(X1,X2)),X3)),inverse(add(X1,X3)))=inverse(X3)), inference(spm,[status(thm)],[c_0_17, c_0_5])).
cnf(c_0_26,plain,(inverse(add(inverse(X1),inverse(add(X2,X1))))=X1), inference(spm,[status(thm)],[c_0_5, c_0_24])).
cnf(c_0_27,plain,(add(X1,inverse(add(inverse(X2),inverse(add(X2,X1)))))=add(X2,X1)), inference(rw,[status(thm)],[inference(rw,[status(thm)],[inference(spm,[status(thm)],[c_0_25, c_0_22]), c_0_17]), c_0_17])).
cnf(c_0_28,plain,(add(inverse(X1),inverse(add(X2,X1)))=inverse(X1)), inference(spm,[status(thm)],[c_0_17, c_0_26])).
cnf(c_0_29,plain,(inverse(add(inverse(add(inverse(add(X1,X2)),X3)),inverse(add(X3,X1))))=X3), inference(spm,[status(thm)],[c_0_0, c_0_27])).
cnf(c_0_30,plain,(add(inverse(add(X1,X2)),inverse(add(inverse(X1),X2)))=inverse(X2)), inference(spm,[status(thm)],[c_0_17, c_0_6])).
cnf(c_0_31,plain,(add(X1,inverse(add(X2,inverse(X1))))=X1), inference(spm,[status(thm)],[c_0_28, c_0_17])).
cnf(c_0_32,plain,(add(add(X1,X2),X1)=add(X1,X2)), inference(rw,[status(thm)],[inference(rw,[status(thm)],[inference(spm,[status(thm)],[c_0_28, c_0_29]), c_0_17]), c_0_17])).
cnf(c_0_33,plain,(add(X1,inverse(add(X2,inverse(add(inverse(X2),X1)))))=add(inverse(X2),X1)), inference(rw,[status(thm)],[inference(rw,[status(thm)],[inference(spm,[status(thm)],[c_0_25, c_0_30]), c_0_17]), c_0_17])).
cnf(c_0_34,plain,(add(X1,inverse(add(inverse(X1),X2)))=X1), inference(spm,[status(thm)],[c_0_31, c_0_32])).
cnf(c_0_35,plain,(add(X1,inverse(X2))=add(inverse(X2),X1)), inference(rw,[status(thm)],[c_0_33, c_0_34])).
cnf(c_0_36,plain,(add(X1,X2)=add(X2,X1)), inference(spm,[status(thm)],[c_0_35, c_0_17])).
cnf(c_0_37,negated_conjecture,($false), inference(cn,[status(thm)],[inference(rw,[status(thm)],[c_0_1, c_0_36])]), ['proof']).
# SZS output end CNFRefutation.
EOF
