% Problem    : LAT026-1 : TPTP v6.1.0. Released v2.2.0.
% Command    : eprover --auto-schedule --tstp-format -s --proof-object --memory-limit=2048 --cpu-limit=%d %s
% Computer   : n151.star.cs.uiowa.edu
% Model      : x86_64 x86_64
% CPU        : Intel(R) Xeon(R) CPU E5-2609 0 @ 2.40GHz
% Memory     : 32286.75MB
% OS         : Linux 2.6.32-431.20.3.el6.x86_64
% CPULimit   : 300
% DateTime   : Sun Jul 20 05:03:21 CDT 2014
% CPUTime    : 
# No SInE strategy applied
# Trying AutoSched0 for 151 seconds
# AutoSched0-Mode selected heuristic G_E___107_C48_F1_PI_AE_Q4_CS_SP_PS_S0Y
# and selection function SelectMaxLComplexAvoidPosPred.
#
# Presaturation interreduction done

# Proof found!
# SZS status Unsatisfiable
# SZS output start CNFRefutation.
cnf(c_0_0,axiom,(join(join(meet(X1,X2),meet(X3,X2)),X2)=X2), file('/export/starexec/sandbox/benchmark/Axioms/LAT005-0.ax', wal_2)).
cnf(c_0_1,axiom,(join(X1,X2)=join(X2,X1)), file('/export/starexec/sandbox/benchmark/Axioms/LAT005-0.ax', commutativity_of_join)).
cnf(c_0_2,hypothesis,(meet(X1,join(X2,join(X1,X3)))=X1), file('/export/starexec/sandbox/benchmark/theBenchmark.p', absorbtion)).
cnf(c_0_3,axiom,(join(X1,X1)=X1), file('/export/starexec/sandbox/benchmark/Axioms/LAT005-0.ax', idempotence_of_join)).
cnf(c_0_4,axiom,(meet(X1,X2)=meet(X2,X1)), file('/export/starexec/sandbox/benchmark/Axioms/LAT005-0.ax', commutativity_of_meet)).
cnf(c_0_5,axiom,(meet(meet(join(X1,X2),join(X3,X2)),X2)=X2), file('/export/starexec/sandbox/benchmark/Axioms/LAT005-0.ax', wal_1)).
cnf(c_0_6,negated_conjecture,(meet(meet(a,b),c)!=meet(a,meet(b,c))), file('/export/starexec/sandbox/benchmark/theBenchmark.p', prove_associativity_of_meet)).
cnf(c_0_7,plain,(join(X1,join(meet(X2,X1),meet(X3,X1)))=X1), inference(rw,[status(thm)],[c_0_0, c_0_1])).
cnf(c_0_8,hypothesis,(meet(X1,join(X2,join(X3,X1)))=X1), inference(spm,[status(thm)],[c_0_2, c_0_1])).
cnf(c_0_9,plain,(join(X1,meet(X2,X1))=X1), inference(spm,[status(thm)],[c_0_7, c_0_3])).
cnf(c_0_10,hypothesis,(meet(meet(X1,X2),join(X3,X2))=meet(X1,X2)), inference(spm,[status(thm)],[c_0_8, c_0_9])).
cnf(c_0_11,plain,(join(X1,meet(X1,X2))=X1), inference(spm,[status(thm)],[c_0_9, c_0_4])).
cnf(c_0_12,hypothesis,(meet(X1,meet(X2,meet(X3,X1)))=meet(X2,meet(X3,X1))), inference(rw,[status(thm)],[inference(spm,[status(thm)],[c_0_10, c_0_9]), c_0_4])).
cnf(c_0_13,plain,(meet(X1,meet(join(X2,X1),join(X3,X1)))=X1), inference(rw,[status(thm)],[c_0_5, c_0_4])).
cnf(c_0_14,hypothesis,(join(X1,meet(X2,meet(X3,X1)))=X1), inference(spm,[status(thm)],[c_0_11, c_0_12])).
cnf(c_0_15,plain,(meet(meet(X1,X2),meet(X2,join(X3,meet(X1,X2))))=meet(X1,X2)), inference(spm,[status(thm)],[c_0_13, c_0_9])).
cnf(c_0_16,hypothesis,(join(X1,meet(meet(X2,X1),X3))=X1), inference(spm,[status(thm)],[c_0_14, c_0_4])).
cnf(c_0_17,hypothesis,(meet(meet(X1,X2),meet(meet(X3,X2),X1))=meet(meet(X3,X2),X1)), inference(rw,[status(thm)],[inference(spm,[status(thm)],[c_0_15, c_0_16]), c_0_4])).
cnf(c_0_18,plain,(meet(meet(X1,X2),meet(X1,join(X3,meet(X1,X2))))=meet(X1,X2)), inference(spm,[status(thm)],[c_0_13, c_0_11])).
cnf(c_0_19,hypothesis,(join(X1,meet(X2,meet(X1,X3)))=X1), inference(spm,[status(thm)],[c_0_14, c_0_4])).
cnf(c_0_20,hypothesis,(join(meet(X1,X2),meet(meet(X3,X2),X1))=meet(X1,X2)), inference(spm,[status(thm)],[c_0_11, c_0_17])).
cnf(c_0_21,hypothesis,(meet(meet(X1,X2),meet(X1,meet(X2,X3)))=meet(X1,meet(X2,X3))), inference(rw,[status(thm)],[inference(spm,[status(thm)],[c_0_18, c_0_19]), c_0_4])).
cnf(c_0_22,hypothesis,(meet(meet(X1,X2),meet(X3,X2))=meet(meet(X1,X2),X3)), inference(rw,[status(thm)],[inference(spm,[status(thm)],[c_0_18, c_0_20]), c_0_21])).
cnf(c_0_23,hypothesis,(meet(meet(X1,X2),X3)=meet(meet(X3,X2),X1)), inference(rw,[status(thm)],[inference(spm,[status(thm)],[c_0_4, c_0_22]), c_0_22])).
cnf(c_0_24,hypothesis,(meet(meet(X1,X2),X3)=meet(X1,meet(X3,X2))), inference(spm,[status(thm)],[c_0_4, c_0_23])).
cnf(c_0_25,negated_conjecture,(meet(c,meet(a,b))!=meet(a,meet(b,c))), inference(rw,[status(thm)],[c_0_6, c_0_4])).
cnf(c_0_26,hypothesis,(meet(X1,meet(X2,X3))=meet(X2,meet(X1,X3))), inference(rw,[status(thm)],[inference(rw,[status(thm)],[c_0_23, c_0_24]), c_0_24])).
cnf(c_0_27,negated_conjecture,($false), inference(cn,[status(thm)],[inference(rw,[status(thm)],[inference(rw,[status(thm)],[c_0_25, c_0_26]), c_0_4])]), ['proof']).
# SZS output end CNFRefutation.
EOF
