% Problem    : COL009-1 : TPTP v6.1.0. Released v1.0.0.
% Command    : eprover --auto-schedule --tstp-format -s --proof-object --memory-limit=2048 --cpu-limit=%d %s
% Computer   : n117.star.cs.uiowa.edu
% Model      : x86_64 x86_64
% CPU        : Intel(R) Xeon(R) CPU E5-2609 0 @ 2.40GHz
% Memory     : 32286.75MB
% OS         : Linux 2.6.32-431.20.3.el6.x86_64
% CPULimit   : 300
% DateTime   : Sun Jul 20 03:22:51 CDT 2014
% CPUTime    : 
# No SInE strategy applied
# Trying AutoSched0 for 151 seconds
# AutoSched0-Mode selected heuristic G_E___208_C18_F1_AE_CS_SP_S0Y
# and selection function SelectMaxLComplexAvoidPosPred.
#

# Proof found!
# SZS status Unsatisfiable
# SZS output start CNFRefutation.
cnf(c_0_0,axiom,(apply(apply(apply(b,X1),X2),X3)=apply(X1,apply(X2,X3))), file('/export/starexec/sandbox/benchmark/theBenchmark.p', b_definition)).
cnf(c_0_1,axiom,(apply(apply(l2,X1),X2)=apply(X2,apply(X1,X1))), file('/export/starexec/sandbox/benchmark/theBenchmark.p', l2_definition)).
cnf(c_0_2,negated_conjecture,(X1!=apply(combinator,X1)), file('/export/starexec/sandbox/benchmark/theBenchmark.p', prove_fixed_point)).
cnf(c_0_3,plain,(apply(apply(apply(l2,X1),apply(b,X2)),X3)=apply(X2,apply(apply(X1,X1),X3))), inference(spm,[status(thm)],[c_0_0, c_0_1])).
cnf(c_0_4,negated_conjecture,(apply(apply(apply(l2,X1),apply(b,combinator)),X2)!=apply(apply(X1,X1),X2)), inference(spm,[status(thm)],[c_0_2, c_0_3])).
cnf(c_0_5,plain,(apply(apply(l2,X1),apply(l2,X2))=apply(apply(X1,X1),apply(X2,X2))), inference(spm,[status(thm)],[c_0_1, c_0_1])).
cnf(c_0_6,negated_conjecture,(apply(apply(apply(l2,X1),apply(b,combinator)),apply(X2,X2))!=apply(apply(l2,X1),apply(l2,X2))), inference(spm,[status(thm)],[c_0_4, c_0_5])).
cnf(c_0_7,plain,(apply(apply(l2,X1),apply(apply(b,X2),X3))=apply(X2,apply(X3,apply(X1,X1)))), inference(spm,[status(thm)],[c_0_1, c_0_0])).
cnf(c_0_8,negated_conjecture,(apply(combinator,apply(apply(X1,X1),apply(X2,X2)))!=apply(apply(l2,X1),apply(l2,X2))), inference(rw,[status(thm)],[inference(spm,[status(thm)],[c_0_6, c_0_1]), c_0_0])).
cnf(c_0_9,plain,(apply(apply(l2,l2),apply(l2,X1))=apply(apply(X1,X1),apply(l2,l2))), inference(spm,[status(thm)],[c_0_1, c_0_5])).
cnf(c_0_10,plain,(apply(apply(l2,X1),apply(apply(b,X2),X3))=apply(X2,apply(apply(l2,X1),X3))), inference(spm,[status(thm)],[c_0_7, c_0_1])).
cnf(c_0_11,plain,(apply(X1,apply(X2,apply(X3,apply(apply(b,X2),X3))))=apply(apply(l2,apply(apply(b,X2),X3)),X1)), inference(spm,[status(thm)],[c_0_1, c_0_0])).
cnf(c_0_12,negated_conjecture,(apply(combinator,apply(apply(l2,l2),apply(l2,X1)))!=apply(apply(l2,X1),apply(l2,l2))), inference(spm,[status(thm)],[c_0_8, c_0_9])).
cnf(c_0_13,plain,(apply(X1,apply(apply(l2,X2),apply(X3,apply(apply(b,apply(b,X1)),X3))))=apply(apply(l2,apply(apply(b,apply(b,X1)),X3)),apply(l2,X2))), inference(spm,[status(thm)],[c_0_10, c_0_11])).
cnf(c_0_14,negated_conjecture,($false), inference(spm,[status(thm)],[c_0_12, c_0_13]), ['proof']).
# SZS output end CNFRefutation.
EOF
