% Problem    : REL005-1 : TPTP v6.1.0. Released v4.0.0.
% Command    : eprover --auto-schedule --tstp-format -s --proof-object --memory-limit=2048 --cpu-limit=%d %s
% Computer   : n112.star.cs.uiowa.edu
% Model      : x86_64 x86_64
% CPU        : Intel(R) Xeon(R) CPU E5-2609 0 @ 2.40GHz
% Memory     : 32286.75MB
% OS         : Linux 2.6.32-431.20.3.el6.x86_64
% CPULimit   : 300
% DateTime   : Sun Jul 20 05:25:31 CDT 2014
% CPUTime    : 
# No SInE strategy applied
# Trying AutoSched0 for 151 seconds
# AutoSched0-Mode selected heuristic G_E___100_C18_F1_PI_AE_Q4_CS_SP_S0Y
# and selection function SelectMaxLComplexAvoidPosPred.
#

# Proof found!
# SZS status Unsatisfiable
# SZS output start CNFRefutation.
cnf(c_0_0,axiom,(converse(composition(X1,X2))=composition(converse(X2),converse(X1))), file('/export/starexec/sandbox/benchmark/Axioms/REL001-0.ax', converse_multiplicativity_10)).
cnf(c_0_1,axiom,(converse(converse(X1))=X1), file('/export/starexec/sandbox/benchmark/Axioms/REL001-0.ax', converse_idempotence_8)).
cnf(c_0_2,axiom,(composition(X1,one)=X1), file('/export/starexec/sandbox/benchmark/Axioms/REL001-0.ax', composition_identity_6)).
cnf(c_0_3,axiom,(join(composition(converse(X1),complement(composition(X1,X2))),complement(X2))=complement(X2)), file('/export/starexec/sandbox/benchmark/Axioms/REL001-0.ax', converse_cancellativity_11)).
cnf(c_0_4,axiom,(join(X1,X2)=join(X2,X1)), file('/export/starexec/sandbox/benchmark/Axioms/REL001-0.ax', maddux1_join_commutativity_1)).
cnf(c_0_5,axiom,(join(X1,join(X2,X3))=join(join(X1,X2),X3)), file('/export/starexec/sandbox/benchmark/Axioms/REL001-0.ax', maddux2_join_associativity_2)).
cnf(c_0_6,axiom,(top=join(X1,complement(X1))), file('/export/starexec/sandbox/benchmark/Axioms/REL001-0.ax', def_top_12)).
cnf(c_0_7,axiom,(zero=meet(X1,complement(X1))), file('/export/starexec/sandbox/benchmark/Axioms/REL001-0.ax', def_zero_13)).
cnf(c_0_8,axiom,(meet(X1,X2)=complement(join(complement(X1),complement(X2)))), file('/export/starexec/sandbox/benchmark/Axioms/REL001-0.ax', maddux4_definiton_of_meet_4)).
cnf(c_0_9,axiom,(X1=join(complement(join(complement(X1),complement(X2))),complement(join(complement(X1),X2)))), file('/export/starexec/sandbox/benchmark/Axioms/REL001-0.ax', maddux3_a_kind_of_de_Morgan_3)).
cnf(c_0_10,axiom,(converse(join(X1,X2))=join(converse(X1),converse(X2))), file('/export/starexec/sandbox/benchmark/Axioms/REL001-0.ax', converse_additivity_9)).
cnf(c_0_11,negated_conjecture,(converse(meet(sk1,sk2))!=meet(converse(sk1),converse(sk2))), file('/export/starexec/sandbox/benchmark/theBenchmark.p', goals_14)).
cnf(c_0_12,plain,(converse(composition(converse(X1),X2))=composition(converse(X2),X1)), inference(spm,[status(thm)],[c_0_0, c_0_1])).
cnf(c_0_13,plain,(composition(converse(one),X1)=X1), inference(rw,[status(thm)],[inference(spm,[status(thm)],[c_0_12, c_0_2]), c_0_1])).
cnf(c_0_14,plain,(converse(one)=one), inference(spm,[status(thm)],[c_0_2, c_0_13])).
cnf(c_0_15,plain,(join(complement(X1),composition(converse(X2),complement(composition(X2,X1))))=complement(X1)), inference(rw,[status(thm)],[c_0_3, c_0_4])).
cnf(c_0_16,plain,(composition(one,X1)=X1), inference(rw,[status(thm)],[c_0_13, c_0_14])).
cnf(c_0_17,plain,(join(X1,join(complement(X1),X2))=join(top,X2)), inference(spm,[status(thm)],[c_0_5, c_0_6])).
cnf(c_0_18,plain,(join(X1,join(X2,complement(join(X1,X2))))=top), inference(spm,[status(thm)],[c_0_6, c_0_5])).
cnf(c_0_19,plain,(join(complement(X1),complement(X1))=complement(X1)), inference(rw,[status(thm)],[inference(rw,[status(thm)],[inference(spm,[status(thm)],[c_0_15, c_0_16]), c_0_14]), c_0_16])).
cnf(c_0_20,plain,(join(top,complement(complement(X1)))=join(X1,top)), inference(spm,[status(thm)],[c_0_17, c_0_6])).
cnf(c_0_21,plain,(join(top,complement(X1))=top), inference(rw,[status(thm)],[inference(rw,[status(thm)],[inference(spm,[status(thm)],[c_0_18, c_0_19]), c_0_6]), c_0_4])).
cnf(c_0_22,plain,(complement(join(complement(X1),complement(complement(X1))))=zero), inference(rw,[status(thm)],[c_0_7, c_0_8])).
cnf(c_0_23,plain,(join(complement(join(complement(X1),X2)),complement(join(complement(X1),complement(X2))))=X1), inference(rw,[status(thm)],[c_0_9, c_0_4])).
cnf(c_0_24,plain,(join(X1,top)=top), inference(rw,[status(thm)],[c_0_20, c_0_21])).
cnf(c_0_25,plain,(complement(top)=zero), inference(rw,[status(thm)],[c_0_22, c_0_6])).
cnf(c_0_26,plain,(join(zero,complement(join(zero,complement(X1))))=X1), inference(rw,[status(thm)],[inference(rw,[status(thm)],[inference(rw,[status(thm)],[inference(spm,[status(thm)],[c_0_23, c_0_24]), c_0_25]), c_0_25]), c_0_4])).
cnf(c_0_27,plain,(join(zero,complement(complement(X1)))=X1), inference(rw,[status(thm)],[inference(rw,[status(thm)],[inference(rw,[status(thm)],[inference(spm,[status(thm)],[c_0_23, c_0_19]), c_0_6]), c_0_25]), c_0_4])).
cnf(c_0_28,plain,(converse(join(converse(X1),X2))=join(X1,converse(X2))), inference(spm,[status(thm)],[c_0_10, c_0_1])).
cnf(c_0_29,plain,(join(zero,complement(X1))=complement(X1)), inference(spm,[status(thm)],[c_0_26, c_0_27])).
cnf(c_0_30,plain,(join(X1,converse(complement(converse(X1))))=converse(top)), inference(spm,[status(thm)],[c_0_28, c_0_6])).
cnf(c_0_31,plain,(join(top,X1)=top), inference(spm,[status(thm)],[c_0_4, c_0_24])).
cnf(c_0_32,plain,(complement(complement(X1))=X1), inference(rw,[status(thm)],[inference(rw,[status(thm)],[c_0_26, c_0_29]), c_0_29])).
cnf(c_0_33,plain,(converse(top)=top), inference(spm,[status(thm)],[c_0_30, c_0_31])).
cnf(c_0_34,plain,(join(X1,join(X2,X3))=join(X2,join(X1,X3))), inference(rw,[status(thm)],[inference(spm,[status(thm)],[c_0_5, c_0_4]), c_0_5])).
cnf(c_0_35,plain,(join(X1,X1)=X1), inference(spm,[status(thm)],[c_0_19, c_0_32])).
cnf(c_0_36,plain,(join(complement(join(complement(X1),X2)),complement(join(complement(X2),complement(X1))))=X1), inference(spm,[status(thm)],[c_0_23, c_0_4])).
cnf(c_0_37,plain,(join(X1,converse(complement(converse(X1))))=top), inference(rw,[status(thm)],[c_0_30, c_0_33])).
cnf(c_0_38,plain,(join(zero,X1)=X1), inference(spm,[status(thm)],[c_0_29, c_0_32])).
cnf(c_0_39,plain,(join(X1,join(X1,X2))=join(X1,X2)), inference(rw,[status(thm)],[inference(rw,[status(thm)],[inference(spm,[status(thm)],[c_0_34, c_0_35]), c_0_5]), c_0_35])).
cnf(c_0_40,plain,(join(X1,join(X2,X3))=join(X3,join(X1,X2))), inference(spm,[status(thm)],[c_0_4, c_0_5])).
cnf(c_0_41,plain,(complement(join(complement(X1),complement(converse(complement(converse(complement(X1)))))))=X1), inference(rw,[status(thm)],[inference(rw,[status(thm)],[inference(rw,[status(thm)],[inference(spm,[status(thm)],[c_0_36, c_0_37]), c_0_25]), c_0_38]), c_0_4])).
cnf(c_0_42,plain,(join(X1,complement(join(complement(X1),X2)))=X1), inference(rw,[status(thm)],[inference(spm,[status(thm)],[c_0_39, c_0_23]), c_0_4])).
cnf(c_0_43,plain,(join(X1,join(X2,X1))=join(X2,X1)), inference(spm,[status(thm)],[c_0_40, c_0_35])).
cnf(c_0_44,plain,(complement(join(X1,complement(converse(complement(converse(X1))))))=complement(X1)), inference(spm,[status(thm)],[c_0_41, c_0_32])).
cnf(c_0_45,plain,(join(X1,complement(join(X2,complement(X1))))=X1), inference(spm,[status(thm)],[c_0_42, c_0_43])).
cnf(c_0_46,plain,(join(X1,complement(converse(complement(converse(X1)))))=X1), inference(rw,[status(thm)],[inference(spm,[status(thm)],[c_0_23, c_0_44]), c_0_23])).
cnf(c_0_47,plain,(join(complement(X1),complement(join(X2,X1)))=complement(X1)), inference(spm,[status(thm)],[c_0_45, c_0_32])).
cnf(c_0_48,plain,(join(X1,converse(complement(converse(complement(X1)))))=X1), inference(rw,[status(thm)],[inference(rw,[status(thm)],[inference(spm,[status(thm)],[c_0_28, c_0_46]), c_0_1]), c_0_1])).
cnf(c_0_49,plain,(complement(converse(complement(converse(complement(X1)))))=complement(X1)), inference(rw,[status(thm)],[inference(rw,[status(thm)],[inference(spm,[status(thm)],[c_0_47, c_0_48]), c_0_4]), c_0_46])).
cnf(c_0_50,plain,(converse(complement(converse(complement(X1))))=X1), inference(rw,[status(thm)],[inference(spm,[status(thm)],[c_0_23, c_0_49]), c_0_23])).
cnf(c_0_51,plain,(complement(converse(complement(X1)))=converse(X1)), inference(spm,[status(thm)],[c_0_1, c_0_50])).
cnf(c_0_52,plain,(converse(complement(X1))=complement(converse(X1))), inference(spm,[status(thm)],[c_0_32, c_0_51])).
cnf(c_0_53,negated_conjecture,(complement(join(complement(converse(sk1)),complement(converse(sk2))))!=converse(complement(join(complement(sk1),complement(sk2))))), inference(rw,[status(thm)],[inference(rw,[status(thm)],[c_0_11, c_0_8]), c_0_8])).
cnf(c_0_54,plain,(join(complement(converse(X1)),converse(X2))=converse(join(complement(X1),X2))), inference(spm,[status(thm)],[c_0_10, c_0_52])).
cnf(c_0_55,negated_conjecture,(complement(join(complement(converse(sk1)),complement(converse(sk2))))!=complement(converse(join(complement(sk1),complement(sk2))))), inference(rw,[status(thm)],[c_0_53, c_0_52])).
cnf(c_0_56,plain,(join(complement(converse(X1)),complement(converse(X2)))=converse(join(complement(X1),complement(X2)))), inference(spm,[status(thm)],[c_0_54, c_0_52])).
cnf(c_0_57,negated_conjecture,($false), inference(cn,[status(thm)],[inference(rw,[status(thm)],[c_0_55, c_0_56])]), ['proof']).
# SZS output end CNFRefutation.
EOF
