% Problem    : LDA002-1 : TPTP v6.1.0. Released v1.0.0.
% Command    : eprover --auto-schedule --tstp-format -s --proof-object --memory-limit=2048 --cpu-limit=%d %s
% Computer   : n106.star.cs.uiowa.edu
% Model      : x86_64 x86_64
% CPU        : Intel(R) Xeon(R) CPU E5-2609 0 @ 2.40GHz
% Memory     : 32286.75MB
% OS         : Linux 2.6.32-431.20.3.el6.x86_64
% CPULimit   : 300
% DateTime   : Sun Jul 20 03:38:36 CDT 2014
% CPUTime    : 
# No SInE strategy applied
# Trying AutoSched0 for 151 seconds
# AutoSched0-Mode selected heuristic H_____102_C18_F1_PI_AE_CS_SP_PS_S0Y
# and selection function SelectMaxLComplexAvoidPosPred.
#
# Presaturation interreduction done

# Proof found!
# SZS status Unsatisfiable
# SZS output start CNFRefutation.
cnf(c_0_0,axiom,(f(X1,f(X2,X3))=f(f(X1,X2),f(X1,X3))), file('/export/starexec/sandbox/benchmark/theBenchmark.p', a1)).
cnf(c_0_1,axiom,(n2=f(n1,n1)), file('/export/starexec/sandbox/benchmark/theBenchmark.p', clause_2)).
cnf(c_0_2,axiom,(u3=f(u,n3)), file('/export/starexec/sandbox/benchmark/theBenchmark.p', clause_7)).
cnf(c_0_3,axiom,(u=f(n2,n2)), file('/export/starexec/sandbox/benchmark/theBenchmark.p', clause_4)).
cnf(c_0_4,axiom,(u1=f(u,n1)), file('/export/starexec/sandbox/benchmark/theBenchmark.p', clause_5)).
cnf(c_0_5,axiom,(b=f(u1,u3)), file('/export/starexec/sandbox/benchmark/theBenchmark.p', clause_10)).
cnf(c_0_6,axiom,(u2=f(u,n2)), file('/export/starexec/sandbox/benchmark/theBenchmark.p', clause_6)).
cnf(c_0_7,axiom,(n3=f(n2,n1)), file('/export/starexec/sandbox/benchmark/theBenchmark.p', clause_3)).
cnf(c_0_8,axiom,(uu=f(u,u)), file('/export/starexec/sandbox/benchmark/theBenchmark.p', clause_8)).
cnf(c_0_9,axiom,(v=f(uu,uu)), file('/export/starexec/sandbox/benchmark/theBenchmark.p', clause_11)).
cnf(c_0_10,axiom,(a=f(f(n3,n2),u2)), file('/export/starexec/sandbox/benchmark/theBenchmark.p', clause_9)).
cnf(c_0_11,negated_conjecture,(f(a,v)!=f(b,v)), file('/export/starexec/sandbox/benchmark/theBenchmark.p', prove_equation)).
cnf(c_0_12,plain,(f(f(n1,X1),n2)=f(n1,f(X1,n1))), inference(spm,[status(thm)],[c_0_0, c_0_1])).
cnf(c_0_13,plain,(f(f(u,X1),u3)=f(u,f(X1,n3))), inference(spm,[status(thm)],[c_0_0, c_0_2])).
cnf(c_0_14,plain,(f(n1,n2)=u), inference(rw,[status(thm)],[inference(rw,[status(thm)],[inference(spm,[status(thm)],[c_0_12, c_0_1]), c_0_3]), c_0_1])).
cnf(c_0_15,plain,(f(u,f(n1,n3))=b), inference(rw,[status(thm)],[inference(spm,[status(thm)],[c_0_13, c_0_4]), c_0_5])).
cnf(c_0_16,plain,(f(n1,n3)=u2), inference(rw,[status(thm)],[inference(rw,[status(thm)],[inference(spm,[status(thm)],[c_0_12, c_0_14]), c_0_6]), c_0_7])).
cnf(c_0_17,plain,(f(f(u,X1),u2)=f(u,f(X1,n2))), inference(spm,[status(thm)],[c_0_0, c_0_6])).
cnf(c_0_18,plain,(f(u,u2)=b), inference(rw,[status(thm)],[c_0_15, c_0_16])).
cnf(c_0_19,plain,(f(f(u,X1),uu)=f(u,f(X1,u))), inference(spm,[status(thm)],[c_0_0, c_0_8])).
cnf(c_0_20,plain,(f(f(n2,X1),u)=f(n2,f(X1,n2))), inference(spm,[status(thm)],[c_0_0, c_0_3])).
cnf(c_0_21,plain,(f(f(uu,X1),v)=f(uu,f(X1,uu))), inference(spm,[status(thm)],[c_0_0, c_0_9])).
cnf(c_0_22,plain,(f(uu,u2)=b), inference(rw,[status(thm)],[inference(rw,[status(thm)],[inference(spm,[status(thm)],[c_0_17, c_0_8]), c_0_6]), c_0_18])).
cnf(c_0_23,plain,(f(u,f(n2,u))=f(u2,uu)), inference(spm,[status(thm)],[c_0_19, c_0_6])).
cnf(c_0_24,plain,(f(n2,u)=uu), inference(rw,[status(thm)],[inference(rw,[status(thm)],[inference(spm,[status(thm)],[c_0_20, c_0_3]), c_0_8]), c_0_3])).
cnf(c_0_25,plain,(f(u,uu)=v), inference(rw,[status(thm)],[inference(rw,[status(thm)],[inference(spm,[status(thm)],[c_0_19, c_0_8]), c_0_9]), c_0_8])).
cnf(c_0_26,plain,(f(n1,f(n1,X1))=f(n2,f(n1,X1))), inference(spm,[status(thm)],[c_0_0, c_0_1])).
cnf(c_0_27,plain,(f(u,f(n2,X1))=f(n2,f(n2,X1))), inference(spm,[status(thm)],[c_0_0, c_0_3])).
cnf(c_0_28,plain,(f(uu,f(u2,uu))=f(b,v)), inference(spm,[status(thm)],[c_0_21, c_0_22])).
cnf(c_0_29,plain,(f(u2,uu)=v), inference(rw,[status(thm)],[inference(rw,[status(thm)],[c_0_23, c_0_24]), c_0_25])).
cnf(c_0_30,plain,(f(f(f(n3,n2),X1),a)=f(f(n3,n2),f(X1,u2))), inference(spm,[status(thm)],[c_0_0, c_0_10])).
cnf(c_0_31,plain,(f(u2,u2)=uu), inference(rw,[status(thm)],[inference(rw,[status(thm)],[inference(spm,[status(thm)],[c_0_17, c_0_6]), c_0_3]), c_0_8])).
cnf(c_0_32,plain,(f(n3,u)=uu), inference(rw,[status(thm)],[inference(rw,[status(thm)],[inference(spm,[status(thm)],[c_0_20, c_0_7]), c_0_14]), c_0_24])).
cnf(c_0_33,plain,(f(n3,f(n2,X1))=f(n2,f(n1,X1))), inference(spm,[status(thm)],[c_0_0, c_0_7])).
cnf(c_0_34,plain,(f(n1,u)=uu), inference(rw,[status(thm)],[inference(spm,[status(thm)],[c_0_26, c_0_14]), c_0_24])).
cnf(c_0_35,plain,(f(n2,uu)=v), inference(rw,[status(thm)],[inference(spm,[status(thm)],[c_0_27, c_0_24]), c_0_25])).
cnf(c_0_36,plain,(f(b,v)=f(uu,v)), inference(rw,[status(thm)],[c_0_28, c_0_29])).
cnf(c_0_37,plain,(f(uu,f(u,X1))=f(u,f(u,X1))), inference(spm,[status(thm)],[c_0_0, c_0_8])).
cnf(c_0_38,plain,(f(f(n3,n2),uu)=f(a,a)), inference(rw,[status(thm)],[inference(spm,[status(thm)],[c_0_30, c_0_10]), c_0_31])).
cnf(c_0_39,plain,(f(f(n3,X1),uu)=f(n3,f(X1,u))), inference(spm,[status(thm)],[c_0_0, c_0_32])).
cnf(c_0_40,plain,(f(n3,uu)=v), inference(rw,[status(thm)],[inference(rw,[status(thm)],[inference(spm,[status(thm)],[c_0_33, c_0_24]), c_0_34]), c_0_35])).
cnf(c_0_41,negated_conjecture,(f(a,v)!=f(uu,v)), inference(rw,[status(thm)],[c_0_11, c_0_36])).
cnf(c_0_42,plain,(f(uu,v)=f(u,v)), inference(spm,[status(thm)],[c_0_37, c_0_25])).
cnf(c_0_43,plain,(f(a,a)=v), inference(rw,[status(thm)],[inference(rw,[status(thm)],[inference(rw,[status(thm)],[c_0_38, c_0_39]), c_0_24]), c_0_40])).
cnf(c_0_44,negated_conjecture,(f(a,v)!=f(u,v)), inference(rw,[status(thm)],[c_0_41, c_0_42])).
cnf(c_0_45,plain,(f(u,v)=f(n2,v)), inference(spm,[status(thm)],[c_0_27, c_0_35])).
cnf(c_0_46,plain,(f(a,f(a,X1))=f(v,f(a,X1))), inference(spm,[status(thm)],[c_0_0, c_0_43])).
cnf(c_0_47,plain,(f(v,v)=f(uu,v)), inference(rw,[status(thm)],[inference(spm,[status(thm)],[c_0_21, c_0_9]), c_0_9])).
cnf(c_0_48,negated_conjecture,(f(a,v)!=f(n2,v)), inference(rw,[status(thm)],[c_0_44, c_0_45])).
cnf(c_0_49,plain,($false), inference(sr,[status(thm)],[inference(rw,[status(thm)],[inference(rw,[status(thm)],[inference(rw,[status(thm)],[inference(spm,[status(thm)],[c_0_46, c_0_43]), c_0_47]), c_0_42]), c_0_45]), c_0_48]), ['proof']).
# SZS output end CNFRefutation.
EOF
