% Problem    : GRP170-2 : TPTP v6.1.0. Bugfixed v1.2.1.
% Command    : eprover --auto-schedule --tstp-format -s --proof-object --memory-limit=2048 --cpu-limit=%d %s
% Computer   : n115.star.cs.uiowa.edu
% Model      : x86_64 x86_64
% CPU        : Intel(R) Xeon(R) CPU E5-2609 0 @ 2.40GHz
% Memory     : 32286.75MB
% OS         : Linux 2.6.32-431.20.3.el6.x86_64
% CPULimit   : 300
% DateTime   : Sun Jul 20 03:32:21 CDT 2014
% CPUTime    : 
# No SInE strategy applied
# Trying AutoSched0 for 151 seconds
# AutoSched0-Mode selected heuristic H_____047_C02_F1_PI_AE_Q12_CS_SP_S2S
# and selection function SelectNewComplexAHP.
#

# Proof found!
# SZS status Unsatisfiable
# SZS output start CNFRefutation.
cnf(c_0_0,axiom,(multiply(multiply(X1,X2),X3)=multiply(X1,multiply(X2,X3))), file('/export/starexec/sandbox/benchmark/Axioms/GRP004-0.ax', associativity)).
cnf(c_0_1,axiom,(multiply(inverse(X1),X1)=identity), file('/export/starexec/sandbox/benchmark/Axioms/GRP004-0.ax', left_inverse)).
cnf(c_0_2,axiom,(multiply(identity,X1)=X1), file('/export/starexec/sandbox/benchmark/Axioms/GRP004-0.ax', left_identity)).
cnf(c_0_3,axiom,(least_upper_bound(X1,greatest_lower_bound(X1,X2))=X1), file('/export/starexec/sandbox/benchmark/Axioms/GRP004-2.ax', lub_absorbtion)).
cnf(c_0_4,axiom,(greatest_lower_bound(X1,X2)=greatest_lower_bound(X2,X1)), file('/export/starexec/sandbox/benchmark/Axioms/GRP004-2.ax', symmetry_of_glb)).
cnf(c_0_5,axiom,(greatest_lower_bound(X1,greatest_lower_bound(X2,X3))=greatest_lower_bound(greatest_lower_bound(X1,X2),X3)), file('/export/starexec/sandbox/benchmark/Axioms/GRP004-2.ax', associativity_of_glb)).
cnf(c_0_6,hypothesis,(greatest_lower_bound(c,d)=c), file('/export/starexec/sandbox/benchmark/theBenchmark.p', p03b_2)).
cnf(c_0_7,axiom,(multiply(greatest_lower_bound(X1,X2),X3)=greatest_lower_bound(multiply(X1,X3),multiply(X2,X3))), file('/export/starexec/sandbox/benchmark/Axioms/GRP004-2.ax', monotony_glb2)).
cnf(c_0_8,axiom,(multiply(X1,greatest_lower_bound(X2,X3))=greatest_lower_bound(multiply(X1,X2),multiply(X1,X3))), file('/export/starexec/sandbox/benchmark/Axioms/GRP004-2.ax', monotony_glb1)).
cnf(c_0_9,axiom,(multiply(X1,least_upper_bound(X2,X3))=least_upper_bound(multiply(X1,X2),multiply(X1,X3))), file('/export/starexec/sandbox/benchmark/Axioms/GRP004-2.ax', monotony_lub1)).
cnf(c_0_10,axiom,(least_upper_bound(X1,X2)=least_upper_bound(X2,X1)), file('/export/starexec/sandbox/benchmark/Axioms/GRP004-2.ax', symmetry_of_lub)).
cnf(c_0_11,hypothesis,(greatest_lower_bound(a,b)=a), file('/export/starexec/sandbox/benchmark/theBenchmark.p', p03b_1)).
cnf(c_0_12,axiom,(greatest_lower_bound(X1,least_upper_bound(X1,X2))=X1), file('/export/starexec/sandbox/benchmark/Axioms/GRP004-2.ax', glb_absorbtion)).
cnf(c_0_13,negated_conjecture,(greatest_lower_bound(multiply(a,c),multiply(b,d))!=multiply(a,c)), file('/export/starexec/sandbox/benchmark/theBenchmark.p', prove_p03b)).
cnf(c_0_14,plain,(multiply(inverse(X1),multiply(X1,X2))=X2), inference(rw,[status(thm)],[inference(spm,[status(thm)],[c_0_0, c_0_1]), c_0_2])).
cnf(c_0_15,plain,(multiply(inverse(inverse(X1)),identity)=X1), inference(spm,[status(thm)],[c_0_14, c_0_1])).
cnf(c_0_16,plain,(multiply(inverse(inverse(X1)),X2)=multiply(X1,X2)), inference(spm,[status(thm)],[c_0_14, c_0_14])).
cnf(c_0_17,plain,(multiply(X1,identity)=X1), inference(rw,[status(thm)],[c_0_15, c_0_16])).
cnf(c_0_18,plain,(inverse(inverse(X1))=X1), inference(rw,[status(thm)],[inference(spm,[status(thm)],[c_0_16, c_0_17]), c_0_17])).
cnf(c_0_19,plain,(least_upper_bound(X1,greatest_lower_bound(X2,X1))=X1), inference(spm,[status(thm)],[c_0_3, c_0_4])).
cnf(c_0_20,hypothesis,(greatest_lower_bound(c,greatest_lower_bound(d,X1))=greatest_lower_bound(c,X1)), inference(spm,[status(thm)],[c_0_5, c_0_6])).
cnf(c_0_21,plain,(multiply(X1,inverse(X1))=identity), inference(spm,[status(thm)],[c_0_1, c_0_18])).
cnf(c_0_22,plain,(least_upper_bound(X1,greatest_lower_bound(X2,greatest_lower_bound(X3,X1)))=X1), inference(spm,[status(thm)],[c_0_19, c_0_5])).
cnf(c_0_23,hypothesis,(greatest_lower_bound(c,greatest_lower_bound(X1,d))=greatest_lower_bound(c,X1)), inference(spm,[status(thm)],[c_0_20, c_0_4])).
cnf(c_0_24,plain,(multiply(X1,multiply(X2,inverse(multiply(X1,X2))))=identity), inference(spm,[status(thm)],[c_0_0, c_0_21])).
cnf(c_0_25,hypothesis,(least_upper_bound(d,greatest_lower_bound(c,X1))=d), inference(spm,[status(thm)],[c_0_22, c_0_23])).
cnf(c_0_26,plain,(greatest_lower_bound(X1,multiply(X2,X1))=multiply(greatest_lower_bound(X2,identity),X1)), inference(rw,[status(thm)],[inference(spm,[status(thm)],[c_0_7, c_0_2]), c_0_4])).
cnf(c_0_27,plain,(greatest_lower_bound(X1,multiply(X1,X2))=multiply(X1,greatest_lower_bound(identity,X2))), inference(spm,[status(thm)],[c_0_8, c_0_17])).
cnf(c_0_28,plain,(multiply(X1,inverse(multiply(X2,X1)))=inverse(X2)), inference(rw,[status(thm)],[inference(spm,[status(thm)],[c_0_14, c_0_24]), c_0_17])).
cnf(c_0_29,hypothesis,(least_upper_bound(d,multiply(greatest_lower_bound(X1,identity),c))=d), inference(spm,[status(thm)],[c_0_25, c_0_26])).
cnf(c_0_30,plain,(multiply(inverse(X1),greatest_lower_bound(identity,X1))=greatest_lower_bound(identity,inverse(X1))), inference(rw,[status(thm)],[inference(spm,[status(thm)],[c_0_27, c_0_1]), c_0_4])).
cnf(c_0_31,plain,(multiply(inverse(X1),least_upper_bound(X2,X1))=least_upper_bound(identity,multiply(inverse(X1),X2))), inference(rw,[status(thm)],[inference(spm,[status(thm)],[c_0_9, c_0_1]), c_0_10])).
cnf(c_0_32,hypothesis,(least_upper_bound(a,b)=b), inference(rw,[status(thm)],[inference(spm,[status(thm)],[c_0_19, c_0_11]), c_0_10])).
cnf(c_0_33,plain,(multiply(inverse(multiply(X1,X2)),X1)=inverse(X2)), inference(rw,[status(thm)],[inference(spm,[status(thm)],[c_0_28, c_0_28]), c_0_18])).
cnf(c_0_34,plain,(multiply(X1,multiply(inverse(X1),X2))=X2), inference(spm,[status(thm)],[c_0_14, c_0_18])).
cnf(c_0_35,hypothesis,(least_upper_bound(d,multiply(greatest_lower_bound(identity,X1),c))=d), inference(spm,[status(thm)],[c_0_29, c_0_4])).
cnf(c_0_36,plain,(greatest_lower_bound(identity,inverse(least_upper_bound(identity,X1)))=inverse(least_upper_bound(identity,X1))), inference(rw,[status(thm)],[inference(spm,[status(thm)],[c_0_30, c_0_12]), c_0_17])).
cnf(c_0_37,hypothesis,(least_upper_bound(identity,multiply(inverse(b),a))=identity), inference(rw,[status(thm)],[inference(spm,[status(thm)],[c_0_31, c_0_32]), c_0_1])).
cnf(c_0_38,plain,(inverse(multiply(inverse(X1),X2))=multiply(inverse(X2),X1)), inference(spm,[status(thm)],[c_0_33, c_0_34])).
cnf(c_0_39,hypothesis,(least_upper_bound(d,multiply(inverse(least_upper_bound(identity,X1)),c))=d), inference(spm,[status(thm)],[c_0_35, c_0_36])).
cnf(c_0_40,hypothesis,(least_upper_bound(identity,multiply(inverse(a),b))=multiply(inverse(a),b)), inference(rw,[status(thm)],[inference(rw,[status(thm)],[inference(rw,[status(thm)],[inference(rw,[status(thm)],[inference(rw,[status(thm)],[inference(rw,[status(thm)],[inference(spm,[status(thm)],[c_0_31, c_0_37]), c_0_38]), c_0_0]), c_0_17]), c_0_38]), c_0_0]), c_0_17])).
cnf(c_0_41,plain,(multiply(inverse(X1),least_upper_bound(X2,multiply(X1,X3)))=least_upper_bound(multiply(inverse(X1),X2),X3)), inference(spm,[status(thm)],[c_0_9, c_0_14])).
cnf(c_0_42,hypothesis,(least_upper_bound(d,multiply(inverse(b),multiply(a,c)))=d), inference(rw,[status(thm)],[inference(rw,[status(thm)],[inference(spm,[status(thm)],[c_0_39, c_0_40]), c_0_38]), c_0_0])).
cnf(c_0_43,hypothesis,(least_upper_bound(multiply(a,c),multiply(b,d))=multiply(b,d)), inference(rw,[status(thm)],[inference(rw,[status(thm)],[inference(rw,[status(thm)],[inference(spm,[status(thm)],[c_0_41, c_0_42]), c_0_18]), c_0_18]), c_0_10])).
cnf(c_0_44,hypothesis,($false), inference(sr,[status(thm)],[inference(spm,[status(thm)],[c_0_12, c_0_43]), c_0_13]), ['proof']).
# SZS output end CNFRefutation.
EOF
