% Problem    : GRP686-1 : TPTP v6.1.0. Released v4.0.0.
% Command    : eprover --auto-schedule --tstp-format -s --proof-object --memory-limit=2048 --cpu-limit=%d %s
% Computer   : n185.star.cs.uiowa.edu
% Model      : x86_64 x86_64
% CPU        : Intel(R) Xeon(R) CPU E5-2609 0 @ 2.40GHz
% Memory     : 32286.75MB
% OS         : Linux 2.6.32-431.20.3.el6.x86_64
% CPULimit   : 300
% DateTime   : Sun Jul 20 04:46:01 CDT 2014
% CPUTime    : 
# No SInE strategy applied
# Trying AutoSched0 for 151 seconds
# AutoSched0-Mode selected heuristic G_E___107_C48_F1_PI_AE_Q4_CS_SP_PS_S0Y
# and selection function SelectMaxLComplexAvoidPosPred.
#
# Presaturation interreduction done

# Proof found!
# SZS status Unsatisfiable
# SZS output start CNFRefutation.
cnf(c_0_0,axiom,(mult(X1,mult(X2,mult(X2,X3)))=mult(mult(X1,mult(X2,X2)),X3)), file('/export/starexec/sandbox/benchmark/theBenchmark.p', c07)).
cnf(c_0_1,axiom,(mult(unit,X1)=X1), file('/export/starexec/sandbox/benchmark/theBenchmark.p', c06)).
cnf(c_0_2,axiom,(mult(X1,ld(X1,X2))=X2), file('/export/starexec/sandbox/benchmark/theBenchmark.p', c01)).
cnf(c_0_3,axiom,(mult(rd(X1,X2),X2)=X1), file('/export/starexec/sandbox/benchmark/theBenchmark.p', c03)).
cnf(c_0_4,axiom,(ld(X1,mult(X1,X2))=X2), file('/export/starexec/sandbox/benchmark/theBenchmark.p', c02)).
cnf(c_0_5,axiom,(mult(X1,unit)=X1), file('/export/starexec/sandbox/benchmark/theBenchmark.p', c05)).
cnf(c_0_6,axiom,(rd(mult(X1,X2),X2)=X1), file('/export/starexec/sandbox/benchmark/theBenchmark.p', c04)).
cnf(c_0_7,negated_conjecture,(mult(mult(a,a),mult(b,c))!=mult(mult(a,mult(a,b)),c)), file('/export/starexec/sandbox/benchmark/theBenchmark.p', goals)).
cnf(c_0_8,plain,(mult(mult(X1,X1),X2)=mult(X1,mult(X1,X2))), inference(rw,[status(thm)],[inference(spm,[status(thm)],[c_0_0, c_0_1]), c_0_1])).
cnf(c_0_9,plain,(mult(X1,mult(X1,ld(mult(X1,X1),X2)))=X2), inference(spm,[status(thm)],[c_0_2, c_0_8])).
cnf(c_0_10,plain,(mult(rd(X1,mult(X2,X2)),mult(X2,mult(X2,X3)))=mult(X1,X3)), inference(spm,[status(thm)],[c_0_0, c_0_3])).
cnf(c_0_11,plain,(mult(X1,ld(mult(X1,X1),X2))=ld(X1,X2)), inference(spm,[status(thm)],[c_0_4, c_0_9])).
cnf(c_0_12,plain,(mult(rd(X1,mult(X2,X2)),X3)=mult(X1,ld(mult(X2,X2),X3))), inference(rw,[status(thm)],[inference(spm,[status(thm)],[c_0_10, c_0_11]), c_0_2])).
cnf(c_0_13,plain,(mult(X1,ld(mult(X2,X2),unit))=rd(X1,mult(X2,X2))), inference(spm,[status(thm)],[c_0_5, c_0_12])).
cnf(c_0_14,plain,(rd(X1,mult(X1,X1))=ld(X1,unit)), inference(spm,[status(thm)],[c_0_11, c_0_13])).
cnf(c_0_15,plain,(mult(X1,mult(X2,mult(X2,ld(mult(X1,mult(X2,X2)),X3))))=X3), inference(spm,[status(thm)],[c_0_2, c_0_0])).
cnf(c_0_16,plain,(mult(ld(X1,unit),mult(X1,X1))=X1), inference(spm,[status(thm)],[c_0_3, c_0_14])).
cnf(c_0_17,plain,(mult(ld(X1,unit),mult(X1,X2))=X2), inference(rw,[status(thm)],[inference(spm,[status(thm)],[c_0_15, c_0_16]), c_0_2])).
cnf(c_0_18,plain,(mult(ld(X1,unit),X2)=ld(X1,X2)), inference(spm,[status(thm)],[c_0_17, c_0_2])).
cnf(c_0_19,plain,(ld(X1,X1)=unit), inference(spm,[status(thm)],[c_0_4, c_0_5])).
cnf(c_0_20,plain,(ld(X1,mult(X2,mult(X2,X3)))=mult(ld(X1,mult(X2,X2)),X3)), inference(rw,[status(thm)],[inference(spm,[status(thm)],[c_0_0, c_0_18]), c_0_18])).
cnf(c_0_21,plain,(mult(ld(X1,unit),X1)=unit), inference(spm,[status(thm)],[c_0_17, c_0_5])).
cnf(c_0_22,plain,(mult(ld(mult(X1,mult(X1,X2)),mult(X1,X1)),X2)=unit), inference(spm,[status(thm)],[c_0_19, c_0_20])).
cnf(c_0_23,plain,(rd(unit,X1)=ld(X1,unit)), inference(spm,[status(thm)],[c_0_6, c_0_21])).
cnf(c_0_24,plain,(mult(X1,mult(ld(X1,mult(X2,X2)),X3))=mult(X2,mult(X2,X3))), inference(spm,[status(thm)],[c_0_2, c_0_20])).
cnf(c_0_25,plain,(ld(mult(X1,mult(X1,X2)),mult(X1,X1))=ld(X2,unit)), inference(rw,[status(thm)],[inference(spm,[status(thm)],[c_0_6, c_0_22]), c_0_23])).
cnf(c_0_26,plain,(mult(mult(X1,mult(X1,X2)),ld(X2,X3))=mult(X1,mult(X1,X3))), inference(rw,[status(thm)],[inference(spm,[status(thm)],[c_0_24, c_0_25]), c_0_18])).
cnf(c_0_27,negated_conjecture,(mult(mult(a,mult(a,b)),c)!=mult(a,mult(a,mult(b,c)))), inference(rw,[status(thm)],[c_0_7, c_0_8])).
cnf(c_0_28,plain,(mult(mult(X1,mult(X1,X2)),X3)=mult(X1,mult(X1,mult(X2,X3)))), inference(spm,[status(thm)],[c_0_26, c_0_4])).
cnf(c_0_29,negated_conjecture,($false), inference(cn,[status(thm)],[inference(rw,[status(thm)],[c_0_27, c_0_28])]), ['proof']).
# SZS output end CNFRefutation.
EOF
