% Problem    : GRP567-1 : TPTP v6.1.0. Released v2.6.0.
% Command    : eprover --auto-schedule --tstp-format -s --proof-object --memory-limit=2048 --cpu-limit=%d %s
% Computer   : n115.star.cs.uiowa.edu
% Model      : x86_64 x86_64
% CPU        : Intel(R) Xeon(R) CPU E5-2609 0 @ 2.40GHz
% Memory     : 32286.75MB
% OS         : Linux 2.6.32-431.20.3.el6.x86_64
% CPULimit   : 300
% DateTime   : Sun Jul 20 04:29:16 CDT 2014
% CPUTime    : 
# No SInE strategy applied
# Trying AutoSched0 for 151 seconds
# AutoSched0-Mode selected heuristic G_E___208_C18_F1_AE_CS_SP_S0Y
# and selection function SelectMaxLComplexAvoidPosPred.
#

# Proof found!
# SZS status Unsatisfiable
# SZS output start CNFRefutation.
cnf(c_0_0,axiom,(identity=double_divide(X1,inverse(X1))), file('/export/starexec/sandbox/benchmark/theBenchmark.p', identity)).
cnf(c_0_1,axiom,(inverse(X1)=double_divide(X1,identity)), file('/export/starexec/sandbox/benchmark/theBenchmark.p', inverse)).
cnf(c_0_2,axiom,(double_divide(double_divide(X1,double_divide(double_divide(X2,double_divide(X1,X3)),double_divide(identity,X3))),double_divide(identity,identity))=X2), file('/export/starexec/sandbox/benchmark/theBenchmark.p', single_axiom)).
cnf(c_0_3,negated_conjecture,(multiply(multiply(a3,b3),c3)!=multiply(a3,multiply(b3,c3))), file('/export/starexec/sandbox/benchmark/theBenchmark.p', prove_these_axioms_3)).
cnf(c_0_4,axiom,(multiply(X1,X2)=double_divide(double_divide(X2,X1),identity)), file('/export/starexec/sandbox/benchmark/theBenchmark.p', multiply)).
cnf(c_0_5,plain,(double_divide(X1,double_divide(X1,identity))=identity), inference(rw,[status(thm)],[c_0_0, c_0_1])).
cnf(c_0_6,plain,(double_divide(double_divide(X1,identity),double_divide(identity,identity))=X1), inference(rw,[status(thm)],[inference(spm,[status(thm)],[c_0_2, c_0_5]), c_0_5])).
cnf(c_0_7,plain,(double_divide(double_divide(identity,double_divide(X1,double_divide(identity,identity))),double_divide(identity,identity))=double_divide(X1,identity)), inference(spm,[status(thm)],[c_0_2, c_0_6])).
cnf(c_0_8,plain,(double_divide(identity,identity)=identity), inference(rw,[status(thm)],[inference(spm,[status(thm)],[c_0_7, c_0_5]), c_0_6])).
cnf(c_0_9,plain,(double_divide(double_divide(X1,identity),identity)=X1), inference(rw,[status(thm)],[c_0_6, c_0_8])).
cnf(c_0_10,plain,(double_divide(double_divide(identity,double_divide(X1,identity)),identity)=double_divide(X1,identity)), inference(rw,[status(thm)],[inference(rw,[status(thm)],[c_0_7, c_0_8]), c_0_8])).
cnf(c_0_11,plain,(double_divide(identity,double_divide(X1,identity))=X1), inference(rw,[status(thm)],[inference(spm,[status(thm)],[c_0_9, c_0_10]), c_0_9])).
cnf(c_0_12,plain,(double_divide(double_divide(double_divide(X1,double_divide(double_divide(X2,double_divide(X1,X3)),double_divide(identity,X3))),double_divide(double_divide(X4,X2),identity)),double_divide(identity,identity))=X4), inference(rw,[status(thm)],[inference(spm,[status(thm)],[c_0_2, c_0_2]), c_0_5])).
cnf(c_0_13,plain,(double_divide(identity,X1)=double_divide(X1,identity)), inference(spm,[status(thm)],[c_0_11, c_0_9])).
cnf(c_0_14,plain,(double_divide(identity,double_divide(double_divide(X1,double_divide(double_divide(X2,double_divide(X1,X3)),double_divide(identity,X3))),double_divide(identity,double_divide(X4,X2))))=X4), inference(rw,[status(thm)],[inference(rw,[status(thm)],[inference(rw,[status(thm)],[c_0_12, c_0_8]), c_0_13]), c_0_13])).
cnf(c_0_15,plain,(double_divide(identity,double_divide(double_divide(identity,X1),double_divide(identity,double_divide(X2,X1))))=X2), inference(rw,[status(thm)],[inference(rw,[status(thm)],[inference(rw,[status(thm)],[inference(spm,[status(thm)],[c_0_14, c_0_8]), c_0_8]), c_0_13]), c_0_11])).
cnf(c_0_16,plain,(double_divide(identity,double_divide(identity,X1))=X1), inference(spm,[status(thm)],[c_0_11, c_0_13])).
cnf(c_0_17,plain,(double_divide(identity,double_divide(double_divide(X1,X2),X1))=double_divide(identity,X2)), inference(rw,[status(thm)],[inference(spm,[status(thm)],[c_0_15, c_0_15]), c_0_16])).
cnf(c_0_18,plain,(double_divide(double_divide(X1,X2),X1)=X2), inference(rw,[status(thm)],[inference(spm,[status(thm)],[c_0_16, c_0_17]), c_0_16])).
cnf(c_0_19,plain,(double_divide(identity,double_divide(X1,double_divide(double_divide(X2,double_divide(X1,X3)),double_divide(identity,X3))))=X2), inference(rw,[status(thm)],[inference(rw,[status(thm)],[c_0_2, c_0_8]), c_0_13])).
cnf(c_0_20,plain,(double_divide(X1,double_divide(X2,X1))=X2), inference(spm,[status(thm)],[c_0_18, c_0_18])).
cnf(c_0_21,plain,(double_divide(double_divide(X1,X2),X2)=X1), inference(rw,[status(thm)],[inference(rw,[status(thm)],[inference(spm,[status(thm)],[c_0_19, c_0_19]), c_0_19]), c_0_16])).
cnf(c_0_22,plain,(double_divide(X1,X2)=double_divide(X2,X1)), inference(spm,[status(thm)],[c_0_20, c_0_21])).
cnf(c_0_23,plain,(double_divide(X1,double_divide(X1,X2))=X2), inference(spm,[status(thm)],[c_0_18, c_0_21])).
cnf(c_0_24,plain,(double_divide(identity,double_divide(double_divide(identity,X1),double_divide(identity,X2)))=double_divide(X1,X2)), inference(spm,[status(thm)],[c_0_15, c_0_18])).
cnf(c_0_25,plain,(double_divide(identity,double_divide(X1,double_divide(double_divide(identity,X2),double_divide(X3,double_divide(X1,X2)))))=X3), inference(rw,[status(thm)],[c_0_19, c_0_22])).
cnf(c_0_26,plain,(double_divide(double_divide(identity,X1),double_divide(identity,X2))=double_divide(identity,double_divide(X1,X2))), inference(spm,[status(thm)],[c_0_23, c_0_24])).
cnf(c_0_27,plain,(double_divide(X1,double_divide(double_divide(identity,X2),double_divide(X3,double_divide(X1,X2))))=double_divide(identity,X3)), inference(spm,[status(thm)],[c_0_23, c_0_25])).
cnf(c_0_28,plain,(double_divide(identity,double_divide(X1,double_divide(identity,X2)))=double_divide(double_divide(identity,X1),X2)), inference(spm,[status(thm)],[c_0_26, c_0_23])).
cnf(c_0_29,plain,(double_divide(double_divide(identity,X1),double_divide(X2,double_divide(X3,X1)))=double_divide(X3,double_divide(identity,X2))), inference(spm,[status(thm)],[c_0_23, c_0_27])).
cnf(c_0_30,plain,(double_divide(double_divide(identity,X1),double_divide(X2,double_divide(identity,X3)))=double_divide(identity,double_divide(X1,double_divide(double_divide(identity,X2),X3)))), inference(spm,[status(thm)],[c_0_28, c_0_28])).
cnf(c_0_31,plain,(double_divide(double_divide(double_divide(identity,X1),X2),double_divide(identity,X3))=double_divide(identity,double_divide(double_divide(X1,double_divide(identity,X2)),X3))), inference(spm,[status(thm)],[c_0_26, c_0_28])).
cnf(c_0_32,plain,(double_divide(identity,double_divide(double_divide(identity,X1),X2))=double_divide(X1,double_divide(identity,X2))), inference(spm,[status(thm)],[c_0_26, c_0_23])).
cnf(c_0_33,plain,(double_divide(identity,double_divide(X1,double_divide(double_divide(identity,X2),X3)))=double_divide(X3,double_divide(X2,X1))), inference(rw,[status(thm)],[inference(spm,[status(thm)],[c_0_23, c_0_29]), c_0_30])).
cnf(c_0_34,plain,(double_divide(double_divide(X1,double_divide(identity,X2)),double_divide(double_divide(identity,X1),X2))=identity), inference(spm,[status(thm)],[c_0_20, c_0_28])).
cnf(c_0_35,plain,(double_divide(double_divide(double_divide(identity,X1),X2),double_divide(X3,double_divide(identity,X4)))=double_divide(X4,double_divide(X3,double_divide(X1,double_divide(identity,X2))))), inference(rw,[status(thm)],[inference(spm,[status(thm)],[c_0_31, c_0_32]), c_0_33])).
cnf(c_0_36,plain,(double_divide(double_divide(identity,X1),double_divide(X2,identity))=double_divide(identity,double_divide(X1,X2))), inference(spm,[status(thm)],[c_0_26, c_0_22])).
cnf(c_0_37,plain,(double_divide(double_divide(X1,double_divide(identity,X2)),double_divide(X2,double_divide(identity,X1)))=identity), inference(spm,[status(thm)],[c_0_34, c_0_22])).
cnf(c_0_38,plain,(double_divide(double_divide(double_divide(identity,X1),X2),X3)=double_divide(identity,double_divide(X2,double_divide(X1,X3)))), inference(rw,[status(thm)],[inference(rw,[status(thm)],[inference(rw,[status(thm)],[inference(spm,[status(thm)],[c_0_35, c_0_36]), c_0_11]), c_0_30]), c_0_33])).
cnf(c_0_39,negated_conjecture,(double_divide(double_divide(double_divide(double_divide(c3,b3),identity),a3),identity)!=double_divide(double_divide(c3,double_divide(double_divide(b3,a3),identity)),identity)), inference(rw,[status(thm)],[inference(rw,[status(thm)],[inference(rw,[status(thm)],[inference(rw,[status(thm)],[c_0_3, c_0_4]), c_0_4]), c_0_4]), c_0_4])).
cnf(c_0_40,plain,(double_divide(double_divide(identity,X1),double_divide(X2,double_divide(identity,X3)))=double_divide(X3,double_divide(X2,X1))), inference(rw,[status(thm)],[c_0_30, c_0_33])).
cnf(c_0_41,plain,(double_divide(double_divide(X1,X2),double_divide(identity,double_divide(X2,X1)))=identity), inference(rw,[status(thm)],[inference(rw,[status(thm)],[inference(spm,[status(thm)],[c_0_37, c_0_23]), c_0_26]), c_0_22])).
cnf(c_0_42,plain,(double_divide(double_divide(X1,double_divide(identity,X2)),X3)=double_divide(X2,double_divide(X1,double_divide(identity,X3)))), inference(rw,[status(thm)],[inference(rw,[status(thm)],[inference(spm,[status(thm)],[c_0_28, c_0_38]), c_0_23]), c_0_32])).
cnf(c_0_43,plain,(double_divide(double_divide(X1,double_divide(identity,X2)),double_divide(identity,X3))=double_divide(identity,double_divide(double_divide(double_divide(identity,X1),X2),X3))), inference(spm,[status(thm)],[c_0_26, c_0_32])).
cnf(c_0_44,negated_conjecture,(double_divide(identity,double_divide(double_divide(identity,double_divide(c3,b3)),a3))!=double_divide(identity,double_divide(c3,double_divide(identity,double_divide(b3,a3))))), inference(rw,[status(thm)],[inference(rw,[status(thm)],[inference(rw,[status(thm)],[inference(rw,[status(thm)],[c_0_39, c_0_13]), c_0_13]), c_0_13]), c_0_13])).
cnf(c_0_45,plain,(double_divide(double_divide(X1,X2),double_divide(double_divide(X2,X1),X3))=X3), inference(rw,[status(thm)],[inference(spm,[status(thm)],[c_0_40, c_0_41]), c_0_18])).
cnf(c_0_46,plain,(double_divide(double_divide(X1,double_divide(X2,X3)),X4)=double_divide(X3,double_divide(X1,double_divide(X2,X4)))), inference(rw,[status(thm)],[inference(rw,[status(thm)],[inference(rw,[status(thm)],[inference(rw,[status(thm)],[inference(spm,[status(thm)],[c_0_42, c_0_42]), c_0_16]), c_0_43]), c_0_38]), c_0_23])).
cnf(c_0_47,negated_conjecture,(double_divide(identity,double_divide(a3,double_divide(identity,double_divide(c3,b3))))!=double_divide(identity,double_divide(c3,double_divide(identity,double_divide(b3,a3))))), inference(rw,[status(thm)],[c_0_44, c_0_22])).
cnf(c_0_48,plain,(double_divide(double_divide(X1,X2),X3)=double_divide(X3,double_divide(X2,X1))), inference(spm,[status(thm)],[c_0_45, c_0_20])).
cnf(c_0_49,plain,(double_divide(double_divide(double_divide(X1,X2),X3),X4)=double_divide(X2,double_divide(X3,double_divide(X1,X4)))), inference(spm,[status(thm)],[c_0_46, c_0_22])).
cnf(c_0_50,negated_conjecture,(double_divide(double_divide(identity,a3),double_divide(c3,b3))!=double_divide(double_divide(identity,c3),double_divide(b3,a3))), inference(rw,[status(thm)],[inference(rw,[status(thm)],[c_0_47, c_0_28]), c_0_28])).
cnf(c_0_51,plain,(double_divide(double_divide(identity,X1),double_divide(X2,X3))=double_divide(double_divide(identity,X3),double_divide(X2,X1))), inference(rw,[status(thm)],[inference(spm,[status(thm)],[c_0_33, c_0_26]), c_0_28])).
cnf(c_0_52,plain,(double_divide(X1,double_divide(X2,double_divide(X3,X4)))=double_divide(X3,double_divide(X2,double_divide(X1,X4)))), inference(rw,[status(thm)],[inference(spm,[status(thm)],[c_0_46, c_0_48]), c_0_49])).
cnf(c_0_53,negated_conjecture,(double_divide(double_divide(identity,b3),double_divide(c3,a3))!=double_divide(double_divide(identity,c3),double_divide(b3,a3))), inference(rw,[status(thm)],[c_0_50, c_0_51])).
cnf(c_0_54,plain,(double_divide(double_divide(identity,X1),double_divide(X2,X3))=double_divide(double_divide(identity,X2),double_divide(X1,X3))), inference(rw,[status(thm)],[inference(spm,[status(thm)],[c_0_28, c_0_52]), c_0_28])).
cnf(c_0_55,negated_conjecture,($false), inference(cn,[status(thm)],[inference(rw,[status(thm)],[c_0_53, c_0_54])]), ['proof']).
# SZS output end CNFRefutation.
EOF
