% Problem    : LCL162-1 : TPTP v6.1.0. Released v1.0.0.
% Command    : eprover --auto-schedule --tstp-format -s --proof-object --memory-limit=2048 --cpu-limit=%d %s
% Computer   : n141.star.cs.uiowa.edu
% Model      : x86_64 x86_64
% CPU        : Intel(R) Xeon(R) CPU E5-2609 0 @ 2.40GHz
% Memory     : 32286.75MB
% OS         : Linux 2.6.32-431.20.3.el6.x86_64
% CPULimit   : 300
% DateTime   : Sun Jul 20 04:32:01 CDT 2014
% CPUTime    : 
# No SInE strategy applied
# Trying AutoSched0 for 151 seconds
# AutoSched0-Mode selected heuristic G_E___209_C18_F1_AE_CS_SP_PI_S0Y
# and selection function SelectMaxLComplexAvoidPosPred.
#

# Proof found!
# SZS status Unsatisfiable
# SZS output start CNFRefutation.
cnf(c_0_0,axiom,(and_star(xor(truth,X1),X1)=falsehood), file('/export/starexec/sandbox/benchmark/Axioms/LCL002-0.ax', axiom_6)).
cnf(c_0_1,axiom,(and_star(X1,X2)=and_star(X2,X1)), file('/export/starexec/sandbox/benchmark/theBenchmark.p', and_star_commutativity)).
cnf(c_0_2,axiom,(xor(X1,X2)=xor(X2,X1)), file('/export/starexec/sandbox/benchmark/theBenchmark.p', xor_commutativity)).
cnf(c_0_3,axiom,(and_star(X1,falsehood)=falsehood), file('/export/starexec/sandbox/benchmark/Axioms/LCL002-0.ax', axiom_5)).
cnf(c_0_4,axiom,(and_star(and_star(X1,X2),X3)=and_star(X1,and_star(X2,X3))), file('/export/starexec/sandbox/benchmark/theBenchmark.p', and_star_associativity)).
cnf(c_0_5,axiom,(and_star(xor(and_star(xor(truth,X1),X2),truth),X2)=and_star(xor(and_star(xor(truth,X2),X1),truth),X1)), file('/export/starexec/sandbox/benchmark/Axioms/LCL002-0.ax', axiom_8)).
cnf(c_0_6,axiom,(xor(X1,falsehood)=X1), file('/export/starexec/sandbox/benchmark/Axioms/LCL002-0.ax', axiom_2)).
cnf(c_0_7,axiom,(and_star(X1,truth)=X1), file('/export/starexec/sandbox/benchmark/Axioms/LCL002-0.ax', axiom_4)).
cnf(c_0_8,negated_conjecture,(implies(implies(x,y),implies(implies(y,z),implies(x,z)))!=truth), file('/export/starexec/sandbox/benchmark/theBenchmark.p', prove_wajsberg_axiom)).
cnf(c_0_9,axiom,(implies(X1,X2)=xor(truth,and_star(X1,xor(truth,X2)))), file('/export/starexec/sandbox/benchmark/theBenchmark.p', implies_definition)).
cnf(c_0_10,axiom,(xor(X1,xor(truth,X2))=xor(xor(X1,truth),X2)), file('/export/starexec/sandbox/benchmark/Axioms/LCL002-0.ax', axiom_7)).
cnf(c_0_11,axiom,(xor(X1,X1)=falsehood), file('/export/starexec/sandbox/benchmark/Axioms/LCL002-0.ax', axiom_3)).
cnf(c_0_12,plain,(and_star(X1,xor(truth,X1))=falsehood), inference(rw,[status(thm)],[c_0_0, c_0_1])).
cnf(c_0_13,plain,(and_star(X1,xor(X1,truth))=falsehood), inference(spm,[status(thm)],[c_0_12, c_0_2])).
cnf(c_0_14,plain,(and_star(falsehood,X1)=falsehood), inference(spm,[status(thm)],[c_0_3, c_0_1])).
cnf(c_0_15,plain,(and_star(X1,and_star(xor(X1,truth),X2))=falsehood), inference(rw,[status(thm)],[inference(spm,[status(thm)],[c_0_4, c_0_13]), c_0_14])).
cnf(c_0_16,plain,(and_star(X1,and_star(X2,X3))=and_star(X3,and_star(X1,X2))), inference(spm,[status(thm)],[c_0_1, c_0_4])).
cnf(c_0_17,plain,(and_star(X1,and_star(xor(truth,X1),X2))=falsehood), inference(spm,[status(thm)],[c_0_15, c_0_2])).
cnf(c_0_18,plain,(and_star(xor(truth,X1),and_star(X2,and_star(X3,X1)))=falsehood), inference(rw,[status(thm)],[inference(rw,[status(thm)],[inference(spm,[status(thm)],[c_0_16, c_0_17]), c_0_3]), c_0_4])).
cnf(c_0_19,plain,(and_star(X1,and_star(X2,X3))=and_star(X3,and_star(X2,X1))), inference(spm,[status(thm)],[c_0_16, c_0_1])).
cnf(c_0_20,plain,(and_star(X1,and_star(X2,xor(truth,and_star(X1,X2))))=falsehood), inference(spm,[status(thm)],[c_0_12, c_0_4])).
cnf(c_0_21,plain,(and_star(xor(truth,and_star(X1,X2)),and_star(X3,and_star(X2,and_star(X1,X4))))=falsehood), inference(spm,[status(thm)],[c_0_18, c_0_19])).
cnf(c_0_22,plain,(and_star(X1,xor(truth,and_star(xor(truth,X2),X1)))=and_star(X2,xor(truth,and_star(xor(truth,X1),X2)))), inference(rw,[status(thm)],[inference(rw,[status(thm)],[inference(rw,[status(thm)],[inference(rw,[status(thm)],[c_0_5, c_0_2]), c_0_1]), c_0_2]), c_0_1])).
cnf(c_0_23,plain,(xor(falsehood,X1)=X1), inference(spm,[status(thm)],[c_0_6, c_0_2])).
cnf(c_0_24,plain,(and_star(X1,and_star(X2,and_star(X3,xor(truth,and_star(X3,and_star(X1,X2))))))=falsehood), inference(rw,[status(thm)],[inference(spm,[status(thm)],[c_0_20, c_0_16]), c_0_4])).
cnf(c_0_25,plain,(and_star(X1,and_star(X2,X3))=and_star(X2,and_star(X1,X3))), inference(rw,[status(thm)],[inference(spm,[status(thm)],[c_0_4, c_0_1]), c_0_4])).
cnf(c_0_26,plain,(and_star(xor(truth,and_star(X1,X2)),and_star(X3,and_star(X2,and_star(X4,xor(truth,and_star(xor(truth,X1),X4))))))=falsehood), inference(spm,[status(thm)],[c_0_21, c_0_22])).
cnf(c_0_27,plain,(and_star(truth,X1)=X1), inference(spm,[status(thm)],[c_0_7, c_0_1])).
cnf(c_0_28,negated_conjecture,(xor(truth,and_star(xor(truth,and_star(x,xor(truth,y))),xor(truth,xor(truth,and_star(xor(truth,and_star(y,xor(truth,z))),xor(truth,xor(truth,and_star(x,xor(truth,z)))))))))!=truth), inference(rw,[status(thm)],[inference(rw,[status(thm)],[inference(rw,[status(thm)],[inference(rw,[status(thm)],[inference(rw,[status(thm)],[c_0_8, c_0_9]), c_0_9]), c_0_9]), c_0_9]), c_0_9])).
cnf(c_0_29,plain,(xor(truth,xor(truth,X1))=X1), inference(rw,[status(thm)],[inference(spm,[status(thm)],[c_0_10, c_0_11]), c_0_23])).
cnf(c_0_30,plain,(and_star(X1,and_star(X2,and_star(X3,and_star(X4,xor(truth,and_star(X4,and_star(X2,and_star(X1,X3))))))))=falsehood), inference(rw,[status(thm)],[inference(spm,[status(thm)],[c_0_24, c_0_25]), c_0_4])).
cnf(c_0_31,plain,(and_star(X1,and_star(xor(truth,and_star(X2,X1)),and_star(X3,xor(truth,and_star(xor(truth,X2),X3)))))=falsehood), inference(rw,[status(thm)],[inference(spm,[status(thm)],[c_0_26, c_0_27]), c_0_25])).
cnf(c_0_32,negated_conjecture,(xor(truth,and_star(xor(truth,and_star(x,xor(truth,y))),and_star(x,and_star(xor(truth,z),xor(truth,and_star(y,xor(truth,z)))))))!=truth), inference(rw,[status(thm)],[inference(rw,[status(thm)],[inference(rw,[status(thm)],[inference(rw,[status(thm)],[c_0_28, c_0_29]), c_0_29]), c_0_1]), c_0_4])).
cnf(c_0_33,plain,(and_star(X1,and_star(X2,and_star(xor(truth,and_star(xor(truth,X3),X1)),xor(truth,and_star(X3,X2)))))=falsehood), inference(rw,[status(thm)],[inference(rw,[status(thm)],[inference(rw,[status(thm)],[inference(spm,[status(thm)],[c_0_30, c_0_31]), c_0_6]), c_0_7]), c_0_19])).
cnf(c_0_34,negated_conjecture,(xor(truth,and_star(x,and_star(xor(truth,z),and_star(xor(truth,and_star(x,xor(truth,y))),xor(truth,and_star(y,xor(truth,z)))))))!=truth), inference(rw,[status(thm)],[inference(rw,[status(thm)],[inference(rw,[status(thm)],[c_0_32, c_0_16]), c_0_4]), c_0_1])).
cnf(c_0_35,plain,(and_star(X1,and_star(X2,and_star(xor(truth,and_star(X1,xor(truth,X3))),xor(truth,and_star(X3,X2)))))=falsehood), inference(spm,[status(thm)],[c_0_33, c_0_1])).
cnf(c_0_36,negated_conjecture,($false), inference(cn,[status(thm)],[inference(rw,[status(thm)],[inference(rw,[status(thm)],[c_0_34, c_0_35]), c_0_6])]), ['proof']).
# SZS output end CNFRefutation.
EOF
