cnf(c_0_1,axiom,(apply(apply(apply(b,X1),X2),X3)=apply(X1,apply(X2,X3))), file('<stdin>', b_definition)).
cnf(c_0_2,axiom,(apply(apply(l,X1),X2)=apply(X1,apply(X2,X2))), file('<stdin>', l_definition)).
cnf(c_0_3,axiom,(apply(m,X1)=apply(X1,X1)), file('<stdin>', m_definition)).
cnf(c_0_4,negated_conjecture,(X1!=apply(combinator,X1)), file('<stdin>', prove_fixed_point)).
# Initializing proof state
# Scanning for AC axioms
cnf(c_0_5,plain,(apply(apply(apply(l,l),X1),X2)=apply(apply(X1,X1),apply(X2,X2))),inference(pm,[status(thm)],[c_0_2,c_0_2,theory(equality)])).
cnf(c_0_6,plain,(apply(apply(l,apply(X1,X1)),X1)=apply(m,apply(X1,X1))),inference(pm,[status(thm)],[c_0_3,c_0_2,theory(equality)])).
cnf(c_0_7,plain,(apply(X1,apply(apply(l,apply(X2,X2)),X2))=apply(apply(l,X1),apply(X2,X2))),inference(pm,[status(thm)],[c_0_2,c_0_2,theory(equality)])).
cnf(c_0_8,plain,(apply(X1,apply(m,X2))=apply(apply(l,X1),X2)),inference(pm,[status(thm)],[c_0_2,c_0_3,theory(equality)])).
cnf(c_0_9,plain,(apply(apply(m,l),X1)=apply(l,apply(X1,X1))),inference(pm,[status(thm)],[c_0_2,c_0_3,theory(equality)])).
cnf(c_0_10,plain,(apply(X1,apply(m,apply(l,X1)))=apply(m,apply(l,X1))),inference(pm,[status(thm)],[c_0_3,c_0_8,theory(equality)])).
cnf(c_0_11,plain,(apply(apply(m,l),X1)=apply(l,apply(m,X1))),inference(pm,[status(thm)],[c_0_8,c_0_3,theory(equality)])).
cnf(c_0_12,negated_conjecture,(apply(m,combinator)!=combinator),inference(pm,[status(thm)],[c_0_4,c_0_3,theory(equality)])).
cnf(c_0_13,plain,(apply(l,apply(m,apply(m,l)))=apply(m,apply(m,l))),inference(pm,[status(thm)],[c_0_3,c_0_11,theory(equality)])).
cnf(c_0_14,plain,(apply(X1,apply(X2,apply(apply(b,X1),X2)))=apply(m,apply(apply(b,X1),X2))),inference(pm,[status(thm)],[c_0_3,c_0_1,theory(equality)])).
cnf(c_0_15,plain,(apply(apply(apply(m,b),X1),X2)=apply(b,apply(X1,X2))),inference(pm,[status(thm)],[c_0_1,c_0_3,theory(equality)])).
cnf(c_0_16,plain,(apply(apply(m,apply(b,X1)),X2)=apply(X1,apply(apply(b,X1),X2))),inference(pm,[status(thm)],[c_0_1,c_0_3,theory(equality)])).
cnf(c_0_17,plain,(apply(b,apply(X1,apply(apply(m,b),X1)))=apply(m,apply(apply(m,b),X1))),inference(pm,[status(thm)],[c_0_3,c_0_15,theory(equality)])).
cnf(c_0_18,plain,(apply(apply(m,apply(m,b)),X1)=apply(b,apply(apply(m,b),X1))),inference(pm,[status(thm)],[c_0_15,c_0_3,theory(equality)])).
cnf(c_0_19,negated_conjecture,($false),inference(pm,[status(thm)],[c_0_4,c_0_10,theory(equality)])).
cnf(c_0_20,plain,(apply(apply(m,apply(l,l)),apply(m,apply(m,apply(l,l))))=apply(m,apply(l,apply(m,apply(l,l))))),inference(pm,[status(thm)],[c_0_10,c_0_10,theory(equality)])).
cnf(c_0_21,plain,(apply(apply(m,apply(l,l)),X1)=apply(apply(m,apply(l,l)),apply(m,X1))),inference(pm,[status(thm)],[c_0_8,c_0_10,theory(equality)])).
cnf(c_0_22,plain,(apply(m,apply(l,apply(m,l)))=apply(l,apply(m,apply(m,apply(l,apply(m,l)))))),inference(pm,[status(thm)],[c_0_11,c_0_10,theory(equality)])).
cnf(c_0_23,plain,(apply(apply(m,apply(l,apply(m,b))),X1)=apply(b,apply(apply(m,apply(l,apply(m,b))),X1))),inference(pm,[status(thm)],[c_0_15,c_0_10,theory(equality)])).
cnf(c_0_24,plain,(apply(m,apply(l,apply(l,X1)))=apply(X1,apply(m,apply(m,apply(l,apply(l,X1)))))),inference(pm,[status(thm)],[c_0_8,c_0_10,theory(equality)])).
cnf(c_0_25,plain,(apply(m,apply(l,apply(apply(b,X1),X2)))=apply(X1,apply(X2,apply(m,apply(l,apply(apply(b,X1),X2)))))),inference(pm,[status(thm)],[c_0_1,c_0_10,theory(equality)])).
cnf(c_0_26,plain,(apply(m,apply(l,apply(apply(m,b),X1)))=apply(b,apply(X1,apply(m,apply(l,apply(apply(m,b),X1)))))),inference(pm,[status(thm)],[c_0_15,c_0_10,theory(equality)])).
cnf(c_0_27,plain,(apply(apply(m,apply(l,apply(b,X1))),X2)=apply(X1,apply(apply(m,apply(l,apply(b,X1))),X2))),inference(pm,[status(thm)],[c_0_1,c_0_10,theory(equality)])).
cnf(c_0_28,plain,(apply(apply(apply(m,apply(l,b)),X1),X2)=apply(apply(m,apply(l,b)),apply(X1,X2))),inference(pm,[status(thm)],[c_0_1,c_0_10,theory(equality)])).
cnf(c_0_29,plain,(apply(l,apply(m,apply(m,l)))=apply(m,apply(l,l))),inference(pm,[status(thm)],[c_0_10,c_0_3,theory(equality)])).
cnf(c_0_30,negated_conjecture,($false), c_0_19,['proof']).

# Proof found!
# SZS status Unsatisfiable
# SZS output start CNFRefutation.
cnf(c_0_0,axiom,(apply(apply(l,X1),X2)=apply(X1,apply(X2,X2))), file('<stdin>', l_definition)).
cnf(c_0_1,axiom,(apply(m,X1)=apply(X1,X1)), file('<stdin>', m_definition)).
cnf(c_0_2,negated_conjecture,(X1!=apply(combinator,X1)), file('<stdin>', prove_fixed_point)).
cnf(c_0_3,axiom,(apply(apply(l,X1),X2)=apply(X1,apply(X2,X2))), c_0_0).
cnf(c_0_4,axiom,(apply(m,X1)=apply(X1,X1)), c_0_1).
cnf(c_0_5,plain,(apply(apply(l,X1),X2)=apply(X1,apply(X2,X2))), c_0_3).
cnf(c_0_6,plain,(apply(m,X1)=apply(X1,X1)), c_0_4).
cnf(c_0_7,negated_conjecture,(apply(combinator,X1)!=X1), c_0_2).
cnf(c_0_8,plain,(apply(apply(l,X1),X2)=apply(X1,apply(m,X2))), inference(pm,[status(thm)],[c_0_5, c_0_6, theory(equality)])).
cnf(c_0_9,negated_conjecture,(apply(combinator,X1)!=X1), c_0_7).
cnf(c_0_10,plain,(apply(X1,apply(m,apply(l,X1)))=apply(m,apply(l,X1))), inference(pm,[status(thm)],[c_0_6, c_0_8, theory(equality)])).
cnf(c_0_11,negated_conjecture,($false), inference(pm,[status(thm)],[c_0_9, c_0_10, theory(equality)]), ['proof']).
# SZS output end CNFRefutation.
# Parsed axioms                        : 4
# Removed by relevancy pruning/SinE    : 0
# Initial clauses                      : 4
# Removed in clause preprocessing      : 0
# Initial clauses in saturation        : 4
# Processed clauses                    : 10
# ...of these trivial                  : 0
# ...subsumed                          : 1
# ...remaining for further processing  : 9
# Other redundant clauses eliminated   : 0
# Clauses deleted for lack of memory   : 0
# Backward-subsumed                    : 0
# Backward-rewritten                   : 1
# Generated clauses                    : 25
# ...of the previous two non-trivial   : 15
# Contextual simplify-reflections      : 0
# Paramodulations                      : 25
# Factorizations                       : 0
# Equation resolutions                 : 0
# Current number of processed clauses  : 8
#    Positive orientable unit clauses  : 5
#    Positive unorientable unit clauses: 1
#    Negative unit clauses             : 2
#    Non-unit-clauses                  : 0
# Current number of unprocessed clauses: 5
# ...number of literals in the above   : 5
# Clause-clause subsumption calls (NU) : 0
# Rec. Clause-clause subsumption calls : 0
# Non-unit clause-clause subsumptions  : 0
# Unit Clause-clause subsumption calls : 0
# Rewrite failures with RHS unbound    : 0
# BW rewrite match attempts            : 2
# BW rewrite match successes           : 1
# Condensation attempts                : 0
# Condensation successes               : 0
