cnf(c_0_1,axiom,(response(mocking_bird,X1)=response(X1,X1)), file('<stdin>', mocking_bird_exists)).
cnf(c_0_2,hypothesis,(response(compose(X1,X2),X3)=response(X1,response(X2,X3))), file('<stdin>', composer_exists)).
cnf(c_0_3,negated_conjecture,(response(a,X1)!=X2), file('<stdin>', prove_birds_are_compatible_1)).
# Initializing proof state
# Scanning for AC axioms
cnf(c_0_4,hypothesis,(response(X1,response(X2,compose(X1,X2)))=response(mocking_bird,compose(X1,X2))),inference(pm,[status(thm)],[c_0_1,c_0_2,theory(equality)])).
cnf(c_0_5,hypothesis,(response(mocking_bird,compose(compose(X1,X2),X3))=response(X1,response(X2,response(X3,compose(compose(X1,X2),X3))))),inference(pm,[status(thm)],[c_0_2,c_0_4,theory(equality)])).
cnf(c_0_6,hypothesis,(response(X1,response(X2,response(X3,compose(X1,compose(X2,X3)))))=response(mocking_bird,compose(X1,compose(X2,X3)))),inference(pm,[status(thm)],[c_0_4,c_0_2,theory(equality)])).
cnf(c_0_7,negated_conjecture,($false),inference(er,[status(thm)],[c_0_3,theory(equality)])).
cnf(c_0_8,hypothesis,(response(mocking_bird,compose(a,X1))!=X2),inference(pm,[status(thm)],[c_0_3,c_0_4,theory(equality)])).
cnf(c_0_9,negated_conjecture,(response(mocking_bird,a)!=X1),inference(pm,[status(thm)],[c_0_3,c_0_1,theory(equality)])).
cnf(c_0_10,negated_conjecture,($false), c_0_7,['proof']).

# Proof found!
# SZS status Unsatisfiable
# SZS output start CNFRefutation.
cnf(c_0_0,negated_conjecture,(response(a,X1)!=X2), file('<stdin>', prove_birds_are_compatible_1)).
cnf(c_0_1,negated_conjecture,(response(a,X1)!=X2), c_0_0).
cnf(c_0_2,negated_conjecture,(response(a,X1)!=X2), c_0_1).
cnf(c_0_3,negated_conjecture,($false), inference(er,[status(thm)],[c_0_2, theory(equality)]), ['proof']).
# SZS output end CNFRefutation.
# Parsed axioms                        : 3
# Removed by relevancy pruning/SinE    : 0
# Initial clauses                      : 3
# Removed in clause preprocessing      : 0
# Initial clauses in saturation        : 3
# Processed clauses                    : 4
# ...of these trivial                  : 0
# ...subsumed                          : 0
# ...remaining for further processing  : 4
# Other redundant clauses eliminated   : 0
# Clauses deleted for lack of memory   : 0
# Backward-subsumed                    : 0
# Backward-rewritten                   : 0
# Generated clauses                    : 6
# ...of the previous two non-trivial   : 3
# Contextual simplify-reflections      : 0
# Paramodulations                      : 5
# Factorizations                       : 0
# Equation resolutions                 : 1
# Current number of processed clauses  : 4
#    Positive orientable unit clauses  : 2
#    Positive unorientable unit clauses: 1
#    Negative unit clauses             : 1
#    Non-unit-clauses                  : 0
# Current number of unprocessed clauses: 2
# ...number of literals in the above   : 2
# Clause-clause subsumption calls (NU) : 0
# Rec. Clause-clause subsumption calls : 0
# Non-unit clause-clause subsumptions  : 0
# Unit Clause-clause subsumption calls : 0
# Rewrite failures with RHS unbound    : 0
# BW rewrite match attempts            : 0
# BW rewrite match successes           : 0
# Condensation attempts                : 0
# Condensation successes               : 0
