cnf(c_0_1,axiom,(divide(divide(identity,divide(X1,X2)),divide(divide(X2,X3),X1))=X3), file('<stdin>', single_axiom)).
cnf(c_0_2,axiom,(multiply(X1,X2)=divide(X1,divide(identity,X2))), file('<stdin>', multiply)).
cnf(c_0_3,axiom,(inverse(X1)=divide(identity,X1)), file('<stdin>', inverse)).
cnf(c_0_4,axiom,(identity=divide(X1,X1)), file('<stdin>', identity)).
cnf(c_0_5,negated_conjecture,(multiply(inverse(a1),a1)!=multiply(inverse(b1),b1)), file('<stdin>', prove_these_axioms_1)).
cnf(c_0_6,negated_conjecture,(multiply(divide(identity,b1),b1)!=multiply(divide(identity,a1),a1)),inference(rw, [status(thm)],[inference(rw, [status(thm)],[c_0_5,c_0_3,theory(equality)]),c_0_3,theory(equality)]),['Unfolding']).
cnf(c_0_7,negated_conjecture,(divide(divide(identity,b1),divide(identity,b1))!=divide(divide(identity,a1),divide(identity,a1))),inference(rw, [status(thm)],[inference(rw, [status(thm)],[c_0_6,c_0_2,theory(equality)]),c_0_2,theory(equality)]),['Unfolding']).
# Initializing proof state
# Scanning for AC axioms
cnf(c_0_8,plain,(divide(divide(identity,X3),divide(divide(divide(divide(X2,X3),X1),X4),divide(identity,divide(X1,X2))))=X4),inference(pm,[status(thm)],[c_0_1,c_0_1,theory(equality)])).
cnf(c_0_9,plain,(divide(divide(identity,divide(X1,divide(identity,divide(X2,X3)))),divide(X4,X1))=divide(divide(X3,X4),X2)),inference(pm,[status(thm)],[c_0_1,c_0_1,theory(equality)])).
cnf(c_0_10,plain,(divide(divide(identity,divide(divide(divide(X1,X2),X3),identity)),X2)=divide(X3,X1)),inference(pm,[status(thm)],[c_0_1,c_0_1,theory(equality)])).
cnf(c_0_11,plain,(divide(divide(identity,divide(X1,X2)),divide(identity,X1))=X2),inference(pm,[status(thm)],[c_0_1,c_0_4,theory(equality)])).
cnf(c_0_12,plain,(divide(divide(identity,divide(divide(X1,X2),X1)),identity)=X2),inference(pm,[status(thm)],[c_0_1,c_0_4,theory(equality)])).
cnf(c_0_13,plain,(divide(divide(identity,identity),divide(divide(X1,X2),X1))=X2),inference(pm,[status(thm)],[c_0_1,c_0_4,theory(equality)])).
cnf(c_0_14,plain,(divide(divide(identity,X2),divide(divide(divide(divide(X1,X2),X1),X3),identity))=X3),inference(pm,[status(thm)],[c_0_1,c_0_13,theory(equality)])).
cnf(c_0_15,plain,(divide(identity,divide(X2,identity))=divide(divide(X1,X2),X1)),inference(pm,[status(thm)],[c_0_13,c_0_13,theory(equality)])).
cnf(c_0_16,plain,(divide(divide(identity,divide(X1,identity)),divide(X3,X1))=divide(divide(X2,X3),X2)),inference(pm,[status(thm)],[c_0_1,c_0_13,theory(equality)])).
cnf(c_0_17,plain,(divide(X2,divide(divide(X1,X3),divide(X1,X2)))=X3),inference(pm,[status(thm)],[c_0_1,c_0_13,theory(equality)])).
cnf(c_0_18,plain,(divide(identity,divide(X3,divide(identity,divide(X1,X2))))=divide(divide(X2,X3),X1)),inference(pm,[status(thm)],[c_0_13,c_0_1,theory(equality)])).
cnf(c_0_19,plain,(divide(identity,divide(identity,X1))=X1),inference(pm,[status(thm)],[c_0_13,c_0_4,theory(equality)])).
cnf(c_0_20,negated_conjecture,($false),inference(cn,[status(thm)],[c_0_7, theory(equality,[symmetry])])).
cnf(c_0_21,negated_conjecture,($false), c_0_20,['proof']).

# Proof found!
# SZS status Unsatisfiable
# SZS output start CNFRefutation.
cnf(c_0_0,axiom,(inverse(X1)=divide(identity,X1)), file('<stdin>', inverse)).
cnf(c_0_1,axiom,(multiply(X1,X2)=divide(X1,divide(identity,X2))), file('<stdin>', multiply)).
cnf(c_0_2,axiom,(identity=divide(X1,X1)), file('<stdin>', identity)).
cnf(c_0_3,negated_conjecture,(multiply(inverse(a1),a1)!=multiply(inverse(b1),b1)), file('<stdin>', prove_these_axioms_1)).
cnf(c_0_4,axiom,(divide(identity,X1)=inverse(X1)), c_0_0).
cnf(c_0_5,axiom,(divide(X1,divide(identity,X2))=multiply(X1,X2)), c_0_1).
cnf(c_0_6,axiom,(divide(X1,X1)=identity), c_0_2).
cnf(c_0_7,negated_conjecture,(divide(divide(identity,b1),divide(identity,b1))!=divide(divide(identity,a1),divide(identity,a1))), inference(rw,[status(thm)],[inference(rw,[status(thm)],[inference(rw,[status(thm)],[inference(rw,[status(thm)],[c_0_3, c_0_4, theory(equality)]), c_0_4, theory(equality)]), c_0_5, theory(equality)]), c_0_5, theory(equality)])).
cnf(c_0_8,plain,(divide(X1,X1)=identity), c_0_6).
cnf(c_0_9,negated_conjecture,($false), inference(cn,[status(thm)],[inference(rw,[status(thm)],[inference(rw,[status(thm)],[c_0_7, c_0_8, theory(equality)]), c_0_8, theory(equality)]), theory(equality,[symmetry])]), ['proof']).
# SZS output end CNFRefutation.
# Parsed axioms                        : 5
# Removed by relevancy pruning/SinE    : 0
# Initial clauses                      : 5
# Removed in clause preprocessing      : 2
# Initial clauses in saturation        : 3
# Processed clauses                    : 4
# ...of these trivial                  : 0
# ...subsumed                          : 0
# ...remaining for further processing  : 3
# Other redundant clauses eliminated   : 0
# Clauses deleted for lack of memory   : 0
# Backward-subsumed                    : 0
# Backward-rewritten                   : 0
# Generated clauses                    : 12
# ...of the previous two non-trivial   : 12
# Contextual simplify-reflections      : 0
# Paramodulations                      : 12
# Factorizations                       : 0
# Equation resolutions                 : 0
# Current number of processed clauses  : 3
#    Positive orientable unit clauses  : 3
#    Positive unorientable unit clauses: 0
#    Negative unit clauses             : 0
#    Non-unit-clauses                  : 0
# Current number of unprocessed clauses: 11
# ...number of literals in the above   : 11
# Clause-clause subsumption calls (NU) : 0
# Rec. Clause-clause subsumption calls : 0
# Non-unit clause-clause subsumptions  : 0
# Unit Clause-clause subsumption calls : 0
# Rewrite failures with RHS unbound    : 0
# BW rewrite match attempts            : 0
# BW rewrite match successes           : 0
# Condensation attempts                : 0
# Condensation successes               : 0
