cnf(c_0_1,axiom,(add(X1,X2)=add(X2,X1)), file('Axioms/ROB001-0.ax', commutativity_of_add)).
cnf(c_0_2,axiom,(add(add(X1,X2),X3)=add(X1,add(X2,X3))), file('Axioms/ROB001-0.ax', associativity_of_add)).
cnf(c_0_3,axiom,(negate(add(negate(add(X1,X2)),negate(add(X1,negate(X2)))))=X1), file('Axioms/ROB001-0.ax', robbins_axiom)).
cnf(c_0_4,hypothesis,(negate(add(a,b))=c), file('<stdin>', condition)).
cnf(c_0_5,negated_conjecture,(negate(add(c,negate(add(negate(b),a))))!=a), file('<stdin>', prove_result)).
# Initializing proof state
# Scanning for AC axioms
# add is AC
# AC handling enabled
cnf(c_0_6,plain,(add(X1,add(X2,X3))=add(X3,add(X1,X2))),inference(pm,[status(thm)],[c_0_1,c_0_2,theory(equality)])).
cnf(c_0_7,plain,(add(add(X1,add(X2,X3)),X4)=add(add(X1,X2),add(X3,X4))),inference(pm,[status(thm)],[c_0_2,c_0_2,theory(equality)])).
cnf(c_0_8,plain,(add(X2,add(X3,X1))=add(X1,add(X2,X3))),inference(pm,[status(thm)],[c_0_1,c_0_2,theory(equality)])).
cnf(c_0_9,plain,(add(add(X2,X1),X3)=add(X1,add(X2,X3))),inference(pm,[status(thm)],[c_0_2,c_0_1,theory(equality)])).
cnf(c_0_10,plain,(add(add(X2,X1),X3)=add(X1,add(X2,X3))),inference(pm,[status(thm)],[c_0_2,c_0_1,theory(equality)])).
cnf(c_0_11,plain,(add(X3,add(X4,add(X1,X2)))=add(X1,add(X2,add(X3,X4)))),inference(pm,[status(thm)],[c_0_2,c_0_6,theory(equality)])).
cnf(c_0_12,plain,(add(X2,add(X3,X1))=add(add(X2,X3),X1)),inference(pm,[status(thm)],[c_0_1,c_0_6,theory(equality)])).
cnf(c_0_13,plain,(add(add(X2,add(X3,X1)),X4)=add(X1,add(add(X2,X3),X4))),inference(pm,[status(thm)],[c_0_2,c_0_6,theory(equality)])).
cnf(c_0_14,plain,(add(X4,add(X2,add(X3,X1)))=add(X1,add(add(X2,X3),X4))),inference(pm,[status(thm)],[c_0_6,c_0_6,theory(equality)])).
cnf(c_0_15,plain,(add(X1,add(X2,X3))=add(add(X1,X2),X3)),inference(pm,[status(thm)],[c_0_1,c_0_6,theory(equality)])).
cnf(c_0_16,plain,(add(X1,add(X3,add(X4,X2)))=add(add(X3,X4),add(X1,X2))),inference(pm,[status(thm)],[c_0_6,c_0_6,theory(equality)])).
cnf(c_0_17,plain,(add(X2,add(X3,X1))=add(X3,add(X1,X2))),inference(pm,[status(thm)],[c_0_6,c_0_6,theory(equality)])).
cnf(c_0_18,plain,(add(X4,add(add(X1,X2),X3))=add(X1,add(X2,add(X3,X4)))),inference(pm,[status(thm)],[c_0_2,c_0_6,theory(equality)])).
cnf(c_0_19,plain,(add(X3,add(X1,X2))=add(add(X2,X3),X1)),inference(pm,[status(thm)],[c_0_1,c_0_6,theory(equality)])).
cnf(c_0_20,plain,(add(add(X3,add(X1,X2)),X4)=add(X1,add(add(X2,X3),X4))),inference(pm,[status(thm)],[c_0_2,c_0_6,theory(equality)])).
cnf(c_0_21,plain,(add(X4,add(X3,add(X1,X2)))=add(X1,add(add(X2,X3),X4))),inference(pm,[status(thm)],[c_0_6,c_0_6,theory(equality)])).
cnf(c_0_22,plain,(add(X2,add(X3,X1))=add(add(X1,X2),X3)),inference(pm,[status(thm)],[c_0_1,c_0_6,theory(equality)])).
cnf(c_0_23,plain,(add(X1,add(X4,add(X2,X3)))=add(add(X3,X4),add(X1,X2))),inference(pm,[status(thm)],[c_0_6,c_0_6,theory(equality)])).
cnf(c_0_24,plain,(add(X2,add(X3,X1))=add(X1,add(X2,X3))),inference(pm,[status(thm)],[c_0_6,c_0_6,theory(equality)])).
cnf(c_0_25,plain,(add(X4,add(X1,add(X2,X3)))=add(add(X1,X2),add(X3,X4))),inference(pm,[status(thm)],[c_0_6,c_0_2,theory(equality)])).
cnf(c_0_26,plain,(add(X3,add(X2,X1))=add(X1,add(X2,X3))),inference(pm,[status(thm)],[c_0_6,c_0_1,theory(equality)])).
cnf(c_0_27,plain,(add(X3,add(X2,X1))=add(X1,add(X2,X3))),inference(pm,[status(thm)],[c_0_6,c_0_1,theory(equality)])).
cnf(c_0_28,plain,(add(X1,add(X2,add(X3,X4)))=add(X4,add(X1,add(X2,X3)))),inference(pm,[status(thm)],[c_0_6,c_0_2,theory(equality)])).
cnf(c_0_29,plain,(add(X1,add(X3,X2))=add(X3,add(X1,X2))),inference(pm,[status(thm)],[c_0_6,c_0_1,theory(equality)])).
cnf(c_0_30,plain,(add(X1,add(X3,X2))=add(X3,add(X1,X2))),inference(pm,[status(thm)],[c_0_6,c_0_1,theory(equality)])).
cnf(c_0_31,plain,(add(X3,add(add(X1,X2),X4))=add(X1,add(X2,add(X3,X4)))),inference(pm,[status(thm)],[c_0_2,c_0_9,theory(equality)])).
cnf(c_0_32,plain,(add(X2,add(X1,X3))=add(add(X2,X3),X1)),inference(pm,[status(thm)],[c_0_1,c_0_9,theory(equality)])).
cnf(c_0_33,plain,(add(add(X2,add(X1,X3)),X4)=add(X1,add(add(X2,X3),X4))),inference(pm,[status(thm)],[c_0_2,c_0_9,theory(equality)])).
cnf(c_0_34,plain,(add(X4,add(X2,add(X1,X3)))=add(X1,add(add(X2,X3),X4))),inference(pm,[status(thm)],[c_0_6,c_0_9,theory(equality)])).
cnf(c_0_35,plain,(add(X1,add(X3,X2))=add(add(X1,X2),X3)),inference(pm,[status(thm)],[c_0_1,c_0_9,theory(equality)])).
cnf(c_0_36,plain,(add(X1,add(X3,add(X2,X4)))=add(add(X3,X4),add(X1,X2))),inference(pm,[status(thm)],[c_0_6,c_0_9,theory(equality)])).
cnf(c_0_37,plain,(add(X1,add(X3,add(X2,X4)))=add(X2,add(X1,add(X3,X4)))),inference(pm,[status(thm)],[c_0_9,c_0_9,theory(equality)])).
cnf(c_0_38,plain,(add(X2,add(X3,add(X1,X4)))=add(X1,add(X2,add(X3,X4)))),inference(pm,[status(thm)],[c_0_9,c_0_9,theory(equality)])).
cnf(c_0_39,plain,(add(X2,add(X1,X3))=add(X3,add(X1,X2))),inference(pm,[status(thm)],[c_0_6,c_0_9,theory(equality)])).
cnf(c_0_40,plain,(add(X1,add(X3,X2))=add(X1,add(X2,X3))),inference(pm,[status(thm)],[c_0_6,c_0_9,theory(equality)])).
cnf(c_0_41,plain,(add(X3,add(add(X1,X2),X4))=add(X1,add(X2,add(X3,X4)))),inference(pm,[status(thm)],[c_0_2,c_0_9,theory(equality)])).
cnf(c_0_42,plain,(add(X2,add(X1,X3))=add(add(X2,X3),X1)),inference(pm,[status(thm)],[c_0_1,c_0_9,theory(equality)])).
cnf(c_0_43,plain,(add(add(X2,add(X1,X3)),X4)=add(X1,add(add(X2,X3),X4))),inference(pm,[status(thm)],[c_0_2,c_0_9,theory(equality)])).
cnf(c_0_44,plain,(add(X4,add(X2,add(X1,X3)))=add(X1,add(add(X2,X3),X4))),inference(pm,[status(thm)],[c_0_6,c_0_9,theory(equality)])).
cnf(c_0_45,plain,(add(X1,add(X3,X2))=add(add(X1,X2),X3)),inference(pm,[status(thm)],[c_0_1,c_0_9,theory(equality)])).
cnf(c_0_46,plain,(add(X1,add(X3,add(X2,X4)))=add(add(X3,X4),add(X1,X2))),inference(pm,[status(thm)],[c_0_6,c_0_9,theory(equality)])).
cnf(c_0_47,plain,(add(X1,add(X3,add(X2,X4)))=add(X2,add(X1,add(X3,X4)))),inference(pm,[status(thm)],[c_0_9,c_0_9,theory(equality)])).
cnf(c_0_48,plain,(add(X2,add(X3,add(X1,X4)))=add(X1,add(X2,add(X3,X4)))),inference(pm,[status(thm)],[c_0_9,c_0_9,theory(equality)])).
cnf(c_0_49,plain,(add(X2,add(X1,X3))=add(X3,add(X1,X2))),inference(pm,[status(thm)],[c_0_6,c_0_9,theory(equality)])).
cnf(c_0_50,plain,(add(X1,add(X3,X2))=add(X1,add(X2,X3))),inference(pm,[status(thm)],[c_0_6,c_0_9,theory(equality)])).
cnf(c_0_51,plain,(add(X3,add(X1,add(X2,X4)))=add(add(X1,X2),add(X3,X4))),inference(pm,[status(thm)],[c_0_9,c_0_2,theory(equality)])).
cnf(c_0_52,plain,(add(X2,add(X4,add(X1,X3)))=add(X1,add(X2,add(X3,X4)))),inference(pm,[status(thm)],[c_0_9,c_0_6,theory(equality)])).
cnf(c_0_53,plain,(add(X2,add(X3,add(X4,X1)))=add(X1,add(X2,add(X3,X4)))),inference(pm,[status(thm)],[c_0_9,c_0_6,theory(equality)])).
cnf(c_0_54,plain,(add(X2,add(X3,X1))=add(X1,add(X2,X3))),inference(pm,[status(thm)],[c_0_9,c_0_1,theory(equality)])).
cnf(c_0_55,plain,(add(X2,add(X3,X1))=add(X1,add(X2,X3))),inference(pm,[status(thm)],[c_0_9,c_0_1,theory(equality)])).
cnf(c_0_56,plain,(add(X1,add(X2,add(X3,X4)))=add(add(X2,X3),add(X1,X4))),inference(pm,[status(thm)],[c_0_9,c_0_2,theory(equality)])).
cnf(c_0_57,plain,(add(X1,add(X4,add(X2,X3)))=add(X2,add(X1,add(X3,X4)))),inference(pm,[status(thm)],[c_0_9,c_0_6,theory(equality)])).
cnf(c_0_58,plain,(add(X1,add(X3,add(X4,X2)))=add(X2,add(X1,add(X3,X4)))),inference(pm,[status(thm)],[c_0_9,c_0_6,theory(equality)])).
cnf(c_0_59,plain,(add(X1,add(X3,X2))=add(X2,add(X1,X3))),inference(pm,[status(thm)],[c_0_9,c_0_1,theory(equality)])).
cnf(c_0_60,plain,(add(X1,add(X3,X2))=add(X2,add(X1,X3))),inference(pm,[status(thm)],[c_0_9,c_0_1,theory(equality)])).
cnf(c_0_61,plain,(add(X4,add(X3,add(X1,X2)))=add(X1,add(X2,add(X3,X4)))),inference(pm,[status(thm)],[c_0_2,c_0_26,theory(equality)])).
cnf(c_0_62,plain,(add(X3,add(X2,X1))=add(add(X2,X3),X1)),inference(pm,[status(thm)],[c_0_1,c_0_26,theory(equality)])).
cnf(c_0_63,plain,(add(add(X3,add(X2,X1)),X4)=add(X1,add(add(X2,X3),X4))),inference(pm,[status(thm)],[c_0_2,c_0_26,theory(equality)])).
cnf(c_0_64,plain,(add(X4,add(X3,add(X2,X1)))=add(X1,add(add(X2,X3),X4))),inference(pm,[status(thm)],[c_0_6,c_0_26,theory(equality)])).
cnf(c_0_65,plain,(add(X2,add(X1,X3))=add(add(X1,X2),X3)),inference(pm,[status(thm)],[c_0_1,c_0_26,theory(equality)])).
cnf(c_0_66,plain,(add(X4,add(X2,add(X1,X3)))=add(add(X1,X2),add(X3,X4))),inference(pm,[status(thm)],[c_0_26,c_0_26,theory(equality)])).
cnf(c_0_67,plain,(add(X1,add(X4,add(X3,X2)))=add(add(X3,X4),add(X1,X2))),inference(pm,[status(thm)],[c_0_6,c_0_26,theory(equality)])).
cnf(c_0_68,plain,(add(X1,add(X4,add(X3,X2)))=add(X2,add(X1,add(X3,X4)))),inference(pm,[status(thm)],[c_0_9,c_0_26,theory(equality)])).
cnf(c_0_69,plain,(add(X1,add(X4,add(X3,X2)))=add(add(X3,X4),add(X2,X1))),inference(pm,[status(thm)],[c_0_26,c_0_26,theory(equality)])).
cnf(c_0_70,plain,(add(X2,add(X4,add(X3,X1)))=add(X1,add(X2,add(X3,X4)))),inference(pm,[status(thm)],[c_0_9,c_0_26,theory(equality)])).
cnf(c_0_71,plain,(add(X3,add(X2,X1))=add(X3,add(X1,X2))),inference(pm,[status(thm)],[c_0_6,c_0_26,theory(equality)])).
cnf(c_0_72,plain,(add(X3,add(X2,X1))=add(X2,add(X1,X3))),inference(pm,[status(thm)],[c_0_9,c_0_26,theory(equality)])).
cnf(c_0_73,plain,(add(X2,add(X1,X3))=add(X1,add(X2,X3))),inference(pm,[status(thm)],[c_0_6,c_0_26,theory(equality)])).
cnf(c_0_74,plain,(add(X3,add(X1,X2))=add(X1,add(X2,X3))),inference(pm,[status(thm)],[c_0_9,c_0_26,theory(equality)])).
cnf(c_0_75,plain,(add(X4,add(X3,add(X1,X2)))=add(X1,add(X2,add(X3,X4)))),inference(pm,[status(thm)],[c_0_2,c_0_26,theory(equality)])).
cnf(c_0_76,plain,(add(X3,add(X2,X1))=add(add(X2,X3),X1)),inference(pm,[status(thm)],[c_0_1,c_0_26,theory(equality)])).
cnf(c_0_77,plain,(add(add(X3,add(X2,X1)),X4)=add(X1,add(add(X2,X3),X4))),inference(pm,[status(thm)],[c_0_2,c_0_26,theory(equality)])).
cnf(c_0_78,plain,(add(X4,add(X3,add(X2,X1)))=add(X1,add(add(X2,X3),X4))),inference(pm,[status(thm)],[c_0_6,c_0_26,theory(equality)])).
cnf(c_0_79,plain,(add(X2,add(X1,X3))=add(add(X1,X2),X3)),inference(pm,[status(thm)],[c_0_1,c_0_26,theory(equality)])).
cnf(c_0_80,plain,(add(X4,add(X2,add(X1,X3)))=add(add(X1,X2),add(X3,X4))),inference(pm,[status(thm)],[c_0_26,c_0_26,theory(equality)])).
cnf(c_0_81,plain,(add(X1,add(X4,add(X3,X2)))=add(add(X3,X4),add(X1,X2))),inference(pm,[status(thm)],[c_0_6,c_0_26,theory(equality)])).
cnf(c_0_82,plain,(add(X1,add(X4,add(X3,X2)))=add(X2,add(X1,add(X3,X4)))),inference(pm,[status(thm)],[c_0_9,c_0_26,theory(equality)])).
cnf(c_0_83,plain,(add(X1,add(X4,add(X3,X2)))=add(add(X3,X4),add(X2,X1))),inference(pm,[status(thm)],[c_0_26,c_0_26,theory(equality)])).
cnf(c_0_84,plain,(add(X2,add(X4,add(X3,X1)))=add(X1,add(X2,add(X3,X4)))),inference(pm,[status(thm)],[c_0_9,c_0_26,theory(equality)])).
cnf(c_0_85,plain,(add(X3,add(X2,X1))=add(X3,add(X1,X2))),inference(pm,[status(thm)],[c_0_6,c_0_26,theory(equality)])).
cnf(c_0_86,plain,(add(X3,add(X2,X1))=add(X2,add(X1,X3))),inference(pm,[status(thm)],[c_0_9,c_0_26,theory(equality)])).
cnf(c_0_87,plain,(add(X2,add(X1,X3))=add(X1,add(X2,X3))),inference(pm,[status(thm)],[c_0_6,c_0_26,theory(equality)])).
cnf(c_0_88,plain,(add(X3,add(X1,X2))=add(X1,add(X2,X3))),inference(pm,[status(thm)],[c_0_9,c_0_26,theory(equality)])).
cnf(c_0_89,plain,(add(X4,add(X2,add(X3,X1)))=add(X1,add(add(X2,X3),X4))),inference(pm,[status(thm)],[c_0_26,c_0_2,theory(equality)])).
cnf(c_0_90,plain,(add(X4,add(X2,add(X3,X1)))=add(add(X1,X2),add(X3,X4))),inference(pm,[status(thm)],[c_0_26,c_0_6,theory(equality)])).
cnf(c_0_91,plain,(add(X4,add(X1,add(X3,X2)))=add(add(X1,X2),add(X3,X4))),inference(pm,[status(thm)],[c_0_26,c_0_9,theory(equality)])).
cnf(c_0_92,plain,(add(X4,add(X1,add(X2,X3)))=add(add(X1,X2),add(X3,X4))),inference(pm,[status(thm)],[c_0_26,c_0_6,theory(equality)])).
cnf(c_0_93,plain,(add(X4,add(X1,add(X3,X2)))=add(add(X1,X2),add(X3,X4))),inference(pm,[status(thm)],[c_0_26,c_0_9,theory(equality)])).
cnf(c_0_94,plain,(add(X3,add(X1,X2))=add(X1,add(X2,X3))),inference(pm,[status(thm)],[c_0_26,c_0_1,theory(equality)])).
cnf(c_0_95,plain,(add(X3,add(X1,X2))=add(X1,add(X2,X3))),inference(pm,[status(thm)],[c_0_26,c_0_1,theory(equality)])).
cnf(c_0_96,plain,(add(X1,add(X2,add(X3,X4)))=add(X4,add(add(X2,X3),X1))),inference(pm,[status(thm)],[c_0_26,c_0_2,theory(equality)])).
cnf(c_0_97,plain,(add(X1,add(X4,add(X2,X3)))=add(add(X3,X4),add(X2,X1))),inference(pm,[status(thm)],[c_0_26,c_0_6,theory(equality)])).
cnf(c_0_98,plain,(add(X1,add(X3,add(X2,X4)))=add(add(X3,X4),add(X2,X1))),inference(pm,[status(thm)],[c_0_26,c_0_9,theory(equality)])).
cnf(c_0_99,plain,(add(X1,add(X3,add(X4,X2)))=add(add(X3,X4),add(X2,X1))),inference(pm,[status(thm)],[c_0_26,c_0_6,theory(equality)])).
cnf(c_0_100,plain,(add(X1,add(X3,add(X2,X4)))=add(add(X3,X4),add(X2,X1))),inference(pm,[status(thm)],[c_0_26,c_0_9,theory(equality)])).
cnf(c_0_101,plain,(add(X1,add(X3,X2))=add(X3,add(X2,X1))),inference(pm,[status(thm)],[c_0_26,c_0_1,theory(equality)])).
cnf(c_0_102,plain,(add(X1,add(X3,X2))=add(X3,add(X2,X1))),inference(pm,[status(thm)],[c_0_26,c_0_1,theory(equality)])).
cnf(c_0_103,plain,(negate(add(negate(add(X1,add(negate(add(X2,X3)),negate(add(X2,negate(X3)))))),negate(add(X1,X2))))=X1),inference(pm,[status(thm)],[c_0_3,c_0_3,theory(equality)])).
cnf(c_0_104,plain,(negate(add(X1,negate(add(negate(add(X1,X2)),negate(negate(add(X1,negate(X2))))))))=negate(add(X1,X2))),inference(pm,[status(thm)],[c_0_3,c_0_3,theory(equality)])).
cnf(c_0_105,plain,(negate(add(negate(add(negate(add(X1,X2)),add(X1,negate(X2)))),X1))=negate(add(X1,X2))),inference(pm,[status(thm)],[c_0_3,c_0_3,theory(equality)])).
cnf(c_0_106,hypothesis,(negate(add(negate(add(X1,add(a,b))),negate(add(X1,c))))=X1),inference(pm,[status(thm)],[c_0_3,c_0_4,theory(equality)])).
cnf(c_0_107,plain,(negate(add(negate(add(add(X1,X2),X3)),negate(add(X1,add(X2,negate(X3))))))=add(X1,X2)),inference(pm,[status(thm)],[c_0_3,c_0_2,theory(equality)])).
cnf(c_0_108,plain,(negate(add(negate(add(X1,X2)),negate(add(negate(X2),X1))))=X1),inference(pm,[status(thm)],[c_0_3,c_0_1,theory(equality)])).
cnf(c_0_109,plain,(negate(add(negate(add(X1,X2)),negate(add(negate(X2),X1))))=X1),inference(pm,[status(thm)],[c_0_3,c_0_1,theory(equality)])).
cnf(c_0_110,plain,(negate(add(negate(add(X1,add(X2,X3))),negate(add(add(X1,X2),negate(X3)))))=add(X1,X2)),inference(pm,[status(thm)],[c_0_3,c_0_2,theory(equality)])).
cnf(c_0_111,plain,(negate(add(negate(add(X3,add(X1,X2))),negate(add(X1,negate(add(X2,X3))))))=X1),inference(pm,[status(thm)],[c_0_3,c_0_6,theory(equality)])).
cnf(c_0_112,plain,(negate(add(negate(add(X2,add(X1,X3))),negate(add(X1,negate(add(X2,X3))))))=X1),inference(pm,[status(thm)],[c_0_3,c_0_9,theory(equality)])).
cnf(c_0_113,plain,(negate(add(negate(add(X3,add(X2,X1))),negate(add(X1,negate(add(X2,X3))))))=X1),inference(pm,[status(thm)],[c_0_3,c_0_26,theory(equality)])).
cnf(c_0_114,plain,(negate(add(negate(add(X2,add(X3,X1))),negate(add(X1,negate(add(X2,X3))))))=X1),inference(pm,[status(thm)],[c_0_3,c_0_6,theory(equality)])).
cnf(c_0_115,plain,(negate(add(negate(add(X2,add(X1,X3))),negate(add(X1,negate(add(X2,X3))))))=X1),inference(pm,[status(thm)],[c_0_3,c_0_9,theory(equality)])).
cnf(c_0_116,plain,(negate(add(negate(add(X3,add(X2,X1))),negate(add(X1,negate(add(X2,X3))))))=X1),inference(pm,[status(thm)],[c_0_3,c_0_26,theory(equality)])).
cnf(c_0_117,plain,(negate(add(negate(add(X2,X1)),negate(add(X1,negate(X2)))))=X1),inference(pm,[status(thm)],[c_0_3,c_0_1,theory(equality)])).
cnf(c_0_118,plain,(negate(add(negate(add(X2,X1)),negate(add(X1,negate(X2)))))=X1),inference(pm,[status(thm)],[c_0_3,c_0_1,theory(equality)])).
cnf(c_0_119,hypothesis,(negate(add(c,negate(add(a,negate(b)))))=a),inference(pm,[status(thm)],[c_0_3,c_0_4,theory(equality)])).
cnf(c_0_120,hypothesis,($false),inference(sr,[status(thm)],[c_0_119,c_0_5,theory(equality)])).
cnf(c_0_121,hypothesis,($false), c_0_120,['proof']).

# Proof found!
# SZS status Unsatisfiable
# SZS output start CNFRefutation.
cnf(c_0_0,axiom,(add(X1,X2)=add(X2,X1)), file('Axioms/ROB001-0.ax', commutativity_of_add)).
cnf(c_0_1,axiom,(negate(add(negate(add(X1,X2)),negate(add(X1,negate(X2)))))=X1), file('Axioms/ROB001-0.ax', robbins_axiom)).
cnf(c_0_2,hypothesis,(negate(add(a,b))=c), file('<stdin>', condition)).
cnf(c_0_3,negated_conjecture,(negate(add(c,negate(add(negate(b),a))))!=a), file('<stdin>', prove_result)).
cnf(c_0_4,axiom,(add(X1,X2)=add(X2,X1)), c_0_0).
cnf(c_0_5,axiom,(negate(add(negate(add(X1,X2)),negate(add(X1,negate(X2)))))=X1), c_0_1).
cnf(c_0_6,hypothesis,(negate(add(a,b))=c), c_0_2).
cnf(c_0_7,negated_conjecture,(negate(add(c,negate(add(negate(b),a))))!=a), c_0_3).
cnf(c_0_8,plain,(add(X1,X2)=add(X2,X1)), c_0_4).
cnf(c_0_9,plain,(negate(add(negate(add(X1,X2)),negate(add(X1,negate(X2)))))=X1), c_0_5).
cnf(c_0_10,hypothesis,(negate(add(a,b))=c), c_0_6).
cnf(c_0_11,negated_conjecture,(negate(add(c,negate(add(a,negate(b)))))!=a), inference(rw,[status(thm)],[c_0_7, c_0_8, theory(equality)])).
cnf(c_0_12,hypothesis,($false), inference(sr,[status(thm)],[inference(pm,[status(thm)],[c_0_9, c_0_10, theory(equality)]), c_0_11, theory(equality)]), ['proof']).
# SZS output end CNFRefutation.
# Parsed axioms                        : 5
# Removed by relevancy pruning/SinE    : 0
# Initial clauses                      : 5
# Removed in clause preprocessing      : 0
# Initial clauses in saturation        : 5
# Processed clauses                    : 45
# ...of these trivial                  : 0
# ...subsumed                          : 37
# ...remaining for further processing  : 8
# Other redundant clauses eliminated   : 0
# Clauses deleted for lack of memory   : 0
# Backward-subsumed                    : 0
# Backward-rewritten                   : 0
# Generated clauses                    : 114
# ...of the previous two non-trivial   : 110
# Contextual simplify-reflections      : 0
# Paramodulations                      : 114
# Factorizations                       : 0
# Equation resolutions                 : 0
# Current number of processed clauses  : 8
#    Positive orientable unit clauses  : 3
#    Positive unorientable unit clauses: 4
#    Negative unit clauses             : 1
#    Non-unit-clauses                  : 0
# Current number of unprocessed clauses: 70
# ...number of literals in the above   : 70
# Clause-clause subsumption calls (NU) : 0
# Rec. Clause-clause subsumption calls : 0
# Non-unit clause-clause subsumptions  : 0
# Unit Clause-clause subsumption calls : 6
# Rewrite failures with RHS unbound    : 0
# BW rewrite match attempts            : 12
# BW rewrite match successes           : 12
# Condensation attempts                : 0
# Condensation successes               : 0
