cnf(c_0_1,axiom,(f(X1,f(X2,X3))=f(f(X1,X2),X3)), file('<stdin>', f_is_associative)).
cnf(c_0_2,negated_conjecture,(f(a,f(b,f(c,d)))!=f(f(f(a,b),c),d)), file('<stdin>', prove_this)).
# Initializing proof state
# Scanning for AC axioms
# f is associative
cnf(c_0_3,plain,(f(f(X1,f(X2,X3)),X4)=f(f(X1,X2),f(X3,X4))),inference(pm,[status(thm)],[c_0_1,c_0_1,theory(equality)])).
cnf(c_0_4,negated_conjecture,($false),inference(cn,[status(thm)],[c_0_2, theory(equality,[symmetry])])).
cnf(c_0_5,negated_conjecture,($false), c_0_4,['proof']).

# Proof found!
# SZS status Unsatisfiable
# SZS output start CNFRefutation.
cnf(c_0_0,axiom,(f(X1,f(X2,X3))=f(f(X1,X2),X3)), file('<stdin>', f_is_associative)).
cnf(c_0_1,negated_conjecture,(f(a,f(b,f(c,d)))!=f(f(f(a,b),c),d)), file('<stdin>', prove_this)).
cnf(c_0_2,axiom,(f(f(X1,X2),X3)=f(X1,f(X2,X3))), c_0_0).
cnf(c_0_3,negated_conjecture,(f(f(f(a,b),c),d)!=f(a,f(b,f(c,d)))), c_0_1).
cnf(c_0_4,plain,(f(f(X1,X2),X3)=f(X1,f(X2,X3))), c_0_2).
cnf(c_0_5,negated_conjecture,($false), inference(cn,[status(thm)],[inference(rw,[status(thm)],[inference(rw,[status(thm)],[inference(rw,[status(thm)],[c_0_3, c_0_4, theory(equality)]), c_0_4, theory(equality)]), c_0_4, theory(equality)]), theory(equality,[symmetry])]), ['proof']).
# SZS output end CNFRefutation.
# Parsed axioms                        : 2
# Removed by relevancy pruning/SinE    : 0
# Initial clauses                      : 2
# Removed in clause preprocessing      : 0
# Initial clauses in saturation        : 2
# Processed clauses                    : 2
# ...of these trivial                  : 0
# ...subsumed                          : 0
# ...remaining for further processing  : 1
# Other redundant clauses eliminated   : 0
# Clauses deleted for lack of memory   : 0
# Backward-subsumed                    : 0
# Backward-rewritten                   : 0
# Generated clauses                    : 1
# ...of the previous two non-trivial   : 0
# Contextual simplify-reflections      : 0
# Paramodulations                      : 1
# Factorizations                       : 0
# Equation resolutions                 : 0
# Current number of processed clauses  : 1
#    Positive orientable unit clauses  : 1
#    Positive unorientable unit clauses: 0
#    Negative unit clauses             : 0
#    Non-unit-clauses                  : 0
# Current number of unprocessed clauses: 0
# ...number of literals in the above   : 0
# Clause-clause subsumption calls (NU) : 0
# Rec. Clause-clause subsumption calls : 0
# Non-unit clause-clause subsumptions  : 0
# Unit Clause-clause subsumption calls : 0
# Rewrite failures with RHS unbound    : 0
# BW rewrite match attempts            : 0
# BW rewrite match successes           : 0
# Condensation attempts                : 0
# Condensation successes               : 0
