cnf(c_0_1,axiom,(apply(apply(apply(b,X1),X2),X3)=apply(X1,apply(X2,X3))), file('<stdin>', b_definition)).
cnf(c_0_2,axiom,(apply(apply(w,X1),X2)=apply(apply(X1,X2),X2)), file('<stdin>', w_definition)).
cnf(c_0_3,negated_conjecture,(X1!=apply(combinator,X1)), file('<stdin>', prove_fixed_point)).
# Initializing proof state
# Scanning for AC axioms
cnf(c_0_4,plain,(apply(apply(apply(w,X1),X2),X2)=apply(apply(w,apply(X1,X2)),X2)),inference(pm,[status(thm)],[c_0_2,c_0_2,theory(equality)])).
cnf(c_0_5,plain,(apply(apply(w,w),X1)=apply(apply(X1,X1),X1)),inference(pm,[status(thm)],[c_0_2,c_0_2,theory(equality)])).
cnf(c_0_6,plain,(apply(apply(apply(X1,X2),X2),X2)=apply(apply(w,apply(w,X1)),X2)),inference(pm,[status(thm)],[c_0_2,c_0_2,theory(equality)])).
cnf(c_0_7,plain,(apply(apply(X1,X1),X1)=apply(apply(w,w),X1)),inference(pm,[status(thm)],[c_0_2,c_0_2,theory(equality)])).
cnf(c_0_8,plain,(apply(apply(X1,apply(X2,X3)),X3)=apply(apply(w,apply(apply(b,X1),X2)),X3)),inference(pm,[status(thm)],[c_0_2,c_0_1,theory(equality)])).
cnf(c_0_9,plain,(apply(X1,apply(X2,X2))=apply(apply(w,apply(b,X1)),X2)),inference(pm,[status(thm)],[c_0_2,c_0_1,theory(equality)])).
cnf(c_0_10,plain,(apply(apply(apply(w,b),X1),X2)=apply(X1,apply(X1,X2))),inference(pm,[status(thm)],[c_0_1,c_0_2,theory(equality)])).
cnf(c_0_11,plain,(apply(apply(apply(w,w),X1),X1)=apply(apply(w,apply(X1,X1)),X1)),inference(pm,[status(thm)],[c_0_2,c_0_5,theory(equality)])).
cnf(c_0_12,plain,(apply(apply(w,w),apply(b,X1))=apply(X1,apply(apply(b,X1),apply(b,X1)))),inference(pm,[status(thm)],[c_0_1,c_0_5,theory(equality)])).
cnf(c_0_13,plain,(apply(apply(apply(w,w),b),X1)=apply(b,apply(b,X1))),inference(pm,[status(thm)],[c_0_1,c_0_5,theory(equality)])).
cnf(c_0_14,plain,(apply(apply(w,w),X1)=apply(apply(w,X1),X1)),inference(pm,[status(thm)],[c_0_2,c_0_5,theory(equality)])).
cnf(c_0_15,plain,(apply(apply(apply(X1,X1),X1),X1)=apply(apply(w,apply(w,w)),X1)),inference(pm,[status(thm)],[c_0_2,c_0_5,theory(equality)])).
cnf(c_0_16,plain,(apply(apply(X1,X1),X1)=apply(apply(w,X1),X1)),inference(pm,[status(thm)],[c_0_2,c_0_5,theory(equality)])).
cnf(c_0_17,plain,(apply(apply(X1,apply(X2,apply(apply(b,X1),X2))),apply(apply(b,X1),X2))=apply(apply(w,w),apply(apply(b,X1),X2))),inference(pm,[status(thm)],[c_0_5,c_0_1,theory(equality)])).
cnf(c_0_18,plain,(apply(X1,apply(apply(X2,X2),apply(X2,X2)))=apply(apply(w,apply(b,apply(w,apply(b,X1)))),X2)),inference(pm,[status(thm)],[c_0_9,c_0_9,theory(equality)])).
cnf(c_0_19,plain,(apply(apply(X1,apply(X2,X2)),X2)=apply(apply(w,apply(w,apply(b,X1))),X2)),inference(pm,[status(thm)],[c_0_2,c_0_9,theory(equality)])).
cnf(c_0_20,plain,(apply(X1,apply(apply(b,X1),apply(b,X1)))=apply(apply(w,w),apply(b,X1))),inference(pm,[status(thm)],[c_0_2,c_0_9,theory(equality)])).
cnf(c_0_21,negated_conjecture,(apply(apply(w,apply(b,combinator)),X1)!=apply(X1,X1)),inference(pm,[status(thm)],[c_0_3,c_0_9,theory(equality)])).
cnf(c_0_22,plain,(apply(apply(w,apply(b,apply(w,apply(b,X1)))),X2)=apply(X1,apply(apply(X2,X2),apply(X2,X2)))),inference(pm,[status(thm)],[c_0_9,c_0_9,theory(equality)])).
cnf(c_0_23,plain,(apply(apply(w,apply(b,apply(apply(b,X1),X2))),X3)=apply(X1,apply(X2,apply(X3,X3)))),inference(pm,[status(thm)],[c_0_1,c_0_9,theory(equality)])).
cnf(c_0_24,plain,(apply(apply(apply(w,apply(b,apply(b,X1))),X2),X3)=apply(X1,apply(apply(X2,X2),X3))),inference(pm,[status(thm)],[c_0_1,c_0_9,theory(equality)])).
cnf(c_0_25,plain,(apply(apply(w,apply(b,apply(X1,apply(X2,X2)))),X2)=apply(apply(w,X1),apply(X2,X2))),inference(pm,[status(thm)],[c_0_2,c_0_9,theory(equality)])).
cnf(c_0_26,plain,(apply(apply(w,apply(b,apply(apply(X1,X1),apply(X1,X1)))),X1)=apply(apply(w,w),apply(X1,X1))),inference(pm,[status(thm)],[c_0_5,c_0_9,theory(equality)])).
cnf(c_0_27,plain,(apply(apply(apply(apply(w,apply(b,b)),X1),X2),X3)=apply(apply(X1,X1),apply(X2,X3))),inference(pm,[status(thm)],[c_0_1,c_0_9,theory(equality)])).
cnf(c_0_28,plain,(apply(apply(w,apply(apply(w,apply(b,b)),X1)),X2)=apply(apply(X1,X1),apply(X2,X2))),inference(pm,[status(thm)],[c_0_9,c_0_9,theory(equality)])).
cnf(c_0_29,plain,(apply(apply(apply(w,apply(b,X1)),X2),apply(X2,X2))=apply(apply(w,X1),apply(X2,X2))),inference(pm,[status(thm)],[c_0_2,c_0_9,theory(equality)])).
cnf(c_0_30,plain,(apply(apply(apply(w,apply(b,apply(X1,X1))),X1),apply(X1,X1))=apply(apply(w,w),apply(X1,X1))),inference(pm,[status(thm)],[c_0_5,c_0_9,theory(equality)])).
cnf(c_0_31,plain,(apply(X1,apply(apply(w,apply(b,apply(X2,X2))),X2))=apply(apply(w,apply(b,X1)),apply(X2,X2))),inference(pm,[status(thm)],[c_0_9,c_0_9,theory(equality)])).
cnf(c_0_32,plain,(apply(X1,apply(X2,apply(X3,apply(apply(b,X2),X3))))=apply(apply(w,apply(b,X1)),apply(apply(b,X2),X3))),inference(pm,[status(thm)],[c_0_9,c_0_1,theory(equality)])).
cnf(c_0_33,plain,(apply(apply(apply(w,b),apply(apply(b,X1),X2)),X3)=apply(X1,apply(X2,apply(apply(apply(b,X1),X2),X3)))),inference(pm,[status(thm)],[c_0_1,c_0_10,theory(equality)])).
cnf(c_0_34,plain,(apply(apply(apply(w,b),apply(apply(w,b),X1)),X2)=apply(X1,apply(X1,apply(apply(apply(w,b),X1),X2)))),inference(pm,[status(thm)],[c_0_10,c_0_10,theory(equality)])).
cnf(c_0_35,plain,(apply(apply(apply(apply(w,b),apply(b,X1)),X2),X3)=apply(X1,apply(apply(apply(b,X1),X2),X3))),inference(pm,[status(thm)],[c_0_1,c_0_10,theory(equality)])).
cnf(c_0_36,plain,(apply(apply(apply(apply(w,b),X1),X2),apply(X1,X2))=apply(apply(w,X1),apply(X1,X2))),inference(pm,[status(thm)],[c_0_2,c_0_10,theory(equality)])).
cnf(c_0_37,plain,(apply(X1,apply(apply(apply(w,b),X1),X2))=apply(apply(apply(w,b),X1),apply(X1,X2))),inference(pm,[status(thm)],[c_0_10,c_0_10,theory(equality)])).
cnf(c_0_38,plain,(apply(apply(apply(w,b),X1),X1)=apply(apply(w,apply(b,X1)),X1)),inference(pm,[status(thm)],[c_0_9,c_0_10,theory(equality)])).
cnf(c_0_39,plain,(apply(X1,apply(X1,apply(X2,X2)))=apply(apply(w,apply(b,apply(apply(w,b),X1))),X2)),inference(pm,[status(thm)],[c_0_9,c_0_10,theory(equality)])).
cnf(c_0_40,plain,(apply(X1,apply(X1,apply(apply(apply(w,b),X1),X2)))=apply(apply(apply(w,b),apply(apply(w,b),X1)),X2)),inference(pm,[status(thm)],[c_0_10,c_0_10,theory(equality)])).
cnf(c_0_41,plain,(apply(apply(X1,apply(X1,X2)),X2)=apply(apply(w,apply(apply(w,b),X1)),X2)),inference(pm,[status(thm)],[c_0_2,c_0_10,theory(equality)])).
cnf(c_0_42,plain,(apply(apply(apply(w,b),X1),apply(X1,apply(X1,X2)))=apply(apply(apply(w,b),apply(apply(w,b),X1)),X2)),inference(pm,[status(thm)],[c_0_10,c_0_10,theory(equality)])).
cnf(c_0_43,plain,(apply(apply(X1,apply(X1,apply(apply(w,b),X1))),apply(apply(w,b),X1))=apply(apply(w,w),apply(apply(w,b),X1))),inference(pm,[status(thm)],[c_0_5,c_0_10,theory(equality)])).
cnf(c_0_44,plain,(apply(X1,apply(X2,apply(X2,apply(apply(w,b),X2))))=apply(apply(w,apply(b,X1)),apply(apply(w,b),X2))),inference(pm,[status(thm)],[c_0_9,c_0_10,theory(equality)])).
cnf(c_0_45,plain,(apply(X1,apply(X1,X1))=apply(apply(w,apply(w,b)),X1)),inference(pm,[status(thm)],[c_0_2,c_0_10,theory(equality)])).
cnf(c_0_46,plain,(apply(apply(w,b),apply(apply(w,b),apply(w,b)))=apply(apply(w,w),apply(w,b))),inference(pm,[status(thm)],[c_0_5,c_0_10,theory(equality)])).
cnf(c_0_47,plain,(apply(apply(w,apply(b,X1)),apply(X1,apply(X2,X2)))=apply(apply(apply(w,b),apply(w,apply(b,X1))),X2)),inference(pm,[status(thm)],[c_0_10,c_0_9,theory(equality)])).
cnf(c_0_48,plain,(apply(apply(w,X1),apply(apply(X1,X2),X2))=apply(apply(apply(w,b),apply(w,X1)),X2)),inference(pm,[status(thm)],[c_0_10,c_0_2,theory(equality)])).
cnf(c_0_49,plain,(apply(apply(apply(b,X1),X2),apply(X1,apply(X2,X3)))=apply(apply(apply(w,b),apply(apply(b,X1),X2)),X3)),inference(pm,[status(thm)],[c_0_10,c_0_1,theory(equality)])).
cnf(c_0_50,plain,(apply(apply(X1,X2),apply(apply(w,X1),X2))=apply(apply(apply(w,b),apply(X1,X2)),X2)),inference(pm,[status(thm)],[c_0_10,c_0_2,theory(equality)])).
cnf(c_0_51,plain,(apply(apply(X1,X1),apply(apply(w,w),X1))=apply(apply(apply(w,b),apply(X1,X1)),X1)),inference(pm,[status(thm)],[c_0_10,c_0_5,theory(equality)])).
cnf(c_0_52,plain,(apply(X1,apply(apply(w,apply(b,X1)),X2))=apply(apply(apply(w,b),X1),apply(X2,X2))),inference(pm,[status(thm)],[c_0_10,c_0_9,theory(equality)])).
cnf(c_0_53,plain,(apply(apply(apply(w,apply(b,apply(w,b))),X1),X2)=apply(apply(X1,X1),apply(apply(X1,X1),X2))),inference(pm,[status(thm)],[c_0_10,c_0_9,theory(equality)])).
cnf(c_0_54,plain,(apply(apply(apply(w,w),b),X1)=apply(b,apply(b,X1))),inference(pm,[status(thm)],[c_0_10,c_0_2,theory(equality)])).
cnf(c_0_55,plain,(apply(b,apply(b,apply(X1,X1)))=apply(apply(w,apply(b,apply(apply(w,w),b))),X1)),inference(pm,[status(thm)],[c_0_9,c_0_13,theory(equality)])).
cnf(c_0_56,plain,(apply(b,apply(b,apply(apply(apply(w,w),b),X1)))=apply(apply(apply(w,b),apply(apply(w,w),b)),X1)),inference(pm,[status(thm)],[c_0_10,c_0_13,theory(equality)])).
cnf(c_0_57,plain,(apply(apply(b,apply(b,X1)),X1)=apply(apply(w,apply(apply(w,w),b)),X1)),inference(pm,[status(thm)],[c_0_2,c_0_13,theory(equality)])).
cnf(c_0_58,plain,(apply(apply(apply(w,w),b),apply(b,apply(b,X1)))=apply(apply(apply(w,b),apply(apply(w,w),b)),X1)),inference(pm,[status(thm)],[c_0_10,c_0_13,theory(equality)])).
cnf(c_0_59,plain,(apply(apply(b,apply(b,apply(apply(w,w),b))),apply(apply(w,w),b))=apply(apply(w,w),apply(apply(w,w),b))),inference(pm,[status(thm)],[c_0_5,c_0_13,theory(equality)])).
cnf(c_0_60,plain,(apply(X1,apply(b,apply(b,apply(apply(w,w),b))))=apply(apply(w,apply(b,X1)),apply(apply(w,w),b))),inference(pm,[status(thm)],[c_0_9,c_0_13,theory(equality)])).
cnf(c_0_61,plain,(apply(b,apply(b,b))=apply(apply(w,apply(w,w)),b)),inference(pm,[status(thm)],[c_0_2,c_0_13,theory(equality)])).
cnf(c_0_62,negated_conjecture,($false),inference(er,[status(thm)],[c_0_21,theory(equality)])).
cnf(c_0_63,negated_conjecture,(apply(b,apply(b,apply(apply(w,w),b)))!=apply(apply(w,apply(b,combinator)),apply(apply(w,w),b))),inference(pm,[status(thm)],[c_0_21,c_0_13,theory(equality)])).
cnf(c_0_64,negated_conjecture,(apply(X1,apply(X2,apply(apply(b,X1),X2)))!=apply(apply(w,apply(b,combinator)),apply(apply(b,X1),X2))),inference(pm,[status(thm)],[c_0_21,c_0_1,theory(equality)])).
cnf(c_0_65,negated_conjecture,(apply(X1,apply(X1,apply(apply(w,b),X1)))!=apply(apply(w,apply(b,combinator)),apply(apply(w,b),X1))),inference(pm,[status(thm)],[c_0_21,c_0_10,theory(equality)])).
cnf(c_0_66,negated_conjecture,(apply(apply(w,apply(b,apply(X1,X1))),X1)!=apply(apply(w,apply(b,combinator)),apply(X1,X1))),inference(pm,[status(thm)],[c_0_21,c_0_9,theory(equality)])).
cnf(c_0_67,negated_conjecture,(apply(apply(w,apply(b,apply(w,apply(b,combinator)))),X1)!=apply(apply(X1,X1),apply(X1,X1))),inference(pm,[status(thm)],[c_0_21,c_0_9,theory(equality)])).
cnf(c_0_68,negated_conjecture,(apply(apply(w,w),apply(b,combinator))!=apply(apply(b,combinator),apply(b,combinator))),inference(pm,[status(thm)],[c_0_21,c_0_2,theory(equality)])).
cnf(c_0_69,negated_conjecture,(apply(combinator,apply(X1,X1))!=apply(X1,X1)),inference(pm,[status(thm)],[c_0_21,c_0_9,theory(equality)])).
cnf(c_0_70,negated_conjecture,($false), c_0_62,['proof']).

# Proof found!
# SZS status Unsatisfiable
# SZS output start CNFRefutation.
cnf(c_0_0,axiom,(apply(apply(w,X1),X2)=apply(apply(X1,X2),X2)), file('<stdin>', w_definition)).
cnf(c_0_1,axiom,(apply(apply(apply(b,X1),X2),X3)=apply(X1,apply(X2,X3))), file('<stdin>', b_definition)).
cnf(c_0_2,negated_conjecture,(X1!=apply(combinator,X1)), file('<stdin>', prove_fixed_point)).
cnf(c_0_3,axiom,(apply(apply(w,X1),X2)=apply(apply(X1,X2),X2)), c_0_0).
cnf(c_0_4,axiom,(apply(apply(apply(b,X1),X2),X3)=apply(X1,apply(X2,X3))), c_0_1).
cnf(c_0_5,negated_conjecture,(apply(combinator,X1)!=X1), c_0_2).
cnf(c_0_6,plain,(apply(apply(w,X1),X2)=apply(apply(X1,X2),X2)), c_0_3).
cnf(c_0_7,plain,(apply(apply(apply(b,X1),X2),X3)=apply(X1,apply(X2,X3))), c_0_4).
cnf(c_0_8,negated_conjecture,(apply(combinator,X1)!=X1), c_0_5).
cnf(c_0_9,plain,(apply(X1,apply(X2,X2))=apply(apply(w,apply(b,X1)),X2)), inference(pm,[status(thm)],[c_0_6, c_0_7, theory(equality)])).
cnf(c_0_10,negated_conjecture,(apply(apply(w,apply(b,combinator)),X1)!=apply(X1,X1)), inference(pm,[status(thm)],[c_0_8, c_0_9, theory(equality)])).
cnf(c_0_11,negated_conjecture,($false), inference(er,[status(thm)],[c_0_10, theory(equality)]), ['proof']).
# SZS output end CNFRefutation.
# Parsed axioms                        : 3
# Removed by relevancy pruning/SinE    : 0
# Initial clauses                      : 3
# Removed in clause preprocessing      : 0
# Initial clauses in saturation        : 3
# Processed clauses                    : 12
# ...of these trivial                  : 1
# ...subsumed                          : 3
# ...remaining for further processing  : 8
# Other redundant clauses eliminated   : 0
# Clauses deleted for lack of memory   : 0
# Backward-subsumed                    : 0
# Backward-rewritten                   : 0
# Generated clauses                    : 66
# ...of the previous two non-trivial   : 58
# Contextual simplify-reflections      : 0
# Paramodulations                      : 65
# Factorizations                       : 0
# Equation resolutions                 : 1
# Current number of processed clauses  : 8
#    Positive orientable unit clauses  : 2
#    Positive unorientable unit clauses: 4
#    Negative unit clauses             : 2
#    Non-unit-clauses                  : 0
# Current number of unprocessed clauses: 49
# ...number of literals in the above   : 49
# Clause-clause subsumption calls (NU) : 0
# Rec. Clause-clause subsumption calls : 0
# Non-unit clause-clause subsumptions  : 0
# Unit Clause-clause subsumption calls : 1
# Rewrite failures with RHS unbound    : 0
# BW rewrite match attempts            : 9
# BW rewrite match successes           : 0
# Condensation attempts                : 0
# Condensation successes               : 0
