cnf(c_0_1,axiom,(apply(apply(l,X1),X2)=apply(X1,apply(X2,X2))), file('<stdin>', l_definition)).
cnf(c_0_2,negated_conjecture,(X1!=apply(combinator,X1)), file('<stdin>', prove_fixed_point)).
# Initializing proof state
# Scanning for AC axioms
cnf(c_0_3,plain,(apply(apply(apply(l,l),X1),X2)=apply(apply(X1,X1),apply(X2,X2))),inference(pm,[status(thm)],[c_0_1,c_0_1,theory(equality)])).
cnf(c_0_4,plain,(apply(X1,apply(apply(l,apply(X2,X2)),X2))=apply(apply(l,X1),apply(X2,X2))),inference(pm,[status(thm)],[c_0_1,c_0_1,theory(equality)])).
cnf(c_0_5,plain,(apply(X1,apply(apply(l,apply(l,apply(apply(apply(l,apply(X2,X2)),X2),apply(apply(l,apply(X2,X2)),X2)))),apply(X2,X2)))=apply(apply(l,X1),apply(apply(apply(l,apply(X2,X2)),X2),apply(apply(l,apply(X2,X2)),X2)))),inference(pm,[status(thm)],[c_0_4,c_0_4,theory(equality)])).
cnf(c_0_6,plain,(apply(apply(apply(l,l),apply(X1,X1)),X2)=apply(apply(apply(l,apply(X1,X1)),X1),apply(X2,X2))),inference(pm,[status(thm)],[c_0_1,c_0_4,theory(equality)])).
cnf(c_0_7,plain,(apply(X1,apply(apply(l,apply(apply(l,apply(X2,X2)),X2)),apply(X2,X2)))=apply(apply(l,X1),apply(apply(l,apply(X2,X2)),X2))),inference(pm,[status(thm)],[c_0_1,c_0_4,theory(equality)])).
cnf(c_0_8,plain,(apply(X1,apply(apply(l,apply(apply(l,apply(apply(l,apply(X2,X2)),X2)),apply(X2,X2))),apply(apply(l,apply(X2,X2)),X2)))=apply(apply(l,X1),apply(apply(apply(l,apply(X2,X2)),X2),apply(apply(l,apply(X2,X2)),X2)))),inference(pm,[status(thm)],[c_0_4,c_0_4,theory(equality)])).
cnf(c_0_9,plain,(apply(X1,apply(apply(l,apply(apply(l,apply(X2,X2)),X2)),apply(X2,X2)))=apply(apply(l,X1),apply(apply(X2,X2),apply(X2,X2)))),inference(pm,[status(thm)],[c_0_4,c_0_1,theory(equality)])).
cnf(c_0_10,plain,(apply(X1,apply(apply(apply(l,l),X2),X2))=apply(apply(l,X1),apply(X2,X2))),inference(pm,[status(thm)],[c_0_4,c_0_1,theory(equality)])).
cnf(c_0_11,plain,(apply(X1,apply(apply(l,apply(l,apply(apply(X2,X2),apply(X2,X2)))),X2))=apply(apply(l,X1),apply(apply(X2,X2),apply(X2,X2)))),inference(pm,[status(thm)],[c_0_4,c_0_1,theory(equality)])).
cnf(c_0_12,plain,(apply(X1,apply(apply(X2,X2),apply(X2,X2)))=apply(apply(l,X1),apply(X2,X2))),inference(pm,[status(thm)],[c_0_4,c_0_1,theory(equality)])).
cnf(c_0_13,plain,(apply(X1,apply(apply(apply(l,l),X2),X2))=apply(apply(l,X1),apply(X2,X2))),inference(pm,[status(thm)],[c_0_1,c_0_3,theory(equality)])).
cnf(c_0_14,plain,(apply(apply(X1,X1),apply(apply(apply(l,l),X2),X2))=apply(apply(apply(l,l),X1),apply(X2,X2))),inference(pm,[status(thm)],[c_0_3,c_0_3,theory(equality)])).
cnf(c_0_15,plain,(apply(X1,apply(apply(l,apply(apply(apply(l,l),X2),X2)),apply(X2,X2)))=apply(apply(l,X1),apply(apply(X2,X2),apply(X2,X2)))),inference(pm,[status(thm)],[c_0_4,c_0_3,theory(equality)])).
cnf(c_0_16,plain,(apply(apply(apply(apply(l,l),X1),X1),apply(X2,X2))=apply(apply(apply(l,l),apply(X1,X1)),X2)),inference(pm,[status(thm)],[c_0_3,c_0_3,theory(equality)])).
cnf(c_0_17,plain,(apply(apply(apply(l,l),X1),X2)=apply(apply(l,apply(X1,X1)),X2)),inference(pm,[status(thm)],[c_0_1,c_0_3,theory(equality)])).
cnf(c_0_18,plain,(apply(apply(X1,X1),apply(apply(l,apply(apply(l,apply(X2,X2)),X2)),apply(X2,X2)))=apply(apply(apply(l,l),X1),apply(apply(l,apply(X2,X2)),X2))),inference(pm,[status(thm)],[c_0_3,c_0_4,theory(equality)])).
cnf(c_0_19,plain,(apply(apply(X1,X1),apply(apply(l,apply(X2,X2)),X2))=apply(apply(apply(l,l),X1),apply(X2,X2))),inference(pm,[status(thm)],[c_0_3,c_0_1,theory(equality)])).
cnf(c_0_20,plain,(apply(apply(apply(l,apply(apply(l,apply(X1,X1)),X1)),apply(X1,X1)),apply(X2,X2))=apply(apply(apply(l,l),apply(apply(l,apply(X1,X1)),X1)),X2)),inference(pm,[status(thm)],[c_0_3,c_0_4,theory(equality)])).
cnf(c_0_21,plain,(apply(apply(apply(l,apply(X1,X1)),X1),apply(X2,X2))=apply(apply(apply(l,l),apply(X1,X1)),X2)),inference(pm,[status(thm)],[c_0_3,c_0_1,theory(equality)])).
cnf(c_0_22,plain,(apply(apply(l,apply(X1,X1)),X2)=apply(apply(X1,X1),apply(X2,X2))),inference(pm,[status(thm)],[c_0_3,c_0_1,theory(equality)])).
cnf(c_0_23,negated_conjecture,(apply(apply(l,combinator),apply(X1,X1))!=apply(apply(l,apply(X1,X1)),X1)),inference(pm,[status(thm)],[c_0_2,c_0_4,theory(equality)])).
cnf(c_0_24,negated_conjecture,(apply(apply(l,combinator),X1)!=apply(X1,X1)),inference(pm,[status(thm)],[c_0_2,c_0_1,theory(equality)])).
cnf(c_0_25,negated_conjecture,(apply(apply(l,combinator),apply(X1,X1))!=apply(apply(apply(l,l),X1),X1)),inference(pm,[status(thm)],[c_0_2,c_0_10,theory(equality)])).
cnf(c_0_26,plain,(apply(X1,apply(apply(l,apply(apply(l,l),apply(apply(apply(l,l),X2),X2))),apply(X2,X2)))=apply(apply(l,X1),apply(apply(apply(apply(l,l),X2),X2),apply(apply(apply(l,l),X2),X2)))),inference(pm,[status(thm)],[c_0_10,c_0_10,theory(equality)])).
cnf(c_0_27,plain,(apply(X1,apply(apply(l,apply(l,apply(apply(apply(apply(l,l),X2),X2),apply(apply(apply(l,l),X2),X2)))),apply(X2,X2)))=apply(apply(l,X1),apply(apply(apply(apply(l,l),X2),X2),apply(apply(apply(l,l),X2),X2)))),inference(pm,[status(thm)],[c_0_4,c_0_10,theory(equality)])).
cnf(c_0_28,plain,(apply(X1,apply(apply(apply(l,apply(l,l)),apply(X2,X2)),apply(apply(apply(l,l),X2),X2)))=apply(apply(l,X1),apply(apply(apply(apply(l,l),X2),X2),apply(apply(apply(l,l),X2),X2)))),inference(pm,[status(thm)],[c_0_10,c_0_10,theory(equality)])).
cnf(c_0_29,plain,(apply(apply(apply(l,l),apply(X1,X1)),X2)=apply(apply(apply(apply(l,l),X1),X1),apply(X2,X2))),inference(pm,[status(thm)],[c_0_1,c_0_10,theory(equality)])).
cnf(c_0_30,plain,(apply(X1,apply(apply(l,apply(apply(apply(l,l),X2),X2)),apply(X2,X2)))=apply(apply(l,X1),apply(apply(apply(l,l),X2),X2))),inference(pm,[status(thm)],[c_0_1,c_0_10,theory(equality)])).
cnf(c_0_31,plain,(apply(apply(X1,X1),apply(apply(l,apply(apply(apply(l,l),X2),X2)),apply(X2,X2)))=apply(apply(apply(l,l),X1),apply(apply(apply(l,l),X2),X2))),inference(pm,[status(thm)],[c_0_3,c_0_10,theory(equality)])).
cnf(c_0_32,plain,(apply(X1,apply(apply(l,apply(apply(l,apply(apply(apply(l,l),X2),X2)),apply(X2,X2))),apply(apply(apply(l,l),X2),X2)))=apply(apply(l,X1),apply(apply(apply(apply(l,l),X2),X2),apply(apply(apply(l,l),X2),X2)))),inference(pm,[status(thm)],[c_0_4,c_0_10,theory(equality)])).
cnf(c_0_33,plain,(apply(apply(apply(l,apply(apply(apply(l,l),X1),X1)),apply(X1,X1)),apply(X2,X2))=apply(apply(apply(l,l),apply(apply(apply(l,l),X1),X1)),X2)),inference(pm,[status(thm)],[c_0_3,c_0_10,theory(equality)])).
cnf(c_0_34,plain,(apply(X1,apply(apply(apply(l,apply(l,l)),apply(X2,X2)),apply(apply(l,apply(X2,X2)),X2)))=apply(apply(l,X1),apply(apply(apply(l,apply(X2,X2)),X2),apply(apply(l,apply(X2,X2)),X2)))),inference(pm,[status(thm)],[c_0_10,c_0_4,theory(equality)])).
cnf(c_0_35,plain,(apply(X1,apply(apply(apply(l,apply(l,l)),X2),apply(X2,X2)))=apply(apply(l,X1),apply(apply(X2,X2),apply(X2,X2)))),inference(pm,[status(thm)],[c_0_10,c_0_1,theory(equality)])).
cnf(c_0_36,plain,(apply(X1,apply(apply(apply(apply(l,l),l),X2),apply(X2,X2)))=apply(apply(l,X1),apply(apply(X2,X2),apply(X2,X2)))),inference(pm,[status(thm)],[c_0_10,c_0_3,theory(equality)])).
cnf(c_0_37,plain,(apply(X1,apply(apply(l,apply(X2,X2)),X2))=apply(apply(l,X1),apply(X2,X2))),inference(pm,[status(thm)],[c_0_10,c_0_1,theory(equality)])).
cnf(c_0_38,plain,(apply(X1,apply(apply(l,apply(apply(l,l),apply(apply(l,apply(X2,X2)),X2))),apply(X2,X2)))=apply(apply(l,X1),apply(apply(apply(l,apply(X2,X2)),X2),apply(apply(l,apply(X2,X2)),X2)))),inference(pm,[status(thm)],[c_0_10,c_0_4,theory(equality)])).
cnf(c_0_39,plain,(apply(X1,apply(apply(l,apply(apply(l,l),apply(X2,X2))),X2))=apply(apply(l,X1),apply(apply(X2,X2),apply(X2,X2)))),inference(pm,[status(thm)],[c_0_10,c_0_1,theory(equality)])).
cnf(c_0_40,plain,(apply(X1,apply(apply(apply(l,l),apply(l,l)),l))=apply(apply(l,X1),apply(apply(l,l),apply(l,l)))),inference(pm,[status(thm)],[c_0_10,c_0_3,theory(equality)])).
cnf(c_0_41,plain,(apply(X1,apply(apply(X2,X2),apply(X2,X2)))=apply(apply(l,X1),apply(X2,X2))),inference(pm,[status(thm)],[c_0_10,c_0_3,theory(equality)])).
cnf(c_0_42,negated_conjecture,($false),inference(er,[status(thm)],[c_0_24,theory(equality)])).
cnf(c_0_43,negated_conjecture,(apply(apply(apply(l,l),X1),X1)!=apply(apply(l,combinator),apply(X1,X1))),inference(pm,[status(thm)],[c_0_24,c_0_3,theory(equality)])).
cnf(c_0_44,negated_conjecture,(apply(apply(l,apply(apply(l,apply(X1,X1)),X1)),apply(X1,X1))!=apply(apply(l,combinator),apply(apply(l,apply(X1,X1)),X1))),inference(pm,[status(thm)],[c_0_24,c_0_4,theory(equality)])).
cnf(c_0_45,negated_conjecture,(apply(apply(l,apply(apply(apply(l,l),X1),X1)),apply(X1,X1))!=apply(apply(l,combinator),apply(apply(apply(l,l),X1),X1))),inference(pm,[status(thm)],[c_0_24,c_0_10,theory(equality)])).
cnf(c_0_46,negated_conjecture,(apply(apply(l,apply(X1,X1)),X1)!=apply(apply(l,combinator),apply(X1,X1))),inference(pm,[status(thm)],[c_0_24,c_0_1,theory(equality)])).
cnf(c_0_47,negated_conjecture,(apply(apply(l,apply(l,combinator)),X1)!=apply(apply(X1,X1),apply(X1,X1))),inference(pm,[status(thm)],[c_0_24,c_0_1,theory(equality)])).
cnf(c_0_48,negated_conjecture,(apply(combinator,apply(X1,X1))!=apply(X1,X1)),inference(pm,[status(thm)],[c_0_24,c_0_1,theory(equality)])).
cnf(c_0_49,negated_conjecture,($false), c_0_42,['proof']).

# Proof found!
# SZS status Unsatisfiable
# SZS output start CNFRefutation.
cnf(c_0_0,negated_conjecture,(X1!=apply(combinator,X1)), file('<stdin>', prove_fixed_point)).
cnf(c_0_1,axiom,(apply(apply(l,X1),X2)=apply(X1,apply(X2,X2))), file('<stdin>', l_definition)).
cnf(c_0_2,negated_conjecture,(apply(combinator,X1)!=X1), c_0_0).
cnf(c_0_3,axiom,(apply(apply(l,X1),X2)=apply(X1,apply(X2,X2))), c_0_1).
cnf(c_0_4,negated_conjecture,(apply(combinator,X1)!=X1), c_0_2).
cnf(c_0_5,plain,(apply(apply(l,X1),X2)=apply(X1,apply(X2,X2))), c_0_3).
cnf(c_0_6,negated_conjecture,(apply(apply(l,combinator),X1)!=apply(X1,X1)), inference(pm,[status(thm)],[c_0_4, c_0_5, theory(equality)])).
cnf(c_0_7,negated_conjecture,($false), inference(er,[status(thm)],[c_0_6, theory(equality)]), ['proof']).
# SZS output end CNFRefutation.
# Parsed axioms                        : 2
# Removed by relevancy pruning/SinE    : 0
# Initial clauses                      : 2
# Removed in clause preprocessing      : 0
# Initial clauses in saturation        : 2
# Processed clauses                    : 8
# ...of these trivial                  : 1
# ...subsumed                          : 1
# ...remaining for further processing  : 6
# Other redundant clauses eliminated   : 0
# Clauses deleted for lack of memory   : 0
# Backward-subsumed                    : 0
# Backward-rewritten                   : 0
# Generated clauses                    : 46
# ...of the previous two non-trivial   : 35
# Contextual simplify-reflections      : 0
# Paramodulations                      : 45
# Factorizations                       : 0
# Equation resolutions                 : 1
# Current number of processed clauses  : 6
#    Positive orientable unit clauses  : 2
#    Positive unorientable unit clauses: 2
#    Negative unit clauses             : 2
#    Non-unit-clauses                  : 0
# Current number of unprocessed clauses: 29
# ...number of literals in the above   : 29
# Clause-clause subsumption calls (NU) : 0
# Rec. Clause-clause subsumption calls : 0
# Non-unit clause-clause subsumptions  : 0
# Unit Clause-clause subsumption calls : 1
# Rewrite failures with RHS unbound    : 0
# BW rewrite match attempts            : 2
# BW rewrite match successes           : 0
# Condensation attempts                : 0
# Condensation successes               : 0
