cnf(c_0_1,axiom,(divide(divide(X1,divide(divide(X1,X2),X3)),X2)=X3), file('<stdin>', single_axiom)).
cnf(c_0_2,axiom,(multiply(X1,X2)=divide(X1,divide(divide(X3,X3),X2))), file('<stdin>', multiply)).
cnf(c_0_3,axiom,(inverse(X1)=divide(divide(X2,X2),X1)), file('<stdin>', inverse)).
cnf(c_0_4,axiom,(identity=divide(X1,X1)), file('<stdin>', identity)).
cnf(c_0_5,negated_conjecture,(multiply(a,b)!=multiply(b,a)), file('<stdin>', prove_these_axioms_4)).
# Initializing proof state
# Scanning for AC axioms
cnf(c_0_6,plain,(inverse(identity)=identity),inference(pm,[status(thm)],[c_0_4,c_0_3,theory(equality)])).
cnf(c_0_7,plain,(divide(divide(divide(X1,divide(divide(X1,X2),X3)),divide(X3,X4)),X2)=X4),inference(pm,[status(thm)],[c_0_1,c_0_1,theory(equality)])).
cnf(c_0_8,plain,(divide(divide(X1,X3),divide(divide(X1,X2),X3))=X2),inference(pm,[status(thm)],[c_0_1,c_0_1,theory(equality)])).
cnf(c_0_9,plain,(divide(divide(identity,divide(inverse(X1),X2)),X1)=X2),inference(pm,[status(thm)],[c_0_1,c_0_3,theory(equality)])).
cnf(c_0_10,plain,(divide(divide(X1,divide(identity,X2)),X1)=X2),inference(pm,[status(thm)],[c_0_1,c_0_4,theory(equality)])).
cnf(c_0_11,plain,(divide(divide(X1,identity),X2)=divide(X1,X2)),inference(pm,[status(thm)],[c_0_1,c_0_4,theory(equality)])).
cnf(c_0_12,plain,(divide(inverse(divide(divide(identity,X1),X2)),X1)=X2),inference(pm,[status(thm)],[c_0_1,c_0_3,theory(equality)])).
cnf(c_0_13,plain,(divide(X2,divide(inverse(X1),inverse(X2)))=X1),inference(pm,[status(thm)],[c_0_10,c_0_10,theory(equality)])).
cnf(c_0_14,plain,(divide(divide(divide(X1,inverse(X2)),divide(X2,X3)),X1)=X3),inference(pm,[status(thm)],[c_0_1,c_0_10,theory(equality)])).
cnf(c_0_15,plain,(divide(divide(X1,X2),inverse(X2))=X1),inference(pm,[status(thm)],[c_0_1,c_0_10,theory(equality)])).
cnf(c_0_16,plain,(divide(divide(X1,identity),X1)=identity),inference(pm,[status(thm)],[c_0_10,c_0_6,theory(equality)])).
cnf(c_0_17,plain,(divide(inverse(inverse(X1)),identity)=X1),inference(pm,[status(thm)],[c_0_10,c_0_3,theory(equality)])).
cnf(c_0_18,plain,(divide(X3,divide(X1,divide(divide(X1,inverse(X2)),X3)))=X2),inference(pm,[status(thm)],[c_0_10,c_0_1,theory(equality)])).
cnf(c_0_19,plain,(divide(identity,inverse(X1))=X1),inference(pm,[status(thm)],[c_0_10,c_0_4,theory(equality)])).
cnf(c_0_20,plain,(divide(divide(X1,X2),X1)=inverse(X2)),inference(pm,[status(thm)],[c_0_10,c_0_19,theory(equality)])).
cnf(c_0_21,plain,(inverse(identity)=identity),inference(pm,[status(thm)],[c_0_19,c_0_6,theory(equality)])).
cnf(c_0_22,plain,(divide(divide(divide(X1,X2),divide(inverse(X2),X3)),X1)=X3),inference(pm,[status(thm)],[c_0_1,c_0_20,theory(equality)])).
cnf(c_0_23,plain,(divide(inverse(X2),divide(X1,X2))=inverse(X1)),inference(pm,[status(thm)],[c_0_20,c_0_20,theory(equality)])).
cnf(c_0_24,plain,(inverse(divide(divide(X1,X1),X2))=X2),inference(pm,[status(thm)],[c_0_1,c_0_20,theory(equality)])).
cnf(c_0_25,plain,(divide(divide(X1,inverse(X2)),X2)=X1),inference(pm,[status(thm)],[c_0_1,c_0_20,theory(equality)])).
cnf(c_0_26,plain,(divide(inverse(X1),identity)=inverse(X1)),inference(pm,[status(thm)],[c_0_20,c_0_3,theory(equality)])).
cnf(c_0_27,plain,(divide(X3,divide(X1,divide(divide(X1,X2),X3)))=inverse(X2)),inference(pm,[status(thm)],[c_0_20,c_0_1,theory(equality)])).
cnf(c_0_28,plain,(divide(identity,X1)=inverse(X1)),inference(pm,[status(thm)],[c_0_20,c_0_4,theory(equality)])).
cnf(c_0_29,plain,(divide(divide(inverse(X1),divide(inverse(X1),X2)),identity)=X2),inference(pm,[status(thm)],[c_0_1,c_0_26,theory(equality)])).
cnf(c_0_30,plain,(divide(inverse(X1),inverse(X1))=inverse(identity)),inference(pm,[status(thm)],[c_0_20,c_0_26,theory(equality)])).
cnf(c_0_31,plain,(divide(identity,identity)=inverse(identity)),inference(pm,[status(thm)],[c_0_26,c_0_6,theory(equality)])).
cnf(c_0_32,plain,(divide(X1,identity)=inverse(inverse(X1))),inference(pm,[status(thm)],[c_0_26,c_0_19,theory(equality)])).
cnf(c_0_33,plain,(identity=inverse(identity)),inference(pm,[status(thm)],[c_0_3,c_0_32,theory(equality)])).
cnf(c_0_34,plain,(divide(X1,divide(divide(X1,identity),X2))=X2),inference(pm,[status(thm)],[c_0_1,c_0_32,theory(equality)])).
cnf(c_0_35,plain,(divide(divide(X1,divide(X1,X2)),X2)=identity),inference(pm,[status(thm)],[c_0_1,c_0_32,theory(equality)])).
cnf(c_0_36,plain,(divide(identity,X1)=inverse(X1)),inference(pm,[status(thm)],[c_0_20,c_0_32,theory(equality)])).
cnf(c_0_37,plain,(divide(divide(X1,divide(X1,X2)),identity)=X2),inference(pm,[status(thm)],[c_0_1,c_0_32,theory(equality)])).
cnf(c_0_38,plain,(divide(X1,X1)=inverse(identity)),inference(pm,[status(thm)],[c_0_20,c_0_32,theory(equality)])).
cnf(c_0_39,plain,(X1=inverse(divide(identity,X1))),inference(pm,[status(thm)],[c_0_3,c_0_34,theory(equality)])).
cnf(c_0_40,plain,(divide(divide(X1,X3),X2)=divide(divide(X1,X2),X3)),inference(pm,[status(thm)],[c_0_1,c_0_34,theory(equality)])).
cnf(c_0_41,plain,(divide(divide(X1,divide(X2,X3)),divide(X1,X2))=X3),inference(pm,[status(thm)],[c_0_1,c_0_34,theory(equality)])).
cnf(c_0_42,plain,(divide(X2,X1)=inverse(divide(X1,X2))),inference(pm,[status(thm)],[c_0_20,c_0_34,theory(equality)])).
cnf(c_0_43,plain,(divide(identity,inverse(X1))=X1),inference(pm,[status(thm)],[c_0_34,c_0_3,theory(equality)])).
cnf(c_0_44,plain,(divide(divide(X1,divide(divide(X1,X2),X3)),X3)=X2),inference(pm,[status(thm)],[c_0_34,c_0_1,theory(equality)])).
cnf(c_0_45,plain,(divide(divide(X1,X2),inverse(X2))=X1),inference(pm,[status(thm)],[c_0_34,c_0_20,theory(equality)])).
cnf(c_0_46,plain,(divide(X1,X1)=identity),inference(pm,[status(thm)],[c_0_34,c_0_32,theory(equality)])).
cnf(c_0_47,plain,(divide(X1,identity)=X1),inference(pm,[status(thm)],[c_0_34,c_0_4,theory(equality)])).
cnf(c_0_48,plain,(inverse(divide(X2,X1))=divide(X1,X2)),inference(pm,[status(thm)],[c_0_19,c_0_42,theory(equality)])).
cnf(c_0_49,plain,(inverse(inverse(X1))=divide(X1,identity)),inference(pm,[status(thm)],[c_0_42,c_0_3,theory(equality)])).
cnf(c_0_50,plain,(inverse(X3)=divide(X2,divide(X1,divide(divide(X1,X2),X3)))),inference(pm,[status(thm)],[c_0_42,c_0_1,theory(equality)])).
cnf(c_0_51,plain,(inverse(inverse(X2))=divide(X1,divide(X1,X2))),inference(pm,[status(thm)],[c_0_42,c_0_20,theory(equality)])).
cnf(c_0_52,plain,(inverse(X1)=divide(identity,X1)),inference(pm,[status(thm)],[c_0_42,c_0_32,theory(equality)])).
cnf(c_0_53,plain,(inverse(X2)=divide(divide(X1,X2),X1)),inference(pm,[status(thm)],[c_0_42,c_0_34,theory(equality)])).
cnf(c_0_54,plain,(inverse(identity)=divide(X1,X1)),inference(pm,[status(thm)],[c_0_42,c_0_4,theory(equality)])).
cnf(c_0_55,plain,(X1=divide(X1,inverse(identity))),inference(pm,[status(thm)],[c_0_32,c_0_25,theory(equality)])).
cnf(c_0_56,plain,(divide(X1,X2)=divide(X1,inverse(inverse(X2)))),inference(pm,[status(thm)],[c_0_25,c_0_25,theory(equality)])).
cnf(c_0_57,plain,(divide(divide(divide(X1,inverse(X2)),divide(X1,X3)),X2)=X3),inference(pm,[status(thm)],[c_0_1,c_0_25,theory(equality)])).
cnf(c_0_58,plain,(inverse(X1)=divide(X2,divide(X1,inverse(X2)))),inference(pm,[status(thm)],[c_0_42,c_0_25,theory(equality)])).
cnf(c_0_59,plain,(divide(X1,divide(X1,inverse(X2)))=inverse(X2)),inference(pm,[status(thm)],[c_0_20,c_0_25,theory(equality)])).
cnf(c_0_60,plain,(divide(divide(X1,inverse(X2)),X1)=X2),inference(pm,[status(thm)],[c_0_34,c_0_25,theory(equality)])).
cnf(c_0_61,plain,(divide(divide(X1,X1),inverse(X2))=X2),inference(pm,[status(thm)],[c_0_1,c_0_25,theory(equality)])).
cnf(c_0_62,plain,(X1=inverse(inverse(X1))),inference(pm,[status(thm)],[c_0_20,c_0_25,theory(equality)])).
cnf(c_0_63,plain,(divide(divide(X1,identity),identity)=X1),inference(pm,[status(thm)],[c_0_25,c_0_6,theory(equality)])).
cnf(c_0_64,plain,(divide(divide(X1,X2),inverse(X2))=X1),inference(pm,[status(thm)],[c_0_25,c_0_19,theory(equality)])).
cnf(c_0_65,plain,(divide(divide(X1,divide(X3,X2)),divide(X2,X3))=X1),inference(pm,[status(thm)],[c_0_25,c_0_42,theory(equality)])).
cnf(c_0_66,plain,(divide(inverse(inverse(X1)),X1)=identity),inference(pm,[status(thm)],[c_0_25,c_0_3,theory(equality)])).
cnf(c_0_67,plain,(divide(X3,X2)=divide(X1,divide(divide(X1,inverse(X2)),X3))),inference(pm,[status(thm)],[c_0_25,c_0_1,theory(equality)])).
cnf(c_0_68,plain,(divide(inverse(X2),X1)=divide(inverse(X1),X2)),inference(pm,[status(thm)],[c_0_25,c_0_20,theory(equality)])).
cnf(c_0_69,plain,(divide(identity,X1)=inverse(X1)),inference(pm,[status(thm)],[c_0_25,c_0_4,theory(equality)])).
cnf(c_0_70,plain,(divide(divide(divide(X1,X2),divide(X1,X3)),inverse(X2))=X3),inference(pm,[status(thm)],[c_0_1,c_0_45,theory(equality)])).
cnf(c_0_71,plain,(inverse(X1)=divide(inverse(X2),divide(X1,X2))),inference(pm,[status(thm)],[c_0_42,c_0_45,theory(equality)])).
cnf(c_0_72,plain,(divide(X1,divide(X1,X2))=inverse(inverse(X2))),inference(pm,[status(thm)],[c_0_20,c_0_45,theory(equality)])).
cnf(c_0_73,plain,(divide(divide(X1,X2),X1)=inverse(X2)),inference(pm,[status(thm)],[c_0_34,c_0_45,theory(equality)])).
cnf(c_0_74,plain,(divide(X1,inverse(inverse(X2)))=divide(X1,X2)),inference(pm,[status(thm)],[c_0_45,c_0_45,theory(equality)])).
cnf(c_0_75,plain,(divide(divide(X1,X1),X2)=inverse(X2)),inference(pm,[status(thm)],[c_0_1,c_0_45,theory(equality)])).
cnf(c_0_76,plain,(divide(divide(X1,identity),identity)=X1),inference(pm,[status(thm)],[c_0_45,c_0_6,theory(equality)])).
cnf(c_0_77,plain,(divide(divide(X1,inverse(X2)),X2)=X1),inference(pm,[status(thm)],[c_0_45,c_0_19,theory(equality)])).
cnf(c_0_78,plain,(divide(divide(X1,divide(X2,X3)),divide(X3,X2))=X1),inference(pm,[status(thm)],[c_0_45,c_0_42,theory(equality)])).
cnf(c_0_79,plain,(divide(inverse(X1),inverse(X1))=identity),inference(pm,[status(thm)],[c_0_45,c_0_3,theory(equality)])).
cnf(c_0_80,plain,(divide(X3,inverse(X2))=divide(X1,divide(divide(X1,X2),X3))),inference(pm,[status(thm)],[c_0_45,c_0_1,theory(equality)])).
cnf(c_0_81,plain,(divide(inverse(X2),inverse(X1))=divide(X1,X2)),inference(pm,[status(thm)],[c_0_45,c_0_20,theory(equality)])).
cnf(c_0_82,plain,(divide(X1,inverse(identity))=X1),inference(pm,[status(thm)],[c_0_45,c_0_32,theory(equality)])).
cnf(c_0_83,plain,(divide(X2,inverse(divide(X1,X2)))=X1),inference(pm,[status(thm)],[c_0_45,c_0_34,theory(equality)])).
cnf(c_0_84,plain,(divide(identity,inverse(X1))=X1),inference(pm,[status(thm)],[c_0_45,c_0_4,theory(equality)])).
cnf(c_0_85,plain,(divide(divide(inverse(X1),divide(inverse(X2),X3)),divide(X2,X1))=X3),inference(pm,[status(thm)],[c_0_1,c_0_23,theory(equality)])).
cnf(c_0_86,plain,(inverse(inverse(X2))=divide(divide(X2,X1),inverse(X1))),inference(pm,[status(thm)],[c_0_42,c_0_23,theory(equality)])).
cnf(c_0_87,plain,(divide(inverse(X2),inverse(X1))=inverse(divide(X2,X1))),inference(pm,[status(thm)],[c_0_20,c_0_23,theory(equality)])).
cnf(c_0_88,plain,(divide(inverse(X1),inverse(X2))=divide(X2,X1)),inference(pm,[status(thm)],[c_0_34,c_0_23,theory(equality)])).
cnf(c_0_89,plain,(divide(inverse(X2),inverse(divide(X2,X1)))=inverse(X1)),inference(pm,[status(thm)],[c_0_45,c_0_23,theory(equality)])).
cnf(c_0_90,plain,(divide(inverse(divide(X1,X2)),inverse(X1))=inverse(inverse(X2))),inference(pm,[status(thm)],[c_0_23,c_0_23,theory(equality)])).
cnf(c_0_91,plain,(divide(inverse(divide(inverse(X1),X2)),X2)=X1),inference(pm,[status(thm)],[c_0_1,c_0_23,theory(equality)])).
cnf(c_0_92,plain,(inverse(inverse(X1))=X1),inference(pm,[status(thm)],[c_0_34,c_0_23,theory(equality)])).
cnf(c_0_93,plain,(divide(inverse(X1),inverse(X1))=inverse(identity)),inference(pm,[status(thm)],[c_0_23,c_0_3,theory(equality)])).
cnf(c_0_94,plain,(divide(inverse(inverse(X1)),X2)=inverse(divide(X2,X1))),inference(pm,[status(thm)],[c_0_23,c_0_45,theory(equality)])).
cnf(c_0_95,plain,(divide(inverse(X1),X2)=inverse(divide(X2,inverse(X1)))),inference(pm,[status(thm)],[c_0_23,c_0_25,theory(equality)])).
cnf(c_0_96,plain,(divide(inverse(X1),X3)=inverse(divide(X2,divide(divide(X2,X1),X3)))),inference(pm,[status(thm)],[c_0_23,c_0_1,theory(equality)])).
cnf(c_0_97,plain,(divide(inverse(X1),inverse(X2))=inverse(divide(X1,X2))),inference(pm,[status(thm)],[c_0_23,c_0_20,theory(equality)])).
cnf(c_0_98,plain,(divide(inverse(identity),X1)=inverse(X1)),inference(pm,[status(thm)],[c_0_23,c_0_32,theory(equality)])).
cnf(c_0_99,plain,(divide(inverse(divide(X1,X2)),X2)=inverse(X1)),inference(pm,[status(thm)],[c_0_23,c_0_34,theory(equality)])).
cnf(c_0_100,plain,(divide(inverse(X1),identity)=inverse(X1)),inference(pm,[status(thm)],[c_0_23,c_0_4,theory(equality)])).
cnf(c_0_101,plain,(divide(identity,divide(X1,identity))=inverse(X1)),inference(pm,[status(thm)],[c_0_23,c_0_6,theory(equality)])).
cnf(c_0_102,plain,(divide(X1,divide(X2,inverse(X1)))=inverse(X2)),inference(pm,[status(thm)],[c_0_23,c_0_19,theory(equality)])).
cnf(c_0_103,plain,(divide(divide(X2,X1),divide(X3,divide(X1,X2)))=inverse(X3)),inference(pm,[status(thm)],[c_0_23,c_0_42,theory(equality)])).
cnf(c_0_104,plain,(inverse(X1)=inverse(divide(X1,inverse(identity)))),inference(pm,[status(thm)],[c_0_3,c_0_58,theory(equality)])).
cnf(c_0_105,plain,(divide(divide(X1,inverse(X3)),X2)=divide(X3,inverse(divide(X1,X2)))),inference(pm,[status(thm)],[c_0_1,c_0_58,theory(equality)])).
cnf(c_0_106,plain,(divide(divide(X1,divide(inverse(X2),X3)),divide(X2,inverse(X1)))=X3),inference(pm,[status(thm)],[c_0_1,c_0_58,theory(equality)])).
cnf(c_0_107,plain,(inverse(inverse(X2))=divide(divide(X2,inverse(X1)),X1)),inference(pm,[status(thm)],[c_0_42,c_0_58,theory(equality)])).
cnf(c_0_108,plain,(divide(inverse(X2),X1)=inverse(divide(X2,inverse(X1)))),inference(pm,[status(thm)],[c_0_20,c_0_58,theory(equality)])).
cnf(c_0_109,plain,(divide(X1,inverse(X2))=divide(X2,inverse(X1))),inference(pm,[status(thm)],[c_0_34,c_0_58,theory(equality)])).
cnf(c_0_110,plain,(divide(inverse(X2),inverse(divide(X2,inverse(X1))))=X1),inference(pm,[status(thm)],[c_0_45,c_0_58,theory(equality)])).
cnf(c_0_111,plain,(divide(inverse(divide(X1,inverse(X2))),inverse(X1))=inverse(X2)),inference(pm,[status(thm)],[c_0_23,c_0_58,theory(equality)])).
cnf(c_0_112,plain,(divide(inverse(divide(X1,X2)),X2)=inverse(X1)),inference(pm,[status(thm)],[c_0_1,c_0_58,theory(equality)])).
cnf(c_0_113,plain,(divide(identity,divide(X1,identity))=inverse(X1)),inference(pm,[status(thm)],[c_0_58,c_0_6,theory(equality)])).
cnf(c_0_114,plain,(divide(inverse(X1),divide(X2,X1))=inverse(X2)),inference(pm,[status(thm)],[c_0_58,c_0_19,theory(equality)])).
cnf(c_0_115,plain,(divide(divide(X1,X2),divide(X3,divide(X2,X1)))=inverse(X3)),inference(pm,[status(thm)],[c_0_58,c_0_42,theory(equality)])).
cnf(c_0_116,plain,(divide(X1,inverse(inverse(X1)))=inverse(identity)),inference(pm,[status(thm)],[c_0_58,c_0_3,theory(equality)])).
cnf(c_0_117,plain,(divide(X1,X2)=inverse(divide(X2,inverse(inverse(X1))))),inference(pm,[status(thm)],[c_0_58,c_0_25,theory(equality)])).
cnf(c_0_118,plain,(divide(X1,X3)=inverse(divide(X2,divide(divide(X2,inverse(X1)),X3)))),inference(pm,[status(thm)],[c_0_58,c_0_1,theory(equality)])).
cnf(c_0_119,plain,(divide(X1,inverse(X2))=inverse(divide(inverse(X1),X2))),inference(pm,[status(thm)],[c_0_58,c_0_20,theory(equality)])).
cnf(c_0_120,plain,(divide(X1,X2)=inverse(divide(X2,X1))),inference(pm,[status(thm)],[c_0_58,c_0_45,theory(equality)])).
cnf(c_0_121,plain,(divide(X1,identity)=inverse(inverse(X1))),inference(pm,[status(thm)],[c_0_58,c_0_4,theory(equality)])).
cnf(c_0_122,plain,(divide(inverse(identity),X1)=inverse(X1)),inference(pm,[status(thm)],[c_0_32,c_0_68,theory(equality)])).
cnf(c_0_123,plain,(divide(divide(inverse(inverse(X2)),X1),X2)=inverse(X1)),inference(pm,[status(thm)],[c_0_25,c_0_68,theory(equality)])).
cnf(c_0_124,plain,(divide(X1,divide(inverse(inverse(X1)),X2))=inverse(inverse(X2))),inference(pm,[status(thm)],[c_0_58,c_0_68,theory(equality)])).
cnf(c_0_125,plain,(divide(divide(inverse(X1),divide(divide(inverse(X2),X1),X3)),X2)=X3),inference(pm,[status(thm)],[c_0_1,c_0_68,theory(equality)])).
cnf(c_0_126,plain,(inverse(divide(inverse(X2),X1))=divide(X2,inverse(X1))),inference(pm,[status(thm)],[c_0_42,c_0_68,theory(equality)])).
cnf(c_0_127,plain,(divide(divide(inverse(X2),X1),inverse(X1))=inverse(X2)),inference(pm,[status(thm)],[c_0_20,c_0_68,theory(equality)])).
cnf(c_0_128,plain,(divide(inverse(X1),divide(inverse(X2),X1))=X2),inference(pm,[status(thm)],[c_0_34,c_0_68,theory(equality)])).
cnf(c_0_129,plain,(divide(divide(inverse(X2),X1),inverse(X2))=inverse(X1)),inference(pm,[status(thm)],[c_0_45,c_0_68,theory(equality)])).
cnf(c_0_130,plain,(divide(inverse(X1),divide(inverse(X1),X2))=inverse(inverse(X2))),inference(pm,[status(thm)],[c_0_23,c_0_68,theory(equality)])).
cnf(c_0_131,plain,(divide(inverse(identity),X1)=inverse(X1)),inference(pm,[status(thm)],[c_0_32,c_0_68,theory(equality)])).
cnf(c_0_132,plain,(divide(divide(inverse(inverse(X2)),X1),X2)=inverse(X1)),inference(pm,[status(thm)],[c_0_25,c_0_68,theory(equality)])).
cnf(c_0_133,plain,(divide(X1,divide(inverse(inverse(X1)),X2))=inverse(inverse(X2))),inference(pm,[status(thm)],[c_0_58,c_0_68,theory(equality)])).
cnf(c_0_134,plain,(divide(divide(inverse(X1),divide(divide(inverse(X2),X1),X3)),X2)=X3),inference(pm,[status(thm)],[c_0_1,c_0_68,theory(equality)])).
cnf(c_0_135,plain,(inverse(divide(inverse(X2),X1))=divide(X2,inverse(X1))),inference(pm,[status(thm)],[c_0_42,c_0_68,theory(equality)])).
cnf(c_0_136,plain,(divide(divide(inverse(X2),X1),inverse(X1))=inverse(X2)),inference(pm,[status(thm)],[c_0_20,c_0_68,theory(equality)])).
cnf(c_0_137,plain,(divide(inverse(X1),divide(inverse(X2),X1))=X2),inference(pm,[status(thm)],[c_0_34,c_0_68,theory(equality)])).
cnf(c_0_138,plain,(divide(divide(inverse(X2),X1),inverse(X2))=inverse(X1)),inference(pm,[status(thm)],[c_0_45,c_0_68,theory(equality)])).
cnf(c_0_139,plain,(divide(inverse(X1),divide(inverse(X1),X2))=inverse(inverse(X2))),inference(pm,[status(thm)],[c_0_23,c_0_68,theory(equality)])).
cnf(c_0_140,plain,(divide(identity,X1)=divide(inverse(X1),identity)),inference(pm,[status(thm)],[c_0_68,c_0_6,theory(equality)])).
cnf(c_0_141,plain,(divide(X2,X1)=divide(inverse(X1),inverse(X2))),inference(pm,[status(thm)],[c_0_68,c_0_19,theory(equality)])).
cnf(c_0_142,plain,(divide(divide(X3,X2),X1)=divide(inverse(X1),divide(X2,X3))),inference(pm,[status(thm)],[c_0_68,c_0_42,theory(equality)])).
cnf(c_0_143,plain,(divide(identity,X1)=divide(inverse(X1),identity)),inference(pm,[status(thm)],[c_0_68,c_0_6,theory(equality)])).
cnf(c_0_144,plain,(divide(X1,X2)=divide(inverse(X2),inverse(X1))),inference(pm,[status(thm)],[c_0_68,c_0_19,theory(equality)])).
cnf(c_0_145,plain,(divide(divide(X2,X1),X3)=divide(inverse(X3),divide(X1,X2))),inference(pm,[status(thm)],[c_0_68,c_0_42,theory(equality)])).
cnf(c_0_146,plain,(divide(inverse(inverse(X2)),inverse(inverse(X1)))=divide(X2,X1)),inference(pm,[status(thm)],[c_0_81,c_0_81,theory(equality)])).
cnf(c_0_147,plain,(divide(inverse(X2),inverse(inverse(X1)))=divide(inverse(X2),X1)),inference(pm,[status(thm)],[c_0_68,c_0_81,theory(equality)])).
cnf(c_0_148,plain,(divide(inverse(X1),inverse(inverse(X2)))=divide(inverse(X1),X2)),inference(pm,[status(thm)],[c_0_68,c_0_81,theory(equality)])).
cnf(c_0_149,plain,(divide(inverse(identity),inverse(X1))=X1),inference(pm,[status(thm)],[c_0_32,c_0_81,theory(equality)])).
cnf(c_0_150,plain,(divide(X1,divide(inverse(inverse(X1)),inverse(X2)))=inverse(X2)),inference(pm,[status(thm)],[c_0_58,c_0_81,theory(equality)])).
cnf(c_0_151,plain,(inverse(divide(inverse(X2),inverse(X1)))=divide(X2,X1)),inference(pm,[status(thm)],[c_0_42,c_0_81,theory(equality)])).
cnf(c_0_152,plain,(divide(X1,divide(inverse(X2),inverse(X1)))=X2),inference(pm,[status(thm)],[c_0_34,c_0_81,theory(equality)])).
cnf(c_0_153,plain,(divide(inverse(X1),divide(inverse(X1),inverse(X2)))=inverse(X2)),inference(pm,[status(thm)],[c_0_23,c_0_81,theory(equality)])).
cnf(c_0_154,plain,(divide(X1,X1)=identity),inference(pm,[status(thm)],[c_0_4,c_0_81,theory(equality)])).
cnf(c_0_155,plain,(inverse(divide(X2,X1))=divide(inverse(X2),inverse(X1))),inference(pm,[status(thm)],[c_0_42,c_0_81,theory(equality)])).
cnf(c_0_156,plain,(divide(inverse(X1),divide(X2,X1))=inverse(X2)),inference(pm,[status(thm)],[c_0_34,c_0_81,theory(equality)])).
cnf(c_0_157,plain,(divide(inverse(inverse(X1)),divide(X1,X2))=inverse(inverse(X2))),inference(pm,[status(thm)],[c_0_23,c_0_81,theory(equality)])).
cnf(c_0_158,plain,(divide(X1,X2)=divide(inverse(inverse(X1)),inverse(inverse(X2)))),inference(pm,[status(thm)],[c_0_81,c_0_81,theory(equality)])).
cnf(c_0_159,plain,(divide(X1,divide(X1,X2))=inverse(inverse(X2))),inference(pm,[status(thm)],[c_0_58,c_0_81,theory(equality)])).
cnf(c_0_160,plain,(divide(X2,X1)=divide(inverse(inverse(X2)),X1)),inference(pm,[status(thm)],[c_0_68,c_0_81,theory(equality)])).
cnf(c_0_161,plain,(divide(X1,X2)=divide(inverse(inverse(X1)),X2)),inference(pm,[status(thm)],[c_0_68,c_0_81,theory(equality)])).
cnf(c_0_162,plain,(divide(inverse(X1),identity)=divide(identity,X1)),inference(pm,[status(thm)],[c_0_81,c_0_6,theory(equality)])).
cnf(c_0_163,plain,(divide(inverse(X1),X2)=divide(inverse(X2),X1)),inference(pm,[status(thm)],[c_0_81,c_0_19,theory(equality)])).
cnf(c_0_164,plain,(divide(inverse(X1),divide(X3,X2))=divide(divide(X2,X3),X1)),inference(pm,[status(thm)],[c_0_81,c_0_42,theory(equality)])).
cnf(c_0_165,plain,(divide(identity,inverse(X1))=divide(X1,identity)),inference(pm,[status(thm)],[c_0_81,c_0_6,theory(equality)])).
cnf(c_0_166,plain,(divide(X1,inverse(X2))=divide(X2,inverse(X1))),inference(pm,[status(thm)],[c_0_81,c_0_19,theory(equality)])).
cnf(c_0_167,plain,(divide(divide(X2,X1),inverse(X3))=divide(X3,divide(X1,X2))),inference(pm,[status(thm)],[c_0_81,c_0_42,theory(equality)])).
cnf(c_0_168,plain,(divide(X1,inverse(identity))=inverse(inverse(X1))),inference(pm,[status(thm)],[c_0_3,c_0_109,theory(equality)])).
cnf(c_0_169,plain,(divide(X2,inverse(inverse(X1)))=divide(inverse(inverse(X2)),X1)),inference(pm,[status(thm)],[c_0_68,c_0_109,theory(equality)])).
cnf(c_0_170,plain,(divide(X1,inverse(inverse(X2)))=divide(inverse(inverse(X1)),X2)),inference(pm,[status(thm)],[c_0_68,c_0_109,theory(equality)])).
cnf(c_0_171,plain,(divide(X2,inverse(inverse(X1)))=divide(X2,X1)),inference(pm,[status(thm)],[c_0_81,c_0_109,theory(equality)])).
cnf(c_0_172,plain,(divide(X1,inverse(inverse(X1)))=identity),inference(pm,[status(thm)],[c_0_4,c_0_109,theory(equality)])).
cnf(c_0_173,plain,(inverse(divide(X2,inverse(X1)))=divide(inverse(X2),X1)),inference(pm,[status(thm)],[c_0_42,c_0_109,theory(equality)])).
cnf(c_0_174,plain,(divide(X1,divide(X2,inverse(X1)))=inverse(X2)),inference(pm,[status(thm)],[c_0_34,c_0_109,theory(equality)])).
cnf(c_0_175,plain,(divide(inverse(inverse(X1)),divide(X1,inverse(X2)))=inverse(X2)),inference(pm,[status(thm)],[c_0_23,c_0_109,theory(equality)])).
cnf(c_0_176,plain,(divide(X1,inverse(X2))=divide(inverse(inverse(X1)),inverse(X2))),inference(pm,[status(thm)],[c_0_81,c_0_109,theory(equality)])).
cnf(c_0_177,plain,(divide(X1,divide(X1,inverse(X2)))=inverse(X2)),inference(pm,[status(thm)],[c_0_58,c_0_109,theory(equality)])).
cnf(c_0_178,plain,(divide(X1,inverse(identity))=inverse(inverse(X1))),inference(pm,[status(thm)],[c_0_3,c_0_109,theory(equality)])).
cnf(c_0_179,plain,(divide(X2,inverse(inverse(X1)))=divide(inverse(inverse(X2)),X1)),inference(pm,[status(thm)],[c_0_68,c_0_109,theory(equality)])).
cnf(c_0_180,plain,(divide(X1,inverse(inverse(X2)))=divide(inverse(inverse(X1)),X2)),inference(pm,[status(thm)],[c_0_68,c_0_109,theory(equality)])).
cnf(c_0_181,plain,(divide(X2,inverse(inverse(X1)))=divide(X2,X1)),inference(pm,[status(thm)],[c_0_81,c_0_109,theory(equality)])).
cnf(c_0_182,plain,(divide(X1,inverse(inverse(X1)))=identity),inference(pm,[status(thm)],[c_0_4,c_0_109,theory(equality)])).
cnf(c_0_183,plain,(inverse(divide(X2,inverse(X1)))=divide(inverse(X2),X1)),inference(pm,[status(thm)],[c_0_42,c_0_109,theory(equality)])).
cnf(c_0_184,plain,(divide(X1,divide(X2,inverse(X1)))=inverse(X2)),inference(pm,[status(thm)],[c_0_34,c_0_109,theory(equality)])).
cnf(c_0_185,plain,(divide(inverse(inverse(X1)),divide(X1,inverse(X2)))=inverse(X2)),inference(pm,[status(thm)],[c_0_23,c_0_109,theory(equality)])).
cnf(c_0_186,plain,(divide(X1,inverse(X2))=divide(inverse(inverse(X1)),inverse(X2))),inference(pm,[status(thm)],[c_0_81,c_0_109,theory(equality)])).
cnf(c_0_187,plain,(divide(X1,divide(X1,inverse(X2)))=inverse(X2)),inference(pm,[status(thm)],[c_0_58,c_0_109,theory(equality)])).
cnf(c_0_188,plain,(divide(X1,identity)=divide(identity,inverse(X1))),inference(pm,[status(thm)],[c_0_109,c_0_6,theory(equality)])).
cnf(c_0_189,plain,(divide(X2,X1)=divide(inverse(X1),inverse(X2))),inference(pm,[status(thm)],[c_0_109,c_0_19,theory(equality)])).
cnf(c_0_190,plain,(divide(X3,divide(X2,X1))=divide(divide(X1,X2),inverse(X3))),inference(pm,[status(thm)],[c_0_109,c_0_42,theory(equality)])).
cnf(c_0_191,plain,(divide(X1,identity)=divide(identity,inverse(X1))),inference(pm,[status(thm)],[c_0_109,c_0_6,theory(equality)])).
cnf(c_0_192,plain,(divide(X1,X2)=divide(inverse(X2),inverse(X1))),inference(pm,[status(thm)],[c_0_109,c_0_19,theory(equality)])).
cnf(c_0_193,plain,(divide(X1,divide(X3,X2))=divide(divide(X2,X3),inverse(X1))),inference(pm,[status(thm)],[c_0_109,c_0_42,theory(equality)])).
cnf(c_0_194,negated_conjecture,($false),inference(cn,[status(thm)],[c_0_5, theory(equality,[symmetry])])).
cnf(c_0_195,negated_conjecture,($false), c_0_194,['proof']).

# Proof found!
# SZS status Unsatisfiable
# SZS output start CNFRefutation.
cnf(c_0_0,axiom,(identity=divide(X1,X1)), file('<stdin>', identity)).
cnf(c_0_1,axiom,(divide(divide(X1,divide(divide(X1,X2),X3)),X2)=X3), file('<stdin>', single_axiom)).
cnf(c_0_2,axiom,(inverse(X1)=divide(divide(X2,X2),X1)), file('<stdin>', inverse)).
cnf(c_0_3,negated_conjecture,(multiply(a,b)!=multiply(b,a)), file('<stdin>', prove_these_axioms_4)).
cnf(c_0_4,axiom,(multiply(X1,X2)=divide(X1,divide(divide(X3,X3),X2))), file('<stdin>', multiply)).
cnf(c_0_5,axiom,(divide(X1,X1)=identity), c_0_0).
cnf(c_0_6,axiom,(divide(divide(X1,divide(divide(X1,X2),X3)),X2)=X3), c_0_1).
cnf(c_0_7,axiom,(divide(divide(X2,X2),X1)=inverse(X1)), c_0_2).
cnf(c_0_8,plain,(divide(X1,X1)=identity), c_0_5).
cnf(c_0_9,plain,(divide(divide(X1,divide(divide(X1,X2),X3)),X2)=X3), c_0_6).
cnf(c_0_10,plain,(divide(identity,X1)=inverse(X1)), inference(rw,[status(thm)],[c_0_7, c_0_8, theory(equality)])).
cnf(c_0_11,plain,(divide(divide(X1,inverse(X2)),X1)=X2), inference(rw,[status(thm)],[inference(pm,[status(thm)],[c_0_9, c_0_8, theory(equality)]), c_0_10, theory(equality)])).
cnf(c_0_12,plain,(inverse(inverse(X1))=X1), inference(rw,[status(thm)],[inference(pm,[status(thm)],[c_0_11, c_0_8, theory(equality)]), c_0_10, theory(equality)])).
cnf(c_0_13,plain,(divide(divide(X1,X2),X1)=inverse(X2)), inference(pm,[status(thm)],[c_0_11, c_0_12, theory(equality)])).
cnf(c_0_14,plain,(divide(inverse(X1),identity)=inverse(X1)), inference(pm,[status(thm)],[c_0_13, c_0_10, theory(equality)])).
cnf(c_0_15,plain,(divide(X1,identity)=X1), inference(rw,[status(thm)],[inference(pm,[status(thm)],[c_0_14, c_0_12, theory(equality)]), c_0_12, theory(equality)])).
cnf(c_0_16,plain,(divide(X1,divide(X1,X2))=X2), inference(rw,[status(thm)],[inference(pm,[status(thm)],[c_0_9, c_0_15, theory(equality)]), c_0_15, theory(equality)])).
cnf(c_0_17,negated_conjecture,(multiply(b,a)!=multiply(a,b)), c_0_3).
cnf(c_0_18,axiom,(divide(X1,divide(divide(X3,X3),X2))=multiply(X1,X2)), c_0_4).
cnf(c_0_19,plain,(inverse(divide(X1,X2))=divide(X2,X1)), inference(pm,[status(thm)],[c_0_13, c_0_16, theory(equality)])).
cnf(c_0_20,plain,(divide(divide(X1,inverse(X2)),X2)=X1), inference(pm,[status(thm)],[c_0_9, c_0_13, theory(equality)])).
cnf(c_0_21,negated_conjecture,(multiply(a,b)!=multiply(b,a)), c_0_17).
cnf(c_0_22,plain,(multiply(X1,X2)=divide(X1,inverse(X2))), inference(rw,[status(thm)],[inference(rw,[status(thm)],[c_0_18, c_0_8, theory(equality)]), c_0_10, theory(equality)])).
cnf(c_0_23,plain,(divide(X1,divide(X2,inverse(X1)))=inverse(X2)), inference(pm,[status(thm)],[c_0_19, c_0_20, theory(equality)])).
cnf(c_0_24,negated_conjecture,(divide(a,inverse(b))!=divide(b,inverse(a))), inference(rw,[status(thm)],[inference(rw,[status(thm)],[c_0_21, c_0_22, theory(equality)]), c_0_22, theory(equality)])).
cnf(c_0_25,plain,(divide(X1,inverse(X2))=divide(X2,inverse(X1))), inference(pm,[status(thm)],[c_0_16, c_0_23, theory(equality)])).
cnf(c_0_26,negated_conjecture,($false), inference(cn,[status(thm)],[inference(rw,[status(thm)],[c_0_24, c_0_25, theory(equality)]), theory(equality,[symmetry])]), ['proof']).
# SZS output end CNFRefutation.
# Parsed axioms                        : 5
# Removed by relevancy pruning/SinE    : 0
# Initial clauses                      : 5
# Removed in clause preprocessing      : 0
# Initial clauses in saturation        : 5
# Processed clauses                    : 30
# ...of these trivial                  : 8
# ...subsumed                          : 1
# ...remaining for further processing  : 21
# Other redundant clauses eliminated   : 0
# Clauses deleted for lack of memory   : 0
# Backward-subsumed                    : 0
# Backward-rewritten                   : 8
# Generated clauses                    : 188
# ...of the previous two non-trivial   : 72
# Contextual simplify-reflections      : 0
# Paramodulations                      : 188
# Factorizations                       : 0
# Equation resolutions                 : 0
# Current number of processed clauses  : 13
#    Positive orientable unit clauses  : 10
#    Positive unorientable unit clauses: 3
#    Negative unit clauses             : 0
#    Non-unit-clauses                  : 0
# Current number of unprocessed clauses: 15
# ...number of literals in the above   : 15
# Clause-clause subsumption calls (NU) : 0
# Rec. Clause-clause subsumption calls : 0
# Non-unit clause-clause subsumptions  : 0
# Unit Clause-clause subsumption calls : 9
# Rewrite failures with RHS unbound    : 0
# BW rewrite match attempts            : 39
# BW rewrite match successes           : 36
# Condensation attempts                : 0
# Condensation successes               : 0
