cnf(c_0_1,axiom,(divide(X1,divide(X2,divide(X3,divide(X1,X2))))=X3), file('<stdin>', single_axiom)).
cnf(c_0_2,axiom,(multiply(X1,X2)=divide(X1,divide(divide(X3,X3),X2))), file('<stdin>', multiply)).
cnf(c_0_3,axiom,(inverse(X1)=divide(divide(X2,X2),X1)), file('<stdin>', inverse)).
cnf(c_0_4,negated_conjecture,(multiply(inverse(a1),a1)!=multiply(inverse(b1),b1)), file('<stdin>', prove_these_axioms_1)).
# Initializing proof state
# Scanning for AC axioms
cnf(c_0_5,plain,(divide(inverse(divide(X1,X1)),X2)=inverse(X2)),inference(pm,[status(thm)],[c_0_3,c_0_3,theory(equality)])).
cnf(c_0_6,plain,(divide(inverse(inverse(divide(X1,X1))),X2)=inverse(X2)),inference(pm,[status(thm)],[c_0_3,c_0_5,theory(equality)])).
cnf(c_0_7,plain,(divide(inverse(inverse(inverse(divide(X1,X1)))),X2)=inverse(X2)),inference(pm,[status(thm)],[c_0_5,c_0_5,theory(equality)])).
cnf(c_0_8,plain,(divide(inverse(inverse(divide(X1,X1))),X2)=inverse(X2)),inference(pm,[status(thm)],[c_0_5,c_0_3,theory(equality)])).
cnf(c_0_9,plain,(divide(inverse(inverse(inverse(divide(X1,X1)))),X2)=inverse(X2)),inference(pm,[status(thm)],[c_0_3,c_0_6,theory(equality)])).
cnf(c_0_10,plain,(divide(inverse(inverse(inverse(inverse(divide(X1,X1))))),X2)=inverse(X2)),inference(pm,[status(thm)],[c_0_5,c_0_6,theory(equality)])).
cnf(c_0_11,plain,(divide(inverse(inverse(inverse(inverse(inverse(divide(X1,X1)))))),X2)=inverse(X2)),inference(pm,[status(thm)],[c_0_6,c_0_6,theory(equality)])).
cnf(c_0_12,plain,(divide(inverse(inverse(inverse(inverse(divide(X1,X1))))),X2)=inverse(X2)),inference(pm,[status(thm)],[c_0_6,c_0_5,theory(equality)])).
cnf(c_0_13,plain,(divide(inverse(inverse(inverse(divide(X1,X1)))),X2)=inverse(X2)),inference(pm,[status(thm)],[c_0_6,c_0_3,theory(equality)])).
cnf(c_0_14,plain,(X3=inverse(divide(X2,divide(X3,divide(inverse(inverse(divide(X1,X1))),X2))))),inference(pm,[status(thm)],[c_0_6,c_0_1,theory(equality)])).
cnf(c_0_15,plain,(X3=inverse(divide(X2,divide(X3,divide(inverse(divide(X1,X1)),X2))))),inference(pm,[status(thm)],[c_0_5,c_0_1,theory(equality)])).
cnf(c_0_16,plain,(X3=inverse(divide(X2,divide(X3,divide(divide(X1,X1),X2))))),inference(pm,[status(thm)],[c_0_3,c_0_1,theory(equality)])).
cnf(c_0_17,plain,(divide(X1,divide(divide(X2,divide(X3,divide(X1,X2))),divide(X4,X3)))=X4),inference(pm,[status(thm)],[c_0_1,c_0_1,theory(equality)])).
cnf(c_0_18,plain,(divide(X1,divide(divide(X2,divide(X3,X1)),X2))=X3),inference(pm,[status(thm)],[c_0_1,c_0_1,theory(equality)])).
cnf(c_0_19,plain,(divide(inverse(inverse(divide(X1,X1))),divide(X2,divide(X3,inverse(X2))))=X3),inference(pm,[status(thm)],[c_0_1,c_0_6,theory(equality)])).
cnf(c_0_20,plain,(divide(inverse(divide(X1,X1)),divide(X2,divide(X3,inverse(X2))))=X3),inference(pm,[status(thm)],[c_0_1,c_0_5,theory(equality)])).
cnf(c_0_21,plain,(divide(divide(X1,X1),divide(X2,divide(X3,inverse(X2))))=X3),inference(pm,[status(thm)],[c_0_1,c_0_3,theory(equality)])).
cnf(c_0_22,plain,(divide(X1,divide(X2,inverse(divide(X1,X2))))=inverse(inverse(divide(X3,X3)))),inference(pm,[status(thm)],[c_0_1,c_0_6,theory(equality)])).
cnf(c_0_23,plain,(divide(X1,divide(X2,inverse(divide(X1,X2))))=inverse(divide(X3,X3))),inference(pm,[status(thm)],[c_0_1,c_0_5,theory(equality)])).
cnf(c_0_24,plain,(divide(X1,divide(X2,inverse(divide(X1,X2))))=divide(X3,X3)),inference(pm,[status(thm)],[c_0_1,c_0_3,theory(equality)])).
cnf(c_0_25,plain,(divide(X1,inverse(divide(X3,divide(X1,inverse(inverse(divide(X2,X2)))))))=X3),inference(pm,[status(thm)],[c_0_1,c_0_6,theory(equality)])).
cnf(c_0_26,plain,(divide(X1,inverse(divide(X3,divide(X1,inverse(divide(X2,X2))))))=X3),inference(pm,[status(thm)],[c_0_1,c_0_5,theory(equality)])).
cnf(c_0_27,plain,(divide(X1,inverse(divide(X3,divide(X1,divide(X2,X2)))))=X3),inference(pm,[status(thm)],[c_0_1,c_0_3,theory(equality)])).
cnf(c_0_28,plain,(inverse(divide(divide(X1,divide(X2,inverse(X1))),divide(X3,X2)))=X3),inference(pm,[status(thm)],[c_0_14,c_0_14,theory(equality)])).
cnf(c_0_29,plain,(inverse(divide(X1,inverse(inverse(X1))))=inverse(inverse(divide(X2,X2)))),inference(pm,[status(thm)],[c_0_14,c_0_6,theory(equality)])).
cnf(c_0_30,plain,(inverse(divide(X1,inverse(inverse(X1))))=inverse(divide(X2,X2))),inference(pm,[status(thm)],[c_0_14,c_0_5,theory(equality)])).
cnf(c_0_31,plain,(inverse(divide(X1,inverse(inverse(X1))))=divide(X2,X2)),inference(pm,[status(thm)],[c_0_14,c_0_3,theory(equality)])).
cnf(c_0_32,plain,(inverse(inverse(divide(X2,inverse(inverse(inverse(divide(X1,X1)))))))=X2),inference(pm,[status(thm)],[c_0_14,c_0_6,theory(equality)])).
cnf(c_0_33,plain,(inverse(inverse(divide(X2,inverse(inverse(divide(X1,X1))))))=X2),inference(pm,[status(thm)],[c_0_14,c_0_5,theory(equality)])).
cnf(c_0_34,plain,(inverse(inverse(divide(X2,inverse(divide(X1,X1)))))=X2),inference(pm,[status(thm)],[c_0_14,c_0_3,theory(equality)])).
cnf(c_0_35,plain,(X3=inverse(divide(divide(X2,divide(X3,inverse(inverse(divide(X1,X1))))),X2))),inference(pm,[status(thm)],[c_0_6,c_0_18,theory(equality)])).
cnf(c_0_36,plain,(X3=inverse(divide(divide(X2,divide(X3,inverse(divide(X1,X1)))),X2))),inference(pm,[status(thm)],[c_0_5,c_0_18,theory(equality)])).
cnf(c_0_37,plain,(X3=inverse(divide(divide(X2,divide(X3,divide(X1,X1))),X2))),inference(pm,[status(thm)],[c_0_3,c_0_18,theory(equality)])).
cnf(c_0_38,plain,(divide(X1,divide(divide(divide(X2,divide(X3,X1)),X2),divide(X4,X3)))=X4),inference(pm,[status(thm)],[c_0_1,c_0_18,theory(equality)])).
cnf(c_0_39,plain,(divide(divide(divide(X1,divide(X2,X3)),X1),divide(divide(X4,X2),X4))=X3),inference(pm,[status(thm)],[c_0_18,c_0_18,theory(equality)])).
cnf(c_0_40,plain,(inverse(X2)=divide(inverse(X1),divide(X2,X1))),inference(pm,[status(thm)],[c_0_14,c_0_18,theory(equality)])).
cnf(c_0_41,plain,(divide(X1,X3)=divide(divide(X1,X2),divide(X3,X2))),inference(pm,[status(thm)],[c_0_1,c_0_18,theory(equality)])).
cnf(c_0_42,plain,(divide(divide(X1,divide(X2,X3)),divide(X1,X2))=X3),inference(pm,[status(thm)],[c_0_1,c_0_18,theory(equality)])).
cnf(c_0_43,plain,(divide(X1,divide(divide(X2,inverse(X1)),X2))=inverse(inverse(divide(X3,X3)))),inference(pm,[status(thm)],[c_0_18,c_0_6,theory(equality)])).
cnf(c_0_44,plain,(divide(X1,divide(divide(X2,inverse(X1)),X2))=inverse(divide(X3,X3))),inference(pm,[status(thm)],[c_0_18,c_0_5,theory(equality)])).
cnf(c_0_45,plain,(divide(X1,divide(divide(X2,inverse(X1)),X2))=divide(X3,X3)),inference(pm,[status(thm)],[c_0_18,c_0_3,theory(equality)])).
cnf(c_0_46,plain,(divide(divide(X1,divide(X2,divide(X3,X1))),divide(divide(X4,X2),X4))=X3),inference(pm,[status(thm)],[c_0_18,c_0_1,theory(equality)])).
cnf(c_0_47,plain,(divide(X1,divide(inverse(divide(X3,X1)),inverse(inverse(divide(X2,X2)))))=X3),inference(pm,[status(thm)],[c_0_18,c_0_6,theory(equality)])).
cnf(c_0_48,plain,(divide(X1,divide(inverse(divide(X3,X1)),inverse(divide(X2,X2))))=X3),inference(pm,[status(thm)],[c_0_18,c_0_5,theory(equality)])).
cnf(c_0_49,plain,(divide(X1,divide(inverse(divide(X3,X1)),divide(X2,X2)))=X3),inference(pm,[status(thm)],[c_0_18,c_0_3,theory(equality)])).
cnf(c_0_50,plain,(divide(divide(X1,divide(X2,X3)),divide(X1,X2))=X3),inference(pm,[status(thm)],[c_0_18,c_0_1,theory(equality)])).
cnf(c_0_51,plain,(divide(X1,inverse(divide(X2,X1)))=X2),inference(pm,[status(thm)],[c_0_18,c_0_3,theory(equality)])).
cnf(c_0_52,plain,(X2=inverse(inverse(divide(X2,inverse(inverse(divide(X1,X1))))))),inference(pm,[status(thm)],[c_0_6,c_0_51,theory(equality)])).
cnf(c_0_53,plain,(X2=inverse(inverse(divide(X2,inverse(divide(X1,X1)))))),inference(pm,[status(thm)],[c_0_5,c_0_51,theory(equality)])).
cnf(c_0_54,plain,(X2=inverse(inverse(divide(X2,divide(X1,X1))))),inference(pm,[status(thm)],[c_0_3,c_0_51,theory(equality)])).
cnf(c_0_55,plain,(divide(X1,divide(inverse(divide(X2,X1)),divide(X3,X2)))=X3),inference(pm,[status(thm)],[c_0_1,c_0_51,theory(equality)])).
cnf(c_0_56,plain,(divide(inverse(divide(X1,X2)),divide(divide(X3,X1),X3))=X2),inference(pm,[status(thm)],[c_0_18,c_0_51,theory(equality)])).
cnf(c_0_57,plain,(divide(inverse(divide(X1,X2)),inverse(X1))=X2),inference(pm,[status(thm)],[c_0_51,c_0_51,theory(equality)])).
cnf(c_0_58,plain,(inverse(divide(divide(X1,X2),X1))=X2),inference(pm,[status(thm)],[c_0_14,c_0_51,theory(equality)])).
cnf(c_0_59,plain,(divide(X1,inverse(inverse(X1)))=inverse(inverse(divide(X2,X2)))),inference(pm,[status(thm)],[c_0_51,c_0_6,theory(equality)])).
cnf(c_0_60,plain,(divide(X1,inverse(inverse(X1)))=inverse(divide(X2,X2))),inference(pm,[status(thm)],[c_0_51,c_0_5,theory(equality)])).
cnf(c_0_61,plain,(divide(X1,inverse(inverse(X1)))=divide(X2,X2)),inference(pm,[status(thm)],[c_0_51,c_0_3,theory(equality)])).
cnf(c_0_62,plain,(divide(divide(divide(X1,divide(X2,X3)),X1),inverse(X2))=X3),inference(pm,[status(thm)],[c_0_51,c_0_18,theory(equality)])).
cnf(c_0_63,plain,(divide(divide(X1,divide(X2,divide(X3,X1))),inverse(X2))=X3),inference(pm,[status(thm)],[c_0_51,c_0_1,theory(equality)])).
cnf(c_0_64,plain,(divide(divide(X1,inverse(X2)),X1)=X2),inference(pm,[status(thm)],[c_0_51,c_0_14,theory(equality)])).
cnf(c_0_65,plain,(inverse(divide(divide(divide(X1,X2),X1),divide(X3,X2)))=X3),inference(pm,[status(thm)],[c_0_14,c_0_58,theory(equality)])).
cnf(c_0_66,plain,(inverse(divide(inverse(X2),inverse(inverse(divide(X1,X1)))))=X2),inference(pm,[status(thm)],[c_0_58,c_0_6,theory(equality)])).
cnf(c_0_67,plain,(inverse(divide(inverse(X2),inverse(divide(X1,X1))))=X2),inference(pm,[status(thm)],[c_0_58,c_0_5,theory(equality)])).
cnf(c_0_68,plain,(inverse(divide(inverse(X2),divide(X1,X1)))=X2),inference(pm,[status(thm)],[c_0_58,c_0_3,theory(equality)])).
cnf(c_0_69,plain,(inverse(divide(X3,X1))=divide(divide(X2,divide(X3,X1)),X2)),inference(pm,[status(thm)],[c_0_58,c_0_18,theory(equality)])).
cnf(c_0_70,plain,(inverse(divide(X3,X1))=divide(X2,divide(X3,divide(X1,X2)))),inference(pm,[status(thm)],[c_0_58,c_0_1,theory(equality)])).
cnf(c_0_71,plain,(inverse(inverse(X1))=X1),inference(pm,[status(thm)],[c_0_58,c_0_3,theory(equality)])).
cnf(c_0_72,plain,(inverse(divide(inverse(X1),divide(X2,X1)))=X2),inference(pm,[status(thm)],[c_0_14,c_0_71,theory(equality)])).
cnf(c_0_73,plain,(inverse(X2)=divide(divide(X1,X2),X1)),inference(pm,[status(thm)],[c_0_71,c_0_58,theory(equality)])).
cnf(c_0_74,plain,(inverse(X2)=divide(X1,divide(X2,inverse(X1)))),inference(pm,[status(thm)],[c_0_71,c_0_14,theory(equality)])).
cnf(c_0_75,plain,(inverse(divide(X1,inverse(X2)))=divide(inverse(X1),X2)),inference(pm,[status(thm)],[c_0_14,c_0_73,theory(equality)])).
cnf(c_0_76,plain,(divide(X1,divide(X2,inverse(X3)))=divide(divide(X1,X2),X3)),inference(pm,[status(thm)],[c_0_1,c_0_73,theory(equality)])).
cnf(c_0_77,plain,(divide(divide(X1,X2),divide(X1,divide(X3,inverse(X2))))=X3),inference(pm,[status(thm)],[c_0_1,c_0_73,theory(equality)])).
cnf(c_0_78,plain,(divide(inverse(X2),divide(X1,X2))=inverse(X1)),inference(pm,[status(thm)],[c_0_73,c_0_73,theory(equality)])).
cnf(c_0_79,plain,(divide(X1,inverse(inverse(X2)))=divide(X1,X2)),inference(pm,[status(thm)],[c_0_51,c_0_73,theory(equality)])).
cnf(c_0_80,plain,(divide(inverse(X2),inverse(divide(X1,X1)))=inverse(X2)),inference(pm,[status(thm)],[c_0_73,c_0_5,theory(equality)])).
cnf(c_0_81,plain,(divide(inverse(X2),divide(X1,X1))=inverse(X2)),inference(pm,[status(thm)],[c_0_73,c_0_3,theory(equality)])).
cnf(c_0_82,plain,(divide(X2,X1)=inverse(inverse(divide(X2,X1)))),inference(pm,[status(thm)],[c_0_73,c_0_51,theory(equality)])).
cnf(c_0_83,plain,(divide(X3,X1)=inverse(divide(X2,divide(X3,divide(X1,X2))))),inference(pm,[status(thm)],[c_0_73,c_0_1,theory(equality)])).
cnf(c_0_84,plain,(inverse(X2)=inverse(divide(X2,inverse(inverse(divide(X1,X1)))))),inference(pm,[status(thm)],[c_0_5,c_0_74,theory(equality)])).
cnf(c_0_85,plain,(inverse(X2)=inverse(divide(X2,inverse(divide(X1,X1))))),inference(pm,[status(thm)],[c_0_3,c_0_74,theory(equality)])).
cnf(c_0_86,plain,(divide(X1,divide(divide(X2,inverse(X1)),divide(X3,inverse(X2))))=X3),inference(pm,[status(thm)],[c_0_1,c_0_74,theory(equality)])).
cnf(c_0_87,plain,(divide(inverse(X2),X1)=inverse(divide(X2,inverse(X1)))),inference(pm,[status(thm)],[c_0_73,c_0_74,theory(equality)])).
cnf(c_0_88,plain,(divide(divide(X1,inverse(X2)),inverse(inverse(X1)))=X2),inference(pm,[status(thm)],[c_0_51,c_0_74,theory(equality)])).
cnf(c_0_89,plain,(divide(X1,divide(inverse(X2),inverse(X1)))=X2),inference(pm,[status(thm)],[c_0_1,c_0_74,theory(equality)])).
cnf(c_0_90,plain,(divide(inverse(X1),divide(X2,X1))=inverse(X2)),inference(pm,[status(thm)],[c_0_74,c_0_71,theory(equality)])).
cnf(c_0_91,plain,(divide(X1,inverse(inverse(X1)))=inverse(inverse(divide(X2,X2)))),inference(pm,[status(thm)],[c_0_74,c_0_5,theory(equality)])).
cnf(c_0_92,plain,(divide(X1,inverse(inverse(X1)))=inverse(divide(X2,X2))),inference(pm,[status(thm)],[c_0_74,c_0_3,theory(equality)])).
cnf(c_0_93,plain,(divide(X1,inverse(X2))=inverse(divide(inverse(X1),X2))),inference(pm,[status(thm)],[c_0_74,c_0_73,theory(equality)])).
cnf(c_0_94,plain,(divide(divide(X1,X2),X1)=inverse(X2)),inference(pm,[status(thm)],[c_0_74,c_0_51,theory(equality)])).
cnf(c_0_95,plain,(divide(X2,X2)=inverse(inverse(divide(X1,X1)))),inference(pm,[status(thm)],[c_0_5,c_0_91,theory(equality)])).
cnf(c_0_96,plain,(divide(X2,X2)=inverse(divide(X1,X1))),inference(pm,[status(thm)],[c_0_3,c_0_91,theory(equality)])).
cnf(c_0_97,plain,(divide(X1,divide(X2,X2))=inverse(inverse(X1))),inference(pm,[status(thm)],[c_0_74,c_0_91,theory(equality)])).
cnf(c_0_98,plain,(divide(X1,divide(X2,divide(X3,X3)))=divide(X1,X2)),inference(pm,[status(thm)],[c_0_1,c_0_91,theory(equality)])).
cnf(c_0_99,plain,(divide(X3,X3)=divide(X1,X1)),inference(pm,[status(thm)],[c_0_91,c_0_91,theory(equality)])).
cnf(c_0_100,plain,(divide(X1,divide(X1,divide(X2,divide(X3,X3))))=X2),inference(pm,[status(thm)],[c_0_1,c_0_91,theory(equality)])).
cnf(c_0_101,plain,(divide(divide(X2,X2),X1)=inverse(X1)),inference(pm,[status(thm)],[c_0_73,c_0_91,theory(equality)])).
cnf(c_0_102,plain,(divide(divide(X3,X3),X2)=inverse(X2)),inference(pm,[status(thm)],[c_0_3,c_0_91,theory(equality)])).
cnf(c_0_103,plain,(divide(inverse(divide(X3,X3)),X2)=inverse(X2)),inference(pm,[status(thm)],[c_0_5,c_0_91,theory(equality)])).
cnf(c_0_104,plain,(divide(X3,X3)=divide(X2,X2)),inference(pm,[status(thm)],[c_0_91,c_0_91,theory(equality)])).
cnf(c_0_105,plain,(divide(X1,inverse(divide(X2,X2)))=X1),inference(pm,[status(thm)],[c_0_51,c_0_91,theory(equality)])).
cnf(c_0_106,plain,(divide(X2,X2)=inverse(inverse(divide(X1,X1)))),inference(pm,[status(thm)],[c_0_5,c_0_91,theory(equality)])).
cnf(c_0_107,plain,(divide(X2,X2)=inverse(divide(X1,X1))),inference(pm,[status(thm)],[c_0_3,c_0_91,theory(equality)])).
cnf(c_0_108,plain,(divide(X1,divide(X2,X2))=inverse(inverse(X1))),inference(pm,[status(thm)],[c_0_74,c_0_91,theory(equality)])).
cnf(c_0_109,plain,(divide(X1,divide(X2,divide(X3,X3)))=divide(X1,X2)),inference(pm,[status(thm)],[c_0_1,c_0_91,theory(equality)])).
cnf(c_0_110,plain,(divide(X3,X3)=divide(X1,X1)),inference(pm,[status(thm)],[c_0_91,c_0_91,theory(equality)])).
cnf(c_0_111,plain,(divide(X1,divide(X1,divide(X2,divide(X3,X3))))=X2),inference(pm,[status(thm)],[c_0_1,c_0_91,theory(equality)])).
cnf(c_0_112,plain,(divide(divide(X2,X2),X1)=inverse(X1)),inference(pm,[status(thm)],[c_0_73,c_0_91,theory(equality)])).
cnf(c_0_113,plain,(divide(divide(X3,X3),X2)=inverse(X2)),inference(pm,[status(thm)],[c_0_3,c_0_91,theory(equality)])).
cnf(c_0_114,plain,(divide(inverse(divide(X3,X3)),X2)=inverse(X2)),inference(pm,[status(thm)],[c_0_5,c_0_91,theory(equality)])).
cnf(c_0_115,plain,(divide(X3,X3)=divide(X2,X2)),inference(pm,[status(thm)],[c_0_91,c_0_91,theory(equality)])).
cnf(c_0_116,plain,(divide(X1,inverse(divide(X2,X2)))=X1),inference(pm,[status(thm)],[c_0_51,c_0_91,theory(equality)])).
cnf(c_0_117,negated_conjecture,($false),inference(sr,[status(thm)],[c_0_4,c_0_91,theory(equality)])).
cnf(c_0_118,negated_conjecture,($false), c_0_117,['proof']).

# Proof found!
# SZS status Unsatisfiable
# SZS output start CNFRefutation.
cnf(c_0_0,axiom,(inverse(X1)=divide(divide(X2,X2),X1)), file('<stdin>', inverse)).
cnf(c_0_1,axiom,(divide(X1,divide(X2,divide(X3,divide(X1,X2))))=X3), file('<stdin>', single_axiom)).
cnf(c_0_2,axiom,(multiply(X1,X2)=divide(X1,divide(divide(X3,X3),X2))), file('<stdin>', multiply)).
cnf(c_0_3,negated_conjecture,(multiply(inverse(a1),a1)!=multiply(inverse(b1),b1)), file('<stdin>', prove_these_axioms_1)).
cnf(c_0_4,axiom,(divide(divide(X2,X2),X1)=inverse(X1)), c_0_0).
cnf(c_0_5,plain,(divide(divide(X1,X1),X2)=inverse(X2)), c_0_4).
cnf(c_0_6,axiom,(divide(X1,divide(X2,divide(X3,divide(X1,X2))))=X3), c_0_1).
cnf(c_0_7,plain,(divide(inverse(divide(X1,X1)),X2)=inverse(X2)), inference(pm,[status(thm)],[c_0_5, c_0_5, theory(equality)])).
cnf(c_0_8,plain,(divide(X1,divide(X2,divide(X3,divide(X1,X2))))=X3), c_0_6).
cnf(c_0_9,plain,(divide(inverse(inverse(divide(X1,X1))),X2)=inverse(X2)), inference(pm,[status(thm)],[c_0_5, c_0_7, theory(equality)])).
cnf(c_0_10,plain,(divide(X1,divide(divide(X2,divide(X3,X1)),X2))=X3), inference(pm,[status(thm)],[c_0_8, c_0_8, theory(equality)])).
cnf(c_0_11,plain,(inverse(divide(X1,divide(X2,inverse(X1))))=X2), inference(rw,[status(thm)],[inference(pm,[status(thm)],[c_0_9, c_0_8, theory(equality)]), c_0_9, theory(equality)])).
cnf(c_0_12,plain,(divide(X1,inverse(divide(X2,X1)))=X2), inference(pm,[status(thm)],[c_0_10, c_0_5, theory(equality)])).
cnf(c_0_13,plain,(inverse(divide(divide(X1,X2),X1))=X2), inference(pm,[status(thm)],[c_0_11, c_0_12, theory(equality)])).
cnf(c_0_14,axiom,(divide(X1,divide(divide(X3,X3),X2))=multiply(X1,X2)), c_0_2).
cnf(c_0_15,plain,(inverse(inverse(X1))=X1), inference(pm,[status(thm)],[c_0_13, c_0_5, theory(equality)])).
cnf(c_0_16,negated_conjecture,(multiply(inverse(b1),b1)!=multiply(inverse(a1),a1)), c_0_3).
cnf(c_0_17,plain,(multiply(X1,X2)=divide(X1,inverse(X2))), inference(rw,[status(thm)],[c_0_14, c_0_5, theory(equality)])).
cnf(c_0_18,plain,(divide(X1,divide(X2,inverse(X1)))=inverse(X2)), inference(pm,[status(thm)],[c_0_15, c_0_11, theory(equality)])).
cnf(c_0_19,negated_conjecture,(divide(inverse(a1),inverse(a1))!=divide(inverse(b1),inverse(b1))), inference(rw,[status(thm)],[inference(rw,[status(thm)],[c_0_16, c_0_17, theory(equality)]), c_0_17, theory(equality)])).
cnf(c_0_20,plain,(divide(X1,X1)=divide(X2,X2)), inference(rw,[status(thm)],[inference(rw,[status(thm)],[inference(pm,[status(thm)],[c_0_18, c_0_7, theory(equality)]), c_0_15, theory(equality)]), c_0_15, theory(equality)])).
cnf(c_0_21,negated_conjecture,($false), inference(sr,[status(thm)],[c_0_19, c_0_20, theory(equality)]), ['proof']).
# SZS output end CNFRefutation.
# Parsed axioms                        : 4
# Removed by relevancy pruning/SinE    : 0
# Initial clauses                      : 4
# Removed in clause preprocessing      : 0
# Initial clauses in saturation        : 4
# Processed clauses                    : 21
# ...of these trivial                  : 7
# ...subsumed                          : 0
# ...remaining for further processing  : 14
# Other redundant clauses eliminated   : 0
# Clauses deleted for lack of memory   : 0
# Backward-subsumed                    : 0
# Backward-rewritten                   : 4
# Generated clauses                    : 113
# ...of the previous two non-trivial   : 85
# Contextual simplify-reflections      : 0
# Paramodulations                      : 112
# Factorizations                       : 0
# Equation resolutions                 : 0
# Current number of processed clauses  : 9
#    Positive orientable unit clauses  : 8
#    Positive unorientable unit clauses: 1
#    Negative unit clauses             : 0
#    Non-unit-clauses                  : 0
# Current number of unprocessed clauses: 26
# ...number of literals in the above   : 26
# Clause-clause subsumption calls (NU) : 0
# Rec. Clause-clause subsumption calls : 0
# Non-unit clause-clause subsumptions  : 0
# Unit Clause-clause subsumption calls : 6
# Rewrite failures with RHS unbound    : 10
# BW rewrite match attempts            : 35
# BW rewrite match successes           : 10
# Condensation attempts                : 0
# Condensation successes               : 0
