cnf(c_0_1,axiom,(divide(divide(X1,X2),divide(divide(X1,X3),X2))=X3), file('<stdin>', single_axiom)).
cnf(c_0_2,axiom,(multiply(X1,X2)=divide(X1,divide(divide(X3,X3),X2))), file('<stdin>', multiply)).
cnf(c_0_3,axiom,(inverse(X1)=divide(divide(X2,X2),X1)), file('<stdin>', inverse)).
cnf(c_0_4,axiom,(identity=divide(X1,X1)), file('<stdin>', identity)).
cnf(c_0_5,negated_conjecture,(multiply(multiply(inverse(b2),b2),a2)!=a2), file('<stdin>', prove_these_axioms_2)).
# Initializing proof state
# Scanning for AC axioms
cnf(c_0_6,plain,(inverse(identity)=identity),inference(pm,[status(thm)],[c_0_4,c_0_3,theory(equality)])).
cnf(c_0_7,plain,(divide(X3,divide(divide(divide(X1,X2),X4),divide(divide(X1,X3),X2)))=X4),inference(pm,[status(thm)],[c_0_1,c_0_1,theory(equality)])).
cnf(c_0_8,plain,(divide(divide(divide(X1,X2),X3),divide(X4,X3))=divide(divide(X1,X4),X2)),inference(pm,[status(thm)],[c_0_1,c_0_1,theory(equality)])).
cnf(c_0_9,plain,(divide(divide(X1,divide(divide(X1,X2),X3)),X2)=X3),inference(pm,[status(thm)],[c_0_1,c_0_1,theory(equality)])).
cnf(c_0_10,plain,(divide(divide(identity,X1),divide(inverse(X2),X1))=X2),inference(pm,[status(thm)],[c_0_1,c_0_3,theory(equality)])).
cnf(c_0_11,plain,(divide(divide(X1,X2),divide(identity,X2))=X1),inference(pm,[status(thm)],[c_0_1,c_0_4,theory(equality)])).
cnf(c_0_12,plain,(divide(divide(X1,divide(X1,X2)),identity)=X2),inference(pm,[status(thm)],[c_0_1,c_0_4,theory(equality)])).
cnf(c_0_13,plain,(divide(inverse(X1),divide(divide(identity,X2),X1))=X2),inference(pm,[status(thm)],[c_0_1,c_0_3,theory(equality)])).
cnf(c_0_14,plain,(divide(identity,divide(divide(X1,X2),X1))=X2),inference(pm,[status(thm)],[c_0_1,c_0_4,theory(equality)])).
cnf(c_0_15,plain,(divide(X1,divide(divide(divide(X1,X2),X3),inverse(X2)))=X3),inference(pm,[status(thm)],[c_0_1,c_0_11,theory(equality)])).
cnf(c_0_16,plain,(divide(X1,inverse(inverse(X2)))=divide(X1,X2)),inference(pm,[status(thm)],[c_0_11,c_0_11,theory(equality)])).
cnf(c_0_17,plain,(divide(divide(divide(X1,X2),X3),divide(X1,X3))=inverse(X2)),inference(pm,[status(thm)],[c_0_1,c_0_11,theory(equality)])).
cnf(c_0_18,plain,(divide(divide(X1,inverse(X2)),X1)=X2),inference(pm,[status(thm)],[c_0_1,c_0_11,theory(equality)])).
cnf(c_0_19,plain,(divide(divide(X1,identity),identity)=X1),inference(pm,[status(thm)],[c_0_11,c_0_6,theory(equality)])).
cnf(c_0_20,plain,(divide(inverse(X1),inverse(X1))=identity),inference(pm,[status(thm)],[c_0_11,c_0_3,theory(equality)])).
cnf(c_0_21,plain,(divide(X3,inverse(divide(divide(X1,X3),X2)))=divide(X1,X2)),inference(pm,[status(thm)],[c_0_11,c_0_1,theory(equality)])).
cnf(c_0_22,plain,(divide(identity,inverse(X1))=X1),inference(pm,[status(thm)],[c_0_11,c_0_4,theory(equality)])).
cnf(c_0_23,plain,(divide(divide(X1,inverse(X2)),X2)=X1),inference(pm,[status(thm)],[c_0_11,c_0_22,theory(equality)])).
cnf(c_0_24,plain,(inverse(identity)=identity),inference(pm,[status(thm)],[c_0_22,c_0_6,theory(equality)])).
cnf(c_0_25,negated_conjecture,($false),inference(cn,[status(thm)],[c_0_5, theory(equality,[symmetry])])).
cnf(c_0_26,negated_conjecture,($false), c_0_25,['proof']).

# Proof found!
# SZS status Unsatisfiable
# SZS output start CNFRefutation.
cnf(c_0_0,axiom,(identity=divide(X1,X1)), file('<stdin>', identity)).
cnf(c_0_1,axiom,(inverse(X1)=divide(divide(X2,X2),X1)), file('<stdin>', inverse)).
cnf(c_0_2,axiom,(divide(divide(X1,X2),divide(divide(X1,X3),X2))=X3), file('<stdin>', single_axiom)).
cnf(c_0_3,negated_conjecture,(multiply(multiply(inverse(b2),b2),a2)!=a2), file('<stdin>', prove_these_axioms_2)).
cnf(c_0_4,axiom,(multiply(X1,X2)=divide(X1,divide(divide(X3,X3),X2))), file('<stdin>', multiply)).
cnf(c_0_5,axiom,(divide(X1,X1)=identity), c_0_0).
cnf(c_0_6,axiom,(divide(divide(X2,X2),X1)=inverse(X1)), c_0_1).
cnf(c_0_7,plain,(divide(X1,X1)=identity), c_0_5).
cnf(c_0_8,axiom,(divide(divide(X1,X2),divide(divide(X1,X3),X2))=X3), c_0_2).
cnf(c_0_9,negated_conjecture,(multiply(multiply(inverse(b2),b2),a2)!=a2), c_0_3).
cnf(c_0_10,axiom,(divide(X1,divide(divide(X3,X3),X2))=multiply(X1,X2)), c_0_4).
cnf(c_0_11,plain,(divide(identity,X1)=inverse(X1)), inference(rw,[status(thm)],[c_0_6, c_0_7, theory(equality)])).
cnf(c_0_12,plain,(divide(divide(X1,X2),divide(divide(X1,X3),X2))=X3), c_0_8).
cnf(c_0_13,negated_conjecture,(multiply(multiply(inverse(b2),b2),a2)!=a2), c_0_9).
cnf(c_0_14,plain,(multiply(X1,X2)=divide(X1,inverse(X2))), inference(rw,[status(thm)],[inference(rw,[status(thm)],[c_0_10, c_0_7, theory(equality)]), c_0_11, theory(equality)])).
cnf(c_0_15,plain,(divide(divide(X1,X2),inverse(X2))=X1), inference(rw,[status(thm)],[inference(pm,[status(thm)],[c_0_12, c_0_7, theory(equality)]), c_0_11, theory(equality)])).
cnf(c_0_16,negated_conjecture,(inverse(inverse(a2))!=a2), inference(rw,[status(thm)],[inference(rw,[status(thm)],[inference(rw,[status(thm)],[inference(rw,[status(thm)],[c_0_13, c_0_14, theory(equality)]), c_0_14, theory(equality)]), c_0_7, theory(equality)]), c_0_11, theory(equality)])).
cnf(c_0_17,plain,(inverse(inverse(X1))=X1), inference(rw,[status(thm)],[inference(pm,[status(thm)],[c_0_15, c_0_7, theory(equality)]), c_0_11, theory(equality)])).
cnf(c_0_18,negated_conjecture,($false), inference(cn,[status(thm)],[inference(rw,[status(thm)],[c_0_16, c_0_17, theory(equality)]), theory(equality,[symmetry])]), ['proof']).
# SZS output end CNFRefutation.
# Parsed axioms                        : 5
# Removed by relevancy pruning/SinE    : 0
# Initial clauses                      : 5
# Removed in clause preprocessing      : 0
# Initial clauses in saturation        : 5
# Processed clauses                    : 9
# ...of these trivial                  : 0
# ...subsumed                          : 0
# ...remaining for further processing  : 9
# Other redundant clauses eliminated   : 0
# Clauses deleted for lack of memory   : 0
# Backward-subsumed                    : 0
# Backward-rewritten                   : 2
# Generated clauses                    : 19
# ...of the previous two non-trivial   : 17
# Contextual simplify-reflections      : 0
# Paramodulations                      : 19
# Factorizations                       : 0
# Equation resolutions                 : 0
# Current number of processed clauses  : 7
#    Positive orientable unit clauses  : 7
#    Positive unorientable unit clauses: 0
#    Negative unit clauses             : 0
#    Non-unit-clauses                  : 0
# Current number of unprocessed clauses: 13
# ...number of literals in the above   : 13
# Clause-clause subsumption calls (NU) : 0
# Rec. Clause-clause subsumption calls : 0
# Non-unit clause-clause subsumptions  : 0
# Unit Clause-clause subsumption calls : 0
# Rewrite failures with RHS unbound    : 0
# BW rewrite match attempts            : 3
# BW rewrite match successes           : 3
# Condensation attempts                : 0
# Condensation successes               : 0
