cnf(c_0_1,axiom,(add(additive_identity,X1)=X1), file('Axioms/RNG003-0.ax', left_additive_identity)).
cnf(c_0_2,axiom,(add(X1,additive_identity)=X1), file('Axioms/RNG003-0.ax', right_additive_identity)).
cnf(c_0_3,axiom,(multiply(additive_identity,X1)=additive_identity), file('Axioms/RNG003-0.ax', left_multiplicative_zero)).
cnf(c_0_4,axiom,(multiply(X1,additive_identity)=additive_identity), file('Axioms/RNG003-0.ax', right_multiplicative_zero)).
cnf(c_0_5,axiom,(add(additive_inverse(X1),X1)=additive_identity), file('Axioms/RNG003-0.ax', left_additive_inverse)).
cnf(c_0_6,axiom,(add(X1,additive_inverse(X1))=additive_identity), file('Axioms/RNG003-0.ax', right_additive_inverse)).
cnf(c_0_7,axiom,(additive_inverse(additive_inverse(X1))=X1), file('Axioms/RNG003-0.ax', additive_inverse_additive_inverse)).
cnf(c_0_8,axiom,(multiply(X1,add(X2,X3))=add(multiply(X1,X2),multiply(X1,X3))), file('Axioms/RNG003-0.ax', distribute1)).
cnf(c_0_9,axiom,(multiply(add(X1,X2),X3)=add(multiply(X1,X3),multiply(X2,X3))), file('Axioms/RNG003-0.ax', distribute2)).
cnf(c_0_10,axiom,(add(X1,X2)=add(X2,X1)), file('Axioms/RNG003-0.ax', commutativity_for_addition)).
cnf(c_0_11,axiom,(add(X1,add(X2,X3))=add(add(X1,X2),X3)), file('Axioms/RNG003-0.ax', associativity_for_addition)).
cnf(c_0_12,axiom,(multiply(multiply(X1,X2),X2)=multiply(X1,multiply(X2,X2))), file('Axioms/RNG003-0.ax', right_alternative)).
cnf(c_0_13,axiom,(multiply(multiply(X1,X1),X2)=multiply(X1,multiply(X1,X2))), file('Axioms/RNG003-0.ax', left_alternative)).
cnf(c_0_14,axiom,(associator(X1,X2,X3)=add(multiply(multiply(X1,X2),X3),additive_inverse(multiply(X1,multiply(X2,X3))))), file('Axioms/RNG003-0.ax', associator)).
cnf(c_0_15,axiom,(commutator(X1,X2)=add(multiply(X2,X1),additive_inverse(multiply(X1,X2)))), file('Axioms/RNG003-0.ax', commutator)).
cnf(c_0_16,negated_conjecture,(associator(x,y,y)!=additive_identity), file('<stdin>', prove_right_alternative)).
cnf(c_0_17,negated_conjecture,(add(multiply(multiply(x,y),y),additive_inverse(multiply(x,multiply(y,y))))!=additive_identity),inference(rw, [status(thm)],[c_0_16,c_0_14,theory(equality)]),['Unfolding']).
# Initializing proof state
# Scanning for AC axioms
# add is AC
# AC handling enabled
cnf(c_0_18,plain,(additive_identity=additive_inverse(additive_identity)),inference(pm,[status(thm)],[c_0_1,c_0_6,theory(equality)])).
cnf(c_0_19,plain,(add(additive_inverse(X1),X1)=additive_identity),inference(pm,[status(thm)],[c_0_6,c_0_7,theory(equality)])).
cnf(c_0_20,plain,(additive_inverse(additive_identity)=additive_identity),inference(pm,[status(thm)],[c_0_7,c_0_18,theory(equality)])).
cnf(c_0_21,plain,(add(additive_identity,additive_identity)=additive_identity),inference(pm,[status(thm)],[c_0_6,c_0_18,theory(equality)])).
cnf(c_0_22,plain,(additive_identity=additive_inverse(additive_identity)),inference(pm,[status(thm)],[c_0_2,c_0_5,theory(equality)])).
cnf(c_0_23,plain,(add(X1,additive_inverse(X1))=additive_identity),inference(pm,[status(thm)],[c_0_5,c_0_7,theory(equality)])).
cnf(c_0_24,plain,(add(additive_identity,additive_identity)=additive_identity),inference(pm,[status(thm)],[c_0_5,c_0_18,theory(equality)])).
cnf(c_0_25,plain,(add(X1,additive_identity)=X1),inference(pm,[status(thm)],[c_0_1,c_0_10,theory(equality)])).
cnf(c_0_26,plain,(add(additive_identity,X1)=X1),inference(pm,[status(thm)],[c_0_2,c_0_10,theory(equality)])).
cnf(c_0_27,plain,(add(X1,additive_identity)=X1),inference(pm,[status(thm)],[c_0_1,c_0_10,theory(equality)])).
cnf(c_0_28,plain,(add(additive_identity,X1)=X1),inference(pm,[status(thm)],[c_0_2,c_0_10,theory(equality)])).
cnf(c_0_29,plain,(add(X1,add(X2,additive_inverse(add(X1,X2))))=additive_identity),inference(pm,[status(thm)],[c_0_6,c_0_11,theory(equality)])).
cnf(c_0_30,plain,(add(X1,add(X2,additive_identity))=add(X1,X2)),inference(pm,[status(thm)],[c_0_2,c_0_11,theory(equality)])).
cnf(c_0_31,plain,(add(X1,add(X2,X3))=add(X3,add(X1,X2))),inference(pm,[status(thm)],[c_0_10,c_0_11,theory(equality)])).
cnf(c_0_32,plain,(add(add(X1,add(X2,X3)),X4)=add(add(X1,X2),add(X3,X4))),inference(pm,[status(thm)],[c_0_11,c_0_11,theory(equality)])).
cnf(c_0_33,plain,(add(X2,add(X3,X1))=add(X1,add(X2,X3))),inference(pm,[status(thm)],[c_0_10,c_0_11,theory(equality)])).
cnf(c_0_34,plain,(add(X1,X2)=add(additive_identity,add(X1,X2))),inference(pm,[status(thm)],[c_0_11,c_0_1,theory(equality)])).
cnf(c_0_35,plain,(add(additive_identity,X2)=add(X1,add(additive_inverse(X1),X2))),inference(pm,[status(thm)],[c_0_11,c_0_6,theory(equality)])).
cnf(c_0_36,plain,(add(X1,X2)=add(X1,add(additive_identity,X2))),inference(pm,[status(thm)],[c_0_11,c_0_2,theory(equality)])).
cnf(c_0_37,plain,(add(add(X2,X1),X3)=add(X1,add(X2,X3))),inference(pm,[status(thm)],[c_0_11,c_0_10,theory(equality)])).
cnf(c_0_38,plain,(add(add(X2,X1),X3)=add(X1,add(X2,X3))),inference(pm,[status(thm)],[c_0_11,c_0_10,theory(equality)])).
cnf(c_0_39,plain,(add(X1,X2)=add(additive_inverse(additive_inverse(X1)),X2)),inference(pm,[status(thm)],[c_0_35,c_0_35,theory(equality)])).
cnf(c_0_40,plain,(X3=add(X1,add(X2,add(additive_inverse(add(X1,X2)),X3)))),inference(pm,[status(thm)],[c_0_11,c_0_35,theory(equality)])).
cnf(c_0_41,plain,(X1=add(additive_inverse(additive_identity),X1)),inference(pm,[status(thm)],[c_0_1,c_0_35,theory(equality)])).
cnf(c_0_42,plain,(add(X2,X3)=add(X1,add(add(additive_inverse(X1),X2),X3))),inference(pm,[status(thm)],[c_0_11,c_0_35,theory(equality)])).
cnf(c_0_43,plain,(add(additive_inverse(X1),add(X1,X2))=X2),inference(pm,[status(thm)],[c_0_35,c_0_7,theory(equality)])).
cnf(c_0_44,plain,(add(additive_identity,add(additive_identity,X1))=X1),inference(pm,[status(thm)],[c_0_35,c_0_18,theory(equality)])).
cnf(c_0_45,plain,(add(X1,additive_identity)=additive_inverse(additive_inverse(X1))),inference(pm,[status(thm)],[c_0_35,c_0_6,theory(equality)])).
cnf(c_0_46,plain,(add(X1,additive_inverse(X1))=additive_identity),inference(pm,[status(thm)],[c_0_35,c_0_2,theory(equality)])).
cnf(c_0_47,plain,(add(X1,add(X2,additive_inverse(X1)))=X2),inference(pm,[status(thm)],[c_0_35,c_0_10,theory(equality)])).
cnf(c_0_48,plain,(add(X1,add(X2,additive_inverse(X1)))=X2),inference(pm,[status(thm)],[c_0_35,c_0_10,theory(equality)])).
cnf(c_0_49,plain,(add(X2,X3)=add(additive_inverse(X1),add(add(X1,X2),X3))),inference(pm,[status(thm)],[c_0_11,c_0_43,theory(equality)])).
cnf(c_0_50,plain,(add(additive_inverse(additive_inverse(X1)),X2)=add(X1,X2)),inference(pm,[status(thm)],[c_0_43,c_0_43,theory(equality)])).
cnf(c_0_51,plain,(add(additive_inverse(add(X1,X2)),add(X1,add(X2,X3)))=X3),inference(pm,[status(thm)],[c_0_43,c_0_11,theory(equality)])).
cnf(c_0_52,plain,(add(additive_inverse(additive_identity),X1)=X1),inference(pm,[status(thm)],[c_0_43,c_0_1,theory(equality)])).
cnf(c_0_53,plain,(add(additive_inverse(X1),additive_identity)=additive_inverse(X1)),inference(pm,[status(thm)],[c_0_43,c_0_6,theory(equality)])).
cnf(c_0_54,plain,(add(additive_inverse(X1),X1)=additive_identity),inference(pm,[status(thm)],[c_0_43,c_0_2,theory(equality)])).
cnf(c_0_55,plain,(add(additive_inverse(X1),add(X2,X1))=X2),inference(pm,[status(thm)],[c_0_43,c_0_10,theory(equality)])).
cnf(c_0_56,plain,(add(additive_inverse(X1),add(X2,X1))=X2),inference(pm,[status(thm)],[c_0_43,c_0_10,theory(equality)])).
cnf(c_0_57,plain,(add(X1,add(additive_inverse(X1),X2))=X2),inference(pm,[status(thm)],[c_0_43,c_0_7,theory(equality)])).
cnf(c_0_58,plain,(add(additive_identity,add(additive_identity,X1))=X1),inference(pm,[status(thm)],[c_0_43,c_0_18,theory(equality)])).
cnf(c_0_59,plain,(add(X1,X2)=add(X2,additive_inverse(additive_inverse(X1)))),inference(pm,[status(thm)],[c_0_35,c_0_47,theory(equality)])).
cnf(c_0_60,plain,(X1=additive_inverse(additive_inverse(X1))),inference(pm,[status(thm)],[c_0_43,c_0_47,theory(equality)])).
cnf(c_0_61,plain,(X3=add(X1,add(X2,add(X3,additive_inverse(add(X1,X2)))))),inference(pm,[status(thm)],[c_0_11,c_0_47,theory(equality)])).
cnf(c_0_62,plain,(X1=add(X1,additive_inverse(additive_identity))),inference(pm,[status(thm)],[c_0_1,c_0_47,theory(equality)])).
cnf(c_0_63,plain,(add(X2,X3)=add(X1,add(add(X2,additive_inverse(X1)),X3))),inference(pm,[status(thm)],[c_0_11,c_0_47,theory(equality)])).
cnf(c_0_64,plain,(add(additive_inverse(X1),X2)=add(X2,additive_inverse(X1))),inference(pm,[status(thm)],[c_0_43,c_0_47,theory(equality)])).
cnf(c_0_65,plain,(add(additive_inverse(X1),add(X2,X1))=X2),inference(pm,[status(thm)],[c_0_47,c_0_7,theory(equality)])).
cnf(c_0_66,plain,(add(additive_identity,add(X1,additive_identity))=X1),inference(pm,[status(thm)],[c_0_47,c_0_18,theory(equality)])).
cnf(c_0_67,plain,(add(X1,add(X2,add(X3,additive_inverse(X1))))=add(X2,X3)),inference(pm,[status(thm)],[c_0_47,c_0_11,theory(equality)])).
cnf(c_0_68,plain,(add(X1,additive_inverse(X1))=additive_identity),inference(pm,[status(thm)],[c_0_47,c_0_1,theory(equality)])).
cnf(c_0_69,plain,(add(X1,add(additive_inverse(X1),X2))=X2),inference(pm,[status(thm)],[c_0_47,c_0_10,theory(equality)])).
cnf(c_0_70,plain,(add(X1,add(additive_inverse(X1),X2))=X2),inference(pm,[status(thm)],[c_0_47,c_0_10,theory(equality)])).
cnf(c_0_71,plain,(add(X1,additive_identity)=X1),inference(pm,[status(thm)],[c_0_47,c_0_6,theory(equality)])).
cnf(c_0_72,plain,(add(X2,X3)=add(additive_inverse(X1),add(add(X2,X1),X3))),inference(pm,[status(thm)],[c_0_11,c_0_55,theory(equality)])).
cnf(c_0_73,plain,(add(additive_inverse(additive_inverse(X1)),X2)=add(X2,X1)),inference(pm,[status(thm)],[c_0_43,c_0_55,theory(equality)])).
cnf(c_0_74,plain,(add(additive_inverse(add(X1,X2)),X1)=additive_inverse(X2)),inference(pm,[status(thm)],[c_0_55,c_0_55,theory(equality)])).
cnf(c_0_75,plain,(additive_inverse(additive_inverse(X1))=X1),inference(pm,[status(thm)],[c_0_35,c_0_55,theory(equality)])).
cnf(c_0_76,plain,(add(X1,X2)=add(X2,X1)),inference(pm,[status(thm)],[c_0_35,c_0_55,theory(equality)])).
cnf(c_0_77,plain,(add(additive_inverse(add(X1,X2)),X2)=additive_inverse(X1)),inference(pm,[status(thm)],[c_0_55,c_0_43,theory(equality)])).
cnf(c_0_78,plain,(add(additive_inverse(X1),add(X2,add(X3,X1)))=add(X2,X3)),inference(pm,[status(thm)],[c_0_55,c_0_11,theory(equality)])).
cnf(c_0_79,plain,(add(additive_inverse(X1),X1)=additive_identity),inference(pm,[status(thm)],[c_0_55,c_0_1,theory(equality)])).
cnf(c_0_80,plain,(add(additive_inverse(additive_inverse(X1)),additive_identity)=X1),inference(pm,[status(thm)],[c_0_55,c_0_6,theory(equality)])).
cnf(c_0_81,plain,(add(additive_inverse(add(additive_inverse(X1),X2)),X2)=X1),inference(pm,[status(thm)],[c_0_55,c_0_35,theory(equality)])).
cnf(c_0_82,plain,(add(additive_inverse(add(X1,additive_inverse(X2))),X1)=X2),inference(pm,[status(thm)],[c_0_55,c_0_47,theory(equality)])).
cnf(c_0_83,plain,(add(additive_inverse(additive_identity),X1)=X1),inference(pm,[status(thm)],[c_0_55,c_0_2,theory(equality)])).
cnf(c_0_84,plain,(add(additive_inverse(X1),add(X1,X2))=X2),inference(pm,[status(thm)],[c_0_55,c_0_10,theory(equality)])).
cnf(c_0_85,plain,(add(additive_inverse(X1),add(X1,X2))=X2),inference(pm,[status(thm)],[c_0_55,c_0_10,theory(equality)])).
cnf(c_0_86,plain,(add(X1,add(X2,additive_inverse(X1)))=X2),inference(pm,[status(thm)],[c_0_55,c_0_7,theory(equality)])).
cnf(c_0_87,plain,(add(additive_identity,add(X1,additive_identity))=X1),inference(pm,[status(thm)],[c_0_55,c_0_18,theory(equality)])).
cnf(c_0_88,plain,(add(X1,additive_inverse(X2))=additive_inverse(add(additive_inverse(X1),X2))),inference(pm,[status(thm)],[c_0_35,c_0_74,theory(equality)])).
cnf(c_0_89,plain,(additive_inverse(X3)=add(X1,add(X2,additive_inverse(add(add(X1,X2),X3))))),inference(pm,[status(thm)],[c_0_11,c_0_74,theory(equality)])).
cnf(c_0_90,plain,(additive_inverse(X1)=additive_inverse(add(additive_identity,X1))),inference(pm,[status(thm)],[c_0_1,c_0_74,theory(equality)])).
cnf(c_0_91,plain,(add(additive_inverse(X2),X3)=add(X1,add(additive_inverse(add(X1,X2)),X3))),inference(pm,[status(thm)],[c_0_11,c_0_74,theory(equality)])).
cnf(c_0_92,plain,(add(additive_inverse(X1),additive_inverse(X2))=additive_inverse(add(X1,X2))),inference(pm,[status(thm)],[c_0_43,c_0_74,theory(equality)])).
cnf(c_0_93,plain,(add(X1,additive_inverse(additive_inverse(X2)))=additive_inverse(additive_inverse(add(X1,X2)))),inference(pm,[status(thm)],[c_0_74,c_0_74,theory(equality)])).
cnf(c_0_94,plain,(add(additive_inverse(additive_inverse(add(X1,X2))),additive_inverse(X2))=X1),inference(pm,[status(thm)],[c_0_55,c_0_74,theory(equality)])).
cnf(c_0_95,plain,(add(add(X1,X2),additive_inverse(X2))=X1),inference(pm,[status(thm)],[c_0_47,c_0_74,theory(equality)])).
cnf(c_0_96,plain,(add(additive_inverse(X1),additive_inverse(X2))=additive_inverse(add(X1,X2))),inference(pm,[status(thm)],[c_0_74,c_0_43,theory(equality)])).
cnf(c_0_97,plain,(add(additive_inverse(X1),additive_inverse(X2))=additive_inverse(add(X2,X1))),inference(pm,[status(thm)],[c_0_74,c_0_55,theory(equality)])).
cnf(c_0_98,plain,(add(add(X1,X2),additive_inverse(add(X1,add(X2,X3))))=additive_inverse(X3)),inference(pm,[status(thm)],[c_0_74,c_0_11,theory(equality)])).
cnf(c_0_99,plain,(add(additive_identity,additive_inverse(X1))=additive_inverse(X1)),inference(pm,[status(thm)],[c_0_74,c_0_1,theory(equality)])).
cnf(c_0_100,plain,(add(X1,additive_inverse(additive_identity))=additive_inverse(additive_inverse(X1))),inference(pm,[status(thm)],[c_0_74,c_0_6,theory(equality)])).
cnf(c_0_101,plain,(add(X1,additive_inverse(X2))=additive_inverse(add(additive_inverse(X1),X2))),inference(pm,[status(thm)],[c_0_74,c_0_35,theory(equality)])).
cnf(c_0_102,plain,(add(X1,additive_inverse(X2))=additive_inverse(add(X2,additive_inverse(X1)))),inference(pm,[status(thm)],[c_0_74,c_0_47,theory(equality)])).
cnf(c_0_103,plain,(add(X1,additive_inverse(X1))=additive_inverse(additive_identity)),inference(pm,[status(thm)],[c_0_74,c_0_2,theory(equality)])).
cnf(c_0_104,plain,(add(X1,additive_inverse(add(X2,X1)))=additive_inverse(X2)),inference(pm,[status(thm)],[c_0_74,c_0_10,theory(equality)])).
cnf(c_0_105,plain,(add(X1,additive_inverse(add(X2,X1)))=additive_inverse(X2)),inference(pm,[status(thm)],[c_0_74,c_0_10,theory(equality)])).
cnf(c_0_106,plain,(add(X1,additive_inverse(X2))=additive_inverse(add(X2,additive_inverse(X1)))),inference(pm,[status(thm)],[c_0_35,c_0_77,theory(equality)])).
cnf(c_0_107,plain,(additive_inverse(X3)=add(X1,add(X2,additive_inverse(add(X3,add(X1,X2)))))),inference(pm,[status(thm)],[c_0_11,c_0_77,theory(equality)])).
cnf(c_0_108,plain,(additive_inverse(X1)=additive_inverse(add(X1,additive_identity))),inference(pm,[status(thm)],[c_0_1,c_0_77,theory(equality)])).
cnf(c_0_109,plain,(add(additive_inverse(X2),X3)=add(X1,add(additive_inverse(add(X2,X1)),X3))),inference(pm,[status(thm)],[c_0_11,c_0_77,theory(equality)])).
cnf(c_0_110,plain,(add(additive_inverse(X1),additive_inverse(X2))=additive_inverse(add(X2,X1))),inference(pm,[status(thm)],[c_0_43,c_0_77,theory(equality)])).
cnf(c_0_111,plain,(add(X1,additive_inverse(additive_inverse(X2)))=additive_inverse(additive_inverse(add(X2,X1)))),inference(pm,[status(thm)],[c_0_74,c_0_77,theory(equality)])).
cnf(c_0_112,plain,(add(additive_inverse(additive_inverse(add(X1,X2))),additive_inverse(X1))=X2),inference(pm,[status(thm)],[c_0_55,c_0_77,theory(equality)])).
cnf(c_0_113,plain,(add(additive_inverse(add(X1,X2)),additive_inverse(additive_inverse(X1)))=additive_inverse(X2)),inference(pm,[status(thm)],[c_0_77,c_0_77,theory(equality)])).
cnf(c_0_114,plain,(add(add(X1,X2),additive_inverse(X1))=X2),inference(pm,[status(thm)],[c_0_47,c_0_77,theory(equality)])).
cnf(c_0_115,plain,(add(add(X1,X2),additive_inverse(X2))=additive_inverse(additive_inverse(X1))),inference(pm,[status(thm)],[c_0_77,c_0_43,theory(equality)])).
cnf(c_0_116,plain,(add(add(X1,X2),additive_inverse(X1))=additive_inverse(additive_inverse(X2))),inference(pm,[status(thm)],[c_0_77,c_0_55,theory(equality)])).
cnf(c_0_117,plain,(add(X1,additive_inverse(add(X2,add(X3,X1))))=additive_inverse(add(X2,X3))),inference(pm,[status(thm)],[c_0_77,c_0_11,theory(equality)])).
cnf(c_0_118,plain,(add(X1,additive_inverse(X1))=additive_inverse(additive_identity)),inference(pm,[status(thm)],[c_0_77,c_0_1,theory(equality)])).
cnf(c_0_119,plain,(add(additive_inverse(add(X1,X2)),additive_inverse(additive_inverse(X2)))=additive_inverse(X1)),inference(pm,[status(thm)],[c_0_77,c_0_74,theory(equality)])).
cnf(c_0_120,plain,(add(additive_inverse(X1),additive_inverse(additive_identity))=additive_inverse(X1)),inference(pm,[status(thm)],[c_0_77,c_0_6,theory(equality)])).
cnf(c_0_121,plain,(add(add(additive_inverse(X1),X2),additive_inverse(X2))=additive_inverse(X1)),inference(pm,[status(thm)],[c_0_77,c_0_35,theory(equality)])).
cnf(c_0_122,plain,(add(add(X1,additive_inverse(X2)),additive_inverse(X1))=additive_inverse(X2)),inference(pm,[status(thm)],[c_0_77,c_0_47,theory(equality)])).
cnf(c_0_123,plain,(add(additive_identity,additive_inverse(X1))=additive_inverse(X1)),inference(pm,[status(thm)],[c_0_77,c_0_2,theory(equality)])).
cnf(c_0_124,plain,(add(X1,additive_inverse(add(X1,X2)))=additive_inverse(X2)),inference(pm,[status(thm)],[c_0_77,c_0_10,theory(equality)])).
cnf(c_0_125,plain,(add(X1,additive_inverse(add(X1,X2)))=additive_inverse(X2)),inference(pm,[status(thm)],[c_0_77,c_0_10,theory(equality)])).
cnf(c_0_126,plain,(additive_inverse(add(additive_inverse(X1),additive_inverse(X2)))=add(X1,X2)),inference(pm,[status(thm)],[c_0_7,c_0_92,theory(equality)])).
cnf(c_0_127,plain,(add(add(X1,X2),add(additive_inverse(X1),additive_inverse(X2)))=additive_identity),inference(pm,[status(thm)],[c_0_6,c_0_92,theory(equality)])).
cnf(c_0_128,plain,(add(add(X1,X2),add(add(additive_inverse(X1),additive_inverse(X2)),X3))=X3),inference(pm,[status(thm)],[c_0_35,c_0_92,theory(equality)])).
cnf(c_0_129,plain,(add(add(additive_inverse(X1),additive_inverse(X2)),add(add(X1,X2),X3))=X3),inference(pm,[status(thm)],[c_0_43,c_0_92,theory(equality)])).
cnf(c_0_130,plain,(add(add(X1,X2),add(X3,add(additive_inverse(X1),additive_inverse(X2))))=X3),inference(pm,[status(thm)],[c_0_47,c_0_92,theory(equality)])).
cnf(c_0_131,plain,(add(add(additive_inverse(X1),additive_inverse(X2)),add(X3,add(X1,X2)))=X3),inference(pm,[status(thm)],[c_0_55,c_0_92,theory(equality)])).
cnf(c_0_132,plain,(additive_inverse(X2)=add(additive_inverse(additive_inverse(X1)),additive_inverse(add(X1,X2)))),inference(pm,[status(thm)],[c_0_92,c_0_43,theory(equality)])).
cnf(c_0_133,plain,(additive_inverse(X2)=add(additive_inverse(additive_inverse(X1)),additive_inverse(add(X2,X1)))),inference(pm,[status(thm)],[c_0_92,c_0_55,theory(equality)])).
cnf(c_0_134,plain,(additive_inverse(add(X1,add(X2,X3)))=add(additive_inverse(add(X1,X2)),additive_inverse(X3))),inference(pm,[status(thm)],[c_0_92,c_0_11,theory(equality)])).
cnf(c_0_135,plain,(additive_inverse(X1)=add(additive_inverse(additive_identity),additive_inverse(X1))),inference(pm,[status(thm)],[c_0_92,c_0_1,theory(equality)])).
cnf(c_0_136,plain,(additive_inverse(additive_identity)=add(additive_inverse(X1),additive_inverse(additive_inverse(X1)))),inference(pm,[status(thm)],[c_0_92,c_0_6,theory(equality)])).
cnf(c_0_137,plain,(additive_inverse(X2)=add(additive_inverse(X1),additive_inverse(add(additive_inverse(X1),X2)))),inference(pm,[status(thm)],[c_0_92,c_0_35,theory(equality)])).
cnf(c_0_138,plain,(additive_inverse(X2)=add(additive_inverse(X1),additive_inverse(add(X2,additive_inverse(X1))))),inference(pm,[status(thm)],[c_0_92,c_0_47,theory(equality)])).
cnf(c_0_139,plain,(additive_inverse(X1)=add(additive_inverse(X1),additive_inverse(additive_identity))),inference(pm,[status(thm)],[c_0_92,c_0_2,theory(equality)])).
cnf(c_0_140,plain,(additive_inverse(add(X2,X1))=add(additive_inverse(X1),additive_inverse(X2))),inference(pm,[status(thm)],[c_0_92,c_0_10,theory(equality)])).
cnf(c_0_141,plain,(additive_inverse(add(X2,X1))=add(additive_inverse(X1),additive_inverse(X2))),inference(pm,[status(thm)],[c_0_92,c_0_10,theory(equality)])).
cnf(c_0_142,plain,(multiply(X1,multiply(additive_identity,additive_identity))=additive_identity),inference(pm,[status(thm)],[c_0_4,c_0_12,theory(equality)])).
cnf(c_0_143,plain,(multiply(multiply(X1,multiply(X2,X2)),X2)=multiply(multiply(X1,X2),multiply(X2,X2))),inference(pm,[status(thm)],[c_0_12,c_0_12,theory(equality)])).
cnf(c_0_144,plain,(multiply(additive_identity,X1)=multiply(additive_identity,multiply(X1,X1))),inference(pm,[status(thm)],[c_0_12,c_0_3,theory(equality)])).
cnf(c_0_145,plain,(multiply(additive_identity,additive_identity)=multiply(X1,multiply(additive_identity,additive_identity))),inference(pm,[status(thm)],[c_0_12,c_0_4,theory(equality)])).
cnf(c_0_146,negated_conjecture,($false),inference(cn,[status(thm)],[c_0_17, theory(equality,[symmetry])])).
cnf(c_0_147,negated_conjecture,($false), c_0_146,['proof']).

# Proof found!
# SZS status Unsatisfiable
# SZS output start CNFRefutation.
cnf(c_0_0,axiom,(associator(X1,X2,X3)=add(multiply(multiply(X1,X2),X3),additive_inverse(multiply(X1,multiply(X2,X3))))), file('Axioms/RNG003-0.ax', associator)).
cnf(c_0_1,negated_conjecture,(associator(x,y,y)!=additive_identity), file('<stdin>', prove_right_alternative)).
cnf(c_0_2,axiom,(multiply(multiply(X1,X2),X2)=multiply(X1,multiply(X2,X2))), file('Axioms/RNG003-0.ax', right_alternative)).
cnf(c_0_3,axiom,(add(X1,additive_inverse(X1))=additive_identity), file('Axioms/RNG003-0.ax', right_additive_inverse)).
cnf(c_0_4,axiom,(add(multiply(multiply(X1,X2),X3),additive_inverse(multiply(X1,multiply(X2,X3))))=associator(X1,X2,X3)), c_0_0).
cnf(c_0_5,negated_conjecture,(add(multiply(multiply(x,y),y),additive_inverse(multiply(x,multiply(y,y))))!=additive_identity), inference(rw,[status(thm)],[c_0_1, c_0_4, theory(equality)])).
cnf(c_0_6,axiom,(multiply(multiply(X1,X2),X2)=multiply(X1,multiply(X2,X2))), c_0_2).
cnf(c_0_7,axiom,(add(X1,additive_inverse(X1))=additive_identity), c_0_3).
cnf(c_0_8,negated_conjecture,(add(multiply(multiply(x,y),y),additive_inverse(multiply(x,multiply(y,y))))!=additive_identity), c_0_5).
cnf(c_0_9,plain,(multiply(multiply(X1,X2),X2)=multiply(X1,multiply(X2,X2))), c_0_6).
cnf(c_0_10,plain,(add(X1,additive_inverse(X1))=additive_identity), c_0_7).
cnf(c_0_11,negated_conjecture,($false), inference(cn,[status(thm)],[inference(rw,[status(thm)],[inference(rw,[status(thm)],[c_0_8, c_0_9, theory(equality)]), c_0_10, theory(equality)]), theory(equality,[symmetry])]), ['proof']).
# SZS output end CNFRefutation.
# Parsed axioms                        : 16
# Removed by relevancy pruning/SinE    : 0
# Initial clauses                      : 16
# Removed in clause preprocessing      : 2
# Initial clauses in saturation        : 14
# Processed clauses                    : 29
# ...of these trivial                  : 6
# ...subsumed                          : 4
# ...remaining for further processing  : 19
# Other redundant clauses eliminated   : 0
# Clauses deleted for lack of memory   : 0
# Backward-subsumed                    : 0
# Backward-rewritten                   : 4
# Generated clauses                    : 128
# ...of the previous two non-trivial   : 52
# Contextual simplify-reflections      : 0
# Paramodulations                      : 128
# Factorizations                       : 0
# Equation resolutions                 : 0
# Current number of processed clauses  : 15
#    Positive orientable unit clauses  : 14
#    Positive unorientable unit clauses: 1
#    Negative unit clauses             : 0
#    Non-unit-clauses                  : 0
# Current number of unprocessed clauses: 24
# ...number of literals in the above   : 24
# Clause-clause subsumption calls (NU) : 0
# Rec. Clause-clause subsumption calls : 0
# Non-unit clause-clause subsumptions  : 0
# Unit Clause-clause subsumption calls : 0
# Rewrite failures with RHS unbound    : 0
# BW rewrite match attempts            : 16
# BW rewrite match successes           : 13
# Condensation attempts                : 0
# Condensation successes               : 0
