% Problem    : SYO591-1 : TPTP v6.1.0. Bugfixed v5.5.1.
% Command    : eprover --auto-schedule --tstp-format -s --proof-object --memory-limit=2048 --cpu-limit=%d %s
% Computer   : n100.star.cs.uiowa.edu
% Model      : x86_64 x86_64
% CPU        : Intel(R) Xeon(R) CPU E5-2609 0 @ 2.40GHz
% Memory     : 32286.75MB
% OS         : Linux 2.6.32-431.20.3.el6.x86_64
% CPULimit   : 300
% DateTime   : Sun Jul 20 04:13:26 CDT 2014
% CPUTime    : 
# No SInE strategy applied
# Trying AutoSched0 for 151 seconds
# AutoSched0-Mode selected heuristic G_E___092_C01_F1_AE_CS_SP_PS_CO_S0Y
# and selection function SelectMaxLComplexAvoidPosPred.
#
# Presaturation interreduction done

# Proof found!
# SZS status Unsatisfiable
# SZS output start CNFRefutation.
cnf(c_0_0,axiom,(~esk209_23(X1,X2,X3,X4,X5,X6,X7,X8,X9,X10,X11,X12,X13,X14,X15,X16,X17,X18,X19,X20,X21,X22,X23)|~esk175_20(X1,X2,X3,X4,X5,X6,X7,X8,X9,X10,X11,X12,X13,X14,X15,X16,X17,X18,X19,X20)), file('/export/starexec/sandbox/benchmark/theBenchmark.p', i_0_150)).
cnf(c_0_1,axiom,(esk209_23(X1,X2,X3,X4,X5,X6,X7,X8,X9,X10,X11,X12,X13,X14,X15,X16,X17,X18,X19,X20,X21,X22,X23)|~esk171_20(X1,X2,X3,X4,X5,X6,X7,X8,X9,X10,X11,X12,X13,X14,X15,X16,X17,X18,X19,X20)|~esk208_23(X1,X2,X3,X4,X5,X6,X7,X8,X9,X10,X11,X12,X13,X14,X15,X16,X17,X18,X19,X20,X21,X22,X23)), file('/export/starexec/sandbox/benchmark/theBenchmark.p', i_0_215)).
cnf(c_0_2,axiom,(esk167_20(X1,X2,X3,X4,X5,X6,X7,X8,X9,X10,X11,X12,X13,X14,X15,X16,X17,X18,X19,X20)|~esk228_23(X1,X2,X3,X4,X5,X6,X7,X8,X9,X10,X11,X12,X13,X14,X15,X16,X17,X18,X19,X20,X21,X22,X23)|~esk229_23(X1,X2,X3,X4,X5,X6,X7,X8,X9,X10,X11,X12,X13,X14,X15,X16,X17,X18,X19,X20,X21,X22,X23)|~esk230_23(X1,X2,X3,X4,X5,X6,X7,X8,X9,X10,X11,X12,X13,X14,X15,X16,X17,X18,X19,X20,X21,X22,X23)|~esk227_23(X1,X2,X3,X4,X5,X6,X7,X8,X9,X10,X11,X12,X13,X14,X15,X16,X17,X18,X19,X20,X21,X22,X23)), file('/export/starexec/sandbox/benchmark/theBenchmark.p', i_0_892)).
cnf(c_0_3,axiom,(p(X1)|esk229_23(X2,X3,X4,X5,X6,X7,X8,X9,X10,X11,X12,X13,X14,X15,X16,X17,X18,X19,X20,X1,X21,X22,X23)), file('/export/starexec/sandbox/benchmark/theBenchmark.p', i_0_1119)).
cnf(c_0_4,axiom,(esk228_23(X1,X2,X3,X4,X5,X6,X7,X8,X9,X10,X11,X12,X13,X14,X15,X16,X17,X18,X19,X20,X21,X22,X23)|p(X20)), file('/export/starexec/sandbox/benchmark/theBenchmark.p', i_0_1001)).
cnf(c_0_5,axiom,(esk227_23(X1,X2,X3,X4,X5,X6,X7,X8,X9,X10,X11,X12,X13,X14,X15,X16,X17,X18,X19,X20,X21,X22,X23)|p(X20)), file('/export/starexec/sandbox/benchmark/theBenchmark.p', i_0_188)).
cnf(c_0_6,axiom,(esk230_23(X1,X2,X3,X4,X5,X6,X7,X8,X9,X10,X11,X12,X13,X14,X15,X16,X17,X18,X19,X20,X21,X22,X23)|p(X20)), file('/export/starexec/sandbox/benchmark/theBenchmark.p', i_0_532)).
cnf(c_0_7,axiom,(esk208_23(X1,X2,X3,X4,X5,X6,X7,X8,X9,X10,X11,X12,X13,X14,X15,X16,X17,X18,X19,X20,X21,X22,X23)|esk189_22(X1,X2,X3,X4,X5,X6,X7,X8,X9,X10,X11,X12,X13,X14,X15,X16,X17,X18,X19,X20,X21,X22)|~esk192_22(X1,X2,X3,X4,X5,X6,X7,X8,X9,X10,X11,X12,X13,X14,X15,X16,X17,X18,X19,X20,X21,X22)), file('/export/starexec/sandbox/benchmark/theBenchmark.p', i_0_744)).
cnf(c_0_8,axiom,(~esk211_23(X1,X2,X3,X4,X5,X6,X7,X8,X9,X10,X11,X12,X13,X14,X15,X16,X17,X18,X19,X20,X21,X22,X23)|~p(X21)|~p(X22)|~esk175_20(X1,X2,X3,X4,X5,X6,X7,X8,X9,X10,X11,X12,X13,X14,X15,X16,X17,X18,X19,X20)), file('/export/starexec/sandbox/benchmark/theBenchmark.p', i_0_414)).
cnf(c_0_9,axiom,(esk211_23(X1,X2,X3,X4,X5,X6,X7,X8,X9,X10,X11,X12,X13,X14,X15,X16,X17,X18,X19,X20,X21,X22,X23)|~esk187_22(X1,X2,X3,X4,X5,X6,X7,X8,X9,X10,X11,X12,X13,X14,X15,X16,X17,X18,X19,X20,X21,X22)), file('/export/starexec/sandbox/benchmark/theBenchmark.p', i_0_1023)).
cnf(c_0_10,axiom,(~p(X1)|~esk202_23(X2,X3,X4,X5,X6,X7,X8,X9,X10,X11,X12,X13,X14,X15,X16,X17,X18,X19,X20,X21,X1,X22,X23)|~p(X22)), file('/export/starexec/sandbox/benchmark/theBenchmark.p', i_0_545)).
cnf(c_0_11,axiom,(esk190_22(X1,X2,X3,X4,X5,X6,X7,X8,X9,X10,X11,X12,X13,X14,X15,X16,X17,X18,X19,X20,X21,X22)|esk202_23(X1,X2,X3,X4,X5,X6,X7,X8,X9,X10,X11,X12,X13,X14,X15,X16,X17,X18,X19,X20,X21,X22,X23)|~esk196_22(X1,X2,X3,X4,X5,X6,X7,X8,X9,X10,X11,X12,X13,X14,X15,X16,X17,X18,X19,X20,X21,X22)), file('/export/starexec/sandbox/benchmark/theBenchmark.p', i_0_1026)).
cnf(c_0_12,axiom,(p(X18)|~esk213_23(X1,X2,X3,X4,X5,X6,X7,X8,X9,X10,X11,X12,X13,X14,X15,X16,X17,X18,X19,X20,X21,X22,X23)|~p(X20)|~p(X19)), file('/export/starexec/sandbox/benchmark/theBenchmark.p', i_0_152)).
cnf(c_0_13,axiom,(esk170_20(X1,X2,X3,X4,X5,X6,X7,X8,X9,X10,X11,X12,X13,X14,X15,X16,X17,X18,X19,X20)|esk213_23(X1,X2,X3,X4,X5,X6,X7,X8,X9,X10,X11,X12,X13,X14,X15,X16,X17,X18,X19,X20,X21,X22,X23)|~esk183_20(X1,X2,X3,X4,X5,X6,X7,X8,X9,X10,X11,X12,X13,X14,X15,X16,X17,X18,X19,X20)), file('/export/starexec/sandbox/benchmark/theBenchmark.p', i_0_626)).
cnf(c_0_14,axiom,(p(X18)|~esk229_23(X1,X2,X3,X4,X5,X6,X7,X8,X9,X10,X11,X12,X13,X14,X15,X16,X17,X18,X19,X20,X21,X22,X23)|~esk152_17(X1,X2,X3,X4,X5,X6,X7,X8,X9,X10,X11,X12,X13,X14,X15,X16,X17)|~p(X19)|~p(X20)), file('/export/starexec/sandbox/benchmark/theBenchmark.p', i_0_44)).
cnf(c_0_15,axiom,(esk229_23(X1,X2,X3,X4,X5,X6,X7,X8,X9,X10,X11,X12,X13,X14,X15,X16,X17,X18,X19,X20,X21,X22,X23)|~esk167_20(X1,X2,X3,X4,X5,X6,X7,X8,X9,X10,X11,X12,X13,X14,X15,X16,X17,X18,X19,X20)), file('/export/starexec/sandbox/benchmark/theBenchmark.p', i_0_498)).
cnf(c_0_16,axiom,(esk166_17(X1,X2,X3,X4,X5,X6,X7,X8,X9,X10,X11,X12,X13,X14,X15,X16,X17)|~esk167_20(X1,X2,X3,X4,X5,X6,X7,X8,X9,X10,X11,X12,X13,X14,X15,X16,X17,X18,X19,X20)), file('/export/starexec/sandbox/benchmark/theBenchmark.p', i_0_651)).
cnf(c_0_17,axiom,(esk192_22(X1,X2,X3,X4,X5,X6,X7,X8,X9,X10,X11,X12,X13,X14,X15,X16,X17,X18,X19,X20,X21,X22)|~esk188_22(X1,X2,X3,X4,X5,X6,X7,X8,X9,X10,X11,X12,X13,X14,X15,X16,X17,X18,X19,X20,X21,X22)), file('/export/starexec/sandbox/benchmark/theBenchmark.p', i_0_794)).
cnf(c_0_18,axiom,(esk187_22(X1,X2,X3,X4,X5,X6,X7,X8,X9,X10,X11,X12,X13,X14,X15,X16,X17,X18,X19,X20,X21,X22)|esk188_22(X1,X2,X3,X4,X5,X6,X7,X8,X9,X10,X11,X12,X13,X14,X15,X16,X17,X18,X19,X20,X21,X22)|~esk186_20(X1,X2,X3,X4,X5,X6,X7,X8,X9,X10,X11,X12,X13,X14,X15,X16,X17,X18,X19,X20)), file('/export/starexec/sandbox/benchmark/theBenchmark.p', i_0_277)).
cnf(c_0_19,axiom,(esk196_22(X1,X2,X3,X4,X5,X6,X7,X8,X9,X10,X11,X12,X13,X14,X15,X16,X17,X18,X19,X20,X21,X22)|~esk188_22(X1,X2,X3,X4,X5,X6,X7,X8,X9,X10,X11,X12,X13,X14,X15,X16,X17,X18,X19,X20,X21,X22)), file('/export/starexec/sandbox/benchmark/theBenchmark.p', i_0_131)).
cnf(c_0_20,axiom,(esk187_22(X1,X2,X3,X4,X5,X6,X7,X8,X9,X10,X11,X12,X13,X14,X15,X16,X17,X18,X19,X20,X21,X22)|~esk210_23(X1,X2,X3,X4,X5,X6,X7,X8,X9,X10,X11,X12,X13,X14,X15,X16,X17,X18,X19,X20,X21,X22,X23)|~esk211_23(X1,X2,X3,X4,X5,X6,X7,X8,X9,X10,X11,X12,X13,X14,X15,X16,X17,X18,X19,X20,X21,X22,X23)), file('/export/starexec/sandbox/benchmark/theBenchmark.p', i_0_297)).
cnf(c_0_21,axiom,(esk211_23(X1,X2,X3,X4,X5,X6,X7,X8,X9,X10,X11,X12,X13,X14,X15,X16,X17,X18,X19,X20,X21,X22,X23)|p(X21)), file('/export/starexec/sandbox/benchmark/theBenchmark.p', i_0_499)).
cnf(c_0_22,axiom,(~esk150_17(X1,X2,X3,X4,X5,X6,X7,X8,X9,X10,X11,X12,X13,X14,X15,X16,X17)|~esk222_23(X1,X2,X3,X4,X5,X6,X7,X8,X9,X10,X11,X12,X13,X14,X15,X16,X17,X18,X19,X20,X21,X22,X23)), file('/export/starexec/sandbox/benchmark/theBenchmark.p', i_0_137)).
cnf(c_0_23,axiom,(esk222_23(X1,X2,X3,X4,X5,X6,X7,X8,X9,X10,X11,X12,X13,X14,X15,X16,X17,X18,X19,X20,X21,X22,X23)|~esk221_23(X1,X2,X3,X4,X5,X6,X7,X8,X9,X10,X11,X12,X13,X14,X15,X16,X17,X18,X19,X20,X21,X22,X23)|~esk146_17(X1,X2,X3,X4,X5,X6,X7,X8,X9,X10,X11,X12,X13,X14,X15,X16,X17)), file('/export/starexec/sandbox/benchmark/theBenchmark.p', i_0_1009)).
cnf(c_0_24,axiom,(~esk226_23(X1,X2,X3,X4,X5,X6,X7,X8,X9,X10,X11,X12,X13,X14,X15,X16,X17,X18,X19,X20,X21,X22,X23)|~esk152_17(X1,X2,X3,X4,X5,X6,X7,X8,X9,X10,X11,X12,X13,X14,X15,X16,X17)), file('/export/starexec/sandbox/benchmark/theBenchmark.p', i_0_948)).
cnf(c_0_25,axiom,(esk226_23(X1,X2,X3,X4,X5,X6,X7,X8,X9,X10,X11,X12,X13,X14,X15,X16,X17,X18,X19,X20,X21,X22,X23)|~esk144_17(X1,X2,X3,X4,X5,X6,X7,X8,X9,X10,X11,X12,X13,X14,X15,X16,X17)|~esk225_23(X1,X2,X3,X4,X5,X6,X7,X8,X9,X10,X11,X12,X13,X14,X15,X16,X17,X18,X19,X20,X21,X22,X23)), file('/export/starexec/sandbox/benchmark/theBenchmark.p', i_0_809)).
cnf(c_0_26,axiom,(esk183_20(X1,X2,X3,X4,X5,X6,X7,X8,X9,X10,X11,X12,X13,X14,X15,X16,X17,X18,X19,X20)|~esk168_20(X1,X2,X3,X4,X5,X6,X7,X8,X9,X10,X11,X12,X13,X14,X15,X16,X17,X18,X19,X20)), file('/export/starexec/sandbox/benchmark/theBenchmark.p', i_0_1017)).
cnf(c_0_27,axiom,(esk167_20(X1,X2,X3,X4,X5,X6,X7,X8,X9,X10,X11,X12,X13,X14,X15,X16,X17,X18,X19,X20)|esk168_20(X1,X2,X3,X4,X5,X6,X7,X8,X9,X10,X11,X12,X13,X14,X15,X16,X17,X18,X19,X20)|~esk166_17(X1,X2,X3,X4,X5,X6,X7,X8,X9,X10,X11,X12,X13,X14,X15,X16,X17)), file('/export/starexec/sandbox/benchmark/theBenchmark.p', i_0_81)).
cnf(c_0_28,axiom,(esk144_17(X1,X2,X3,X4,X5,X6,X7,X8,X9,X10,X11,X12,X13,X14,X15,X16,X17)|~esk234_23(X1,X2,X3,X4,X5,X6,X7,X8,X9,X10,X11,X12,X13,X14,X15,X16,X17,X18,X19,X20,X21,X22,X23)), file('/export/starexec/sandbox/benchmark/theBenchmark.p', i_0_649)).
cnf(c_0_29,axiom,(esk234_23(X1,X2,X3,X4,X5,X6,X7,X8,X9,X10,X11,X12,X13,X14,X15,X16,X17,X18,X19,X20,X21,X22,X23)|esk233_23(X1,X2,X3,X4,X5,X6,X7,X8,X9,X10,X11,X12,X13,X14,X15,X16,X17,X18,X19,X20,X21,X22,X23)|~esk162_17(X1,X2,X3,X4,X5,X6,X7,X8,X9,X10,X11,X12,X13,X14,X15,X16,X17)), file('/export/starexec/sandbox/benchmark/theBenchmark.p', i_0_1086)).
cnf(c_0_30,axiom,(esk197_22(X1,X2,X3,X4,X5,X6,X7,X8,X9,X10,X11,X12,X13,X14,X15,X16,X17,X18,X19,X20,X21,X22)|~esk188_22(X1,X2,X3,X4,X5,X6,X7,X8,X9,X10,X11,X12,X13,X14,X15,X16,X17,X18,X19,X20,X21,X22)), file('/export/starexec/sandbox/benchmark/theBenchmark.p', i_0_18)).
cnf(c_0_31,axiom,(esk210_23(X1,X2,X3,X4,X5,X6,X7,X8,X9,X10,X11,X12,X13,X14,X15,X16,X17,X18,X19,X20,X21,X22,X23)|p(X22)), file('/export/starexec/sandbox/benchmark/theBenchmark.p', i_0_738)).
cnf(c_0_32,axiom,(esk221_23(X1,X2,X3,X4,X5,X6,X7,X8,X9,X10,X11,X12,X13,X14,X15,X16,X17,X18,X19,X20,X21,X22,X23)|esk171_20(X1,X2,X3,X4,X5,X6,X7,X8,X9,X10,X11,X12,X13,X14,X15,X16,X17,X18,X19,X20)|~esk178_20(X1,X2,X3,X4,X5,X6,X7,X8,X9,X10,X11,X12,X13,X14,X15,X16,X17,X18,X19,X20)), file('/export/starexec/sandbox/benchmark/theBenchmark.p', i_0_1094)).
cnf(c_0_33,axiom,(p(X1)|p(X20)|~p(X2)|~esk150_17(X3,X4,X5,X6,X7,X8,X9,X10,X11,X12,X13,X14,X15,X16,X17,X18,X19)|~esk227_23(X3,X4,X5,X6,X7,X8,X9,X10,X11,X12,X13,X14,X15,X16,X17,X18,X19,X20,X1,X2,X21,X22,X23)), file('/export/starexec/sandbox/benchmark/theBenchmark.p', i_0_517)).
cnf(c_0_34,axiom,(esk227_23(X1,X2,X3,X4,X5,X6,X7,X8,X9,X10,X11,X12,X13,X14,X15,X16,X17,X18,X19,X20,X21,X22,X23)|~esk167_20(X1,X2,X3,X4,X5,X6,X7,X8,X9,X10,X11,X12,X13,X14,X15,X16,X17,X18,X19,X20)), file('/export/starexec/sandbox/benchmark/theBenchmark.p', i_0_284)).
cnf(c_0_35,axiom,(~esk216_23(X1,X2,X3,X4,X5,X6,X7,X8,X9,X10,X11,X12,X13,X14,X15,X16,X17,X18,X19,X20,X21,X22,X23)|~esk150_17(X1,X2,X3,X4,X5,X6,X7,X8,X9,X10,X11,X12,X13,X14,X15,X16,X17)), file('/export/starexec/sandbox/benchmark/theBenchmark.p', i_0_856)).
cnf(c_0_36,axiom,(esk216_23(X1,X2,X3,X4,X5,X6,X7,X8,X9,X10,X11,X12,X13,X14,X15,X16,X17,X18,X19,X20,X21,X22,X23)|~esk149_17(X1,X2,X3,X4,X5,X6,X7,X8,X9,X10,X11,X12,X13,X14,X15,X16,X17)|~esk215_23(X1,X2,X3,X4,X5,X6,X7,X8,X9,X10,X11,X12,X13,X14,X15,X16,X17,X18,X19,X20,X21,X22,X23)), file('/export/starexec/sandbox/benchmark/theBenchmark.p', i_0_966)).
cnf(c_0_37,axiom,(esk152_17(X1,X2,X3,X4,X5,X6,X7,X8,X9,X10,X11,X12,X13,X14,X15,X16,X17)|esk146_17(X1,X2,X3,X4,X5,X6,X7,X8,X9,X10,X11,X12,X13,X14,X15,X16,X17)|~esk251_23(X1,X2,X3,X4,X5,X6,X7,X8,X9,X10,X11,X12,X13,X14,X15,X16,X17,X18,X19,X20,X21,X22,X23)), file('/export/starexec/sandbox/benchmark/theBenchmark.p', i_0_619)).
cnf(c_0_38,axiom,(esk251_23(X1,X2,X3,X4,X5,X6,X7,X8,X9,X10,X11,X12,X13,X14,X15,X16,X17,X18,X19,X20,X21,X22,X23)|~esk247_23(X1,X2,X3,X4,X5,X6,X7,X8,X9,X10,X11,X12,X13,X14,X15,X16,X17,X18,X19,X20,X21,X22,X23)), file('/export/starexec/sandbox/benchmark/theBenchmark.p', i_0_533)).
cnf(c_0_39,axiom,(esk225_23(X1,X2,X3,X4,X5,X6,X7,X8,X9,X10,X11,X12,X13,X14,X15,X16,X17,X18,X19,X20,X21,X22,X23)|esk169_20(X1,X2,X3,X4,X5,X6,X7,X8,X9,X10,X11,X12,X13,X14,X15,X16,X17,X18,X19,X20)|~esk176_20(X1,X2,X3,X4,X5,X6,X7,X8,X9,X10,X11,X12,X13,X14,X15,X16,X17,X18,X19,X20)), file('/export/starexec/sandbox/benchmark/theBenchmark.p', i_0_726)).
cnf(c_0_40,axiom,(esk185_20(X1,X2,X3,X4,X5,X6,X7,X8,X9,X10,X11,X12,X13,X14,X15,X16,X17,X18,X19,X20)|~esk168_20(X1,X2,X3,X4,X5,X6,X7,X8,X9,X10,X11,X12,X13,X14,X15,X16,X17,X18,X19,X20)), file('/export/starexec/sandbox/benchmark/theBenchmark.p', i_0_29)).
cnf(c_0_41,axiom,(p(X16)|~esk233_23(X1,X2,X3,X4,X5,X6,X7,X8,X9,X10,X11,X12,X13,X14,X15,X16,X17,X18,X19,X20,X21,X22,X23)|~p(X15)|~p(X17)), file('/export/starexec/sandbox/benchmark/theBenchmark.p', i_0_456)).
cnf(c_0_42,axiom,(p(X17)|~p(X1)|~esk124_14(X2,X3,X4,X5,X6,X7,X8,X9,X10,X11,X12,X13,X14,X15)|~p(X16)|~esk257_23(X2,X3,X4,X5,X6,X7,X8,X9,X10,X11,X12,X13,X14,X15,X16,X17,X1,X18,X19,X20,X21,X22,X23)), file('/export/starexec/sandbox/benchmark/theBenchmark.p', i_0_675)).
cnf(c_0_43,axiom,(esk257_23(X1,X2,X3,X4,X5,X6,X7,X8,X9,X10,X11,X12,X13,X14,X15,X16,X17,X18,X19,X20,X21,X22,X23)|~esk140_17(X1,X2,X3,X4,X5,X6,X7,X8,X9,X10,X11,X12,X13,X14,X15,X16,X17)), file('/export/starexec/sandbox/benchmark/theBenchmark.p', i_0_667)).
cnf(c_0_44,axiom,(esk140_17(X1,X2,X3,X4,X5,X6,X7,X8,X9,X10,X11,X12,X13,X14,X15,X16,X17)|~esk258_23(X1,X2,X3,X4,X5,X6,X7,X8,X9,X10,X11,X12,X13,X14,X15,X16,X17,X18,X19,X20,X21,X22,X23)|~esk259_23(X1,X2,X3,X4,X5,X6,X7,X8,X9,X10,X11,X12,X13,X14,X15,X16,X17,X18,X19,X20,X21,X22,X23)|~esk255_23(X1,X2,X3,X4,X5,X6,X7,X8,X9,X10,X11,X12,X13,X14,X15,X16,X17,X18,X19,X20,X21,X22,X23)|~esk257_23(X1,X2,X3,X4,X5,X6,X7,X8,X9,X10,X11,X12,X13,X14,X15,X16,X17,X18,X19,X20,X21,X22,X23)|~esk256_23(X1,X2,X3,X4,X5,X6,X7,X8,X9,X10,X11,X12,X13,X14,X15,X16,X17,X18,X19,X20,X21,X22,X23)), file('/export/starexec/sandbox/benchmark/theBenchmark.p', i_0_184)).
cnf(c_0_45,axiom,(p(X1)|esk257_23(X2,X3,X4,X5,X6,X7,X8,X9,X10,X11,X12,X13,X14,X15,X16,X17,X1,X18,X19,X20,X21,X22,X23)), file('/export/starexec/sandbox/benchmark/theBenchmark.p', i_0_870)).
cnf(c_0_46,axiom,(esk259_23(X1,X2,X3,X4,X5,X6,X7,X8,X9,X10,X11,X12,X13,X14,X15,X16,X17,X18,X19,X20,X21,X22,X23)|p(X17)), file('/export/starexec/sandbox/benchmark/theBenchmark.p', i_0_132)).
cnf(c_0_47,axiom,(p(X1)|esk256_23(X2,X3,X4,X5,X6,X7,X8,X9,X10,X11,X12,X13,X14,X15,X16,X17,X1,X18,X19,X20,X21,X22,X23)), file('/export/starexec/sandbox/benchmark/theBenchmark.p', i_0_837)).
cnf(c_0_48,axiom,(esk258_23(X1,X2,X3,X4,X5,X6,X7,X8,X9,X10,X11,X12,X13,X14,X15,X16,X17,X18,X19,X20,X21,X22,X23)|p(X17)), file('/export/starexec/sandbox/benchmark/theBenchmark.p', i_0_973)).
cnf(c_0_49,axiom,(~esk190_22(X1,X2,X3,X4,X5,X6,X7,X8,X9,X10,X11,X12,X13,X14,X15,X16,X17,X18,X19,X20,X21,X22)|~esk197_22(X1,X2,X3,X4,X5,X6,X7,X8,X9,X10,X11,X12,X13,X14,X15,X16,X17,X18,X19,X20,X21,X22)|~esk189_22(X1,X2,X3,X4,X5,X6,X7,X8,X9,X10,X11,X12,X13,X14,X15,X16,X17,X18,X19,X20,X21,X22)), file('/export/starexec/sandbox/benchmark/theBenchmark.p', i_0_295)).
cnf(c_0_50,axiom,(esk186_20(X1,X2,X3,X4,X5,X6,X7,X8,X9,X10,X11,X12,X13,X14,X15,X16,X17,X18,X19,X20)|~esk187_22(X1,X2,X3,X4,X5,X6,X7,X8,X9,X10,X11,X12,X13,X14,X15,X16,X17,X18,X19,X20,X21,X22)), file('/export/starexec/sandbox/benchmark/theBenchmark.p', i_0_774)).
cnf(c_0_51,axiom,(esk178_20(X1,X2,X3,X4,X5,X6,X7,X8,X9,X10,X11,X12,X13,X14,X15,X16,X17,X18,X19,X20)|~esk168_20(X1,X2,X3,X4,X5,X6,X7,X8,X9,X10,X11,X12,X13,X14,X15,X16,X17,X18,X19,X20)), file('/export/starexec/sandbox/benchmark/theBenchmark.p', i_0_643)).
cnf(c_0_52,axiom,(esk175_20(X1,X2,X3,X4,X5,X6,X7,X8,X9,X10,X11,X12,X13,X14,X15,X16,X17,X18,X19,X20)|esk215_23(X1,X2,X3,X4,X5,X6,X7,X8,X9,X10,X11,X12,X13,X14,X15,X16,X17,X18,X19,X20,X21,X22,X23)|~esk181_20(X1,X2,X3,X4,X5,X6,X7,X8,X9,X10,X11,X12,X13,X14,X15,X16,X17,X18,X19,X20)), file('/export/starexec/sandbox/benchmark/theBenchmark.p', i_0_1035)).
cnf(c_0_53,axiom,(~esk252_23(X1,X2,X3,X4,X5,X6,X7,X8,X9,X10,X11,X12,X13,X14,X15,X16,X17,X18,X19,X20,X21,X22,X23)|~esk124_14(X1,X2,X3,X4,X5,X6,X7,X8,X9,X10,X11,X12,X13,X14)), file('/export/starexec/sandbox/benchmark/theBenchmark.p', i_0_1112)).
cnf(c_0_54,axiom,(esk252_23(X1,X2,X3,X4,X5,X6,X7,X8,X9,X10,X11,X12,X13,X14,X15,X16,X17,X18,X19,X20,X21,X22,X23)|~esk116_14(X1,X2,X3,X4,X5,X6,X7,X8,X9,X10,X11,X12,X13,X14)|~esk246_23(X1,X2,X3,X4,X5,X6,X7,X8,X9,X10,X11,X12,X13,X14,X15,X16,X17,X18,X19,X20,X21,X22,X23)), file('/export/starexec/sandbox/benchmark/theBenchmark.p', i_0_641)).
cnf(c_0_55,axiom,(esk247_23(X1,X2,X3,X4,X5,X6,X7,X8,X9,X10,X11,X12,X13,X14,X15,X16,X17,X18,X19,X20,X21,X22,X23)|esk246_23(X1,X2,X3,X4,X5,X6,X7,X8,X9,X10,X11,X12,X13,X14,X15,X16,X17,X18,X19,X20,X21,X22,X23)|~esk155_17(X1,X2,X3,X4,X5,X6,X7,X8,X9,X10,X11,X12,X13,X14,X15,X16,X17)), file('/export/starexec/sandbox/benchmark/theBenchmark.p', i_0_1050)).
cnf(c_0_56,axiom,(esk176_20(X1,X2,X3,X4,X5,X6,X7,X8,X9,X10,X11,X12,X13,X14,X15,X16,X17,X18,X19,X20)|~esk168_20(X1,X2,X3,X4,X5,X6,X7,X8,X9,X10,X11,X12,X13,X14,X15,X16,X17,X18,X19,X20)), file('/export/starexec/sandbox/benchmark/theBenchmark.p', i_0_85)).
cnf(c_0_57,axiom,(~esk185_20(X1,X2,X3,X4,X5,X6,X7,X8,X9,X10,X11,X12,X13,X14,X15,X16,X17,X18,X19,X20)|~esk169_20(X1,X2,X3,X4,X5,X6,X7,X8,X9,X10,X11,X12,X13,X14,X15,X16,X17,X18,X19,X20)|~esk170_20(X1,X2,X3,X4,X5,X6,X7,X8,X9,X10,X11,X12,X13,X14,X15,X16,X17,X18,X19,X20)), file('/export/starexec/sandbox/benchmark/theBenchmark.p', i_0_94)).
cnf(c_0_58,axiom,(esk162_17(X1,X2,X3,X4,X5,X6,X7,X8,X9,X10,X11,X12,X13,X14,X15,X16,X17)|~esk141_17(X1,X2,X3,X4,X5,X6,X7,X8,X9,X10,X11,X12,X13,X14,X15,X16,X17)), file('/export/starexec/sandbox/benchmark/theBenchmark.p', i_0_16)).
cnf(c_0_59,axiom,(esk140_17(X1,X2,X3,X4,X5,X6,X7,X8,X9,X10,X11,X12,X13,X14,X15,X16,X17)|esk141_17(X1,X2,X3,X4,X5,X6,X7,X8,X9,X10,X11,X12,X13,X14,X15,X16,X17)|~esk139_14(X1,X2,X3,X4,X5,X6,X7,X8,X9,X10,X11,X12,X13,X14)), file('/export/starexec/sandbox/benchmark/theBenchmark.p', i_0_97)).
cnf(c_0_60,axiom,(esk255_23(X1,X2,X3,X4,X5,X6,X7,X8,X9,X10,X11,X12,X13,X14,X15,X16,X17,X18,X19,X20,X21,X22,X23)|p(X16)), file('/export/starexec/sandbox/benchmark/theBenchmark.p', i_0_810)).
cnf(c_0_61,axiom,(esk150_17(X1,X2,X3,X4,X5,X6,X7,X8,X9,X10,X11,X12,X13,X14,X15,X16,X17)|~esk247_23(X1,X2,X3,X4,X5,X6,X7,X8,X9,X10,X11,X12,X13,X14,X15,X16,X17,X18,X19,X20,X21,X22,X23)), file('/export/starexec/sandbox/benchmark/theBenchmark.p', i_0_22)).
cnf(c_0_62,axiom,(esk142_17(X1,X2,X3,X4,X5,X6,X7,X8,X9,X10,X11,X12,X13,X14,X15,X16,X17)|esk149_17(X1,X2,X3,X4,X5,X6,X7,X8,X9,X10,X11,X12,X13,X14,X15,X16,X17)|~esk248_23(X1,X2,X3,X4,X5,X6,X7,X8,X9,X10,X11,X12,X13,X14,X15,X16,X17,X18,X19,X20,X21,X22,X23)), file('/export/starexec/sandbox/benchmark/theBenchmark.p', i_0_1134)).
cnf(c_0_63,axiom,(esk248_23(X1,X2,X3,X4,X5,X6,X7,X8,X9,X10,X11,X12,X13,X14,X15,X16,X17,X18,X19,X20,X21,X22,X23)|~esk247_23(X1,X2,X3,X4,X5,X6,X7,X8,X9,X10,X11,X12,X13,X14,X15,X16,X17,X18,X19,X20,X21,X22,X23)), file('/export/starexec/sandbox/benchmark/theBenchmark.p', i_0_158)).
cnf(c_0_64,axiom,(esk181_20(X1,X2,X3,X4,X5,X6,X7,X8,X9,X10,X11,X12,X13,X14,X15,X16,X17,X18,X19,X20)|~esk168_20(X1,X2,X3,X4,X5,X6,X7,X8,X9,X10,X11,X12,X13,X14,X15,X16,X17,X18,X19,X20)), file('/export/starexec/sandbox/benchmark/theBenchmark.p', i_0_1072)).
cnf(c_0_65,axiom,(esk139_14(X1,X2,X3,X4,X5,X6,X7,X8,X9,X10,X11,X12,X13,X14)|~esk140_17(X1,X2,X3,X4,X5,X6,X7,X8,X9,X10,X11,X12,X13,X14,X15,X16,X17)), file('/export/starexec/sandbox/benchmark/theBenchmark.p', i_0_53)).
cnf(c_0_66,axiom,(esk155_17(X1,X2,X3,X4,X5,X6,X7,X8,X9,X10,X11,X12,X13,X14,X15,X16,X17)|~esk141_17(X1,X2,X3,X4,X5,X6,X7,X8,X9,X10,X11,X12,X13,X14,X15,X16,X17)), file('/export/starexec/sandbox/benchmark/theBenchmark.p', i_0_769)).
cnf(c_0_67,axiom,(esk143_17(X1,X2,X3,X4,X5,X6,X7,X8,X9,X10,X11,X12,X13,X14,X15,X16,X17)|~esk234_23(X1,X2,X3,X4,X5,X6,X7,X8,X9,X10,X11,X12,X13,X14,X15,X16,X17,X18,X19,X20,X21,X22,X23)), file('/export/starexec/sandbox/benchmark/theBenchmark.p', i_0_771)).
cnf(c_0_68,axiom,(~p(X1)|~p(X2)|~p(X3)|~esk260_23(X4,X5,X6,X7,X8,X9,X10,X11,X12,X13,X14,X3,X1,X2,X15,X16,X17,X18,X19,X20,X21,X22,X23)), file('/export/starexec/sandbox/benchmark/theBenchmark.p', i_0_1135)).
cnf(c_0_69,axiom,(esk260_23(X1,X2,X3,X4,X5,X6,X7,X8,X9,X10,X11,X12,X13,X14,X15,X16,X17,X18,X19,X20,X21,X22,X23)|esk124_14(X1,X2,X3,X4,X5,X6,X7,X8,X9,X10,X11,X12,X13,X14)|~esk137_14(X1,X2,X3,X4,X5,X6,X7,X8,X9,X10,X11,X12,X13,X14)), file('/export/starexec/sandbox/benchmark/theBenchmark.p', i_0_346)).
cnf(c_0_70,axiom,(~esk97_11(X1,X2,X3,X4,X5,X6,X7,X8,X9,X10,X11)|~esk280_23(X1,X2,X3,X4,X5,X6,X7,X8,X9,X10,X11,X12,X13,X14,X15,X16,X17,X18,X19,X20,X21,X22,X23)), file('/export/starexec/sandbox/benchmark/theBenchmark.p', i_0_109)).
cnf(c_0_71,axiom,(esk280_23(X1,X2,X3,X4,X5,X6,X7,X8,X9,X10,X11,X12,X13,X14,X15,X16,X17,X18,X19,X20,X21,X22,X23)|~esk87_11(X1,X2,X3,X4,X5,X6,X7,X8,X9,X10,X11)|~esk274_23(X1,X2,X3,X4,X5,X6,X7,X8,X9,X10,X11,X12,X13,X14,X15,X16,X17,X18,X19,X20,X21,X22,X23)), file('/export/starexec/sandbox/benchmark/theBenchmark.p', i_0_710)).
cnf(c_0_72,axiom,(esk116_14(X1,X2,X3,X4,X5,X6,X7,X8,X9,X10,X11,X12,X13,X14)|~esk275_23(X1,X2,X3,X4,X5,X6,X7,X8,X9,X10,X11,X12,X13,X14,X15,X16,X17,X18,X19,X20,X21,X22,X23)), file('/export/starexec/sandbox/benchmark/theBenchmark.p', i_0_411)).
cnf(c_0_73,axiom,(esk275_23(X1,X2,X3,X4,X5,X6,X7,X8,X9,X10,X11,X12,X13,X14,X15,X16,X17,X18,X19,X20,X21,X22,X23)|esk274_23(X1,X2,X3,X4,X5,X6,X7,X8,X9,X10,X11,X12,X13,X14,X15,X16,X17,X18,X19,X20,X21,X22,X23)|~esk128_14(X1,X2,X3,X4,X5,X6,X7,X8,X9,X10,X11,X12,X13,X14)), file('/export/starexec/sandbox/benchmark/theBenchmark.p', i_0_999)).
cnf(c_0_74,axiom,(esk137_14(X1,X2,X3,X4,X5,X6,X7,X8,X9,X10,X11,X12,X13,X14)|~esk112_14(X1,X2,X3,X4,X5,X6,X7,X8,X9,X10,X11,X12,X13,X14)), file('/export/starexec/sandbox/benchmark/theBenchmark.p', i_0_128)).
cnf(c_0_75,axiom,(esk111_14(X1,X2,X3,X4,X5,X6,X7,X8,X9,X10,X11,X12,X13,X14)|~esk286_23(X1,X2,X3,X4,X5,X6,X7,X8,X9,X10,X11,X12,X13,X14,X15,X16,X17,X18,X19,X20,X21,X22,X23)|~esk287_23(X1,X2,X3,X4,X5,X6,X7,X8,X9,X10,X11,X12,X13,X14,X15,X16,X17,X18,X19,X20,X21,X22,X23)|~esk284_23(X1,X2,X3,X4,X5,X6,X7,X8,X9,X10,X11,X12,X13,X14,X15,X16,X17,X18,X19,X20,X21,X22,X23)|~esk285_23(X1,X2,X3,X4,X5,X6,X7,X8,X9,X10,X11,X12,X13,X14,X15,X16,X17,X18,X19,X20,X21,X22,X23)|~esk283_23(X1,X2,X3,X4,X5,X6,X7,X8,X9,X10,X11,X12,X13,X14,X15,X16,X17,X18,X19,X20,X21,X22,X23)), file('/export/starexec/sandbox/benchmark/theBenchmark.p', i_0_723)).
cnf(c_0_76,axiom,(p(X1)|esk286_23(X2,X3,X4,X5,X6,X7,X8,X9,X10,X11,X12,X13,X14,X1,X15,X16,X17,X18,X19,X20,X21,X22,X23)), file('/export/starexec/sandbox/benchmark/theBenchmark.p', i_0_644)).
cnf(c_0_77,axiom,(p(X1)|esk285_23(X2,X3,X4,X5,X6,X7,X8,X9,X10,X11,X12,X13,X14,X1,X15,X16,X17,X18,X19,X20,X21,X22,X23)), file('/export/starexec/sandbox/benchmark/theBenchmark.p', i_0_119)).
cnf(c_0_78,axiom,(esk284_23(X1,X2,X3,X4,X5,X6,X7,X8,X9,X10,X11,X12,X13,X14,X15,X16,X17,X18,X19,X20,X21,X22,X23)|p(X14)), file('/export/starexec/sandbox/benchmark/theBenchmark.p', i_0_34)).
cnf(c_0_79,axiom,(esk287_23(X1,X2,X3,X4,X5,X6,X7,X8,X9,X10,X11,X12,X13,X14,X15,X16,X17,X18,X19,X20,X21,X22,X23)|p(X14)), file('/export/starexec/sandbox/benchmark/theBenchmark.p', i_0_695)).
cnf(c_0_80,axiom,(~esk165_17(X1,X2,X3,X4,X5,X6,X7,X8,X9,X10,X11,X12,X13,X14,X15,X16,X17)|~esk142_17(X1,X2,X3,X4,X5,X6,X7,X8,X9,X10,X11,X12,X13,X14,X15,X16,X17)|~esk143_17(X1,X2,X3,X4,X5,X6,X7,X8,X9,X10,X11,X12,X13,X14,X15,X16,X17)), file('/export/starexec/sandbox/benchmark/theBenchmark.p', i_0_251)).
cnf(c_0_81,axiom,(esk165_17(X1,X2,X3,X4,X5,X6,X7,X8,X9,X10,X11,X12,X13,X14,X15,X16,X17)|~esk141_17(X1,X2,X3,X4,X5,X6,X7,X8,X9,X10,X11,X12,X13,X14,X15,X16,X17)), file('/export/starexec/sandbox/benchmark/theBenchmark.p', i_0_11)).
cnf(c_0_82,axiom,(~esk97_11(X1,X2,X3,X4,X5,X6,X7,X8,X9,X10,X11)|~p(X12)|~esk287_23(X1,X2,X3,X4,X5,X6,X7,X8,X9,X10,X11,X13,X14,X12,X15,X16,X17,X18,X19,X20,X21,X22,X23)|~p(X14)|~p(X13)), file('/export/starexec/sandbox/benchmark/theBenchmark.p', i_0_303)).
cnf(c_0_83,axiom,(esk287_23(X1,X2,X3,X4,X5,X6,X7,X8,X9,X10,X11,X12,X13,X14,X15,X16,X17,X18,X19,X20,X21,X22,X23)|~esk111_14(X1,X2,X3,X4,X5,X6,X7,X8,X9,X10,X11,X12,X13,X14)), file('/export/starexec/sandbox/benchmark/theBenchmark.p', i_0_967)).
cnf(c_0_84,axiom,(esk111_14(X1,X2,X3,X4,X5,X6,X7,X8,X9,X10,X11,X12,X13,X14)|esk112_14(X1,X2,X3,X4,X5,X6,X7,X8,X9,X10,X11,X12,X13,X14)|~esk110_11(X1,X2,X3,X4,X5,X6,X7,X8,X9,X10,X11)), file('/export/starexec/sandbox/benchmark/theBenchmark.p', i_0_15)).
cnf(c_0_85,axiom,(esk283_23(X1,X2,X3,X4,X5,X6,X7,X8,X9,X10,X11,X12,X13,X14,X15,X16,X17,X18,X19,X20,X21,X22,X23)|p(X12)), file('/export/starexec/sandbox/benchmark/theBenchmark.p', i_0_24)).
cnf(c_0_86,axiom,(esk128_14(X1,X2,X3,X4,X5,X6,X7,X8,X9,X10,X11,X12,X13,X14)|~esk112_14(X1,X2,X3,X4,X5,X6,X7,X8,X9,X10,X11,X12,X13,X14)), file('/export/starexec/sandbox/benchmark/theBenchmark.p', i_0_394)).
cnf(c_0_87,axiom,(~esk308_23(X1,X2,X3,X4,X5,X6,X7,X8,X9,X10,X11,X12,X13,X14,X15,X16,X17,X18,X19,X20,X21,X22,X23)|~esk68_8(X1,X2,X3,X4,X5,X6,X7,X8)), file('/export/starexec/sandbox/benchmark/theBenchmark.p', i_0_668)).
cnf(c_0_88,axiom,(esk308_23(X1,X2,X3,X4,X5,X6,X7,X8,X9,X10,X11,X12,X13,X14,X15,X16,X17,X18,X19,X20,X21,X22,X23)|~esk58_8(X1,X2,X3,X4,X5,X6,X7,X8)|~esk302_23(X1,X2,X3,X4,X5,X6,X7,X8,X9,X10,X11,X12,X13,X14,X15,X16,X17,X18,X19,X20,X21,X22,X23)), file('/export/starexec/sandbox/benchmark/theBenchmark.p', i_0_90)).
cnf(c_0_89,axiom,(esk87_11(X1,X2,X3,X4,X5,X6,X7,X8,X9,X10,X11)|~esk303_23(X1,X2,X3,X4,X5,X6,X7,X8,X9,X10,X11,X12,X13,X14,X15,X16,X17,X18,X19,X20,X21,X22,X23)), file('/export/starexec/sandbox/benchmark/theBenchmark.p', i_0_1047)).
cnf(c_0_90,axiom,(esk302_23(X1,X2,X3,X4,X5,X6,X7,X8,X9,X10,X11,X12,X13,X14,X15,X16,X17,X18,X19,X20,X21,X22,X23)|esk303_23(X1,X2,X3,X4,X5,X6,X7,X8,X9,X10,X11,X12,X13,X14,X15,X16,X17,X18,X19,X20,X21,X22,X23)|~esk99_11(X1,X2,X3,X4,X5,X6,X7,X8,X9,X10,X11)), file('/export/starexec/sandbox/benchmark/theBenchmark.p', i_0_1085)).
cnf(c_0_91,axiom,(esk110_11(X1,X2,X3,X4,X5,X6,X7,X8,X9,X10,X11)|~esk111_14(X1,X2,X3,X4,X5,X6,X7,X8,X9,X10,X11,X12,X13,X14)), file('/export/starexec/sandbox/benchmark/theBenchmark.p', i_0_701)).
cnf(c_0_92,axiom,(~esk315_23(X1,X2,X3,X4,X5,X6,X7,X8,X9,X10,X11,X12,X13,X14,X15,X16,X17,X18,X19,X20,X21,X22,X23)|~p(X9)|~esk68_8(X1,X2,X3,X4,X5,X6,X7,X8)|~p(X11)|~p(X10)), file('/export/starexec/sandbox/benchmark/theBenchmark.p', i_0_169)).
cnf(c_0_93,axiom,(esk315_23(X1,X2,X3,X4,X5,X6,X7,X8,X9,X10,X11,X12,X13,X14,X15,X16,X17,X18,X19,X20,X21,X22,X23)|~esk82_11(X1,X2,X3,X4,X5,X6,X7,X8,X9,X10,X11)), file('/export/starexec/sandbox/benchmark/theBenchmark.p', i_0_221)).
cnf(c_0_94,axiom,(esk82_11(X1,X2,X3,X4,X5,X6,X7,X8,X9,X10,X11)|~esk314_23(X1,X2,X3,X4,X5,X6,X7,X8,X9,X10,X11,X12,X13,X14,X15,X16,X17,X18,X19,X20,X21,X22,X23)|~esk315_23(X1,X2,X3,X4,X5,X6,X7,X8,X9,X10,X11,X12,X13,X14,X15,X16,X17,X18,X19,X20,X21,X22,X23)|~esk313_23(X1,X2,X3,X4,X5,X6,X7,X8,X9,X10,X11,X12,X13,X14,X15,X16,X17,X18,X19,X20,X21,X22,X23)|~esk312_23(X1,X2,X3,X4,X5,X6,X7,X8,X9,X10,X11,X12,X13,X14,X15,X16,X17,X18,X19,X20,X21,X22,X23)|~esk311_23(X1,X2,X3,X4,X5,X6,X7,X8,X9,X10,X11,X12,X13,X14,X15,X16,X17,X18,X19,X20,X21,X22,X23)), file('/export/starexec/sandbox/benchmark/theBenchmark.p', i_0_338)).
cnf(c_0_95,axiom,(p(X1)|esk314_23(X2,X3,X4,X5,X6,X7,X8,X9,X10,X11,X1,X12,X13,X14,X15,X16,X17,X18,X19,X20,X21,X22,X23)), file('/export/starexec/sandbox/benchmark/theBenchmark.p', i_0_1049)).
cnf(c_0_96,axiom,(p(X1)|esk313_23(X2,X3,X4,X5,X6,X7,X8,X9,X10,X11,X1,X12,X13,X14,X15,X16,X17,X18,X19,X20,X21,X22,X23)), file('/export/starexec/sandbox/benchmark/theBenchmark.p', i_0_64)).
cnf(c_0_97,axiom,(p(X1)|esk312_23(X2,X3,X4,X5,X6,X7,X8,X9,X10,X11,X1,X12,X13,X14,X15,X16,X17,X18,X19,X20,X21,X22,X23)), file('/export/starexec/sandbox/benchmark/theBenchmark.p', i_0_217)).
cnf(c_0_98,axiom,(p(X1)|esk315_23(X2,X3,X4,X5,X6,X7,X8,X9,X10,X11,X1,X12,X13,X14,X15,X16,X17,X18,X19,X20,X21,X22,X23)), file('/export/starexec/sandbox/benchmark/theBenchmark.p', i_0_1076)).
cnf(c_0_99,axiom,(esk99_11(X1,X2,X3,X4,X5,X6,X7,X8,X9,X10,X11)|~esk83_11(X1,X2,X3,X4,X5,X6,X7,X8,X9,X10,X11)), file('/export/starexec/sandbox/benchmark/theBenchmark.p', i_0_672)).
cnf(c_0_100,axiom,(esk83_11(X1,X2,X3,X4,X5,X6,X7,X8,X9,X10,X11)|esk82_11(X1,X2,X3,X4,X5,X6,X7,X8,X9,X10,X11)|~esk81_8(X1,X2,X3,X4,X5,X6,X7,X8)), file('/export/starexec/sandbox/benchmark/theBenchmark.p', i_0_734)).
cnf(c_0_101,axiom,(p(X1)|esk311_23(X2,X3,X4,X5,X6,X7,X8,X9,X1,X10,X11,X12,X13,X14,X15,X16,X17,X18,X19,X20,X21,X22,X23)), file('/export/starexec/sandbox/benchmark/theBenchmark.p', i_0_35)).
cnf(c_0_102,axiom,(~p(X1)|~p(X2)|~esk288_23(X3,X4,X5,X6,X7,X8,X9,X10,X11,X2,X1,X12,X13,X14,X15,X16,X17,X18,X19,X20,X21,X22,X23)|~p(X11)), file('/export/starexec/sandbox/benchmark/theBenchmark.p', i_0_1060)).
cnf(c_0_103,axiom,(esk97_11(X1,X2,X3,X4,X5,X6,X7,X8,X9,X10,X11)|esk288_23(X1,X2,X3,X4,X5,X6,X7,X8,X9,X10,X11,X12,X13,X14,X15,X16,X17,X18,X19,X20,X21,X22,X23)|~esk108_11(X1,X2,X3,X4,X5,X6,X7,X8,X9,X10,X11)), file('/export/starexec/sandbox/benchmark/theBenchmark.p', i_0_69)).
cnf(c_0_104,axiom,(esk53_8(X1,X2,X3,X4,X5,X6,X7,X8)|~esk341_23(X1,X2,X3,X4,X5,X6,X7,X8,X9,X10,X11,X12,X13,X14,X15,X16,X17,X18,X19,X20,X21,X22,X23)|~esk339_23(X1,X2,X3,X4,X5,X6,X7,X8,X9,X10,X11,X12,X13,X14,X15,X16,X17,X18,X19,X20,X21,X22,X23)|~esk342_23(X1,X2,X3,X4,X5,X6,X7,X8,X9,X10,X11,X12,X13,X14,X15,X16,X17,X18,X19,X20,X21,X22,X23)|~esk340_23(X1,X2,X3,X4,X5,X6,X7,X8,X9,X10,X11,X12,X13,X14,X15,X16,X17,X18,X19,X20,X21,X22,X23)|~esk343_23(X1,X2,X3,X4,X5,X6,X7,X8,X9,X10,X11,X12,X13,X14,X15,X16,X17,X18,X19,X20,X21,X22,X23)), file('/export/starexec/sandbox/benchmark/theBenchmark.p', i_0_1102)).
cnf(c_0_105,axiom,(p(X1)|esk339_23(X2,X3,X4,X5,X6,X7,X1,X8,X9,X10,X11,X12,X13,X14,X15,X16,X17,X18,X19,X20,X21,X22,X23)), file('/export/starexec/sandbox/benchmark/theBenchmark.p', i_0_233)).
cnf(c_0_106,axiom,(esk343_23(X1,X2,X3,X4,X5,X6,X7,X8,X9,X10,X11,X12,X13,X14,X15,X16,X17,X18,X19,X20,X21,X22,X23)|p(X7)), file('/export/starexec/sandbox/benchmark/theBenchmark.p', i_0_698)).
cnf(c_0_107,axiom,(p(X1)|esk342_23(X2,X3,X4,X5,X6,X7,X1,X8,X9,X10,X11,X12,X13,X14,X15,X16,X17,X18,X19,X20,X21,X22,X23)), file('/export/starexec/sandbox/benchmark/theBenchmark.p', i_0_835)).
cnf(c_0_108,axiom,(esk81_8(X1,X2,X3,X4,X5,X6,X7,X8)|~esk82_11(X1,X2,X3,X4,X5,X6,X7,X8,X9,X10,X11)), file('/export/starexec/sandbox/benchmark/theBenchmark.p', i_0_907)).
cnf(c_0_109,axiom,(esk108_11(X1,X2,X3,X4,X5,X6,X7,X8,X9,X10,X11)|~esk83_11(X1,X2,X3,X4,X5,X6,X7,X8,X9,X10,X11)), file('/export/starexec/sandbox/benchmark/theBenchmark.p', i_0_205)).
cnf(c_0_110,axiom,(~p(X1)|~p(X2)|~esk316_23(X3,X4,X5,X6,X7,X1,X2,X8,X9,X10,X11,X12,X13,X14,X15,X16,X17,X18,X19,X20,X21,X22,X23)|~p(X8)), file('/export/starexec/sandbox/benchmark/theBenchmark.p', i_0_595)).
cnf(c_0_111,axiom,(esk316_23(X1,X2,X3,X4,X5,X6,X7,X8,X9,X10,X11,X12,X13,X14,X15,X16,X17,X18,X19,X20,X21,X22,X23)|esk68_8(X1,X2,X3,X4,X5,X6,X7,X8)|~esk79_8(X1,X2,X3,X4,X5,X6,X7,X8)), file('/export/starexec/sandbox/benchmark/theBenchmark.p', i_0_847)).
cnf(c_0_112,axiom,(~p(X1)|~esk343_23(X2,X3,X4,X5,X6,X7,X1,X8,X9,X10,X11,X12,X13,X14,X15,X16,X17,X18,X19,X20,X21,X22,X23)|~esk42_5(X2,X3,X4,X5,X6)|~p(X7)|~p(X8)), file('/export/starexec/sandbox/benchmark/theBenchmark.p', i_0_476)).
cnf(c_0_113,axiom,(esk343_23(X1,X2,X3,X4,X5,X6,X7,X8,X9,X10,X11,X12,X13,X14,X15,X16,X17,X18,X19,X20,X21,X22,X23)|~esk53_8(X1,X2,X3,X4,X5,X6,X7,X8)), file('/export/starexec/sandbox/benchmark/theBenchmark.p', i_0_984)).
cnf(c_0_114,axiom,(esk341_23(X1,X2,X3,X4,X5,X6,X7,X8,X9,X10,X11,X12,X13,X14,X15,X16,X17,X18,X19,X20,X21,X22,X23)|p(X6)), file('/export/starexec/sandbox/benchmark/theBenchmark.p', i_0_501)).
cnf(c_0_115,axiom,(~esk336_23(X1,X2,X3,X4,X5,X6,X7,X8,X9,X10,X11,X12,X13,X14,X15,X16,X17,X18,X19,X20,X21,X22,X23)|~esk42_5(X1,X2,X3,X4,X5)), file('/export/starexec/sandbox/benchmark/theBenchmark.p', i_0_484)).
cnf(c_0_116,axiom,(esk336_23(X1,X2,X3,X4,X5,X6,X7,X8,X9,X10,X11,X12,X13,X14,X15,X16,X17,X18,X19,X20,X21,X22,X23)|~esk32_5(X1,X2,X3,X4,X5)|~esk330_23(X1,X2,X3,X4,X5,X6,X7,X8,X9,X10,X11,X12,X13,X14,X15,X16,X17,X18,X19,X20,X21,X22,X23)), file('/export/starexec/sandbox/benchmark/theBenchmark.p', i_0_153)).
cnf(c_0_117,axiom,(esk58_8(X1,X2,X3,X4,X5,X6,X7,X8)|~esk331_23(X1,X2,X3,X4,X5,X6,X7,X8,X9,X10,X11,X12,X13,X14,X15,X16,X17,X18,X19,X20,X21,X22,X23)), file('/export/starexec/sandbox/benchmark/theBenchmark.p', i_0_167)).
cnf(c_0_118,axiom,(esk330_23(X1,X2,X3,X4,X5,X6,X7,X8,X9,X10,X11,X12,X13,X14,X15,X16,X17,X18,X19,X20,X21,X22,X23)|esk331_23(X1,X2,X3,X4,X5,X6,X7,X8,X9,X10,X11,X12,X13,X14,X15,X16,X17,X18,X19,X20,X21,X22,X23)|~esk70_8(X1,X2,X3,X4,X5,X6,X7,X8)), file('/export/starexec/sandbox/benchmark/theBenchmark.p', i_0_485)).
cnf(c_0_119,axiom,(esk79_8(X1,X2,X3,X4,X5,X6,X7,X8)|~esk54_8(X1,X2,X3,X4,X5,X6,X7,X8)), file('/export/starexec/sandbox/benchmark/theBenchmark.p', i_0_332)).
cnf(c_0_120,axiom,(esk53_8(X1,X2,X3,X4,X5,X6,X7,X8)|esk54_8(X1,X2,X3,X4,X5,X6,X7,X8)|~esk52_5(X1,X2,X3,X4,X5)), file('/export/starexec/sandbox/benchmark/theBenchmark.p', i_0_335)).
cnf(c_0_121,axiom,(esk340_23(X1,X2,X3,X4,X5,X6,X7,X8,X9,X10,X11,X12,X13,X14,X15,X16,X17,X18,X19,X20,X21,X22,X23)|p(X8)), file('/export/starexec/sandbox/benchmark/theBenchmark.p', i_0_704)).
cnf(c_0_122,axiom,(~p(X1)|~p(X2)|~p(X3)|~esk344_23(X4,X5,X1,X2,X3,X6,X7,X8,X9,X10,X11,X12,X13,X14,X15,X16,X17,X18,X19,X20,X21,X22,X23)), file('/export/starexec/sandbox/benchmark/theBenchmark.p', i_0_711)).
cnf(c_0_123,axiom,(esk344_23(X1,X2,X3,X4,X5,X6,X7,X8,X9,X10,X11,X12,X13,X14,X15,X16,X17,X18,X19,X20,X21,X22,X23)|esk42_5(X1,X2,X3,X4,X5)|~esk50_5(X1,X2,X3,X4,X5)), file('/export/starexec/sandbox/benchmark/theBenchmark.p', i_0_438)).
cnf(c_0_124,axiom,(~esk361_23(X1,X2,X3,X4,X5,X6,X7,X8,X9,X10,X11,X12,X13,X14,X15,X16,X17,X18,X19,X20,X21,X22,X23)|~esk22_2(X1,X2)), file('/export/starexec/sandbox/benchmark/theBenchmark.p', i_0_559)).
cnf(c_0_125,axiom,(esk361_23(X1,X2,X3,X4,X5,X6,X7,X8,X9,X10,X11,X12,X13,X14,X15,X16,X17,X18,X19,X20,X21,X22,X23)|~esk14_2(X1,X2)|~esk355_23(X1,X2,X3,X4,X5,X6,X7,X8,X9,X10,X11,X12,X13,X14,X15,X16,X17,X18,X19,X20,X21,X22,X23)), file('/export/starexec/sandbox/benchmark/theBenchmark.p', i_0_384)).
cnf(c_0_126,axiom,(esk32_5(X1,X2,X3,X4,X5)|~esk356_23(X1,X2,X3,X4,X5,X6,X7,X8,X9,X10,X11,X12,X13,X14,X15,X16,X17,X18,X19,X20,X21,X22,X23)), file('/export/starexec/sandbox/benchmark/theBenchmark.p', i_0_288)).
cnf(c_0_127,axiom,(esk355_23(X1,X2,X3,X4,X5,X6,X7,X8,X9,X10,X11,X12,X13,X14,X15,X16,X17,X18,X19,X20,X21,X22,X23)|esk356_23(X1,X2,X3,X4,X5,X6,X7,X8,X9,X10,X11,X12,X13,X14,X15,X16,X17,X18,X19,X20,X21,X22,X23)|~esk43_5(X1,X2,X3,X4,X5)), file('/export/starexec/sandbox/benchmark/theBenchmark.p', i_0_58)).
cnf(c_0_128,axiom,(esk52_5(X1,X2,X3,X4,X5)|~esk53_8(X1,X2,X3,X4,X5,X6,X7,X8)), file('/export/starexec/sandbox/benchmark/theBenchmark.p', i_0_497)).
cnf(c_0_129,axiom,(esk70_8(X1,X2,X3,X4,X5,X6,X7,X8)|~esk54_8(X1,X2,X3,X4,X5,X6,X7,X8)), file('/export/starexec/sandbox/benchmark/theBenchmark.p', i_0_279)).
cnf(c_0_130,axiom,(esk50_5(X1,X2,X3,X4,X5)|~esk28_5(X1,X2,X3,X4,X5)), file('/export/starexec/sandbox/benchmark/theBenchmark.p', i_0_908)).
cnf(c_0_131,axiom,(~p(X1)|~p(X2)|~esk365_23(X3,X4,X2,X5,X1,X6,X7,X8,X9,X10,X11,X12,X13,X14,X15,X16,X17,X18,X19,X20,X21,X22,X23)|~p(X5)|~esk22_2(X3,X4)), file('/export/starexec/sandbox/benchmark/theBenchmark.p', i_0_1011)).
cnf(c_0_132,axiom,(esk365_23(X1,X2,X3,X4,X5,X6,X7,X8,X9,X10,X11,X12,X13,X14,X15,X16,X17,X18,X19,X20,X21,X22,X23)|~esk27_5(X1,X2,X3,X4,X5)), file('/export/starexec/sandbox/benchmark/theBenchmark.p', i_0_570)).
cnf(c_0_133,axiom,(esk27_5(X1,X2,X3,X4,X5)|esk28_5(X1,X2,X3,X4,X5)|~esk26_2(X1,X2)), file('/export/starexec/sandbox/benchmark/theBenchmark.p', i_0_41)).
cnf(c_0_134,axiom,(esk27_5(X1,X2,X3,X4,X5)|~esk362_23(X1,X2,X3,X4,X5,X6,X7,X8,X9,X10,X11,X12,X13,X14,X15,X16,X17,X18,X19,X20,X21,X22,X23)|~esk365_23(X1,X2,X3,X4,X5,X6,X7,X8,X9,X10,X11,X12,X13,X14,X15,X16,X17,X18,X19,X20,X21,X22,X23)|~esk364_23(X1,X2,X3,X4,X5,X6,X7,X8,X9,X10,X11,X12,X13,X14,X15,X16,X17,X18,X19,X20,X21,X22,X23)|~esk363_23(X1,X2,X3,X4,X5,X6,X7,X8,X9,X10,X11,X12,X13,X14,X15,X16,X17,X18,X19,X20,X21,X22,X23)), file('/export/starexec/sandbox/benchmark/theBenchmark.p', i_0_4)).
cnf(c_0_135,axiom,(p(X1)|esk362_23(X2,X3,X4,X5,X1,X6,X7,X8,X9,X10,X11,X12,X13,X14,X15,X16,X17,X18,X19,X20,X21,X22,X23)), file('/export/starexec/sandbox/benchmark/theBenchmark.p', i_0_160)).
cnf(c_0_136,axiom,(p(X1)|esk365_23(X2,X3,X4,X5,X1,X6,X7,X8,X9,X10,X11,X12,X13,X14,X15,X16,X17,X18,X19,X20,X21,X22,X23)), file('/export/starexec/sandbox/benchmark/theBenchmark.p', i_0_598)).
cnf(c_0_137,axiom,(p(X1)|esk364_23(X2,X3,X4,X5,X1,X6,X7,X8,X9,X10,X11,X12,X13,X14,X15,X16,X17,X18,X19,X20,X21,X22,X23)), file('/export/starexec/sandbox/benchmark/theBenchmark.p', i_0_748)).
cnf(c_0_138,axiom,(p(X1)|esk363_23(X2,X3,X4,X5,X1,X6,X7,X8,X9,X10,X11,X12,X13,X14,X15,X16,X17,X18,X19,X20,X21,X22,X23)), file('/export/starexec/sandbox/benchmark/theBenchmark.p', i_0_224)).
cnf(c_0_139,axiom,(esk43_5(X1,X2,X3,X4,X5)|~esk28_5(X1,X2,X3,X4,X5)), file('/export/starexec/sandbox/benchmark/theBenchmark.p', i_0_272)).
cnf(c_0_140,axiom,(esk14_2(X1,X2)|~esk367_23(X1,X2,X3,X4,X5,X6,X7,X8,X9,X10,X11,X12,X13,X14,X15,X16,X17,X18,X19,X20,X21,X22,X23)), file('/export/starexec/sandbox/benchmark/theBenchmark.p', i_0_218)).
cnf(c_0_141,axiom,(esk367_23(X1,X2,X3,X4,X5,X6,X7,X8,X9,X10,X11,X12,X13,X14,X15,X16,X17,X18,X19,X20,X21,X22,X23)|esk366_23(X1,X2,X3,X4,X5,X6,X7,X8,X9,X10,X11,X12,X13,X14,X15,X16,X17,X18,X19,X20,X21,X22,X23)|~esk24_2(X1,X2)), file('/export/starexec/sandbox/benchmark/theBenchmark.p', i_0_1136)).
cnf(c_0_142,axiom,(esk9_1(X1)|~esk10_2(X1,X2)), file('/export/starexec/sandbox/benchmark/theBenchmark.p', i_0_71)).
cnf(c_0_143,axiom,(p(X1)|esk10_2(X2,X1)), file('/export/starexec/sandbox/benchmark/theBenchmark.p', i_0_882)).
cnf(c_0_144,axiom,(esk26_2(X1,X2)|~esk27_5(X1,X2,X3,X4,X5)), file('/export/starexec/sandbox/benchmark/theBenchmark.p', i_0_116)).
cnf(c_0_145,axiom,(~esk7_1(X1)|~esk6_1(X1)|~esk366_23(X1,X2,X3,X4,X5,X6,X7,X8,X9,X10,X11,X12,X13,X14,X15,X16,X17,X18,X19,X20,X21,X22,X23)), file('/export/starexec/sandbox/benchmark/theBenchmark.p', i_0_1029)).
cnf(c_0_146,axiom,(~p(false)), file('/export/starexec/sandbox/benchmark/theBenchmark.p', rule_false)).
cnf(c_0_147,axiom,(esk24_2(X1,X2)|~esk11_2(X1,X2)), file('/export/starexec/sandbox/benchmark/theBenchmark.p', i_0_826)).
cnf(c_0_148,axiom,(esk10_2(X1,X2)|esk11_2(X1,X2)|~esk9_1(X1)), file('/export/starexec/sandbox/benchmark/theBenchmark.p', i_0_904)).
cnf(c_0_149,axiom,(esk10_2(X1,X2)|esk7_1(X1)), file('/export/starexec/sandbox/benchmark/theBenchmark.p', i_0_172)).
cnf(c_0_150,axiom,(esk23_2(X1,X2)|~esk11_2(X1,X2)), file('/export/starexec/sandbox/benchmark/theBenchmark.p', i_0_660)).
cnf(c_0_151,axiom,(esk3_0|~esk1_0), file('/export/starexec/sandbox/benchmark/theBenchmark.p', i_0_14)).
cnf(c_0_152,axiom,(esk1_0), file('/export/starexec/sandbox/benchmark/theBenchmark.p', i_0_873)).
cnf(c_0_153,axiom,(esk22_2(X1,X2)|~p(X2)|~esk23_2(X1,X2)), file('/export/starexec/sandbox/benchmark/theBenchmark.p', i_0_257)).
cnf(c_0_154,axiom,(esk6_1(X1)|~esk372_23(X1,X2,X3,X4,X5,X6,X7,X8,X9,X10,X11,X12,X13,X14,X15,X16,X17,X18,X19,X20,X21,X22,X23)), file('/export/starexec/sandbox/benchmark/theBenchmark.p', i_0_1041)).
cnf(c_0_155,axiom,(esk372_23(X1,X2,X3,X4,X5,X6,X7,X8,X9,X10,X11,X12,X13,X14,X15,X16,X17,X18,X19,X20,X21,X22,X23)|~p(X1)|~esk8_1(X1)), file('/export/starexec/sandbox/benchmark/theBenchmark.p', i_0_1048)).
cnf(c_0_156,axiom,(esk5_1(X1)|esk4_1(X1)|~esk3_0), file('/export/starexec/sandbox/benchmark/theBenchmark.p', i_0_850)).
cnf(c_0_157,axiom,(esk8_1(X1)|~esk5_1(X1)), file('/export/starexec/sandbox/benchmark/theBenchmark.p', i_0_855)).
cnf(c_0_158,axiom,(p(X1)|esk4_1(X1)), file('/export/starexec/sandbox/benchmark/theBenchmark.p', i_0_718)).
cnf(c_0_159,axiom,(esk2_0|~esk1_0), file('/export/starexec/sandbox/benchmark/theBenchmark.p', i_0_635)).
cnf(c_0_160,axiom,(~p(X1)|~esk7_1(X2)|~esk10_2(X2,X1)), file('/export/starexec/sandbox/benchmark/theBenchmark.p', i_0_552)).
cnf(c_0_161,axiom,(esk7_1(X1)|~esk372_23(X1,X2,X3,X4,X5,X6,X7,X8,X9,X10,X11,X12,X13,X14,X15,X16,X17,X18,X19,X20,X21,X22,X23)), file('/export/starexec/sandbox/benchmark/theBenchmark.p', i_0_84)).
cnf(c_0_162,axiom,(~p(X1)|~esk2_0|~esk4_1(X1)), file('/export/starexec/sandbox/benchmark/theBenchmark.p', i_0_674)).
cnf(c_0_163,axiom,(p(true)), file('/export/starexec/sandbox/benchmark/theBenchmark.p', rule_true)).
cnf(c_0_164,plain,(~esk208_23(X1,X2,X3,X4,X5,X6,X7,X8,X9,X10,X11,X12,X13,X14,X15,X16,X17,X18,X19,X20,X21,X22,X23)|~esk171_20(X1,X2,X3,X4,X5,X6,X7,X8,X9,X10,X11,X12,X13,X14,X15,X16,X17,X18,X19,X20)|~esk175_20(X1,X2,X3,X4,X5,X6,X7,X8,X9,X10,X11,X12,X13,X14,X15,X16,X17,X18,X19,X20)), inference(spm,[status(thm)],[c_0_0, c_0_1])).
cnf(c_0_165,plain,(esk167_20(X1,X2,X3,X4,X5,X6,X7,X8,X9,X10,X11,X12,X13,X14,X15,X16,X17,X18,X19,X20)|p(X20)), inference(csr,[status(thm)],[inference(csr,[status(thm)],[inference(csr,[status(thm)],[inference(spm,[status(thm)],[c_0_2, c_0_3]), c_0_4]), c_0_5]), c_0_6])).
cnf(c_0_166,plain,(esk189_22(X1,X2,X3,X4,X5,X6,X7,X8,X9,X10,X11,X12,X13,X14,X15,X16,X17,X18,X19,X20,X21,X22)|~esk171_20(X1,X2,X3,X4,X5,X6,X7,X8,X9,X10,X11,X12,X13,X14,X15,X16,X17,X18,X19,X20)|~esk192_22(X1,X2,X3,X4,X5,X6,X7,X8,X9,X10,X11,X12,X13,X14,X15,X16,X17,X18,X19,X20,X21,X22)|~esk175_20(X1,X2,X3,X4,X5,X6,X7,X8,X9,X10,X11,X12,X13,X14,X15,X16,X17,X18,X19,X20)), inference(spm,[status(thm)],[c_0_164, c_0_7])).
cnf(c_0_167,plain,(~esk187_22(X1,X2,X3,X4,X5,X6,X7,X8,X9,X10,X11,X12,X13,X14,X15,X16,X17,X18,X19,X20,X21,X22)|~esk175_20(X1,X2,X3,X4,X5,X6,X7,X8,X9,X10,X11,X12,X13,X14,X15,X16,X17,X18,X19,X20)|~p(X22)|~p(X21)), inference(spm,[status(thm)],[c_0_8, c_0_9])).
cnf(c_0_168,plain,(esk190_22(X1,X2,X3,X4,X5,X6,X7,X8,X9,X10,X11,X12,X13,X14,X15,X16,X17,X18,X19,X20,X21,X22)|~esk196_22(X1,X2,X3,X4,X5,X6,X7,X8,X9,X10,X11,X12,X13,X14,X15,X16,X17,X18,X19,X20,X21,X22)|~p(X22)|~p(X21)), inference(spm,[status(thm)],[c_0_10, c_0_11])).
cnf(c_0_169,plain,(esk170_20(X1,X2,X3,X4,X5,X6,X7,X8,X9,X10,X11,X12,X13,X14,X15,X16,X17,X18,X19,X20)|p(X18)|~esk183_20(X1,X2,X3,X4,X5,X6,X7,X8,X9,X10,X11,X12,X13,X14,X15,X16,X17,X18,X19,X20)|~p(X20)|~p(X19)), inference(spm,[status(thm)],[c_0_12, c_0_13])).
cnf(c_0_170,plain,(p(X1)|~esk167_20(X2,X3,X4,X5,X6,X7,X8,X9,X10,X11,X12,X13,X14,X15,X16,X17,X18,X1,X19,X20)|~esk152_17(X2,X3,X4,X5,X6,X7,X8,X9,X10,X11,X12,X13,X14,X15,X16,X17,X18)|~p(X20)|~p(X19)), inference(spm,[status(thm)],[c_0_14, c_0_15])).
cnf(c_0_171,plain,(esk166_17(X1,X2,X3,X4,X5,X6,X7,X8,X9,X10,X11,X12,X13,X14,X15,X16,X17)|p(X18)), inference(spm,[status(thm)],[c_0_16, c_0_165])).
cnf(c_0_172,plain,(esk189_22(X1,X2,X3,X4,X5,X6,X7,X8,X9,X10,X11,X12,X13,X14,X15,X16,X17,X18,X19,X20,X21,X22)|~esk171_20(X1,X2,X3,X4,X5,X6,X7,X8,X9,X10,X11,X12,X13,X14,X15,X16,X17,X18,X19,X20)|~esk188_22(X1,X2,X3,X4,X5,X6,X7,X8,X9,X10,X11,X12,X13,X14,X15,X16,X17,X18,X19,X20,X21,X22)|~esk175_20(X1,X2,X3,X4,X5,X6,X7,X8,X9,X10,X11,X12,X13,X14,X15,X16,X17,X18,X19,X20)), inference(spm,[status(thm)],[c_0_166, c_0_17])).
cnf(c_0_173,plain,(esk188_22(X1,X2,X3,X4,X5,X6,X7,X8,X9,X10,X11,X12,X13,X14,X15,X16,X17,X18,X19,X20,X21,X22)|~esk186_20(X1,X2,X3,X4,X5,X6,X7,X8,X9,X10,X11,X12,X13,X14,X15,X16,X17,X18,X19,X20)|~esk175_20(X1,X2,X3,X4,X5,X6,X7,X8,X9,X10,X11,X12,X13,X14,X15,X16,X17,X18,X19,X20)|~p(X22)|~p(X21)), inference(spm,[status(thm)],[c_0_167, c_0_18])).
cnf(c_0_174,plain,(esk190_22(X1,X2,X3,X4,X5,X6,X7,X8,X9,X10,X11,X12,X13,X14,X15,X16,X17,X18,X19,X20,X21,X22)|~esk188_22(X1,X2,X3,X4,X5,X6,X7,X8,X9,X10,X11,X12,X13,X14,X15,X16,X17,X18,X19,X20,X21,X22)|~p(X22)|~p(X21)), inference(spm,[status(thm)],[c_0_168, c_0_19])).
cnf(c_0_175,plain,(esk187_22(X1,X2,X3,X4,X5,X6,X7,X8,X9,X10,X11,X12,X13,X14,X15,X16,X17,X18,X19,X20,X21,X22)|p(X21)|~esk210_23(X1,X2,X3,X4,X5,X6,X7,X8,X9,X10,X11,X12,X13,X14,X15,X16,X17,X18,X19,X20,X21,X22,X23)), inference(spm,[status(thm)],[c_0_20, c_0_21])).
cnf(c_0_176,plain,(~esk221_23(X1,X2,X3,X4,X5,X6,X7,X8,X9,X10,X11,X12,X13,X14,X15,X16,X17,X18,X19,X20,X21,X22,X23)|~esk146_17(X1,X2,X3,X4,X5,X6,X7,X8,X9,X10,X11,X12,X13,X14,X15,X16,X17)|~esk150_17(X1,X2,X3,X4,X5,X6,X7,X8,X9,X10,X11,X12,X13,X14,X15,X16,X17)), inference(spm,[status(thm)],[c_0_22, c_0_23])).
cnf(c_0_177,plain,(~esk225_23(X1,X2,X3,X4,X5,X6,X7,X8,X9,X10,X11,X12,X13,X14,X15,X16,X17,X18,X19,X20,X21,X22,X23)|~esk144_17(X1,X2,X3,X4,X5,X6,X7,X8,X9,X10,X11,X12,X13,X14,X15,X16,X17)|~esk152_17(X1,X2,X3,X4,X5,X6,X7,X8,X9,X10,X11,X12,X13,X14,X15,X16,X17)), inference(spm,[status(thm)],[c_0_24, c_0_25])).
cnf(c_0_178,plain,(esk170_20(X1,X2,X3,X4,X5,X6,X7,X8,X9,X10,X11,X12,X13,X14,X15,X16,X17,X18,X19,X20)|p(X18)|~esk168_20(X1,X2,X3,X4,X5,X6,X7,X8,X9,X10,X11,X12,X13,X14,X15,X16,X17,X18,X19,X20)|~p(X20)|~p(X19)), inference(spm,[status(thm)],[c_0_169, c_0_26])).
cnf(c_0_179,plain,(esk168_20(X1,X2,X3,X4,X5,X6,X7,X8,X9,X10,X11,X12,X13,X14,X15,X16,X17,X18,X19,X20)|p(X18)|~esk152_17(X1,X2,X3,X4,X5,X6,X7,X8,X9,X10,X11,X12,X13,X14,X15,X16,X17)|~p(X20)|~p(X19)), inference(csr,[status(thm)],[inference(spm,[status(thm)],[c_0_170, c_0_27]), c_0_171])).
cnf(c_0_180,plain,(esk144_17(X1,X2,X3,X4,X5,X6,X7,X8,X9,X10,X11,X12,X13,X14,X15,X16,X17)|esk233_23(X1,X2,X3,X4,X5,X6,X7,X8,X9,X10,X11,X12,X13,X14,X15,X16,X17,X18,X19,X20,X21,X22,X23)|~esk162_17(X1,X2,X3,X4,X5,X6,X7,X8,X9,X10,X11,X12,X13,X14,X15,X16,X17)), inference(spm,[status(thm)],[c_0_28, c_0_29])).
cnf(c_0_181,plain,(esk189_22(X1,X2,X3,X4,X5,X6,X7,X8,X9,X10,X11,X12,X13,X14,X15,X16,X17,X18,X19,X20,X21,X22)|~esk171_20(X1,X2,X3,X4,X5,X6,X7,X8,X9,X10,X11,X12,X13,X14,X15,X16,X17,X18,X19,X20)|~esk186_20(X1,X2,X3,X4,X5,X6,X7,X8,X9,X10,X11,X12,X13,X14,X15,X16,X17,X18,X19,X20)|~esk175_20(X1,X2,X3,X4,X5,X6,X7,X8,X9,X10,X11,X12,X13,X14,X15,X16,X17,X18,X19,X20)|~p(X22)|~p(X21)), inference(spm,[status(thm)],[c_0_172, c_0_173])).
cnf(c_0_182,plain,(esk197_22(X1,X2,X3,X4,X5,X6,X7,X8,X9,X10,X11,X12,X13,X14,X15,X16,X17,X18,X19,X20,X21,X22)|~esk186_20(X1,X2,X3,X4,X5,X6,X7,X8,X9,X10,X11,X12,X13,X14,X15,X16,X17,X18,X19,X20)|~esk175_20(X1,X2,X3,X4,X5,X6,X7,X8,X9,X10,X11,X12,X13,X14,X15,X16,X17,X18,X19,X20)|~p(X22)|~p(X21)), inference(spm,[status(thm)],[c_0_30, c_0_173])).
cnf(c_0_183,plain,(esk190_22(X1,X2,X3,X4,X5,X6,X7,X8,X9,X10,X11,X12,X13,X14,X15,X16,X17,X18,X19,X20,X21,X22)|~esk186_20(X1,X2,X3,X4,X5,X6,X7,X8,X9,X10,X11,X12,X13,X14,X15,X16,X17,X18,X19,X20)|~esk175_20(X1,X2,X3,X4,X5,X6,X7,X8,X9,X10,X11,X12,X13,X14,X15,X16,X17,X18,X19,X20)|~p(X22)|~p(X21)), inference(spm,[status(thm)],[c_0_174, c_0_173])).
cnf(c_0_184,plain,(esk187_22(X1,X2,X3,X4,X5,X6,X7,X8,X9,X10,X11,X12,X13,X14,X15,X16,X17,X18,X19,X20,X21,X22)|p(X22)|p(X21)), inference(spm,[status(thm)],[c_0_175, c_0_31])).
cnf(c_0_185,plain,(esk171_20(X1,X2,X3,X4,X5,X6,X7,X8,X9,X10,X11,X12,X13,X14,X15,X16,X17,X18,X19,X20)|~esk178_20(X1,X2,X3,X4,X5,X6,X7,X8,X9,X10,X11,X12,X13,X14,X15,X16,X17,X18,X19,X20)|~esk146_17(X1,X2,X3,X4,X5,X6,X7,X8,X9,X10,X11,X12,X13,X14,X15,X16,X17)|~esk150_17(X1,X2,X3,X4,X5,X6,X7,X8,X9,X10,X11,X12,X13,X14,X15,X16,X17)), inference(spm,[status(thm)],[c_0_176, c_0_32])).
cnf(c_0_186,plain,(p(X1)|p(X2)|~esk167_20(X3,X4,X5,X6,X7,X8,X9,X10,X11,X12,X13,X14,X15,X16,X17,X18,X19,X2,X1,X20)|~esk150_17(X3,X4,X5,X6,X7,X8,X9,X10,X11,X12,X13,X14,X15,X16,X17,X18,X19)|~p(X20)), inference(spm,[status(thm)],[c_0_33, c_0_34])).
cnf(c_0_187,plain,(~esk149_17(X1,X2,X3,X4,X5,X6,X7,X8,X9,X10,X11,X12,X13,X14,X15,X16,X17)|~esk150_17(X1,X2,X3,X4,X5,X6,X7,X8,X9,X10,X11,X12,X13,X14,X15,X16,X17)|~esk215_23(X1,X2,X3,X4,X5,X6,X7,X8,X9,X10,X11,X12,X13,X14,X15,X16,X17,X18,X19,X20,X21,X22,X23)), inference(spm,[status(thm)],[c_0_35, c_0_36])).
cnf(c_0_188,plain,(esk146_17(X1,X2,X3,X4,X5,X6,X7,X8,X9,X10,X11,X12,X13,X14,X15,X16,X17)|esk152_17(X1,X2,X3,X4,X5,X6,X7,X8,X9,X10,X11,X12,X13,X14,X15,X16,X17)|~esk247_23(X1,X2,X3,X4,X5,X6,X7,X8,X9,X10,X11,X12,X13,X14,X15,X16,X17,X18,X19,X20,X21,X22,X23)), inference(spm,[status(thm)],[c_0_37, c_0_38])).
cnf(c_0_189,plain,(esk169_20(X1,X2,X3,X4,X5,X6,X7,X8,X9,X10,X11,X12,X13,X14,X15,X16,X17,X18,X19,X20)|~esk144_17(X1,X2,X3,X4,X5,X6,X7,X8,X9,X10,X11,X12,X13,X14,X15,X16,X17)|~esk176_20(X1,X2,X3,X4,X5,X6,X7,X8,X9,X10,X11,X12,X13,X14,X15,X16,X17,X18,X19,X20)|~esk152_17(X1,X2,X3,X4,X5,X6,X7,X8,X9,X10,X11,X12,X13,X14,X15,X16,X17)), inference(spm,[status(thm)],[c_0_177, c_0_39])).
cnf(c_0_190,plain,(esk170_20(X1,X2,X3,X4,X5,X6,X7,X8,X9,X10,X11,X12,X13,X14,X15,X16,X17,X18,X19,X20)|p(X18)|~esk152_17(X1,X2,X3,X4,X5,X6,X7,X8,X9,X10,X11,X12,X13,X14,X15,X16,X17)|~p(X20)|~p(X19)), inference(spm,[status(thm)],[c_0_178, c_0_179])).
cnf(c_0_191,plain,(esk185_20(X1,X2,X3,X4,X5,X6,X7,X8,X9,X10,X11,X12,X13,X14,X15,X16,X17,X18,X19,X20)|p(X18)|~esk152_17(X1,X2,X3,X4,X5,X6,X7,X8,X9,X10,X11,X12,X13,X14,X15,X16,X17)|~p(X20)|~p(X19)), inference(spm,[status(thm)],[c_0_40, c_0_179])).
cnf(c_0_192,plain,(esk144_17(X1,X2,X3,X4,X5,X6,X7,X8,X9,X10,X11,X12,X13,X14,X15,X16,X17)|p(X16)|~esk162_17(X1,X2,X3,X4,X5,X6,X7,X8,X9,X10,X11,X12,X13,X14,X15,X16,X17)|~p(X17)|~p(X15)), inference(spm,[status(thm)],[c_0_41, c_0_180])).
cnf(c_0_193,plain,(p(X1)|~esk124_14(X2,X3,X4,X5,X6,X7,X8,X9,X10,X11,X12,X13,X14,X15)|~esk140_17(X2,X3,X4,X5,X6,X7,X8,X9,X10,X11,X12,X13,X14,X15,X16,X1,X17)|~p(X16)|~p(X17)), inference(spm,[status(thm)],[c_0_42, c_0_43])).
cnf(c_0_194,plain,(esk140_17(X1,X2,X3,X4,X5,X6,X7,X8,X9,X10,X11,X12,X13,X14,X15,X16,X17)|p(X17)|~esk255_23(X1,X2,X3,X4,X5,X6,X7,X8,X9,X10,X11,X12,X13,X14,X15,X16,X17,X18,X19,X20,X21,X22,X23)), inference(csr,[status(thm)],[inference(csr,[status(thm)],[inference(csr,[status(thm)],[inference(spm,[status(thm)],[c_0_44, c_0_45]), c_0_46]), c_0_47]), c_0_48])).
cnf(c_0_195,plain,(~esk171_20(X1,X2,X3,X4,X5,X6,X7,X8,X9,X10,X11,X12,X13,X14,X15,X16,X17,X18,X19,X20)|~esk186_20(X1,X2,X3,X4,X5,X6,X7,X8,X9,X10,X11,X12,X13,X14,X15,X16,X17,X18,X19,X20)|~esk175_20(X1,X2,X3,X4,X5,X6,X7,X8,X9,X10,X11,X12,X13,X14,X15,X16,X17,X18,X19,X20)|~p(X21)|~p(X22)), inference(csr,[status(thm)],[inference(csr,[status(thm)],[inference(spm,[status(thm)],[c_0_49, c_0_181]), c_0_182]), c_0_183])).
cnf(c_0_196,plain,(esk186_20(X1,X2,X3,X4,X5,X6,X7,X8,X9,X10,X11,X12,X13,X14,X15,X16,X17,X18,X19,X20)|p(X21)), inference(condense,[status(thm)],[inference(spm,[status(thm)],[c_0_50, c_0_184])])).
cnf(c_0_197,plain,(esk171_20(X1,X2,X3,X4,X5,X6,X7,X8,X9,X10,X11,X12,X13,X14,X15,X16,X17,X18,X19,X20)|~esk146_17(X1,X2,X3,X4,X5,X6,X7,X8,X9,X10,X11,X12,X13,X14,X15,X16,X17)|~esk168_20(X1,X2,X3,X4,X5,X6,X7,X8,X9,X10,X11,X12,X13,X14,X15,X16,X17,X18,X19,X20)|~esk150_17(X1,X2,X3,X4,X5,X6,X7,X8,X9,X10,X11,X12,X13,X14,X15,X16,X17)), inference(spm,[status(thm)],[c_0_185, c_0_51])).
cnf(c_0_198,plain,(esk168_20(X1,X2,X3,X4,X5,X6,X7,X8,X9,X10,X11,X12,X13,X14,X15,X16,X17,X18,X19,X20)|p(X18)|p(X19)|~esk150_17(X1,X2,X3,X4,X5,X6,X7,X8,X9,X10,X11,X12,X13,X14,X15,X16,X17)|~p(X20)), inference(csr,[status(thm)],[inference(spm,[status(thm)],[c_0_186, c_0_27]), c_0_171])).
cnf(c_0_199,plain,(esk175_20(X1,X2,X3,X4,X5,X6,X7,X8,X9,X10,X11,X12,X13,X14,X15,X16,X17,X18,X19,X20)|~esk149_17(X1,X2,X3,X4,X5,X6,X7,X8,X9,X10,X11,X12,X13,X14,X15,X16,X17)|~esk150_17(X1,X2,X3,X4,X5,X6,X7,X8,X9,X10,X11,X12,X13,X14,X15,X16,X17)|~esk181_20(X1,X2,X3,X4,X5,X6,X7,X8,X9,X10,X11,X12,X13,X14,X15,X16,X17,X18,X19,X20)), inference(spm,[status(thm)],[c_0_187, c_0_52])).
cnf(c_0_200,plain,(~esk246_23(X1,X2,X3,X4,X5,X6,X7,X8,X9,X10,X11,X12,X13,X14,X15,X16,X17,X18,X19,X20,X21,X22,X23)|~esk124_14(X1,X2,X3,X4,X5,X6,X7,X8,X9,X10,X11,X12,X13,X14)|~esk116_14(X1,X2,X3,X4,X5,X6,X7,X8,X9,X10,X11,X12,X13,X14)), inference(spm,[status(thm)],[c_0_53, c_0_54])).
cnf(c_0_201,plain,(esk246_23(X1,X2,X3,X4,X5,X6,X7,X8,X9,X10,X11,X12,X13,X14,X15,X16,X17,X18,X19,X20,X21,X22,X23)|esk146_17(X1,X2,X3,X4,X5,X6,X7,X8,X9,X10,X11,X12,X13,X14,X15,X16,X17)|esk152_17(X1,X2,X3,X4,X5,X6,X7,X8,X9,X10,X11,X12,X13,X14,X15,X16,X17)|~esk155_17(X1,X2,X3,X4,X5,X6,X7,X8,X9,X10,X11,X12,X13,X14,X15,X16,X17)), inference(spm,[status(thm)],[c_0_188, c_0_55])).
cnf(c_0_202,plain,(esk169_20(X1,X2,X3,X4,X5,X6,X7,X8,X9,X10,X11,X12,X13,X14,X15,X16,X17,X18,X19,X20)|~esk144_17(X1,X2,X3,X4,X5,X6,X7,X8,X9,X10,X11,X12,X13,X14,X15,X16,X17)|~esk152_17(X1,X2,X3,X4,X5,X6,X7,X8,X9,X10,X11,X12,X13,X14,X15,X16,X17)|~esk168_20(X1,X2,X3,X4,X5,X6,X7,X8,X9,X10,X11,X12,X13,X14,X15,X16,X17,X18,X19,X20)), inference(spm,[status(thm)],[c_0_189, c_0_56])).
cnf(c_0_203,plain,(p(X1)|~esk169_20(X2,X3,X4,X5,X6,X7,X8,X9,X10,X11,X12,X13,X14,X15,X16,X17,X18,X1,X19,X20)|~esk152_17(X2,X3,X4,X5,X6,X7,X8,X9,X10,X11,X12,X13,X14,X15,X16,X17,X18)|~p(X20)|~p(X19)), inference(csr,[status(thm)],[inference(spm,[status(thm)],[c_0_57, c_0_190]), c_0_191])).
cnf(c_0_204,plain,(esk144_17(X1,X2,X3,X4,X5,X6,X7,X8,X9,X10,X11,X12,X13,X14,X15,X16,X17)|p(X16)|~esk141_17(X1,X2,X3,X4,X5,X6,X7,X8,X9,X10,X11,X12,X13,X14,X15,X16,X17)|~p(X17)|~p(X15)), inference(spm,[status(thm)],[c_0_192, c_0_58])).
cnf(c_0_205,plain,(esk141_17(X1,X2,X3,X4,X5,X6,X7,X8,X9,X10,X11,X12,X13,X14,X15,X16,X17)|p(X16)|~esk124_14(X1,X2,X3,X4,X5,X6,X7,X8,X9,X10,X11,X12,X13,X14)|~esk139_14(X1,X2,X3,X4,X5,X6,X7,X8,X9,X10,X11,X12,X13,X14)|~p(X15)|~p(X17)), inference(spm,[status(thm)],[c_0_193, c_0_59])).
cnf(c_0_206,plain,(esk140_17(X1,X2,X3,X4,X5,X6,X7,X8,X9,X10,X11,X12,X13,X14,X15,X16,X17)|p(X16)|p(X17)), inference(spm,[status(thm)],[c_0_194, c_0_60])).
cnf(c_0_207,plain,(esk246_23(X1,X2,X3,X4,X5,X6,X7,X8,X9,X10,X11,X12,X13,X14,X15,X16,X17,X18,X19,X20,X21,X22,X23)|esk150_17(X1,X2,X3,X4,X5,X6,X7,X8,X9,X10,X11,X12,X13,X14,X15,X16,X17)|~esk155_17(X1,X2,X3,X4,X5,X6,X7,X8,X9,X10,X11,X12,X13,X14,X15,X16,X17)), inference(spm,[status(thm)],[c_0_61, c_0_55])).
cnf(c_0_208,plain,(esk149_17(X1,X2,X3,X4,X5,X6,X7,X8,X9,X10,X11,X12,X13,X14,X15,X16,X17)|esk142_17(X1,X2,X3,X4,X5,X6,X7,X8,X9,X10,X11,X12,X13,X14,X15,X16,X17)|~esk247_23(X1,X2,X3,X4,X5,X6,X7,X8,X9,X10,X11,X12,X13,X14,X15,X16,X17,X18,X19,X20,X21,X22,X23)), inference(spm,[status(thm)],[c_0_62, c_0_63])).
cnf(c_0_209,plain,(p(X1)|~esk171_20(X2,X3,X4,X5,X6,X7,X8,X9,X10,X11,X12,X13,X14,X15,X16,X17,X18,X19,X20,X21)|~esk175_20(X2,X3,X4,X5,X6,X7,X8,X9,X10,X11,X12,X13,X14,X15,X16,X17,X18,X19,X20,X21)|~p(X22)), inference(condense,[status(thm)],[inference(spm,[status(thm)],[c_0_195, c_0_196])])).
cnf(c_0_210,plain,(esk171_20(X1,X2,X3,X4,X5,X6,X7,X8,X9,X10,X11,X12,X13,X14,X15,X16,X17,X18,X19,X20)|p(X19)|p(X18)|~esk146_17(X1,X2,X3,X4,X5,X6,X7,X8,X9,X10,X11,X12,X13,X14,X15,X16,X17)|~esk150_17(X1,X2,X3,X4,X5,X6,X7,X8,X9,X10,X11,X12,X13,X14,X15,X16,X17)|~p(X20)), inference(spm,[status(thm)],[c_0_197, c_0_198])).
cnf(c_0_211,plain,(esk175_20(X1,X2,X3,X4,X5,X6,X7,X8,X9,X10,X11,X12,X13,X14,X15,X16,X17,X18,X19,X20)|~esk149_17(X1,X2,X3,X4,X5,X6,X7,X8,X9,X10,X11,X12,X13,X14,X15,X16,X17)|~esk168_20(X1,X2,X3,X4,X5,X6,X7,X8,X9,X10,X11,X12,X13,X14,X15,X16,X17,X18,X19,X20)|~esk150_17(X1,X2,X3,X4,X5,X6,X7,X8,X9,X10,X11,X12,X13,X14,X15,X16,X17)), inference(spm,[status(thm)],[c_0_199, c_0_64])).
cnf(c_0_212,plain,(esk146_17(X1,X2,X3,X4,X5,X6,X7,X8,X9,X10,X11,X12,X13,X14,X15,X16,X17)|esk152_17(X1,X2,X3,X4,X5,X6,X7,X8,X9,X10,X11,X12,X13,X14,X15,X16,X17)|~esk155_17(X1,X2,X3,X4,X5,X6,X7,X8,X9,X10,X11,X12,X13,X14,X15,X16,X17)|~esk124_14(X1,X2,X3,X4,X5,X6,X7,X8,X9,X10,X11,X12,X13,X14)|~esk116_14(X1,X2,X3,X4,X5,X6,X7,X8,X9,X10,X11,X12,X13,X14)), inference(spm,[status(thm)],[c_0_200, c_0_201])).
cnf(c_0_213,plain,(p(X1)|~esk144_17(X2,X3,X4,X5,X6,X7,X8,X9,X10,X11,X12,X13,X14,X15,X16,X17,X18)|~esk152_17(X2,X3,X4,X5,X6,X7,X8,X9,X10,X11,X12,X13,X14,X15,X16,X17,X18)|~p(X19)|~p(X20)), inference(csr,[status(thm)],[inference(spm,[status(thm)],[c_0_202, c_0_179]), c_0_203])).
cnf(c_0_214,plain,(esk144_17(X1,X2,X3,X4,X5,X6,X7,X8,X9,X10,X11,X12,X13,X14,X15,X16,X17)|p(X16)|~esk124_14(X1,X2,X3,X4,X5,X6,X7,X8,X9,X10,X11,X12,X13,X14)|~esk139_14(X1,X2,X3,X4,X5,X6,X7,X8,X9,X10,X11,X12,X13,X14)|~p(X17)|~p(X15)), inference(spm,[status(thm)],[c_0_204, c_0_205])).
cnf(c_0_215,plain,(esk139_14(X1,X2,X3,X4,X5,X6,X7,X8,X9,X10,X11,X12,X13,X14)|p(X15)), inference(condense,[status(thm)],[inference(spm,[status(thm)],[c_0_65, c_0_206])])).
cnf(c_0_216,plain,(esk150_17(X1,X2,X3,X4,X5,X6,X7,X8,X9,X10,X11,X12,X13,X14,X15,X16,X17)|~esk155_17(X1,X2,X3,X4,X5,X6,X7,X8,X9,X10,X11,X12,X13,X14,X15,X16,X17)|~esk124_14(X1,X2,X3,X4,X5,X6,X7,X8,X9,X10,X11,X12,X13,X14)|~esk116_14(X1,X2,X3,X4,X5,X6,X7,X8,X9,X10,X11,X12,X13,X14)), inference(spm,[status(thm)],[c_0_200, c_0_207])).
cnf(c_0_217,plain,(esk246_23(X1,X2,X3,X4,X5,X6,X7,X8,X9,X10,X11,X12,X13,X14,X15,X16,X17,X18,X19,X20,X21,X22,X23)|esk149_17(X1,X2,X3,X4,X5,X6,X7,X8,X9,X10,X11,X12,X13,X14,X15,X16,X17)|esk142_17(X1,X2,X3,X4,X5,X6,X7,X8,X9,X10,X11,X12,X13,X14,X15,X16,X17)|~esk155_17(X1,X2,X3,X4,X5,X6,X7,X8,X9,X10,X11,X12,X13,X14,X15,X16,X17)), inference(spm,[status(thm)],[c_0_208, c_0_55])).
cnf(c_0_218,plain,(p(X1)|p(X2)|~esk146_17(X3,X4,X5,X6,X7,X8,X9,X10,X11,X12,X13,X14,X15,X16,X17,X18,X19)|~esk150_17(X3,X4,X5,X6,X7,X8,X9,X10,X11,X12,X13,X14,X15,X16,X17,X18,X19)|~esk175_20(X3,X4,X5,X6,X7,X8,X9,X10,X11,X12,X13,X14,X15,X16,X17,X18,X19,X1,X2,X20)|~p(X20)), inference(condense,[status(thm)],[inference(spm,[status(thm)],[c_0_209, c_0_210])])).
cnf(c_0_219,plain,(esk175_20(X1,X2,X3,X4,X5,X6,X7,X8,X9,X10,X11,X12,X13,X14,X15,X16,X17,X18,X19,X20)|p(X19)|p(X18)|~esk149_17(X1,X2,X3,X4,X5,X6,X7,X8,X9,X10,X11,X12,X13,X14,X15,X16,X17)|~esk150_17(X1,X2,X3,X4,X5,X6,X7,X8,X9,X10,X11,X12,X13,X14,X15,X16,X17)|~p(X20)), inference(spm,[status(thm)],[c_0_211, c_0_198])).
cnf(c_0_220,plain,(esk146_17(X1,X2,X3,X4,X5,X6,X7,X8,X9,X10,X11,X12,X13,X14,X15,X16,X17)|esk152_17(X1,X2,X3,X4,X5,X6,X7,X8,X9,X10,X11,X12,X13,X14,X15,X16,X17)|~esk124_14(X1,X2,X3,X4,X5,X6,X7,X8,X9,X10,X11,X12,X13,X14)|~esk116_14(X1,X2,X3,X4,X5,X6,X7,X8,X9,X10,X11,X12,X13,X14)|~esk141_17(X1,X2,X3,X4,X5,X6,X7,X8,X9,X10,X11,X12,X13,X14,X15,X16,X17)), inference(spm,[status(thm)],[c_0_212, c_0_66])).
cnf(c_0_221,plain,(p(X1)|~esk124_14(X2,X3,X4,X5,X6,X7,X8,X9,X10,X11,X12,X13,X14,X15)|~esk152_17(X2,X3,X4,X5,X6,X7,X8,X9,X10,X11,X12,X13,X14,X15,X16,X1,X17)|~p(X17)|~p(X16)), inference(csr,[status(thm)],[inference(condense,[status(thm)],[inference(spm,[status(thm)],[c_0_213, c_0_214])]), c_0_215])).
cnf(c_0_222,plain,(esk150_17(X1,X2,X3,X4,X5,X6,X7,X8,X9,X10,X11,X12,X13,X14,X15,X16,X17)|~esk124_14(X1,X2,X3,X4,X5,X6,X7,X8,X9,X10,X11,X12,X13,X14)|~esk116_14(X1,X2,X3,X4,X5,X6,X7,X8,X9,X10,X11,X12,X13,X14)|~esk141_17(X1,X2,X3,X4,X5,X6,X7,X8,X9,X10,X11,X12,X13,X14,X15,X16,X17)), inference(spm,[status(thm)],[c_0_216, c_0_66])).
cnf(c_0_223,plain,(esk149_17(X1,X2,X3,X4,X5,X6,X7,X8,X9,X10,X11,X12,X13,X14,X15,X16,X17)|esk142_17(X1,X2,X3,X4,X5,X6,X7,X8,X9,X10,X11,X12,X13,X14,X15,X16,X17)|~esk155_17(X1,X2,X3,X4,X5,X6,X7,X8,X9,X10,X11,X12,X13,X14,X15,X16,X17)|~esk124_14(X1,X2,X3,X4,X5,X6,X7,X8,X9,X10,X11,X12,X13,X14)|~esk116_14(X1,X2,X3,X4,X5,X6,X7,X8,X9,X10,X11,X12,X13,X14)), inference(spm,[status(thm)],[c_0_200, c_0_217])).
cnf(c_0_224,plain,(p(X1)|~esk146_17(X2,X3,X4,X5,X6,X7,X8,X9,X10,X11,X12,X13,X14,X15,X16,X17,X18)|~esk149_17(X2,X3,X4,X5,X6,X7,X8,X9,X10,X11,X12,X13,X14,X15,X16,X17,X18)|~esk150_17(X2,X3,X4,X5,X6,X7,X8,X9,X10,X11,X12,X13,X14,X15,X16,X17,X18)|~p(X19)), inference(condense,[status(thm)],[inference(spm,[status(thm)],[c_0_218, c_0_219])])).
cnf(c_0_225,plain,(esk146_17(X1,X2,X3,X4,X5,X6,X7,X8,X9,X10,X11,X12,X13,X14,X15,X16,X17)|p(X16)|~esk124_14(X1,X2,X3,X4,X5,X6,X7,X8,X9,X10,X11,X12,X13,X14)|~esk116_14(X1,X2,X3,X4,X5,X6,X7,X8,X9,X10,X11,X12,X13,X14)|~p(X15)|~p(X17)), inference(csr,[status(thm)],[inference(csr,[status(thm)],[inference(spm,[status(thm)],[c_0_220, c_0_205]), c_0_215]), c_0_221])).
cnf(c_0_226,plain,(esk150_17(X1,X2,X3,X4,X5,X6,X7,X8,X9,X10,X11,X12,X13,X14,X15,X16,X17)|p(X16)|~esk124_14(X1,X2,X3,X4,X5,X6,X7,X8,X9,X10,X11,X12,X13,X14)|~esk116_14(X1,X2,X3,X4,X5,X6,X7,X8,X9,X10,X11,X12,X13,X14)|~p(X15)|~p(X17)), inference(csr,[status(thm)],[inference(spm,[status(thm)],[c_0_222, c_0_205]), c_0_215])).
cnf(c_0_227,plain,(esk149_17(X1,X2,X3,X4,X5,X6,X7,X8,X9,X10,X11,X12,X13,X14,X15,X16,X17)|esk142_17(X1,X2,X3,X4,X5,X6,X7,X8,X9,X10,X11,X12,X13,X14,X15,X16,X17)|~esk124_14(X1,X2,X3,X4,X5,X6,X7,X8,X9,X10,X11,X12,X13,X14)|~esk116_14(X1,X2,X3,X4,X5,X6,X7,X8,X9,X10,X11,X12,X13,X14)|~esk141_17(X1,X2,X3,X4,X5,X6,X7,X8,X9,X10,X11,X12,X13,X14,X15,X16,X17)), inference(spm,[status(thm)],[c_0_223, c_0_66])).
cnf(c_0_228,plain,(esk143_17(X1,X2,X3,X4,X5,X6,X7,X8,X9,X10,X11,X12,X13,X14,X15,X16,X17)|esk233_23(X1,X2,X3,X4,X5,X6,X7,X8,X9,X10,X11,X12,X13,X14,X15,X16,X17,X18,X19,X20,X21,X22,X23)|~esk162_17(X1,X2,X3,X4,X5,X6,X7,X8,X9,X10,X11,X12,X13,X14,X15,X16,X17)), inference(spm,[status(thm)],[c_0_67, c_0_29])).
cnf(c_0_229,plain,(p(X1)|~esk149_17(X2,X3,X4,X5,X6,X7,X8,X9,X10,X11,X12,X13,X14,X15,X16,X1,X17)|~esk124_14(X2,X3,X4,X5,X6,X7,X8,X9,X10,X11,X12,X13,X14,X15)|~esk116_14(X2,X3,X4,X5,X6,X7,X8,X9,X10,X11,X12,X13,X14,X15)|~p(X16)|~p(X17)), inference(csr,[status(thm)],[inference(condense,[status(thm)],[inference(spm,[status(thm)],[c_0_224, c_0_225])]), c_0_226])).
cnf(c_0_230,plain,(esk149_17(X1,X2,X3,X4,X5,X6,X7,X8,X9,X10,X11,X12,X13,X14,X15,X16,X17)|esk142_17(X1,X2,X3,X4,X5,X6,X7,X8,X9,X10,X11,X12,X13,X14,X15,X16,X17)|p(X16)|~esk124_14(X1,X2,X3,X4,X5,X6,X7,X8,X9,X10,X11,X12,X13,X14)|~esk116_14(X1,X2,X3,X4,X5,X6,X7,X8,X9,X10,X11,X12,X13,X14)|~p(X15)|~p(X17)), inference(csr,[status(thm)],[inference(spm,[status(thm)],[c_0_227, c_0_205]), c_0_215])).
cnf(c_0_231,plain,(esk143_17(X1,X2,X3,X4,X5,X6,X7,X8,X9,X10,X11,X12,X13,X14,X15,X16,X17)|p(X16)|~esk162_17(X1,X2,X3,X4,X5,X6,X7,X8,X9,X10,X11,X12,X13,X14,X15,X16,X17)|~p(X17)|~p(X15)), inference(spm,[status(thm)],[c_0_41, c_0_228])).
cnf(c_0_232,plain,(esk124_14(X1,X2,X3,X4,X5,X6,X7,X8,X9,X10,X11,X12,X13,X14)|~esk137_14(X1,X2,X3,X4,X5,X6,X7,X8,X9,X10,X11,X12,X13,X14)|~p(X12)|~p(X14)|~p(X13)), inference(spm,[status(thm)],[c_0_68, c_0_69])).
cnf(c_0_233,plain,(~esk274_23(X1,X2,X3,X4,X5,X6,X7,X8,X9,X10,X11,X12,X13,X14,X15,X16,X17,X18,X19,X20,X21,X22,X23)|~esk87_11(X1,X2,X3,X4,X5,X6,X7,X8,X9,X10,X11)|~esk97_11(X1,X2,X3,X4,X5,X6,X7,X8,X9,X10,X11)), inference(spm,[status(thm)],[c_0_70, c_0_71])).
cnf(c_0_234,plain,(esk274_23(X1,X2,X3,X4,X5,X6,X7,X8,X9,X10,X11,X12,X13,X14,X15,X16,X17,X18,X19,X20,X21,X22,X23)|esk116_14(X1,X2,X3,X4,X5,X6,X7,X8,X9,X10,X11,X12,X13,X14)|~esk128_14(X1,X2,X3,X4,X5,X6,X7,X8,X9,X10,X11,X12,X13,X14)), inference(spm,[status(thm)],[c_0_72, c_0_73])).
cnf(c_0_235,plain,(esk142_17(X1,X2,X3,X4,X5,X6,X7,X8,X9,X10,X11,X12,X13,X14,X15,X16,X17)|p(X16)|~esk124_14(X1,X2,X3,X4,X5,X6,X7,X8,X9,X10,X11,X12,X13,X14)|~esk116_14(X1,X2,X3,X4,X5,X6,X7,X8,X9,X10,X11,X12,X13,X14)|~p(X15)|~p(X17)), inference(spm,[status(thm)],[c_0_229, c_0_230])).
cnf(c_0_236,plain,(esk143_17(X1,X2,X3,X4,X5,X6,X7,X8,X9,X10,X11,X12,X13,X14,X15,X16,X17)|p(X16)|~esk141_17(X1,X2,X3,X4,X5,X6,X7,X8,X9,X10,X11,X12,X13,X14,X15,X16,X17)|~p(X17)|~p(X15)), inference(spm,[status(thm)],[c_0_231, c_0_58])).
cnf(c_0_237,plain,(esk124_14(X1,X2,X3,X4,X5,X6,X7,X8,X9,X10,X11,X12,X13,X14)|~esk112_14(X1,X2,X3,X4,X5,X6,X7,X8,X9,X10,X11,X12,X13,X14)|~p(X12)|~p(X14)|~p(X13)), inference(spm,[status(thm)],[c_0_232, c_0_74])).
cnf(c_0_238,plain,(esk111_14(X1,X2,X3,X4,X5,X6,X7,X8,X9,X10,X11,X12,X13,X14)|p(X14)|~esk283_23(X1,X2,X3,X4,X5,X6,X7,X8,X9,X10,X11,X12,X13,X14,X15,X16,X17,X18,X19,X20,X21,X22,X23)), inference(csr,[status(thm)],[inference(csr,[status(thm)],[inference(csr,[status(thm)],[inference(spm,[status(thm)],[c_0_75, c_0_76]), c_0_77]), c_0_78]), c_0_79])).
cnf(c_0_239,plain,(esk116_14(X1,X2,X3,X4,X5,X6,X7,X8,X9,X10,X11,X12,X13,X14)|~esk128_14(X1,X2,X3,X4,X5,X6,X7,X8,X9,X10,X11,X12,X13,X14)|~esk87_11(X1,X2,X3,X4,X5,X6,X7,X8,X9,X10,X11)|~esk97_11(X1,X2,X3,X4,X5,X6,X7,X8,X9,X10,X11)), inference(spm,[status(thm)],[c_0_233, c_0_234])).
cnf(c_0_240,plain,(p(X1)|~esk124_14(X2,X3,X4,X5,X6,X7,X8,X9,X10,X11,X12,X13,X14,X15)|~esk143_17(X2,X3,X4,X5,X6,X7,X8,X9,X10,X11,X12,X13,X14,X15,X16,X1,X17)|~esk116_14(X2,X3,X4,X5,X6,X7,X8,X9,X10,X11,X12,X13,X14,X15)|~esk165_17(X2,X3,X4,X5,X6,X7,X8,X9,X10,X11,X12,X13,X14,X15,X16,X1,X17)|~p(X16)|~p(X17)), inference(spm,[status(thm)],[c_0_80, c_0_235])).
cnf(c_0_241,plain,(esk143_17(X1,X2,X3,X4,X5,X6,X7,X8,X9,X10,X11,X12,X13,X14,X15,X16,X17)|p(X16)|~esk124_14(X1,X2,X3,X4,X5,X6,X7,X8,X9,X10,X11,X12,X13,X14)|~esk139_14(X1,X2,X3,X4,X5,X6,X7,X8,X9,X10,X11,X12,X13,X14)|~p(X17)|~p(X15)), inference(spm,[status(thm)],[c_0_236, c_0_205])).
cnf(c_0_242,plain,(esk165_17(X1,X2,X3,X4,X5,X6,X7,X8,X9,X10,X11,X12,X13,X14,X15,X16,X17)|p(X16)|~esk124_14(X1,X2,X3,X4,X5,X6,X7,X8,X9,X10,X11,X12,X13,X14)|~esk139_14(X1,X2,X3,X4,X5,X6,X7,X8,X9,X10,X11,X12,X13,X14)|~p(X15)|~p(X17)), inference(spm,[status(thm)],[c_0_81, c_0_205])).
cnf(c_0_243,plain,(~esk97_11(X1,X2,X3,X4,X5,X6,X7,X8,X9,X10,X11)|~esk111_14(X1,X2,X3,X4,X5,X6,X7,X8,X9,X10,X11,X12,X13,X14)|~p(X13)|~p(X12)|~p(X14)), inference(spm,[status(thm)],[c_0_82, c_0_83])).
cnf(c_0_244,plain,(esk124_14(X1,X2,X3,X4,X5,X6,X7,X8,X9,X10,X11,X12,X13,X14)|esk111_14(X1,X2,X3,X4,X5,X6,X7,X8,X9,X10,X11,X12,X13,X14)|~esk110_11(X1,X2,X3,X4,X5,X6,X7,X8,X9,X10,X11)|~p(X12)|~p(X14)|~p(X13)), inference(spm,[status(thm)],[c_0_237, c_0_84])).
cnf(c_0_245,plain,(esk111_14(X1,X2,X3,X4,X5,X6,X7,X8,X9,X10,X11,X12,X13,X14)|p(X12)|p(X14)), inference(spm,[status(thm)],[c_0_238, c_0_85])).
cnf(c_0_246,plain,(esk116_14(X1,X2,X3,X4,X5,X6,X7,X8,X9,X10,X11,X12,X13,X14)|~esk87_11(X1,X2,X3,X4,X5,X6,X7,X8,X9,X10,X11)|~esk97_11(X1,X2,X3,X4,X5,X6,X7,X8,X9,X10,X11)|~esk112_14(X1,X2,X3,X4,X5,X6,X7,X8,X9,X10,X11,X12,X13,X14)), inference(spm,[status(thm)],[c_0_239, c_0_86])).
cnf(c_0_247,plain,(~esk68_8(X1,X2,X3,X4,X5,X6,X7,X8)|~esk302_23(X1,X2,X3,X4,X5,X6,X7,X8,X9,X10,X11,X12,X13,X14,X15,X16,X17,X18,X19,X20,X21,X22,X23)|~esk58_8(X1,X2,X3,X4,X5,X6,X7,X8)), inference(spm,[status(thm)],[c_0_87, c_0_88])).
cnf(c_0_248,plain,(esk87_11(X1,X2,X3,X4,X5,X6,X7,X8,X9,X10,X11)|esk302_23(X1,X2,X3,X4,X5,X6,X7,X8,X9,X10,X11,X12,X13,X14,X15,X16,X17,X18,X19,X20,X21,X22,X23)|~esk99_11(X1,X2,X3,X4,X5,X6,X7,X8,X9,X10,X11)), inference(spm,[status(thm)],[c_0_89, c_0_90])).
cnf(c_0_249,plain,(p(X1)|~esk124_14(X2,X3,X4,X5,X6,X7,X8,X9,X10,X11,X12,X13,X14,X15)|~esk116_14(X2,X3,X4,X5,X6,X7,X8,X9,X10,X11,X12,X13,X14,X15)|~p(X16)|~p(X17)), inference(csr,[status(thm)],[inference(csr,[status(thm)],[inference(spm,[status(thm)],[c_0_240, c_0_241]), c_0_242]), c_0_215])).
cnf(c_0_250,plain,(esk124_14(X1,X2,X3,X4,X5,X6,X7,X8,X9,X10,X11,X12,X13,X14)|~esk97_11(X1,X2,X3,X4,X5,X6,X7,X8,X9,X10,X11)|~esk110_11(X1,X2,X3,X4,X5,X6,X7,X8,X9,X10,X11)|~p(X13)|~p(X12)|~p(X14)), inference(spm,[status(thm)],[c_0_243, c_0_244])).
cnf(c_0_251,plain,(esk110_11(X1,X2,X3,X4,X5,X6,X7,X8,X9,X10,X11)|p(X12)), inference(condense,[status(thm)],[inference(spm,[status(thm)],[c_0_91, c_0_245])])).
cnf(c_0_252,plain,(esk116_14(X1,X2,X3,X4,X5,X6,X7,X8,X9,X10,X11,X12,X13,X14)|esk111_14(X1,X2,X3,X4,X5,X6,X7,X8,X9,X10,X11,X12,X13,X14)|~esk87_11(X1,X2,X3,X4,X5,X6,X7,X8,X9,X10,X11)|~esk97_11(X1,X2,X3,X4,X5,X6,X7,X8,X9,X10,X11)|~esk110_11(X1,X2,X3,X4,X5,X6,X7,X8,X9,X10,X11)), inference(spm,[status(thm)],[c_0_246, c_0_84])).
cnf(c_0_253,plain,(esk87_11(X1,X2,X3,X4,X5,X6,X7,X8,X9,X10,X11)|~esk99_11(X1,X2,X3,X4,X5,X6,X7,X8,X9,X10,X11)|~esk68_8(X1,X2,X3,X4,X5,X6,X7,X8)|~esk58_8(X1,X2,X3,X4,X5,X6,X7,X8)), inference(spm,[status(thm)],[c_0_247, c_0_248])).
cnf(c_0_254,plain,(~esk68_8(X1,X2,X3,X4,X5,X6,X7,X8)|~esk82_11(X1,X2,X3,X4,X5,X6,X7,X8,X9,X10,X11)|~p(X11)|~p(X10)|~p(X9)), inference(spm,[status(thm)],[c_0_92, c_0_93])).
cnf(c_0_255,plain,(esk82_11(X1,X2,X3,X4,X5,X6,X7,X8,X9,X10,X11)|p(X11)|~esk311_23(X1,X2,X3,X4,X5,X6,X7,X8,X9,X10,X11,X12,X13,X14,X15,X16,X17,X18,X19,X20,X21,X22,X23)), inference(csr,[status(thm)],[inference(csr,[status(thm)],[inference(csr,[status(thm)],[inference(spm,[status(thm)],[c_0_94, c_0_95]), c_0_96]), c_0_97]), c_0_98])).
cnf(c_0_256,plain,(p(X1)|~esk97_11(X2,X3,X4,X5,X6,X7,X8,X9,X10,X11,X12)|~esk116_14(X2,X3,X4,X5,X6,X7,X8,X9,X10,X11,X12,X13,X14,X15)|~p(X14)|~p(X13)|~p(X15)), inference(csr,[status(thm)],[inference(condense,[status(thm)],[inference(spm,[status(thm)],[c_0_249, c_0_250])]), c_0_251])).
cnf(c_0_257,plain,(esk116_14(X1,X2,X3,X4,X5,X6,X7,X8,X9,X10,X11,X12,X13,X14)|~esk87_11(X1,X2,X3,X4,X5,X6,X7,X8,X9,X10,X11)|~esk97_11(X1,X2,X3,X4,X5,X6,X7,X8,X9,X10,X11)|~esk110_11(X1,X2,X3,X4,X5,X6,X7,X8,X9,X10,X11)|~p(X13)|~p(X12)|~p(X14)), inference(spm,[status(thm)],[c_0_243, c_0_252])).
cnf(c_0_258,plain,(esk87_11(X1,X2,X3,X4,X5,X6,X7,X8,X9,X10,X11)|~esk68_8(X1,X2,X3,X4,X5,X6,X7,X8)|~esk58_8(X1,X2,X3,X4,X5,X6,X7,X8)|~esk83_11(X1,X2,X3,X4,X5,X6,X7,X8,X9,X10,X11)), inference(spm,[status(thm)],[c_0_253, c_0_99])).
cnf(c_0_259,plain,(esk83_11(X1,X2,X3,X4,X5,X6,X7,X8,X9,X10,X11)|~esk68_8(X1,X2,X3,X4,X5,X6,X7,X8)|~esk81_8(X1,X2,X3,X4,X5,X6,X7,X8)|~p(X11)|~p(X10)|~p(X9)), inference(spm,[status(thm)],[c_0_254, c_0_100])).
cnf(c_0_260,plain,(esk82_11(X1,X2,X3,X4,X5,X6,X7,X8,X9,X10,X11)|p(X9)|p(X11)), inference(spm,[status(thm)],[c_0_255, c_0_101])).
cnf(c_0_261,plain,(esk97_11(X1,X2,X3,X4,X5,X6,X7,X8,X9,X10,X11)|~esk108_11(X1,X2,X3,X4,X5,X6,X7,X8,X9,X10,X11)|~p(X9)|~p(X10)|~p(X11)), inference(spm,[status(thm)],[c_0_102, c_0_103])).
cnf(c_0_262,plain,(esk53_8(X1,X2,X3,X4,X5,X6,X7,X8)|p(X7)|~esk341_23(X1,X2,X3,X4,X5,X6,X7,X8,X9,X10,X11,X12,X13,X14,X15,X16,X17,X18,X19,X20,X21,X22,X23)|~esk340_23(X1,X2,X3,X4,X5,X6,X7,X8,X9,X10,X11,X12,X13,X14,X15,X16,X17,X18,X19,X20,X21,X22,X23)), inference(csr,[status(thm)],[inference(csr,[status(thm)],[inference(spm,[status(thm)],[c_0_104, c_0_105]), c_0_106]), c_0_107])).
cnf(c_0_263,plain,(p(X1)|~esk87_11(X2,X3,X4,X5,X6,X7,X8,X9,X10,X11,X12)|~esk97_11(X2,X3,X4,X5,X6,X7,X8,X9,X10,X11,X12)|~p(X13)), inference(csr,[status(thm)],[inference(condense,[status(thm)],[inference(spm,[status(thm)],[c_0_256, c_0_257])]), c_0_251])).
cnf(c_0_264,plain,(esk87_11(X1,X2,X3,X4,X5,X6,X7,X8,X9,X10,X11)|~esk68_8(X1,X2,X3,X4,X5,X6,X7,X8)|~esk58_8(X1,X2,X3,X4,X5,X6,X7,X8)|~esk81_8(X1,X2,X3,X4,X5,X6,X7,X8)|~p(X11)|~p(X10)|~p(X9)), inference(spm,[status(thm)],[c_0_258, c_0_259])).
cnf(c_0_265,plain,(esk81_8(X1,X2,X3,X4,X5,X6,X7,X8)|p(X9)), inference(condense,[status(thm)],[inference(spm,[status(thm)],[c_0_108, c_0_260])])).
cnf(c_0_266,plain,(esk97_11(X1,X2,X3,X4,X5,X6,X7,X8,X9,X10,X11)|~esk83_11(X1,X2,X3,X4,X5,X6,X7,X8,X9,X10,X11)|~p(X9)|~p(X10)|~p(X11)), inference(spm,[status(thm)],[c_0_261, c_0_109])).
cnf(c_0_267,plain,(esk68_8(X1,X2,X3,X4,X5,X6,X7,X8)|~esk79_8(X1,X2,X3,X4,X5,X6,X7,X8)|~p(X8)|~p(X7)|~p(X6)), inference(spm,[status(thm)],[c_0_110, c_0_111])).
cnf(c_0_268,plain,(~esk42_5(X1,X2,X3,X4,X5)|~esk53_8(X1,X2,X3,X4,X5,X6,X7,X8)|~p(X8)|~p(X6)|~p(X7)), inference(spm,[status(thm)],[c_0_112, c_0_113])).
cnf(c_0_269,plain,(esk53_8(X1,X2,X3,X4,X5,X6,X7,X8)|p(X6)|p(X7)|~esk340_23(X1,X2,X3,X4,X5,X6,X7,X8,X9,X10,X11,X12,X13,X14,X15,X16,X17,X18,X19,X20,X21,X22,X23)), inference(spm,[status(thm)],[c_0_262, c_0_114])).
cnf(c_0_270,plain,(~esk42_5(X1,X2,X3,X4,X5)|~esk32_5(X1,X2,X3,X4,X5)|~esk330_23(X1,X2,X3,X4,X5,X6,X7,X8,X9,X10,X11,X12,X13,X14,X15,X16,X17,X18,X19,X20,X21,X22,X23)), inference(spm,[status(thm)],[c_0_115, c_0_116])).
cnf(c_0_271,plain,(esk330_23(X1,X2,X3,X4,X5,X6,X7,X8,X9,X10,X11,X12,X13,X14,X15,X16,X17,X18,X19,X20,X21,X22,X23)|esk58_8(X1,X2,X3,X4,X5,X6,X7,X8)|~esk70_8(X1,X2,X3,X4,X5,X6,X7,X8)), inference(spm,[status(thm)],[c_0_117, c_0_118])).
cnf(c_0_272,plain,(p(X1)|~esk68_8(X2,X3,X4,X5,X6,X7,X8,X9)|~esk58_8(X2,X3,X4,X5,X6,X7,X8,X9)|~esk97_11(X2,X3,X4,X5,X6,X7,X8,X9,X10,X11,X12)|~p(X12)|~p(X11)|~p(X10)), inference(csr,[status(thm)],[inference(condense,[status(thm)],[inference(spm,[status(thm)],[c_0_263, c_0_264])]), c_0_265])).
cnf(c_0_273,plain,(esk97_11(X1,X2,X3,X4,X5,X6,X7,X8,X9,X10,X11)|~esk68_8(X1,X2,X3,X4,X5,X6,X7,X8)|~esk81_8(X1,X2,X3,X4,X5,X6,X7,X8)|~p(X9)|~p(X10)|~p(X11)), inference(spm,[status(thm)],[c_0_266, c_0_259])).
cnf(c_0_274,plain,(esk68_8(X1,X2,X3,X4,X5,X6,X7,X8)|~esk54_8(X1,X2,X3,X4,X5,X6,X7,X8)|~p(X8)|~p(X7)|~p(X6)), inference(spm,[status(thm)],[c_0_267, c_0_119])).
cnf(c_0_275,plain,(esk54_8(X1,X2,X3,X4,X5,X6,X7,X8)|~esk52_5(X1,X2,X3,X4,X5)|~esk42_5(X1,X2,X3,X4,X5)|~p(X8)|~p(X6)|~p(X7)), inference(spm,[status(thm)],[c_0_268, c_0_120])).
cnf(c_0_276,plain,(esk53_8(X1,X2,X3,X4,X5,X6,X7,X8)|p(X8)|p(X7)|p(X6)), inference(spm,[status(thm)],[c_0_269, c_0_121])).
cnf(c_0_277,plain,(esk58_8(X1,X2,X3,X4,X5,X6,X7,X8)|~esk42_5(X1,X2,X3,X4,X5)|~esk32_5(X1,X2,X3,X4,X5)|~esk70_8(X1,X2,X3,X4,X5,X6,X7,X8)), inference(spm,[status(thm)],[c_0_270, c_0_271])).
cnf(c_0_278,plain,(esk42_5(X1,X2,X3,X4,X5)|~esk50_5(X1,X2,X3,X4,X5)|~p(X5)|~p(X4)|~p(X3)), inference(spm,[status(thm)],[c_0_122, c_0_123])).
cnf(c_0_279,plain,(~esk14_2(X1,X2)|~esk22_2(X1,X2)|~esk355_23(X1,X2,X3,X4,X5,X6,X7,X8,X9,X10,X11,X12,X13,X14,X15,X16,X17,X18,X19,X20,X21,X22,X23)), inference(spm,[status(thm)],[c_0_124, c_0_125])).
cnf(c_0_280,plain,(esk32_5(X1,X2,X3,X4,X5)|esk355_23(X1,X2,X3,X4,X5,X6,X7,X8,X9,X10,X11,X12,X13,X14,X15,X16,X17,X18,X19,X20,X21,X22,X23)|~esk43_5(X1,X2,X3,X4,X5)), inference(spm,[status(thm)],[c_0_126, c_0_127])).
cnf(c_0_281,plain,(p(X1)|~esk68_8(X2,X3,X4,X5,X6,X7,X8,X9)|~esk58_8(X2,X3,X4,X5,X6,X7,X8,X9)|~p(X10)), inference(csr,[status(thm)],[inference(condense,[status(thm)],[inference(spm,[status(thm)],[c_0_272, c_0_273])]), c_0_265])).
cnf(c_0_282,plain,(esk68_8(X1,X2,X3,X4,X5,X6,X7,X8)|~esk52_5(X1,X2,X3,X4,X5)|~esk42_5(X1,X2,X3,X4,X5)|~p(X8)|~p(X7)|~p(X6)), inference(spm,[status(thm)],[c_0_274, c_0_275])).
cnf(c_0_283,plain,(esk52_5(X1,X2,X3,X4,X5)|p(X6)), inference(condense,[status(thm)],[inference(spm,[status(thm)],[c_0_128, c_0_276])])).
cnf(c_0_284,plain,(esk58_8(X1,X2,X3,X4,X5,X6,X7,X8)|~esk42_5(X1,X2,X3,X4,X5)|~esk32_5(X1,X2,X3,X4,X5)|~esk54_8(X1,X2,X3,X4,X5,X6,X7,X8)), inference(spm,[status(thm)],[c_0_277, c_0_129])).
cnf(c_0_285,plain,(esk42_5(X1,X2,X3,X4,X5)|~esk28_5(X1,X2,X3,X4,X5)|~p(X5)|~p(X4)|~p(X3)), inference(spm,[status(thm)],[c_0_278, c_0_130])).
cnf(c_0_286,plain,(esk32_5(X1,X2,X3,X4,X5)|~esk14_2(X1,X2)|~esk22_2(X1,X2)|~esk43_5(X1,X2,X3,X4,X5)), inference(spm,[status(thm)],[c_0_279, c_0_280])).
cnf(c_0_287,plain,(p(X1)|~esk42_5(X2,X3,X4,X5,X6)|~esk58_8(X2,X3,X4,X5,X6,X7,X8,X9)|~p(X9)|~p(X8)|~p(X7)), inference(csr,[status(thm)],[inference(condense,[status(thm)],[inference(spm,[status(thm)],[c_0_281, c_0_282])]), c_0_283])).
cnf(c_0_288,plain,(esk58_8(X1,X2,X3,X4,X5,X6,X7,X8)|~esk52_5(X1,X2,X3,X4,X5)|~esk42_5(X1,X2,X3,X4,X5)|~esk32_5(X1,X2,X3,X4,X5)|~p(X8)|~p(X6)|~p(X7)), inference(spm,[status(thm)],[c_0_284, c_0_275])).
cnf(c_0_289,plain,(~esk22_2(X1,X2)|~p(X3)|~p(X4)|~p(X5)|~esk27_5(X1,X2,X4,X3,X5)), inference(spm,[status(thm)],[c_0_131, c_0_132])).
cnf(c_0_290,plain,(esk42_5(X1,X2,X3,X4,X5)|esk27_5(X1,X2,X3,X4,X5)|~esk26_2(X1,X2)|~p(X5)|~p(X4)|~p(X3)), inference(spm,[status(thm)],[c_0_285, c_0_133])).
cnf(c_0_291,plain,(p(X1)|esk27_5(X2,X3,X4,X5,X1)), inference(csr,[status(thm)],[inference(csr,[status(thm)],[inference(csr,[status(thm)],[inference(spm,[status(thm)],[c_0_134, c_0_135]), c_0_136]), c_0_137]), c_0_138])).
cnf(c_0_292,plain,(esk32_5(X1,X2,X3,X4,X5)|~esk14_2(X1,X2)|~esk22_2(X1,X2)|~esk28_5(X1,X2,X3,X4,X5)), inference(spm,[status(thm)],[c_0_286, c_0_139])).
cnf(c_0_293,plain,(esk14_2(X1,X2)|esk366_23(X1,X2,X3,X4,X5,X6,X7,X8,X9,X10,X11,X12,X13,X14,X15,X16,X17,X18,X19,X20,X21,X22,X23)|~esk24_2(X1,X2)), inference(spm,[status(thm)],[c_0_140, c_0_141])).
cnf(c_0_294,plain,(esk9_1(X1)|p(X2)), inference(spm,[status(thm)],[c_0_142, c_0_143])).
cnf(c_0_295,plain,(p(X1)|~esk42_5(X2,X3,X4,X5,X6)|~esk32_5(X2,X3,X4,X5,X6)|~p(X7)), inference(csr,[status(thm)],[inference(condense,[status(thm)],[inference(spm,[status(thm)],[c_0_287, c_0_288])]), c_0_283])).
cnf(c_0_296,plain,(esk42_5(X1,X2,X3,X4,X5)|~esk22_2(X1,X2)|~esk26_2(X1,X2)|~p(X4)|~p(X3)|~p(X5)), inference(spm,[status(thm)],[c_0_289, c_0_290])).
cnf(c_0_297,plain,(esk26_2(X1,X2)|p(X3)), inference(spm,[status(thm)],[c_0_144, c_0_291])).
cnf(c_0_298,plain,(esk32_5(X1,X2,X3,X4,X5)|esk27_5(X1,X2,X3,X4,X5)|~esk14_2(X1,X2)|~esk22_2(X1,X2)|~esk26_2(X1,X2)), inference(spm,[status(thm)],[c_0_292, c_0_133])).
cnf(c_0_299,plain,(esk14_2(X1,X2)|~esk6_1(X1)|~esk24_2(X1,X2)|~esk7_1(X1)), inference(spm,[status(thm)],[c_0_145, c_0_293])).
cnf(c_0_300,plain,(esk9_1(X1)), inference(spm,[status(thm)],[c_0_146, c_0_294])).
cnf(c_0_301,plain,(p(X1)|~esk32_5(X2,X3,X4,X5,X6)|~esk22_2(X2,X3)|~p(X5)|~p(X4)|~p(X6)), inference(csr,[status(thm)],[inference(condense,[status(thm)],[inference(spm,[status(thm)],[c_0_295, c_0_296])]), c_0_297])).
cnf(c_0_302,plain,(esk32_5(X1,X2,X3,X4,X5)|~esk14_2(X1,X2)|~esk22_2(X1,X2)|~esk26_2(X1,X2)|~p(X4)|~p(X3)|~p(X5)), inference(spm,[status(thm)],[c_0_289, c_0_298])).
cnf(c_0_303,plain,(esk14_2(X1,X2)|~esk6_1(X1)|~esk11_2(X1,X2)|~esk7_1(X1)), inference(spm,[status(thm)],[c_0_299, c_0_147])).
cnf(c_0_304,plain,(esk10_2(X1,X2)|esk11_2(X1,X2)), inference(cn,[status(thm)],[inference(rw,[status(thm)],[c_0_148, c_0_300])])).
cnf(c_0_305,plain,(p(X1)|~esk14_2(X2,X3)|~esk22_2(X2,X3)|~p(X4)), inference(csr,[status(thm)],[inference(condense,[status(thm)],[inference(spm,[status(thm)],[c_0_301, c_0_302])]), c_0_297])).
cnf(c_0_306,plain,(esk14_2(X1,X2)|esk10_2(X1,X2)|~esk6_1(X1)), inference(csr,[status(thm)],[inference(spm,[status(thm)],[c_0_303, c_0_304]), c_0_149])).
cnf(c_0_307,plain,(esk10_2(X1,X2)|p(X3)|~esk6_1(X1)|~esk22_2(X1,X2)|~p(X4)), inference(spm,[status(thm)],[c_0_305, c_0_306])).
cnf(c_0_308,plain,(esk23_2(X1,X2)|esk10_2(X1,X2)), inference(spm,[status(thm)],[c_0_150, c_0_304])).
cnf(c_0_309,plain,(esk3_0), inference(cn,[status(thm)],[inference(rw,[status(thm)],[c_0_151, c_0_152])])).
cnf(c_0_310,plain,(esk10_2(X1,X2)|p(X3)|~esk6_1(X1)), inference(csr,[status(thm)],[inference(csr,[status(thm)],[inference(condense,[status(thm)],[inference(spm,[status(thm)],[c_0_307, c_0_153])]), c_0_143]), c_0_308])).
cnf(c_0_311,plain,(esk6_1(X1)|~esk8_1(X1)|~p(X1)), inference(spm,[status(thm)],[c_0_154, c_0_155])).
cnf(c_0_312,plain,(esk5_1(X1)|esk4_1(X1)), inference(cn,[status(thm)],[inference(rw,[status(thm)],[c_0_156, c_0_309])])).
cnf(c_0_313,plain,(esk10_2(X1,X2)|p(X3)|~esk8_1(X1)|~p(X1)), inference(spm,[status(thm)],[c_0_310, c_0_311])).
cnf(c_0_314,plain,(esk8_1(X1)|esk4_1(X1)), inference(spm,[status(thm)],[c_0_157, c_0_312])).
cnf(c_0_315,plain,(esk4_1(X1)|esk10_2(X1,X2)|p(X3)), inference(csr,[status(thm)],[inference(spm,[status(thm)],[c_0_313, c_0_314]), c_0_158])).
cnf(c_0_316,plain,(esk2_0), inference(cn,[status(thm)],[inference(rw,[status(thm)],[c_0_159, c_0_152])])).
cnf(c_0_317,plain,(esk4_1(X1)|p(X2)|~esk7_1(X1)|~p(X3)), inference(spm,[status(thm)],[c_0_160, c_0_315])).
cnf(c_0_318,plain,(esk7_1(X1)|~esk8_1(X1)|~p(X1)), inference(spm,[status(thm)],[c_0_161, c_0_155])).
cnf(c_0_319,plain,(~esk4_1(X1)|~p(X1)), inference(cn,[status(thm)],[inference(rw,[status(thm)],[c_0_162, c_0_316])])).
cnf(c_0_320,plain,(esk4_1(X1)|p(X2)), inference(csr,[status(thm)],[inference(csr,[status(thm)],[inference(condense,[status(thm)],[inference(spm,[status(thm)],[c_0_317, c_0_318])]), c_0_158]), c_0_314])).
cnf(c_0_321,plain,(p(X1)|~p(X2)), inference(spm,[status(thm)],[c_0_319, c_0_320])).
cnf(c_0_322,plain,(p(X1)), inference(spm,[status(thm)],[c_0_321, c_0_163])).
cnf(c_0_323,plain,($false), inference(cn,[status(thm)],[inference(rw,[status(thm)],[c_0_146, c_0_322])]), ['proof']).
# SZS output end CNFRefutation.
EOF
