% Problem    : LCL688+1.001 : TPTP v6.1.0. Released v4.0.0.
% Command    : eprover --auto-schedule --tstp-format -s --proof-object --memory-limit=2048 --cpu-limit=%d %s
% Computer   : n129.star.cs.uiowa.edu
% Model      : x86_64 x86_64
% CPU        : Intel(R) Xeon(R) CPU E5-2609 0 @ 2.40GHz
% Memory     : 32286.75MB
% OS         : Linux 2.6.32-431.20.3.el6.x86_64
% CPULimit   : 300
% DateTime   : Sun Jul 20 04:38:16 CDT 2014
% CPUTime    : 
# No SInE strategy applied
# Trying AutoSched0 for 151 seconds
# AutoSched0-Mode selected heuristic G_E___207_C18_F1_AE_CS_SP_PI_PS_S0S
# and selection function SelectComplexG.
#
# Presaturation interreduction done

# Proof found!
# SZS status Theorem
# SZS output start CNFRefutation.
fof(c_0_0, conjecture, (~(?[X1]:~((((((~(![X2]:(~(r1(X1,X2))|~(p4(X2))))|~(![X2]:(~(r1(X1,X2))|~((~(![X1]:(~(r1(X2,X1))|~(![X2]:((~(r1(X1,X2))|![X1]:(~(r1(X2,X1))|p3(X1)))|~(p2(X2))))))|~(![X1]:(~(r1(X2,X1))|~(((~(![X2]:(~(r1(X1,X2))|~((![X1]:(~(r1(X2,X1))|p3(X1))|~(p2(X2))))))&p2(X1))&~(![X2]:(~(r1(X1,X2))|~(![X1]:(~(r1(X2,X1))|~(![X2]:(~(r1(X1,X2))|~(p2(X2)))))))))))))))))|((~(p1(X1))&~(![X2]:(~(r1(X1,X2))|~(![X1]:(~(r1(X2,X1))|p1(X1))))))&![X2]:((~(r1(X1,X2))|p1(X2))|~(![X1]:(~(r1(X2,X1))|~((~(![X2]:(~(r1(X1,X2))|p1(X2)))&p1(X1))))))))|![X2]:((~(r1(X1,X2))|![X1]:(~(r1(X2,X1))|~(![X2]:(~(r1(X1,X2))|p1(X2)))))|![X1]:(~(r1(X2,X1))|p1(X1))))|![X2]:(~(r1(X1,X2))|~(![X1]:(~(r1(X2,X1))|~(![X2]:(~(r1(X1,X2))|p2(X2)))))))|~(![X2]:((~(r1(X1,X2))|![X1]:(~(r1(X2,X1))|![X2]:(~(r1(X1,X2))|~(p1(X2)))))|~(![X1]:(~(r1(X2,X1))|~(p1(X1)))))))))), file('/export/starexec/sandbox/benchmark/theBenchmark.p', main)).
fof(c_0_1, axiom, (![X1]:r1(X1,X1)), file('/export/starexec/sandbox/benchmark/theBenchmark.p', reflexivity)).
fof(c_0_2, axiom, (![X1]:![X2]:![X3]:((r1(X1,X2)&r1(X2,X3))=>r1(X1,X3))), file('/export/starexec/sandbox/benchmark/theBenchmark.p', transitivity)).
fof(c_0_3, negated_conjecture, (~(~(?[X1]:~((((((~(![X2]:(~r1(X1,X2)|~p4(X2)))|~(![X2]:(~r1(X1,X2)|~((~(![X1]:(~r1(X2,X1)|~(![X2]:((~r1(X1,X2)|![X1]:(~r1(X2,X1)|p3(X1)))|~p2(X2)))))|~(![X1]:(~r1(X2,X1)|~(((~(![X2]:(~r1(X1,X2)|~((![X1]:(~r1(X2,X1)|p3(X1))|~p2(X2)))))&p2(X1))&~(![X2]:(~r1(X1,X2)|~(![X1]:(~r1(X2,X1)|~(![X2]:(~r1(X1,X2)|~p2(X2))))))))))))))))|((~p1(X1)&~(![X2]:(~r1(X1,X2)|~(![X1]:(~r1(X2,X1)|p1(X1))))))&![X2]:((~r1(X1,X2)|p1(X2))|~(![X1]:(~r1(X2,X1)|~((~(![X2]:(~r1(X1,X2)|p1(X2)))&p1(X1))))))))|![X2]:((~r1(X1,X2)|![X1]:(~r1(X2,X1)|~(![X2]:(~r1(X1,X2)|p1(X2)))))|![X1]:(~r1(X2,X1)|p1(X1))))|![X2]:(~r1(X1,X2)|~(![X1]:(~r1(X2,X1)|~(![X2]:(~r1(X1,X2)|p2(X2)))))))|~(![X2]:((~r1(X1,X2)|![X1]:(~r1(X2,X1)|![X2]:(~r1(X1,X2)|~p1(X2))))|~(![X1]:(~r1(X2,X1)|~p1(X1)))))))))), inference(fof_simplification,[status(thm)],[inference(assume_negation,[status(cth)],[c_0_0])])).
fof(c_0_4, negated_conjecture, (![X4]:![X5]:![X6]:![X9]:![X10]:![X12]:![X14]:![X15]:![X18]:![X19]:![X22]:![X25]:![X27]:![X28]:![X29]:((((((~r1(esk1_0,X4)|~p4(X4))&(((((r1(X6,esk2_2(X5,X6))|~r1(X5,X6))|~r1(esk1_0,X5))&(((r1(esk2_2(X5,X6),esk3_2(X5,X6))|~r1(X5,X6))|~r1(esk1_0,X5))&((~p3(esk3_2(X5,X6))|~r1(X5,X6))|~r1(esk1_0,X5))))&((p2(esk2_2(X5,X6))|~r1(X5,X6))|~r1(esk1_0,X5)))&(((((((r1(X12,esk5_3(X5,X9,X12))|~r1(X9,X12))|((r1(X10,esk4_3(X5,X9,X10))|~r1(X9,X10))|~p2(X9)))|~r1(X5,X9))|~r1(esk1_0,X5))&(((((~r1(esk5_3(X5,X9,X12),X14)|~p2(X14))|~r1(X9,X12))|((r1(X10,esk4_3(X5,X9,X10))|~r1(X9,X10))|~p2(X9)))|~r1(X5,X9))|~r1(esk1_0,X5)))&(((((r1(X12,esk5_3(X5,X9,X12))|~r1(X9,X12))|((~p3(esk4_3(X5,X9,X10))|~r1(X9,X10))|~p2(X9)))|~r1(X5,X9))|~r1(esk1_0,X5))&(((((~r1(esk5_3(X5,X9,X12),X14)|~p2(X14))|~r1(X9,X12))|((~p3(esk4_3(X5,X9,X10))|~r1(X9,X10))|~p2(X9)))|~r1(X5,X9))|~r1(esk1_0,X5))))&(((((r1(X12,esk5_3(X5,X9,X12))|~r1(X9,X12))|((p2(X10)|~r1(X9,X10))|~p2(X9)))|~r1(X5,X9))|~r1(esk1_0,X5))&(((((~r1(esk5_3(X5,X9,X12),X14)|~p2(X14))|~r1(X9,X12))|((p2(X10)|~r1(X9,X10))|~p2(X9)))|~r1(X5,X9))|~r1(esk1_0,X5))))))&((((r1(esk1_0,esk7_0)|((r1(X15,esk6_1(X15))|~r1(esk1_0,X15))|p1(esk1_0)))&(~p1(esk7_0)|((r1(X15,esk6_1(X15))|~r1(esk1_0,X15))|p1(esk1_0))))&((~r1(esk7_0,X18)|((~r1(X18,X19)|p1(X19))|~p1(X18)))|((r1(X15,esk6_1(X15))|~r1(esk1_0,X15))|p1(esk1_0))))&(((r1(esk1_0,esk7_0)|((~p1(esk6_1(X15))|~r1(esk1_0,X15))|p1(esk1_0)))&(~p1(esk7_0)|((~p1(esk6_1(X15))|~r1(esk1_0,X15))|p1(esk1_0))))&((~r1(esk7_0,X18)|((~r1(X18,X19)|p1(X19))|~p1(X18)))|((~p1(esk6_1(X15))|~r1(esk1_0,X15))|p1(esk1_0))))))&((r1(esk1_0,esk8_0)&(r1(esk8_0,esk9_0)&(~r1(esk9_0,X22)|p1(X22))))&(r1(esk8_0,esk10_0)&~p1(esk10_0))))&(r1(esk1_0,esk11_0)&((r1(X25,esk12_1(X25))|~r1(esk11_0,X25))&(~p2(esk12_1(X25))|~r1(esk11_0,X25)))))&((r1(X27,esk13_1(X27))|(~r1(esk1_0,X27)|(~r1(X27,X28)|(~r1(X28,X29)|~p1(X29)))))&(p1(esk13_1(X27))|(~r1(esk1_0,X27)|(~r1(X27,X28)|(~r1(X28,X29)|~p1(X29)))))))), inference(distribute,[status(thm)],[inference(shift_quantors,[status(thm)],[inference(skolemize,[status(esa)],[inference(variable_rename,[status(thm)],[inference(fof_nnf,[status(thm)],[c_0_3])])])])])).
cnf(c_0_5,negated_conjecture,(r1(X2,esk2_2(X1,X2))|~r1(esk1_0,X1)|~r1(X1,X2)), inference(split_conjunct,[status(thm)],[c_0_4])).
cnf(c_0_6,negated_conjecture,(r1(esk1_0,esk11_0)), inference(split_conjunct,[status(thm)],[c_0_4])).
fof(c_0_7, plain, (![X2]:r1(X2,X2)), inference(variable_rename,[status(thm)],[c_0_1])).
cnf(c_0_8,negated_conjecture,(r1(X1,esk2_2(esk11_0,X1))|~r1(esk11_0,X1)), inference(spm,[status(thm)],[c_0_5, c_0_6])).
cnf(c_0_9,plain,(r1(X1,X1)), inference(split_conjunct,[status(thm)],[c_0_7])).
fof(c_0_10, plain, (![X4]:![X5]:![X6]:((~r1(X4,X5)|~r1(X5,X6))|r1(X4,X6))), inference(variable_rename,[status(thm)],[inference(fof_nnf,[status(thm)],[c_0_2])])).
cnf(c_0_11,negated_conjecture,(r1(X1,esk12_1(X1))|~r1(esk11_0,X1)), inference(split_conjunct,[status(thm)],[c_0_4])).
cnf(c_0_12,negated_conjecture,(r1(esk11_0,esk2_2(esk11_0,esk11_0))), inference(spm,[status(thm)],[c_0_8, c_0_9])).
cnf(c_0_13,plain,(r1(X1,X2)|~r1(X3,X2)|~r1(X1,X3)), inference(split_conjunct,[status(thm)],[c_0_10])).
cnf(c_0_14,negated_conjecture,(r1(esk2_2(esk11_0,esk11_0),esk12_1(esk2_2(esk11_0,esk11_0)))), inference(spm,[status(thm)],[c_0_11, c_0_12])).
cnf(c_0_15,negated_conjecture,(r1(X1,esk12_1(esk2_2(esk11_0,esk11_0)))|~r1(X1,esk2_2(esk11_0,esk11_0))), inference(spm,[status(thm)],[c_0_13, c_0_14])).
cnf(c_0_16,negated_conjecture,(r1(esk11_0,esk12_1(esk2_2(esk11_0,esk11_0)))), inference(spm,[status(thm)],[c_0_15, c_0_12])).
cnf(c_0_17,negated_conjecture,(r1(esk12_1(esk2_2(esk11_0,esk11_0)),esk12_1(esk12_1(esk2_2(esk11_0,esk11_0))))), inference(spm,[status(thm)],[c_0_11, c_0_16])).
cnf(c_0_18,negated_conjecture,(p2(esk2_2(X1,X2))|~r1(esk1_0,X1)|~r1(X1,X2)), inference(split_conjunct,[status(thm)],[c_0_4])).
cnf(c_0_19,negated_conjecture,(r1(X1,esk12_1(esk12_1(esk2_2(esk11_0,esk11_0))))|~r1(X1,esk12_1(esk2_2(esk11_0,esk11_0)))), inference(spm,[status(thm)],[c_0_13, c_0_17])).
cnf(c_0_20,negated_conjecture,(p2(X3)|r1(X4,esk5_3(X1,X2,X4))|~r1(esk1_0,X1)|~r1(X1,X2)|~p2(X2)|~r1(X2,X3)|~r1(X2,X4)), inference(split_conjunct,[status(thm)],[c_0_4])).
cnf(c_0_21,negated_conjecture,(r1(X1,esk2_2(esk11_0,esk11_0))|~r1(X1,esk11_0)), inference(spm,[status(thm)],[c_0_13, c_0_12])).
cnf(c_0_22,negated_conjecture,(p2(esk2_2(esk11_0,X1))|~r1(esk11_0,X1)), inference(spm,[status(thm)],[c_0_18, c_0_6])).
cnf(c_0_23,negated_conjecture,(r1(esk11_0,esk12_1(esk12_1(esk2_2(esk11_0,esk11_0))))), inference(spm,[status(thm)],[c_0_19, c_0_16])).
cnf(c_0_24,negated_conjecture,(p2(X1)|r1(X2,esk5_3(esk1_0,X3,X2))|~p2(X3)|~r1(esk1_0,X3)|~r1(X3,X2)|~r1(X3,X1)), inference(spm,[status(thm)],[c_0_20, c_0_9])).
cnf(c_0_25,negated_conjecture,(r1(esk1_0,esk2_2(esk11_0,esk11_0))), inference(spm,[status(thm)],[c_0_21, c_0_6])).
cnf(c_0_26,negated_conjecture,(p2(esk2_2(esk11_0,esk11_0))), inference(spm,[status(thm)],[c_0_22, c_0_9])).
cnf(c_0_27,negated_conjecture,(r1(esk12_1(esk12_1(esk2_2(esk11_0,esk11_0))),esk12_1(esk12_1(esk12_1(esk2_2(esk11_0,esk11_0)))))), inference(spm,[status(thm)],[c_0_11, c_0_23])).
cnf(c_0_28,negated_conjecture,(p2(X1)|r1(X2,esk5_3(esk1_0,esk2_2(esk11_0,esk11_0),X2))|~r1(esk2_2(esk11_0,esk11_0),X2)|~r1(esk2_2(esk11_0,esk11_0),X1)), inference(cn,[status(thm)],[inference(rw,[status(thm)],[inference(spm,[status(thm)],[c_0_24, c_0_25]), c_0_26])])).
cnf(c_0_29,negated_conjecture,(r1(X1,esk12_1(esk12_1(esk12_1(esk2_2(esk11_0,esk11_0)))))|~r1(X1,esk12_1(esk12_1(esk2_2(esk11_0,esk11_0))))), inference(spm,[status(thm)],[c_0_13, c_0_27])).
cnf(c_0_30,negated_conjecture,(r1(esk2_2(esk11_0,esk11_0),esk12_1(esk12_1(esk2_2(esk11_0,esk11_0))))), inference(spm,[status(thm)],[c_0_19, c_0_14])).
cnf(c_0_31,negated_conjecture,(r1(esk2_2(X1,X2),esk3_2(X1,X2))|~r1(esk1_0,X1)|~r1(X1,X2)), inference(split_conjunct,[status(thm)],[c_0_4])).
cnf(c_0_32,negated_conjecture,(p2(X1)|r1(esk2_2(esk11_0,esk11_0),esk5_3(esk1_0,esk2_2(esk11_0,esk11_0),esk2_2(esk11_0,esk11_0)))|~r1(esk2_2(esk11_0,esk11_0),X1)), inference(spm,[status(thm)],[c_0_28, c_0_9])).
cnf(c_0_33,negated_conjecture,(r1(esk2_2(esk11_0,esk11_0),esk12_1(esk12_1(esk12_1(esk2_2(esk11_0,esk11_0)))))), inference(spm,[status(thm)],[c_0_29, c_0_30])).
cnf(c_0_34,negated_conjecture,(r1(esk2_2(esk11_0,X1),esk3_2(esk11_0,X1))|~r1(esk11_0,X1)), inference(spm,[status(thm)],[c_0_31, c_0_6])).
cnf(c_0_35,negated_conjecture,(~r1(esk11_0,X1)|~p2(esk12_1(X1))), inference(split_conjunct,[status(thm)],[c_0_4])).
cnf(c_0_36,negated_conjecture,(p2(esk12_1(esk12_1(esk12_1(esk2_2(esk11_0,esk11_0)))))|r1(esk2_2(esk11_0,esk11_0),esk5_3(esk1_0,esk2_2(esk11_0,esk11_0),esk2_2(esk11_0,esk11_0)))), inference(spm,[status(thm)],[c_0_32, c_0_33])).
cnf(c_0_37,negated_conjecture,(r1(esk2_2(esk11_0,esk11_0),esk3_2(esk11_0,esk11_0))), inference(spm,[status(thm)],[c_0_34, c_0_9])).
cnf(c_0_38,negated_conjecture,(r1(esk2_2(esk11_0,esk11_0),esk5_3(esk1_0,esk2_2(esk11_0,esk11_0),esk2_2(esk11_0,esk11_0)))), inference(cn,[status(thm)],[inference(rw,[status(thm)],[inference(spm,[status(thm)],[c_0_35, c_0_36]), c_0_23])])).
cnf(c_0_39,negated_conjecture,(r1(X1,esk3_2(esk11_0,esk11_0))|~r1(X1,esk2_2(esk11_0,esk11_0))), inference(spm,[status(thm)],[c_0_13, c_0_37])).
cnf(c_0_40,negated_conjecture,(r1(X1,esk5_3(esk1_0,esk2_2(esk11_0,esk11_0),esk2_2(esk11_0,esk11_0)))|~r1(X1,esk2_2(esk11_0,esk11_0))), inference(spm,[status(thm)],[c_0_13, c_0_38])).
cnf(c_0_41,negated_conjecture,(r1(esk11_0,esk3_2(esk11_0,esk11_0))), inference(spm,[status(thm)],[c_0_39, c_0_12])).
cnf(c_0_42,negated_conjecture,(r1(esk11_0,esk5_3(esk1_0,esk2_2(esk11_0,esk11_0),esk2_2(esk11_0,esk11_0)))), inference(spm,[status(thm)],[c_0_40, c_0_12])).
cnf(c_0_43,negated_conjecture,(r1(esk3_2(esk11_0,esk11_0),esk12_1(esk3_2(esk11_0,esk11_0)))), inference(spm,[status(thm)],[c_0_11, c_0_41])).
cnf(c_0_44,negated_conjecture,(p2(X3)|~r1(esk1_0,X1)|~r1(X1,X2)|~p2(X2)|~r1(X2,X3)|~r1(X2,X4)|~p2(X5)|~r1(esk5_3(X1,X2,X4),X5)), inference(split_conjunct,[status(thm)],[c_0_4])).
cnf(c_0_45,negated_conjecture,(r1(esk5_3(esk1_0,esk2_2(esk11_0,esk11_0),esk2_2(esk11_0,esk11_0)),esk2_2(esk11_0,esk5_3(esk1_0,esk2_2(esk11_0,esk11_0),esk2_2(esk11_0,esk11_0))))), inference(spm,[status(thm)],[c_0_8, c_0_42])).
cnf(c_0_46,negated_conjecture,(p2(esk2_2(esk11_0,esk5_3(esk1_0,esk2_2(esk11_0,esk11_0),esk2_2(esk11_0,esk11_0))))), inference(spm,[status(thm)],[c_0_22, c_0_42])).
cnf(c_0_47,negated_conjecture,(r1(X1,esk12_1(esk3_2(esk11_0,esk11_0)))|~r1(X1,esk3_2(esk11_0,esk11_0))), inference(spm,[status(thm)],[c_0_13, c_0_43])).
cnf(c_0_48,negated_conjecture,(p2(X1)|~r1(esk2_2(esk11_0,esk11_0),X1)), inference(cn,[status(thm)],[inference(rw,[status(thm)],[inference(rw,[status(thm)],[inference(rw,[status(thm)],[inference(rw,[status(thm)],[inference(rw,[status(thm)],[inference(spm,[status(thm)],[c_0_44, c_0_45]), c_0_46]), c_0_26]), c_0_9]), c_0_9]), c_0_25])])).
cnf(c_0_49,negated_conjecture,(r1(esk2_2(esk11_0,esk11_0),esk12_1(esk3_2(esk11_0,esk11_0)))), inference(spm,[status(thm)],[c_0_47, c_0_37])).
cnf(c_0_50,negated_conjecture,(p2(esk12_1(esk3_2(esk11_0,esk11_0)))), inference(spm,[status(thm)],[c_0_48, c_0_49])).
cnf(c_0_51,negated_conjecture,($false), inference(cn,[status(thm)],[inference(rw,[status(thm)],[inference(spm,[status(thm)],[c_0_35, c_0_50]), c_0_41])]), ['proof']).
# SZS output end CNFRefutation.
EOF
