% Problem    : CSR032+3 : TPTP v6.1.0. Released v3.4.0.
% Command    : eprover --auto-schedule --tstp-format -s --proof-object --memory-limit=2048 --cpu-limit=%d %s
% Computer   : n147.star.cs.uiowa.edu
% Model      : x86_64 x86_64
% CPU        : Intel(R) Xeon(R) CPU E5-2609 0 @ 2.40GHz
% Memory     : 32286.75MB
% OS         : Linux 2.6.32-431.20.3.el6.x86_64
% CPULimit   : 300
% DateTime   : Sun Jul 20 03:27:36 CDT 2014
% CPUTime    : 
# No SInE strategy applied
# Trying AutoSched0 for 151 seconds
# AutoSched0-Mode selected heuristic G_E___107_C41_F1_PI_AE_Q4_CS_SP_PS_S0Y
# and selection function SelectMaxLComplexAvoidPosPred.
#
# Presaturation interreduction done

# Proof found!
# SZS status Theorem
# SZS output start CNFRefutation.
fof(c_0_0, conjecture, (?[X23]:(mtvisible(c_reasoningaboutpossibleantecedentsmt)=>isa(f_citynamedfn(s_agen,c_france),X23))), file('/export/starexec/sandbox/benchmark/theBenchmark.p', query132)).
fof(c_0_1, axiom, (![X15]:(individual(X15)=>isa(X15,c_individual))), file('/export/starexec/sandbox/benchmark/Axioms/CSR002+2.ax', ax2_7971)).
fof(c_0_2, axiom, (individual(f_citynamedfn(s_agen,c_france))), file('/export/starexec/sandbox/benchmark/Axioms/CSR002+2.ax', ax2_496)).
fof(c_0_3, negated_conjecture, (~(?[X23]:(mtvisible(c_reasoningaboutpossibleantecedentsmt)=>isa(f_citynamedfn(s_agen,c_france),X23)))), inference(assume_negation,[status(cth)],[c_0_0])).
fof(c_0_4, negated_conjecture, (![X24]:(mtvisible(c_reasoningaboutpossibleantecedentsmt)&~isa(f_citynamedfn(s_agen,c_france),X24))), inference(shift_quantors,[status(thm)],[inference(variable_rename,[status(thm)],[inference(shift_quantors,[status(thm)],[inference(fof_nnf,[status(thm)],[c_0_3])])])])).
fof(c_0_5, plain, (![X16]:(~individual(X16)|isa(X16,c_individual))), inference(variable_rename,[status(thm)],[inference(fof_nnf,[status(thm)],[c_0_1])])).
cnf(c_0_6,negated_conjecture,(~isa(f_citynamedfn(s_agen,c_france),X1)), inference(split_conjunct,[status(thm)],[c_0_4])).
cnf(c_0_7,plain,(isa(X1,c_individual)|~individual(X1)), inference(split_conjunct,[status(thm)],[c_0_5])).
cnf(c_0_8,plain,(individual(f_citynamedfn(s_agen,c_france))), inference(split_conjunct,[status(thm)],[c_0_2])).
cnf(c_0_9,negated_conjecture,($false), inference(cn,[status(thm)],[inference(rw,[status(thm)],[inference(spm,[status(thm)],[c_0_6, c_0_7]), c_0_8])]), ['proof']).
# SZS output end CNFRefutation.
EOF
