% Problem    : CSR045+3 : TPTP v6.1.0. Released v3.4.0.
% Command    : eprover --auto-schedule --tstp-format -s --proof-object --memory-limit=2048 --cpu-limit=%d %s
% Computer   : n187.star.cs.uiowa.edu
% Model      : x86_64 x86_64
% CPU        : Intel(R) Xeon(R) CPU E5-2609 0 @ 2.40GHz
% Memory     : 32286.75MB
% OS         : Linux 2.6.32-431.20.3.el6.x86_64
% CPULimit   : 300
% DateTime   : Sun Jul 20 03:37:26 CDT 2014
% CPUTime    : 
# No SInE strategy applied
# Trying AutoSched0 for 151 seconds
# AutoSched0-Mode selected heuristic G_E___107_C41_F1_PI_AE_Q4_CS_SP_PS_S0Y
# and selection function SelectMaxLComplexAvoidPosPred.
#
# Presaturation interreduction done

# Proof found!
# SZS status Theorem
# SZS output start CNFRefutation.
fof(c_0_0, axiom, (![X1]:(partiallyintangibleindividual(X1)=>individual(X1))), file('/export/starexec/sandbox/benchmark/Axioms/CSR002+2.ax', ax2_3129)).
fof(c_0_1, axiom, (![X1]:(intangibleindividual(X1)=>partiallyintangibleindividual(X1))), file('/export/starexec/sandbox/benchmark/Axioms/CSR002+2.ax', ax2_1340)).
fof(c_0_2, axiom, (![X1]:(aspatialinformationstore(X1)=>intangibleindividual(X1))), file('/export/starexec/sandbox/benchmark/Axioms/CSR002+2.ax', ax2_1482)).
fof(c_0_3, axiom, (![X3]:![X4]:(genls(X3,X4)=>collection(X3))), file('/export/starexec/sandbox/benchmark/Axioms/CSR002+2.ax', ax2_529)).
fof(c_0_4, conjecture, (~(genls(c_wamt_evalinitial_p14,c_tptpcol_15_80088))), file('/export/starexec/sandbox/benchmark/theBenchmark.p', query145)).
fof(c_0_5, axiom, (![X1]:(microtheory(X1)=>aspatialinformationstore(X1))), file('/export/starexec/sandbox/benchmark/Axioms/CSR002+2.ax', ax2_3192)).
fof(c_0_6, axiom, (![X1]:(applicationcontext(X1)=>microtheory(X1))), file('/export/starexec/sandbox/benchmark/Axioms/CSR002+2.ax', ax2_1265)).
fof(c_0_7, axiom, (![X1]:~((collection(X1)&individual(X1)))), file('/export/starexec/sandbox/benchmark/Axioms/CSR002+2.ax', ax2_3089)).
fof(c_0_8, axiom, (applicationcontext(c_wamt_evalinitial_p14)), file('/export/starexec/sandbox/benchmark/Axioms/CSR002+2.ax', ax2_1253)).
fof(c_0_9, plain, (![X2]:(~partiallyintangibleindividual(X2)|individual(X2))), inference(variable_rename,[status(thm)],[inference(fof_nnf,[status(thm)],[c_0_0])])).
fof(c_0_10, plain, (![X2]:(~intangibleindividual(X2)|partiallyintangibleindividual(X2))), inference(variable_rename,[status(thm)],[inference(fof_nnf,[status(thm)],[c_0_1])])).
cnf(c_0_11,plain,(individual(X1)|~partiallyintangibleindividual(X1)), inference(split_conjunct,[status(thm)],[c_0_9])).
cnf(c_0_12,plain,(partiallyintangibleindividual(X1)|~intangibleindividual(X1)), inference(split_conjunct,[status(thm)],[c_0_10])).
fof(c_0_13, plain, (![X2]:(~aspatialinformationstore(X2)|intangibleindividual(X2))), inference(variable_rename,[status(thm)],[inference(fof_nnf,[status(thm)],[c_0_2])])).
fof(c_0_14, plain, (![X5]:![X6]:(~genls(X5,X6)|collection(X5))), inference(shift_quantors,[status(thm)],[inference(variable_rename,[status(thm)],[inference(shift_quantors,[status(thm)],[inference(fof_nnf,[status(thm)],[c_0_3])])])])).
fof(c_0_15, negated_conjecture, (genls(c_wamt_evalinitial_p14,c_tptpcol_15_80088)), inference(fof_simplification,[status(thm)],[inference(assume_negation,[status(cth)],[c_0_4])])).
cnf(c_0_16,plain,(individual(X1)|~intangibleindividual(X1)), inference(spm,[status(thm)],[c_0_11, c_0_12])).
cnf(c_0_17,plain,(intangibleindividual(X1)|~aspatialinformationstore(X1)), inference(split_conjunct,[status(thm)],[c_0_13])).
fof(c_0_18, plain, (![X2]:(~microtheory(X2)|aspatialinformationstore(X2))), inference(variable_rename,[status(thm)],[inference(fof_nnf,[status(thm)],[c_0_5])])).
fof(c_0_19, plain, (![X2]:(~applicationcontext(X2)|microtheory(X2))), inference(variable_rename,[status(thm)],[inference(fof_nnf,[status(thm)],[c_0_6])])).
fof(c_0_20, plain, (![X2]:(~collection(X2)|~individual(X2))), inference(variable_rename,[status(thm)],[inference(fof_nnf,[status(thm)],[c_0_7])])).
cnf(c_0_21,plain,(collection(X1)|~genls(X1,X2)), inference(split_conjunct,[status(thm)],[c_0_14])).
cnf(c_0_22,negated_conjecture,(genls(c_wamt_evalinitial_p14,c_tptpcol_15_80088)), inference(split_conjunct,[status(thm)],[c_0_15])).
cnf(c_0_23,plain,(individual(X1)|~aspatialinformationstore(X1)), inference(spm,[status(thm)],[c_0_16, c_0_17])).
cnf(c_0_24,plain,(aspatialinformationstore(X1)|~microtheory(X1)), inference(split_conjunct,[status(thm)],[c_0_18])).
cnf(c_0_25,plain,(microtheory(X1)|~applicationcontext(X1)), inference(split_conjunct,[status(thm)],[c_0_19])).
cnf(c_0_26,plain,(applicationcontext(c_wamt_evalinitial_p14)), inference(split_conjunct,[status(thm)],[c_0_8])).
cnf(c_0_27,plain,(~individual(X1)|~collection(X1)), inference(split_conjunct,[status(thm)],[c_0_20])).
cnf(c_0_28,negated_conjecture,(collection(c_wamt_evalinitial_p14)), inference(spm,[status(thm)],[c_0_21, c_0_22])).
cnf(c_0_29,plain,(individual(X1)|~microtheory(X1)), inference(spm,[status(thm)],[c_0_23, c_0_24])).
cnf(c_0_30,plain,(microtheory(c_wamt_evalinitial_p14)), inference(spm,[status(thm)],[c_0_25, c_0_26])).
cnf(c_0_31,negated_conjecture,(~individual(c_wamt_evalinitial_p14)), inference(spm,[status(thm)],[c_0_27, c_0_28])).
cnf(c_0_32,plain,($false), inference(sr,[status(thm)],[inference(spm,[status(thm)],[c_0_29, c_0_30]), c_0_31]), ['proof']).
# SZS output end CNFRefutation.
EOF
