% Problem    : CSR052+3 : TPTP v6.1.0. Released v3.4.0.
% Command    : eprover --auto-schedule --tstp-format -s --proof-object --memory-limit=2048 --cpu-limit=%d %s
% Computer   : n093.star.cs.uiowa.edu
% Model      : x86_64 x86_64
% CPU        : Intel(R) Xeon(R) CPU E5-2609 0 @ 2.40GHz
% Memory     : 32286.75MB
% OS         : Linux 2.6.32-431.20.3.el6.x86_64
% CPULimit   : 300
% DateTime   : Sun Jul 20 04:15:41 CDT 2014
% CPUTime    : 
# No SInE strategy applied
# Trying AutoSched0 for 151 seconds
# AutoSched0-Mode selected heuristic G_E___107_C41_F1_PI_AE_Q4_CS_SP_PS_S0Y
# and selection function SelectMaxLComplexAvoidPosPred.
#
# Presaturation interreduction done

# Proof found!
# SZS status Theorem
# SZS output start CNFRefutation.
fof(c_0_0, axiom, (![X15]:![X16]:![X17]:((genls(X15,X16)&genls(X16,X17))=>genls(X15,X17))), file('/export/starexec/sandbox/benchmark/Axioms/CSR002+2.ax', ax2_7991)).
fof(c_0_1, conjecture, ((mtvisible(f_contentmtofcdafromeventfn(f_urlreferentfn(f_urlfn(s_http_ukencartamsncomencyclopedia_761573010_4united_states_of_americahtml)),c_translation_33))=>genls(c_tptpcol_15_40430,c_tptpcol_7_39939))), file('/export/starexec/sandbox/benchmark/theBenchmark.p', query152)).
fof(c_0_2, axiom, (genls(c_tptpcol_9_40196,c_tptpcol_8_39940)), file('/export/starexec/sandbox/benchmark/Axioms/CSR002+2.ax', ax2_2072)).
fof(c_0_3, axiom, (genls(c_tptpcol_10_40324,c_tptpcol_9_40196)), file('/export/starexec/sandbox/benchmark/Axioms/CSR002+2.ax', ax2_1810)).
fof(c_0_4, axiom, (genls(c_tptpcol_8_39940,c_tptpcol_7_39939)), file('/export/starexec/sandbox/benchmark/Axioms/CSR002+2.ax', ax2_2056)).
fof(c_0_5, axiom, (genls(c_tptpcol_11_40388,c_tptpcol_10_40324)), file('/export/starexec/sandbox/benchmark/Axioms/CSR002+2.ax', ax2_1573)).
fof(c_0_6, axiom, (genls(c_tptpcol_12_40420,c_tptpcol_11_40388)), file('/export/starexec/sandbox/benchmark/Axioms/CSR002+2.ax', ax2_1851)).
fof(c_0_7, axiom, (genls(c_tptpcol_14_40429,c_tptpcol_13_40421)), file('/export/starexec/sandbox/benchmark/Axioms/CSR002+2.ax', ax2_2327)).
fof(c_0_8, axiom, (genls(c_tptpcol_13_40421,c_tptpcol_12_40420)), file('/export/starexec/sandbox/benchmark/Axioms/CSR002+2.ax', ax2_424)).
fof(c_0_9, axiom, (genls(c_tptpcol_15_40430,c_tptpcol_14_40429)), file('/export/starexec/sandbox/benchmark/Axioms/CSR002+2.ax', ax2_4206)).
fof(c_0_10, plain, (![X18]:![X19]:![X20]:((~genls(X18,X19)|~genls(X19,X20))|genls(X18,X20))), inference(variable_rename,[status(thm)],[inference(fof_nnf,[status(thm)],[c_0_0])])).
fof(c_0_11, negated_conjecture, (~((mtvisible(f_contentmtofcdafromeventfn(f_urlreferentfn(f_urlfn(s_http_ukencartamsncomencyclopedia_761573010_4united_states_of_americahtml)),c_translation_33))=>genls(c_tptpcol_15_40430,c_tptpcol_7_39939)))), inference(assume_negation,[status(cth)],[c_0_1])).
cnf(c_0_12,plain,(genls(X1,X2)|~genls(X3,X2)|~genls(X1,X3)), inference(split_conjunct,[status(thm)],[c_0_10])).
cnf(c_0_13,plain,(genls(c_tptpcol_9_40196,c_tptpcol_8_39940)), inference(split_conjunct,[status(thm)],[c_0_2])).
cnf(c_0_14,plain,(genls(c_tptpcol_10_40324,c_tptpcol_9_40196)), inference(split_conjunct,[status(thm)],[c_0_3])).
fof(c_0_15, negated_conjecture, ((mtvisible(f_contentmtofcdafromeventfn(f_urlreferentfn(f_urlfn(s_http_ukencartamsncomencyclopedia_761573010_4united_states_of_americahtml)),c_translation_33))&~genls(c_tptpcol_15_40430,c_tptpcol_7_39939))), inference(fof_nnf,[status(thm)],[c_0_11])).
cnf(c_0_16,plain,(genls(c_tptpcol_8_39940,c_tptpcol_7_39939)), inference(split_conjunct,[status(thm)],[c_0_4])).
cnf(c_0_17,plain,(genls(X1,c_tptpcol_8_39940)|~genls(X1,c_tptpcol_9_40196)), inference(spm,[status(thm)],[c_0_12, c_0_13])).
cnf(c_0_18,plain,(genls(X1,c_tptpcol_9_40196)|~genls(X1,c_tptpcol_10_40324)), inference(spm,[status(thm)],[c_0_12, c_0_14])).
cnf(c_0_19,plain,(genls(c_tptpcol_11_40388,c_tptpcol_10_40324)), inference(split_conjunct,[status(thm)],[c_0_5])).
cnf(c_0_20,negated_conjecture,(~genls(c_tptpcol_15_40430,c_tptpcol_7_39939)), inference(split_conjunct,[status(thm)],[c_0_15])).
cnf(c_0_21,plain,(genls(X1,c_tptpcol_7_39939)|~genls(X1,c_tptpcol_8_39940)), inference(spm,[status(thm)],[c_0_12, c_0_16])).
cnf(c_0_22,plain,(genls(X1,c_tptpcol_8_39940)|~genls(X1,c_tptpcol_10_40324)), inference(spm,[status(thm)],[c_0_17, c_0_18])).
cnf(c_0_23,plain,(genls(X1,c_tptpcol_10_40324)|~genls(X1,c_tptpcol_11_40388)), inference(spm,[status(thm)],[c_0_12, c_0_19])).
cnf(c_0_24,negated_conjecture,(~genls(c_tptpcol_15_40430,c_tptpcol_8_39940)), inference(spm,[status(thm)],[c_0_20, c_0_21])).
cnf(c_0_25,plain,(genls(X1,c_tptpcol_8_39940)|~genls(X1,c_tptpcol_11_40388)), inference(spm,[status(thm)],[c_0_22, c_0_23])).
cnf(c_0_26,plain,(genls(c_tptpcol_12_40420,c_tptpcol_11_40388)), inference(split_conjunct,[status(thm)],[c_0_6])).
cnf(c_0_27,plain,(genls(c_tptpcol_14_40429,c_tptpcol_13_40421)), inference(split_conjunct,[status(thm)],[c_0_7])).
cnf(c_0_28,negated_conjecture,(~genls(c_tptpcol_15_40430,c_tptpcol_11_40388)), inference(spm,[status(thm)],[c_0_24, c_0_25])).
cnf(c_0_29,plain,(genls(X1,c_tptpcol_11_40388)|~genls(X1,c_tptpcol_12_40420)), inference(spm,[status(thm)],[c_0_12, c_0_26])).
cnf(c_0_30,plain,(genls(c_tptpcol_13_40421,c_tptpcol_12_40420)), inference(split_conjunct,[status(thm)],[c_0_8])).
cnf(c_0_31,plain,(genls(X1,c_tptpcol_13_40421)|~genls(X1,c_tptpcol_14_40429)), inference(spm,[status(thm)],[c_0_12, c_0_27])).
cnf(c_0_32,plain,(genls(c_tptpcol_15_40430,c_tptpcol_14_40429)), inference(split_conjunct,[status(thm)],[c_0_9])).
cnf(c_0_33,negated_conjecture,(~genls(c_tptpcol_15_40430,c_tptpcol_12_40420)), inference(spm,[status(thm)],[c_0_28, c_0_29])).
cnf(c_0_34,plain,(genls(X1,c_tptpcol_12_40420)|~genls(X1,c_tptpcol_13_40421)), inference(spm,[status(thm)],[c_0_12, c_0_30])).
cnf(c_0_35,plain,(genls(c_tptpcol_15_40430,c_tptpcol_13_40421)), inference(spm,[status(thm)],[c_0_31, c_0_32])).
cnf(c_0_36,negated_conjecture,($false), inference(cn,[status(thm)],[inference(rw,[status(thm)],[inference(spm,[status(thm)],[c_0_33, c_0_34]), c_0_35])]), ['proof']).
# SZS output end CNFRefutation.
EOF
