% Problem    : SWB029+3 : TPTP v6.1.0. Released v5.2.0.
% Command    : eprover --auto-schedule --tstp-format -s --proof-object --memory-limit=2048 --cpu-limit=%d %s
% Computer   : n123.star.cs.uiowa.edu
% Model      : x86_64 x86_64
% CPU        : Intel(R) Xeon(R) CPU E5-2609 0 @ 2.40GHz
% Memory     : 32286.75MB
% OS         : Linux 2.6.32-431.20.3.el6.x86_64
% CPULimit   : 300
% DateTime   : Sun Jul 20 03:46:36 CDT 2014
% CPUTime    : 
# No SInE strategy applied
# Trying AutoSched0 for 151 seconds
# AutoSched0-Mode selected heuristic G_E___207_C41_F1_AE_CS_SP_PI_S4S
# and selection function SelectNewComplexAHPNS.
#

# Proof found!
# SZS status Theorem
# SZS output start CNFRefutation.
fof(c_0_0, axiom, (![X1]:![X4]:![X5]:![X6]:![X7]:((((iext(uri_rdf_first,X4,X5)&iext(uri_rdf_rest,X4,X6))&iext(uri_rdf_first,X6,X7))&iext(uri_rdf_rest,X6,uri_rdf_nil))=>(iext(uri_owl_intersectionOf,X1,X4)<=>(((ic(X1)&ic(X5))&ic(X7))&![X3]:(icext(X1,X3)<=>(icext(X5,X3)&icext(X7,X3))))))), file('/export/starexec/sandbox/benchmark/Axioms/SWB002+0.ax', owl_bool_intersectionof_class_002)).
fof(c_0_1, axiom, (?[X21]:?[X22]:?[X23]:?[X24]:((((((((iext(uri_rdf_type,uri_ex_A,uri_owl_Class)&iext(uri_rdf_type,uri_ex_B,uri_owl_Class))&iext(uri_rdf_type,uri_ex_w,X21))&iext(uri_owl_intersectionOf,X21,X23))&iext(uri_rdf_first,X23,uri_ex_A))&iext(uri_rdf_rest,X23,X24))&iext(uri_rdf_first,X24,X22))&iext(uri_rdf_rest,X24,uri_rdf_nil))&iext(uri_owl_complementOf,X22,uri_ex_A))), file('/export/starexec/sandbox/benchmark/theBenchmark.p', testcase_premise_fullish_029_Ex_Falso_Quodlibet)).
fof(c_0_2, axiom, (![X3]:![X2]:(iext(uri_rdf_type,X3,X2)<=>icext(X2,X3))), file('/export/starexec/sandbox/benchmark/Axioms/SWB002+0.ax', rdfs_cext_def)).
fof(c_0_3, axiom, (![X1]:![X2]:(iext(uri_owl_complementOf,X1,X2)=>((ic(X1)&ic(X2))&![X3]:(icext(X1,X3)<=>~(icext(X2,X3)))))), file('/export/starexec/sandbox/benchmark/Axioms/SWB002+0.ax', owl_bool_complementof_class)).
fof(c_0_4, plain, (![X8]:![X9]:![X10]:![X11]:![X12]:![X13]:![X14]:((((((ic(X8)|~iext(uri_owl_intersectionOf,X8,X9))|(((~iext(uri_rdf_first,X9,X10)|~iext(uri_rdf_rest,X9,X11))|~iext(uri_rdf_first,X11,X12))|~iext(uri_rdf_rest,X11,uri_rdf_nil)))&((ic(X10)|~iext(uri_owl_intersectionOf,X8,X9))|(((~iext(uri_rdf_first,X9,X10)|~iext(uri_rdf_rest,X9,X11))|~iext(uri_rdf_first,X11,X12))|~iext(uri_rdf_rest,X11,uri_rdf_nil))))&((ic(X12)|~iext(uri_owl_intersectionOf,X8,X9))|(((~iext(uri_rdf_first,X9,X10)|~iext(uri_rdf_rest,X9,X11))|~iext(uri_rdf_first,X11,X12))|~iext(uri_rdf_rest,X11,uri_rdf_nil))))&(((((icext(X10,X13)|~icext(X8,X13))|~iext(uri_owl_intersectionOf,X8,X9))|(((~iext(uri_rdf_first,X9,X10)|~iext(uri_rdf_rest,X9,X11))|~iext(uri_rdf_first,X11,X12))|~iext(uri_rdf_rest,X11,uri_rdf_nil)))&(((icext(X12,X13)|~icext(X8,X13))|~iext(uri_owl_intersectionOf,X8,X9))|(((~iext(uri_rdf_first,X9,X10)|~iext(uri_rdf_rest,X9,X11))|~iext(uri_rdf_first,X11,X12))|~iext(uri_rdf_rest,X11,uri_rdf_nil))))&((((~icext(X10,X14)|~icext(X12,X14))|icext(X8,X14))|~iext(uri_owl_intersectionOf,X8,X9))|(((~iext(uri_rdf_first,X9,X10)|~iext(uri_rdf_rest,X9,X11))|~iext(uri_rdf_first,X11,X12))|~iext(uri_rdf_rest,X11,uri_rdf_nil)))))&(((((~icext(X8,esk3_5(X8,X9,X10,X11,X12))|(~icext(X10,esk3_5(X8,X9,X10,X11,X12))|~icext(X12,esk3_5(X8,X9,X10,X11,X12))))|((~ic(X8)|~ic(X10))|~ic(X12)))|iext(uri_owl_intersectionOf,X8,X9))|(((~iext(uri_rdf_first,X9,X10)|~iext(uri_rdf_rest,X9,X11))|~iext(uri_rdf_first,X11,X12))|~iext(uri_rdf_rest,X11,uri_rdf_nil)))&(((((icext(X10,esk3_5(X8,X9,X10,X11,X12))|icext(X8,esk3_5(X8,X9,X10,X11,X12)))|((~ic(X8)|~ic(X10))|~ic(X12)))|iext(uri_owl_intersectionOf,X8,X9))|(((~iext(uri_rdf_first,X9,X10)|~iext(uri_rdf_rest,X9,X11))|~iext(uri_rdf_first,X11,X12))|~iext(uri_rdf_rest,X11,uri_rdf_nil)))&((((icext(X12,esk3_5(X8,X9,X10,X11,X12))|icext(X8,esk3_5(X8,X9,X10,X11,X12)))|((~ic(X8)|~ic(X10))|~ic(X12)))|iext(uri_owl_intersectionOf,X8,X9))|(((~iext(uri_rdf_first,X9,X10)|~iext(uri_rdf_rest,X9,X11))|~iext(uri_rdf_first,X11,X12))|~iext(uri_rdf_rest,X11,uri_rdf_nil))))))), inference(distribute,[status(thm)],[inference(shift_quantors,[status(thm)],[inference(skolemize,[status(esa)],[inference(variable_rename,[status(thm)],[inference(shift_quantors,[status(thm)],[inference(fof_nnf,[status(thm)],[c_0_0])])])])])])).
fof(c_0_5, plain, (((((((((iext(uri_rdf_type,uri_ex_A,uri_owl_Class)&iext(uri_rdf_type,uri_ex_B,uri_owl_Class))&iext(uri_rdf_type,uri_ex_w,esk19_0))&iext(uri_owl_intersectionOf,esk19_0,esk21_0))&iext(uri_rdf_first,esk21_0,uri_ex_A))&iext(uri_rdf_rest,esk21_0,esk22_0))&iext(uri_rdf_first,esk22_0,esk20_0))&iext(uri_rdf_rest,esk22_0,uri_rdf_nil))&iext(uri_owl_complementOf,esk20_0,uri_ex_A))), inference(skolemize,[status(esa)],[inference(variable_rename,[status(thm)],[inference(shift_quantors,[status(thm)],[c_0_1])])])).
cnf(c_0_6,plain,(icext(X4,X6)|~iext(uri_rdf_rest,X1,uri_rdf_nil)|~iext(uri_rdf_first,X1,X2)|~iext(uri_rdf_rest,X3,X1)|~iext(uri_rdf_first,X3,X4)|~iext(uri_owl_intersectionOf,X5,X3)|~icext(X5,X6)), inference(split_conjunct,[status(thm)],[c_0_4])).
cnf(c_0_7,plain,(iext(uri_rdf_rest,esk22_0,uri_rdf_nil)), inference(split_conjunct,[status(thm)],[c_0_5])).
cnf(c_0_8,plain,(icext(X1,X2)|~icext(X3,X2)|~iext(uri_rdf_first,esk22_0,X4)|~iext(uri_rdf_rest,X5,esk22_0)|~iext(uri_owl_intersectionOf,X3,X5)|~iext(uri_rdf_first,X5,X1)), inference(spm,[status(thm)],[c_0_6, c_0_7])).
cnf(c_0_9,plain,(iext(uri_rdf_first,esk22_0,esk20_0)), inference(split_conjunct,[status(thm)],[c_0_5])).
cnf(c_0_10,plain,(icext(X1,X2)|~icext(X3,X2)|~iext(uri_rdf_rest,X4,esk22_0)|~iext(uri_owl_intersectionOf,X3,X4)|~iext(uri_rdf_first,X4,X1)), inference(spm,[status(thm)],[c_0_8, c_0_9])).
cnf(c_0_11,plain,(iext(uri_rdf_rest,esk21_0,esk22_0)), inference(split_conjunct,[status(thm)],[c_0_5])).
fof(c_0_12, plain, (![X4]:![X5]:![X6]:![X7]:((~iext(uri_rdf_type,X4,X5)|icext(X5,X4))&(~icext(X7,X6)|iext(uri_rdf_type,X6,X7)))), inference(shift_quantors,[status(thm)],[inference(variable_rename,[status(thm)],[inference(shift_quantors,[status(thm)],[inference(fof_nnf,[status(thm)],[c_0_2])])])])).
cnf(c_0_13,plain,(icext(X2,X6)|~iext(uri_rdf_rest,X1,uri_rdf_nil)|~iext(uri_rdf_first,X1,X2)|~iext(uri_rdf_rest,X3,X1)|~iext(uri_rdf_first,X3,X4)|~iext(uri_owl_intersectionOf,X5,X3)|~icext(X5,X6)), inference(split_conjunct,[status(thm)],[c_0_4])).
fof(c_0_14, plain, (![X1]:![X2]:(iext(uri_owl_complementOf,X1,X2)=>((ic(X1)&ic(X2))&![X3]:(icext(X1,X3)<=>~icext(X2,X3))))), inference(fof_simplification,[status(thm)],[c_0_3])).
cnf(c_0_15,plain,(icext(X1,X2)|~icext(X3,X2)|~iext(uri_owl_intersectionOf,X3,esk21_0)|~iext(uri_rdf_first,esk21_0,X1)), inference(spm,[status(thm)],[c_0_10, c_0_11])).
cnf(c_0_16,plain,(iext(uri_owl_intersectionOf,esk19_0,esk21_0)), inference(split_conjunct,[status(thm)],[c_0_5])).
cnf(c_0_17,plain,(icext(X1,X2)|~iext(uri_rdf_type,X2,X1)), inference(split_conjunct,[status(thm)],[c_0_12])).
cnf(c_0_18,plain,(iext(uri_rdf_type,uri_ex_w,esk19_0)), inference(split_conjunct,[status(thm)],[c_0_5])).
cnf(c_0_19,plain,(icext(X1,X2)|~icext(X3,X2)|~iext(uri_rdf_first,esk22_0,X1)|~iext(uri_rdf_rest,X4,esk22_0)|~iext(uri_owl_intersectionOf,X3,X4)|~iext(uri_rdf_first,X4,X5)), inference(spm,[status(thm)],[c_0_13, c_0_7])).
fof(c_0_20, plain, (![X4]:![X5]:![X6]:![X7]:(((ic(X4)|~iext(uri_owl_complementOf,X4,X5))&(ic(X5)|~iext(uri_owl_complementOf,X4,X5)))&(((~icext(X4,X6)|~icext(X5,X6))|~iext(uri_owl_complementOf,X4,X5))&((icext(X5,X7)|icext(X4,X7))|~iext(uri_owl_complementOf,X4,X5))))), inference(distribute,[status(thm)],[inference(shift_quantors,[status(thm)],[inference(variable_rename,[status(thm)],[inference(shift_quantors,[status(thm)],[inference(fof_nnf,[status(thm)],[c_0_14])])])])])).
cnf(c_0_21,plain,(icext(X1,X2)|~icext(esk19_0,X2)|~iext(uri_rdf_first,esk21_0,X1)), inference(spm,[status(thm)],[c_0_15, c_0_16])).
cnf(c_0_22,plain,(icext(esk19_0,uri_ex_w)), inference(spm,[status(thm)],[c_0_17, c_0_18])).
cnf(c_0_23,plain,(icext(esk20_0,X1)|~icext(X2,X1)|~iext(uri_rdf_rest,X3,esk22_0)|~iext(uri_owl_intersectionOf,X2,X3)|~iext(uri_rdf_first,X3,X4)), inference(spm,[status(thm)],[c_0_19, c_0_9])).
cnf(c_0_24,plain,(~iext(uri_owl_complementOf,X1,X2)|~icext(X2,X3)|~icext(X1,X3)), inference(split_conjunct,[status(thm)],[c_0_20])).
cnf(c_0_25,plain,(iext(uri_owl_complementOf,esk20_0,uri_ex_A)), inference(split_conjunct,[status(thm)],[c_0_5])).
cnf(c_0_26,plain,(icext(X1,uri_ex_w)|~iext(uri_rdf_first,esk21_0,X1)), inference(spm,[status(thm)],[c_0_21, c_0_22])).
cnf(c_0_27,plain,(iext(uri_rdf_first,esk21_0,uri_ex_A)), inference(split_conjunct,[status(thm)],[c_0_5])).
cnf(c_0_28,plain,(icext(esk20_0,X1)|~icext(X2,X1)|~iext(uri_owl_intersectionOf,X2,esk21_0)|~iext(uri_rdf_first,esk21_0,X3)), inference(spm,[status(thm)],[c_0_23, c_0_11])).
cnf(c_0_29,plain,(~icext(uri_ex_A,X1)|~icext(esk20_0,X1)), inference(spm,[status(thm)],[c_0_24, c_0_25])).
cnf(c_0_30,plain,(icext(uri_ex_A,uri_ex_w)), inference(spm,[status(thm)],[c_0_26, c_0_27])).
cnf(c_0_31,plain,(icext(esk20_0,X1)|~icext(esk19_0,X1)|~iext(uri_rdf_first,esk21_0,X2)), inference(spm,[status(thm)],[c_0_28, c_0_16])).
cnf(c_0_32,plain,(~icext(esk20_0,uri_ex_w)), inference(spm,[status(thm)],[c_0_29, c_0_30])).
cnf(c_0_33,plain,(~iext(uri_rdf_first,esk21_0,X1)), inference(sr,[status(thm)],[inference(spm,[status(thm)],[c_0_31, c_0_22]), c_0_32])).
cnf(c_0_34,plain,($false), inference(sr,[status(thm)],[c_0_27, c_0_33]), ['proof']).
# SZS output end CNFRefutation.
EOF
