% Problem    : SYN386+1 : TPTP v6.1.0. Released v2.0.0.
% Command    : eprover --auto-schedule --tstp-format -s --proof-object --memory-limit=2048 --cpu-limit=%d %s
% Computer   : n192.star.cs.uiowa.edu
% Model      : x86_64 x86_64
% CPU        : Intel(R) Xeon(R) CPU E5-2609 0 @ 2.40GHz
% Memory     : 32286.75MB
% OS         : Linux 2.6.32-431.20.3.el6.x86_64
% CPULimit   : 300
% DateTime   : Sun Jul 20 03:17:01 CDT 2014
% CPUTime    : 
# No SInE strategy applied
# Trying AutoSched0 for 151 seconds
# AutoSched0-Mode selected heuristic G_E___006_C18_F1_PI_AE_Q4_CS_SP_S2S
# and selection function SelectNewComplexAHP.
#

# Proof found!
# SZS status Theorem
# SZS output start CNFRefutation.
fof(c_0_0, conjecture, ((((![X1]:?[X2]:big_f(X1,X2)&?[X1]:![X3]:?[X4]:![X5]:(big_s(X4,X5)=>big_d(X5,X1,X3)))&![X3]:?[X6]:![X7]:![X8]:(big_d(X7,X8,X6)=>![X2]:![X9]:((big_f(X7,X2)&big_f(X8,X9))=>big_d(X2,X9,X3))))=>?[X2]:![X3]:?[X10]:![X5]:(big_s(X10,X5)=>![X9]:(big_f(X5,X9)=>big_d(X9,X2,X3))))), file('/export/starexec/sandbox/benchmark/theBenchmark.p', x2138)).
fof(c_0_1, negated_conjecture, (~((((![X1]:?[X2]:big_f(X1,X2)&?[X1]:![X3]:?[X4]:![X5]:(big_s(X4,X5)=>big_d(X5,X1,X3)))&![X3]:?[X6]:![X7]:![X8]:(big_d(X7,X8,X6)=>![X2]:![X9]:((big_f(X7,X2)&big_f(X8,X9))=>big_d(X2,X9,X3))))=>?[X2]:![X3]:?[X10]:![X5]:(big_s(X10,X5)=>![X9]:(big_f(X5,X9)=>big_d(X9,X2,X3)))))), inference(assume_negation,[status(cth)],[c_0_0])).
fof(c_0_2, negated_conjecture, (![X11]:![X14]:![X16]:![X17]:![X19]:![X20]:![X21]:![X22]:![X23]:![X25]:(((big_f(X11,esk1_1(X11))&(~big_s(esk3_1(X14),X16)|big_d(X16,esk2_0,X14)))&(~big_d(X19,X20,esk4_1(X17))|((~big_f(X19,X21)|~big_f(X20,X22))|big_d(X21,X22,X17))))&(big_s(X25,esk6_2(X23,X25))&(big_f(esk6_2(X23,X25),esk7_2(X23,X25))&~big_d(esk7_2(X23,X25),X23,esk5_1(X23)))))), inference(shift_quantors,[status(thm)],[inference(skolemize,[status(esa)],[inference(variable_rename,[status(thm)],[inference(fof_nnf,[status(thm)],[c_0_1])])])])).
cnf(c_0_3,negated_conjecture,(big_d(X1,esk2_0,X2)|~big_s(esk3_1(X2),X1)), inference(split_conjunct,[status(thm)],[c_0_2])).
cnf(c_0_4,negated_conjecture,(big_s(X1,esk6_2(X2,X1))), inference(split_conjunct,[status(thm)],[c_0_2])).
cnf(c_0_5,negated_conjecture,(big_d(X1,X2,X3)|~big_f(X4,X2)|~big_f(X5,X1)|~big_d(X5,X4,esk4_1(X3))), inference(split_conjunct,[status(thm)],[c_0_2])).
cnf(c_0_6,negated_conjecture,(big_d(esk6_2(X1,esk3_1(X2)),esk2_0,X2)), inference(spm,[status(thm)],[c_0_3, c_0_4])).
cnf(c_0_7,negated_conjecture,(big_d(X1,X2,X3)|~big_f(esk6_2(X4,esk3_1(esk4_1(X3))),X1)|~big_f(esk2_0,X2)), inference(spm,[status(thm)],[c_0_5, c_0_6])).
cnf(c_0_8,negated_conjecture,(big_f(X1,esk1_1(X1))), inference(split_conjunct,[status(thm)],[c_0_2])).
cnf(c_0_9,negated_conjecture,(big_d(X1,esk1_1(esk2_0),X2)|~big_f(esk6_2(X3,esk3_1(esk4_1(X2))),X1)), inference(spm,[status(thm)],[c_0_7, c_0_8])).
cnf(c_0_10,negated_conjecture,(big_f(esk6_2(X1,X2),esk7_2(X1,X2))), inference(split_conjunct,[status(thm)],[c_0_2])).
cnf(c_0_11,negated_conjecture,(~big_d(esk7_2(X1,X2),X1,esk5_1(X1))), inference(split_conjunct,[status(thm)],[c_0_2])).
cnf(c_0_12,negated_conjecture,(big_d(esk7_2(X1,esk3_1(esk4_1(X2))),esk1_1(esk2_0),X2)), inference(spm,[status(thm)],[c_0_9, c_0_10])).
cnf(c_0_13,negated_conjecture,($false), inference(spm,[status(thm)],[c_0_11, c_0_12]), ['proof']).
# SZS output end CNFRefutation.
EOF
