% Problem    : CSR115+68 : TPTP v6.1.0. Released v4.0.0.
% Command    : eprover --auto-schedule --tstp-format -s --proof-object --memory-limit=2048 --cpu-limit=%d %s
% Computer   : n109.star.cs.uiowa.edu
% Model      : x86_64 x86_64
% CPU        : Intel(R) Xeon(R) CPU E5-2609 0 @ 2.40GHz
% Memory     : 32286.75MB
% OS         : Linux 2.6.32-431.20.3.el6.x86_64
% CPULimit   : 300
% DateTime   : Sun Jul 20 04:25:11 CDT 2014
% CPUTime    : 
# SinE strategy is gf500_h_gu_R04_F100_L20000
# Trying AutoSched0 for 151 seconds
# AutoSched0-Mode selected heuristic G_E___208_C18_F1_SE_CS_SP_PS_S0YP
# and selection function SelectMaxLComplexAvoidPosPred.
#
# Presaturation interreduction done

# Proof found!
# SZS status Theorem
# SZS output start CNFRefutation.
fof(c_0_0, conjecture, (?[X1]:?[X2]:?[X3]:?[X4]:?[X5]:?[X6]:?[X7]:((((((((attr(X1,X2)&attr(X4,X3))&attr(X6,X7))&obj(X5,X1))&sub(X2,name_1_1))&sub(X1,firma_1_1))&sub(X3,name_1_1))&val(X2,bmw_0))&val(X3,bmw_0))), file('/export/starexec/sandbox/benchmark/theBenchmark.p', synth_qa07_007_mira_wp_478)).
fof(c_0_1, hypothesis, ((((((((((((((((((((((((((((((((((((((((((((((((((((((((((((((((((((((((((((((((((((((((((((((((((((((((((((((((((((((((((((((((((((((((((((((((pred(c123,motor__1_1)&pred(c130,zw__366lfzylindermotor_1_1))&prop(c130,leistungsgesteigerten_1_1))&subs(c145,gehsport_1_1))&attch(c147,c130))&attr(c147,c148))&sub(c147,firma_1_1))&sub(c148,name_1_1))&val(c148,bmw_0))&sub(c149,gmbh__1_1))&tupl_p5(c218,c123,c130,c145,c149))&assoc(gehsport_1_1,motor__1_1))&subs(gehsport_1_1,sport__1_1))&assoc(zw__366lfzylindermotor_1_1,walze_1_1))&assoc(zw__366lfzylindermotor_1_1,zw__366lf_1_1))&sub(zw__366lfzylindermotor_1_1,motor__1_1))&sort(c123,d))&card(c123,cons(x_constant,cons(int1,nil))))&etype(c123,int1))&fact(c123,real))&gener(c123,sp))&quant(c123,mult))&refer(c123,det))&varia(c123,con))&sort(motor__1_1,d))&card(motor__1_1,int1))&etype(motor__1_1,int0))&fact(motor__1_1,real))&gener(motor__1_1,ge))&quant(motor__1_1,one))&refer(motor__1_1,refer_c))&varia(motor__1_1,varia_c))&sort(c130,d))&card(c130,cons(x_constant,cons(int1,nil))))&etype(c130,int1))&fact(c130,real))&gener(c130,sp))&quant(c130,mult))&refer(c130,det))&varia(c130,varia_c))&sort(zw__366lfzylindermotor_1_1,d))&card(zw__366lfzylindermotor_1_1,int1))&etype(zw__366lfzylindermotor_1_1,int0))&fact(zw__366lfzylindermotor_1_1,real))&gener(zw__366lfzylindermotor_1_1,ge))&quant(zw__366lfzylindermotor_1_1,one))&refer(zw__366lfzylindermotor_1_1,refer_c))&varia(zw__366lfzylindermotor_1_1,varia_c))&sort(leistungsgesteigerten_1_1,gq))&sort(c145,ad))&card(c145,int1))&etype(c145,int0))&fact(c145,real))&gener(c145,gener_c))&quant(c145,one))&refer(c145,refer_c))&varia(c145,varia_c))&sort(gehsport_1_1,ad))&card(gehsport_1_1,int1))&etype(gehsport_1_1,int0))&fact(gehsport_1_1,real))&gener(gehsport_1_1,ge))&quant(gehsport_1_1,one))&refer(gehsport_1_1,refer_c))&varia(gehsport_1_1,varia_c))&sort(c147,d))&sort(c147,io))&card(c147,int1))&etype(c147,int0))&fact(c147,real))&gener(c147,sp))&quant(c147,one))&refer(c147,det))&varia(c147,con))&sort(c148,na))&card(c148,int1))&etype(c148,int0))&fact(c148,real))&gener(c148,sp))&quant(c148,one))&refer(c148,indet))&varia(c148,varia_c))&sort(firma_1_1,d))&sort(firma_1_1,io))&card(firma_1_1,int1))&etype(firma_1_1,int0))&fact(firma_1_1,real))&gener(firma_1_1,ge))&quant(firma_1_1,one))&refer(firma_1_1,refer_c))&varia(firma_1_1,varia_c))&sort(name_1_1,na))&card(name_1_1,int1))&etype(name_1_1,int0))&fact(name_1_1,real))&gener(name_1_1,ge))&quant(name_1_1,one))&refer(name_1_1,refer_c))&varia(name_1_1,varia_c))&sort(bmw_0,fe))&sort(c149,d))&sort(c149,io))&card(c149,int1))&etype(c149,int1))&fact(c149,real))&gener(c149,gener_c))&quant(c149,one))&refer(c149,refer_c))&varia(c149,varia_c))&sort(gmbh__1_1,d))&sort(gmbh__1_1,io))&card(gmbh__1_1,card_c))&etype(gmbh__1_1,int1))&fact(gmbh__1_1,real))&gener(gmbh__1_1,ge))&quant(gmbh__1_1,quant_c))&refer(gmbh__1_1,refer_c))&varia(gmbh__1_1,varia_c))&sort(c218,ent))&card(c218,card_c))&etype(c218,etype_c))&fact(c218,real))&gener(c218,gener_c))&quant(c218,quant_c))&refer(c218,refer_c))&varia(c218,varia_c))&sort(sport__1_1,ad))&card(sport__1_1,int1))&etype(sport__1_1,int0))&fact(sport__1_1,real))&gener(sport__1_1,ge))&quant(sport__1_1,one))&refer(sport__1_1,refer_c))&varia(sport__1_1,varia_c))&sort(walze_1_1,d))&card(walze_1_1,int1))&etype(walze_1_1,int0))&fact(walze_1_1,real))&gener(walze_1_1,ge))&quant(walze_1_1,one))&refer(walze_1_1,refer_c))&varia(walze_1_1,varia_c))&sort(zw__366lf_1_1,nu))&card(zw__366lf_1_1,int12))), file('/export/starexec/sandbox/benchmark/theBenchmark.p', ave07_era5_synth_qa07_007_mira_wp_478)).
fof(c_0_2, axiom, (![X1]:![X2]:![X3]:(((arg1(X1,X2)&arg2(X1,X3))&subr(X1,sub_0))=>?[X4]:?[X5]:?[X6]:(((((((arg1(X5,X2)&arg2(X5,X6))&hsit(X1,X4))&mcont(X4,X5))&obj(X4,X2))&sub(X6,X3))&subr(X5,rprs_0))&subs(X4,bezeichnen_1_1)))), file('/export/starexec/sandbox/benchmark/Axioms/CSR004+0.ax', sub__bezeichnen_1_1_als)).
fof(c_0_3, axiom, (![X1]:![X2]:(sub(X1,X2)=>?[X3]:((arg1(X3,X1)&arg2(X3,X2))&subr(X3,sub_0)))), file('/export/starexec/sandbox/benchmark/Axioms/CSR004+0.ax', sub__sub_0_expansion)).
fof(c_0_4, negated_conjecture, (~(?[X1]:?[X2]:?[X3]:?[X4]:?[X5]:?[X6]:?[X7]:((((((((attr(X1,X2)&attr(X4,X3))&attr(X6,X7))&obj(X5,X1))&sub(X2,name_1_1))&sub(X1,firma_1_1))&sub(X3,name_1_1))&val(X2,bmw_0))&val(X3,bmw_0)))), inference(assume_negation,[status(cth)],[c_0_0])).
fof(c_0_5, negated_conjecture, (![X8]:![X9]:![X10]:![X11]:![X12]:![X13]:![X14]:((((((((~attr(X8,X9)|~attr(X11,X10))|~attr(X12,X13))|~obj(X14,X8))|~sub(X9,name_1_1))|~sub(X8,firma_1_1))|~sub(X10,name_1_1))|~val(X9,bmw_0))|~val(X10,bmw_0))), inference(shift_quantors,[status(thm)],[inference(variable_rename,[status(thm)],[inference(shift_quantors,[status(thm)],[inference(fof_nnf,[status(thm)],[c_0_4])])])])).
cnf(c_0_6,negated_conjecture,(~val(X1,bmw_0)|~val(X2,bmw_0)|~sub(X1,name_1_1)|~sub(X3,firma_1_1)|~sub(X2,name_1_1)|~obj(X4,X3)|~attr(X5,X6)|~attr(X7,X1)|~attr(X3,X2)), inference(split_conjunct,[status(thm)],[c_0_5])).
cnf(c_0_7,hypothesis,(val(c148,bmw_0)), inference(split_conjunct,[status(thm)],[c_0_1])).
cnf(c_0_8,hypothesis,(sub(c148,name_1_1)), inference(split_conjunct,[status(thm)],[c_0_1])).
cnf(c_0_9,hypothesis,(~val(X1,bmw_0)|~attr(X2,c148)|~attr(X3,X1)|~attr(X4,X5)|~obj(X6,X2)|~sub(X2,firma_1_1)|~sub(X1,name_1_1)), inference(cn,[status(thm)],[inference(rw,[status(thm)],[inference(spm,[status(thm)],[c_0_6, c_0_7]), c_0_8])])).
cnf(c_0_10,hypothesis,(~attr(X1,c148)|~attr(X2,c148)|~attr(X3,X4)|~obj(X5,X1)|~sub(X1,firma_1_1)), inference(cn,[status(thm)],[inference(rw,[status(thm)],[inference(spm,[status(thm)],[c_0_9, c_0_7]), c_0_8])])).
cnf(c_0_11,hypothesis,(attr(c147,c148)), inference(split_conjunct,[status(thm)],[c_0_1])).
cnf(c_0_12,hypothesis,(sub(c147,firma_1_1)), inference(split_conjunct,[status(thm)],[c_0_1])).
cnf(c_0_13,hypothesis,(~attr(X1,c148)|~attr(X2,X3)|~obj(X4,c147)), inference(cn,[status(thm)],[inference(rw,[status(thm)],[inference(spm,[status(thm)],[c_0_10, c_0_11]), c_0_12])])).
fof(c_0_14, plain, (![X7]:![X8]:![X9]:((((((((arg1(esk41_3(X7,X8,X9),X8)|((~arg1(X7,X8)|~arg2(X7,X9))|~subr(X7,sub_0)))&(arg2(esk41_3(X7,X8,X9),esk42_3(X7,X8,X9))|((~arg1(X7,X8)|~arg2(X7,X9))|~subr(X7,sub_0))))&(hsit(X7,esk40_3(X7,X8,X9))|((~arg1(X7,X8)|~arg2(X7,X9))|~subr(X7,sub_0))))&(mcont(esk40_3(X7,X8,X9),esk41_3(X7,X8,X9))|((~arg1(X7,X8)|~arg2(X7,X9))|~subr(X7,sub_0))))&(obj(esk40_3(X7,X8,X9),X8)|((~arg1(X7,X8)|~arg2(X7,X9))|~subr(X7,sub_0))))&(sub(esk42_3(X7,X8,X9),X9)|((~arg1(X7,X8)|~arg2(X7,X9))|~subr(X7,sub_0))))&(subr(esk41_3(X7,X8,X9),rprs_0)|((~arg1(X7,X8)|~arg2(X7,X9))|~subr(X7,sub_0))))&(subs(esk40_3(X7,X8,X9),bezeichnen_1_1)|((~arg1(X7,X8)|~arg2(X7,X9))|~subr(X7,sub_0))))), inference(distribute,[status(thm)],[inference(skolemize,[status(esa)],[inference(variable_rename,[status(thm)],[inference(shift_quantors,[status(thm)],[inference(fof_nnf,[status(thm)],[c_0_2])])])])])).
cnf(c_0_15,hypothesis,(~attr(X1,X2)|~obj(X3,c147)), inference(spm,[status(thm)],[c_0_13, c_0_11])).
cnf(c_0_16,plain,(obj(esk40_3(X1,X3,X2),X3)|~subr(X1,sub_0)|~arg2(X1,X2)|~arg1(X1,X3)), inference(split_conjunct,[status(thm)],[c_0_14])).
fof(c_0_17, plain, (![X4]:![X5]:(((arg1(esk43_2(X4,X5),X4)|~sub(X4,X5))&(arg2(esk43_2(X4,X5),X5)|~sub(X4,X5)))&(subr(esk43_2(X4,X5),sub_0)|~sub(X4,X5)))), inference(distribute,[status(thm)],[inference(skolemize,[status(esa)],[inference(variable_rename,[status(thm)],[inference(fof_nnf,[status(thm)],[c_0_3])])])])).
cnf(c_0_18,hypothesis,(~subr(X1,sub_0)|~attr(X2,X3)|~arg2(X1,X4)|~arg1(X1,c147)), inference(spm,[status(thm)],[c_0_15, c_0_16])).
cnf(c_0_19,plain,(subr(esk43_2(X1,X2),sub_0)|~sub(X1,X2)), inference(split_conjunct,[status(thm)],[c_0_17])).
cnf(c_0_20,hypothesis,(~attr(X1,X2)|~arg2(esk43_2(X3,X4),X5)|~arg1(esk43_2(X3,X4),c147)|~sub(X3,X4)), inference(spm,[status(thm)],[c_0_18, c_0_19])).
cnf(c_0_21,plain,(arg2(esk43_2(X1,X2),X2)|~sub(X1,X2)), inference(split_conjunct,[status(thm)],[c_0_17])).
cnf(c_0_22,hypothesis,(~attr(X1,X2)|~arg1(esk43_2(X3,X4),c147)|~sub(X3,X4)), inference(spm,[status(thm)],[c_0_20, c_0_21])).
cnf(c_0_23,plain,(arg1(esk43_2(X1,X2),X1)|~sub(X1,X2)), inference(split_conjunct,[status(thm)],[c_0_17])).
cnf(c_0_24,hypothesis,(~attr(X1,X2)|~sub(c147,X3)), inference(spm,[status(thm)],[c_0_22, c_0_23])).
cnf(c_0_25,hypothesis,(~attr(X1,X2)), inference(spm,[status(thm)],[c_0_24, c_0_12])).
cnf(c_0_26,hypothesis,($false), inference(sr,[status(thm)],[c_0_11, c_0_25]), ['proof']).
# SZS output end CNFRefutation.
EOF
