% Problem    : CSR038+3 : TPTP v6.1.0. Released v3.4.0.
% Command    : eprover --auto-schedule --tstp-format -s --proof-object --memory-limit=2048 --cpu-limit=%d %s
% Computer   : n141.star.cs.uiowa.edu
% Model      : x86_64 x86_64
% CPU        : Intel(R) Xeon(R) CPU E5-2609 0 @ 2.40GHz
% Memory     : 32286.75MB
% OS         : Linux 2.6.32-431.20.3.el6.x86_64
% CPULimit   : 300
% DateTime   : Sun Jul 20 04:53:26 CDT 2014
% CPUTime    : 
# No SInE strategy applied
# Trying AutoSched0 for 151 seconds
# AutoSched0-Mode selected heuristic G_E___107_C41_F1_PI_AE_Q4_CS_SP_PS_S0Y
# and selection function SelectMaxLComplexAvoidPosPred.
#
# Presaturation interreduction done

# Proof found!
# SZS status Theorem
# SZS output start CNFRefutation.
fof(c_0_0, conjecture, (?[X15]:(mtvisible(c_knowledgefragmentd3mt)=>(tptp_8_968(X15,c_tptpnsubcollectionofwithrelationtotypefnissuingaprescriptionproductscorrectivelensprescription_2804)&tptpcol_16_7738(X15)))), file('/export/starexec/sandbox/benchmark/theBenchmark.p', query138)).
fof(c_0_1, axiom, (![X15]:(isa(X15,c_tptpcol_16_7738)=>tptpcol_16_7738(X15))), file('/export/starexec/sandbox/benchmark/Axioms/CSR002+2.ax', ax2_7785)).
fof(c_0_2, axiom, (![X7]:(isa(X7,f_subcollectionofwithrelationtotypefn(c_issuingaprescription,c_products,c_correctivelensprescription))=>tptp_8_968(f_relationexistsallfn(X7,c_tptp_8_968,c_tptpcol_16_7738,f_subcollectionofwithrelationtotypefn(c_issuingaprescription,c_products,c_correctivelensprescription)),X7))), file('/export/starexec/sandbox/benchmark/Axioms/CSR002+2.ax', ax2_85)).
fof(c_0_3, axiom, (isa(c_tptpnsubcollectionofwithrelationtotypefnissuingaprescriptionproductscorrectivelensprescription_2804,f_subcollectionofwithrelationtotypefn(c_issuingaprescription,c_products,c_correctivelensprescription))), file('/export/starexec/sandbox/benchmark/Axioms/CSR002+2.ax', ax2_1129)).
fof(c_0_4, axiom, (![X7]:![X8]:![X9]:![X10]:((isa(X7,X8)&relationexistsall(X9,X10,X8))=>isa(f_relationexistsallfn(X7,X9,X10,X8),X10))), file('/export/starexec/sandbox/benchmark/Axioms/CSR002+2.ax', ax2_453)).
fof(c_0_5, axiom, (relationexistsall(c_tptp_8_968,c_tptpcol_16_7738,f_subcollectionofwithrelationtotypefn(c_issuingaprescription,c_products,c_correctivelensprescription))), file('/export/starexec/sandbox/benchmark/Axioms/CSR002+2.ax', ax2_86)).
fof(c_0_6, negated_conjecture, (~(?[X15]:(mtvisible(c_knowledgefragmentd3mt)=>(tptp_8_968(X15,c_tptpnsubcollectionofwithrelationtotypefnissuingaprescriptionproductscorrectivelensprescription_2804)&tptpcol_16_7738(X15))))), inference(assume_negation,[status(cth)],[c_0_0])).
fof(c_0_7, negated_conjecture, (![X16]:(mtvisible(c_knowledgefragmentd3mt)&(~tptp_8_968(X16,c_tptpnsubcollectionofwithrelationtotypefnissuingaprescriptionproductscorrectivelensprescription_2804)|~tptpcol_16_7738(X16)))), inference(shift_quantors,[status(thm)],[inference(variable_rename,[status(thm)],[inference(shift_quantors,[status(thm)],[inference(fof_nnf,[status(thm)],[c_0_6])])])])).
fof(c_0_8, plain, (![X16]:(~isa(X16,c_tptpcol_16_7738)|tptpcol_16_7738(X16))), inference(variable_rename,[status(thm)],[inference(fof_nnf,[status(thm)],[c_0_1])])).
cnf(c_0_9,negated_conjecture,(~tptpcol_16_7738(X1)|~tptp_8_968(X1,c_tptpnsubcollectionofwithrelationtotypefnissuingaprescriptionproductscorrectivelensprescription_2804)), inference(split_conjunct,[status(thm)],[c_0_7])).
cnf(c_0_10,plain,(tptpcol_16_7738(X1)|~isa(X1,c_tptpcol_16_7738)), inference(split_conjunct,[status(thm)],[c_0_8])).
fof(c_0_11, plain, (![X8]:(~isa(X8,f_subcollectionofwithrelationtotypefn(c_issuingaprescription,c_products,c_correctivelensprescription))|tptp_8_968(f_relationexistsallfn(X8,c_tptp_8_968,c_tptpcol_16_7738,f_subcollectionofwithrelationtotypefn(c_issuingaprescription,c_products,c_correctivelensprescription)),X8))), inference(variable_rename,[status(thm)],[inference(fof_nnf,[status(thm)],[c_0_2])])).
cnf(c_0_12,negated_conjecture,(~tptp_8_968(X1,c_tptpnsubcollectionofwithrelationtotypefnissuingaprescriptionproductscorrectivelensprescription_2804)|~isa(X1,c_tptpcol_16_7738)), inference(spm,[status(thm)],[c_0_9, c_0_10])).
cnf(c_0_13,plain,(tptp_8_968(f_relationexistsallfn(X1,c_tptp_8_968,c_tptpcol_16_7738,f_subcollectionofwithrelationtotypefn(c_issuingaprescription,c_products,c_correctivelensprescription)),X1)|~isa(X1,f_subcollectionofwithrelationtotypefn(c_issuingaprescription,c_products,c_correctivelensprescription))), inference(split_conjunct,[status(thm)],[c_0_11])).
cnf(c_0_14,plain,(isa(c_tptpnsubcollectionofwithrelationtotypefnissuingaprescriptionproductscorrectivelensprescription_2804,f_subcollectionofwithrelationtotypefn(c_issuingaprescription,c_products,c_correctivelensprescription))), inference(split_conjunct,[status(thm)],[c_0_3])).
fof(c_0_15, plain, (![X11]:![X12]:![X13]:![X14]:((~isa(X11,X12)|~relationexistsall(X13,X14,X12))|isa(f_relationexistsallfn(X11,X13,X14,X12),X14))), inference(variable_rename,[status(thm)],[inference(fof_nnf,[status(thm)],[c_0_4])])).
cnf(c_0_16,negated_conjecture,(~isa(f_relationexistsallfn(c_tptpnsubcollectionofwithrelationtotypefnissuingaprescriptionproductscorrectivelensprescription_2804,c_tptp_8_968,c_tptpcol_16_7738,f_subcollectionofwithrelationtotypefn(c_issuingaprescription,c_products,c_correctivelensprescription)),c_tptpcol_16_7738)), inference(cn,[status(thm)],[inference(rw,[status(thm)],[inference(spm,[status(thm)],[c_0_12, c_0_13]), c_0_14])])).
cnf(c_0_17,plain,(isa(f_relationexistsallfn(X1,X2,X3,X4),X3)|~relationexistsall(X2,X3,X4)|~isa(X1,X4)), inference(split_conjunct,[status(thm)],[c_0_15])).
cnf(c_0_18,plain,(relationexistsall(c_tptp_8_968,c_tptpcol_16_7738,f_subcollectionofwithrelationtotypefn(c_issuingaprescription,c_products,c_correctivelensprescription))), inference(split_conjunct,[status(thm)],[c_0_5])).
cnf(c_0_19,negated_conjecture,($false), inference(cn,[status(thm)],[inference(rw,[status(thm)],[inference(rw,[status(thm)],[inference(spm,[status(thm)],[c_0_16, c_0_17]), c_0_18]), c_0_14])]), ['proof']).
# SZS output end CNFRefutation.
EOF
