% Problem    : CSR067+3 : TPTP v6.1.0. Released v3.4.0.
% Command    : eprover --auto-schedule --tstp-format -s --proof-object --memory-limit=2048 --cpu-limit=%d %s
% Computer   : n096.star.cs.uiowa.edu
% Model      : x86_64 x86_64
% CPU        : Intel(R) Xeon(R) CPU E5-2609 0 @ 2.40GHz
% Memory     : 32286.75MB
% OS         : Linux 2.6.32-431.20.3.el6.x86_64
% CPULimit   : 300
% DateTime   : Sun Jul 20 03:55:26 CDT 2014
% CPUTime    : 
# No SInE strategy applied
# Trying AutoSched0 for 151 seconds
# AutoSched0-Mode selected heuristic G_E___107_C41_F1_PI_AE_Q4_CS_SP_PS_S0Y
# and selection function SelectMaxLComplexAvoidPosPred.
#
# Presaturation interreduction done

# Proof found!
# SZS status Theorem
# SZS output start CNFRefutation.
fof(c_0_0, conjecture, (?[X3]:(mtvisible(c_tptpgeo_member7_mt)=>borderson(X3,c_georegion_l4_x29_y75))), file('/export/starexec/sandbox/benchmark/theBenchmark.p', query167)).
fof(c_0_1, axiom, ((mtvisible(c_tptpgeo_member7_mt)=>borderson(c_georegion_l4_x29_y75,c_georegion_l4_x29_y76))), file('/export/starexec/sandbox/benchmark/Axioms/CSR002+2.ax', ax2_527)).
fof(c_0_2, axiom, (![X15]:![X16]:(borderson(X15,X16)=>borderson(X16,X15))), file('/export/starexec/sandbox/benchmark/Axioms/CSR002+2.ax', ax2_7642)).
fof(c_0_3, negated_conjecture, (~(?[X3]:(mtvisible(c_tptpgeo_member7_mt)=>borderson(X3,c_georegion_l4_x29_y75)))), inference(assume_negation,[status(cth)],[c_0_0])).
fof(c_0_4, plain, ((~mtvisible(c_tptpgeo_member7_mt)|borderson(c_georegion_l4_x29_y75,c_georegion_l4_x29_y76))), inference(fof_nnf,[status(thm)],[c_0_1])).
fof(c_0_5, negated_conjecture, (![X4]:(mtvisible(c_tptpgeo_member7_mt)&~borderson(X4,c_georegion_l4_x29_y75))), inference(shift_quantors,[status(thm)],[inference(variable_rename,[status(thm)],[inference(shift_quantors,[status(thm)],[inference(fof_nnf,[status(thm)],[c_0_3])])])])).
fof(c_0_6, plain, (![X17]:![X18]:(~borderson(X17,X18)|borderson(X18,X17))), inference(variable_rename,[status(thm)],[inference(fof_nnf,[status(thm)],[c_0_2])])).
cnf(c_0_7,plain,(borderson(c_georegion_l4_x29_y75,c_georegion_l4_x29_y76)|~mtvisible(c_tptpgeo_member7_mt)), inference(split_conjunct,[status(thm)],[c_0_4])).
cnf(c_0_8,negated_conjecture,(mtvisible(c_tptpgeo_member7_mt)), inference(split_conjunct,[status(thm)],[c_0_5])).
cnf(c_0_9,plain,(borderson(X1,X2)|~borderson(X2,X1)), inference(split_conjunct,[status(thm)],[c_0_6])).
cnf(c_0_10,plain,(borderson(c_georegion_l4_x29_y75,c_georegion_l4_x29_y76)), inference(cn,[status(thm)],[inference(rw,[status(thm)],[c_0_7, c_0_8])])).
cnf(c_0_11,negated_conjecture,(~borderson(X1,c_georegion_l4_x29_y75)), inference(split_conjunct,[status(thm)],[c_0_5])).
cnf(c_0_12,plain,($false), inference(sr,[status(thm)],[inference(spm,[status(thm)],[c_0_9, c_0_10]), c_0_11]), ['proof']).
# SZS output end CNFRefutation.
EOF
