% Problem    : NLP562+1 : TPTP v6.1.0. Bugfixed v4.0.1.
% Command    : eprover --auto-schedule --tstp-format -s --proof-object --memory-limit=2048 --cpu-limit=%d %s
% Computer   : n120.star.cs.uiowa.edu
% Model      : x86_64 x86_64
% CPU        : Intel(R) Xeon(R) CPU E5-2609 0 @ 2.40GHz
% Memory     : 32286.75MB
% OS         : Linux 2.6.32-431.20.3.el6.x86_64
% CPULimit   : 300
% DateTime   : Sun Jul 20 05:50:06 CDT 2014
% CPUTime    : 
# SinE strategy is gf600_h_gu_R05_F100_L20000
# Trying AutoSched0 for 145 seconds
# AutoSched0-Mode selected heuristic G_E___208_C18_F1_SE_CS_SP_PS_S0YP
# and selection function SelectMaxLComplexAvoidPosPred.
#
# Presaturation interreduction done

# Proof found!
# SZS status Theorem
# SZS output start CNFRefutation.
fof(c_0_0, axiom, (![X1]:![X2]:![X3]:((hypernym(X1,X2)&hypernym(X2,X3))=>hypernym(X1,X3))), file('/export/starexec/sandbox/benchmark/theBenchmark.p', axiom1)).
fof(c_0_1, axiom, (hypernym(n10126424,n9855630)), file('/export/starexec/sandbox/benchmark/Axioms/NLP001+0.ax', kb340304)).
fof(c_0_2, conjecture, (hypernym(n9986904,n7846)), file('/export/starexec/sandbox/benchmark/theBenchmark.p', hypernym_transitiviy_1)).
fof(c_0_3, axiom, (hypernym(n10560637,n7846)), file('/export/starexec/sandbox/benchmark/Axioms/NLP001+0.ax', kb117091)).
fof(c_0_4, axiom, (hypernym(n9855630,n10560637)), file('/export/starexec/sandbox/benchmark/Axioms/NLP001+0.ax', kb886122)).
fof(c_0_5, axiom, (hypernym(n9986904,n10126424)), file('/export/starexec/sandbox/benchmark/Axioms/NLP001+0.ax', kb1049)).
fof(c_0_6, plain, (![X4]:![X5]:![X6]:((~hypernym(X4,X5)|~hypernym(X5,X6))|hypernym(X4,X6))), inference(variable_rename,[status(thm)],[inference(fof_nnf,[status(thm)],[c_0_0])])).
cnf(c_0_7,plain,(hypernym(X1,X2)|~hypernym(X3,X2)|~hypernym(X1,X3)), inference(split_conjunct,[status(thm)],[c_0_6])).
cnf(c_0_8,plain,(hypernym(n10126424,n9855630)), inference(split_conjunct,[status(thm)],[c_0_1])).
fof(c_0_9, negated_conjecture, (~hypernym(n9986904,n7846)), inference(fof_simplification,[status(thm)],[inference(assume_negation,[status(cth)],[c_0_2])])).
cnf(c_0_10,plain,(hypernym(n10560637,n7846)), inference(split_conjunct,[status(thm)],[c_0_3])).
cnf(c_0_11,plain,(hypernym(n9855630,n10560637)), inference(split_conjunct,[status(thm)],[c_0_4])).
cnf(c_0_12,plain,(hypernym(X1,n9855630)|~hypernym(X1,n10126424)), inference(spm,[status(thm)],[c_0_7, c_0_8])).
cnf(c_0_13,plain,(hypernym(n9986904,n10126424)), inference(split_conjunct,[status(thm)],[c_0_5])).
cnf(c_0_14,negated_conjecture,(~hypernym(n9986904,n7846)), inference(split_conjunct,[status(thm)],[c_0_9])).
cnf(c_0_15,plain,(hypernym(X1,n7846)|~hypernym(X1,n10560637)), inference(spm,[status(thm)],[c_0_7, c_0_10])).
cnf(c_0_16,plain,(hypernym(X1,n10560637)|~hypernym(X1,n9855630)), inference(spm,[status(thm)],[c_0_7, c_0_11])).
cnf(c_0_17,plain,(hypernym(n9986904,n9855630)), inference(spm,[status(thm)],[c_0_12, c_0_13])).
cnf(c_0_18,negated_conjecture,(~hypernym(n9986904,n10560637)), inference(spm,[status(thm)],[c_0_14, c_0_15])).
cnf(c_0_19,plain,($false), inference(sr,[status(thm)],[inference(spm,[status(thm)],[c_0_16, c_0_17]), c_0_18]), ['proof']).
# SZS output end CNFRefutation.
EOF
