% Problem    : CSR114+21 : TPTP v6.1.0. Released v4.0.0.
% Command    : eprover --auto-schedule --tstp-format -s --proof-object --memory-limit=2048 --cpu-limit=%d %s
% Computer   : n141.star.cs.uiowa.edu
% Model      : x86_64 x86_64
% CPU        : Intel(R) Xeon(R) CPU E5-2609 0 @ 2.40GHz
% Memory     : 32286.75MB
% OS         : Linux 2.6.32-431.20.3.el6.x86_64
% CPULimit   : 300
% DateTime   : Sun Jul 20 04:07:41 CDT 2014
% CPUTime    : 
# SinE strategy is gf500_h_gu_R04_F100_L20000
# Trying AutoSched0 for 151 seconds
# AutoSched0-Mode selected heuristic G_E___208_C18_F1_SE_CS_SP_PS_S0YP
# and selection function SelectMaxLComplexAvoidPosPred.
#
# Presaturation interreduction done

# Proof found!
# SZS status Theorem
# SZS output start CNFRefutation.
fof(c_0_0, conjecture, (?[X1]:?[X2]:?[X3]:?[X4]:?[X5]:((((((((in(X3,X1)&attr(X1,X2))&loc(X5,X3))&scar(X5,X4))&sub(X2,name_1_1))&sub(X1,stadt__1_1))&sub(X4,kolosseum_1_1))&subs(X5,stehen_1_1))&val(X2,rom_0))), file('/export/starexec/sandbox/benchmark/theBenchmark.p', synth_qa07_004_qapn_68)).
fof(c_0_1, hypothesis, ((((((((((((((((((((((((((((((((((((((((((((((((((((((((((((((((((((((((((attr(c12,c13)&sub(c12,stadt__1_1))&sub(c13,name_1_1))&val(c13,rom_0))&aff(c19,c5))&subs(c19,restaurieren_1_1))&in(c30,c12))&loc(c5,c30))&sub(c5,kolosseum_1_1))&sort(c12,d))&sort(c12,io))&card(c12,int1))&etype(c12,int0))&fact(c12,real))&gener(c12,sp))&quant(c12,one))&refer(c12,det))&varia(c12,con))&sort(c13,na))&card(c13,int1))&etype(c13,int0))&fact(c13,real))&gener(c13,sp))&quant(c13,one))&refer(c13,indet))&varia(c13,varia_c))&sort(stadt__1_1,d))&sort(stadt__1_1,io))&card(stadt__1_1,int1))&etype(stadt__1_1,int0))&fact(stadt__1_1,real))&gener(stadt__1_1,ge))&quant(stadt__1_1,one))&refer(stadt__1_1,refer_c))&varia(stadt__1_1,varia_c))&sort(name_1_1,na))&card(name_1_1,int1))&etype(name_1_1,int0))&fact(name_1_1,real))&gener(name_1_1,ge))&quant(name_1_1,one))&refer(name_1_1,refer_c))&varia(name_1_1,varia_c))&sort(rom_0,fe))&sort(c19,da))&fact(c19,real))&gener(c19,sp))&sort(c5,d))&card(c5,int1))&etype(c5,int0))&fact(c5,real))&gener(c5,sp))&quant(c5,one))&refer(c5,det))&varia(c5,con))&sort(restaurieren_1_1,da))&fact(restaurieren_1_1,real))&gener(restaurieren_1_1,ge))&sort(c30,l))&card(c30,int1))&etype(c30,int0))&fact(c30,real))&gener(c30,sp))&quant(c30,one))&refer(c30,det))&varia(c30,con))&sort(kolosseum_1_1,d))&card(kolosseum_1_1,int1))&etype(kolosseum_1_1,int0))&fact(kolosseum_1_1,real))&gener(kolosseum_1_1,sp))&quant(kolosseum_1_1,one))&refer(kolosseum_1_1,det))&varia(kolosseum_1_1,con))), file('/export/starexec/sandbox/benchmark/theBenchmark.p', ave07_era5_synth_qa07_004_qapn_68)).
fof(c_0_2, axiom, (![X1]:![X2]:(loc(X1,X2)=>?[X3]:((loc(X3,X2)&scar(X3,X1))&subs(X3,stehen_1_1)))), file('/export/starexec/sandbox/benchmark/Axioms/CSR004+0.ax', loc__stehen_1_1_loc)).
fof(c_0_3, negated_conjecture, (~(?[X1]:?[X2]:?[X3]:?[X4]:?[X5]:((((((((in(X3,X1)&attr(X1,X2))&loc(X5,X3))&scar(X5,X4))&sub(X2,name_1_1))&sub(X1,stadt__1_1))&sub(X4,kolosseum_1_1))&subs(X5,stehen_1_1))&val(X2,rom_0)))), inference(assume_negation,[status(cth)],[c_0_0])).
fof(c_0_4, negated_conjecture, (![X6]:![X7]:![X8]:![X9]:![X10]:((((((((~in(X8,X6)|~attr(X6,X7))|~loc(X10,X8))|~scar(X10,X9))|~sub(X7,name_1_1))|~sub(X6,stadt__1_1))|~sub(X9,kolosseum_1_1))|~subs(X10,stehen_1_1))|~val(X7,rom_0))), inference(shift_quantors,[status(thm)],[inference(variable_rename,[status(thm)],[inference(shift_quantors,[status(thm)],[inference(fof_nnf,[status(thm)],[c_0_3])])])])).
cnf(c_0_5,negated_conjecture,(~val(X1,rom_0)|~subs(X2,stehen_1_1)|~sub(X3,kolosseum_1_1)|~sub(X4,stadt__1_1)|~sub(X1,name_1_1)|~scar(X2,X3)|~loc(X2,X5)|~attr(X4,X1)|~in(X5,X4)), inference(split_conjunct,[status(thm)],[c_0_4])).
cnf(c_0_6,hypothesis,(val(c13,rom_0)), inference(split_conjunct,[status(thm)],[c_0_1])).
cnf(c_0_7,hypothesis,(sub(c13,name_1_1)), inference(split_conjunct,[status(thm)],[c_0_1])).
cnf(c_0_8,hypothesis,(~in(X1,X2)|~attr(X2,c13)|~scar(X3,X4)|~loc(X3,X1)|~subs(X3,stehen_1_1)|~sub(X2,stadt__1_1)|~sub(X4,kolosseum_1_1)), inference(cn,[status(thm)],[inference(rw,[status(thm)],[inference(spm,[status(thm)],[c_0_5, c_0_6]), c_0_7])])).
cnf(c_0_9,hypothesis,(in(c30,c12)), inference(split_conjunct,[status(thm)],[c_0_1])).
cnf(c_0_10,hypothesis,(attr(c12,c13)), inference(split_conjunct,[status(thm)],[c_0_1])).
cnf(c_0_11,hypothesis,(sub(c12,stadt__1_1)), inference(split_conjunct,[status(thm)],[c_0_1])).
fof(c_0_12, plain, (![X4]:![X5]:(((loc(esk12_2(X4,X5),X5)|~loc(X4,X5))&(scar(esk12_2(X4,X5),X4)|~loc(X4,X5)))&(subs(esk12_2(X4,X5),stehen_1_1)|~loc(X4,X5)))), inference(distribute,[status(thm)],[inference(skolemize,[status(esa)],[inference(variable_rename,[status(thm)],[inference(fof_nnf,[status(thm)],[c_0_2])])])])).
cnf(c_0_13,hypothesis,(~scar(X1,X2)|~loc(X1,c30)|~subs(X1,stehen_1_1)|~sub(X2,kolosseum_1_1)), inference(cn,[status(thm)],[inference(rw,[status(thm)],[inference(rw,[status(thm)],[inference(spm,[status(thm)],[c_0_8, c_0_9]), c_0_10]), c_0_11])])).
cnf(c_0_14,plain,(scar(esk12_2(X1,X2),X1)|~loc(X1,X2)), inference(split_conjunct,[status(thm)],[c_0_12])).
cnf(c_0_15,plain,(subs(esk12_2(X1,X2),stehen_1_1)|~loc(X1,X2)), inference(split_conjunct,[status(thm)],[c_0_12])).
cnf(c_0_16,hypothesis,(~loc(esk12_2(X1,X2),c30)|~loc(X1,X2)|~sub(X1,kolosseum_1_1)), inference(csr,[status(thm)],[inference(spm,[status(thm)],[c_0_13, c_0_14]), c_0_15])).
cnf(c_0_17,plain,(loc(esk12_2(X1,X2),X2)|~loc(X1,X2)), inference(split_conjunct,[status(thm)],[c_0_12])).
cnf(c_0_18,hypothesis,(~loc(X1,c30)|~sub(X1,kolosseum_1_1)), inference(spm,[status(thm)],[c_0_16, c_0_17])).
cnf(c_0_19,hypothesis,(loc(c5,c30)), inference(split_conjunct,[status(thm)],[c_0_1])).
cnf(c_0_20,hypothesis,(sub(c5,kolosseum_1_1)), inference(split_conjunct,[status(thm)],[c_0_1])).
cnf(c_0_21,hypothesis,($false), inference(cn,[status(thm)],[inference(rw,[status(thm)],[inference(spm,[status(thm)],[c_0_18, c_0_19]), c_0_20])]), ['proof']).
# SZS output end CNFRefutation.
EOF
