% Problem    : CSR073+3 : TPTP v6.1.0. Released v3.4.0.
% Command    : eprover --auto-schedule --tstp-format -s --proof-object --memory-limit=2048 --cpu-limit=%d %s
% Computer   : n131.star.cs.uiowa.edu
% Model      : x86_64 x86_64
% CPU        : Intel(R) Xeon(R) CPU E5-2609 0 @ 2.40GHz
% Memory     : 32286.75MB
% OS         : Linux 2.6.32-431.20.3.el6.x86_64
% CPULimit   : 300
% DateTime   : Sun Jul 20 04:29:41 CDT 2014
% CPUTime    : 
# No SInE strategy applied
# Trying AutoSched0 for 151 seconds
# AutoSched0-Mode selected heuristic G_E___107_C41_F1_PI_AE_Q4_CS_SP_PS_S0Y
# and selection function SelectMaxLComplexAvoidPosPred.
#
# Presaturation interreduction done

# Proof found!
# SZS status Theorem
# SZS output start CNFRefutation.
fof(c_0_0, conjecture, (?[X3]:(mtvisible(c_tptp_spindlecollectormt)=>tptptypes_5_387(X3,c_pushingababycarriage))), file('/export/starexec/sandbox/benchmark/theBenchmark.p', query173)).
fof(c_0_1, axiom, (![X3]:![X4]:(tptptypes_8_400(X3,X4)=>tptptypes_7_396(X3,X4))), file('/export/starexec/sandbox/benchmark/Axioms/CSR002+2.ax', ax2_2180)).
fof(c_0_2, axiom, (![X3]:![X4]:(tptptypes_9_401(X3,X4)=>tptptypes_8_400(X4,X3))), file('/export/starexec/sandbox/benchmark/Axioms/CSR002+2.ax', ax2_187)).
fof(c_0_3, axiom, (![X3]:![X4]:(tptptypes_6_388(X3,X4)=>tptptypes_5_387(X3,X4))), file('/export/starexec/sandbox/benchmark/Axioms/CSR002+2.ax', ax2_1143)).
fof(c_0_4, axiom, (![X3]:![X4]:(tptptypes_7_396(X3,X4)=>tptptypes_6_388(X3,X4))), file('/export/starexec/sandbox/benchmark/Axioms/CSR002+2.ax', ax2_3428)).
fof(c_0_5, axiom, (tptptypes_9_401(c_pushingababycarriage,c_tptpcol_16_9612)), file('/export/starexec/sandbox/benchmark/Axioms/CSR002+2.ax', ax2_224)).
fof(c_0_6, negated_conjecture, (~(?[X3]:(mtvisible(c_tptp_spindlecollectormt)=>tptptypes_5_387(X3,c_pushingababycarriage)))), inference(assume_negation,[status(cth)],[c_0_0])).
fof(c_0_7, plain, (![X5]:![X6]:(~tptptypes_8_400(X5,X6)|tptptypes_7_396(X5,X6))), inference(variable_rename,[status(thm)],[inference(fof_nnf,[status(thm)],[c_0_1])])).
fof(c_0_8, plain, (![X5]:![X6]:(~tptptypes_9_401(X5,X6)|tptptypes_8_400(X6,X5))), inference(variable_rename,[status(thm)],[inference(fof_nnf,[status(thm)],[c_0_2])])).
fof(c_0_9, negated_conjecture, (![X4]:(mtvisible(c_tptp_spindlecollectormt)&~tptptypes_5_387(X4,c_pushingababycarriage))), inference(shift_quantors,[status(thm)],[inference(variable_rename,[status(thm)],[inference(shift_quantors,[status(thm)],[inference(fof_nnf,[status(thm)],[c_0_6])])])])).
fof(c_0_10, plain, (![X5]:![X6]:(~tptptypes_6_388(X5,X6)|tptptypes_5_387(X5,X6))), inference(variable_rename,[status(thm)],[inference(fof_nnf,[status(thm)],[c_0_3])])).
fof(c_0_11, plain, (![X5]:![X6]:(~tptptypes_7_396(X5,X6)|tptptypes_6_388(X5,X6))), inference(variable_rename,[status(thm)],[inference(fof_nnf,[status(thm)],[c_0_4])])).
cnf(c_0_12,plain,(tptptypes_7_396(X1,X2)|~tptptypes_8_400(X1,X2)), inference(split_conjunct,[status(thm)],[c_0_7])).
cnf(c_0_13,plain,(tptptypes_8_400(X1,X2)|~tptptypes_9_401(X2,X1)), inference(split_conjunct,[status(thm)],[c_0_8])).
cnf(c_0_14,negated_conjecture,(~tptptypes_5_387(X1,c_pushingababycarriage)), inference(split_conjunct,[status(thm)],[c_0_9])).
cnf(c_0_15,plain,(tptptypes_5_387(X1,X2)|~tptptypes_6_388(X1,X2)), inference(split_conjunct,[status(thm)],[c_0_10])).
cnf(c_0_16,plain,(tptptypes_6_388(X1,X2)|~tptptypes_7_396(X1,X2)), inference(split_conjunct,[status(thm)],[c_0_11])).
cnf(c_0_17,plain,(tptptypes_7_396(X1,X2)|~tptptypes_9_401(X2,X1)), inference(spm,[status(thm)],[c_0_12, c_0_13])).
cnf(c_0_18,negated_conjecture,(~tptptypes_6_388(X1,c_pushingababycarriage)), inference(spm,[status(thm)],[c_0_14, c_0_15])).
cnf(c_0_19,plain,(tptptypes_6_388(X1,X2)|~tptptypes_9_401(X2,X1)), inference(spm,[status(thm)],[c_0_16, c_0_17])).
cnf(c_0_20,plain,(tptptypes_9_401(c_pushingababycarriage,c_tptpcol_16_9612)), inference(split_conjunct,[status(thm)],[c_0_5])).
cnf(c_0_21,negated_conjecture,(~tptptypes_9_401(c_pushingababycarriage,X1)), inference(spm,[status(thm)],[c_0_18, c_0_19])).
cnf(c_0_22,plain,($false), inference(sr,[status(thm)],[c_0_20, c_0_21]), ['proof']).
# SZS output end CNFRefutation.
EOF
