% Problem    : CSR070+3 : TPTP v6.1.0. Released v3.4.0.
% Command    : eprover --auto-schedule --tstp-format -s --proof-object --memory-limit=2048 --cpu-limit=%d %s
% Computer   : n149.star.cs.uiowa.edu
% Model      : x86_64 x86_64
% CPU        : Intel(R) Xeon(R) CPU E5-2609 0 @ 2.40GHz
% Memory     : 32286.75MB
% OS         : Linux 2.6.32-431.20.3.el6.x86_64
% CPULimit   : 300
% DateTime   : Sun Jul 20 04:50:01 CDT 2014
% CPUTime    : 
# No SInE strategy applied
# Trying AutoSched0 for 151 seconds
# AutoSched0-Mode selected heuristic G_E___107_C41_F1_PI_AE_Q4_CS_SP_PS_S0Y
# and selection function SelectMaxLComplexAvoidPosPred.
#
# Presaturation interreduction done

# Proof found!
# SZS status Theorem
# SZS output start CNFRefutation.
fof(c_0_0, conjecture, ((mtvisible(c_tptp_spindlecollectormt)=>tptptypes_5_802(f_subcollectionofwithrelationfromtypefn(c_orientationvector,c_orientation,c_partiallytangible),c_tptpcol_16_8886))), file('/export/starexec/sandbox/benchmark/theBenchmark.p', query170)).
fof(c_0_1, axiom, (![X3]:![X4]:(tptptypes_8_823(X3,X4)=>tptptypes_7_819(X3,X4))), file('/export/starexec/sandbox/benchmark/Axioms/CSR002+2.ax', ax2_2522)).
fof(c_0_2, axiom, (![X3]:![X4]:(tptptypes_9_824(X3,X4)=>tptptypes_8_823(X3,X4))), file('/export/starexec/sandbox/benchmark/Axioms/CSR002+2.ax', ax2_2254)).
fof(c_0_3, axiom, (![X21]:![X22]:((mtvisible(X21)&genlmt(X21,X22))=>mtvisible(X22))), file('/export/starexec/sandbox/benchmark/Axioms/CSR002+2.ax', ax2_7997)).
fof(c_0_4, axiom, (![X3]:![X4]:(tptptypes_6_818(X3,X4)=>tptptypes_5_802(X3,X4))), file('/export/starexec/sandbox/benchmark/Axioms/CSR002+2.ax', ax2_1876)).
fof(c_0_5, axiom, (![X3]:![X4]:(tptptypes_7_819(X3,X4)=>tptptypes_6_818(X3,X4))), file('/export/starexec/sandbox/benchmark/Axioms/CSR002+2.ax', ax2_596)).
fof(c_0_6, axiom, ((mtvisible(c_tptp_member2668_mt)=>tptptypes_9_824(f_subcollectionofwithrelationfromtypefn(c_orientationvector,c_orientation,c_partiallytangible),c_tptpcol_16_8886))), file('/export/starexec/sandbox/benchmark/Axioms/CSR002+2.ax', ax2_602)).
fof(c_0_7, axiom, (genlmt(c_tptp_spindlecollectormt,c_tptp_member2668_mt)), file('/export/starexec/sandbox/benchmark/Axioms/CSR002+2.ax', ax2_254)).
fof(c_0_8, negated_conjecture, (~((mtvisible(c_tptp_spindlecollectormt)=>tptptypes_5_802(f_subcollectionofwithrelationfromtypefn(c_orientationvector,c_orientation,c_partiallytangible),c_tptpcol_16_8886)))), inference(assume_negation,[status(cth)],[c_0_0])).
fof(c_0_9, plain, (![X5]:![X6]:(~tptptypes_8_823(X5,X6)|tptptypes_7_819(X5,X6))), inference(variable_rename,[status(thm)],[inference(fof_nnf,[status(thm)],[c_0_1])])).
fof(c_0_10, plain, (![X5]:![X6]:(~tptptypes_9_824(X5,X6)|tptptypes_8_823(X5,X6))), inference(variable_rename,[status(thm)],[inference(fof_nnf,[status(thm)],[c_0_2])])).
fof(c_0_11, plain, (![X23]:![X24]:((~mtvisible(X23)|~genlmt(X23,X24))|mtvisible(X24))), inference(variable_rename,[status(thm)],[inference(fof_nnf,[status(thm)],[c_0_3])])).
fof(c_0_12, negated_conjecture, ((mtvisible(c_tptp_spindlecollectormt)&~tptptypes_5_802(f_subcollectionofwithrelationfromtypefn(c_orientationvector,c_orientation,c_partiallytangible),c_tptpcol_16_8886))), inference(fof_nnf,[status(thm)],[c_0_8])).
fof(c_0_13, plain, (![X5]:![X6]:(~tptptypes_6_818(X5,X6)|tptptypes_5_802(X5,X6))), inference(variable_rename,[status(thm)],[inference(fof_nnf,[status(thm)],[c_0_4])])).
fof(c_0_14, plain, (![X5]:![X6]:(~tptptypes_7_819(X5,X6)|tptptypes_6_818(X5,X6))), inference(variable_rename,[status(thm)],[inference(fof_nnf,[status(thm)],[c_0_5])])).
cnf(c_0_15,plain,(tptptypes_7_819(X1,X2)|~tptptypes_8_823(X1,X2)), inference(split_conjunct,[status(thm)],[c_0_9])).
cnf(c_0_16,plain,(tptptypes_8_823(X1,X2)|~tptptypes_9_824(X1,X2)), inference(split_conjunct,[status(thm)],[c_0_10])).
fof(c_0_17, plain, ((~mtvisible(c_tptp_member2668_mt)|tptptypes_9_824(f_subcollectionofwithrelationfromtypefn(c_orientationvector,c_orientation,c_partiallytangible),c_tptpcol_16_8886))), inference(fof_nnf,[status(thm)],[c_0_6])).
cnf(c_0_18,plain,(mtvisible(X1)|~genlmt(X2,X1)|~mtvisible(X2)), inference(split_conjunct,[status(thm)],[c_0_11])).
cnf(c_0_19,plain,(genlmt(c_tptp_spindlecollectormt,c_tptp_member2668_mt)), inference(split_conjunct,[status(thm)],[c_0_7])).
cnf(c_0_20,negated_conjecture,(mtvisible(c_tptp_spindlecollectormt)), inference(split_conjunct,[status(thm)],[c_0_12])).
cnf(c_0_21,negated_conjecture,(~tptptypes_5_802(f_subcollectionofwithrelationfromtypefn(c_orientationvector,c_orientation,c_partiallytangible),c_tptpcol_16_8886)), inference(split_conjunct,[status(thm)],[c_0_12])).
cnf(c_0_22,plain,(tptptypes_5_802(X1,X2)|~tptptypes_6_818(X1,X2)), inference(split_conjunct,[status(thm)],[c_0_13])).
cnf(c_0_23,plain,(tptptypes_6_818(X1,X2)|~tptptypes_7_819(X1,X2)), inference(split_conjunct,[status(thm)],[c_0_14])).
cnf(c_0_24,plain,(tptptypes_7_819(X1,X2)|~tptptypes_9_824(X1,X2)), inference(spm,[status(thm)],[c_0_15, c_0_16])).
cnf(c_0_25,plain,(tptptypes_9_824(f_subcollectionofwithrelationfromtypefn(c_orientationvector,c_orientation,c_partiallytangible),c_tptpcol_16_8886)|~mtvisible(c_tptp_member2668_mt)), inference(split_conjunct,[status(thm)],[c_0_17])).
cnf(c_0_26,plain,(mtvisible(c_tptp_member2668_mt)), inference(cn,[status(thm)],[inference(rw,[status(thm)],[inference(spm,[status(thm)],[c_0_18, c_0_19]), c_0_20])])).
cnf(c_0_27,negated_conjecture,(~tptptypes_6_818(f_subcollectionofwithrelationfromtypefn(c_orientationvector,c_orientation,c_partiallytangible),c_tptpcol_16_8886)), inference(spm,[status(thm)],[c_0_21, c_0_22])).
cnf(c_0_28,plain,(tptptypes_6_818(X1,X2)|~tptptypes_9_824(X1,X2)), inference(spm,[status(thm)],[c_0_23, c_0_24])).
cnf(c_0_29,plain,(tptptypes_9_824(f_subcollectionofwithrelationfromtypefn(c_orientationvector,c_orientation,c_partiallytangible),c_tptpcol_16_8886)), inference(cn,[status(thm)],[inference(rw,[status(thm)],[c_0_25, c_0_26])])).
cnf(c_0_30,negated_conjecture,($false), inference(cn,[status(thm)],[inference(rw,[status(thm)],[inference(spm,[status(thm)],[c_0_27, c_0_28]), c_0_29])]), ['proof']).
# SZS output end CNFRefutation.
EOF
