% Problem    : NLP560+1 : TPTP v6.1.0. Bugfixed v4.0.1.
% Command    : eprover --auto-schedule --tstp-format -s --proof-object --memory-limit=2048 --cpu-limit=%d %s
% Computer   : n143.star.cs.uiowa.edu
% Model      : x86_64 x86_64
% CPU        : Intel(R) Xeon(R) CPU E5-2609 0 @ 2.40GHz
% Memory     : 32286.75MB
% OS         : Linux 2.6.32-431.20.3.el6.x86_64
% CPULimit   : 300
% DateTime   : Sun Jul 20 05:36:21 CDT 2014
% CPUTime    : 
# SinE strategy is gf600_h_gu_R05_F100_L20000
# Trying AutoSched0 for 145 seconds
# AutoSched0-Mode selected heuristic G_E___208_C18_F1_SE_CS_SP_PS_S0YP
# and selection function SelectMaxLComplexAvoidPosPred.
#
# Presaturation interreduction done

# Proof found!
# SZS status Theorem
# SZS output start CNFRefutation.
fof(c_0_0, axiom, (![X1]:![X2]:![X3]:((hypernym(X1,X2)&hypernym(X2,X3))=>hypernym(X1,X3))), file('/export/starexec/sandbox/benchmark/theBenchmark.p', axiom1)).
fof(c_0_1, axiom, (hypernym(n10126424,n9855630)), file('/export/starexec/sandbox/benchmark/Axioms/NLP001+0.ax', kb340304)).
fof(c_0_2, conjecture, (hypernym(n9986904,n9855630)), file('/export/starexec/sandbox/benchmark/theBenchmark.p', hypernym_transitiviy_1)).
fof(c_0_3, axiom, (hypernym(n9986904,n10126424)), file('/export/starexec/sandbox/benchmark/Axioms/NLP001+0.ax', kb1049)).
fof(c_0_4, plain, (![X4]:![X5]:![X6]:((~hypernym(X4,X5)|~hypernym(X5,X6))|hypernym(X4,X6))), inference(variable_rename,[status(thm)],[inference(fof_nnf,[status(thm)],[c_0_0])])).
cnf(c_0_5,plain,(hypernym(X1,X2)|~hypernym(X3,X2)|~hypernym(X1,X3)), inference(split_conjunct,[status(thm)],[c_0_4])).
cnf(c_0_6,plain,(hypernym(n10126424,n9855630)), inference(split_conjunct,[status(thm)],[c_0_1])).
fof(c_0_7, negated_conjecture, (~hypernym(n9986904,n9855630)), inference(fof_simplification,[status(thm)],[inference(assume_negation,[status(cth)],[c_0_2])])).
cnf(c_0_8,plain,(hypernym(X1,n9855630)|~hypernym(X1,n10126424)), inference(spm,[status(thm)],[c_0_5, c_0_6])).
cnf(c_0_9,plain,(hypernym(n9986904,n10126424)), inference(split_conjunct,[status(thm)],[c_0_3])).
cnf(c_0_10,negated_conjecture,(~hypernym(n9986904,n9855630)), inference(split_conjunct,[status(thm)],[c_0_7])).
cnf(c_0_11,plain,($false), inference(sr,[status(thm)],[inference(spm,[status(thm)],[c_0_8, c_0_9]), c_0_10]), ['proof']).
# SZS output end CNFRefutation.
EOF
