% Problem    : LCL652+1.001 : TPTP v6.1.0. Released v4.0.0.
% Command    : eprover --auto-schedule --tstp-format -s --proof-object --memory-limit=2048 --cpu-limit=%d %s
% Computer   : n148.star.cs.uiowa.edu
% Model      : x86_64 x86_64
% CPU        : Intel(R) Xeon(R) CPU E5-2609 0 @ 2.40GHz
% Memory     : 32286.75MB
% OS         : Linux 2.6.32-431.20.3.el6.x86_64
% CPULimit   : 300
% DateTime   : Sun Jul 20 03:31:16 CDT 2014
% CPUTime    : 
# No SInE strategy applied
# Trying AutoSched0 for 151 seconds
# AutoSched0-Mode selected heuristic G_E___207_C18_F1_AE_CS_SP_PI_PS_S0S
# and selection function SelectComplexG.
#
# Presaturation interreduction done

# Proof found!
# SZS status Theorem
# SZS output start CNFRefutation.
fof(c_0_0, conjecture, (~(?[X1]:~(((((((~(![X2]:(~(r1(X1,X2))|~(p4(X2))))|~(![X2]:(~(r1(X1,X2))|~((~(![X1]:(~(r1(X2,X1))|![X2]:(~(r1(X1,X2))|~(![X1]:(~(r1(X2,X1))|~(p1(X1)))))))&![X1]:(~(r1(X2,X1))|~(![X2]:(~(r1(X1,X2))|~(p1(X2))))))))))|~(![X2]:(~(r1(X1,X2))|~(((((~(![X1]:(~(r1(X2,X1))|~(![X2]:((~(r1(X1,X2))|![X1]:(~(r1(X2,X1))|p3(X1)))|~(p2(X2))))))|~(![X1]:(~(r1(X2,X1))|~(((~(![X2]:(~(r1(X1,X2))|~((![X1]:(~(r1(X2,X1))|p3(X1))|~(p2(X2))))))&p2(X1))&~(![X2]:(~(r1(X1,X2))|~(![X1]:(~(r1(X2,X1))|~(![X2]:(~(r1(X1,X2))|~(p2(X2)))))))))))))|(~(![X1]:(~(r1(X2,X1))|![X2]:(~(r1(X1,X2))|~(![X1]:((~(r1(X2,X1))|![X2]:(~(r1(X1,X2))|p3(X2)))|~(p2(X1)))))))&![X1]:(~(r1(X2,X1))|~(![X2]:(~(r1(X1,X2))|~(p2(X2)))))))|~(![X1]:(~(r1(X2,X1))|~((![X2]:(~(r1(X1,X2))|~(![X1]:(~(r1(X2,X1))|~(p2(X1)))))&![X2]:(~(r1(X1,X2))|~(![X1]:(~(r1(X2,X1))|~(![X2]:((~(r1(X1,X2))|![X1]:(~(r1(X2,X1))|p3(X1)))|~(p2(X2))))))))))))|(![X1]:((~(r1(X2,X1))|![X2]:(~(r1(X1,X2))|p3(X2)))|~(p2(X1)))&![X1]:(~(r1(X2,X1))|~(![X2]:(~(r1(X1,X2))|~(p2(X2)))))))))))|~(![X2]:(~(r1(X1,X2))|~((~(![X1]:(~(r1(X2,X1))|![X2]:(~(r1(X1,X2))|p1(X2))))&![X1]:(~(r1(X2,X1))|p1(X1)))))))|![X2]:((~(r1(X1,X2))|![X1]:(~(r1(X2,X1))|~(![X2]:(~(r1(X1,X2))|p1(X2)))))|![X1]:(~(r1(X2,X1))|p1(X1))))|![X2]:(~(r1(X1,X2))|~(![X1]:(~(r1(X2,X1))|~(![X2]:(~(r1(X1,X2))|p2(X2)))))))|~(![X2]:((~(r1(X1,X2))|![X1]:(~(r1(X2,X1))|![X2]:(~(r1(X1,X2))|~(p1(X2)))))|~(![X1]:(~(r1(X2,X1))|~(p1(X1)))))))))), file('/export/starexec/sandbox/benchmark/theBenchmark.p', main)).
fof(c_0_1, plain, (![X2]:(epred1_1(X2)<=>~(((((~(![X1]:(~r1(X2,X1)|~(![X2]:((~r1(X1,X2)|![X1]:(~r1(X2,X1)|p3(X1)))|~p2(X2)))))|~(![X1]:(~r1(X2,X1)|~(((~(![X2]:(~r1(X1,X2)|~((![X1]:(~r1(X2,X1)|p3(X1))|~p2(X2)))))&p2(X1))&~(![X2]:(~r1(X1,X2)|~(![X1]:(~r1(X2,X1)|~(![X2]:(~r1(X1,X2)|~p2(X2))))))))))))|(~(![X1]:(~r1(X2,X1)|![X2]:(~r1(X1,X2)|~(![X1]:((~r1(X2,X1)|![X2]:(~r1(X1,X2)|p3(X2)))|~p2(X1))))))&![X1]:(~r1(X2,X1)|~(![X2]:(~r1(X1,X2)|~p2(X2))))))|~(![X1]:(~r1(X2,X1)|~((![X2]:(~r1(X1,X2)|~(![X1]:(~r1(X2,X1)|~p2(X1))))&![X2]:(~r1(X1,X2)|~(![X1]:(~r1(X2,X1)|~(![X2]:((~r1(X1,X2)|![X1]:(~r1(X2,X1)|p3(X1)))|~p2(X2)))))))))))|(![X1]:((~r1(X2,X1)|![X2]:(~r1(X1,X2)|p3(X2)))|~p2(X1))&![X1]:(~r1(X2,X1)|~(![X2]:(~r1(X1,X2)|~p2(X2))))))))), introduced(definition)).
fof(c_0_2, negated_conjecture, (~(~(?[X1]:~(((((((~(![X2]:(~r1(X1,X2)|~p4(X2)))|~(![X2]:(~r1(X1,X2)|~((~(![X1]:(~r1(X2,X1)|![X2]:(~r1(X1,X2)|~(![X1]:(~r1(X2,X1)|~p1(X1))))))&![X1]:(~r1(X2,X1)|~(![X2]:(~r1(X1,X2)|~p1(X2)))))))))|~(![X2]:(~r1(X1,X2)|epred1_1(X2))))|~(![X2]:(~r1(X1,X2)|~((~(![X1]:(~r1(X2,X1)|![X2]:(~r1(X1,X2)|p1(X2))))&![X1]:(~r1(X2,X1)|p1(X1)))))))|![X2]:((~r1(X1,X2)|![X1]:(~r1(X2,X1)|~(![X2]:(~r1(X1,X2)|p1(X2)))))|![X1]:(~r1(X2,X1)|p1(X1))))|![X2]:(~r1(X1,X2)|~(![X1]:(~r1(X2,X1)|~(![X2]:(~r1(X1,X2)|p2(X2)))))))|~(![X2]:((~r1(X1,X2)|![X1]:(~r1(X2,X1)|![X2]:(~r1(X1,X2)|~p1(X2))))|~(![X1]:(~r1(X2,X1)|~p1(X1)))))))))), inference(apply_def,[status(thm)],[inference(fof_simplification,[status(thm)],[inference(assume_negation,[status(cth)],[c_0_0])]), c_0_1])).
fof(c_0_3, plain, (![X2]:(epred1_1(X2)=>~(((((~(![X1]:(~r1(X2,X1)|~(![X2]:((~r1(X1,X2)|![X1]:(~r1(X2,X1)|p3(X1)))|~p2(X2)))))|~(![X1]:(~r1(X2,X1)|~(((~(![X2]:(~r1(X1,X2)|~((![X1]:(~r1(X2,X1)|p3(X1))|~p2(X2)))))&p2(X1))&~(![X2]:(~r1(X1,X2)|~(![X1]:(~r1(X2,X1)|~(![X2]:(~r1(X1,X2)|~p2(X2))))))))))))|(~(![X1]:(~r1(X2,X1)|![X2]:(~r1(X1,X2)|~(![X1]:((~r1(X2,X1)|![X2]:(~r1(X1,X2)|p3(X2)))|~p2(X1))))))&![X1]:(~r1(X2,X1)|~(![X2]:(~r1(X1,X2)|~p2(X2))))))|~(![X1]:(~r1(X2,X1)|~((![X2]:(~r1(X1,X2)|~(![X1]:(~r1(X2,X1)|~p2(X1))))&![X2]:(~r1(X1,X2)|~(![X1]:(~r1(X2,X1)|~(![X2]:((~r1(X1,X2)|![X1]:(~r1(X2,X1)|p3(X1)))|~p2(X2)))))))))))|(![X1]:((~r1(X2,X1)|![X2]:(~r1(X1,X2)|p3(X2)))|~p2(X1))&![X1]:(~r1(X2,X1)|~(![X2]:(~r1(X1,X2)|~p2(X2))))))))), inference(split_equiv,[status(thm)],[c_0_1])).
fof(c_0_4, negated_conjecture, (![X4]:![X5]:![X6]:![X7]:![X10]:![X11]:![X12]:![X13]:![X14]:![X18]:![X21]:![X23]:![X24]:![X25]:(((((((~r1(esk1_0,X4)|~p4(X4))&((((r1(X5,esk3_1(X5))|((r1(X7,esk2_3(X5,X6,X7))|~r1(X6,X7))|~r1(X5,X6)))|~r1(esk1_0,X5))&(((~r1(esk3_1(X5),X10)|~p1(X10))|((r1(X7,esk2_3(X5,X6,X7))|~r1(X6,X7))|~r1(X5,X6)))|~r1(esk1_0,X5)))&(((r1(X5,esk3_1(X5))|((p1(esk2_3(X5,X6,X7))|~r1(X6,X7))|~r1(X5,X6)))|~r1(esk1_0,X5))&(((~r1(esk3_1(X5),X10)|~p1(X10))|((p1(esk2_3(X5,X6,X7))|~r1(X6,X7))|~r1(X5,X6)))|~r1(esk1_0,X5)))))&(~r1(esk1_0,X11)|epred1_1(X11)))&(((r1(X12,esk4_1(X12))|(~r1(X12,X13)|(~r1(X13,X14)|p1(X14))))|~r1(esk1_0,X12))&((~p1(esk4_1(X12))|(~r1(X12,X13)|(~r1(X13,X14)|p1(X14))))|~r1(esk1_0,X12))))&((r1(esk1_0,esk5_0)&(r1(esk5_0,esk6_0)&(~r1(esk6_0,X18)|p1(X18))))&(r1(esk5_0,esk7_0)&~p1(esk7_0))))&(r1(esk1_0,esk8_0)&((r1(X21,esk9_1(X21))|~r1(esk8_0,X21))&(~p2(esk9_1(X21))|~r1(esk8_0,X21)))))&((r1(X23,esk10_1(X23))|(~r1(esk1_0,X23)|(~r1(X23,X24)|(~r1(X24,X25)|~p1(X25)))))&(p1(esk10_1(X23))|(~r1(esk1_0,X23)|(~r1(X23,X24)|(~r1(X24,X25)|~p1(X25)))))))), inference(distribute,[status(thm)],[inference(shift_quantors,[status(thm)],[inference(skolemize,[status(esa)],[inference(variable_rename,[status(thm)],[inference(fof_nnf,[status(thm)],[c_0_2])])])])])).
fof(c_0_5, plain, (![X3]:![X4]:![X7]:![X8]:![X10]:![X12]:![X13]:![X14]:![X18]:![X19]:![X21]:![X23]:![X29]:((((((((r1(X4,esk11_2(X3,X4))|~r1(X3,X4))|~epred1_1(X3))&(((r1(esk11_2(X3,X4),esk12_2(X3,X4))|~r1(X3,X4))|~epred1_1(X3))&((~p3(esk12_2(X3,X4))|~r1(X3,X4))|~epred1_1(X3))))&((p2(esk11_2(X3,X4))|~r1(X3,X4))|~epred1_1(X3)))&(((((((r1(X10,esk14_3(X3,X7,X10))|~r1(X7,X10))|((r1(X8,esk13_3(X3,X7,X8))|~r1(X7,X8))|~p2(X7)))|~r1(X3,X7))|~epred1_1(X3))&(((((~r1(esk14_3(X3,X7,X10),X12)|~p2(X12))|~r1(X7,X10))|((r1(X8,esk13_3(X3,X7,X8))|~r1(X7,X8))|~p2(X7)))|~r1(X3,X7))|~epred1_1(X3)))&(((((r1(X10,esk14_3(X3,X7,X10))|~r1(X7,X10))|((~p3(esk13_3(X3,X7,X8))|~r1(X7,X8))|~p2(X7)))|~r1(X3,X7))|~epred1_1(X3))&(((((~r1(esk14_3(X3,X7,X10),X12)|~p2(X12))|~r1(X7,X10))|((~p3(esk13_3(X3,X7,X8))|~r1(X7,X8))|~p2(X7)))|~r1(X3,X7))|~epred1_1(X3))))&(((((r1(X10,esk14_3(X3,X7,X10))|~r1(X7,X10))|((p2(X8)|~r1(X7,X8))|~p2(X7)))|~r1(X3,X7))|~epred1_1(X3))&(((((~r1(esk14_3(X3,X7,X10),X12)|~p2(X12))|~r1(X7,X10))|((p2(X8)|~r1(X7,X8))|~p2(X7)))|~r1(X3,X7))|~epred1_1(X3)))))&(((((r1(X3,esk17_1(X3))|((r1(X14,esk15_3(X3,X13,X14))|~r1(X13,X14))|~r1(X3,X13)))|~epred1_1(X3))&(((~r1(esk17_1(X3),X18)|~p2(X18))|((r1(X14,esk15_3(X3,X13,X14))|~r1(X13,X14))|~r1(X3,X13)))|~epred1_1(X3)))&((((r1(X3,esk17_1(X3))|((r1(esk15_3(X3,X13,X14),esk16_3(X3,X13,X14))|~r1(X13,X14))|~r1(X3,X13)))|~epred1_1(X3))&(((~r1(esk17_1(X3),X18)|~p2(X18))|((r1(esk15_3(X3,X13,X14),esk16_3(X3,X13,X14))|~r1(X13,X14))|~r1(X3,X13)))|~epred1_1(X3)))&(((r1(X3,esk17_1(X3))|((~p3(esk16_3(X3,X13,X14))|~r1(X13,X14))|~r1(X3,X13)))|~epred1_1(X3))&(((~r1(esk17_1(X3),X18)|~p2(X18))|((~p3(esk16_3(X3,X13,X14))|~r1(X13,X14))|~r1(X3,X13)))|~epred1_1(X3)))))&(((r1(X3,esk17_1(X3))|((p2(esk15_3(X3,X13,X14))|~r1(X13,X14))|~r1(X3,X13)))|~epred1_1(X3))&(((~r1(esk17_1(X3),X18)|~p2(X18))|((p2(esk15_3(X3,X13,X14))|~r1(X13,X14))|~r1(X3,X13)))|~epred1_1(X3)))))&(((((r1(X19,esk19_2(X3,X19))|r1(X19,esk18_2(X3,X19)))|~r1(X3,X19))|~epred1_1(X3))&((((((r1(X23,esk20_3(X3,X19,X23))|~r1(esk19_2(X3,X19),X23))|r1(X19,esk18_2(X3,X19)))|~r1(X3,X19))|~epred1_1(X3))&(((((r1(esk20_3(X3,X19,X23),esk21_3(X3,X19,X23))|~r1(esk19_2(X3,X19),X23))|r1(X19,esk18_2(X3,X19)))|~r1(X3,X19))|~epred1_1(X3))&((((~p3(esk21_3(X3,X19,X23))|~r1(esk19_2(X3,X19),X23))|r1(X19,esk18_2(X3,X19)))|~r1(X3,X19))|~epred1_1(X3))))&((((p2(esk20_3(X3,X19,X23))|~r1(esk19_2(X3,X19),X23))|r1(X19,esk18_2(X3,X19)))|~r1(X3,X19))|~epred1_1(X3))))&((((r1(X19,esk19_2(X3,X19))|(~r1(esk18_2(X3,X19),X21)|~p2(X21)))|~r1(X3,X19))|~epred1_1(X3))&((((((r1(X23,esk20_3(X3,X19,X23))|~r1(esk19_2(X3,X19),X23))|(~r1(esk18_2(X3,X19),X21)|~p2(X21)))|~r1(X3,X19))|~epred1_1(X3))&(((((r1(esk20_3(X3,X19,X23),esk21_3(X3,X19,X23))|~r1(esk19_2(X3,X19),X23))|(~r1(esk18_2(X3,X19),X21)|~p2(X21)))|~r1(X3,X19))|~epred1_1(X3))&((((~p3(esk21_3(X3,X19,X23))|~r1(esk19_2(X3,X19),X23))|(~r1(esk18_2(X3,X19),X21)|~p2(X21)))|~r1(X3,X19))|~epred1_1(X3))))&((((p2(esk20_3(X3,X19,X23))|~r1(esk19_2(X3,X19),X23))|(~r1(esk18_2(X3,X19),X21)|~p2(X21)))|~r1(X3,X19))|~epred1_1(X3))))))&(((((r1(X3,esk24_1(X3))|r1(X3,esk22_1(X3)))|~epred1_1(X3))&(((~r1(esk24_1(X3),X29)|~p2(X29))|r1(X3,esk22_1(X3)))|~epred1_1(X3)))&((((r1(X3,esk24_1(X3))|r1(esk22_1(X3),esk23_1(X3)))|~epred1_1(X3))&(((~r1(esk24_1(X3),X29)|~p2(X29))|r1(esk22_1(X3),esk23_1(X3)))|~epred1_1(X3)))&(((r1(X3,esk24_1(X3))|~p3(esk23_1(X3)))|~epred1_1(X3))&(((~r1(esk24_1(X3),X29)|~p2(X29))|~p3(esk23_1(X3)))|~epred1_1(X3)))))&(((r1(X3,esk24_1(X3))|p2(esk22_1(X3)))|~epred1_1(X3))&(((~r1(esk24_1(X3),X29)|~p2(X29))|p2(esk22_1(X3)))|~epred1_1(X3)))))), inference(distribute,[status(thm)],[inference(shift_quantors,[status(thm)],[inference(skolemize,[status(esa)],[inference(variable_rename,[status(thm)],[inference(fof_nnf,[status(thm)],[c_0_3])])])])])).
cnf(c_0_6,negated_conjecture,(epred1_1(X1)|~r1(esk1_0,X1)), inference(split_conjunct,[status(thm)],[c_0_4])).
cnf(c_0_7,negated_conjecture,(r1(esk1_0,esk8_0)), inference(split_conjunct,[status(thm)],[c_0_4])).
cnf(c_0_8,plain,(r1(X1,esk22_1(X1))|r1(X1,esk24_1(X1))|~epred1_1(X1)), inference(split_conjunct,[status(thm)],[c_0_5])).
cnf(c_0_9,negated_conjecture,(epred1_1(esk8_0)), inference(spm,[status(thm)],[c_0_6, c_0_7])).
cnf(c_0_10,plain,(r1(X2,esk18_2(X1,X2))|r1(X2,esk19_2(X1,X2))|~epred1_1(X1)|~r1(X1,X2)), inference(split_conjunct,[status(thm)],[c_0_5])).
cnf(c_0_11,plain,(r1(esk8_0,esk24_1(esk8_0))|r1(esk8_0,esk22_1(esk8_0))), inference(spm,[status(thm)],[c_0_8, c_0_9])).
cnf(c_0_12,plain,(p2(esk22_1(X1))|r1(X1,esk24_1(X1))|~epred1_1(X1)), inference(split_conjunct,[status(thm)],[c_0_5])).
cnf(c_0_13,plain,(p2(X3)|r1(X4,esk14_3(X1,X2,X4))|~epred1_1(X1)|~r1(X1,X2)|~p2(X2)|~r1(X2,X3)|~r1(X2,X4)), inference(split_conjunct,[status(thm)],[c_0_5])).
cnf(c_0_14,plain,(r1(esk22_1(esk8_0),esk19_2(esk8_0,esk22_1(esk8_0)))|r1(esk22_1(esk8_0),esk18_2(esk8_0,esk22_1(esk8_0)))|r1(esk8_0,esk24_1(esk8_0))), inference(cn,[status(thm)],[inference(rw,[status(thm)],[inference(spm,[status(thm)],[c_0_10, c_0_11]), c_0_9])])).
cnf(c_0_15,plain,(p2(esk22_1(esk8_0))|r1(esk8_0,esk24_1(esk8_0))), inference(spm,[status(thm)],[c_0_12, c_0_9])).
cnf(c_0_16,negated_conjecture,(r1(X1,esk9_1(X1))|~r1(esk8_0,X1)), inference(split_conjunct,[status(thm)],[c_0_4])).
cnf(c_0_17,plain,(p2(X1)|r1(esk19_2(esk8_0,esk22_1(esk8_0)),esk14_3(X2,esk22_1(esk8_0),esk19_2(esk8_0,esk22_1(esk8_0))))|r1(esk22_1(esk8_0),esk18_2(esk8_0,esk22_1(esk8_0)))|r1(esk8_0,esk24_1(esk8_0))|~epred1_1(X2)|~r1(esk22_1(esk8_0),X1)|~r1(X2,esk22_1(esk8_0))), inference(csr,[status(thm)],[inference(spm,[status(thm)],[c_0_13, c_0_14]), c_0_15])).
cnf(c_0_18,negated_conjecture,(r1(esk22_1(esk8_0),esk9_1(esk22_1(esk8_0)))|r1(esk8_0,esk24_1(esk8_0))), inference(spm,[status(thm)],[c_0_16, c_0_11])).
cnf(c_0_19,negated_conjecture,(p2(esk9_1(esk22_1(esk8_0)))|r1(esk19_2(esk8_0,esk22_1(esk8_0)),esk14_3(X1,esk22_1(esk8_0),esk19_2(esk8_0,esk22_1(esk8_0))))|r1(esk22_1(esk8_0),esk18_2(esk8_0,esk22_1(esk8_0)))|r1(esk8_0,esk24_1(esk8_0))|~epred1_1(X1)|~r1(X1,esk22_1(esk8_0))), inference(spm,[status(thm)],[c_0_17, c_0_18])).
cnf(c_0_20,plain,(r1(X2,esk18_2(X1,X2))|r1(X3,esk20_3(X1,X2,X3))|~epred1_1(X1)|~r1(X1,X2)|~r1(esk19_2(X1,X2),X3)), inference(split_conjunct,[status(thm)],[c_0_5])).
cnf(c_0_21,plain,(p2(esk9_1(esk22_1(esk8_0)))|r1(esk19_2(esk8_0,esk22_1(esk8_0)),esk14_3(esk8_0,esk22_1(esk8_0),esk19_2(esk8_0,esk22_1(esk8_0))))|r1(esk22_1(esk8_0),esk18_2(esk8_0,esk22_1(esk8_0)))|r1(esk8_0,esk24_1(esk8_0))), inference(cn,[status(thm)],[inference(rw,[status(thm)],[inference(spm,[status(thm)],[c_0_19, c_0_11]), c_0_9])])).
cnf(c_0_22,plain,(r1(X2,esk18_2(X1,X2))|p2(esk20_3(X1,X2,X3))|~epred1_1(X1)|~r1(X1,X2)|~r1(esk19_2(X1,X2),X3)), inference(split_conjunct,[status(thm)],[c_0_5])).
cnf(c_0_23,plain,(p2(X3)|~epred1_1(X1)|~r1(X1,X2)|~p2(X2)|~r1(X2,X3)|~r1(X2,X4)|~p2(X5)|~r1(esk14_3(X1,X2,X4),X5)), inference(split_conjunct,[status(thm)],[c_0_5])).
cnf(c_0_24,plain,(p2(esk9_1(esk22_1(esk8_0)))|r1(esk14_3(esk8_0,esk22_1(esk8_0),esk19_2(esk8_0,esk22_1(esk8_0))),esk20_3(esk8_0,esk22_1(esk8_0),esk14_3(esk8_0,esk22_1(esk8_0),esk19_2(esk8_0,esk22_1(esk8_0)))))|r1(esk22_1(esk8_0),esk18_2(esk8_0,esk22_1(esk8_0)))|r1(esk8_0,esk24_1(esk8_0))), inference(csr,[status(thm)],[inference(cn,[status(thm)],[inference(rw,[status(thm)],[inference(spm,[status(thm)],[c_0_20, c_0_21]), c_0_9])]), c_0_11])).
cnf(c_0_25,plain,(p2(esk20_3(esk8_0,esk22_1(esk8_0),esk14_3(esk8_0,esk22_1(esk8_0),esk19_2(esk8_0,esk22_1(esk8_0)))))|p2(esk9_1(esk22_1(esk8_0)))|r1(esk22_1(esk8_0),esk18_2(esk8_0,esk22_1(esk8_0)))|r1(esk8_0,esk24_1(esk8_0))), inference(csr,[status(thm)],[inference(cn,[status(thm)],[inference(rw,[status(thm)],[inference(spm,[status(thm)],[c_0_22, c_0_21]), c_0_9])]), c_0_11])).
cnf(c_0_26,plain,(p2(esk9_1(esk22_1(esk8_0)))|p2(X1)|r1(esk22_1(esk8_0),esk18_2(esk8_0,esk22_1(esk8_0)))|r1(esk8_0,esk24_1(esk8_0))|~r1(esk22_1(esk8_0),X1)), inference(csr,[status(thm)],[inference(csr,[status(thm)],[inference(csr,[status(thm)],[inference(csr,[status(thm)],[inference(cn,[status(thm)],[inference(rw,[status(thm)],[inference(spm,[status(thm)],[c_0_23, c_0_24]), c_0_9])]), c_0_11]), c_0_14]), c_0_15]), c_0_25])).
cnf(c_0_27,plain,(r1(X3,esk15_3(X1,X2,X3))|r1(X1,esk17_1(X1))|~epred1_1(X1)|~r1(X1,X2)|~r1(X2,X3)), inference(split_conjunct,[status(thm)],[c_0_5])).
cnf(c_0_28,negated_conjecture,(p2(esk9_1(esk22_1(esk8_0)))|r1(esk22_1(esk8_0),esk18_2(esk8_0,esk22_1(esk8_0)))|r1(esk8_0,esk24_1(esk8_0))), inference(spm,[status(thm)],[c_0_26, c_0_18])).
cnf(c_0_29,plain,(p2(esk15_3(X1,X2,X3))|r1(X1,esk17_1(X1))|~epred1_1(X1)|~r1(X1,X2)|~r1(X2,X3)), inference(split_conjunct,[status(thm)],[c_0_5])).
cnf(c_0_30,plain,(p2(esk9_1(esk22_1(esk8_0)))|r1(esk18_2(esk8_0,esk22_1(esk8_0)),esk15_3(X1,esk22_1(esk8_0),esk18_2(esk8_0,esk22_1(esk8_0))))|r1(esk8_0,esk24_1(esk8_0))|r1(X1,esk17_1(X1))|~epred1_1(X1)|~r1(X1,esk22_1(esk8_0))), inference(spm,[status(thm)],[c_0_27, c_0_28])).
cnf(c_0_31,plain,(p2(esk15_3(X1,esk22_1(esk8_0),esk18_2(esk8_0,esk22_1(esk8_0))))|p2(esk9_1(esk22_1(esk8_0)))|r1(esk8_0,esk24_1(esk8_0))|r1(X1,esk17_1(X1))|~epred1_1(X1)|~r1(X1,esk22_1(esk8_0))), inference(spm,[status(thm)],[c_0_29, c_0_28])).
cnf(c_0_32,plain,(r1(X2,esk19_2(X1,X2))|~epred1_1(X1)|~r1(X1,X2)|~p2(X3)|~r1(esk18_2(X1,X2),X3)), inference(split_conjunct,[status(thm)],[c_0_5])).
cnf(c_0_33,plain,(p2(esk9_1(esk22_1(esk8_0)))|r1(esk18_2(esk8_0,esk22_1(esk8_0)),esk15_3(esk8_0,esk22_1(esk8_0),esk18_2(esk8_0,esk22_1(esk8_0))))|r1(esk8_0,esk17_1(esk8_0))|r1(esk8_0,esk24_1(esk8_0))), inference(cn,[status(thm)],[inference(rw,[status(thm)],[inference(spm,[status(thm)],[c_0_30, c_0_11]), c_0_9])])).
cnf(c_0_34,plain,(p2(esk15_3(esk8_0,esk22_1(esk8_0),esk18_2(esk8_0,esk22_1(esk8_0))))|p2(esk9_1(esk22_1(esk8_0)))|r1(esk8_0,esk17_1(esk8_0))|r1(esk8_0,esk24_1(esk8_0))), inference(cn,[status(thm)],[inference(rw,[status(thm)],[inference(spm,[status(thm)],[c_0_31, c_0_11]), c_0_9])])).
cnf(c_0_35,plain,(p2(esk9_1(esk22_1(esk8_0)))|r1(esk22_1(esk8_0),esk19_2(esk8_0,esk22_1(esk8_0)))|r1(esk8_0,esk24_1(esk8_0))|r1(esk8_0,esk17_1(esk8_0))), inference(csr,[status(thm)],[inference(csr,[status(thm)],[inference(cn,[status(thm)],[inference(rw,[status(thm)],[inference(spm,[status(thm)],[c_0_32, c_0_33]), c_0_9])]), c_0_11]), c_0_34])).
cnf(c_0_36,plain,(p2(esk9_1(esk22_1(esk8_0)))|p2(X1)|r1(esk19_2(esk8_0,esk22_1(esk8_0)),esk14_3(X2,esk22_1(esk8_0),esk19_2(esk8_0,esk22_1(esk8_0))))|r1(esk8_0,esk17_1(esk8_0))|r1(esk8_0,esk24_1(esk8_0))|~epred1_1(X2)|~r1(esk22_1(esk8_0),X1)|~r1(X2,esk22_1(esk8_0))), inference(csr,[status(thm)],[inference(spm,[status(thm)],[c_0_13, c_0_35]), c_0_15])).
cnf(c_0_37,plain,(r1(X4,esk20_3(X1,X2,X4))|~epred1_1(X1)|~r1(X1,X2)|~p2(X3)|~r1(esk18_2(X1,X2),X3)|~r1(esk19_2(X1,X2),X4)), inference(split_conjunct,[status(thm)],[c_0_5])).
cnf(c_0_38,negated_conjecture,(p2(esk9_1(esk22_1(esk8_0)))|r1(esk19_2(esk8_0,esk22_1(esk8_0)),esk14_3(X1,esk22_1(esk8_0),esk19_2(esk8_0,esk22_1(esk8_0))))|r1(esk8_0,esk24_1(esk8_0))|r1(esk8_0,esk17_1(esk8_0))|~epred1_1(X1)|~r1(X1,esk22_1(esk8_0))), inference(spm,[status(thm)],[c_0_36, c_0_18])).
cnf(c_0_39,plain,(p2(esk20_3(X1,X2,X4))|~epred1_1(X1)|~r1(X1,X2)|~p2(X3)|~r1(esk18_2(X1,X2),X3)|~r1(esk19_2(X1,X2),X4)), inference(split_conjunct,[status(thm)],[c_0_5])).
cnf(c_0_40,plain,(p2(esk9_1(esk22_1(esk8_0)))|r1(X1,esk20_3(esk8_0,esk22_1(esk8_0),X1))|r1(esk8_0,esk24_1(esk8_0))|r1(esk8_0,esk17_1(esk8_0))|~r1(esk19_2(esk8_0,esk22_1(esk8_0)),X1)), inference(csr,[status(thm)],[inference(csr,[status(thm)],[inference(cn,[status(thm)],[inference(rw,[status(thm)],[inference(spm,[status(thm)],[c_0_37, c_0_33]), c_0_9])]), c_0_11]), c_0_34])).
cnf(c_0_41,plain,(p2(esk9_1(esk22_1(esk8_0)))|r1(esk19_2(esk8_0,esk22_1(esk8_0)),esk14_3(esk8_0,esk22_1(esk8_0),esk19_2(esk8_0,esk22_1(esk8_0))))|r1(esk8_0,esk17_1(esk8_0))|r1(esk8_0,esk24_1(esk8_0))), inference(cn,[status(thm)],[inference(rw,[status(thm)],[inference(spm,[status(thm)],[c_0_38, c_0_11]), c_0_9])])).
cnf(c_0_42,plain,(p2(esk20_3(esk8_0,esk22_1(esk8_0),X1))|p2(esk9_1(esk22_1(esk8_0)))|r1(esk8_0,esk24_1(esk8_0))|r1(esk8_0,esk17_1(esk8_0))|~r1(esk19_2(esk8_0,esk22_1(esk8_0)),X1)), inference(csr,[status(thm)],[inference(csr,[status(thm)],[inference(cn,[status(thm)],[inference(rw,[status(thm)],[inference(spm,[status(thm)],[c_0_39, c_0_33]), c_0_9])]), c_0_11]), c_0_34])).
cnf(c_0_43,plain,(p2(esk9_1(esk22_1(esk8_0)))|r1(esk14_3(esk8_0,esk22_1(esk8_0),esk19_2(esk8_0,esk22_1(esk8_0))),esk20_3(esk8_0,esk22_1(esk8_0),esk14_3(esk8_0,esk22_1(esk8_0),esk19_2(esk8_0,esk22_1(esk8_0)))))|r1(esk8_0,esk17_1(esk8_0))|r1(esk8_0,esk24_1(esk8_0))), inference(spm,[status(thm)],[c_0_40, c_0_41])).
cnf(c_0_44,plain,(p2(esk20_3(esk8_0,esk22_1(esk8_0),esk14_3(esk8_0,esk22_1(esk8_0),esk19_2(esk8_0,esk22_1(esk8_0)))))|p2(esk9_1(esk22_1(esk8_0)))|r1(esk8_0,esk17_1(esk8_0))|r1(esk8_0,esk24_1(esk8_0))), inference(spm,[status(thm)],[c_0_42, c_0_41])).
cnf(c_0_45,plain,(p2(esk9_1(esk22_1(esk8_0)))|p2(X1)|r1(esk8_0,esk24_1(esk8_0))|r1(esk8_0,esk17_1(esk8_0))|~r1(esk22_1(esk8_0),X1)), inference(csr,[status(thm)],[inference(csr,[status(thm)],[inference(csr,[status(thm)],[inference(csr,[status(thm)],[inference(cn,[status(thm)],[inference(rw,[status(thm)],[inference(spm,[status(thm)],[c_0_23, c_0_43]), c_0_9])]), c_0_11]), c_0_35]), c_0_15]), c_0_44])).
cnf(c_0_46,negated_conjecture,(~r1(esk8_0,X1)|~p2(esk9_1(X1))), inference(split_conjunct,[status(thm)],[c_0_4])).
cnf(c_0_47,negated_conjecture,(p2(esk9_1(esk22_1(esk8_0)))|r1(esk8_0,esk17_1(esk8_0))|r1(esk8_0,esk24_1(esk8_0))), inference(spm,[status(thm)],[c_0_45, c_0_18])).
cnf(c_0_48,plain,(r1(X2,esk11_2(X1,X2))|~epred1_1(X1)|~r1(X1,X2)), inference(split_conjunct,[status(thm)],[c_0_5])).
cnf(c_0_49,negated_conjecture,(r1(esk8_0,esk24_1(esk8_0))|r1(esk8_0,esk17_1(esk8_0))), inference(csr,[status(thm)],[inference(spm,[status(thm)],[c_0_46, c_0_47]), c_0_11])).
cnf(c_0_50,plain,(p2(esk11_2(X1,X2))|~epred1_1(X1)|~r1(X1,X2)), inference(split_conjunct,[status(thm)],[c_0_5])).
cnf(c_0_51,plain,(r1(X3,esk15_3(X1,X2,X3))|~epred1_1(X1)|~r1(X1,X2)|~r1(X2,X3)|~p2(X4)|~r1(esk17_1(X1),X4)), inference(split_conjunct,[status(thm)],[c_0_5])).
cnf(c_0_52,plain,(r1(esk17_1(esk8_0),esk11_2(esk8_0,esk17_1(esk8_0)))|r1(esk8_0,esk24_1(esk8_0))), inference(cn,[status(thm)],[inference(rw,[status(thm)],[inference(spm,[status(thm)],[c_0_48, c_0_49]), c_0_9])])).
cnf(c_0_53,plain,(p2(esk11_2(esk8_0,esk17_1(esk8_0)))|r1(esk8_0,esk24_1(esk8_0))), inference(cn,[status(thm)],[inference(rw,[status(thm)],[inference(spm,[status(thm)],[c_0_50, c_0_49]), c_0_9])])).
cnf(c_0_54,plain,(p2(esk15_3(X1,X2,X3))|~epred1_1(X1)|~r1(X1,X2)|~r1(X2,X3)|~p2(X4)|~r1(esk17_1(X1),X4)), inference(split_conjunct,[status(thm)],[c_0_5])).
cnf(c_0_55,plain,(r1(X1,esk15_3(esk8_0,X2,X1))|r1(esk8_0,esk24_1(esk8_0))|~r1(esk8_0,X2)|~r1(X2,X1)), inference(csr,[status(thm)],[inference(cn,[status(thm)],[inference(rw,[status(thm)],[inference(spm,[status(thm)],[c_0_51, c_0_52]), c_0_9])]), c_0_53])).
cnf(c_0_56,plain,(p2(esk15_3(esk8_0,X1,X2))|r1(esk8_0,esk24_1(esk8_0))|~r1(esk8_0,X1)|~r1(X1,X2)), inference(csr,[status(thm)],[inference(cn,[status(thm)],[inference(rw,[status(thm)],[inference(spm,[status(thm)],[c_0_54, c_0_52]), c_0_9])]), c_0_53])).
cnf(c_0_57,plain,(r1(X1,esk15_3(esk8_0,esk22_1(esk8_0),X1))|r1(esk8_0,esk24_1(esk8_0))|~r1(esk22_1(esk8_0),X1)), inference(spm,[status(thm)],[c_0_55, c_0_11])).
cnf(c_0_58,plain,(p2(esk15_3(esk8_0,esk22_1(esk8_0),X1))|r1(esk8_0,esk24_1(esk8_0))|~r1(esk22_1(esk8_0),X1)), inference(spm,[status(thm)],[c_0_56, c_0_11])).
cnf(c_0_59,negated_conjecture,(p2(esk9_1(esk22_1(esk8_0)))|r1(esk18_2(esk8_0,esk22_1(esk8_0)),esk15_3(esk8_0,esk22_1(esk8_0),esk18_2(esk8_0,esk22_1(esk8_0))))|r1(esk8_0,esk24_1(esk8_0))), inference(spm,[status(thm)],[c_0_57, c_0_28])).
cnf(c_0_60,negated_conjecture,(p2(esk15_3(esk8_0,esk22_1(esk8_0),esk18_2(esk8_0,esk22_1(esk8_0))))|p2(esk9_1(esk22_1(esk8_0)))|r1(esk8_0,esk24_1(esk8_0))), inference(spm,[status(thm)],[c_0_58, c_0_28])).
cnf(c_0_61,plain,(p2(esk9_1(esk22_1(esk8_0)))|r1(esk22_1(esk8_0),esk19_2(esk8_0,esk22_1(esk8_0)))|r1(esk8_0,esk24_1(esk8_0))), inference(csr,[status(thm)],[inference(csr,[status(thm)],[inference(cn,[status(thm)],[inference(rw,[status(thm)],[inference(spm,[status(thm)],[c_0_32, c_0_59]), c_0_9])]), c_0_11]), c_0_60])).
cnf(c_0_62,plain,(p2(esk9_1(esk22_1(esk8_0)))|p2(X1)|r1(esk19_2(esk8_0,esk22_1(esk8_0)),esk14_3(X2,esk22_1(esk8_0),esk19_2(esk8_0,esk22_1(esk8_0))))|r1(esk8_0,esk24_1(esk8_0))|~epred1_1(X2)|~r1(esk22_1(esk8_0),X1)|~r1(X2,esk22_1(esk8_0))), inference(csr,[status(thm)],[inference(spm,[status(thm)],[c_0_13, c_0_61]), c_0_15])).
cnf(c_0_63,negated_conjecture,(p2(esk9_1(esk22_1(esk8_0)))|r1(esk19_2(esk8_0,esk22_1(esk8_0)),esk14_3(X1,esk22_1(esk8_0),esk19_2(esk8_0,esk22_1(esk8_0))))|r1(esk8_0,esk24_1(esk8_0))|~epred1_1(X1)|~r1(X1,esk22_1(esk8_0))), inference(spm,[status(thm)],[c_0_62, c_0_18])).
cnf(c_0_64,plain,(p2(esk9_1(esk22_1(esk8_0)))|r1(X1,esk20_3(esk8_0,esk22_1(esk8_0),X1))|r1(esk8_0,esk24_1(esk8_0))|~r1(esk19_2(esk8_0,esk22_1(esk8_0)),X1)), inference(csr,[status(thm)],[inference(csr,[status(thm)],[inference(cn,[status(thm)],[inference(rw,[status(thm)],[inference(spm,[status(thm)],[c_0_37, c_0_59]), c_0_9])]), c_0_11]), c_0_60])).
cnf(c_0_65,plain,(p2(esk9_1(esk22_1(esk8_0)))|r1(esk19_2(esk8_0,esk22_1(esk8_0)),esk14_3(esk8_0,esk22_1(esk8_0),esk19_2(esk8_0,esk22_1(esk8_0))))|r1(esk8_0,esk24_1(esk8_0))), inference(cn,[status(thm)],[inference(rw,[status(thm)],[inference(spm,[status(thm)],[c_0_63, c_0_11]), c_0_9])])).
cnf(c_0_66,plain,(p2(esk20_3(esk8_0,esk22_1(esk8_0),X1))|p2(esk9_1(esk22_1(esk8_0)))|r1(esk8_0,esk24_1(esk8_0))|~r1(esk19_2(esk8_0,esk22_1(esk8_0)),X1)), inference(csr,[status(thm)],[inference(csr,[status(thm)],[inference(cn,[status(thm)],[inference(rw,[status(thm)],[inference(spm,[status(thm)],[c_0_39, c_0_59]), c_0_9])]), c_0_11]), c_0_60])).
cnf(c_0_67,plain,(p2(esk9_1(esk22_1(esk8_0)))|r1(esk14_3(esk8_0,esk22_1(esk8_0),esk19_2(esk8_0,esk22_1(esk8_0))),esk20_3(esk8_0,esk22_1(esk8_0),esk14_3(esk8_0,esk22_1(esk8_0),esk19_2(esk8_0,esk22_1(esk8_0)))))|r1(esk8_0,esk24_1(esk8_0))), inference(spm,[status(thm)],[c_0_64, c_0_65])).
cnf(c_0_68,plain,(p2(esk20_3(esk8_0,esk22_1(esk8_0),esk14_3(esk8_0,esk22_1(esk8_0),esk19_2(esk8_0,esk22_1(esk8_0)))))|p2(esk9_1(esk22_1(esk8_0)))|r1(esk8_0,esk24_1(esk8_0))), inference(spm,[status(thm)],[c_0_66, c_0_65])).
cnf(c_0_69,plain,(p2(esk9_1(esk22_1(esk8_0)))|p2(X1)|r1(esk8_0,esk24_1(esk8_0))|~r1(esk22_1(esk8_0),X1)), inference(csr,[status(thm)],[inference(csr,[status(thm)],[inference(csr,[status(thm)],[inference(csr,[status(thm)],[inference(cn,[status(thm)],[inference(rw,[status(thm)],[inference(spm,[status(thm)],[c_0_23, c_0_67]), c_0_9])]), c_0_11]), c_0_61]), c_0_15]), c_0_68])).
cnf(c_0_70,negated_conjecture,(p2(esk9_1(esk22_1(esk8_0)))|r1(esk8_0,esk24_1(esk8_0))), inference(spm,[status(thm)],[c_0_69, c_0_18])).
cnf(c_0_71,negated_conjecture,(r1(esk8_0,esk24_1(esk8_0))), inference(csr,[status(thm)],[inference(spm,[status(thm)],[c_0_46, c_0_70]), c_0_11])).
cnf(c_0_72,plain,(r1(X1,esk22_1(X1))|~epred1_1(X1)|~p2(X2)|~r1(esk24_1(X1),X2)), inference(split_conjunct,[status(thm)],[c_0_5])).
cnf(c_0_73,plain,(r1(esk24_1(esk8_0),esk11_2(esk8_0,esk24_1(esk8_0)))), inference(cn,[status(thm)],[inference(rw,[status(thm)],[inference(spm,[status(thm)],[c_0_48, c_0_71]), c_0_9])])).
cnf(c_0_74,plain,(p2(esk11_2(esk8_0,esk24_1(esk8_0)))), inference(cn,[status(thm)],[inference(rw,[status(thm)],[inference(spm,[status(thm)],[c_0_50, c_0_71]), c_0_9])])).
cnf(c_0_75,plain,(r1(esk8_0,esk22_1(esk8_0))), inference(cn,[status(thm)],[inference(rw,[status(thm)],[inference(rw,[status(thm)],[inference(spm,[status(thm)],[c_0_72, c_0_73]), c_0_9]), c_0_74])])).
cnf(c_0_76,plain,(p2(esk22_1(X1))|~epred1_1(X1)|~p2(X2)|~r1(esk24_1(X1),X2)), inference(split_conjunct,[status(thm)],[c_0_5])).
cnf(c_0_77,plain,(r1(esk22_1(esk8_0),esk19_2(esk8_0,esk22_1(esk8_0)))|r1(esk22_1(esk8_0),esk18_2(esk8_0,esk22_1(esk8_0)))), inference(cn,[status(thm)],[inference(rw,[status(thm)],[inference(spm,[status(thm)],[c_0_10, c_0_75]), c_0_9])])).
cnf(c_0_78,plain,(p2(esk22_1(esk8_0))), inference(cn,[status(thm)],[inference(rw,[status(thm)],[inference(rw,[status(thm)],[inference(spm,[status(thm)],[c_0_76, c_0_73]), c_0_9]), c_0_74])])).
cnf(c_0_79,plain,(p2(X1)|r1(esk19_2(esk8_0,esk22_1(esk8_0)),esk14_3(X2,esk22_1(esk8_0),esk19_2(esk8_0,esk22_1(esk8_0))))|r1(esk22_1(esk8_0),esk18_2(esk8_0,esk22_1(esk8_0)))|~epred1_1(X2)|~r1(esk22_1(esk8_0),X1)|~r1(X2,esk22_1(esk8_0))), inference(cn,[status(thm)],[inference(rw,[status(thm)],[inference(spm,[status(thm)],[c_0_13, c_0_77]), c_0_78])])).
cnf(c_0_80,negated_conjecture,(r1(esk22_1(esk8_0),esk9_1(esk22_1(esk8_0)))), inference(spm,[status(thm)],[c_0_16, c_0_75])).
cnf(c_0_81,negated_conjecture,(p2(esk9_1(esk22_1(esk8_0)))|r1(esk19_2(esk8_0,esk22_1(esk8_0)),esk14_3(X1,esk22_1(esk8_0),esk19_2(esk8_0,esk22_1(esk8_0))))|r1(esk22_1(esk8_0),esk18_2(esk8_0,esk22_1(esk8_0)))|~epred1_1(X1)|~r1(X1,esk22_1(esk8_0))), inference(spm,[status(thm)],[c_0_79, c_0_80])).
cnf(c_0_82,plain,(p2(esk9_1(esk22_1(esk8_0)))|r1(esk19_2(esk8_0,esk22_1(esk8_0)),esk14_3(esk8_0,esk22_1(esk8_0),esk19_2(esk8_0,esk22_1(esk8_0))))|r1(esk22_1(esk8_0),esk18_2(esk8_0,esk22_1(esk8_0)))), inference(cn,[status(thm)],[inference(rw,[status(thm)],[inference(spm,[status(thm)],[c_0_81, c_0_75]), c_0_9])])).
cnf(c_0_83,plain,(p2(esk9_1(esk22_1(esk8_0)))|r1(esk14_3(esk8_0,esk22_1(esk8_0),esk19_2(esk8_0,esk22_1(esk8_0))),esk20_3(esk8_0,esk22_1(esk8_0),esk14_3(esk8_0,esk22_1(esk8_0),esk19_2(esk8_0,esk22_1(esk8_0)))))|r1(esk22_1(esk8_0),esk18_2(esk8_0,esk22_1(esk8_0)))), inference(cn,[status(thm)],[inference(rw,[status(thm)],[inference(rw,[status(thm)],[inference(spm,[status(thm)],[c_0_20, c_0_82]), c_0_9]), c_0_75])])).
cnf(c_0_84,plain,(p2(esk20_3(esk8_0,esk22_1(esk8_0),esk14_3(esk8_0,esk22_1(esk8_0),esk19_2(esk8_0,esk22_1(esk8_0)))))|p2(esk9_1(esk22_1(esk8_0)))|r1(esk22_1(esk8_0),esk18_2(esk8_0,esk22_1(esk8_0)))), inference(cn,[status(thm)],[inference(rw,[status(thm)],[inference(rw,[status(thm)],[inference(spm,[status(thm)],[c_0_22, c_0_82]), c_0_9]), c_0_75])])).
cnf(c_0_85,plain,(p2(esk9_1(esk22_1(esk8_0)))|p2(X1)|r1(esk22_1(esk8_0),esk18_2(esk8_0,esk22_1(esk8_0)))|~r1(esk22_1(esk8_0),X1)), inference(csr,[status(thm)],[inference(csr,[status(thm)],[inference(cn,[status(thm)],[inference(rw,[status(thm)],[inference(rw,[status(thm)],[inference(rw,[status(thm)],[inference(spm,[status(thm)],[c_0_23, c_0_83]), c_0_9]), c_0_78]), c_0_75])]), c_0_77]), c_0_84])).
cnf(c_0_86,negated_conjecture,(p2(esk9_1(esk22_1(esk8_0)))|r1(esk22_1(esk8_0),esk18_2(esk8_0,esk22_1(esk8_0)))), inference(spm,[status(thm)],[c_0_85, c_0_80])).
cnf(c_0_87,plain,(p2(esk9_1(esk22_1(esk8_0)))|r1(esk18_2(esk8_0,esk22_1(esk8_0)),esk15_3(X1,esk22_1(esk8_0),esk18_2(esk8_0,esk22_1(esk8_0))))|r1(X1,esk17_1(X1))|~epred1_1(X1)|~r1(X1,esk22_1(esk8_0))), inference(spm,[status(thm)],[c_0_27, c_0_86])).
cnf(c_0_88,plain,(p2(esk15_3(X1,esk22_1(esk8_0),esk18_2(esk8_0,esk22_1(esk8_0))))|p2(esk9_1(esk22_1(esk8_0)))|r1(X1,esk17_1(X1))|~epred1_1(X1)|~r1(X1,esk22_1(esk8_0))), inference(spm,[status(thm)],[c_0_29, c_0_86])).
cnf(c_0_89,plain,(p2(esk9_1(esk22_1(esk8_0)))|r1(esk18_2(esk8_0,esk22_1(esk8_0)),esk15_3(esk8_0,esk22_1(esk8_0),esk18_2(esk8_0,esk22_1(esk8_0))))|r1(esk8_0,esk17_1(esk8_0))), inference(cn,[status(thm)],[inference(rw,[status(thm)],[inference(spm,[status(thm)],[c_0_87, c_0_75]), c_0_9])])).
cnf(c_0_90,plain,(p2(esk15_3(esk8_0,esk22_1(esk8_0),esk18_2(esk8_0,esk22_1(esk8_0))))|p2(esk9_1(esk22_1(esk8_0)))|r1(esk8_0,esk17_1(esk8_0))), inference(cn,[status(thm)],[inference(rw,[status(thm)],[inference(spm,[status(thm)],[c_0_88, c_0_75]), c_0_9])])).
cnf(c_0_91,plain,(p2(esk9_1(esk22_1(esk8_0)))|r1(esk22_1(esk8_0),esk19_2(esk8_0,esk22_1(esk8_0)))|r1(esk8_0,esk17_1(esk8_0))), inference(csr,[status(thm)],[inference(cn,[status(thm)],[inference(rw,[status(thm)],[inference(rw,[status(thm)],[inference(spm,[status(thm)],[c_0_32, c_0_89]), c_0_9]), c_0_75])]), c_0_90])).
cnf(c_0_92,plain,(p2(esk9_1(esk22_1(esk8_0)))|p2(X1)|r1(esk19_2(esk8_0,esk22_1(esk8_0)),esk14_3(X2,esk22_1(esk8_0),esk19_2(esk8_0,esk22_1(esk8_0))))|r1(esk8_0,esk17_1(esk8_0))|~epred1_1(X2)|~r1(esk22_1(esk8_0),X1)|~r1(X2,esk22_1(esk8_0))), inference(cn,[status(thm)],[inference(rw,[status(thm)],[inference(spm,[status(thm)],[c_0_13, c_0_91]), c_0_78])])).
cnf(c_0_93,negated_conjecture,(p2(esk9_1(esk22_1(esk8_0)))|r1(esk19_2(esk8_0,esk22_1(esk8_0)),esk14_3(X1,esk22_1(esk8_0),esk19_2(esk8_0,esk22_1(esk8_0))))|r1(esk8_0,esk17_1(esk8_0))|~epred1_1(X1)|~r1(X1,esk22_1(esk8_0))), inference(spm,[status(thm)],[c_0_92, c_0_80])).
cnf(c_0_94,plain,(p2(esk9_1(esk22_1(esk8_0)))|r1(X1,esk20_3(esk8_0,esk22_1(esk8_0),X1))|r1(esk8_0,esk17_1(esk8_0))|~r1(esk19_2(esk8_0,esk22_1(esk8_0)),X1)), inference(csr,[status(thm)],[inference(cn,[status(thm)],[inference(rw,[status(thm)],[inference(rw,[status(thm)],[inference(spm,[status(thm)],[c_0_37, c_0_89]), c_0_9]), c_0_75])]), c_0_90])).
cnf(c_0_95,plain,(p2(esk9_1(esk22_1(esk8_0)))|r1(esk19_2(esk8_0,esk22_1(esk8_0)),esk14_3(esk8_0,esk22_1(esk8_0),esk19_2(esk8_0,esk22_1(esk8_0))))|r1(esk8_0,esk17_1(esk8_0))), inference(cn,[status(thm)],[inference(rw,[status(thm)],[inference(spm,[status(thm)],[c_0_93, c_0_75]), c_0_9])])).
cnf(c_0_96,plain,(p2(esk20_3(esk8_0,esk22_1(esk8_0),X1))|p2(esk9_1(esk22_1(esk8_0)))|r1(esk8_0,esk17_1(esk8_0))|~r1(esk19_2(esk8_0,esk22_1(esk8_0)),X1)), inference(csr,[status(thm)],[inference(cn,[status(thm)],[inference(rw,[status(thm)],[inference(rw,[status(thm)],[inference(spm,[status(thm)],[c_0_39, c_0_89]), c_0_9]), c_0_75])]), c_0_90])).
cnf(c_0_97,plain,(p2(esk9_1(esk22_1(esk8_0)))|r1(esk14_3(esk8_0,esk22_1(esk8_0),esk19_2(esk8_0,esk22_1(esk8_0))),esk20_3(esk8_0,esk22_1(esk8_0),esk14_3(esk8_0,esk22_1(esk8_0),esk19_2(esk8_0,esk22_1(esk8_0)))))|r1(esk8_0,esk17_1(esk8_0))), inference(spm,[status(thm)],[c_0_94, c_0_95])).
cnf(c_0_98,plain,(p2(esk20_3(esk8_0,esk22_1(esk8_0),esk14_3(esk8_0,esk22_1(esk8_0),esk19_2(esk8_0,esk22_1(esk8_0)))))|p2(esk9_1(esk22_1(esk8_0)))|r1(esk8_0,esk17_1(esk8_0))), inference(spm,[status(thm)],[c_0_96, c_0_95])).
cnf(c_0_99,plain,(p2(esk9_1(esk22_1(esk8_0)))|p2(X1)|r1(esk8_0,esk17_1(esk8_0))|~r1(esk22_1(esk8_0),X1)), inference(csr,[status(thm)],[inference(csr,[status(thm)],[inference(cn,[status(thm)],[inference(rw,[status(thm)],[inference(rw,[status(thm)],[inference(rw,[status(thm)],[inference(spm,[status(thm)],[c_0_23, c_0_97]), c_0_9]), c_0_78]), c_0_75])]), c_0_91]), c_0_98])).
cnf(c_0_100,negated_conjecture,(p2(esk9_1(esk22_1(esk8_0)))|r1(esk8_0,esk17_1(esk8_0))), inference(spm,[status(thm)],[c_0_99, c_0_80])).
cnf(c_0_101,negated_conjecture,(r1(esk8_0,esk17_1(esk8_0))), inference(cn,[status(thm)],[inference(rw,[status(thm)],[inference(spm,[status(thm)],[c_0_46, c_0_100]), c_0_75])])).
cnf(c_0_102,plain,(r1(esk17_1(esk8_0),esk11_2(esk8_0,esk17_1(esk8_0)))), inference(cn,[status(thm)],[inference(rw,[status(thm)],[inference(spm,[status(thm)],[c_0_48, c_0_101]), c_0_9])])).
cnf(c_0_103,plain,(p2(esk11_2(esk8_0,esk17_1(esk8_0)))), inference(cn,[status(thm)],[inference(rw,[status(thm)],[inference(spm,[status(thm)],[c_0_50, c_0_101]), c_0_9])])).
cnf(c_0_104,plain,(r1(X1,esk15_3(esk8_0,X2,X1))|~r1(esk8_0,X2)|~r1(X2,X1)), inference(cn,[status(thm)],[inference(rw,[status(thm)],[inference(rw,[status(thm)],[inference(spm,[status(thm)],[c_0_51, c_0_102]), c_0_9]), c_0_103])])).
cnf(c_0_105,plain,(p2(esk15_3(esk8_0,X1,X2))|~r1(esk8_0,X1)|~r1(X1,X2)), inference(cn,[status(thm)],[inference(rw,[status(thm)],[inference(rw,[status(thm)],[inference(spm,[status(thm)],[c_0_54, c_0_102]), c_0_9]), c_0_103])])).
cnf(c_0_106,plain,(r1(X1,esk15_3(esk8_0,esk22_1(esk8_0),X1))|~r1(esk22_1(esk8_0),X1)), inference(spm,[status(thm)],[c_0_104, c_0_75])).
cnf(c_0_107,plain,(p2(esk15_3(esk8_0,esk22_1(esk8_0),X1))|~r1(esk22_1(esk8_0),X1)), inference(spm,[status(thm)],[c_0_105, c_0_75])).
cnf(c_0_108,negated_conjecture,(p2(esk9_1(esk22_1(esk8_0)))|r1(esk18_2(esk8_0,esk22_1(esk8_0)),esk15_3(esk8_0,esk22_1(esk8_0),esk18_2(esk8_0,esk22_1(esk8_0))))), inference(spm,[status(thm)],[c_0_106, c_0_86])).
cnf(c_0_109,negated_conjecture,(p2(esk15_3(esk8_0,esk22_1(esk8_0),esk18_2(esk8_0,esk22_1(esk8_0))))|p2(esk9_1(esk22_1(esk8_0)))), inference(spm,[status(thm)],[c_0_107, c_0_86])).
cnf(c_0_110,plain,(p2(esk9_1(esk22_1(esk8_0)))|r1(esk22_1(esk8_0),esk19_2(esk8_0,esk22_1(esk8_0)))), inference(csr,[status(thm)],[inference(cn,[status(thm)],[inference(rw,[status(thm)],[inference(rw,[status(thm)],[inference(spm,[status(thm)],[c_0_32, c_0_108]), c_0_9]), c_0_75])]), c_0_109])).
cnf(c_0_111,plain,(p2(esk9_1(esk22_1(esk8_0)))|p2(X1)|r1(esk19_2(esk8_0,esk22_1(esk8_0)),esk14_3(X2,esk22_1(esk8_0),esk19_2(esk8_0,esk22_1(esk8_0))))|~epred1_1(X2)|~r1(esk22_1(esk8_0),X1)|~r1(X2,esk22_1(esk8_0))), inference(cn,[status(thm)],[inference(rw,[status(thm)],[inference(spm,[status(thm)],[c_0_13, c_0_110]), c_0_78])])).
cnf(c_0_112,negated_conjecture,(p2(esk9_1(esk22_1(esk8_0)))|r1(esk19_2(esk8_0,esk22_1(esk8_0)),esk14_3(X1,esk22_1(esk8_0),esk19_2(esk8_0,esk22_1(esk8_0))))|~epred1_1(X1)|~r1(X1,esk22_1(esk8_0))), inference(spm,[status(thm)],[c_0_111, c_0_80])).
cnf(c_0_113,plain,(p2(esk9_1(esk22_1(esk8_0)))|r1(X1,esk20_3(esk8_0,esk22_1(esk8_0),X1))|~r1(esk19_2(esk8_0,esk22_1(esk8_0)),X1)), inference(csr,[status(thm)],[inference(cn,[status(thm)],[inference(rw,[status(thm)],[inference(rw,[status(thm)],[inference(spm,[status(thm)],[c_0_37, c_0_108]), c_0_9]), c_0_75])]), c_0_109])).
cnf(c_0_114,plain,(p2(esk9_1(esk22_1(esk8_0)))|r1(esk19_2(esk8_0,esk22_1(esk8_0)),esk14_3(esk8_0,esk22_1(esk8_0),esk19_2(esk8_0,esk22_1(esk8_0))))), inference(cn,[status(thm)],[inference(rw,[status(thm)],[inference(spm,[status(thm)],[c_0_112, c_0_75]), c_0_9])])).
cnf(c_0_115,plain,(p2(esk20_3(esk8_0,esk22_1(esk8_0),X1))|p2(esk9_1(esk22_1(esk8_0)))|~r1(esk19_2(esk8_0,esk22_1(esk8_0)),X1)), inference(csr,[status(thm)],[inference(cn,[status(thm)],[inference(rw,[status(thm)],[inference(rw,[status(thm)],[inference(spm,[status(thm)],[c_0_39, c_0_108]), c_0_9]), c_0_75])]), c_0_109])).
cnf(c_0_116,plain,(p2(esk9_1(esk22_1(esk8_0)))|r1(esk14_3(esk8_0,esk22_1(esk8_0),esk19_2(esk8_0,esk22_1(esk8_0))),esk20_3(esk8_0,esk22_1(esk8_0),esk14_3(esk8_0,esk22_1(esk8_0),esk19_2(esk8_0,esk22_1(esk8_0)))))), inference(spm,[status(thm)],[c_0_113, c_0_114])).
cnf(c_0_117,plain,(p2(esk20_3(esk8_0,esk22_1(esk8_0),esk14_3(esk8_0,esk22_1(esk8_0),esk19_2(esk8_0,esk22_1(esk8_0)))))|p2(esk9_1(esk22_1(esk8_0)))), inference(spm,[status(thm)],[c_0_115, c_0_114])).
cnf(c_0_118,plain,(p2(esk9_1(esk22_1(esk8_0)))|p2(X1)|~r1(esk22_1(esk8_0),X1)), inference(csr,[status(thm)],[inference(csr,[status(thm)],[inference(cn,[status(thm)],[inference(rw,[status(thm)],[inference(rw,[status(thm)],[inference(rw,[status(thm)],[inference(spm,[status(thm)],[c_0_23, c_0_116]), c_0_9]), c_0_78]), c_0_75])]), c_0_110]), c_0_117])).
cnf(c_0_119,negated_conjecture,(p2(esk9_1(esk22_1(esk8_0)))), inference(spm,[status(thm)],[c_0_118, c_0_80])).
cnf(c_0_120,negated_conjecture,($false), inference(cn,[status(thm)],[inference(rw,[status(thm)],[inference(spm,[status(thm)],[c_0_46, c_0_119]), c_0_75])]), ['proof']).
# SZS output end CNFRefutation.
EOF
