% Problem    : CSR115+9 : TPTP v6.1.0. Released v4.0.0.
% Command    : eprover --auto-schedule --tstp-format -s --proof-object --memory-limit=2048 --cpu-limit=%d %s
% Computer   : n152.star.cs.uiowa.edu
% Model      : x86_64 x86_64
% CPU        : Intel(R) Xeon(R) CPU E5-2609 0 @ 2.40GHz
% Memory     : 32286.75MB
% OS         : Linux 2.6.32-431.20.3.el6.x86_64
% CPULimit   : 300
% DateTime   : Sun Jul 20 04:26:31 CDT 2014
% CPUTime    : 
# SinE strategy is gf500_h_gu_R04_F100_L20000
# Trying AutoSched0 for 151 seconds
# AutoSched0-Mode selected heuristic G_E___208_C18_F1_SE_CS_SP_PS_S0YP
# and selection function SelectMaxLComplexAvoidPosPred.
#
# Presaturation interreduction done

# Proof found!
# SZS status Theorem
# SZS output start CNFRefutation.
fof(c_0_0, conjecture, (?[X1]:?[X2]:?[X3]:?[X4]:?[X5]:?[X6]:((((((attr(X3,X2)&attr(X5,X6))&obj(X4,X1))&prop(X1,britisch__1_1))&sub(X1,firma_1_1))&sub(X2,name_1_1))&val(X2,bmw_0))), file('/export/starexec/sandbox/benchmark/theBenchmark.p', synth_qa07_007_mira_news_1106_a19984)).
fof(c_0_1, hypothesis, ((((((((((((((((((((((((((((((((((((((((((((((((((((((((((((((((((((((((((((((((((((((((((((((((((((((((((((((((((((((((((((((((((((((((((((((((((((((((((((((((((((((((((((((((((((((((((((((((((((((((((((((((((((((((((((((((((((((((((((((((((((((subs(c57187,einigung_1_1)&attr(c57201,c57202))&sub(c57201,firma_1_1))&sub(c57202,name_1_1))&val(c57202,bmw_0))&attr(c57288,c57289))&attr(c57288,c59030))&sub(c57288,firma_1_1))&sub(c57289,name_1_1))&val(c57289,honda_0))&pred(c57295,rover_1_1))&preds(c57299,bem__374hen_3_1))&prop(c57299,langfristig_1_1))&sub(c57309,vorzeitigkeit_1_1))&attr(c58967,c58968))&sub(c58967,firma_1_1))&sub(c58968,name_1_1))&val(c58968,rover_0))&prop(c58970,britisch__1_1))&sub(c58970,firma_1_1))&prop(c58978,eigen_1_1))&sub(c58978,markenidentit__344t_1_1))&sub(c59030,name_1_1))&val(c59030,honda_0))&attr(c59035,c59036))&sub(c59035,stadt__1_1))&sub(c59036,name_1_1))&val(c59036,london_0))&tupl_p12(c59878,c57187,c57201,c57288,c57295,c57299,c57309,c58967,c58970,c58978,c57288,c59035))&assoc(markenidentit__344t_1_1,marken_0))&sub(markenidentit__344t_1_1,analogie__1_1))&sort(c57187,ad))&card(c57187,int1))&etype(c57187,int0))&fact(c57187,real))&gener(c57187,sp))&quant(c57187,one))&refer(c57187,det))&varia(c57187,con))&sort(einigung_1_1,ad))&card(einigung_1_1,int1))&etype(einigung_1_1,int0))&fact(einigung_1_1,real))&gener(einigung_1_1,ge))&quant(einigung_1_1,one))&refer(einigung_1_1,refer_c))&varia(einigung_1_1,varia_c))&sort(c57201,d))&sort(c57201,io))&card(c57201,int1))&etype(c57201,int0))&fact(c57201,real))&gener(c57201,sp))&quant(c57201,one))&refer(c57201,det))&varia(c57201,con))&sort(c57202,na))&card(c57202,int1))&etype(c57202,int0))&fact(c57202,real))&gener(c57202,sp))&quant(c57202,one))&refer(c57202,indet))&varia(c57202,varia_c))&sort(firma_1_1,d))&sort(firma_1_1,io))&card(firma_1_1,int1))&etype(firma_1_1,int0))&fact(firma_1_1,real))&gener(firma_1_1,ge))&quant(firma_1_1,one))&refer(firma_1_1,refer_c))&varia(firma_1_1,varia_c))&sort(name_1_1,na))&card(name_1_1,int1))&etype(name_1_1,int0))&fact(name_1_1,real))&gener(name_1_1,ge))&quant(name_1_1,one))&refer(name_1_1,refer_c))&varia(name_1_1,varia_c))&sort(bmw_0,fe))&sort(c57288,d))&sort(c57288,io))&card(c57288,int1))&etype(c57288,int0))&fact(c57288,real))&gener(c57288,sp))&quant(c57288,one))&refer(c57288,det))&varia(c57288,con))&sort(c57289,na))&card(c57289,int1))&etype(c57289,int0))&fact(c57289,real))&gener(c57289,sp))&quant(c57289,one))&refer(c57289,indet))&varia(c57289,varia_c))&sort(c59030,na))&card(c59030,int1))&etype(c59030,int0))&fact(c59030,real))&gener(c59030,sp))&quant(c59030,one))&refer(c59030,indet))&varia(c59030,varia_c))&sort(honda_0,fe))&sort(c57295,d))&card(c57295,cons(x_constant,cons(int1,nil))))&etype(c57295,int1))&fact(c57295,real))&gener(c57295,gener_c))&quant(c57295,mult))&refer(c57295,indet))&varia(c57295,varia_c))&sort(rover_1_1,d))&card(rover_1_1,int1))&etype(rover_1_1,int0))&fact(rover_1_1,real))&gener(rover_1_1,ge))&quant(rover_1_1,one))&refer(rover_1_1,refer_c))&varia(rover_1_1,varia_c))&sort(c57299,ad))&card(c57299,cons(x_constant,cons(int1,nil))))&etype(c57299,int1))&fact(c57299,real))&gener(c57299,gener_c))&quant(c57299,mult))&refer(c57299,refer_c))&varia(c57299,varia_c))&sort(bem__374hen_3_1,ad))&card(bem__374hen_3_1,int1))&etype(bem__374hen_3_1,int0))&fact(bem__374hen_3_1,real))&gener(bem__374hen_3_1,ge))&quant(bem__374hen_3_1,one))&refer(bem__374hen_3_1,refer_c))&varia(bem__374hen_3_1,varia_c))&sort(langfristig_1_1,tq))&sort(c57309,ta))&card(c57309,int1))&etype(c57309,int0))&fact(c57309,real))&gener(c57309,gener_c))&quant(c57309,one))&refer(c57309,refer_c))&varia(c57309,varia_c))&sort(vorzeitigkeit_1_1,ta))&card(vorzeitigkeit_1_1,int1))&etype(vorzeitigkeit_1_1,int0))&fact(vorzeitigkeit_1_1,real))&gener(vorzeitigkeit_1_1,ge))&quant(vorzeitigkeit_1_1,one))&refer(vorzeitigkeit_1_1,refer_c))&varia(vorzeitigkeit_1_1,varia_c))&sort(c58967,d))&sort(c58967,io))&card(c58967,int1))&etype(c58967,int0))&fact(c58967,real))&gener(c58967,sp))&quant(c58967,one))&refer(c58967,det))&varia(c58967,con))&sort(c58968,na))&card(c58968,int1))&etype(c58968,int0))&fact(c58968,real))&gener(c58968,sp))&quant(c58968,one))&refer(c58968,indet))&varia(c58968,varia_c))&sort(rover_0,fe))&sort(c58970,d))&sort(c58970,io))&card(c58970,int1))&etype(c58970,int0))&fact(c58970,real))&gener(c58970,gener_c))&quant(c58970,one))&refer(c58970,refer_c))&varia(c58970,varia_c))&sort(britisch__1_1,nq))&sort(c58978,io))&card(c58978,int1))&etype(c58978,int0))&fact(c58978,real))&gener(c58978,gener_c))&quant(c58978,one))&refer(c58978,refer_c))&varia(c58978,varia_c))&sort(eigen_1_1,nq))&sort(markenidentit__344t_1_1,io))&card(markenidentit__344t_1_1,int1))&etype(markenidentit__344t_1_1,int0))&fact(markenidentit__344t_1_1,real))&gener(markenidentit__344t_1_1,ge))&quant(markenidentit__344t_1_1,one))&refer(markenidentit__344t_1_1,refer_c))&varia(markenidentit__344t_1_1,varia_c))&sort(c59035,d))&sort(c59035,io))&card(c59035,int1))&etype(c59035,int0))&fact(c59035,real))&gener(c59035,sp))&quant(c59035,one))&refer(c59035,det))&varia(c59035,con))&sort(c59036,na))&card(c59036,int1))&etype(c59036,int0))&fact(c59036,real))&gener(c59036,sp))&quant(c59036,one))&refer(c59036,indet))&varia(c59036,varia_c))&sort(stadt__1_1,d))&sort(stadt__1_1,io))&card(stadt__1_1,int1))&etype(stadt__1_1,int0))&fact(stadt__1_1,real))&gener(stadt__1_1,ge))&quant(stadt__1_1,one))&refer(stadt__1_1,refer_c))&varia(stadt__1_1,varia_c))&sort(london_0,fe))&sort(c59878,ent))&card(c59878,card_c))&etype(c59878,etype_c))&fact(c59878,real))&gener(c59878,gener_c))&quant(c59878,quant_c))&refer(c59878,refer_c))&varia(c59878,varia_c))&sort(marken_0,fe))&sort(analogie__1_1,io))&card(analogie__1_1,int1))&etype(analogie__1_1,int0))&fact(analogie__1_1,real))&gener(analogie__1_1,ge))&quant(analogie__1_1,one))&refer(analogie__1_1,refer_c))&varia(analogie__1_1,varia_c))), file('/export/starexec/sandbox/benchmark/theBenchmark.p', ave07_era5_synth_qa07_007_mira_news_1106_a19984)).
fof(c_0_2, axiom, (![X1]:![X2]:((has_fact_leq(X2,real)&loc(X2,X1))=>?[X3]:((loc(X3,X1)&obj(X3,X2))&subs(X3,geben_1_1)))), file('/export/starexec/sandbox/benchmark/Axioms/CSR004+0.ax', loc__geben_1_1_loc)).
fof(c_0_3, axiom, (![X1]:![X2]:(fact(X1,X2)=>has_fact_leq(X1,X2))), file('/export/starexec/sandbox/benchmark/Axioms/CSR004+0.ax', has_fact_eq)).
fof(c_0_4, axiom, (![X1]:![X2]:![X3]:((prop(X1,X2)&state_adjective_state_binding(X2,X3))=>?[X4]:?[X5]:?[X6]:(((((in(X6,X4)&attr(X4,X5))&loc(X1,X6))&sub(X4,land_1_1))&sub(X5,name_1_1))&val(X5,X3)))), file('/export/starexec/sandbox/benchmark/Axioms/CSR004+0.ax', state_adjective__in_state)).
fof(c_0_5, axiom, (state_adjective_state_binding(britisch__1_1,grossbritannien_0)), file('/export/starexec/sandbox/benchmark/Axioms/CSR004+0.ax', fact_8846)).
fof(c_0_6, negated_conjecture, (~(?[X1]:?[X2]:?[X3]:?[X4]:?[X5]:?[X6]:((((((attr(X3,X2)&attr(X5,X6))&obj(X4,X1))&prop(X1,britisch__1_1))&sub(X1,firma_1_1))&sub(X2,name_1_1))&val(X2,bmw_0)))), inference(assume_negation,[status(cth)],[c_0_0])).
fof(c_0_7, negated_conjecture, (![X7]:![X8]:![X9]:![X10]:![X11]:![X12]:((((((~attr(X9,X8)|~attr(X10,X11))|~obj(X12,X7))|~prop(X7,britisch__1_1))|~sub(X7,firma_1_1))|~sub(X8,name_1_1))|~val(X8,bmw_0))), inference(shift_quantors,[status(thm)],[inference(variable_rename,[status(thm)],[inference(shift_quantors,[status(thm)],[inference(fof_nnf,[status(thm)],[c_0_6])])])])).
cnf(c_0_8,negated_conjecture,(~val(X1,bmw_0)|~sub(X1,name_1_1)|~sub(X2,firma_1_1)|~prop(X2,britisch__1_1)|~obj(X3,X2)|~attr(X4,X5)|~attr(X6,X1)), inference(split_conjunct,[status(thm)],[c_0_7])).
cnf(c_0_9,hypothesis,(val(c57202,bmw_0)), inference(split_conjunct,[status(thm)],[c_0_1])).
cnf(c_0_10,hypothesis,(sub(c57202,name_1_1)), inference(split_conjunct,[status(thm)],[c_0_1])).
cnf(c_0_11,hypothesis,(~prop(X1,britisch__1_1)|~attr(X2,c57202)|~attr(X3,X4)|~obj(X5,X1)|~sub(X1,firma_1_1)), inference(cn,[status(thm)],[inference(rw,[status(thm)],[inference(spm,[status(thm)],[c_0_8, c_0_9]), c_0_10])])).
cnf(c_0_12,hypothesis,(prop(c58970,britisch__1_1)), inference(split_conjunct,[status(thm)],[c_0_1])).
cnf(c_0_13,hypothesis,(sub(c58970,firma_1_1)), inference(split_conjunct,[status(thm)],[c_0_1])).
cnf(c_0_14,hypothesis,(~attr(X1,c57202)|~attr(X2,X3)|~obj(X4,c58970)), inference(cn,[status(thm)],[inference(rw,[status(thm)],[inference(spm,[status(thm)],[c_0_11, c_0_12]), c_0_13])])).
cnf(c_0_15,hypothesis,(attr(c57201,c57202)), inference(split_conjunct,[status(thm)],[c_0_1])).
fof(c_0_16, plain, (![X4]:![X5]:(((loc(esk12_2(X4,X5),X4)|(~has_fact_leq(X5,real)|~loc(X5,X4)))&(obj(esk12_2(X4,X5),X5)|(~has_fact_leq(X5,real)|~loc(X5,X4))))&(subs(esk12_2(X4,X5),geben_1_1)|(~has_fact_leq(X5,real)|~loc(X5,X4))))), inference(distribute,[status(thm)],[inference(skolemize,[status(esa)],[inference(variable_rename,[status(thm)],[inference(fof_nnf,[status(thm)],[c_0_2])])])])).
cnf(c_0_17,hypothesis,(~attr(X1,X2)|~obj(X3,c58970)), inference(spm,[status(thm)],[c_0_14, c_0_15])).
cnf(c_0_18,plain,(obj(esk12_2(X2,X1),X1)|~loc(X1,X2)|~has_fact_leq(X1,real)), inference(split_conjunct,[status(thm)],[c_0_16])).
fof(c_0_19, plain, (![X3]:![X4]:(~fact(X3,X4)|has_fact_leq(X3,X4))), inference(variable_rename,[status(thm)],[inference(fof_nnf,[status(thm)],[c_0_3])])).
cnf(c_0_20,hypothesis,(~attr(X1,X2)|~loc(c58970,X3)|~has_fact_leq(c58970,real)), inference(spm,[status(thm)],[c_0_17, c_0_18])).
cnf(c_0_21,plain,(has_fact_leq(X1,X2)|~fact(X1,X2)), inference(split_conjunct,[status(thm)],[c_0_19])).
cnf(c_0_22,hypothesis,(fact(c58970,real)), inference(split_conjunct,[status(thm)],[c_0_1])).
fof(c_0_23, plain, (![X7]:![X8]:![X9]:((((((in(esk9_3(X7,X8,X9),esk7_3(X7,X8,X9))|(~prop(X7,X8)|~state_adjective_state_binding(X8,X9)))&(attr(esk7_3(X7,X8,X9),esk8_3(X7,X8,X9))|(~prop(X7,X8)|~state_adjective_state_binding(X8,X9))))&(loc(X7,esk9_3(X7,X8,X9))|(~prop(X7,X8)|~state_adjective_state_binding(X8,X9))))&(sub(esk7_3(X7,X8,X9),land_1_1)|(~prop(X7,X8)|~state_adjective_state_binding(X8,X9))))&(sub(esk8_3(X7,X8,X9),name_1_1)|(~prop(X7,X8)|~state_adjective_state_binding(X8,X9))))&(val(esk8_3(X7,X8,X9),X9)|(~prop(X7,X8)|~state_adjective_state_binding(X8,X9))))), inference(distribute,[status(thm)],[inference(skolemize,[status(esa)],[inference(variable_rename,[status(thm)],[inference(shift_quantors,[status(thm)],[inference(fof_nnf,[status(thm)],[c_0_4])])])])])).
cnf(c_0_24,hypothesis,(~attr(X1,X2)|~loc(c58970,X3)), inference(cn,[status(thm)],[inference(rw,[status(thm)],[inference(spm,[status(thm)],[c_0_20, c_0_21]), c_0_22])])).
cnf(c_0_25,plain,(loc(X3,esk9_3(X3,X1,X2))|~state_adjective_state_binding(X1,X2)|~prop(X3,X1)), inference(split_conjunct,[status(thm)],[c_0_23])).
cnf(c_0_26,hypothesis,(~state_adjective_state_binding(X1,X2)|~prop(c58970,X1)|~attr(X3,X4)), inference(spm,[status(thm)],[c_0_24, c_0_25])).
cnf(c_0_27,plain,(state_adjective_state_binding(britisch__1_1,grossbritannien_0)), inference(split_conjunct,[status(thm)],[c_0_5])).
cnf(c_0_28,hypothesis,(~attr(X1,X2)), inference(cn,[status(thm)],[inference(rw,[status(thm)],[inference(spm,[status(thm)],[c_0_26, c_0_27]), c_0_12])])).
cnf(c_0_29,hypothesis,($false), inference(sr,[status(thm)],[c_0_15, c_0_28]), ['proof']).
# SZS output end CNFRefutation.
EOF
