% Problem    : SYN549+1 : TPTP v6.1.0. Released v2.2.0.
% Command    : eprover --auto-schedule --tstp-format -s --proof-object --memory-limit=2048 --cpu-limit=%d %s
% Computer   : n143.star.cs.uiowa.edu
% Model      : x86_64 x86_64
% CPU        : Intel(R) Xeon(R) CPU E5-2609 0 @ 2.40GHz
% Memory     : 32286.75MB
% OS         : Linux 2.6.32-431.20.3.el6.x86_64
% CPULimit   : 300
% DateTime   : Sun Jul 20 03:15:51 CDT 2014
% CPUTime    : 
# No SInE strategy applied
# Trying AutoSched0 for 151 seconds
# AutoSched0-Mode selected heuristic H_____047_B31_F1_PI_AE_R4_CS_SP_S2k
# and selection function SelectCQArNTEqFirst.
#

# Proof found!
# SZS status Theorem
# SZS output start CNFRefutation.
fof(c_0_0, conjecture, (?[X1]:(reachable(initial_world,X1)&![X2]:(reachable(X1,X2)=>(?[X3]:(reachable(X2,X3)&(p(X3)|?[X4]:(reachable(X3,X4)&q(X4))))<=>(?[X5]:(reachable(X2,X5)&p(X5))|?[X5]:(reachable(X2,X5)&q(X5))))))), file('/export/starexec/sandbox/benchmark/theBenchmark.p', prove_this)).
fof(c_0_1, axiom, (![X1]:reachable(X1,X1)), file('/export/starexec/sandbox/benchmark/theBenchmark.p', reflexivity_of_reachable)).
fof(c_0_2, axiom, (![X1]:![X2]:![X3]:((reachable(X1,X2)&reachable(X2,X3))=>reachable(X1,X3))), file('/export/starexec/sandbox/benchmark/theBenchmark.p', transitivity_of_reachable)).
fof(c_0_3, negated_conjecture, (~(?[X1]:(reachable(initial_world,X1)&![X2]:(reachable(X1,X2)=>(?[X3]:(reachable(X2,X3)&(p(X3)|?[X4]:(reachable(X3,X4)&q(X4))))<=>(?[X5]:(reachable(X2,X5)&p(X5))|?[X5]:(reachable(X2,X5)&q(X5)))))))), inference(assume_negation,[status(cth)],[c_0_0])).
fof(c_0_4, negated_conjecture, (![X6]:![X8]:![X9]:![X10]:![X11]:((reachable(X6,esk1_1(X6))|~reachable(initial_world,X6))&((((((~reachable(esk1_1(X6),X10)|~p(X10))|(~p(X8)|~reachable(esk1_1(X6),X8)))|~reachable(initial_world,X6))&(((~reachable(esk1_1(X6),X11)|~q(X11))|(~p(X8)|~reachable(esk1_1(X6),X8)))|~reachable(initial_world,X6)))&((((~reachable(esk1_1(X6),X10)|~p(X10))|((~reachable(X8,X9)|~q(X9))|~reachable(esk1_1(X6),X8)))|~reachable(initial_world,X6))&(((~reachable(esk1_1(X6),X11)|~q(X11))|((~reachable(X8,X9)|~q(X9))|~reachable(esk1_1(X6),X8)))|~reachable(initial_world,X6))))&((((((reachable(esk1_1(X6),esk5_1(X6))|reachable(esk1_1(X6),esk4_1(X6)))|reachable(esk1_1(X6),esk2_1(X6)))|~reachable(initial_world,X6))&(((q(esk5_1(X6))|reachable(esk1_1(X6),esk4_1(X6)))|reachable(esk1_1(X6),esk2_1(X6)))|~reachable(initial_world,X6)))&((((reachable(esk1_1(X6),esk5_1(X6))|p(esk4_1(X6)))|reachable(esk1_1(X6),esk2_1(X6)))|~reachable(initial_world,X6))&(((q(esk5_1(X6))|p(esk4_1(X6)))|reachable(esk1_1(X6),esk2_1(X6)))|~reachable(initial_world,X6))))&((((((reachable(esk1_1(X6),esk5_1(X6))|reachable(esk1_1(X6),esk4_1(X6)))|(reachable(esk2_1(X6),esk3_1(X6))|p(esk2_1(X6))))|~reachable(initial_world,X6))&(((q(esk5_1(X6))|reachable(esk1_1(X6),esk4_1(X6)))|(reachable(esk2_1(X6),esk3_1(X6))|p(esk2_1(X6))))|~reachable(initial_world,X6)))&((((reachable(esk1_1(X6),esk5_1(X6))|p(esk4_1(X6)))|(reachable(esk2_1(X6),esk3_1(X6))|p(esk2_1(X6))))|~reachable(initial_world,X6))&(((q(esk5_1(X6))|p(esk4_1(X6)))|(reachable(esk2_1(X6),esk3_1(X6))|p(esk2_1(X6))))|~reachable(initial_world,X6))))&(((((reachable(esk1_1(X6),esk5_1(X6))|reachable(esk1_1(X6),esk4_1(X6)))|(q(esk3_1(X6))|p(esk2_1(X6))))|~reachable(initial_world,X6))&(((q(esk5_1(X6))|reachable(esk1_1(X6),esk4_1(X6)))|(q(esk3_1(X6))|p(esk2_1(X6))))|~reachable(initial_world,X6)))&((((reachable(esk1_1(X6),esk5_1(X6))|p(esk4_1(X6)))|(q(esk3_1(X6))|p(esk2_1(X6))))|~reachable(initial_world,X6))&(((q(esk5_1(X6))|p(esk4_1(X6)))|(q(esk3_1(X6))|p(esk2_1(X6))))|~reachable(initial_world,X6))))))))), inference(distribute,[status(thm)],[inference(shift_quantors,[status(thm)],[inference(skolemize,[status(esa)],[inference(variable_rename,[status(thm)],[inference(fof_nnf,[status(thm)],[c_0_3])])])])])).
fof(c_0_5, plain, (![X2]:reachable(X2,X2)), inference(variable_rename,[status(thm)],[c_0_1])).
cnf(c_0_6,negated_conjecture,(~reachable(initial_world,X1)|~reachable(esk1_1(X1),X2)|~q(X3)|~reachable(X2,X3)|~q(X4)|~reachable(esk1_1(X1),X4)), inference(split_conjunct,[status(thm)],[c_0_4])).
cnf(c_0_7,plain,(reachable(X1,X1)), inference(split_conjunct,[status(thm)],[c_0_5])).
fof(c_0_8, plain, ((~epred2_0<=>![X1]:(~reachable(esk1_1(initial_world),X1)|~q(X1)))), introduced(definition)).
cnf(c_0_9,negated_conjecture,(reachable(esk1_1(X1),esk2_1(X1))|reachable(esk1_1(X1),esk4_1(X1))|reachable(esk1_1(X1),esk5_1(X1))|~reachable(initial_world,X1)), inference(split_conjunct,[status(thm)],[c_0_4])).
cnf(c_0_10,negated_conjecture,(~q(X1)|~q(X2)|~reachable(esk1_1(X3),X1)|~reachable(esk1_1(X3),X2)|~reachable(initial_world,X3)), inference(spm,[status(thm)],[c_0_6, c_0_7])).
cnf(c_0_11,negated_conjecture,(reachable(esk1_1(X1),esk2_1(X1))|reachable(esk1_1(X1),esk4_1(X1))|q(esk5_1(X1))|~reachable(initial_world,X1)), inference(split_conjunct,[status(thm)],[c_0_4])).
cnf(c_0_12,negated_conjecture,(reachable(esk1_1(X1),esk2_1(X1))|p(esk4_1(X1))|reachable(esk1_1(X1),esk5_1(X1))|~reachable(initial_world,X1)), inference(split_conjunct,[status(thm)],[c_0_4])).
cnf(c_0_13,negated_conjecture,(reachable(esk1_1(X1),esk2_1(X1))|p(esk4_1(X1))|q(esk5_1(X1))|~reachable(initial_world,X1)), inference(split_conjunct,[status(thm)],[c_0_4])).
fof(c_0_14, plain, ((~epred1_0<=>![X1]:(~reachable(esk1_1(initial_world),X1)|~p(X1)))), introduced(definition)).
cnf(c_0_15,negated_conjecture,(epred2_0|~q(X1)|~reachable(esk1_1(initial_world),X1)), inference(split_equiv,[status(thm)],[c_0_8])).
cnf(c_0_16,negated_conjecture,(reachable(esk1_1(initial_world),esk2_1(initial_world))|reachable(esk1_1(initial_world),esk4_1(initial_world))|reachable(esk1_1(initial_world),esk5_1(initial_world))), inference(spm,[status(thm)],[c_0_9, c_0_7])).
cnf(c_0_17,negated_conjecture,(~epred2_0), inference(cn,[status(thm)],[inference(apply_def,[status(thm)],[inference(apply_def,[status(thm)],[inference(spm,[status(thm)],[c_0_10, c_0_7]), c_0_8]), c_0_8])])).
cnf(c_0_18,negated_conjecture,(q(esk5_1(initial_world))|reachable(esk1_1(initial_world),esk2_1(initial_world))|reachable(esk1_1(initial_world),esk4_1(initial_world))), inference(spm,[status(thm)],[c_0_11, c_0_7])).
cnf(c_0_19,negated_conjecture,(~reachable(initial_world,X1)|~reachable(esk1_1(X1),X2)|~p(X2)|~p(X3)|~reachable(esk1_1(X1),X3)), inference(split_conjunct,[status(thm)],[c_0_4])).
cnf(c_0_20,negated_conjecture,(p(esk4_1(initial_world))|reachable(esk1_1(initial_world),esk2_1(initial_world))|reachable(esk1_1(initial_world),esk5_1(initial_world))), inference(spm,[status(thm)],[c_0_12, c_0_7])).
cnf(c_0_21,negated_conjecture,(q(esk5_1(initial_world))|p(esk4_1(initial_world))|reachable(esk1_1(initial_world),esk2_1(initial_world))), inference(spm,[status(thm)],[c_0_13, c_0_7])).
cnf(c_0_22,negated_conjecture,(epred1_0|~p(X1)|~reachable(esk1_1(initial_world),X1)), inference(split_equiv,[status(thm)],[c_0_14])).
cnf(c_0_23,negated_conjecture,(reachable(esk1_1(initial_world),esk4_1(initial_world))|reachable(esk1_1(initial_world),esk2_1(initial_world))), inference(csr,[status(thm)],[inference(sr,[status(thm)],[inference(spm,[status(thm)],[c_0_15, c_0_16]), c_0_17]), c_0_18])).
cnf(c_0_24,negated_conjecture,(~epred1_0), inference(cn,[status(thm)],[inference(apply_def,[status(thm)],[inference(apply_def,[status(thm)],[inference(spm,[status(thm)],[c_0_19, c_0_7]), c_0_14]), c_0_14])])).
cnf(c_0_25,negated_conjecture,(p(esk4_1(initial_world))|reachable(esk1_1(initial_world),esk2_1(initial_world))), inference(csr,[status(thm)],[inference(sr,[status(thm)],[inference(spm,[status(thm)],[c_0_15, c_0_20]), c_0_17]), c_0_21])).
cnf(c_0_26,negated_conjecture,(reachable(esk1_1(initial_world),esk2_1(initial_world))), inference(csr,[status(thm)],[inference(sr,[status(thm)],[inference(spm,[status(thm)],[c_0_22, c_0_23]), c_0_24]), c_0_25])).
cnf(c_0_27,negated_conjecture,(p(esk2_1(X1))|reachable(esk2_1(X1),esk3_1(X1))|p(esk4_1(X1))|reachable(esk1_1(X1),esk5_1(X1))|~reachable(initial_world,X1)), inference(split_conjunct,[status(thm)],[c_0_4])).
cnf(c_0_28,negated_conjecture,(p(esk2_1(X1))|reachable(esk2_1(X1),esk3_1(X1))|p(esk4_1(X1))|q(esk5_1(X1))|~reachable(initial_world,X1)), inference(split_conjunct,[status(thm)],[c_0_4])).
fof(c_0_29, plain, (![X4]:![X5]:![X6]:((~reachable(X4,X5)|~reachable(X5,X6))|reachable(X4,X6))), inference(variable_rename,[status(thm)],[inference(fof_nnf,[status(thm)],[c_0_2])])).
cnf(c_0_30,negated_conjecture,(p(esk2_1(X1))|reachable(esk2_1(X1),esk3_1(X1))|reachable(esk1_1(X1),esk4_1(X1))|reachable(esk1_1(X1),esk5_1(X1))|~reachable(initial_world,X1)), inference(split_conjunct,[status(thm)],[c_0_4])).
cnf(c_0_31,negated_conjecture,(~p(esk2_1(initial_world))), inference(sr,[status(thm)],[inference(spm,[status(thm)],[c_0_22, c_0_26]), c_0_24])).
cnf(c_0_32,negated_conjecture,(p(esk2_1(X1))|reachable(esk2_1(X1),esk3_1(X1))|reachable(esk1_1(X1),esk4_1(X1))|q(esk5_1(X1))|~reachable(initial_world,X1)), inference(split_conjunct,[status(thm)],[c_0_4])).
cnf(c_0_33,negated_conjecture,(p(esk2_1(initial_world))|p(esk4_1(initial_world))|reachable(esk1_1(initial_world),esk5_1(initial_world))|reachable(esk2_1(initial_world),esk3_1(initial_world))), inference(spm,[status(thm)],[c_0_27, c_0_7])).
cnf(c_0_34,negated_conjecture,(q(esk5_1(initial_world))|p(esk2_1(initial_world))|p(esk4_1(initial_world))|reachable(esk2_1(initial_world),esk3_1(initial_world))), inference(spm,[status(thm)],[c_0_28, c_0_7])).
cnf(c_0_35,plain,(reachable(X1,X2)|~reachable(X3,X2)|~reachable(X1,X3)), inference(split_conjunct,[status(thm)],[c_0_29])).
cnf(c_0_36,negated_conjecture,(reachable(esk1_1(initial_world),esk4_1(initial_world))|reachable(esk1_1(initial_world),esk5_1(initial_world))|reachable(esk2_1(initial_world),esk3_1(initial_world))), inference(sr,[status(thm)],[inference(spm,[status(thm)],[c_0_30, c_0_7]), c_0_31])).
cnf(c_0_37,negated_conjecture,(p(esk2_1(X1))|q(esk3_1(X1))|reachable(esk1_1(X1),esk4_1(X1))|reachable(esk1_1(X1),esk5_1(X1))|~reachable(initial_world,X1)), inference(split_conjunct,[status(thm)],[c_0_4])).
cnf(c_0_38,negated_conjecture,(q(esk5_1(initial_world))|reachable(esk1_1(initial_world),esk4_1(initial_world))|reachable(esk2_1(initial_world),esk3_1(initial_world))), inference(sr,[status(thm)],[inference(spm,[status(thm)],[c_0_32, c_0_7]), c_0_31])).
cnf(c_0_39,negated_conjecture,(p(esk2_1(X1))|q(esk3_1(X1))|reachable(esk1_1(X1),esk4_1(X1))|q(esk5_1(X1))|~reachable(initial_world,X1)), inference(split_conjunct,[status(thm)],[c_0_4])).
cnf(c_0_40,negated_conjecture,(p(esk4_1(initial_world))|reachable(esk2_1(initial_world),esk3_1(initial_world))|reachable(esk1_1(initial_world),esk5_1(initial_world))), inference(sr,[status(thm)],[c_0_33, c_0_31])).
cnf(c_0_41,negated_conjecture,(p(esk2_1(X1))|q(esk3_1(X1))|p(esk4_1(X1))|reachable(esk1_1(X1),esk5_1(X1))|~reachable(initial_world,X1)), inference(split_conjunct,[status(thm)],[c_0_4])).
cnf(c_0_42,negated_conjecture,(q(esk5_1(initial_world))|p(esk4_1(initial_world))|reachable(esk2_1(initial_world),esk3_1(initial_world))), inference(sr,[status(thm)],[c_0_34, c_0_31])).
cnf(c_0_43,negated_conjecture,(p(esk2_1(X1))|q(esk3_1(X1))|p(esk4_1(X1))|q(esk5_1(X1))|~reachable(initial_world,X1)), inference(split_conjunct,[status(thm)],[c_0_4])).
cnf(c_0_44,negated_conjecture,(reachable(esk1_1(initial_world),esk5_1(initial_world))|reachable(esk1_1(initial_world),esk4_1(initial_world))|reachable(X1,esk3_1(initial_world))|~reachable(X1,esk2_1(initial_world))), inference(spm,[status(thm)],[c_0_35, c_0_36])).
cnf(c_0_45,negated_conjecture,(q(esk3_1(initial_world))|p(esk2_1(initial_world))|reachable(esk1_1(initial_world),esk4_1(initial_world))|reachable(esk1_1(initial_world),esk5_1(initial_world))), inference(spm,[status(thm)],[c_0_37, c_0_7])).
cnf(c_0_46,negated_conjecture,(q(esk5_1(initial_world))|reachable(esk1_1(initial_world),esk4_1(initial_world))|reachable(X1,esk3_1(initial_world))|~reachable(X1,esk2_1(initial_world))), inference(spm,[status(thm)],[c_0_35, c_0_38])).
cnf(c_0_47,negated_conjecture,(q(esk3_1(initial_world))|q(esk5_1(initial_world))|p(esk2_1(initial_world))|reachable(esk1_1(initial_world),esk4_1(initial_world))), inference(spm,[status(thm)],[c_0_39, c_0_7])).
cnf(c_0_48,negated_conjecture,(p(esk4_1(initial_world))|reachable(esk1_1(initial_world),esk5_1(initial_world))|reachable(X1,esk3_1(initial_world))|~reachable(X1,esk2_1(initial_world))), inference(spm,[status(thm)],[c_0_35, c_0_40])).
cnf(c_0_49,negated_conjecture,(q(esk3_1(initial_world))|p(esk2_1(initial_world))|p(esk4_1(initial_world))|reachable(esk1_1(initial_world),esk5_1(initial_world))), inference(spm,[status(thm)],[c_0_41, c_0_7])).
cnf(c_0_50,negated_conjecture,(q(esk5_1(initial_world))|p(esk4_1(initial_world))|reachable(X1,esk3_1(initial_world))|~reachable(X1,esk2_1(initial_world))), inference(spm,[status(thm)],[c_0_35, c_0_42])).
cnf(c_0_51,negated_conjecture,(q(esk3_1(initial_world))|q(esk5_1(initial_world))|p(esk2_1(initial_world))|p(esk4_1(initial_world))), inference(spm,[status(thm)],[c_0_43, c_0_7])).
cnf(c_0_52,negated_conjecture,(reachable(esk1_1(initial_world),esk3_1(initial_world))|reachable(esk1_1(initial_world),esk4_1(initial_world))|reachable(esk1_1(initial_world),esk5_1(initial_world))), inference(spm,[status(thm)],[c_0_44, c_0_26])).
cnf(c_0_53,negated_conjecture,(q(esk3_1(initial_world))|reachable(esk1_1(initial_world),esk5_1(initial_world))|reachable(esk1_1(initial_world),esk4_1(initial_world))), inference(sr,[status(thm)],[c_0_45, c_0_31])).
cnf(c_0_54,negated_conjecture,(q(esk5_1(initial_world))|reachable(esk1_1(initial_world),esk3_1(initial_world))|reachable(esk1_1(initial_world),esk4_1(initial_world))), inference(spm,[status(thm)],[c_0_46, c_0_26])).
cnf(c_0_55,negated_conjecture,(q(esk5_1(initial_world))|q(esk3_1(initial_world))|reachable(esk1_1(initial_world),esk4_1(initial_world))), inference(sr,[status(thm)],[c_0_47, c_0_31])).
cnf(c_0_56,negated_conjecture,(p(esk4_1(initial_world))|reachable(esk1_1(initial_world),esk3_1(initial_world))|reachable(esk1_1(initial_world),esk5_1(initial_world))), inference(spm,[status(thm)],[c_0_48, c_0_26])).
cnf(c_0_57,negated_conjecture,(q(esk3_1(initial_world))|p(esk4_1(initial_world))|reachable(esk1_1(initial_world),esk5_1(initial_world))), inference(sr,[status(thm)],[c_0_49, c_0_31])).
cnf(c_0_58,negated_conjecture,(q(esk5_1(initial_world))|p(esk4_1(initial_world))|reachable(esk1_1(initial_world),esk3_1(initial_world))), inference(spm,[status(thm)],[c_0_50, c_0_26])).
cnf(c_0_59,negated_conjecture,(q(esk5_1(initial_world))|q(esk3_1(initial_world))|p(esk4_1(initial_world))), inference(sr,[status(thm)],[c_0_51, c_0_31])).
cnf(c_0_60,negated_conjecture,(reachable(esk1_1(initial_world),esk5_1(initial_world))|reachable(esk1_1(initial_world),esk4_1(initial_world))), inference(csr,[status(thm)],[inference(sr,[status(thm)],[inference(spm,[status(thm)],[c_0_15, c_0_52]), c_0_17]), c_0_53])).
cnf(c_0_61,negated_conjecture,(q(esk5_1(initial_world))|reachable(esk1_1(initial_world),esk4_1(initial_world))), inference(csr,[status(thm)],[inference(sr,[status(thm)],[inference(spm,[status(thm)],[c_0_15, c_0_54]), c_0_17]), c_0_55])).
cnf(c_0_62,negated_conjecture,(p(esk4_1(initial_world))|reachable(esk1_1(initial_world),esk5_1(initial_world))), inference(csr,[status(thm)],[inference(sr,[status(thm)],[inference(spm,[status(thm)],[c_0_15, c_0_56]), c_0_17]), c_0_57])).
cnf(c_0_63,negated_conjecture,(q(esk5_1(initial_world))|p(esk4_1(initial_world))), inference(csr,[status(thm)],[inference(sr,[status(thm)],[inference(spm,[status(thm)],[c_0_15, c_0_58]), c_0_17]), c_0_59])).
cnf(c_0_64,negated_conjecture,(reachable(esk1_1(initial_world),esk4_1(initial_world))), inference(csr,[status(thm)],[inference(sr,[status(thm)],[inference(spm,[status(thm)],[c_0_15, c_0_60]), c_0_17]), c_0_61])).
cnf(c_0_65,negated_conjecture,(p(esk4_1(initial_world))), inference(csr,[status(thm)],[inference(sr,[status(thm)],[inference(spm,[status(thm)],[c_0_15, c_0_62]), c_0_17]), c_0_63])).
cnf(c_0_66,negated_conjecture,($false), inference(sr,[status(thm)],[inference(cn,[status(thm)],[inference(rw,[status(thm)],[inference(spm,[status(thm)],[c_0_22, c_0_64]), c_0_65])]), c_0_24]), ['proof']).
# SZS output end CNFRefutation.
EOF
