% Problem    : CSR027+3 : TPTP v6.1.0. Released v3.4.0.
% Command    : eprover --auto-schedule --tstp-format -s --proof-object --memory-limit=2048 --cpu-limit=%d %s
% Computer   : n108.star.cs.uiowa.edu
% Model      : x86_64 x86_64
% CPU        : Intel(R) Xeon(R) CPU E5-2609 0 @ 2.40GHz
% Memory     : 32286.75MB
% OS         : Linux 2.6.32-431.20.3.el6.x86_64
% CPULimit   : 300
% DateTime   : Sun Jul 20 04:54:51 CDT 2014
% CPUTime    : 
# No SInE strategy applied
# Trying AutoSched0 for 151 seconds
# AutoSched0-Mode selected heuristic G_E___107_C41_F1_PI_AE_Q4_CS_SP_PS_S0Y
# and selection function SelectMaxLComplexAvoidPosPred.
#
# Presaturation interreduction done

# Proof found!
# SZS status Theorem
# SZS output start CNFRefutation.
fof(c_0_0, conjecture, (?[X15]:(mtvisible(c_tptp_spindlecollectormt)=>(tptp_8_875(c_tptpnsubcollectionofwithrelationfromtypefnunitvectorintervaldirectionoftranslation_throughoutmovement_translationevent_786,X15)&tptpcol_16_31868(X15)))), file('/export/starexec/sandbox/benchmark/theBenchmark.p', query127)).
fof(c_0_1, axiom, (![X21]:![X22]:((mtvisible(X21)&genlmt(X21,X22))=>mtvisible(X22))), file('/export/starexec/sandbox/benchmark/Axioms/CSR002+2.ax', ax2_7997)).
fof(c_0_2, axiom, (![X15]:(isa(X15,c_tptpcol_16_31868)=>tptpcol_16_31868(X15))), file('/export/starexec/sandbox/benchmark/Axioms/CSR002+2.ax', ax2_7347)).
fof(c_0_3, axiom, (![X7]:((mtvisible(c_tptp_member2610_mt)&isa(X7,f_subcollectionofwithrelationfromtypefn(c_unitvectorinterval,c_directionoftranslation_throughout,c_movement_translationevent)))=>tptp_8_875(X7,f_relationallexistsfn(X7,c_tptp_8_875,f_subcollectionofwithrelationfromtypefn(c_unitvectorinterval,c_directionoftranslation_throughout,c_movement_translationevent),c_tptpcol_16_31868)))), file('/export/starexec/sandbox/benchmark/Axioms/CSR002+2.ax', ax2_406)).
fof(c_0_4, axiom, (genlmt(c_tptp_spindlecollectormt,c_tptp_member2610_mt)), file('/export/starexec/sandbox/benchmark/Axioms/CSR002+2.ax', ax2_1808)).
fof(c_0_5, axiom, ((mtvisible(c_tptp_member2610_mt)=>relationallexists(c_tptp_8_875,f_subcollectionofwithrelationfromtypefn(c_unitvectorinterval,c_directionoftranslation_throughout,c_movement_translationevent),c_tptpcol_16_31868))), file('/export/starexec/sandbox/benchmark/Axioms/CSR002+2.ax', ax2_407)).
fof(c_0_6, axiom, (isa(c_tptpnsubcollectionofwithrelationfromtypefnunitvectorintervaldirectionoftranslation_throughoutmovement_translationevent_786,f_subcollectionofwithrelationfromtypefn(c_unitvectorinterval,c_directionoftranslation_throughout,c_movement_translationevent))), file('/export/starexec/sandbox/benchmark/Axioms/CSR002+2.ax', ax2_1377)).
fof(c_0_7, axiom, (![X7]:![X8]:![X9]:![X10]:((isa(X7,X8)&relationallexists(X9,X8,X10))=>isa(f_relationallexistsfn(X7,X9,X8,X10),X10))), file('/export/starexec/sandbox/benchmark/Axioms/CSR002+2.ax', ax2_2981)).
fof(c_0_8, negated_conjecture, (~(?[X15]:(mtvisible(c_tptp_spindlecollectormt)=>(tptp_8_875(c_tptpnsubcollectionofwithrelationfromtypefnunitvectorintervaldirectionoftranslation_throughoutmovement_translationevent_786,X15)&tptpcol_16_31868(X15))))), inference(assume_negation,[status(cth)],[c_0_0])).
fof(c_0_9, plain, (![X23]:![X24]:((~mtvisible(X23)|~genlmt(X23,X24))|mtvisible(X24))), inference(variable_rename,[status(thm)],[inference(fof_nnf,[status(thm)],[c_0_1])])).
fof(c_0_10, negated_conjecture, (![X16]:(mtvisible(c_tptp_spindlecollectormt)&(~tptp_8_875(c_tptpnsubcollectionofwithrelationfromtypefnunitvectorintervaldirectionoftranslation_throughoutmovement_translationevent_786,X16)|~tptpcol_16_31868(X16)))), inference(shift_quantors,[status(thm)],[inference(variable_rename,[status(thm)],[inference(shift_quantors,[status(thm)],[inference(fof_nnf,[status(thm)],[c_0_8])])])])).
fof(c_0_11, plain, (![X16]:(~isa(X16,c_tptpcol_16_31868)|tptpcol_16_31868(X16))), inference(variable_rename,[status(thm)],[inference(fof_nnf,[status(thm)],[c_0_2])])).
fof(c_0_12, plain, (![X8]:((~mtvisible(c_tptp_member2610_mt)|~isa(X8,f_subcollectionofwithrelationfromtypefn(c_unitvectorinterval,c_directionoftranslation_throughout,c_movement_translationevent)))|tptp_8_875(X8,f_relationallexistsfn(X8,c_tptp_8_875,f_subcollectionofwithrelationfromtypefn(c_unitvectorinterval,c_directionoftranslation_throughout,c_movement_translationevent),c_tptpcol_16_31868)))), inference(variable_rename,[status(thm)],[inference(fof_nnf,[status(thm)],[c_0_3])])).
cnf(c_0_13,plain,(mtvisible(X1)|~genlmt(X2,X1)|~mtvisible(X2)), inference(split_conjunct,[status(thm)],[c_0_9])).
cnf(c_0_14,plain,(genlmt(c_tptp_spindlecollectormt,c_tptp_member2610_mt)), inference(split_conjunct,[status(thm)],[c_0_4])).
cnf(c_0_15,negated_conjecture,(mtvisible(c_tptp_spindlecollectormt)), inference(split_conjunct,[status(thm)],[c_0_10])).
cnf(c_0_16,negated_conjecture,(~tptpcol_16_31868(X1)|~tptp_8_875(c_tptpnsubcollectionofwithrelationfromtypefnunitvectorintervaldirectionoftranslation_throughoutmovement_translationevent_786,X1)), inference(split_conjunct,[status(thm)],[c_0_10])).
cnf(c_0_17,plain,(tptpcol_16_31868(X1)|~isa(X1,c_tptpcol_16_31868)), inference(split_conjunct,[status(thm)],[c_0_11])).
cnf(c_0_18,plain,(tptp_8_875(X1,f_relationallexistsfn(X1,c_tptp_8_875,f_subcollectionofwithrelationfromtypefn(c_unitvectorinterval,c_directionoftranslation_throughout,c_movement_translationevent),c_tptpcol_16_31868))|~isa(X1,f_subcollectionofwithrelationfromtypefn(c_unitvectorinterval,c_directionoftranslation_throughout,c_movement_translationevent))|~mtvisible(c_tptp_member2610_mt)), inference(split_conjunct,[status(thm)],[c_0_12])).
cnf(c_0_19,plain,(mtvisible(c_tptp_member2610_mt)), inference(cn,[status(thm)],[inference(rw,[status(thm)],[inference(spm,[status(thm)],[c_0_13, c_0_14]), c_0_15])])).
fof(c_0_20, plain, ((~mtvisible(c_tptp_member2610_mt)|relationallexists(c_tptp_8_875,f_subcollectionofwithrelationfromtypefn(c_unitvectorinterval,c_directionoftranslation_throughout,c_movement_translationevent),c_tptpcol_16_31868))), inference(fof_nnf,[status(thm)],[c_0_5])).
cnf(c_0_21,negated_conjecture,(~tptp_8_875(c_tptpnsubcollectionofwithrelationfromtypefnunitvectorintervaldirectionoftranslation_throughoutmovement_translationevent_786,X1)|~isa(X1,c_tptpcol_16_31868)), inference(spm,[status(thm)],[c_0_16, c_0_17])).
cnf(c_0_22,plain,(tptp_8_875(X1,f_relationallexistsfn(X1,c_tptp_8_875,f_subcollectionofwithrelationfromtypefn(c_unitvectorinterval,c_directionoftranslation_throughout,c_movement_translationevent),c_tptpcol_16_31868))|~isa(X1,f_subcollectionofwithrelationfromtypefn(c_unitvectorinterval,c_directionoftranslation_throughout,c_movement_translationevent))), inference(cn,[status(thm)],[inference(rw,[status(thm)],[c_0_18, c_0_19])])).
cnf(c_0_23,plain,(isa(c_tptpnsubcollectionofwithrelationfromtypefnunitvectorintervaldirectionoftranslation_throughoutmovement_translationevent_786,f_subcollectionofwithrelationfromtypefn(c_unitvectorinterval,c_directionoftranslation_throughout,c_movement_translationevent))), inference(split_conjunct,[status(thm)],[c_0_6])).
fof(c_0_24, plain, (![X11]:![X12]:![X13]:![X14]:((~isa(X11,X12)|~relationallexists(X13,X12,X14))|isa(f_relationallexistsfn(X11,X13,X12,X14),X14))), inference(variable_rename,[status(thm)],[inference(fof_nnf,[status(thm)],[c_0_7])])).
cnf(c_0_25,plain,(relationallexists(c_tptp_8_875,f_subcollectionofwithrelationfromtypefn(c_unitvectorinterval,c_directionoftranslation_throughout,c_movement_translationevent),c_tptpcol_16_31868)|~mtvisible(c_tptp_member2610_mt)), inference(split_conjunct,[status(thm)],[c_0_20])).
cnf(c_0_26,negated_conjecture,(~isa(f_relationallexistsfn(c_tptpnsubcollectionofwithrelationfromtypefnunitvectorintervaldirectionoftranslation_throughoutmovement_translationevent_786,c_tptp_8_875,f_subcollectionofwithrelationfromtypefn(c_unitvectorinterval,c_directionoftranslation_throughout,c_movement_translationevent),c_tptpcol_16_31868),c_tptpcol_16_31868)), inference(cn,[status(thm)],[inference(rw,[status(thm)],[inference(spm,[status(thm)],[c_0_21, c_0_22]), c_0_23])])).
cnf(c_0_27,plain,(isa(f_relationallexistsfn(X1,X2,X3,X4),X4)|~relationallexists(X2,X3,X4)|~isa(X1,X3)), inference(split_conjunct,[status(thm)],[c_0_24])).
cnf(c_0_28,plain,(relationallexists(c_tptp_8_875,f_subcollectionofwithrelationfromtypefn(c_unitvectorinterval,c_directionoftranslation_throughout,c_movement_translationevent),c_tptpcol_16_31868)), inference(cn,[status(thm)],[inference(rw,[status(thm)],[c_0_25, c_0_19])])).
cnf(c_0_29,negated_conjecture,($false), inference(cn,[status(thm)],[inference(rw,[status(thm)],[inference(rw,[status(thm)],[inference(spm,[status(thm)],[c_0_26, c_0_27]), c_0_28]), c_0_23])]), ['proof']).
# SZS output end CNFRefutation.
EOF
