% Problem    : CSR054+3 : TPTP v6.1.0. Released v3.4.0.
% Command    : eprover --auto-schedule --tstp-format -s --proof-object --memory-limit=2048 --cpu-limit=%d %s
% Computer   : n143.star.cs.uiowa.edu
% Model      : x86_64 x86_64
% CPU        : Intel(R) Xeon(R) CPU E5-2609 0 @ 2.40GHz
% Memory     : 32286.75MB
% OS         : Linux 2.6.32-431.20.3.el6.x86_64
% CPULimit   : 300
% DateTime   : Sun Jul 20 03:26:51 CDT 2014
% CPUTime    : 
# No SInE strategy applied
# Trying AutoSched0 for 151 seconds
# AutoSched0-Mode selected heuristic G_E___107_C41_F1_PI_AE_Q4_CS_SP_PS_S0Y
# and selection function SelectMaxLComplexAvoidPosPred.
#
# Presaturation interreduction done

# Proof found!
# SZS status Theorem
# SZS output start CNFRefutation.
fof(c_0_0, conjecture, (?[X15]:(mtvisible(c_currentworlddatacollectormt_nonhomocentric)=>tptpofobject(f_instancewithrelationtofn(c_airport_physical,c_airporthasiatacode,s_tlh),X15))), file('/export/starexec/sandbox/benchmark/theBenchmark.p', query154)).
fof(c_0_1, axiom, ((mtvisible(c_currentworlddatacollectormt_nonhomocentric)=>tptpofobject(f_instancewithrelationtofn(c_airport_physical,c_airporthasiatacode,s_tlh),f_tptpquantityfn_21(n_170)))), file('/export/starexec/sandbox/benchmark/Axioms/CSR002+2.ax', ax2_3985)).
fof(c_0_2, negated_conjecture, (~(?[X15]:(mtvisible(c_currentworlddatacollectormt_nonhomocentric)=>tptpofobject(f_instancewithrelationtofn(c_airport_physical,c_airporthasiatacode,s_tlh),X15)))), inference(assume_negation,[status(cth)],[c_0_0])).
fof(c_0_3, plain, ((~mtvisible(c_currentworlddatacollectormt_nonhomocentric)|tptpofobject(f_instancewithrelationtofn(c_airport_physical,c_airporthasiatacode,s_tlh),f_tptpquantityfn_21(n_170)))), inference(fof_nnf,[status(thm)],[c_0_1])).
fof(c_0_4, negated_conjecture, (![X16]:(mtvisible(c_currentworlddatacollectormt_nonhomocentric)&~tptpofobject(f_instancewithrelationtofn(c_airport_physical,c_airporthasiatacode,s_tlh),X16))), inference(shift_quantors,[status(thm)],[inference(variable_rename,[status(thm)],[inference(shift_quantors,[status(thm)],[inference(fof_nnf,[status(thm)],[c_0_2])])])])).
cnf(c_0_5,plain,(tptpofobject(f_instancewithrelationtofn(c_airport_physical,c_airporthasiatacode,s_tlh),f_tptpquantityfn_21(n_170))|~mtvisible(c_currentworlddatacollectormt_nonhomocentric)), inference(split_conjunct,[status(thm)],[c_0_3])).
cnf(c_0_6,negated_conjecture,(mtvisible(c_currentworlddatacollectormt_nonhomocentric)), inference(split_conjunct,[status(thm)],[c_0_4])).
cnf(c_0_7,negated_conjecture,(~tptpofobject(f_instancewithrelationtofn(c_airport_physical,c_airporthasiatacode,s_tlh),X1)), inference(split_conjunct,[status(thm)],[c_0_4])).
cnf(c_0_8,plain,($false), inference(sr,[status(thm)],[inference(cn,[status(thm)],[inference(rw,[status(thm)],[c_0_5, c_0_6])]), c_0_7]), ['proof']).
# SZS output end CNFRefutation.
EOF
