% Problem    : CSR056+3 : TPTP v6.1.0. Released v3.4.0.
% Command    : eprover --auto-schedule --tstp-format -s --proof-object --memory-limit=2048 --cpu-limit=%d %s
% Computer   : n113.star.cs.uiowa.edu
% Model      : x86_64 x86_64
% CPU        : Intel(R) Xeon(R) CPU E5-2609 0 @ 2.40GHz
% Memory     : 32286.75MB
% OS         : Linux 2.6.32-431.20.3.el6.x86_64
% CPULimit   : 300
% DateTime   : Sun Jul 20 05:00:31 CDT 2014
% CPUTime    : 
# No SInE strategy applied
# Trying AutoSched0 for 151 seconds
# AutoSched0-Mode selected heuristic G_E___107_C41_F1_PI_AE_Q4_CS_SP_PS_S0Y
# and selection function SelectMaxLComplexAvoidPosPred.
#
# Presaturation interreduction done

# Proof found!
# SZS status Theorem
# SZS output start CNFRefutation.
fof(c_0_0, conjecture, (?[X23]:(mtvisible(c_tptp_member3717_mt)=>tptpofobject(c_tptpartsupplies,X23))), file('/export/starexec/sandbox/benchmark/theBenchmark.p', query156)).
fof(c_0_1, axiom, (![X2]:((mtvisible(c_tptp_member3717_mt)&supplies(X2))=>tptpofobject(X2,f_tptpquantityfn_17(n_385)))), file('/export/starexec/sandbox/benchmark/Axioms/CSR002+2.ax', ax2_842)).
fof(c_0_2, axiom, (![X21]:![X22]:((mtvisible(X21)&genlmt(X21,X22))=>mtvisible(X22))), file('/export/starexec/sandbox/benchmark/Axioms/CSR002+2.ax', ax2_7997)).
fof(c_0_3, axiom, (![X1]:(artsupplies(X1)=>supplies(X1))), file('/export/starexec/sandbox/benchmark/Axioms/CSR002+2.ax', ax2_1480)).
fof(c_0_4, axiom, ((mtvisible(c_cyclistsmt)=>artsupplies(c_tptpartsupplies))), file('/export/starexec/sandbox/benchmark/Axioms/CSR002+2.ax', ax2_1986)).
fof(c_0_5, axiom, (genlmt(c_tptp_member3717_mt,c_tptp_spindleheadmt)), file('/export/starexec/sandbox/benchmark/Axioms/CSR002+2.ax', ax2_856)).
fof(c_0_6, axiom, (genlmt(c_tptp_spindleheadmt,c_cyclistsmt)), file('/export/starexec/sandbox/benchmark/Axioms/CSR002+2.ax', ax2_4288)).
fof(c_0_7, negated_conjecture, (~(?[X23]:(mtvisible(c_tptp_member3717_mt)=>tptpofobject(c_tptpartsupplies,X23)))), inference(assume_negation,[status(cth)],[c_0_0])).
fof(c_0_8, plain, (![X3]:((~mtvisible(c_tptp_member3717_mt)|~supplies(X3))|tptpofobject(X3,f_tptpquantityfn_17(n_385)))), inference(variable_rename,[status(thm)],[inference(fof_nnf,[status(thm)],[c_0_1])])).
fof(c_0_9, negated_conjecture, (![X24]:(mtvisible(c_tptp_member3717_mt)&~tptpofobject(c_tptpartsupplies,X24))), inference(shift_quantors,[status(thm)],[inference(variable_rename,[status(thm)],[inference(shift_quantors,[status(thm)],[inference(fof_nnf,[status(thm)],[c_0_7])])])])).
cnf(c_0_10,plain,(tptpofobject(X1,f_tptpquantityfn_17(n_385))|~supplies(X1)|~mtvisible(c_tptp_member3717_mt)), inference(split_conjunct,[status(thm)],[c_0_8])).
cnf(c_0_11,negated_conjecture,(mtvisible(c_tptp_member3717_mt)), inference(split_conjunct,[status(thm)],[c_0_9])).
fof(c_0_12, plain, (![X23]:![X24]:((~mtvisible(X23)|~genlmt(X23,X24))|mtvisible(X24))), inference(variable_rename,[status(thm)],[inference(fof_nnf,[status(thm)],[c_0_2])])).
fof(c_0_13, plain, (![X2]:(~artsupplies(X2)|supplies(X2))), inference(variable_rename,[status(thm)],[inference(fof_nnf,[status(thm)],[c_0_3])])).
fof(c_0_14, plain, ((~mtvisible(c_cyclistsmt)|artsupplies(c_tptpartsupplies))), inference(fof_nnf,[status(thm)],[c_0_4])).
cnf(c_0_15,negated_conjecture,(~tptpofobject(c_tptpartsupplies,X1)), inference(split_conjunct,[status(thm)],[c_0_9])).
cnf(c_0_16,plain,(tptpofobject(X1,f_tptpquantityfn_17(n_385))|~supplies(X1)), inference(cn,[status(thm)],[inference(rw,[status(thm)],[c_0_10, c_0_11])])).
cnf(c_0_17,plain,(mtvisible(X1)|~genlmt(X2,X1)|~mtvisible(X2)), inference(split_conjunct,[status(thm)],[c_0_12])).
cnf(c_0_18,plain,(genlmt(c_tptp_member3717_mt,c_tptp_spindleheadmt)), inference(split_conjunct,[status(thm)],[c_0_5])).
cnf(c_0_19,plain,(supplies(X1)|~artsupplies(X1)), inference(split_conjunct,[status(thm)],[c_0_13])).
cnf(c_0_20,plain,(artsupplies(c_tptpartsupplies)|~mtvisible(c_cyclistsmt)), inference(split_conjunct,[status(thm)],[c_0_14])).
cnf(c_0_21,negated_conjecture,(~supplies(c_tptpartsupplies)), inference(spm,[status(thm)],[c_0_15, c_0_16])).
cnf(c_0_22,plain,(genlmt(c_tptp_spindleheadmt,c_cyclistsmt)), inference(split_conjunct,[status(thm)],[c_0_6])).
cnf(c_0_23,plain,(mtvisible(c_tptp_spindleheadmt)), inference(cn,[status(thm)],[inference(rw,[status(thm)],[inference(spm,[status(thm)],[c_0_17, c_0_18]), c_0_11])])).
cnf(c_0_24,plain,(~mtvisible(c_cyclistsmt)), inference(sr,[status(thm)],[inference(spm,[status(thm)],[c_0_19, c_0_20]), c_0_21])).
cnf(c_0_25,plain,($false), inference(sr,[status(thm)],[inference(cn,[status(thm)],[inference(rw,[status(thm)],[inference(spm,[status(thm)],[c_0_17, c_0_22]), c_0_23])]), c_0_24]), ['proof']).
# SZS output end CNFRefutation.
EOF
