% Problem    : CSR040+3 : TPTP v6.1.0. Released v3.4.0.
% Command    : eprover --auto-schedule --tstp-format -s --proof-object --memory-limit=2048 --cpu-limit=%d %s
% Computer   : n116.star.cs.uiowa.edu
% Model      : x86_64 x86_64
% CPU        : Intel(R) Xeon(R) CPU E5-2609 0 @ 2.40GHz
% Memory     : 32286.75MB
% OS         : Linux 2.6.32-431.20.3.el6.x86_64
% CPULimit   : 300
% DateTime   : Sun Jul 20 03:52:36 CDT 2014
% CPUTime    : 
# No SInE strategy applied
# Trying AutoSched0 for 151 seconds
# AutoSched0-Mode selected heuristic G_E___107_C41_F1_PI_AE_Q4_CS_SP_PS_S0Y
# and selection function SelectMaxLComplexAvoidPosPred.
#
# Presaturation interreduction done

# Proof found!
# SZS status Theorem
# SZS output start CNFRefutation.
fof(c_0_0, axiom, (![X1]:(tptpcol_6_108546(X1)=>tptpcol_5_106498(X1))), file('/export/starexec/sandbox/benchmark/Axioms/CSR002+2.ax', ax2_3061)).
fof(c_0_1, axiom, (![X1]:(tptpcol_7_108547(X1)=>tptpcol_6_108546(X1))), file('/export/starexec/sandbox/benchmark/Axioms/CSR002+2.ax', ax2_1247)).
fof(c_0_2, axiom, (![X1]:(tptpcol_10_109061(X1)=>tptpcol_9_109060(X1))), file('/export/starexec/sandbox/benchmark/Axioms/CSR002+2.ax', ax2_3252)).
fof(c_0_3, axiom, (![X1]:(tptpcol_11_109125(X1)=>tptpcol_10_109061(X1))), file('/export/starexec/sandbox/benchmark/Axioms/CSR002+2.ax', ax2_1102)).
fof(c_0_4, axiom, (![X1]:(tptpcol_5_106498(X1)=>tptpcol_4_106497(X1))), file('/export/starexec/sandbox/benchmark/Axioms/CSR002+2.ax', ax2_1096)).
fof(c_0_5, axiom, (![X1]:(tptpcol_12_109157(X1)=>tptpcol_11_109125(X1))), file('/export/starexec/sandbox/benchmark/Axioms/CSR002+2.ax', ax2_2336)).
fof(c_0_6, axiom, (![X1]:(tptpcol_8_109059(X1)=>tptpcol_7_108547(X1))), file('/export/starexec/sandbox/benchmark/Axioms/CSR002+2.ax', ax2_645)).
fof(c_0_7, axiom, (![X1]:(tptpcol_9_109060(X1)=>tptpcol_8_109059(X1))), file('/export/starexec/sandbox/benchmark/Axioms/CSR002+2.ax', ax2_1981)).
fof(c_0_8, conjecture, ((mtvisible(f_contentmtofcdafromeventfn(f_urlreferentfn(f_urlfn(s_http_wwwthedailybulletincompostcardsmar9chtm)),c_translation_14))=>~(tptpcol_15_109185(c_tptpcol_16_62187)))), file('/export/starexec/sandbox/benchmark/theBenchmark.p', query140)).
fof(c_0_9, axiom, (![X1]:(tptpcol_15_109185(X1)=>tptpcol_14_109181(X1))), file('/export/starexec/sandbox/benchmark/Axioms/CSR002+2.ax', ax2_634)).
fof(c_0_10, axiom, (![X1]:(tptpcol_13_109173(X1)=>tptpcol_12_109157(X1))), file('/export/starexec/sandbox/benchmark/Axioms/CSR002+2.ax', ax2_119)).
fof(c_0_11, axiom, (![X1]:(tptpcol_14_109181(X1)=>tptpcol_13_109173(X1))), file('/export/starexec/sandbox/benchmark/Axioms/CSR002+2.ax', ax2_1400)).
fof(c_0_12, axiom, (![X1]:(fixedordercollection(X1)=>collection(X1))), file('/export/starexec/sandbox/benchmark/Axioms/CSR002+2.ax', ax2_477)).
fof(c_0_13, axiom, (![X1]:(firstordercollection(X1)=>fixedordercollection(X1))), file('/export/starexec/sandbox/benchmark/Axioms/CSR002+2.ax', ax2_3241)).
fof(c_0_14, axiom, (![X1]:(tptpcol_2_98304(X1)=>tptpcol_1_65536(X1))), file('/export/starexec/sandbox/benchmark/Axioms/CSR002+2.ax', ax2_1282)).
fof(c_0_15, axiom, (![X1]:(tptpcol_3_98305(X1)=>tptpcol_2_98304(X1))), file('/export/starexec/sandbox/benchmark/Axioms/CSR002+2.ax', ax2_1444)).
fof(c_0_16, axiom, (![X1]:(tptpcol_4_106497(X1)=>tptpcol_3_98305(X1))), file('/export/starexec/sandbox/benchmark/Axioms/CSR002+2.ax', ax2_2475)).
fof(c_0_17, axiom, (![X1]:(tptpcol_0_0(X1)=>individual(X1))), file('/export/starexec/sandbox/benchmark/Axioms/CSR002+2.ax', ax2_179)).
fof(c_0_18, axiom, (![X1]:(tptpcol_1_65536(X1)=>tptpcol_0_0(X1))), file('/export/starexec/sandbox/benchmark/Axioms/CSR002+2.ax', ax2_678)).
fof(c_0_19, axiom, (![X1]:~((collection(X1)&individual(X1)))), file('/export/starexec/sandbox/benchmark/Axioms/CSR002+2.ax', ax2_3089)).
fof(c_0_20, axiom, (firstordercollection(c_tptpcol_16_62187)), file('/export/starexec/sandbox/benchmark/Axioms/CSR002+2.ax', ax2_3081)).
fof(c_0_21, plain, (![X2]:(~tptpcol_6_108546(X2)|tptpcol_5_106498(X2))), inference(variable_rename,[status(thm)],[inference(fof_nnf,[status(thm)],[c_0_0])])).
fof(c_0_22, plain, (![X2]:(~tptpcol_7_108547(X2)|tptpcol_6_108546(X2))), inference(variable_rename,[status(thm)],[inference(fof_nnf,[status(thm)],[c_0_1])])).
fof(c_0_23, plain, (![X2]:(~tptpcol_10_109061(X2)|tptpcol_9_109060(X2))), inference(variable_rename,[status(thm)],[inference(fof_nnf,[status(thm)],[c_0_2])])).
fof(c_0_24, plain, (![X2]:(~tptpcol_11_109125(X2)|tptpcol_10_109061(X2))), inference(variable_rename,[status(thm)],[inference(fof_nnf,[status(thm)],[c_0_3])])).
fof(c_0_25, plain, (![X2]:(~tptpcol_5_106498(X2)|tptpcol_4_106497(X2))), inference(variable_rename,[status(thm)],[inference(fof_nnf,[status(thm)],[c_0_4])])).
cnf(c_0_26,plain,(tptpcol_5_106498(X1)|~tptpcol_6_108546(X1)), inference(split_conjunct,[status(thm)],[c_0_21])).
cnf(c_0_27,plain,(tptpcol_6_108546(X1)|~tptpcol_7_108547(X1)), inference(split_conjunct,[status(thm)],[c_0_22])).
cnf(c_0_28,plain,(tptpcol_9_109060(X1)|~tptpcol_10_109061(X1)), inference(split_conjunct,[status(thm)],[c_0_23])).
cnf(c_0_29,plain,(tptpcol_10_109061(X1)|~tptpcol_11_109125(X1)), inference(split_conjunct,[status(thm)],[c_0_24])).
fof(c_0_30, plain, (![X2]:(~tptpcol_12_109157(X2)|tptpcol_11_109125(X2))), inference(variable_rename,[status(thm)],[inference(fof_nnf,[status(thm)],[c_0_5])])).
cnf(c_0_31,plain,(tptpcol_4_106497(X1)|~tptpcol_5_106498(X1)), inference(split_conjunct,[status(thm)],[c_0_25])).
cnf(c_0_32,plain,(tptpcol_5_106498(X1)|~tptpcol_7_108547(X1)), inference(spm,[status(thm)],[c_0_26, c_0_27])).
fof(c_0_33, plain, (![X2]:(~tptpcol_8_109059(X2)|tptpcol_7_108547(X2))), inference(variable_rename,[status(thm)],[inference(fof_nnf,[status(thm)],[c_0_6])])).
fof(c_0_34, plain, (![X2]:(~tptpcol_9_109060(X2)|tptpcol_8_109059(X2))), inference(variable_rename,[status(thm)],[inference(fof_nnf,[status(thm)],[c_0_7])])).
cnf(c_0_35,plain,(tptpcol_9_109060(X1)|~tptpcol_11_109125(X1)), inference(spm,[status(thm)],[c_0_28, c_0_29])).
cnf(c_0_36,plain,(tptpcol_11_109125(X1)|~tptpcol_12_109157(X1)), inference(split_conjunct,[status(thm)],[c_0_30])).
fof(c_0_37, negated_conjecture, (~((mtvisible(f_contentmtofcdafromeventfn(f_urlreferentfn(f_urlfn(s_http_wwwthedailybulletincompostcardsmar9chtm)),c_translation_14))=>~tptpcol_15_109185(c_tptpcol_16_62187)))), inference(fof_simplification,[status(thm)],[inference(assume_negation,[status(cth)],[c_0_8])])).
cnf(c_0_38,plain,(tptpcol_4_106497(X1)|~tptpcol_7_108547(X1)), inference(spm,[status(thm)],[c_0_31, c_0_32])).
cnf(c_0_39,plain,(tptpcol_7_108547(X1)|~tptpcol_8_109059(X1)), inference(split_conjunct,[status(thm)],[c_0_33])).
cnf(c_0_40,plain,(tptpcol_8_109059(X1)|~tptpcol_9_109060(X1)), inference(split_conjunct,[status(thm)],[c_0_34])).
cnf(c_0_41,plain,(tptpcol_9_109060(X1)|~tptpcol_12_109157(X1)), inference(spm,[status(thm)],[c_0_35, c_0_36])).
fof(c_0_42, plain, (![X2]:(~tptpcol_15_109185(X2)|tptpcol_14_109181(X2))), inference(variable_rename,[status(thm)],[inference(fof_nnf,[status(thm)],[c_0_9])])).
fof(c_0_43, negated_conjecture, ((mtvisible(f_contentmtofcdafromeventfn(f_urlreferentfn(f_urlfn(s_http_wwwthedailybulletincompostcardsmar9chtm)),c_translation_14))&tptpcol_15_109185(c_tptpcol_16_62187))), inference(fof_nnf,[status(thm)],[c_0_37])).
cnf(c_0_44,plain,(tptpcol_4_106497(X1)|~tptpcol_8_109059(X1)), inference(spm,[status(thm)],[c_0_38, c_0_39])).
cnf(c_0_45,plain,(tptpcol_8_109059(X1)|~tptpcol_12_109157(X1)), inference(spm,[status(thm)],[c_0_40, c_0_41])).
fof(c_0_46, plain, (![X2]:(~tptpcol_13_109173(X2)|tptpcol_12_109157(X2))), inference(variable_rename,[status(thm)],[inference(fof_nnf,[status(thm)],[c_0_10])])).
fof(c_0_47, plain, (![X2]:(~tptpcol_14_109181(X2)|tptpcol_13_109173(X2))), inference(variable_rename,[status(thm)],[inference(fof_nnf,[status(thm)],[c_0_11])])).
cnf(c_0_48,plain,(tptpcol_14_109181(X1)|~tptpcol_15_109185(X1)), inference(split_conjunct,[status(thm)],[c_0_42])).
cnf(c_0_49,negated_conjecture,(tptpcol_15_109185(c_tptpcol_16_62187)), inference(split_conjunct,[status(thm)],[c_0_43])).
cnf(c_0_50,plain,(tptpcol_4_106497(X1)|~tptpcol_12_109157(X1)), inference(spm,[status(thm)],[c_0_44, c_0_45])).
cnf(c_0_51,plain,(tptpcol_12_109157(X1)|~tptpcol_13_109173(X1)), inference(split_conjunct,[status(thm)],[c_0_46])).
cnf(c_0_52,plain,(tptpcol_13_109173(X1)|~tptpcol_14_109181(X1)), inference(split_conjunct,[status(thm)],[c_0_47])).
cnf(c_0_53,negated_conjecture,(tptpcol_14_109181(c_tptpcol_16_62187)), inference(spm,[status(thm)],[c_0_48, c_0_49])).
fof(c_0_54, plain, (![X2]:(~fixedordercollection(X2)|collection(X2))), inference(variable_rename,[status(thm)],[inference(fof_nnf,[status(thm)],[c_0_12])])).
fof(c_0_55, plain, (![X2]:(~firstordercollection(X2)|fixedordercollection(X2))), inference(variable_rename,[status(thm)],[inference(fof_nnf,[status(thm)],[c_0_13])])).
fof(c_0_56, plain, (![X2]:(~tptpcol_2_98304(X2)|tptpcol_1_65536(X2))), inference(variable_rename,[status(thm)],[inference(fof_nnf,[status(thm)],[c_0_14])])).
fof(c_0_57, plain, (![X2]:(~tptpcol_3_98305(X2)|tptpcol_2_98304(X2))), inference(variable_rename,[status(thm)],[inference(fof_nnf,[status(thm)],[c_0_15])])).
fof(c_0_58, plain, (![X2]:(~tptpcol_4_106497(X2)|tptpcol_3_98305(X2))), inference(variable_rename,[status(thm)],[inference(fof_nnf,[status(thm)],[c_0_16])])).
cnf(c_0_59,plain,(tptpcol_4_106497(X1)|~tptpcol_13_109173(X1)), inference(spm,[status(thm)],[c_0_50, c_0_51])).
cnf(c_0_60,negated_conjecture,(tptpcol_13_109173(c_tptpcol_16_62187)), inference(spm,[status(thm)],[c_0_52, c_0_53])).
cnf(c_0_61,plain,(collection(X1)|~fixedordercollection(X1)), inference(split_conjunct,[status(thm)],[c_0_54])).
cnf(c_0_62,plain,(fixedordercollection(X1)|~firstordercollection(X1)), inference(split_conjunct,[status(thm)],[c_0_55])).
fof(c_0_63, plain, (![X2]:(~tptpcol_0_0(X2)|individual(X2))), inference(variable_rename,[status(thm)],[inference(fof_nnf,[status(thm)],[c_0_17])])).
fof(c_0_64, plain, (![X2]:(~tptpcol_1_65536(X2)|tptpcol_0_0(X2))), inference(variable_rename,[status(thm)],[inference(fof_nnf,[status(thm)],[c_0_18])])).
cnf(c_0_65,plain,(tptpcol_1_65536(X1)|~tptpcol_2_98304(X1)), inference(split_conjunct,[status(thm)],[c_0_56])).
cnf(c_0_66,plain,(tptpcol_2_98304(X1)|~tptpcol_3_98305(X1)), inference(split_conjunct,[status(thm)],[c_0_57])).
cnf(c_0_67,plain,(tptpcol_3_98305(X1)|~tptpcol_4_106497(X1)), inference(split_conjunct,[status(thm)],[c_0_58])).
cnf(c_0_68,negated_conjecture,(tptpcol_4_106497(c_tptpcol_16_62187)), inference(spm,[status(thm)],[c_0_59, c_0_60])).
fof(c_0_69, plain, (![X2]:(~collection(X2)|~individual(X2))), inference(variable_rename,[status(thm)],[inference(fof_nnf,[status(thm)],[c_0_19])])).
cnf(c_0_70,plain,(collection(X1)|~firstordercollection(X1)), inference(spm,[status(thm)],[c_0_61, c_0_62])).
cnf(c_0_71,plain,(firstordercollection(c_tptpcol_16_62187)), inference(split_conjunct,[status(thm)],[c_0_20])).
cnf(c_0_72,plain,(individual(X1)|~tptpcol_0_0(X1)), inference(split_conjunct,[status(thm)],[c_0_63])).
cnf(c_0_73,plain,(tptpcol_0_0(X1)|~tptpcol_1_65536(X1)), inference(split_conjunct,[status(thm)],[c_0_64])).
cnf(c_0_74,plain,(tptpcol_1_65536(X1)|~tptpcol_3_98305(X1)), inference(spm,[status(thm)],[c_0_65, c_0_66])).
cnf(c_0_75,negated_conjecture,(tptpcol_3_98305(c_tptpcol_16_62187)), inference(spm,[status(thm)],[c_0_67, c_0_68])).
cnf(c_0_76,plain,(~individual(X1)|~collection(X1)), inference(split_conjunct,[status(thm)],[c_0_69])).
cnf(c_0_77,plain,(collection(c_tptpcol_16_62187)), inference(spm,[status(thm)],[c_0_70, c_0_71])).
cnf(c_0_78,plain,(individual(X1)|~tptpcol_1_65536(X1)), inference(spm,[status(thm)],[c_0_72, c_0_73])).
cnf(c_0_79,negated_conjecture,(tptpcol_1_65536(c_tptpcol_16_62187)), inference(spm,[status(thm)],[c_0_74, c_0_75])).
cnf(c_0_80,plain,(~individual(c_tptpcol_16_62187)), inference(spm,[status(thm)],[c_0_76, c_0_77])).
cnf(c_0_81,negated_conjecture,($false), inference(sr,[status(thm)],[inference(spm,[status(thm)],[c_0_78, c_0_79]), c_0_80]), ['proof']).
# SZS output end CNFRefutation.
EOF
