% Problem    : SYN353+1 : TPTP v6.1.0. Released v2.0.0.
% Command    : eprover --auto-schedule --tstp-format -s --proof-object --memory-limit=2048 --cpu-limit=%d %s
% Computer   : n115.star.cs.uiowa.edu
% Model      : x86_64 x86_64
% CPU        : Intel(R) Xeon(R) CPU E5-2609 0 @ 2.40GHz
% Memory     : 32286.75MB
% OS         : Linux 2.6.32-431.20.3.el6.x86_64
% CPULimit   : 300
% DateTime   : Sun Jul 20 04:35:41 CDT 2014
% CPUTime    : 
# No SInE strategy applied
# Trying AutoSched0 for 151 seconds
# AutoSched0-Mode selected heuristic G_E___207_C18_F1_PI_S0Y
# and selection function SelectMaxLComplexAvoidPosPred.
#

# Proof found!
# SZS status Theorem
# SZS output start CNFRefutation.
fof(c_0_0, conjecture, (![X1]:?[X2]:?[X3]:?[X4]:![X5]:((big_f(X2,X3,X4)=>(big_f(X1,X1,X5)=>(big_f(X3,X4,X2)|big_f(X4,X2,X3))))=>(((big_f(X4,X2,X3)=>(big_f(X2,X3,X4)&big_f(X3,X4,X2)))<=>big_f(X3,X2,X5))=>(((big_f(X3,X4,X2)=>(big_f(X2,X3,X4)&big_f(X4,X2,X3)))<=>big_f(X2,X5,X3))=>((((big_f(X4,X2,X3)=>~(big_f(X3,X4,X2)))=>big_f(X2,X3,X4))<=>big_f(X5,X3,X2))=>(((big_f(X2,X3,X4)&big_f(X3,X4,X2))&big_f(X4,X2,X3))<=>big_f(X5,X5,X5))))))), file('/export/starexec/sandbox/benchmark/theBenchmark.p', church_46_18_5)).
fof(c_0_1, negated_conjecture, (~(![X1]:?[X2]:?[X3]:?[X4]:![X5]:((big_f(X2,X3,X4)=>(big_f(X1,X1,X5)=>(big_f(X3,X4,X2)|big_f(X4,X2,X3))))=>(((big_f(X4,X2,X3)=>(big_f(X2,X3,X4)&big_f(X3,X4,X2)))<=>big_f(X3,X2,X5))=>(((big_f(X3,X4,X2)=>(big_f(X2,X3,X4)&big_f(X4,X2,X3)))<=>big_f(X2,X5,X3))=>((((big_f(X4,X2,X3)=>~big_f(X3,X4,X2))=>big_f(X2,X3,X4))<=>big_f(X5,X3,X2))=>(((big_f(X2,X3,X4)&big_f(X3,X4,X2))&big_f(X4,X2,X3))<=>big_f(X5,X5,X5)))))))), inference(fof_simplification,[status(thm)],[inference(assume_negation,[status(cth)],[c_0_0])])).
fof(c_0_2, negated_conjecture, (![X7]:![X8]:![X9]:((~big_f(X7,X8,X9)|(~big_f(esk1_0,esk1_0,esk2_3(X7,X8,X9))|(big_f(X8,X9,X7)|big_f(X9,X7,X8))))&((((big_f(X9,X7,X8)|big_f(X8,X7,esk2_3(X7,X8,X9)))&((~big_f(X7,X8,X9)|~big_f(X8,X9,X7))|big_f(X8,X7,esk2_3(X7,X8,X9))))&(((big_f(X7,X8,X9)|~big_f(X9,X7,X8))|~big_f(X8,X7,esk2_3(X7,X8,X9)))&((big_f(X8,X9,X7)|~big_f(X9,X7,X8))|~big_f(X8,X7,esk2_3(X7,X8,X9)))))&((((big_f(X8,X9,X7)|big_f(X7,esk2_3(X7,X8,X9),X8))&((~big_f(X7,X8,X9)|~big_f(X9,X7,X8))|big_f(X7,esk2_3(X7,X8,X9),X8)))&(((big_f(X7,X8,X9)|~big_f(X8,X9,X7))|~big_f(X7,esk2_3(X7,X8,X9),X8))&((big_f(X9,X7,X8)|~big_f(X8,X9,X7))|~big_f(X7,esk2_3(X7,X8,X9),X8))))&(((((~big_f(X9,X7,X8)|~big_f(X8,X9,X7))|big_f(esk2_3(X7,X8,X9),X8,X7))&(~big_f(X7,X8,X9)|big_f(esk2_3(X7,X8,X9),X8,X7)))&(((big_f(X9,X7,X8)|big_f(X7,X8,X9))|~big_f(esk2_3(X7,X8,X9),X8,X7))&((big_f(X8,X9,X7)|big_f(X7,X8,X9))|~big_f(esk2_3(X7,X8,X9),X8,X7))))&((((~big_f(X7,X8,X9)|~big_f(X8,X9,X7))|~big_f(X9,X7,X8))|~big_f(esk2_3(X7,X8,X9),esk2_3(X7,X8,X9),esk2_3(X7,X8,X9)))&(((big_f(X7,X8,X9)|big_f(esk2_3(X7,X8,X9),esk2_3(X7,X8,X9),esk2_3(X7,X8,X9)))&(big_f(X8,X9,X7)|big_f(esk2_3(X7,X8,X9),esk2_3(X7,X8,X9),esk2_3(X7,X8,X9))))&(big_f(X9,X7,X8)|big_f(esk2_3(X7,X8,X9),esk2_3(X7,X8,X9),esk2_3(X7,X8,X9)))))))))), inference(distribute,[status(thm)],[inference(skolemize,[status(esa)],[inference(variable_rename,[status(thm)],[inference(fof_nnf,[status(thm)],[c_0_1])])])])).
cnf(c_0_3,negated_conjecture,(big_f(X1,X2,X3)|big_f(X3,X1,X2)|~big_f(esk1_0,esk1_0,esk2_3(X2,X3,X1))|~big_f(X2,X3,X1)), inference(split_conjunct,[status(thm)],[c_0_2])).
cnf(c_0_4,negated_conjecture,(big_f(X1,X2,esk2_3(X2,X1,X3))|big_f(X3,X2,X1)), inference(split_conjunct,[status(thm)],[c_0_2])).
cnf(c_0_5,negated_conjecture,(big_f(esk1_0,X1,esk1_0)|big_f(X1,esk1_0,esk1_0)|~big_f(esk1_0,esk1_0,X1)), inference(pm,[status(thm)],[c_0_3, c_0_4])).
cnf(c_0_6,negated_conjecture,(big_f(X1,X2,X3)|big_f(X3,X1,X2)|~big_f(esk2_3(X1,X2,X3),X2,X1)), inference(split_conjunct,[status(thm)],[c_0_2])).
cnf(c_0_7,negated_conjecture,(big_f(esk1_0,esk2_3(esk1_0,esk1_0,X1),esk1_0)|big_f(esk2_3(esk1_0,esk1_0,X1),esk1_0,esk1_0)|big_f(X1,esk1_0,esk1_0)), inference(pm,[status(thm)],[c_0_5, c_0_4])).
cnf(c_0_8,negated_conjecture,(big_f(X1,X2,X3)|~big_f(X1,esk2_3(X1,X2,X3),X2)|~big_f(X2,X3,X1)), inference(split_conjunct,[status(thm)],[c_0_2])).
cnf(c_0_9,negated_conjecture,(big_f(esk1_0,esk2_3(esk1_0,esk1_0,X1),esk1_0)|big_f(X1,esk1_0,esk1_0)|big_f(esk1_0,esk1_0,X1)), inference(pm,[status(thm)],[c_0_6, c_0_7])).
cnf(c_0_10,negated_conjecture,(big_f(esk1_0,esk1_0,X1)|big_f(X1,esk1_0,esk1_0)|~big_f(esk1_0,X1,esk1_0)), inference(pm,[status(thm)],[c_0_8, c_0_9])).
cnf(c_0_11,negated_conjecture,(big_f(X1,esk2_3(X1,X2,X3),X2)|big_f(X2,X3,X1)), inference(split_conjunct,[status(thm)],[c_0_2])).
cnf(c_0_12,negated_conjecture,(big_f(X1,X2,X3)|big_f(X2,X3,X1)|~big_f(esk2_3(X1,X2,X3),X2,X1)), inference(split_conjunct,[status(thm)],[c_0_2])).
cnf(c_0_13,negated_conjecture,(big_f(esk1_0,esk1_0,esk2_3(esk1_0,esk1_0,X1))|big_f(esk2_3(esk1_0,esk1_0,X1),esk1_0,esk1_0)|big_f(esk1_0,X1,esk1_0)), inference(pm,[status(thm)],[c_0_10, c_0_11])).
cnf(c_0_14,negated_conjecture,(big_f(X2,X1,X3)|~big_f(X1,X2,esk2_3(X2,X1,X3))|~big_f(X3,X2,X1)), inference(split_conjunct,[status(thm)],[c_0_2])).
cnf(c_0_15,negated_conjecture,(big_f(esk1_0,esk1_0,esk2_3(esk1_0,esk1_0,X1))|big_f(esk1_0,X1,esk1_0)|big_f(esk1_0,esk1_0,X1)), inference(pm,[status(thm)],[c_0_12, c_0_13])).
cnf(c_0_16,negated_conjecture,(big_f(esk1_0,esk1_0,X1)|big_f(esk1_0,X1,esk1_0)|~big_f(X1,esk1_0,esk1_0)), inference(pm,[status(thm)],[c_0_14, c_0_15])).
cnf(c_0_17,negated_conjecture,(big_f(esk2_3(X1,X2,X3),X2,X1)|~big_f(X2,X3,X1)|~big_f(X3,X1,X2)), inference(split_conjunct,[status(thm)],[c_0_2])).
cnf(c_0_18,negated_conjecture,(big_f(esk1_0,esk1_0,esk2_3(esk1_0,esk1_0,X1))|big_f(esk1_0,esk2_3(esk1_0,esk1_0,X1),esk1_0)|~big_f(X1,esk1_0,esk1_0)|~big_f(esk1_0,X1,esk1_0)), inference(pm,[status(thm)],[c_0_16, c_0_17])).
cnf(c_0_19,negated_conjecture,(big_f(esk1_0,esk1_0,esk2_3(esk1_0,esk1_0,X1))|big_f(esk1_0,esk1_0,X1)|~big_f(esk1_0,X1,esk1_0)|~big_f(X1,esk1_0,esk1_0)), inference(pm,[status(thm)],[c_0_8, c_0_18])).
cnf(c_0_20,negated_conjecture,(big_f(esk1_0,esk1_0,X1)|~big_f(X1,esk1_0,esk1_0)|~big_f(esk1_0,X1,esk1_0)), inference(pm,[status(thm)],[c_0_14, c_0_19])).
cnf(c_0_21,negated_conjecture,(big_f(esk1_0,esk1_0,esk2_3(esk1_0,esk1_0,X1))|big_f(esk1_0,X1,esk1_0)|~big_f(esk1_0,esk2_3(esk1_0,esk1_0,X1),esk1_0)), inference(pm,[status(thm)],[c_0_20, c_0_13])).
cnf(c_0_22,negated_conjecture,(big_f(X1,X3,X2)|~big_f(X1,X2,esk2_3(X2,X1,X3))|~big_f(X3,X2,X1)), inference(split_conjunct,[status(thm)],[c_0_2])).
cnf(c_0_23,negated_conjecture,(big_f(esk1_0,esk1_0,esk2_3(esk1_0,esk1_0,X1))|big_f(esk1_0,X1,esk1_0)), inference(pm,[status(thm)],[c_0_21, c_0_11])).
cnf(c_0_24,negated_conjecture,(big_f(esk1_0,X1,esk1_0)|~big_f(X1,esk1_0,esk1_0)), inference(pm,[status(thm)],[c_0_22, c_0_23])).
cnf(c_0_25,negated_conjecture,(big_f(X3,X1,X2)|~big_f(X1,esk2_3(X1,X2,X3),X2)|~big_f(X2,X3,X1)), inference(split_conjunct,[status(thm)],[c_0_2])).
cnf(c_0_26,negated_conjecture,(big_f(esk1_0,esk2_3(esk1_0,esk1_0,X1),esk1_0)|big_f(X1,esk1_0,esk1_0)), inference(pm,[status(thm)],[c_0_24, c_0_7])).
cnf(c_0_27,negated_conjecture,(big_f(X1,esk1_0,esk1_0)|~big_f(esk1_0,X1,esk1_0)), inference(pm,[status(thm)],[c_0_25, c_0_26])).
cnf(c_0_28,negated_conjecture,(big_f(esk2_3(esk1_0,esk1_0,X1),esk1_0,esk1_0)|big_f(X1,esk1_0,esk1_0)), inference(pm,[status(thm)],[c_0_27, c_0_26])).
cnf(c_0_29,negated_conjecture,(big_f(X1,esk1_0,esk1_0)|big_f(esk1_0,esk1_0,X1)), inference(pm,[status(thm)],[c_0_6, c_0_28])).
cnf(c_0_30,negated_conjecture,(big_f(esk2_3(esk1_0,esk1_0,X1),esk1_0,esk1_0)|big_f(esk1_0,X1,esk1_0)), inference(pm,[status(thm)],[c_0_27, c_0_11])).
cnf(c_0_31,negated_conjecture,(big_f(esk1_0,esk1_0,X1)|~big_f(esk1_0,X1,esk1_0)), inference(pm,[status(thm)],[c_0_20, c_0_29])).
cnf(c_0_32,negated_conjecture,(big_f(esk1_0,X1,esk1_0)|big_f(esk1_0,esk1_0,X1)), inference(pm,[status(thm)],[c_0_12, c_0_30])).
cnf(c_0_33,negated_conjecture,(big_f(esk1_0,esk1_0,X1)), inference(pm,[status(thm)],[c_0_31, c_0_32])).
cnf(c_0_34,negated_conjecture,(big_f(esk1_0,X1,esk1_0)|big_f(X1,esk1_0,esk1_0)), inference(cn,[status(thm)],[inference(rw,[status(thm)],[c_0_5, c_0_33])])).
cnf(c_0_35,negated_conjecture,(big_f(X1,X2,X3)|big_f(X2,X3,X1)|~big_f(X3,X1,X2)), inference(cn,[status(thm)],[inference(rw,[status(thm)],[c_0_3, c_0_33])])).
cnf(c_0_36,negated_conjecture,(big_f(esk2_3(X1,X2,X3),X2,X1)|~big_f(X1,X2,X3)), inference(split_conjunct,[status(thm)],[c_0_2])).
cnf(c_0_37,negated_conjecture,(big_f(esk1_0,X1,esk1_0)), inference(pm,[status(thm)],[c_0_24, c_0_34])).
cnf(c_0_38,negated_conjecture,(big_f(X1,X2,esk2_3(X2,X1,X3))|big_f(X2,esk2_3(X2,X1,X3),X1)|~big_f(X2,X1,X3)), inference(pm,[status(thm)],[c_0_35, c_0_36])).
cnf(c_0_39,negated_conjecture,(big_f(X1,esk1_0,esk1_0)), inference(cn,[status(thm)],[inference(rw,[status(thm)],[c_0_27, c_0_37])])).
cnf(c_0_40,negated_conjecture,(big_f(esk1_0,X1,esk2_3(X1,esk1_0,esk1_0))|big_f(X1,esk2_3(X1,esk1_0,esk1_0),esk1_0)), inference(pm,[status(thm)],[c_0_38, c_0_39])).
cnf(c_0_41,negated_conjecture,(big_f(X1,X2,esk2_3(X2,X1,X3))|big_f(X2,esk2_3(X2,X1,X3),X1)|~big_f(X3,X2,X1)|~big_f(X1,X3,X2)), inference(pm,[status(thm)],[c_0_35, c_0_17])).
cnf(c_0_42,negated_conjecture,(big_f(esk2_3(X1,esk1_0,esk1_0),esk1_0,X1)|big_f(esk1_0,X1,esk2_3(X1,esk1_0,esk1_0))), inference(pm,[status(thm)],[c_0_35, c_0_40])).
cnf(c_0_43,negated_conjecture,(big_f(X1,esk1_0,esk2_3(esk1_0,X1,esk2_3(X1,esk1_0,esk1_0)))|big_f(esk1_0,esk2_3(esk1_0,X1,esk2_3(X1,esk1_0,esk1_0)),X1)|big_f(esk1_0,X1,esk2_3(X1,esk1_0,esk1_0))|~big_f(X1,esk2_3(X1,esk1_0,esk1_0),esk1_0)), inference(pm,[status(thm)],[c_0_41, c_0_42])).
cnf(c_0_44,negated_conjecture,(big_f(X1,esk2_3(X1,X2,X3),X2)|~big_f(X3,X1,X2)|~big_f(X1,X2,X3)), inference(split_conjunct,[status(thm)],[c_0_2])).
cnf(c_0_45,negated_conjecture,(big_f(X1,esk1_0,esk2_3(esk1_0,X1,esk2_3(X1,esk1_0,esk1_0)))|big_f(esk1_0,esk2_3(esk1_0,X1,esk2_3(X1,esk1_0,esk1_0)),X1)|big_f(esk1_0,X1,esk2_3(X1,esk1_0,esk1_0))), inference(cn,[status(thm)],[inference(rw,[status(thm)],[inference(rw,[status(thm)],[inference(pm,[status(thm)],[c_0_43, c_0_44]), c_0_37]), c_0_39])])).
cnf(c_0_46,negated_conjecture,(big_f(X1,esk1_0,esk2_3(esk1_0,X1,esk2_3(X1,esk1_0,esk1_0)))|big_f(esk1_0,X1,esk2_3(X1,esk1_0,esk1_0))|~big_f(X1,esk2_3(X1,esk1_0,esk1_0),esk1_0)), inference(pm,[status(thm)],[c_0_8, c_0_45])).
cnf(c_0_47,negated_conjecture,(big_f(esk1_0,X1,esk2_3(X1,esk1_0,esk1_0))|~big_f(esk2_3(X1,esk1_0,esk1_0),esk1_0,X1)|~big_f(X1,esk2_3(X1,esk1_0,esk1_0),esk1_0)), inference(pm,[status(thm)],[c_0_14, c_0_46])).
cnf(c_0_48,negated_conjecture,(big_f(X1,X2,esk2_3(X2,X1,X3))|~big_f(X1,X3,X2)|~big_f(X2,X1,X3)), inference(split_conjunct,[status(thm)],[c_0_2])).
cnf(c_0_49,negated_conjecture,(big_f(esk1_0,X1,esk2_3(X1,esk1_0,esk1_0))|~big_f(X1,esk2_3(X1,esk1_0,esk1_0),esk1_0)), inference(cn,[status(thm)],[inference(rw,[status(thm)],[inference(pm,[status(thm)],[c_0_47, c_0_36]), c_0_39])])).
cnf(c_0_50,negated_conjecture,(big_f(X1,X2,esk2_3(X2,X1,esk2_3(X1,X2,X3)))|big_f(X2,esk2_3(X2,X1,esk2_3(X1,X2,X3)),X1)|~big_f(X1,X2,X3)|~big_f(X2,X3,X1)), inference(pm,[status(thm)],[c_0_38, c_0_48])).
cnf(c_0_51,negated_conjecture,(big_f(esk1_0,X1,esk2_3(X1,esk1_0,esk1_0))), inference(cn,[status(thm)],[inference(rw,[status(thm)],[inference(rw,[status(thm)],[inference(pm,[status(thm)],[c_0_49, c_0_44]), c_0_37]), c_0_39])])).
cnf(c_0_52,negated_conjecture,(big_f(esk1_0,X1,esk2_3(X1,esk1_0,esk2_3(esk1_0,X1,esk2_3(X1,esk1_0,esk1_0))))|big_f(X1,esk2_3(X1,esk1_0,esk2_3(esk1_0,X1,esk2_3(X1,esk1_0,esk1_0))),esk1_0)|~big_f(X1,esk2_3(X1,esk1_0,esk1_0),esk1_0)), inference(pm,[status(thm)],[c_0_50, c_0_51])).
cnf(c_0_53,negated_conjecture,(big_f(esk1_0,X1,esk2_3(X1,esk1_0,esk2_3(esk1_0,X1,esk2_3(X1,esk1_0,esk1_0))))|big_f(X1,esk2_3(X1,esk1_0,esk2_3(esk1_0,X1,esk2_3(X1,esk1_0,esk1_0))),esk1_0)), inference(cn,[status(thm)],[inference(rw,[status(thm)],[inference(rw,[status(thm)],[inference(pm,[status(thm)],[c_0_52, c_0_44]), c_0_37]), c_0_39])])).
cnf(c_0_54,negated_conjecture,(big_f(esk1_0,X1,esk2_3(X1,esk1_0,esk2_3(esk1_0,X1,esk2_3(X1,esk1_0,esk1_0))))|big_f(X1,esk1_0,esk2_3(esk1_0,X1,esk2_3(X1,esk1_0,esk1_0)))|~big_f(esk1_0,esk2_3(esk1_0,X1,esk2_3(X1,esk1_0,esk1_0)),X1)), inference(pm,[status(thm)],[c_0_8, c_0_53])).
cnf(c_0_55,negated_conjecture,(big_f(X1,esk2_3(X2,X1,X3),esk2_3(esk2_3(X2,X1,X3),X1,X2))|big_f(esk2_3(X2,X1,X3),esk2_3(esk2_3(X2,X1,X3),X1,X2),X1)|big_f(X1,X3,X2)|~big_f(X1,X2,esk2_3(X2,X1,X3))), inference(pm,[status(thm)],[c_0_41, c_0_11])).
cnf(c_0_56,negated_conjecture,(big_f(X1,esk1_0,esk2_3(esk1_0,X1,esk2_3(X1,esk1_0,esk1_0)))|~big_f(esk2_3(esk1_0,X1,esk2_3(X1,esk1_0,esk1_0)),X1,esk1_0)|~big_f(esk1_0,esk2_3(esk1_0,X1,esk2_3(X1,esk1_0,esk1_0)),X1)), inference(pm,[status(thm)],[c_0_14, c_0_54])).
cnf(c_0_57,negated_conjecture,(big_f(X1,esk2_3(X2,X1,X3),esk2_3(esk2_3(X2,X1,X3),X1,X2))|big_f(esk2_3(X2,X1,X3),X1,X2)|big_f(X1,X3,X2)|~big_f(X1,X2,esk2_3(X2,X1,X3))), inference(pm,[status(thm)],[c_0_8, c_0_55])).
cnf(c_0_58,negated_conjecture,(big_f(X1,esk1_0,esk2_3(esk1_0,X1,esk2_3(X1,esk1_0,esk1_0)))|~big_f(esk1_0,esk2_3(esk1_0,X1,esk2_3(X1,esk1_0,esk1_0)),X1)), inference(cn,[status(thm)],[inference(rw,[status(thm)],[inference(pm,[status(thm)],[c_0_56, c_0_36]), c_0_51])])).
cnf(c_0_59,negated_conjecture,(big_f(X1,esk1_0,esk2_3(esk1_0,X1,esk2_3(X1,esk1_0,esk1_0)))|big_f(esk1_0,esk2_3(esk1_0,X1,esk2_3(X1,esk1_0,esk1_0)),X1)), inference(pm,[status(thm)],[c_0_38, c_0_51])).
cnf(c_0_60,negated_conjecture,(big_f(esk2_3(X1,X2,X3),X2,X1)|big_f(X2,X3,X1)|~big_f(X1,esk2_3(X1,X2,X3),X2)|~big_f(X2,X1,esk2_3(X1,X2,X3))), inference(pm,[status(thm)],[c_0_14, c_0_57])).
cnf(c_0_61,negated_conjecture,(big_f(X1,esk1_0,esk2_3(esk1_0,X1,esk2_3(X1,esk1_0,esk1_0)))), inference(pm,[status(thm)],[c_0_58, c_0_59])).
cnf(c_0_62,negated_conjecture,(big_f(X1,X2,X3)|big_f(X3,X1,X2)|~big_f(X3,esk2_3(X3,X1,X2),X1)|~big_f(X1,X3,esk2_3(X3,X1,X2))), inference(pm,[status(thm)],[c_0_12, c_0_60])).
cnf(c_0_63,negated_conjecture,(big_f(esk2_3(X1,X2,X3),X2,X1)|big_f(X2,X1,esk2_3(X1,X2,X3))|big_f(X2,X3,X1)), inference(pm,[status(thm)],[c_0_35, c_0_11])).
cnf(c_0_64,negated_conjecture,(big_f(X1,esk2_3(X1,esk1_0,esk1_0),esk1_0)|~big_f(esk2_3(X1,esk1_0,esk1_0),esk1_0,X1)), inference(pm,[status(thm)],[c_0_22, c_0_61])).
cnf(c_0_65,negated_conjecture,(big_f(X1,X2,X3)|big_f(X3,X1,X2)|~big_f(X1,X3,esk2_3(X3,X1,X2))), inference(pm,[status(thm)],[c_0_62, c_0_11])).
cnf(c_0_66,negated_conjecture,(big_f(X1,X2,esk2_3(X2,X1,X3))|big_f(X1,X3,X2)|big_f(X2,X1,X3)), inference(pm,[status(thm)],[c_0_12, c_0_63])).
cnf(c_0_67,negated_conjecture,(big_f(X1,esk2_3(X1,esk1_0,esk1_0),esk1_0)), inference(cn,[status(thm)],[inference(rw,[status(thm)],[inference(pm,[status(thm)],[c_0_64, c_0_36]), c_0_39])])).
cnf(c_0_68,negated_conjecture,(big_f(X1,X2,X3)|big_f(X3,X1,X2)), inference(pm,[status(thm)],[c_0_65, c_0_66])).
cnf(c_0_69,negated_conjecture,(big_f(esk1_0,esk2_3(X1,esk1_0,esk1_0),esk2_3(esk2_3(X1,esk1_0,esk1_0),esk1_0,X1))|big_f(esk2_3(X1,esk1_0,esk1_0),esk2_3(esk2_3(X1,esk1_0,esk1_0),esk1_0,X1),esk1_0)), inference(cn,[status(thm)],[inference(rw,[status(thm)],[inference(pm,[status(thm)],[c_0_41, c_0_67]), c_0_51])])).
cnf(c_0_70,negated_conjecture,(~big_f(esk2_3(X1,X2,X3),esk2_3(X1,X2,X3),esk2_3(X1,X2,X3))|~big_f(X3,X1,X2)|~big_f(X2,X3,X1)|~big_f(X1,X2,X3)), inference(split_conjunct,[status(thm)],[c_0_2])).
cnf(c_0_71,negated_conjecture,(big_f(X1,X1,X1)), inference(ef,[status(thm)],[c_0_68])).
cnf(c_0_72,negated_conjecture,(big_f(esk1_0,esk2_3(X1,esk1_0,esk1_0),esk2_3(esk2_3(X1,esk1_0,esk1_0),esk1_0,X1))|big_f(esk2_3(X1,esk1_0,esk1_0),esk1_0,X1)), inference(cn,[status(thm)],[inference(rw,[status(thm)],[inference(pm,[status(thm)],[c_0_8, c_0_69]), c_0_51])])).
cnf(c_0_73,negated_conjecture,(~big_f(X1,X2,X3)|~big_f(X3,X1,X2)|~big_f(X2,X3,X1)), inference(cn,[status(thm)],[inference(rw,[status(thm)],[c_0_70, c_0_71])])).
cnf(c_0_74,negated_conjecture,(big_f(esk2_3(X1,esk1_0,esk1_0),esk1_0,X1)), inference(cn,[status(thm)],[inference(rw,[status(thm)],[inference(pm,[status(thm)],[c_0_14, c_0_72]), c_0_67])])).
cnf(c_0_75,negated_conjecture,($false), inference(cn,[status(thm)],[inference(rw,[status(thm)],[inference(rw,[status(thm)],[inference(pm,[status(thm)],[c_0_73, c_0_74]), c_0_67]), c_0_51])]), ['proof']).
# SZS output end CNFRefutation.
EOF
