% Problem    : CSR115+76 : TPTP v6.1.0. Released v4.0.0.
% Command    : eprover --auto-schedule --tstp-format -s --proof-object --memory-limit=2048 --cpu-limit=%d %s
% Computer   : n105.star.cs.uiowa.edu
% Model      : x86_64 x86_64
% CPU        : Intel(R) Xeon(R) CPU E5-2609 0 @ 2.40GHz
% Memory     : 32286.75MB
% OS         : Linux 2.6.32-431.20.3.el6.x86_64
% CPULimit   : 300
% DateTime   : Sun Jul 20 03:37:56 CDT 2014
% CPUTime    : 
# SinE strategy is gf500_h_gu_R04_F100_L20000
# Trying AutoSched0 for 151 seconds
# AutoSched0-Mode selected heuristic G_E___208_C18_F1_SE_CS_SP_PS_S0YP
# and selection function SelectMaxLComplexAvoidPosPred.
#
# Presaturation interreduction done

# Proof found!
# SZS status Theorem
# SZS output start CNFRefutation.
fof(c_0_0, conjecture, (?[X1]:?[X2]:?[X3]:?[X4]:?[X5]:?[X6]:?[X7]:((((((((((agt(X5,X4)&attr(X1,X2))&attr(X4,X3))&attr(X6,X7))&sub(X2,name_1_1))&sub(X1,firma_1_1))&sub(X3,name_1_1))&sub(X7,jahr__1_1))&temp(X5,X6))&val(X2,bmw_0))&val(X3,bmw_0))), file('/export/starexec/sandbox/benchmark/theBenchmark.p', synth_qa07_007_mira_wp_486)).
fof(c_0_1, hypothesis, (((((((((((((((((((((((((((((((((((((((((((((((((((((((((((((((((((((((((((((((((((((((((((((((((((((((((((((((((((((((((((((((((((((((((((((((((((((((((((((((((((((((((((((((((((((((((((((((((((((attr(c401,c402)&prop(c401,aufmerksam_1_1))&sub(c401,firma_1_1))&sub(c402,name_1_1))&val(c402,bmw_0))&agt(c410,c401))&obj(c410,c403))&rslt(c410,c497))&semrel(c410,c8))&subs(c410,verpflichten_2_2))&temp(c410,c490))&attr(c490,c491))&sub(c491,jahr__1_1))&val(c491,c486))&sub(c493,werksfahrer_1_1))&arg1(c497,c403))&arg2(c497,c493))&subr(c497,rprs_0))&agt(c498,c493))&subs(c498,fahren_1_2))&arg1(c500,c401))&arg2(c500,aufmerksam_1_1))&subr(c500,prop_0))&ante(c6,c8))&preds(c6,rennerfolg_1_1))&prop(c6,weit_1_1))&dur(c8,c403))&rslt(c8,c500))&subs(c8,werden_1_1))&assoc(rennerfolg_1_1,rennen_1_1))&subs(rennerfolg_1_1,erfolg__1_1))&assoc(werksfahrer_1_1,kunstwerk_1_1))&sub(werksfahrer_1_1,fahrer__1_1))&sort(c401,d))&sort(c401,io))&card(c401,int1))&etype(c401,int0))&fact(c401,real))&gener(c401,sp))&quant(c401,one))&refer(c401,det))&varia(c401,con))&sort(c402,na))&card(c402,int1))&etype(c402,int0))&fact(c402,real))&gener(c402,sp))&quant(c402,one))&refer(c402,indet))&varia(c402,varia_c))&sort(aufmerksam_1_1,nq))&sort(firma_1_1,d))&sort(firma_1_1,io))&card(firma_1_1,int1))&etype(firma_1_1,int0))&fact(firma_1_1,real))&gener(firma_1_1,ge))&quant(firma_1_1,one))&refer(firma_1_1,refer_c))&varia(firma_1_1,varia_c))&sort(name_1_1,na))&card(name_1_1,int1))&etype(name_1_1,int0))&fact(name_1_1,real))&gener(name_1_1,ge))&quant(name_1_1,one))&refer(name_1_1,refer_c))&varia(name_1_1,varia_c))&sort(bmw_0,fe))&sort(c410,da))&fact(c410,real))&gener(c410,sp))&sort(c403,o))&card(c403,int1))&etype(c403,int0))&fact(c403,real))&gener(c403,sp))&quant(c403,one))&refer(c403,det))&varia(c403,varia_c))&sort(c497,st))&fact(c497,real))&gener(c497,sp))&sort(c8,dn))&fact(c8,real))&gener(c8,sp))&sort(verpflichten_2_2,da))&fact(verpflichten_2_2,real))&gener(verpflichten_2_2,ge))&sort(c490,t))&card(c490,int1))&etype(c490,int0))&fact(c490,real))&gener(c490,sp))&quant(c490,one))&refer(c490,det))&varia(c490,con))&sort(c491,me))&sort(c491,oa))&sort(c491,ta))&card(c491,card_c))&etype(c491,etype_c))&fact(c491,real))&gener(c491,sp))&quant(c491,quant_c))&refer(c491,refer_c))&varia(c491,varia_c))&sort(jahr__1_1,me))&sort(jahr__1_1,oa))&sort(jahr__1_1,ta))&card(jahr__1_1,card_c))&etype(jahr__1_1,etype_c))&fact(jahr__1_1,real))&gener(jahr__1_1,ge))&quant(jahr__1_1,quant_c))&refer(jahr__1_1,refer_c))&varia(jahr__1_1,varia_c))&sort(c486,nu))&card(c486,int1926))&sort(c493,d))&card(c493,int1))&etype(c493,int0))&fact(c493,real))&gener(c493,sp))&quant(c493,one))&refer(c493,indet))&varia(c493,varia_c))&sort(werksfahrer_1_1,d))&card(werksfahrer_1_1,int1))&etype(werksfahrer_1_1,int0))&fact(werksfahrer_1_1,real))&gener(werksfahrer_1_1,ge))&quant(werksfahrer_1_1,one))&refer(werksfahrer_1_1,refer_c))&varia(werksfahrer_1_1,varia_c))&sort(rprs_0,st))&fact(rprs_0,real))&gener(rprs_0,gener_c))&sort(c498,da))&fact(c498,real))&gener(c498,sp))&sort(fahren_1_2,da))&fact(fahren_1_2,real))&gener(fahren_1_2,ge))&sort(c500,st))&fact(c500,real))&gener(c500,sp))&sort(prop_0,st))&fact(prop_0,real))&gener(prop_0,gener_c))&sort(c6,as))&card(c6,cons(x_constant,cons(int1,nil))))&etype(c6,int1))&fact(c6,real))&gener(c6,gener_c))&quant(c6,mult))&refer(c6,refer_c))&varia(c6,varia_c))&sort(rennerfolg_1_1,as))&card(rennerfolg_1_1,int1))&etype(rennerfolg_1_1,int0))&fact(rennerfolg_1_1,real))&gener(rennerfolg_1_1,ge))&quant(rennerfolg_1_1,one))&refer(rennerfolg_1_1,refer_c))&varia(rennerfolg_1_1,varia_c))&sort(weit_1_1,mq))&sort(werden_1_1,dn))&fact(werden_1_1,real))&gener(werden_1_1,ge))&sort(rennen_1_1,da))&fact(rennen_1_1,real))&gener(rennen_1_1,ge))&sort(erfolg__1_1,as))&card(erfolg__1_1,int1))&etype(erfolg__1_1,int0))&fact(erfolg__1_1,real))&gener(erfolg__1_1,ge))&quant(erfolg__1_1,one))&refer(erfolg__1_1,refer_c))&varia(erfolg__1_1,varia_c))&sort(kunstwerk_1_1,io))&card(kunstwerk_1_1,card_c))&etype(kunstwerk_1_1,int1))&fact(kunstwerk_1_1,real))&gener(kunstwerk_1_1,ge))&quant(kunstwerk_1_1,quant_c))&refer(kunstwerk_1_1,refer_c))&varia(kunstwerk_1_1,varia_c))&sort(fahrer__1_1,d))&card(fahrer__1_1,int1))&etype(fahrer__1_1,int0))&fact(fahrer__1_1,real))&gener(fahrer__1_1,ge))&quant(fahrer__1_1,one))&refer(fahrer__1_1,refer_c))&varia(fahrer__1_1,varia_c))), file('/export/starexec/sandbox/benchmark/theBenchmark.p', ave07_era5_synth_qa07_007_mira_wp_486)).
fof(c_0_2, negated_conjecture, (~(?[X1]:?[X2]:?[X3]:?[X4]:?[X5]:?[X6]:?[X7]:((((((((((agt(X5,X4)&attr(X1,X2))&attr(X4,X3))&attr(X6,X7))&sub(X2,name_1_1))&sub(X1,firma_1_1))&sub(X3,name_1_1))&sub(X7,jahr__1_1))&temp(X5,X6))&val(X2,bmw_0))&val(X3,bmw_0)))), inference(assume_negation,[status(cth)],[c_0_0])).
fof(c_0_3, negated_conjecture, (![X8]:![X9]:![X10]:![X11]:![X12]:![X13]:![X14]:((((((((((~agt(X12,X11)|~attr(X8,X9))|~attr(X11,X10))|~attr(X13,X14))|~sub(X9,name_1_1))|~sub(X8,firma_1_1))|~sub(X10,name_1_1))|~sub(X14,jahr__1_1))|~temp(X12,X13))|~val(X9,bmw_0))|~val(X10,bmw_0))), inference(shift_quantors,[status(thm)],[inference(variable_rename,[status(thm)],[inference(shift_quantors,[status(thm)],[inference(fof_nnf,[status(thm)],[c_0_2])])])])).
cnf(c_0_4,negated_conjecture,(~val(X1,bmw_0)|~val(X2,bmw_0)|~temp(X3,X4)|~sub(X5,jahr__1_1)|~sub(X1,name_1_1)|~sub(X6,firma_1_1)|~sub(X2,name_1_1)|~attr(X4,X5)|~attr(X7,X1)|~attr(X6,X2)|~agt(X3,X7)), inference(split_conjunct,[status(thm)],[c_0_3])).
cnf(c_0_5,hypothesis,(val(c402,bmw_0)), inference(split_conjunct,[status(thm)],[c_0_1])).
cnf(c_0_6,hypothesis,(sub(c402,name_1_1)), inference(split_conjunct,[status(thm)],[c_0_1])).
cnf(c_0_7,hypothesis,(~val(X1,bmw_0)|~attr(X2,c402)|~attr(X3,X1)|~attr(X4,X5)|~agt(X6,X3)|~temp(X6,X4)|~sub(X2,firma_1_1)|~sub(X5,jahr__1_1)|~sub(X1,name_1_1)), inference(cn,[status(thm)],[inference(rw,[status(thm)],[inference(spm,[status(thm)],[c_0_4, c_0_5]), c_0_6])])).
cnf(c_0_8,hypothesis,(~attr(X1,c402)|~attr(X2,c402)|~attr(X3,X4)|~agt(X5,X2)|~temp(X5,X3)|~sub(X1,firma_1_1)|~sub(X4,jahr__1_1)), inference(cn,[status(thm)],[inference(rw,[status(thm)],[inference(spm,[status(thm)],[c_0_7, c_0_5]), c_0_6])])).
cnf(c_0_9,hypothesis,(attr(c401,c402)), inference(split_conjunct,[status(thm)],[c_0_1])).
cnf(c_0_10,hypothesis,(sub(c401,firma_1_1)), inference(split_conjunct,[status(thm)],[c_0_1])).
cnf(c_0_11,hypothesis,(~attr(X1,c402)|~attr(X2,X3)|~agt(X4,X1)|~temp(X4,X2)|~sub(X3,jahr__1_1)), inference(cn,[status(thm)],[inference(rw,[status(thm)],[inference(spm,[status(thm)],[c_0_8, c_0_9]), c_0_10])])).
cnf(c_0_12,hypothesis,(~attr(X1,X2)|~agt(X3,c401)|~temp(X3,X1)|~sub(X2,jahr__1_1)), inference(spm,[status(thm)],[c_0_11, c_0_9])).
cnf(c_0_13,hypothesis,(attr(c490,c491)), inference(split_conjunct,[status(thm)],[c_0_1])).
cnf(c_0_14,hypothesis,(sub(c491,jahr__1_1)), inference(split_conjunct,[status(thm)],[c_0_1])).
cnf(c_0_15,hypothesis,(~agt(X1,c401)|~temp(X1,c490)), inference(cn,[status(thm)],[inference(rw,[status(thm)],[inference(spm,[status(thm)],[c_0_12, c_0_13]), c_0_14])])).
cnf(c_0_16,hypothesis,(temp(c410,c490)), inference(split_conjunct,[status(thm)],[c_0_1])).
cnf(c_0_17,hypothesis,(agt(c410,c401)), inference(split_conjunct,[status(thm)],[c_0_1])).
cnf(c_0_18,hypothesis,($false), inference(cn,[status(thm)],[inference(rw,[status(thm)],[inference(spm,[status(thm)],[c_0_15, c_0_16]), c_0_17])]), ['proof']).
# SZS output end CNFRefutation.
EOF
