% Problem    : CSR063+3 : TPTP v6.1.0. Released v3.4.0.
% Command    : eprover --auto-schedule --tstp-format -s --proof-object --memory-limit=2048 --cpu-limit=%d %s
% Computer   : n116.star.cs.uiowa.edu
% Model      : x86_64 x86_64
% CPU        : Intel(R) Xeon(R) CPU E5-2609 0 @ 2.40GHz
% Memory     : 32286.75MB
% OS         : Linux 2.6.32-431.20.3.el6.x86_64
% CPULimit   : 300
% DateTime   : Sun Jul 20 03:33:21 CDT 2014
% CPUTime    : 
# No SInE strategy applied
# Trying AutoSched0 for 151 seconds
# AutoSched0-Mode selected heuristic G_E___107_C41_F1_PI_AE_Q4_CS_SP_PS_S0Y
# and selection function SelectMaxLComplexAvoidPosPred.
#
# Presaturation interreduction done

# Proof found!
# SZS status Theorem
# SZS output start CNFRefutation.
fof(c_0_0, axiom, (![X2]:![X4]:(disjointwith(X2,X4)=>collection(X2))), file('/export/starexec/sandbox/benchmark/Axioms/CSR002+2.ax', ax2_7583)).
fof(c_0_1, conjecture, (~(disjointwith(f_urlreferentfn(f_urlfn(s_http_fwsistercitiesorgpdfsmbabanembabane20activity20pages2pdf)),c_tptpcol_16_118949))), file('/export/starexec/sandbox/benchmark/theBenchmark.p', query163)).
fof(c_0_2, axiom, (![X1]:~((collection(X1)&individual(X1)))), file('/export/starexec/sandbox/benchmark/Axioms/CSR002+2.ax', ax2_3089)).
fof(c_0_3, axiom, (individual(f_urlreferentfn(f_urlfn(s_http_fwsistercitiesorgpdfsmbabanembabane20activity20pages2pdf)))), file('/export/starexec/sandbox/benchmark/Axioms/CSR002+2.ax', ax2_2866)).
fof(c_0_4, plain, (![X5]:![X6]:(~disjointwith(X5,X6)|collection(X5))), inference(shift_quantors,[status(thm)],[inference(variable_rename,[status(thm)],[inference(shift_quantors,[status(thm)],[inference(fof_nnf,[status(thm)],[c_0_0])])])])).
fof(c_0_5, negated_conjecture, (disjointwith(f_urlreferentfn(f_urlfn(s_http_fwsistercitiesorgpdfsmbabanembabane20activity20pages2pdf)),c_tptpcol_16_118949)), inference(fof_simplification,[status(thm)],[inference(assume_negation,[status(cth)],[c_0_1])])).
fof(c_0_6, plain, (![X2]:(~collection(X2)|~individual(X2))), inference(variable_rename,[status(thm)],[inference(fof_nnf,[status(thm)],[c_0_2])])).
cnf(c_0_7,plain,(collection(X1)|~disjointwith(X1,X2)), inference(split_conjunct,[status(thm)],[c_0_4])).
cnf(c_0_8,negated_conjecture,(disjointwith(f_urlreferentfn(f_urlfn(s_http_fwsistercitiesorgpdfsmbabanembabane20activity20pages2pdf)),c_tptpcol_16_118949)), inference(split_conjunct,[status(thm)],[c_0_5])).
cnf(c_0_9,plain,(~individual(X1)|~collection(X1)), inference(split_conjunct,[status(thm)],[c_0_6])).
cnf(c_0_10,negated_conjecture,(collection(f_urlreferentfn(f_urlfn(s_http_fwsistercitiesorgpdfsmbabanembabane20activity20pages2pdf)))), inference(spm,[status(thm)],[c_0_7, c_0_8])).
cnf(c_0_11,plain,(individual(f_urlreferentfn(f_urlfn(s_http_fwsistercitiesorgpdfsmbabanembabane20activity20pages2pdf)))), inference(split_conjunct,[status(thm)],[c_0_3])).
cnf(c_0_12,negated_conjecture,($false), inference(cn,[status(thm)],[inference(rw,[status(thm)],[inference(spm,[status(thm)],[c_0_9, c_0_10]), c_0_11])]), ['proof']).
# SZS output end CNFRefutation.
EOF
