% Problem    : SYN548+1 : TPTP v6.1.0. Released v2.2.0.
% Command    : eprover --auto-schedule --tstp-format -s --proof-object --memory-limit=2048 --cpu-limit=%d %s
% Computer   : n141.star.cs.uiowa.edu
% Model      : x86_64 x86_64
% CPU        : Intel(R) Xeon(R) CPU E5-2609 0 @ 2.40GHz
% Memory     : 32286.75MB
% OS         : Linux 2.6.32-431.20.3.el6.x86_64
% CPULimit   : 300
% DateTime   : Sun Jul 20 03:23:41 CDT 2014
% CPUTime    : 
# No SInE strategy applied
# Trying AutoSched0 for 151 seconds
# AutoSched0-Mode selected heuristic H_____047_B31_F1_PI_AE_R4_CS_SP_S2k
# and selection function SelectCQArNTEqFirst.
#

# Proof found!
# SZS status Theorem
# SZS output start CNFRefutation.
fof(c_0_0, conjecture, (?[X1]:(reachable(initial_world,X1)&![X2]:(reachable(X1,X2)=>(![X3]:(reachable(X2,X3)=>(p(X3)|![X4]:(reachable(X3,X4)=>q(X4))))<=>(![X5]:(reachable(X2,X5)=>p(X5))|![X5]:(reachable(X2,X5)=>q(X5))))))), file('/export/starexec/sandbox/benchmark/theBenchmark.p', prove_this)).
fof(c_0_1, axiom, (![X1]:reachable(X1,X1)), file('/export/starexec/sandbox/benchmark/theBenchmark.p', reflexivity_of_reachable)).
fof(c_0_2, axiom, (![X1]:![X2]:![X3]:((reachable(X1,X2)&reachable(X2,X3))=>reachable(X1,X3))), file('/export/starexec/sandbox/benchmark/theBenchmark.p', transitivity_of_reachable)).
fof(c_0_3, negated_conjecture, (~(?[X1]:(reachable(initial_world,X1)&![X2]:(reachable(X1,X2)=>(![X3]:(reachable(X2,X3)=>(p(X3)|![X4]:(reachable(X3,X4)=>q(X4))))<=>(![X5]:(reachable(X2,X5)=>p(X5))|![X5]:(reachable(X2,X5)=>q(X5)))))))), inference(assume_negation,[status(cth)],[c_0_0])).
fof(c_0_4, negated_conjecture, (![X6]:![X12]:![X13]:![X14]:![X15]:((reachable(X6,esk1_1(X6))|~reachable(initial_world,X6))&((((((reachable(esk1_1(X6),esk4_1(X6))|reachable(esk1_1(X6),esk2_1(X6)))|~reachable(initial_world,X6))&((~p(esk4_1(X6))|reachable(esk1_1(X6),esk2_1(X6)))|~reachable(initial_world,X6)))&(((reachable(esk1_1(X6),esk5_1(X6))|reachable(esk1_1(X6),esk2_1(X6)))|~reachable(initial_world,X6))&((~q(esk5_1(X6))|reachable(esk1_1(X6),esk2_1(X6)))|~reachable(initial_world,X6))))&(((((reachable(esk1_1(X6),esk4_1(X6))|~p(esk2_1(X6)))|~reachable(initial_world,X6))&((~p(esk4_1(X6))|~p(esk2_1(X6)))|~reachable(initial_world,X6)))&(((reachable(esk1_1(X6),esk5_1(X6))|~p(esk2_1(X6)))|~reachable(initial_world,X6))&((~q(esk5_1(X6))|~p(esk2_1(X6)))|~reachable(initial_world,X6))))&(((((reachable(esk1_1(X6),esk4_1(X6))|reachable(esk2_1(X6),esk3_1(X6)))|~reachable(initial_world,X6))&((~p(esk4_1(X6))|reachable(esk2_1(X6),esk3_1(X6)))|~reachable(initial_world,X6)))&(((reachable(esk1_1(X6),esk5_1(X6))|reachable(esk2_1(X6),esk3_1(X6)))|~reachable(initial_world,X6))&((~q(esk5_1(X6))|reachable(esk2_1(X6),esk3_1(X6)))|~reachable(initial_world,X6))))&((((reachable(esk1_1(X6),esk4_1(X6))|~q(esk3_1(X6)))|~reachable(initial_world,X6))&((~p(esk4_1(X6))|~q(esk3_1(X6)))|~reachable(initial_world,X6)))&(((reachable(esk1_1(X6),esk5_1(X6))|~q(esk3_1(X6)))|~reachable(initial_world,X6))&((~q(esk5_1(X6))|~q(esk3_1(X6)))|~reachable(initial_world,X6)))))))&(((~reachable(esk1_1(X6),X12)|(p(X12)|(~reachable(X12,X13)|q(X13))))|((~reachable(esk1_1(X6),X14)|p(X14))|(~reachable(esk1_1(X6),X15)|q(X15))))|~reachable(initial_world,X6))))), inference(distribute,[status(thm)],[inference(shift_quantors,[status(thm)],[inference(skolemize,[status(esa)],[inference(variable_rename,[status(thm)],[inference(fof_nnf,[status(thm)],[c_0_3])])])])])).
fof(c_0_5, plain, (![X2]:reachable(X2,X2)), inference(variable_rename,[status(thm)],[c_0_1])).
fof(c_0_6, plain, (![X4]:![X5]:![X6]:((~reachable(X4,X5)|~reachable(X5,X6))|reachable(X4,X6))), inference(variable_rename,[status(thm)],[inference(fof_nnf,[status(thm)],[c_0_2])])).
cnf(c_0_7,negated_conjecture,(reachable(esk1_1(X1),esk2_1(X1))|reachable(esk1_1(X1),esk4_1(X1))|~reachable(initial_world,X1)), inference(split_conjunct,[status(thm)],[c_0_4])).
cnf(c_0_8,plain,(reachable(X1,X1)), inference(split_conjunct,[status(thm)],[c_0_5])).
cnf(c_0_9,plain,(reachable(X1,X2)|~reachable(X3,X2)|~reachable(X1,X3)), inference(split_conjunct,[status(thm)],[c_0_6])).
cnf(c_0_10,negated_conjecture,(reachable(esk1_1(initial_world),esk2_1(initial_world))|reachable(esk1_1(initial_world),esk4_1(initial_world))), inference(spm,[status(thm)],[c_0_7, c_0_8])).
cnf(c_0_11,negated_conjecture,(reachable(X1,esk1_1(X1))|~reachable(initial_world,X1)), inference(split_conjunct,[status(thm)],[c_0_4])).
cnf(c_0_12,negated_conjecture,(reachable(esk1_1(initial_world),esk2_1(initial_world))|reachable(X1,esk4_1(initial_world))|~reachable(X1,esk1_1(initial_world))), inference(spm,[status(thm)],[c_0_9, c_0_10])).
cnf(c_0_13,negated_conjecture,(reachable(initial_world,esk1_1(initial_world))), inference(spm,[status(thm)],[c_0_11, c_0_8])).
cnf(c_0_14,negated_conjecture,(reachable(esk1_1(X1),esk2_1(X1))|reachable(esk1_1(X1),esk5_1(X1))|~reachable(initial_world,X1)), inference(split_conjunct,[status(thm)],[c_0_4])).
cnf(c_0_15,negated_conjecture,(reachable(esk1_1(initial_world),esk2_1(initial_world))|reachable(initial_world,esk4_1(initial_world))), inference(spm,[status(thm)],[c_0_12, c_0_13])).
cnf(c_0_16,negated_conjecture,(reachable(esk1_1(esk4_1(initial_world)),esk2_1(esk4_1(initial_world)))|reachable(esk1_1(esk4_1(initial_world)),esk5_1(esk4_1(initial_world)))|reachable(esk1_1(initial_world),esk2_1(initial_world))), inference(spm,[status(thm)],[c_0_14, c_0_15])).
cnf(c_0_17,negated_conjecture,(reachable(esk2_1(X1),esk3_1(X1))|reachable(esk1_1(X1),esk4_1(X1))|~reachable(initial_world,X1)), inference(split_conjunct,[status(thm)],[c_0_4])).
cnf(c_0_18,negated_conjecture,(reachable(esk1_1(X1),esk4_1(X1))|~reachable(initial_world,X1)|~p(esk2_1(X1))), inference(split_conjunct,[status(thm)],[c_0_4])).
cnf(c_0_19,negated_conjecture,(reachable(esk1_1(X1),esk4_1(X1))|~reachable(initial_world,X1)|~q(esk3_1(X1))), inference(split_conjunct,[status(thm)],[c_0_4])).
cnf(c_0_20,negated_conjecture,(reachable(esk1_1(esk4_1(initial_world)),esk2_1(esk4_1(initial_world)))|reachable(esk1_1(initial_world),esk2_1(initial_world))|reachable(X1,esk5_1(esk4_1(initial_world)))|~reachable(X1,esk1_1(esk4_1(initial_world)))), inference(spm,[status(thm)],[c_0_9, c_0_16])).
cnf(c_0_21,negated_conjecture,(reachable(esk4_1(initial_world),esk1_1(esk4_1(initial_world)))|reachable(esk1_1(initial_world),esk2_1(initial_world))), inference(spm,[status(thm)],[c_0_11, c_0_15])).
cnf(c_0_22,negated_conjecture,(reachable(esk1_1(X1),esk2_1(X1))|~reachable(initial_world,X1)|~p(esk4_1(X1))), inference(split_conjunct,[status(thm)],[c_0_4])).
cnf(c_0_23,negated_conjecture,(reachable(esk1_1(X1),esk2_1(X1))|~reachable(initial_world,X1)|~q(esk5_1(X1))), inference(split_conjunct,[status(thm)],[c_0_4])).
cnf(c_0_24,negated_conjecture,(q(X2)|p(X3)|q(X4)|p(X5)|~reachable(initial_world,X1)|~reachable(esk1_1(X1),X2)|~reachable(esk1_1(X1),X3)|~reachable(X5,X4)|~reachable(esk1_1(X1),X5)), inference(split_conjunct,[status(thm)],[c_0_4])).
cnf(c_0_25,negated_conjecture,(reachable(esk1_1(initial_world),esk4_1(initial_world))|reachable(esk2_1(initial_world),esk3_1(initial_world))), inference(spm,[status(thm)],[c_0_17, c_0_8])).
cnf(c_0_26,negated_conjecture,(reachable(esk1_1(initial_world),esk4_1(initial_world))|~p(esk2_1(initial_world))), inference(spm,[status(thm)],[c_0_18, c_0_8])).
cnf(c_0_27,negated_conjecture,(reachable(esk1_1(initial_world),esk4_1(initial_world))|~q(esk3_1(initial_world))), inference(spm,[status(thm)],[c_0_19, c_0_8])).
cnf(c_0_28,negated_conjecture,(reachable(esk1_1(esk4_1(initial_world)),esk2_1(esk4_1(initial_world)))|reachable(esk4_1(initial_world),esk5_1(esk4_1(initial_world)))|reachable(esk1_1(initial_world),esk2_1(initial_world))), inference(spm,[status(thm)],[c_0_20, c_0_21])).
cnf(c_0_29,negated_conjecture,(reachable(esk1_1(initial_world),esk2_1(initial_world))|~p(esk4_1(initial_world))), inference(spm,[status(thm)],[c_0_22, c_0_8])).
cnf(c_0_30,negated_conjecture,(reachable(esk1_1(esk4_1(initial_world)),esk2_1(esk4_1(initial_world)))|reachable(esk1_1(initial_world),esk2_1(initial_world))|~q(esk5_1(esk4_1(initial_world)))), inference(spm,[status(thm)],[c_0_23, c_0_15])).
cnf(c_0_31,negated_conjecture,(q(X1)|p(X2)|reachable(esk1_1(initial_world),esk4_1(initial_world))|~reachable(esk1_1(X3),esk2_1(initial_world))|~reachable(esk1_1(X3),X2)|~reachable(esk1_1(X3),X1)|~reachable(initial_world,X3)), inference(csr,[status(thm)],[inference(csr,[status(thm)],[inference(spm,[status(thm)],[c_0_24, c_0_25]), c_0_26]), c_0_27])).
cnf(c_0_32,negated_conjecture,(reachable(esk2_1(X1),esk3_1(X1))|reachable(esk1_1(X1),esk5_1(X1))|~reachable(initial_world,X1)), inference(split_conjunct,[status(thm)],[c_0_4])).
cnf(c_0_33,negated_conjecture,(reachable(esk1_1(X1),esk5_1(X1))|~reachable(initial_world,X1)|~p(esk2_1(X1))), inference(split_conjunct,[status(thm)],[c_0_4])).
cnf(c_0_34,negated_conjecture,(reachable(esk1_1(X1),esk5_1(X1))|~reachable(initial_world,X1)|~q(esk3_1(X1))), inference(split_conjunct,[status(thm)],[c_0_4])).
cnf(c_0_35,negated_conjecture,(q(X1)|p(X2)|reachable(esk1_1(esk4_1(initial_world)),esk2_1(esk4_1(initial_world)))|reachable(esk1_1(initial_world),esk2_1(initial_world))|~reachable(esk1_1(X3),esk4_1(initial_world))|~reachable(esk1_1(X3),X2)|~reachable(esk1_1(X3),X1)|~reachable(initial_world,X3)), inference(csr,[status(thm)],[inference(csr,[status(thm)],[inference(spm,[status(thm)],[c_0_24, c_0_28]), c_0_29]), c_0_30])).
cnf(c_0_36,negated_conjecture,(q(X1)|p(X2)|reachable(esk1_1(initial_world),esk4_1(initial_world))|~reachable(esk1_1(initial_world),X2)|~reachable(esk1_1(initial_world),X1)), inference(csr,[status(thm)],[inference(spm,[status(thm)],[c_0_31, c_0_8]), c_0_10])).
cnf(c_0_37,negated_conjecture,(reachable(esk1_1(esk4_1(initial_world)),esk5_1(esk4_1(initial_world)))|reachable(esk2_1(esk4_1(initial_world)),esk3_1(esk4_1(initial_world)))|reachable(esk1_1(initial_world),esk2_1(initial_world))), inference(spm,[status(thm)],[c_0_32, c_0_15])).
cnf(c_0_38,negated_conjecture,(reachable(esk1_1(esk4_1(initial_world)),esk5_1(esk4_1(initial_world)))|reachable(esk1_1(initial_world),esk2_1(initial_world))|~p(esk2_1(esk4_1(initial_world)))), inference(spm,[status(thm)],[c_0_33, c_0_15])).
cnf(c_0_39,negated_conjecture,(reachable(esk1_1(esk4_1(initial_world)),esk5_1(esk4_1(initial_world)))|reachable(esk1_1(initial_world),esk2_1(initial_world))|~q(esk3_1(esk4_1(initial_world)))), inference(spm,[status(thm)],[c_0_34, c_0_15])).
cnf(c_0_40,negated_conjecture,(q(X1)|p(X2)|reachable(esk1_1(esk4_1(initial_world)),esk2_1(esk4_1(initial_world)))|reachable(esk1_1(initial_world),esk2_1(initial_world))|~reachable(esk1_1(initial_world),X2)|~reachable(esk1_1(initial_world),X1)), inference(csr,[status(thm)],[inference(spm,[status(thm)],[c_0_35, c_0_8]), c_0_36])).
cnf(c_0_41,negated_conjecture,(q(X1)|p(X2)|reachable(esk1_1(esk4_1(initial_world)),esk5_1(esk4_1(initial_world)))|reachable(esk1_1(initial_world),esk2_1(initial_world))|~reachable(esk1_1(X3),esk2_1(esk4_1(initial_world)))|~reachable(esk1_1(X3),X2)|~reachable(esk1_1(X3),X1)|~reachable(initial_world,X3)), inference(csr,[status(thm)],[inference(csr,[status(thm)],[inference(spm,[status(thm)],[c_0_24, c_0_37]), c_0_38]), c_0_39])).
cnf(c_0_42,negated_conjecture,(q(X1)|reachable(esk1_1(esk4_1(initial_world)),esk2_1(esk4_1(initial_world)))|reachable(esk1_1(initial_world),esk2_1(initial_world))|~reachable(esk1_1(initial_world),X1)), inference(csr,[status(thm)],[inference(spm,[status(thm)],[c_0_40, c_0_10]), c_0_29])).
cnf(c_0_43,negated_conjecture,(reachable(esk1_1(initial_world),esk2_1(initial_world))|reachable(esk1_1(initial_world),esk5_1(initial_world))), inference(spm,[status(thm)],[c_0_14, c_0_8])).
cnf(c_0_44,negated_conjecture,(reachable(esk1_1(initial_world),esk2_1(initial_world))|~q(esk5_1(initial_world))), inference(spm,[status(thm)],[c_0_23, c_0_8])).
cnf(c_0_45,negated_conjecture,(q(X1)|p(X2)|reachable(esk1_1(esk4_1(initial_world)),esk5_1(esk4_1(initial_world)))|reachable(esk1_1(initial_world),esk2_1(initial_world))|~reachable(esk1_1(initial_world),esk2_1(esk4_1(initial_world)))|~reachable(esk1_1(initial_world),X2)|~reachable(esk1_1(initial_world),X1)), inference(spm,[status(thm)],[c_0_41, c_0_8])).
cnf(c_0_46,negated_conjecture,(reachable(esk1_1(esk4_1(initial_world)),esk2_1(esk4_1(initial_world)))|reachable(esk1_1(initial_world),esk2_1(initial_world))), inference(csr,[status(thm)],[inference(spm,[status(thm)],[c_0_42, c_0_43]), c_0_44])).
cnf(c_0_47,negated_conjecture,(reachable(esk1_1(initial_world),esk2_1(initial_world))|reachable(X1,esk1_1(esk4_1(initial_world)))|~reachable(X1,esk4_1(initial_world))), inference(spm,[status(thm)],[c_0_9, c_0_21])).
cnf(c_0_48,negated_conjecture,(q(X1)|reachable(esk1_1(esk4_1(initial_world)),esk5_1(esk4_1(initial_world)))|reachable(esk1_1(initial_world),esk2_1(initial_world))|~reachable(esk1_1(initial_world),esk2_1(esk4_1(initial_world)))|~reachable(esk1_1(initial_world),X1)), inference(csr,[status(thm)],[inference(spm,[status(thm)],[c_0_45, c_0_10]), c_0_29])).
cnf(c_0_49,negated_conjecture,(reachable(esk1_1(initial_world),esk2_1(initial_world))|reachable(X1,esk2_1(esk4_1(initial_world)))|~reachable(X1,esk1_1(esk4_1(initial_world)))), inference(spm,[status(thm)],[c_0_9, c_0_46])).
cnf(c_0_50,negated_conjecture,(reachable(esk1_1(initial_world),esk1_1(esk4_1(initial_world)))|reachable(esk1_1(initial_world),esk2_1(initial_world))), inference(spm,[status(thm)],[c_0_47, c_0_10])).
cnf(c_0_51,negated_conjecture,(reachable(esk1_1(esk4_1(initial_world)),esk5_1(esk4_1(initial_world)))|reachable(esk1_1(initial_world),esk2_1(initial_world))|~reachable(esk1_1(initial_world),esk2_1(esk4_1(initial_world)))), inference(csr,[status(thm)],[inference(spm,[status(thm)],[c_0_48, c_0_43]), c_0_44])).
cnf(c_0_52,negated_conjecture,(reachable(esk1_1(initial_world),esk2_1(esk4_1(initial_world)))|reachable(esk1_1(initial_world),esk2_1(initial_world))), inference(spm,[status(thm)],[c_0_49, c_0_50])).
cnf(c_0_53,negated_conjecture,(reachable(esk1_1(esk4_1(initial_world)),esk5_1(esk4_1(initial_world)))|reachable(esk1_1(initial_world),esk2_1(initial_world))), inference(spm,[status(thm)],[c_0_51, c_0_52])).
cnf(c_0_54,negated_conjecture,(reachable(esk1_1(initial_world),esk2_1(initial_world))|reachable(X1,esk5_1(esk4_1(initial_world)))|~reachable(X1,esk1_1(esk4_1(initial_world)))), inference(spm,[status(thm)],[c_0_9, c_0_53])).
cnf(c_0_55,negated_conjecture,(reachable(esk4_1(initial_world),esk5_1(esk4_1(initial_world)))|reachable(esk1_1(initial_world),esk2_1(initial_world))), inference(spm,[status(thm)],[c_0_54, c_0_21])).
cnf(c_0_56,negated_conjecture,(q(esk5_1(esk4_1(initial_world)))|q(X1)|p(X2)|reachable(esk1_1(initial_world),esk2_1(initial_world))|~reachable(esk1_1(X3),esk4_1(initial_world))|~reachable(esk1_1(X3),X2)|~reachable(esk1_1(X3),X1)|~reachable(initial_world,X3)), inference(csr,[status(thm)],[inference(spm,[status(thm)],[c_0_24, c_0_55]), c_0_29])).
cnf(c_0_57,negated_conjecture,(q(esk5_1(esk4_1(initial_world)))|q(X1)|p(X2)|reachable(esk1_1(initial_world),esk2_1(initial_world))|~reachable(esk1_1(initial_world),X2)|~reachable(esk1_1(initial_world),X1)), inference(csr,[status(thm)],[inference(spm,[status(thm)],[c_0_56, c_0_8]), c_0_36])).
cnf(c_0_58,negated_conjecture,(reachable(esk2_1(X1),esk3_1(X1))|~reachable(initial_world,X1)|~q(esk5_1(X1))), inference(split_conjunct,[status(thm)],[c_0_4])).
cnf(c_0_59,negated_conjecture,(q(esk5_1(esk4_1(initial_world)))|q(X1)|reachable(esk1_1(initial_world),esk2_1(initial_world))|~reachable(esk1_1(initial_world),X1)), inference(csr,[status(thm)],[inference(spm,[status(thm)],[c_0_57, c_0_10]), c_0_29])).
cnf(c_0_60,negated_conjecture,(reachable(esk1_1(initial_world),esk5_1(esk4_1(initial_world)))|reachable(esk1_1(initial_world),esk2_1(initial_world))), inference(spm,[status(thm)],[c_0_54, c_0_50])).
cnf(c_0_61,negated_conjecture,(reachable(esk2_1(esk4_1(initial_world)),esk3_1(esk4_1(initial_world)))|reachable(esk1_1(initial_world),esk2_1(initial_world))|~q(esk5_1(esk4_1(initial_world)))), inference(spm,[status(thm)],[c_0_58, c_0_15])).
cnf(c_0_62,negated_conjecture,(q(esk5_1(esk4_1(initial_world)))|reachable(esk1_1(initial_world),esk2_1(initial_world))), inference(spm,[status(thm)],[c_0_59, c_0_60])).
cnf(c_0_63,negated_conjecture,(reachable(esk2_1(esk4_1(initial_world)),esk3_1(esk4_1(initial_world)))|reachable(esk1_1(initial_world),esk2_1(initial_world))), inference(spm,[status(thm)],[c_0_61, c_0_62])).
cnf(c_0_64,negated_conjecture,(reachable(esk1_1(initial_world),esk2_1(initial_world))|reachable(X1,esk3_1(esk4_1(initial_world)))|~reachable(X1,esk2_1(esk4_1(initial_world)))), inference(spm,[status(thm)],[c_0_9, c_0_63])).
cnf(c_0_65,negated_conjecture,(reachable(esk4_1(initial_world),esk2_1(esk4_1(initial_world)))|reachable(esk1_1(initial_world),esk2_1(initial_world))), inference(spm,[status(thm)],[c_0_49, c_0_21])).
cnf(c_0_66,negated_conjecture,(reachable(esk4_1(initial_world),esk3_1(esk4_1(initial_world)))|reachable(esk1_1(initial_world),esk2_1(initial_world))), inference(spm,[status(thm)],[c_0_64, c_0_65])).
cnf(c_0_67,negated_conjecture,(q(esk3_1(esk4_1(initial_world)))|q(X1)|p(X2)|reachable(esk1_1(initial_world),esk2_1(initial_world))|~reachable(esk1_1(X3),esk4_1(initial_world))|~reachable(esk1_1(X3),X2)|~reachable(esk1_1(X3),X1)|~reachable(initial_world,X3)), inference(csr,[status(thm)],[inference(spm,[status(thm)],[c_0_24, c_0_66]), c_0_29])).
cnf(c_0_68,negated_conjecture,(q(esk3_1(esk4_1(initial_world)))|q(X1)|p(X2)|reachable(esk1_1(initial_world),esk2_1(initial_world))|~reachable(esk1_1(initial_world),X2)|~reachable(esk1_1(initial_world),X1)), inference(csr,[status(thm)],[inference(spm,[status(thm)],[c_0_67, c_0_8]), c_0_36])).
cnf(c_0_69,negated_conjecture,(~reachable(initial_world,X1)|~q(esk3_1(X1))|~q(esk5_1(X1))), inference(split_conjunct,[status(thm)],[c_0_4])).
cnf(c_0_70,negated_conjecture,(q(esk3_1(esk4_1(initial_world)))|q(X1)|reachable(esk1_1(initial_world),esk2_1(initial_world))|~reachable(esk1_1(initial_world),X1)), inference(csr,[status(thm)],[inference(spm,[status(thm)],[c_0_68, c_0_10]), c_0_29])).
cnf(c_0_71,negated_conjecture,(reachable(esk1_1(initial_world),esk3_1(esk4_1(initial_world)))|reachable(esk1_1(initial_world),esk2_1(initial_world))), inference(spm,[status(thm)],[c_0_64, c_0_52])).
cnf(c_0_72,negated_conjecture,(reachable(esk1_1(initial_world),esk2_1(initial_world))|~q(esk3_1(esk4_1(initial_world)))|~q(esk5_1(esk4_1(initial_world)))), inference(spm,[status(thm)],[c_0_69, c_0_15])).
cnf(c_0_73,negated_conjecture,(q(esk3_1(esk4_1(initial_world)))|reachable(esk1_1(initial_world),esk2_1(initial_world))), inference(spm,[status(thm)],[c_0_70, c_0_71])).
cnf(c_0_74,negated_conjecture,(reachable(esk1_1(initial_world),esk2_1(initial_world))), inference(csr,[status(thm)],[inference(spm,[status(thm)],[c_0_72, c_0_73]), c_0_62])).
cnf(c_0_75,negated_conjecture,(reachable(esk1_1(initial_world),esk4_1(initial_world))|reachable(X1,esk3_1(initial_world))|~reachable(X1,esk2_1(initial_world))), inference(spm,[status(thm)],[c_0_9, c_0_25])).
cnf(c_0_76,negated_conjecture,(q(X1)|reachable(esk1_1(initial_world),esk4_1(initial_world))|~reachable(esk1_1(initial_world),X1)), inference(csr,[status(thm)],[inference(spm,[status(thm)],[c_0_36, c_0_74]), c_0_26])).
cnf(c_0_77,negated_conjecture,(reachable(esk1_1(initial_world),esk3_1(initial_world))|reachable(esk1_1(initial_world),esk4_1(initial_world))), inference(spm,[status(thm)],[c_0_75, c_0_74])).
cnf(c_0_78,negated_conjecture,(reachable(esk1_1(initial_world),esk4_1(initial_world))), inference(csr,[status(thm)],[inference(spm,[status(thm)],[c_0_76, c_0_77]), c_0_27])).
cnf(c_0_79,negated_conjecture,(reachable(X1,esk4_1(initial_world))|~reachable(X1,esk1_1(initial_world))), inference(spm,[status(thm)],[c_0_9, c_0_78])).
cnf(c_0_80,negated_conjecture,(reachable(initial_world,esk4_1(initial_world))), inference(spm,[status(thm)],[c_0_79, c_0_13])).
cnf(c_0_81,negated_conjecture,(reachable(esk1_1(esk4_1(initial_world)),esk2_1(esk4_1(initial_world)))|reachable(esk1_1(esk4_1(initial_world)),esk5_1(esk4_1(initial_world)))), inference(spm,[status(thm)],[c_0_14, c_0_80])).
cnf(c_0_82,negated_conjecture,(reachable(esk1_1(esk4_1(initial_world)),esk2_1(esk4_1(initial_world)))|reachable(X1,esk5_1(esk4_1(initial_world)))|~reachable(X1,esk1_1(esk4_1(initial_world)))), inference(spm,[status(thm)],[c_0_9, c_0_81])).
cnf(c_0_83,negated_conjecture,(reachable(esk4_1(initial_world),esk1_1(esk4_1(initial_world)))), inference(spm,[status(thm)],[c_0_11, c_0_80])).
cnf(c_0_84,negated_conjecture,(reachable(esk1_1(esk4_1(initial_world)),esk2_1(esk4_1(initial_world)))|reachable(esk4_1(initial_world),esk5_1(esk4_1(initial_world)))), inference(spm,[status(thm)],[c_0_82, c_0_83])).
cnf(c_0_85,negated_conjecture,(reachable(esk1_1(esk4_1(initial_world)),esk2_1(esk4_1(initial_world)))|~q(esk5_1(esk4_1(initial_world)))), inference(spm,[status(thm)],[c_0_23, c_0_80])).
cnf(c_0_86,negated_conjecture,(q(X1)|p(esk4_1(initial_world))|p(X2)|reachable(esk1_1(esk4_1(initial_world)),esk2_1(esk4_1(initial_world)))|~reachable(esk1_1(X3),esk4_1(initial_world))|~reachable(esk1_1(X3),X2)|~reachable(esk1_1(X3),X1)|~reachable(initial_world,X3)), inference(csr,[status(thm)],[inference(spm,[status(thm)],[c_0_24, c_0_84]), c_0_85])).
cnf(c_0_87,negated_conjecture,(reachable(X1,esk1_1(esk4_1(initial_world)))|~reachable(X1,esk4_1(initial_world))), inference(spm,[status(thm)],[c_0_9, c_0_83])).
cnf(c_0_88,negated_conjecture,(q(X1)|p(esk4_1(initial_world))|p(X2)|reachable(esk1_1(esk4_1(initial_world)),esk2_1(esk4_1(initial_world)))|~reachable(esk1_1(initial_world),X2)|~reachable(esk1_1(initial_world),X1)), inference(cn,[status(thm)],[inference(rw,[status(thm)],[inference(spm,[status(thm)],[c_0_86, c_0_8]), c_0_78])])).
cnf(c_0_89,negated_conjecture,(reachable(esk1_1(initial_world),esk1_1(esk4_1(initial_world)))), inference(spm,[status(thm)],[c_0_87, c_0_78])).
cnf(c_0_90,negated_conjecture,(reachable(esk2_1(X1),esk3_1(X1))|~reachable(initial_world,X1)|~p(esk4_1(X1))), inference(split_conjunct,[status(thm)],[c_0_4])).
cnf(c_0_91,negated_conjecture,(q(X1)|p(esk4_1(initial_world))|reachable(esk1_1(esk4_1(initial_world)),esk2_1(esk4_1(initial_world)))|~reachable(esk1_1(initial_world),X1)), inference(spm,[status(thm)],[c_0_88, c_0_78])).
cnf(c_0_92,negated_conjecture,(reachable(esk1_1(esk4_1(initial_world)),esk2_1(esk4_1(initial_world)))|reachable(esk1_1(initial_world),esk5_1(esk4_1(initial_world)))), inference(spm,[status(thm)],[c_0_82, c_0_89])).
cnf(c_0_93,negated_conjecture,(~reachable(initial_world,X1)|~q(esk3_1(X1))|~p(esk4_1(X1))), inference(split_conjunct,[status(thm)],[c_0_4])).
cnf(c_0_94,negated_conjecture,(reachable(esk2_1(initial_world),esk3_1(initial_world))|~p(esk4_1(initial_world))), inference(spm,[status(thm)],[c_0_90, c_0_8])).
cnf(c_0_95,negated_conjecture,(p(esk4_1(initial_world))|reachable(esk1_1(esk4_1(initial_world)),esk2_1(esk4_1(initial_world)))), inference(csr,[status(thm)],[inference(spm,[status(thm)],[c_0_91, c_0_92]), c_0_85])).
cnf(c_0_96,negated_conjecture,(~q(esk3_1(initial_world))|~p(esk4_1(initial_world))), inference(spm,[status(thm)],[c_0_93, c_0_8])).
cnf(c_0_97,negated_conjecture,(reachable(esk1_1(esk4_1(initial_world)),esk2_1(esk4_1(initial_world)))|reachable(esk2_1(initial_world),esk3_1(initial_world))), inference(spm,[status(thm)],[c_0_94, c_0_95])).
cnf(c_0_98,negated_conjecture,(reachable(esk1_1(esk4_1(initial_world)),esk2_1(esk4_1(initial_world)))|~q(esk3_1(initial_world))), inference(spm,[status(thm)],[c_0_96, c_0_95])).
cnf(c_0_99,negated_conjecture,(q(X1)|p(esk2_1(initial_world))|p(X2)|reachable(esk1_1(esk4_1(initial_world)),esk2_1(esk4_1(initial_world)))|~reachable(esk1_1(X3),esk2_1(initial_world))|~reachable(esk1_1(X3),X2)|~reachable(esk1_1(X3),X1)|~reachable(initial_world,X3)), inference(csr,[status(thm)],[inference(spm,[status(thm)],[c_0_24, c_0_97]), c_0_98])).
cnf(c_0_100,negated_conjecture,(q(X1)|p(esk2_1(initial_world))|p(X2)|reachable(esk1_1(esk4_1(initial_world)),esk2_1(esk4_1(initial_world)))|~reachable(esk1_1(initial_world),X2)|~reachable(esk1_1(initial_world),X1)), inference(cn,[status(thm)],[inference(rw,[status(thm)],[inference(spm,[status(thm)],[c_0_99, c_0_8]), c_0_74])])).
cnf(c_0_101,negated_conjecture,(reachable(esk1_1(esk4_1(initial_world)),esk2_1(esk4_1(initial_world)))|reachable(X1,esk3_1(initial_world))|~reachable(X1,esk2_1(initial_world))), inference(spm,[status(thm)],[c_0_9, c_0_97])).
cnf(c_0_102,negated_conjecture,(q(X1)|p(esk2_1(initial_world))|reachable(esk1_1(esk4_1(initial_world)),esk2_1(esk4_1(initial_world)))|~reachable(esk1_1(initial_world),X1)), inference(spm,[status(thm)],[c_0_100, c_0_74])).
cnf(c_0_103,negated_conjecture,(reachable(esk1_1(esk4_1(initial_world)),esk2_1(esk4_1(initial_world)))|reachable(esk1_1(initial_world),esk3_1(initial_world))), inference(spm,[status(thm)],[c_0_101, c_0_74])).
cnf(c_0_104,negated_conjecture,(reachable(esk1_1(esk4_1(initial_world)),esk5_1(esk4_1(initial_world)))|reachable(esk2_1(esk4_1(initial_world)),esk3_1(esk4_1(initial_world)))), inference(spm,[status(thm)],[c_0_32, c_0_80])).
cnf(c_0_105,negated_conjecture,(reachable(esk1_1(esk4_1(initial_world)),esk5_1(esk4_1(initial_world)))|~p(esk2_1(esk4_1(initial_world)))), inference(spm,[status(thm)],[c_0_33, c_0_80])).
cnf(c_0_106,negated_conjecture,(reachable(esk1_1(esk4_1(initial_world)),esk5_1(esk4_1(initial_world)))|~q(esk3_1(esk4_1(initial_world)))), inference(spm,[status(thm)],[c_0_34, c_0_80])).
cnf(c_0_107,negated_conjecture,(p(esk2_1(initial_world))|reachable(esk1_1(esk4_1(initial_world)),esk2_1(esk4_1(initial_world)))), inference(csr,[status(thm)],[inference(spm,[status(thm)],[c_0_102, c_0_103]), c_0_98])).
cnf(c_0_108,negated_conjecture,(q(X1)|p(X2)|reachable(esk1_1(esk4_1(initial_world)),esk5_1(esk4_1(initial_world)))|~reachable(esk1_1(X3),esk2_1(esk4_1(initial_world)))|~reachable(esk1_1(X3),X2)|~reachable(esk1_1(X3),X1)|~reachable(initial_world,X3)), inference(csr,[status(thm)],[inference(csr,[status(thm)],[inference(spm,[status(thm)],[c_0_24, c_0_104]), c_0_105]), c_0_106])).
cnf(c_0_109,negated_conjecture,(p(esk2_1(initial_world))|reachable(X1,esk2_1(esk4_1(initial_world)))|~reachable(X1,esk1_1(esk4_1(initial_world)))), inference(spm,[status(thm)],[c_0_9, c_0_107])).
cnf(c_0_110,negated_conjecture,(q(X1)|p(X2)|reachable(esk1_1(esk4_1(initial_world)),esk5_1(esk4_1(initial_world)))|~reachable(esk1_1(initial_world),esk2_1(esk4_1(initial_world)))|~reachable(esk1_1(initial_world),X2)|~reachable(esk1_1(initial_world),X1)), inference(spm,[status(thm)],[c_0_108, c_0_8])).
cnf(c_0_111,negated_conjecture,(p(esk2_1(initial_world))|reachable(esk1_1(initial_world),esk2_1(esk4_1(initial_world)))), inference(spm,[status(thm)],[c_0_109, c_0_89])).
cnf(c_0_112,negated_conjecture,(reachable(esk1_1(esk4_1(initial_world)),esk5_1(esk4_1(initial_world)))|reachable(X1,esk3_1(esk4_1(initial_world)))|~reachable(X1,esk2_1(esk4_1(initial_world)))), inference(spm,[status(thm)],[c_0_9, c_0_104])).
cnf(c_0_113,negated_conjecture,(q(X1)|p(esk2_1(initial_world))|reachable(esk1_1(esk4_1(initial_world)),esk5_1(esk4_1(initial_world)))|~reachable(esk1_1(initial_world),X1)), inference(csr,[status(thm)],[inference(spm,[status(thm)],[c_0_110, c_0_74]), c_0_111])).
cnf(c_0_114,negated_conjecture,(p(esk2_1(initial_world))|reachable(esk1_1(esk4_1(initial_world)),esk5_1(esk4_1(initial_world)))|reachable(esk1_1(initial_world),esk3_1(esk4_1(initial_world)))), inference(spm,[status(thm)],[c_0_112, c_0_111])).
cnf(c_0_115,negated_conjecture,(p(esk2_1(initial_world))|reachable(esk1_1(esk4_1(initial_world)),esk5_1(esk4_1(initial_world)))), inference(csr,[status(thm)],[inference(spm,[status(thm)],[c_0_113, c_0_114]), c_0_106])).
cnf(c_0_116,negated_conjecture,(p(esk2_1(initial_world))|reachable(X1,esk5_1(esk4_1(initial_world)))|~reachable(X1,esk1_1(esk4_1(initial_world)))), inference(spm,[status(thm)],[c_0_9, c_0_115])).
cnf(c_0_117,negated_conjecture,(p(esk2_1(initial_world))|reachable(esk4_1(initial_world),esk5_1(esk4_1(initial_world)))), inference(spm,[status(thm)],[c_0_116, c_0_83])).
cnf(c_0_118,negated_conjecture,(q(esk5_1(esk4_1(initial_world)))|q(X1)|p(esk2_1(initial_world))|p(esk4_1(initial_world))|p(X2)|~reachable(esk1_1(X3),esk4_1(initial_world))|~reachable(esk1_1(X3),X2)|~reachable(esk1_1(X3),X1)|~reachable(initial_world,X3)), inference(spm,[status(thm)],[c_0_24, c_0_117])).
cnf(c_0_119,negated_conjecture,(q(esk5_1(esk4_1(initial_world)))|q(X1)|p(esk4_1(initial_world))|p(esk2_1(initial_world))|p(X2)|~reachable(esk1_1(initial_world),X2)|~reachable(esk1_1(initial_world),X1)), inference(cn,[status(thm)],[inference(rw,[status(thm)],[inference(spm,[status(thm)],[c_0_118, c_0_8]), c_0_78])])).
cnf(c_0_120,negated_conjecture,(q(esk5_1(esk4_1(initial_world)))|q(X1)|p(esk2_1(initial_world))|p(esk4_1(initial_world))|~reachable(esk1_1(initial_world),X1)), inference(spm,[status(thm)],[c_0_119, c_0_78])).
cnf(c_0_121,negated_conjecture,(p(esk2_1(initial_world))|reachable(esk1_1(initial_world),esk5_1(esk4_1(initial_world)))), inference(spm,[status(thm)],[c_0_116, c_0_89])).
cnf(c_0_122,negated_conjecture,(reachable(esk2_1(esk4_1(initial_world)),esk3_1(esk4_1(initial_world)))|~q(esk5_1(esk4_1(initial_world)))), inference(spm,[status(thm)],[c_0_58, c_0_80])).
cnf(c_0_123,negated_conjecture,(q(esk5_1(esk4_1(initial_world)))|p(esk4_1(initial_world))|p(esk2_1(initial_world))), inference(spm,[status(thm)],[c_0_120, c_0_121])).
cnf(c_0_124,negated_conjecture,(p(esk2_1(initial_world))|p(esk4_1(initial_world))|reachable(esk2_1(esk4_1(initial_world)),esk3_1(esk4_1(initial_world)))), inference(spm,[status(thm)],[c_0_122, c_0_123])).
cnf(c_0_125,negated_conjecture,(p(esk4_1(initial_world))|p(esk2_1(initial_world))|reachable(X1,esk3_1(esk4_1(initial_world)))|~reachable(X1,esk2_1(esk4_1(initial_world)))), inference(spm,[status(thm)],[c_0_9, c_0_124])).
cnf(c_0_126,negated_conjecture,(p(esk2_1(initial_world))|reachable(esk4_1(initial_world),esk2_1(esk4_1(initial_world)))), inference(spm,[status(thm)],[c_0_109, c_0_83])).
cnf(c_0_127,negated_conjecture,(p(esk2_1(initial_world))|p(esk4_1(initial_world))|reachable(esk4_1(initial_world),esk3_1(esk4_1(initial_world)))), inference(spm,[status(thm)],[c_0_125, c_0_126])).
cnf(c_0_128,negated_conjecture,(q(esk3_1(esk4_1(initial_world)))|q(X1)|p(esk2_1(initial_world))|p(esk4_1(initial_world))|p(X2)|~reachable(esk1_1(X3),esk4_1(initial_world))|~reachable(esk1_1(X3),X2)|~reachable(esk1_1(X3),X1)|~reachable(initial_world,X3)), inference(spm,[status(thm)],[c_0_24, c_0_127])).
cnf(c_0_129,negated_conjecture,(q(esk3_1(esk4_1(initial_world)))|q(X1)|p(esk4_1(initial_world))|p(esk2_1(initial_world))|p(X2)|~reachable(esk1_1(initial_world),X2)|~reachable(esk1_1(initial_world),X1)), inference(cn,[status(thm)],[inference(rw,[status(thm)],[inference(spm,[status(thm)],[c_0_128, c_0_8]), c_0_78])])).
cnf(c_0_130,negated_conjecture,(q(esk3_1(esk4_1(initial_world)))|q(X1)|p(esk2_1(initial_world))|p(esk4_1(initial_world))|~reachable(esk1_1(initial_world),X1)), inference(spm,[status(thm)],[c_0_129, c_0_78])).
cnf(c_0_131,negated_conjecture,(p(esk2_1(initial_world))|p(esk4_1(initial_world))|reachable(esk1_1(initial_world),esk3_1(esk4_1(initial_world)))), inference(spm,[status(thm)],[c_0_125, c_0_111])).
cnf(c_0_132,negated_conjecture,(~q(esk3_1(esk4_1(initial_world)))|~q(esk5_1(esk4_1(initial_world)))), inference(spm,[status(thm)],[c_0_69, c_0_80])).
cnf(c_0_133,negated_conjecture,(q(esk3_1(esk4_1(initial_world)))|p(esk4_1(initial_world))|p(esk2_1(initial_world))), inference(spm,[status(thm)],[c_0_130, c_0_131])).
cnf(c_0_134,negated_conjecture,(p(esk2_1(initial_world))|p(esk4_1(initial_world))), inference(csr,[status(thm)],[inference(spm,[status(thm)],[c_0_132, c_0_133]), c_0_123])).
cnf(c_0_135,negated_conjecture,(p(esk2_1(initial_world))|reachable(esk2_1(initial_world),esk3_1(initial_world))), inference(spm,[status(thm)],[c_0_94, c_0_134])).
cnf(c_0_136,negated_conjecture,(p(esk2_1(initial_world))|~q(esk3_1(initial_world))), inference(spm,[status(thm)],[c_0_96, c_0_134])).
cnf(c_0_137,negated_conjecture,(q(X1)|p(esk2_1(initial_world))|p(X2)|~reachable(esk1_1(X3),esk2_1(initial_world))|~reachable(esk1_1(X3),X2)|~reachable(esk1_1(X3),X1)|~reachable(initial_world,X3)), inference(csr,[status(thm)],[inference(spm,[status(thm)],[c_0_24, c_0_135]), c_0_136])).
cnf(c_0_138,negated_conjecture,(q(X1)|p(esk2_1(initial_world))|p(X2)|~reachable(esk1_1(initial_world),X2)|~reachable(esk1_1(initial_world),X1)), inference(cn,[status(thm)],[inference(rw,[status(thm)],[inference(spm,[status(thm)],[c_0_137, c_0_8]), c_0_74])])).
cnf(c_0_139,negated_conjecture,(p(esk2_1(initial_world))|reachable(X1,esk3_1(initial_world))|~reachable(X1,esk2_1(initial_world))), inference(spm,[status(thm)],[c_0_9, c_0_135])).
cnf(c_0_140,negated_conjecture,(reachable(esk1_1(initial_world),esk5_1(initial_world))|reachable(esk2_1(initial_world),esk3_1(initial_world))), inference(spm,[status(thm)],[c_0_32, c_0_8])).
cnf(c_0_141,negated_conjecture,(reachable(esk1_1(initial_world),esk5_1(initial_world))|~p(esk2_1(initial_world))), inference(spm,[status(thm)],[c_0_33, c_0_8])).
cnf(c_0_142,negated_conjecture,(reachable(esk1_1(initial_world),esk5_1(initial_world))|~q(esk3_1(initial_world))), inference(spm,[status(thm)],[c_0_34, c_0_8])).
cnf(c_0_143,negated_conjecture,(~reachable(initial_world,X1)|~p(esk2_1(X1))|~p(esk4_1(X1))), inference(split_conjunct,[status(thm)],[c_0_4])).
cnf(c_0_144,negated_conjecture,(q(X1)|p(esk2_1(initial_world))|~reachable(esk1_1(initial_world),X1)), inference(spm,[status(thm)],[c_0_138, c_0_74])).
cnf(c_0_145,negated_conjecture,(p(esk2_1(initial_world))|reachable(esk1_1(initial_world),esk3_1(initial_world))), inference(spm,[status(thm)],[c_0_139, c_0_74])).
cnf(c_0_146,negated_conjecture,(q(X1)|p(X2)|reachable(esk1_1(initial_world),esk5_1(initial_world))|~reachable(esk1_1(X3),esk2_1(initial_world))|~reachable(esk1_1(X3),X2)|~reachable(esk1_1(X3),X1)|~reachable(initial_world,X3)), inference(csr,[status(thm)],[inference(csr,[status(thm)],[inference(spm,[status(thm)],[c_0_24, c_0_140]), c_0_141]), c_0_142])).
cnf(c_0_147,negated_conjecture,(~p(esk2_1(initial_world))|~p(esk4_1(initial_world))), inference(spm,[status(thm)],[c_0_143, c_0_8])).
cnf(c_0_148,negated_conjecture,(p(esk2_1(initial_world))), inference(csr,[status(thm)],[inference(spm,[status(thm)],[c_0_144, c_0_145]), c_0_136])).
cnf(c_0_149,negated_conjecture,(q(X1)|p(X2)|reachable(esk1_1(initial_world),esk5_1(initial_world))|~reachable(esk1_1(initial_world),X2)|~reachable(esk1_1(initial_world),X1)), inference(csr,[status(thm)],[inference(spm,[status(thm)],[c_0_146, c_0_8]), c_0_43])).
cnf(c_0_150,negated_conjecture,(reachable(esk1_1(initial_world),esk5_1(initial_world))|reachable(X1,esk3_1(initial_world))|~reachable(X1,esk2_1(initial_world))), inference(spm,[status(thm)],[c_0_9, c_0_140])).
cnf(c_0_151,negated_conjecture,(~p(esk4_1(initial_world))), inference(cn,[status(thm)],[inference(rw,[status(thm)],[c_0_147, c_0_148])])).
cnf(c_0_152,negated_conjecture,(q(X1)|reachable(esk1_1(initial_world),esk5_1(initial_world))|~reachable(esk1_1(initial_world),X1)), inference(csr,[status(thm)],[inference(spm,[status(thm)],[c_0_149, c_0_74]), c_0_141])).
cnf(c_0_153,negated_conjecture,(reachable(esk1_1(initial_world),esk3_1(initial_world))|reachable(esk1_1(initial_world),esk5_1(initial_world))), inference(spm,[status(thm)],[c_0_150, c_0_74])).
cnf(c_0_154,negated_conjecture,(reachable(esk1_1(esk4_1(initial_world)),esk2_1(esk4_1(initial_world)))), inference(sr,[status(thm)],[c_0_95, c_0_151])).
cnf(c_0_155,negated_conjecture,(~reachable(initial_world,X1)|~p(esk2_1(X1))|~q(esk5_1(X1))), inference(split_conjunct,[status(thm)],[c_0_4])).
cnf(c_0_156,negated_conjecture,(q(X1)|p(esk4_1(initial_world))|reachable(esk1_1(esk4_1(initial_world)),esk5_1(esk4_1(initial_world)))|~reachable(esk1_1(initial_world),esk2_1(esk4_1(initial_world)))|~reachable(esk1_1(initial_world),X1)), inference(spm,[status(thm)],[c_0_110, c_0_78])).
cnf(c_0_157,negated_conjecture,(reachable(esk1_1(initial_world),esk5_1(initial_world))), inference(csr,[status(thm)],[inference(spm,[status(thm)],[c_0_152, c_0_153]), c_0_142])).
cnf(c_0_158,negated_conjecture,(reachable(X1,esk2_1(esk4_1(initial_world)))|~reachable(X1,esk1_1(esk4_1(initial_world)))), inference(spm,[status(thm)],[c_0_9, c_0_154])).
cnf(c_0_159,negated_conjecture,(~q(esk5_1(initial_world))|~p(esk2_1(initial_world))), inference(spm,[status(thm)],[c_0_155, c_0_8])).
cnf(c_0_160,negated_conjecture,(q(esk5_1(initial_world))|p(esk4_1(initial_world))|reachable(esk1_1(esk4_1(initial_world)),esk5_1(esk4_1(initial_world)))|~reachable(esk1_1(initial_world),esk2_1(esk4_1(initial_world)))), inference(spm,[status(thm)],[c_0_156, c_0_157])).
cnf(c_0_161,negated_conjecture,(reachable(esk1_1(initial_world),esk2_1(esk4_1(initial_world)))), inference(spm,[status(thm)],[c_0_158, c_0_89])).
cnf(c_0_162,negated_conjecture,(~q(esk5_1(initial_world))), inference(cn,[status(thm)],[inference(rw,[status(thm)],[c_0_159, c_0_148])])).
cnf(c_0_163,negated_conjecture,(reachable(esk1_1(esk4_1(initial_world)),esk5_1(esk4_1(initial_world)))), inference(sr,[status(thm)],[inference(sr,[status(thm)],[inference(cn,[status(thm)],[inference(rw,[status(thm)],[c_0_160, c_0_161])]), c_0_162]), c_0_151])).
cnf(c_0_164,negated_conjecture,(reachable(X1,esk5_1(esk4_1(initial_world)))|~reachable(X1,esk1_1(esk4_1(initial_world)))), inference(spm,[status(thm)],[c_0_9, c_0_163])).
cnf(c_0_165,negated_conjecture,(reachable(esk4_1(initial_world),esk5_1(esk4_1(initial_world)))), inference(spm,[status(thm)],[c_0_164, c_0_83])).
cnf(c_0_166,negated_conjecture,(q(esk5_1(esk4_1(initial_world)))|q(X1)|p(X2)|~reachable(esk1_1(X3),esk4_1(initial_world))|~reachable(esk1_1(X3),X2)|~reachable(esk1_1(X3),X1)|~reachable(initial_world,X3)), inference(sr,[status(thm)],[inference(spm,[status(thm)],[c_0_24, c_0_165]), c_0_151])).
cnf(c_0_167,negated_conjecture,(q(esk5_1(esk4_1(initial_world)))|q(X1)|p(X2)|~reachable(esk1_1(initial_world),X2)|~reachable(esk1_1(initial_world),X1)), inference(cn,[status(thm)],[inference(rw,[status(thm)],[inference(spm,[status(thm)],[c_0_166, c_0_8]), c_0_78])])).
cnf(c_0_168,negated_conjecture,(q(esk5_1(esk4_1(initial_world)))|q(X1)|~reachable(esk1_1(initial_world),X1)), inference(sr,[status(thm)],[inference(spm,[status(thm)],[c_0_167, c_0_78]), c_0_151])).
cnf(c_0_169,negated_conjecture,(reachable(esk1_1(initial_world),esk5_1(esk4_1(initial_world)))), inference(spm,[status(thm)],[c_0_164, c_0_89])).
cnf(c_0_170,negated_conjecture,(q(esk5_1(esk4_1(initial_world)))), inference(spm,[status(thm)],[c_0_168, c_0_169])).
cnf(c_0_171,negated_conjecture,(~q(esk5_1(esk4_1(initial_world)))|~p(esk2_1(esk4_1(initial_world)))), inference(spm,[status(thm)],[c_0_155, c_0_80])).
cnf(c_0_172,negated_conjecture,(reachable(esk2_1(esk4_1(initial_world)),esk3_1(esk4_1(initial_world)))), inference(cn,[status(thm)],[inference(rw,[status(thm)],[c_0_122, c_0_170])])).
cnf(c_0_173,negated_conjecture,(~q(esk3_1(esk4_1(initial_world)))), inference(cn,[status(thm)],[inference(rw,[status(thm)],[c_0_132, c_0_170])])).
cnf(c_0_174,negated_conjecture,(~p(esk2_1(esk4_1(initial_world)))), inference(cn,[status(thm)],[inference(rw,[status(thm)],[c_0_171, c_0_170])])).
cnf(c_0_175,negated_conjecture,(q(X1)|p(X2)|~reachable(esk1_1(X3),esk2_1(esk4_1(initial_world)))|~reachable(esk1_1(X3),X2)|~reachable(esk1_1(X3),X1)|~reachable(initial_world,X3)), inference(sr,[status(thm)],[inference(sr,[status(thm)],[inference(spm,[status(thm)],[c_0_24, c_0_172]), c_0_173]), c_0_174])).
cnf(c_0_176,negated_conjecture,(q(X1)|p(X2)|~reachable(esk1_1(initial_world),X2)|~reachable(esk1_1(initial_world),X1)), inference(cn,[status(thm)],[inference(rw,[status(thm)],[inference(spm,[status(thm)],[c_0_175, c_0_8]), c_0_161])])).
cnf(c_0_177,negated_conjecture,(q(X1)|~reachable(esk1_1(initial_world),X1)), inference(sr,[status(thm)],[inference(spm,[status(thm)],[c_0_176, c_0_78]), c_0_151])).
cnf(c_0_178,negated_conjecture,($false), inference(sr,[status(thm)],[inference(spm,[status(thm)],[c_0_177, c_0_157]), c_0_162]), ['proof']).
# SZS output end CNFRefutation.
EOF
