% Problem    : SET018+1 : TPTP v6.1.0. Bugfixed v5.4.0.
% Command    : eprover --auto-schedule --tstp-format -s --proof-object --memory-limit=2048 --cpu-limit=%d %s
% Computer   : n095.star.cs.uiowa.edu
% Model      : x86_64 x86_64
% CPU        : Intel(R) Xeon(R) CPU E5-2609 0 @ 2.40GHz
% Memory     : 32286.75MB
% OS         : Linux 2.6.32-431.20.3.el6.x86_64
% CPULimit   : 300
% DateTime   : Sun Jul 20 06:35:41 CDT 2014
% CPUTime    : 
# No SInE strategy applied
# Trying AutoSched0 for 151 seconds
# AutoSched0-Mode selected heuristic G_E___107_B42_F1_PI_AE_Q4_CS_SP_PS_S0Y
# and selection function SelectMaxLComplexAvoidPosPred.
#
# Presaturation interreduction done

# Proof found!
# SZS status Theorem
# SZS output start CNFRefutation.
fof(c_0_0, axiom, (![X3]:![X1]:![X2]:(member(X3,unordered_pair(X1,X2))<=>(member(X3,universal_class)&(X3=X1|X3=X2)))), file('/export/starexec/sandbox/benchmark/Axioms/SET005+0.ax', unordered_pair_defn)).
fof(c_0_1, conjecture, (![X7]:![X1]:![X2]:![X5]:((ordered_pair(X7,X1)=ordered_pair(X2,X5)&member(X1,universal_class))=>X1=X5)), file('/export/starexec/sandbox/benchmark/theBenchmark.p', ordered_pair_determines_components2)).
fof(c_0_2, axiom, (![X1]:![X2]:ordered_pair(X1,X2)=unordered_pair(singleton(X1),unordered_pair(X1,singleton(X2)))), file('/export/starexec/sandbox/benchmark/Axioms/SET005+0.ax', ordered_pair_defn)).
fof(c_0_3, axiom, (![X1]:singleton(X1)=unordered_pair(X1,X1)), file('/export/starexec/sandbox/benchmark/Axioms/SET005+0.ax', singleton_set_defn)).
fof(c_0_4, axiom, (![X1]:![X2]:member(unordered_pair(X1,X2),universal_class)), file('/export/starexec/sandbox/benchmark/Axioms/SET005+0.ax', unordered_pair)).
fof(c_0_5, axiom, (![X1]:(X1!=null_class=>?[X3]:((member(X3,universal_class)&member(X3,X1))&disjoint(X3,X1)))), file('/export/starexec/sandbox/benchmark/Axioms/SET005+0.ax', regularity)).
fof(c_0_6, axiom, (![X1]:~(member(X1,null_class))), file('/export/starexec/sandbox/benchmark/Axioms/SET005+0.ax', null_class_defn)).
fof(c_0_7, plain, (![X4]:![X5]:![X6]:![X7]:![X8]:![X9]:(((member(X4,universal_class)|~member(X4,unordered_pair(X5,X6)))&((X4=X5|X4=X6)|~member(X4,unordered_pair(X5,X6))))&(((X7!=X8|~member(X7,universal_class))|member(X7,unordered_pair(X8,X9)))&((X7!=X9|~member(X7,universal_class))|member(X7,unordered_pair(X8,X9)))))), inference(distribute,[status(thm)],[inference(shift_quantors,[status(thm)],[inference(variable_rename,[status(thm)],[inference(shift_quantors,[status(thm)],[inference(fof_nnf,[status(thm)],[c_0_0])])])])])).
fof(c_0_8, negated_conjecture, (~(![X7]:![X1]:![X2]:![X5]:((ordered_pair(X7,X1)=ordered_pair(X2,X5)&member(X1,universal_class))=>X1=X5))), inference(assume_negation,[status(cth)],[c_0_1])).
fof(c_0_9, plain, (![X3]:![X4]:ordered_pair(X3,X4)=unordered_pair(singleton(X3),unordered_pair(X3,singleton(X4)))), inference(variable_rename,[status(thm)],[c_0_2])).
fof(c_0_10, plain, (![X2]:singleton(X2)=unordered_pair(X2,X2)), inference(variable_rename,[status(thm)],[c_0_3])).
cnf(c_0_11,plain,(member(X1,unordered_pair(X2,X3))|~member(X1,universal_class)|X1!=X3), inference(split_conjunct,[status(thm)],[c_0_7])).
fof(c_0_12, plain, (![X3]:![X4]:member(unordered_pair(X3,X4),universal_class)), inference(variable_rename,[status(thm)],[c_0_4])).
fof(c_0_13, negated_conjecture, (((ordered_pair(esk8_0,esk9_0)=ordered_pair(esk10_0,esk11_0)&member(esk9_0,universal_class))&esk9_0!=esk11_0)), inference(skolemize,[status(esa)],[inference(variable_rename,[status(thm)],[inference(fof_nnf,[status(thm)],[c_0_8])])])).
cnf(c_0_14,plain,(ordered_pair(X1,X2)=unordered_pair(singleton(X1),unordered_pair(X1,singleton(X2)))), inference(split_conjunct,[status(thm)],[c_0_9])).
cnf(c_0_15,plain,(singleton(X1)=unordered_pair(X1,X1)), inference(split_conjunct,[status(thm)],[c_0_10])).
cnf(c_0_16,plain,(member(X1,unordered_pair(X2,X1))|~member(X1,universal_class)), inference(er,[status(thm)],[c_0_11])).
cnf(c_0_17,plain,(member(unordered_pair(X1,X2),universal_class)), inference(split_conjunct,[status(thm)],[c_0_12])).
cnf(c_0_18,negated_conjecture,(ordered_pair(esk8_0,esk9_0)=ordered_pair(esk10_0,esk11_0)), inference(split_conjunct,[status(thm)],[c_0_13])).
cnf(c_0_19,plain,(unordered_pair(unordered_pair(X1,X1),unordered_pair(X1,unordered_pair(X2,X2)))=ordered_pair(X1,X2)), inference(rw,[status(thm)],[inference(rw,[status(thm)],[c_0_14, c_0_15]), c_0_15])).
cnf(c_0_20,plain,(member(unordered_pair(X1,X2),unordered_pair(X3,unordered_pair(X1,X2)))), inference(spm,[status(thm)],[c_0_16, c_0_17])).
cnf(c_0_21,negated_conjecture,(unordered_pair(unordered_pair(esk10_0,esk10_0),unordered_pair(esk10_0,unordered_pair(esk11_0,esk11_0)))=unordered_pair(unordered_pair(esk8_0,esk8_0),unordered_pair(esk8_0,unordered_pair(esk9_0,esk9_0)))), inference(rw,[status(thm)],[inference(rw,[status(thm)],[c_0_18, c_0_19]), c_0_19])).
cnf(c_0_22,plain,(X1=X3|X1=X2|~member(X1,unordered_pair(X2,X3))), inference(split_conjunct,[status(thm)],[c_0_7])).
cnf(c_0_23,negated_conjecture,(member(unordered_pair(esk8_0,unordered_pair(esk9_0,esk9_0)),unordered_pair(unordered_pair(esk10_0,esk10_0),unordered_pair(esk10_0,unordered_pair(esk11_0,esk11_0))))), inference(spm,[status(thm)],[c_0_20, c_0_21])).
cnf(c_0_24,negated_conjecture,(unordered_pair(esk8_0,unordered_pair(esk9_0,esk9_0))=unordered_pair(esk10_0,unordered_pair(esk11_0,esk11_0))|unordered_pair(esk8_0,unordered_pair(esk9_0,esk9_0))=unordered_pair(esk10_0,esk10_0)), inference(spm,[status(thm)],[c_0_22, c_0_23])).
cnf(c_0_25,plain,(member(X1,unordered_pair(X2,X3))|~member(X1,universal_class)|X1!=X2), inference(split_conjunct,[status(thm)],[c_0_7])).
cnf(c_0_26,negated_conjecture,(unordered_pair(esk8_0,unordered_pair(esk9_0,esk9_0))=unordered_pair(esk10_0,esk10_0)|member(unordered_pair(esk9_0,esk9_0),unordered_pair(esk10_0,unordered_pair(esk11_0,esk11_0)))), inference(spm,[status(thm)],[c_0_20, c_0_24])).
cnf(c_0_27,plain,(member(X1,unordered_pair(X1,X2))|~member(X1,universal_class)), inference(er,[status(thm)],[c_0_25])).
cnf(c_0_28,negated_conjecture,(member(unordered_pair(esk9_0,esk9_0),unordered_pair(esk10_0,unordered_pair(esk11_0,esk11_0)))|member(unordered_pair(esk9_0,esk9_0),unordered_pair(esk10_0,esk10_0))), inference(spm,[status(thm)],[c_0_20, c_0_26])).
cnf(c_0_29,plain,(member(unordered_pair(X1,X2),unordered_pair(unordered_pair(X1,X2),X3))), inference(spm,[status(thm)],[c_0_27, c_0_17])).
cnf(c_0_30,negated_conjecture,(unordered_pair(esk11_0,esk11_0)=unordered_pair(esk9_0,esk9_0)|esk10_0=unordered_pair(esk9_0,esk9_0)|member(unordered_pair(esk9_0,esk9_0),unordered_pair(esk10_0,esk10_0))), inference(spm,[status(thm)],[c_0_22, c_0_28])).
cnf(c_0_31,negated_conjecture,(member(esk9_0,universal_class)), inference(split_conjunct,[status(thm)],[c_0_13])).
cnf(c_0_32,negated_conjecture,(member(unordered_pair(esk8_0,esk8_0),unordered_pair(unordered_pair(esk10_0,esk10_0),unordered_pair(esk10_0,unordered_pair(esk11_0,esk11_0))))), inference(spm,[status(thm)],[c_0_29, c_0_21])).
cnf(c_0_33,negated_conjecture,(esk10_0=unordered_pair(esk9_0,esk9_0)|X1=esk11_0|member(unordered_pair(esk9_0,esk9_0),unordered_pair(esk10_0,esk10_0))|~member(X1,unordered_pair(esk9_0,esk9_0))), inference(spm,[status(thm)],[c_0_22, c_0_30])).
cnf(c_0_34,negated_conjecture,(member(esk9_0,unordered_pair(X1,esk9_0))), inference(spm,[status(thm)],[c_0_16, c_0_31])).
cnf(c_0_35,negated_conjecture,(esk9_0!=esk11_0), inference(split_conjunct,[status(thm)],[c_0_13])).
cnf(c_0_36,negated_conjecture,(unordered_pair(esk8_0,esk8_0)=unordered_pair(esk10_0,unordered_pair(esk11_0,esk11_0))|unordered_pair(esk8_0,esk8_0)=unordered_pair(esk10_0,esk10_0)), inference(spm,[status(thm)],[c_0_22, c_0_32])).
cnf(c_0_37,negated_conjecture,(esk10_0=unordered_pair(esk9_0,esk9_0)|member(unordered_pair(esk9_0,esk9_0),unordered_pair(esk10_0,esk10_0))), inference(sr,[status(thm)],[inference(spm,[status(thm)],[c_0_33, c_0_34]), c_0_35])).
cnf(c_0_38,negated_conjecture,(unordered_pair(esk8_0,esk8_0)=unordered_pair(esk10_0,esk10_0)|X1=esk8_0|~member(X1,unordered_pair(esk10_0,unordered_pair(esk11_0,esk11_0)))), inference(spm,[status(thm)],[c_0_22, c_0_36])).
cnf(c_0_39,negated_conjecture,(esk10_0=unordered_pair(esk9_0,esk9_0)), inference(spm,[status(thm)],[c_0_22, c_0_37])).
cnf(c_0_40,negated_conjecture,(unordered_pair(esk8_0,esk8_0)=unordered_pair(unordered_pair(esk9_0,esk9_0),unordered_pair(esk9_0,esk9_0))|X1=esk8_0|~member(X1,unordered_pair(unordered_pair(esk9_0,esk9_0),unordered_pair(esk11_0,esk11_0)))), inference(rw,[status(thm)],[inference(rw,[status(thm)],[inference(rw,[status(thm)],[c_0_38, c_0_39]), c_0_39]), c_0_39])).
cnf(c_0_41,negated_conjecture,(X1=unordered_pair(esk8_0,unordered_pair(esk9_0,esk9_0))|X1=unordered_pair(esk8_0,esk8_0)|~member(X1,unordered_pair(unordered_pair(esk10_0,esk10_0),unordered_pair(esk10_0,unordered_pair(esk11_0,esk11_0))))), inference(spm,[status(thm)],[c_0_22, c_0_21])).
cnf(c_0_42,negated_conjecture,(unordered_pair(esk8_0,esk8_0)=unordered_pair(unordered_pair(esk9_0,esk9_0),unordered_pair(esk9_0,esk9_0))|esk8_0=unordered_pair(esk9_0,esk9_0)), inference(spm,[status(thm)],[c_0_40, c_0_29])).
fof(c_0_43, plain, (![X4]:(((member(esk6_1(X4),universal_class)|X4=null_class)&(member(esk6_1(X4),X4)|X4=null_class))&(disjoint(esk6_1(X4),X4)|X4=null_class))), inference(distribute,[status(thm)],[inference(skolemize,[status(esa)],[inference(variable_rename,[status(thm)],[inference(fof_nnf,[status(thm)],[c_0_5])])])])).
cnf(c_0_44,negated_conjecture,(unordered_pair(esk8_0,unordered_pair(esk9_0,esk9_0))=unordered_pair(esk10_0,unordered_pair(esk11_0,esk11_0))|unordered_pair(esk8_0,esk8_0)=unordered_pair(esk10_0,unordered_pair(esk11_0,esk11_0))), inference(spm,[status(thm)],[c_0_41, c_0_20])).
cnf(c_0_45,negated_conjecture,(esk8_0=unordered_pair(esk9_0,esk9_0)|X1=esk8_0|~member(X1,unordered_pair(unordered_pair(esk9_0,esk9_0),unordered_pair(esk9_0,esk9_0)))), inference(spm,[status(thm)],[c_0_22, c_0_42])).
cnf(c_0_46,plain,(X1=null_class|member(esk6_1(X1),X1)), inference(split_conjunct,[status(thm)],[c_0_43])).
cnf(c_0_47,negated_conjecture,(unordered_pair(esk8_0,unordered_pair(esk9_0,esk9_0))=unordered_pair(unordered_pair(esk9_0,esk9_0),unordered_pair(esk11_0,esk11_0))|unordered_pair(esk8_0,esk8_0)=unordered_pair(unordered_pair(esk9_0,esk9_0),unordered_pair(esk11_0,esk11_0))), inference(rw,[status(thm)],[inference(rw,[status(thm)],[c_0_44, c_0_39]), c_0_39])).
cnf(c_0_48,negated_conjecture,(esk8_0=unordered_pair(esk9_0,esk9_0)), inference(spm,[status(thm)],[c_0_45, c_0_20])).
cnf(c_0_49,plain,(X1=null_class|member(esk6_1(X1),universal_class)), inference(split_conjunct,[status(thm)],[c_0_43])).
cnf(c_0_50,plain,(esk6_1(unordered_pair(X1,X2))=X1|esk6_1(unordered_pair(X1,X2))=X2|unordered_pair(X1,X2)=null_class), inference(spm,[status(thm)],[c_0_22, c_0_46])).
cnf(c_0_51,negated_conjecture,(unordered_pair(unordered_pair(esk9_0,esk9_0),unordered_pair(esk11_0,esk11_0))=unordered_pair(unordered_pair(esk9_0,esk9_0),unordered_pair(esk9_0,esk9_0))), inference(cn,[status(thm)],[inference(rw,[status(thm)],[inference(rw,[status(thm)],[inference(rw,[status(thm)],[c_0_47, c_0_48]), c_0_48]), c_0_48])])).
cnf(c_0_52,plain,(null_class=X1|member(esk6_1(X1),unordered_pair(esk6_1(X1),X2))), inference(spm,[status(thm)],[c_0_27, c_0_49])).
cnf(c_0_53,plain,(esk6_1(unordered_pair(X1,X1))=X1|unordered_pair(X1,X1)=null_class), inference(er,[status(thm)],[inference(ef,[status(thm)],[c_0_50])])).
cnf(c_0_54,negated_conjecture,(member(unordered_pair(esk11_0,esk11_0),unordered_pair(unordered_pair(esk9_0,esk9_0),unordered_pair(esk9_0,esk9_0)))), inference(spm,[status(thm)],[c_0_20, c_0_51])).
cnf(c_0_55,plain,(unordered_pair(X1,X1)=null_class|member(X1,unordered_pair(X1,X2))), inference(spm,[status(thm)],[c_0_52, c_0_53])).
cnf(c_0_56,negated_conjecture,(unordered_pair(esk11_0,esk11_0)=unordered_pair(esk9_0,esk9_0)), inference(spm,[status(thm)],[c_0_22, c_0_54])).
fof(c_0_57, plain, (![X1]:~member(X1,null_class)), inference(fof_simplification,[status(thm)],[c_0_6])).
cnf(c_0_58,negated_conjecture,(unordered_pair(esk9_0,esk9_0)=null_class|member(esk11_0,unordered_pair(esk9_0,esk9_0))), inference(rw,[status(thm)],[inference(spm,[status(thm)],[c_0_55, c_0_56]), c_0_56])).
fof(c_0_59, plain, (![X2]:~member(X2,null_class)), inference(variable_rename,[status(thm)],[c_0_57])).
cnf(c_0_60,negated_conjecture,(unordered_pair(esk9_0,esk9_0)=null_class), inference(sr,[status(thm)],[inference(spm,[status(thm)],[c_0_22, c_0_58]), c_0_35])).
cnf(c_0_61,plain,(~member(X1,null_class)), inference(split_conjunct,[status(thm)],[c_0_59])).
cnf(c_0_62,negated_conjecture,($false), inference(sr,[status(thm)],[inference(spm,[status(thm)],[c_0_34, c_0_60]), c_0_61]), ['proof']).
# SZS output end CNFRefutation.
EOF
