% Problem    : SWW298+1 : TPTP v6.1.0. Released v5.2.0.
% Command    : eprover --auto-schedule --tstp-format -s --proof-object --memory-limit=2048 --cpu-limit=%d %s
% Computer   : n150.star.cs.uiowa.edu
% Model      : x86_64 x86_64
% CPU        : Intel(R) Xeon(R) CPU E5-2609 0 @ 2.40GHz
% Memory     : 32286.75MB
% OS         : Linux 2.6.32-431.20.3.el6.x86_64
% CPULimit   : 300
% DateTime   : Sun Jul 20 06:07:06 CDT 2014
% CPUTime    : 
# No SInE strategy applied
# Trying AutoSched0 for 151 seconds
# AutoSched0-Mode selected heuristic G_E___207_C18_F1_AE_CS_SP_PS_S0Y
# and selection function SelectMaxLComplexAvoidPosPred.
#
# Presaturation interreduction done

# Proof found!
# SZS status Theorem
# SZS output start CNFRefutation.
fof(c_0_0, conjecture, (![X3]:(hBOOL(hAPP(hAPP(c_member(tc_Hoare__Mirabelle_Otriple(t_a)),X3),v_ts))=>c_Hoare__Mirabelle_Otriple__valid(t_a,v_n,X3))), file('/export/starexec/sandbox/benchmark/theBenchmark.p', conj_1)).
fof(c_0_1, hypothesis, (![X3]:(hBOOL(hAPP(hAPP(c_member(tc_Hoare__Mirabelle_Otriple(t_a)),X3),v_ts))=>c_Hoare__Mirabelle_Otriple__valid(t_a,hAPP(c_Nat_OSuc,v_n),X3))), file('/export/starexec/sandbox/benchmark/theBenchmark.p', conj_0)).
fof(c_0_2, axiom, (![X4]:![X5]:![X6]:(c_Hoare__Mirabelle_Otriple__valid(X6,hAPP(c_Nat_OSuc,X5),X4)=>c_Hoare__Mirabelle_Otriple__valid(X6,X5,X4))), file('/export/starexec/sandbox/benchmark/theBenchmark.p', fact_triple__valid__Suc)).
fof(c_0_3, negated_conjecture, (~(![X3]:(hBOOL(hAPP(hAPP(c_member(tc_Hoare__Mirabelle_Otriple(t_a)),X3),v_ts))=>c_Hoare__Mirabelle_Otriple__valid(t_a,v_n,X3)))), inference(assume_negation,[status(cth)],[c_0_0])).
fof(c_0_4, hypothesis, (![X4]:(~hBOOL(hAPP(hAPP(c_member(tc_Hoare__Mirabelle_Otriple(t_a)),X4),v_ts))|c_Hoare__Mirabelle_Otriple__valid(t_a,hAPP(c_Nat_OSuc,v_n),X4))), inference(variable_rename,[status(thm)],[inference(fof_nnf,[status(thm)],[c_0_1])])).
fof(c_0_5, negated_conjecture, ((hBOOL(hAPP(hAPP(c_member(tc_Hoare__Mirabelle_Otriple(t_a)),esk556_0),v_ts))&~c_Hoare__Mirabelle_Otriple__valid(t_a,v_n,esk556_0))), inference(skolemize,[status(esa)],[inference(variable_rename,[status(thm)],[inference(fof_nnf,[status(thm)],[c_0_3])])])).
fof(c_0_6, plain, (![X7]:![X8]:![X9]:(~c_Hoare__Mirabelle_Otriple__valid(X9,hAPP(c_Nat_OSuc,X8),X7)|c_Hoare__Mirabelle_Otriple__valid(X9,X8,X7))), inference(variable_rename,[status(thm)],[inference(fof_nnf,[status(thm)],[c_0_2])])).
cnf(c_0_7,hypothesis,(c_Hoare__Mirabelle_Otriple__valid(t_a,hAPP(c_Nat_OSuc,v_n),X1)|~hBOOL(hAPP(hAPP(c_member(tc_Hoare__Mirabelle_Otriple(t_a)),X1),v_ts))), inference(split_conjunct,[status(thm)],[c_0_4])).
cnf(c_0_8,negated_conjecture,(hBOOL(hAPP(hAPP(c_member(tc_Hoare__Mirabelle_Otriple(t_a)),esk556_0),v_ts))), inference(split_conjunct,[status(thm)],[c_0_5])).
cnf(c_0_9,plain,(c_Hoare__Mirabelle_Otriple__valid(X1,X2,X3)|~c_Hoare__Mirabelle_Otriple__valid(X1,hAPP(c_Nat_OSuc,X2),X3)), inference(split_conjunct,[status(thm)],[c_0_6])).
cnf(c_0_10,negated_conjecture,(c_Hoare__Mirabelle_Otriple__valid(t_a,hAPP(c_Nat_OSuc,v_n),esk556_0)), inference(spm,[status(thm)],[c_0_7, c_0_8])).
cnf(c_0_11,negated_conjecture,(~c_Hoare__Mirabelle_Otriple__valid(t_a,v_n,esk556_0)), inference(split_conjunct,[status(thm)],[c_0_5])).
cnf(c_0_12,negated_conjecture,($false), inference(sr,[status(thm)],[inference(spm,[status(thm)],[c_0_9, c_0_10]), c_0_11]), ['proof']).
# SZS output end CNFRefutation.
EOF
