% Problem    : GEO280+1 : TPTP v6.1.0. Released v4.1.0.
% Command    : eprover --auto-schedule --tstp-format -s --proof-object --memory-limit=2048 --cpu-limit=%d %s
% Computer   : n122.star.cs.uiowa.edu
% Model      : x86_64 x86_64
% CPU        : Intel(R) Xeon(R) CPU E5-2609 0 @ 2.40GHz
% Memory     : 32286.75MB
% OS         : Linux 2.6.32-431.20.3.el6.x86_64
% CPULimit   : 300
% DateTime   : Sun Jul 20 05:22:16 CDT 2014
% CPUTime    : 
# No SInE strategy applied
# Trying AutoSched0 for 151 seconds
# AutoSched0-Mode selected heuristic G_E___100_C18_F1_PI_AE_Q4_CS_SP_PS_S0Y
# and selection function SelectMaxLComplexAvoidPosPred.
#
# Presaturation interreduction done

# Proof found!
# SZS status Theorem
# SZS output start CNFRefutation.
fof(c_0_0, axiom, (![X82]:![X83]:((?[X84]:(X83=X84&rpoint(X84))&?[X85]:(X82=X85&rpoint(X85)))=>?[X86]:(vf(X82,X83)=X86&rreal(X86)))), file('/export/starexec/sandbox/benchmark/theBenchmark.p', 'qu(cond(axiom(160), 0), imp(cond(axiom(160), 0)))')).
fof(c_0_1, axiom, (![X651]:![X652]:((?[X653]:(X652=X653&rpoint(X653))&?[X654]:(X651=X654&rpoint(X654)))=>vf(X651,X652)=vf(X652,X651))), file('/export/starexec/sandbox/benchmark/theBenchmark.p', 'qu(cond(axiom(166), 0), imp(cond(axiom(166), 0)))')).
fof(c_0_2, axiom, (![X159]:![X160]:![X161]:![X162]:(((((rless(X159,X161)&X161=X162)&rreal(X162))&X159=X160)&rreal(X160))=>(~(rless(X161,X159))|X159=X161))), file('/export/starexec/sandbox/benchmark/theBenchmark.p', 'qu(cond(axiom(147), 0), imp(cond(axiom(147), 0)))')).
fof(c_0_3, axiom, (((((((((((rless(vf(vd1127,vd1129),vf(vd1123,vd1125))&vd1127!=vd1129)&vd1123!=vd1125)&vd1129=vd1130)&rpoint(vd1130))&vd1127=vd1128)&rpoint(vd1128))&vd1125=vd1126)&rpoint(vd1126))&vd1123=vd1124)&rpoint(vd1124))), file('/export/starexec/sandbox/benchmark/theBenchmark.p', 'and(and(and(and(holds(conjunct2(conjunct2(conjunct2(conjunct2(conjunct2(conjunct2(242)))))), 1133, 0), and(holds(conjunct1(conjunct2(conjunct2(conjunct2(conjunct2(conjunct2(242)))))), 1132, 0), and(holds(conjunct1(conjunct2(conjunct2(conjunct2(conjunct2(242))))), 1131, 0), and(pred(conjunct1(conjunct2(conjunct2(conjunct2(242)))), 2), pred(conjunct1(conjunct2(conjunct2(conjunct2(242)))), 1))))), and(pred(conjunct1(conjunct2(conjunct2(242))), 2), pred(conjunct1(conjunct2(conjunct2(242))), 1))), and(pred(conjunct1(conjunct2(242)), 2), pred(conjunct1(conjunct2(242)), 1))), and(pred(conjunct1(242), 2), pred(conjunct1(242), 1)))')).
fof(c_0_4, axiom, (vf(vd1127,vd1129)=vf(vd1123,vd1136)), file('/export/starexec/sandbox/benchmark/theBenchmark.p', 'holds(245, 1137, 0)')).
fof(c_0_5, axiom, (![X139]:![X140]:![X141]:![X142]:((((ron(X140,X142)&rcenter(X141,X142))&?[X143]:(X140=X143&rpoint(X143)))&?[X144]:(X139=X144&rpoint(X144)))=>(rless(vf(X141,X139),vf(X141,X140))<=>rinside(X139,X142)))), file('/export/starexec/sandbox/benchmark/theBenchmark.p', 'qu(cond(axiom(186), 0), imp(cond(axiom(186), 0)))')).
fof(c_0_6, axiom, (((((ron(vd1136,vd1139)&rcenter(vd1123,vd1139))&rcircle(vd1139))&ron(vd1125,vd1138))&ron(vd1123,vd1138))), file('/export/starexec/sandbox/benchmark/theBenchmark.p', 'and(and(pred(comma_conjunct2(comma_conjunct2(comma_conjunct2(246))), 0), and(pred(comma_conjunct1(comma_conjunct2(comma_conjunct2(246))), 0), and(pred(comma_conjunct2(comma_conjunct2(246)), 0), pred(comma_conjunct1(comma_conjunct2(246)), 0)))), pred(comma_conjunct1(246), 0))')).
fof(c_0_7, conjecture, (~(rinside(vd1125,vd1139))), file('/export/starexec/sandbox/benchmark/theBenchmark.p', 'neg(neg(247))')).
fof(c_0_8, axiom, (![X157]:![X158]:((X157=X158&rreal(X158))=>~(rless(X157,X157)))), file('/export/starexec/sandbox/benchmark/theBenchmark.p', 'qu(cond(axiom(149), 0), imp(cond(axiom(149), 0)))')).
fof(c_0_9, axiom, (rpoint(vd1136)), file('/export/starexec/sandbox/benchmark/theBenchmark.p', 'pred(245, 0)')).
fof(c_0_10, plain, (![X87]:![X88]:![X89]:![X90]:((vf(X87,X88)=esk6_2(X87,X88)|((X88!=X89|~rpoint(X89))|(X87!=X90|~rpoint(X90))))&(rreal(esk6_2(X87,X88))|((X88!=X89|~rpoint(X89))|(X87!=X90|~rpoint(X90)))))), inference(distribute,[status(thm)],[inference(shift_quantors,[status(thm)],[inference(skolemize,[status(esa)],[inference(variable_rename,[status(thm)],[inference(fof_nnf,[status(thm)],[c_0_0])])])])])).
fof(c_0_11, plain, (![X655]:![X656]:![X657]:![X658]:(((X656!=X657|~rpoint(X657))|(X655!=X658|~rpoint(X658)))|vf(X655,X656)=vf(X656,X655))), inference(shift_quantors,[status(thm)],[inference(variable_rename,[status(thm)],[inference(fof_nnf,[status(thm)],[c_0_1])])])).
fof(c_0_12, plain, (![X159]:![X160]:![X161]:![X162]:(((((rless(X159,X161)&X161=X162)&rreal(X162))&X159=X160)&rreal(X160))=>(~rless(X161,X159)|X159=X161))), inference(fof_simplification,[status(thm)],[c_0_2])).
cnf(c_0_13,plain,(rreal(esk6_2(X2,X4))|~rpoint(X1)|X2!=X1|~rpoint(X3)|X4!=X3), inference(split_conjunct,[status(thm)],[c_0_10])).
cnf(c_0_14,plain,(vf(X2,X4)=esk6_2(X2,X4)|~rpoint(X1)|X2!=X1|~rpoint(X3)|X4!=X3), inference(split_conjunct,[status(thm)],[c_0_10])).
cnf(c_0_15,plain,(vf(X1,X2)=vf(X2,X1)|~rpoint(X3)|X1!=X3|~rpoint(X4)|X2!=X4), inference(split_conjunct,[status(thm)],[c_0_11])).
cnf(c_0_16,plain,(rpoint(vd1128)), inference(split_conjunct,[status(thm)],[c_0_3])).
cnf(c_0_17,plain,(vd1127=vd1128), inference(split_conjunct,[status(thm)],[c_0_3])).
cnf(c_0_18,plain,(rpoint(vd1130)), inference(split_conjunct,[status(thm)],[c_0_3])).
cnf(c_0_19,plain,(vd1129=vd1130), inference(split_conjunct,[status(thm)],[c_0_3])).
fof(c_0_20, plain, (![X163]:![X164]:![X165]:![X166]:(((((~rless(X163,X165)|X165!=X166)|~rreal(X166))|X163!=X164)|~rreal(X164))|(~rless(X165,X163)|X163=X165))), inference(shift_quantors,[status(thm)],[inference(variable_rename,[status(thm)],[inference(shift_quantors,[status(thm)],[inference(fof_nnf,[status(thm)],[c_0_12])])])])).
cnf(c_0_21,plain,(rreal(esk6_2(X1,X2))|~rpoint(X2)|~rpoint(X1)), inference(er,[status(thm)],[inference(er,[status(thm)],[c_0_13])])).
cnf(c_0_22,plain,(esk6_2(X1,X2)=vf(X1,X2)|~rpoint(X2)|~rpoint(X1)), inference(er,[status(thm)],[inference(er,[status(thm)],[c_0_14])])).
cnf(c_0_23,plain,(vf(vd1127,vd1129)=vf(vd1123,vd1136)), inference(split_conjunct,[status(thm)],[c_0_4])).
cnf(c_0_24,plain,(vf(X1,X2)=vf(X2,X1)|~rpoint(X2)|~rpoint(X1)), inference(er,[status(thm)],[inference(er,[status(thm)],[c_0_15])])).
cnf(c_0_25,plain,(rpoint(vd1127)), inference(rw,[status(thm)],[c_0_16, c_0_17])).
cnf(c_0_26,plain,(rpoint(vd1129)), inference(rw,[status(thm)],[c_0_18, c_0_19])).
fof(c_0_27, plain, (![X145]:![X146]:![X147]:![X148]:![X149]:![X150]:(((~rless(vf(X147,X145),vf(X147,X146))|rinside(X145,X148))|(((~ron(X146,X148)|~rcenter(X147,X148))|(X146!=X149|~rpoint(X149)))|(X145!=X150|~rpoint(X150))))&((~rinside(X145,X148)|rless(vf(X147,X145),vf(X147,X146)))|(((~ron(X146,X148)|~rcenter(X147,X148))|(X146!=X149|~rpoint(X149)))|(X145!=X150|~rpoint(X150)))))), inference(distribute,[status(thm)],[inference(shift_quantors,[status(thm)],[inference(variable_rename,[status(thm)],[inference(fof_nnf,[status(thm)],[c_0_5])])])])).
cnf(c_0_28,plain,(X1=X2|~rless(X2,X1)|~rreal(X3)|X1!=X3|~rreal(X4)|X2!=X4|~rless(X1,X2)), inference(split_conjunct,[status(thm)],[c_0_20])).
cnf(c_0_29,plain,(rless(vf(vd1127,vd1129),vf(vd1123,vd1125))), inference(split_conjunct,[status(thm)],[c_0_3])).
cnf(c_0_30,plain,(rreal(vf(X1,X2))|~rpoint(X2)|~rpoint(X1)), inference(spm,[status(thm)],[c_0_21, c_0_22])).
cnf(c_0_31,plain,(vf(vd1129,vd1127)=vf(vd1123,vd1136)), inference(cn,[status(thm)],[inference(rw,[status(thm)],[inference(rw,[status(thm)],[inference(spm,[status(thm)],[c_0_23, c_0_24]), c_0_25]), c_0_26])])).
cnf(c_0_32,plain,(rless(vf(X5,X2),vf(X5,X4))|~rpoint(X1)|X2!=X1|~rpoint(X3)|X4!=X3|~rcenter(X5,X6)|~ron(X4,X6)|~rinside(X2,X6)), inference(split_conjunct,[status(thm)],[c_0_27])).
cnf(c_0_33,plain,(X1=X2|~rreal(X2)|~rreal(X1)|~rless(X2,X1)|~rless(X1,X2)), inference(er,[status(thm)],[inference(er,[status(thm)],[c_0_28])])).
cnf(c_0_34,plain,(rless(vf(vd1123,vd1136),vf(vd1123,vd1125))), inference(rw,[status(thm)],[c_0_29, c_0_23])).
cnf(c_0_35,plain,(rreal(vf(vd1123,vd1136))), inference(cn,[status(thm)],[inference(rw,[status(thm)],[inference(rw,[status(thm)],[inference(spm,[status(thm)],[c_0_30, c_0_31]), c_0_25]), c_0_26])])).
cnf(c_0_36,plain,(rless(vf(X1,X2),vf(X1,X3))|~rpoint(X3)|~rpoint(X2)|~rcenter(X1,X4)|~ron(X3,X4)|~rinside(X2,X4)), inference(er,[status(thm)],[inference(er,[status(thm)],[c_0_32])])).
cnf(c_0_37,plain,(rcenter(vd1123,vd1139)), inference(split_conjunct,[status(thm)],[c_0_6])).
cnf(c_0_38,plain,(rpoint(vd1126)), inference(split_conjunct,[status(thm)],[c_0_3])).
cnf(c_0_39,plain,(vd1125=vd1126), inference(split_conjunct,[status(thm)],[c_0_3])).
fof(c_0_40, negated_conjecture, (rinside(vd1125,vd1139)), inference(fof_simplification,[status(thm)],[inference(assume_negation,[status(cth)],[c_0_7])])).
fof(c_0_41, plain, (![X157]:![X158]:((X157=X158&rreal(X158))=>~rless(X157,X157))), inference(fof_simplification,[status(thm)],[c_0_8])).
cnf(c_0_42,plain,(vf(vd1123,vd1136)=vf(vd1123,vd1125)|~rreal(vf(vd1123,vd1125))|~rless(vf(vd1123,vd1125),vf(vd1123,vd1136))), inference(cn,[status(thm)],[inference(rw,[status(thm)],[inference(spm,[status(thm)],[c_0_33, c_0_34]), c_0_35])])).
cnf(c_0_43,plain,(rless(vf(vd1123,X1),vf(vd1123,X2))|~rpoint(X2)|~rpoint(X1)|~ron(X2,vd1139)|~rinside(X1,vd1139)), inference(spm,[status(thm)],[c_0_36, c_0_37])).
cnf(c_0_44,plain,(rpoint(vd1136)), inference(split_conjunct,[status(thm)],[c_0_9])).
cnf(c_0_45,plain,(rpoint(vd1125)), inference(rw,[status(thm)],[c_0_38, c_0_39])).
cnf(c_0_46,plain,(ron(vd1136,vd1139)), inference(split_conjunct,[status(thm)],[c_0_6])).
cnf(c_0_47,negated_conjecture,(rinside(vd1125,vd1139)), inference(split_conjunct,[status(thm)],[c_0_40])).
cnf(c_0_48,plain,(rpoint(vd1124)), inference(split_conjunct,[status(thm)],[c_0_3])).
cnf(c_0_49,plain,(vd1123=vd1124), inference(split_conjunct,[status(thm)],[c_0_3])).
fof(c_0_50, plain, (![X159]:![X160]:((X159!=X160|~rreal(X160))|~rless(X159,X159))), inference(shift_quantors,[status(thm)],[inference(variable_rename,[status(thm)],[inference(shift_quantors,[status(thm)],[inference(fof_nnf,[status(thm)],[c_0_41])])])])).
cnf(c_0_51,plain,(vf(vd1123,vd1136)=vf(vd1123,vd1125)|~rreal(vf(vd1123,vd1125))), inference(cn,[status(thm)],[inference(rw,[status(thm)],[inference(rw,[status(thm)],[inference(rw,[status(thm)],[inference(rw,[status(thm)],[inference(spm,[status(thm)],[c_0_42, c_0_43]), c_0_44]), c_0_45]), c_0_46]), c_0_47])])).
cnf(c_0_52,plain,(rpoint(vd1123)), inference(rw,[status(thm)],[c_0_48, c_0_49])).
cnf(c_0_53,plain,(~rless(X1,X1)|~rreal(X2)|X1!=X2), inference(split_conjunct,[status(thm)],[c_0_50])).
cnf(c_0_54,plain,(vf(vd1123,vd1136)=vf(vd1123,vd1125)), inference(cn,[status(thm)],[inference(rw,[status(thm)],[inference(rw,[status(thm)],[inference(spm,[status(thm)],[c_0_51, c_0_30]), c_0_45]), c_0_52])])).
cnf(c_0_55,plain,(~rreal(X1)|~rless(X1,X1)), inference(er,[status(thm)],[c_0_53])).
cnf(c_0_56,plain,(rless(vf(vd1123,vd1125),vf(vd1123,vd1125))), inference(rw,[status(thm)],[c_0_34, c_0_54])).
cnf(c_0_57,plain,(rreal(vf(vd1123,vd1125))), inference(rw,[status(thm)],[c_0_35, c_0_54])).
cnf(c_0_58,plain,($false), inference(cn,[status(thm)],[inference(rw,[status(thm)],[inference(spm,[status(thm)],[c_0_55, c_0_56]), c_0_57])]), ['proof']).
# SZS output end CNFRefutation.
EOF
