% Problem    : SWB057+1 : TPTP v6.1.0. Released v5.2.0.
% Command    : eprover --auto-schedule --tstp-format -s --proof-object --memory-limit=2048 --cpu-limit=%d %s
% Computer   : n126.star.cs.uiowa.edu
% Model      : x86_64 x86_64
% CPU        : Intel(R) Xeon(R) CPU E5-2609 0 @ 2.40GHz
% Memory     : 32286.75MB
% OS         : Linux 2.6.32-431.20.3.el6.x86_64
% CPULimit   : 300
% DateTime   : Sun Jul 20 04:18:11 CDT 2014
% CPUTime    : 
# No SInE strategy applied
# Trying AutoSched0 for 151 seconds
# AutoSched0-Mode selected heuristic H_____047_C45_F1_AE_R8_CS_SP_S2S
# and selection function SelectNewComplexAHP.
#

# Proof found!
# SZS status Theorem
# SZS output start CNFRefutation.
fof(c_0_0, axiom, (![X11]:![X5]:(iext(uri_owl_complementOf,X11,X5)=>((ic(X11)&ic(X5))&![X4]:(icext(X11,X4)<=>~(icext(X5,X4)))))), file('/export/starexec/sandbox/benchmark/Axioms/SWB001+0.ax', owl_bool_complementof_class)).
fof(c_0_1, axiom, (?[X42]:((iext(uri_rdf_type,uri_ex_u,X42)&iext(uri_owl_complementOf,X42,uri_ex_c))&iext(uri_rdf_type,uri_ex_w,uri_ex_c))), file('/export/starexec/sandbox/benchmark/theBenchmark.p', premise_rdfbased_sem_eqdis_different_ext)).
fof(c_0_2, axiom, (![X4]:![X5]:(iext(uri_rdf_type,X4,X5)<=>icext(X5,X4))), file('/export/starexec/sandbox/benchmark/Axioms/SWB001+0.ax', rdfs_cext_def)).
fof(c_0_3, conjecture, (iext(uri_owl_differentFrom,uri_ex_w,uri_ex_u)), file('/export/starexec/sandbox/benchmark/theBenchmark.p', conclusion_rdfbased_sem_eqdis_different_ext)).
fof(c_0_4, axiom, (![X4]:![X7]:(iext(uri_owl_differentFrom,X4,X7)<=>X4!=X7)), file('/export/starexec/sandbox/benchmark/Axioms/SWB001+0.ax', owl_eqdis_differentfrom)).
fof(c_0_5, plain, (![X11]:![X5]:(iext(uri_owl_complementOf,X11,X5)=>((ic(X11)&ic(X5))&![X4]:(icext(X11,X4)<=>~icext(X5,X4))))), inference(fof_simplification,[status(thm)],[c_0_0])).
fof(c_0_6, plain, (![X12]:![X13]:![X14]:![X15]:(((ic(X12)|~iext(uri_owl_complementOf,X12,X13))&(ic(X13)|~iext(uri_owl_complementOf,X12,X13)))&(((~icext(X12,X14)|~icext(X13,X14))|~iext(uri_owl_complementOf,X12,X13))&((icext(X13,X15)|icext(X12,X15))|~iext(uri_owl_complementOf,X12,X13))))), inference(distribute,[status(thm)],[inference(shift_quantors,[status(thm)],[inference(variable_rename,[status(thm)],[inference(shift_quantors,[status(thm)],[inference(fof_nnf,[status(thm)],[c_0_5])])])])])).
fof(c_0_7, plain, (((iext(uri_rdf_type,uri_ex_u,esk192_0)&iext(uri_owl_complementOf,esk192_0,uri_ex_c))&iext(uri_rdf_type,uri_ex_w,uri_ex_c))), inference(skolemize,[status(esa)],[inference(variable_rename,[status(thm)],[inference(shift_quantors,[status(thm)],[c_0_1])])])).
fof(c_0_8, plain, (![X6]:![X7]:![X8]:![X9]:((~iext(uri_rdf_type,X6,X7)|icext(X7,X6))&(~icext(X9,X8)|iext(uri_rdf_type,X8,X9)))), inference(shift_quantors,[status(thm)],[inference(variable_rename,[status(thm)],[inference(shift_quantors,[status(thm)],[inference(fof_nnf,[status(thm)],[c_0_2])])])])).
fof(c_0_9, negated_conjecture, (~iext(uri_owl_differentFrom,uri_ex_w,uri_ex_u)), inference(fof_simplification,[status(thm)],[inference(assume_negation,[status(cth)],[c_0_3])])).
fof(c_0_10, plain, (![X8]:![X9]:![X10]:![X11]:((~iext(uri_owl_differentFrom,X8,X9)|X8!=X9)&(X10=X11|iext(uri_owl_differentFrom,X10,X11)))), inference(shift_quantors,[status(thm)],[inference(variable_rename,[status(thm)],[inference(shift_quantors,[status(thm)],[inference(fof_nnf,[status(thm)],[c_0_4])])])])).
cnf(c_0_11,plain,(~iext(uri_owl_complementOf,X1,X2)|~icext(X2,X3)|~icext(X1,X3)), inference(split_conjunct,[status(thm)],[c_0_6])).
cnf(c_0_12,plain,(iext(uri_owl_complementOf,esk192_0,uri_ex_c)), inference(split_conjunct,[status(thm)],[c_0_7])).
cnf(c_0_13,plain,(icext(X1,X2)|~iext(uri_rdf_type,X2,X1)), inference(split_conjunct,[status(thm)],[c_0_8])).
cnf(c_0_14,plain,(iext(uri_rdf_type,uri_ex_w,uri_ex_c)), inference(split_conjunct,[status(thm)],[c_0_7])).
cnf(c_0_15,plain,(iext(uri_rdf_type,uri_ex_u,esk192_0)), inference(split_conjunct,[status(thm)],[c_0_7])).
cnf(c_0_16,negated_conjecture,(~iext(uri_owl_differentFrom,uri_ex_w,uri_ex_u)), inference(split_conjunct,[status(thm)],[c_0_9])).
cnf(c_0_17,plain,(iext(uri_owl_differentFrom,X1,X2)|X1=X2), inference(split_conjunct,[status(thm)],[c_0_10])).
cnf(c_0_18,plain,(~icext(uri_ex_c,X1)|~icext(esk192_0,X1)), inference(spm,[status(thm)],[c_0_11, c_0_12])).
cnf(c_0_19,plain,(icext(uri_ex_c,uri_ex_w)), inference(spm,[status(thm)],[c_0_13, c_0_14])).
cnf(c_0_20,plain,(icext(esk192_0,uri_ex_u)), inference(spm,[status(thm)],[c_0_13, c_0_15])).
cnf(c_0_21,negated_conjecture,(uri_ex_u=uri_ex_w), inference(spm,[status(thm)],[c_0_16, c_0_17])).
cnf(c_0_22,plain,(~icext(esk192_0,uri_ex_w)), inference(spm,[status(thm)],[c_0_18, c_0_19])).
cnf(c_0_23,plain,($false), inference(sr,[status(thm)],[inference(rw,[status(thm)],[c_0_20, c_0_21]), c_0_22]), ['proof']).
# SZS output end CNFRefutation.
EOF
