% Problem    : SWW294+1 : TPTP v6.1.0. Released v5.2.0.
% Command    : eprover --auto-schedule --tstp-format -s --proof-object --memory-limit=2048 --cpu-limit=%d %s
% Computer   : n145.star.cs.uiowa.edu
% Model      : x86_64 x86_64
% CPU        : Intel(R) Xeon(R) CPU E5-2609 0 @ 2.40GHz
% Memory     : 32286.75MB
% OS         : Linux 2.6.32-431.20.3.el6.x86_64
% CPULimit   : 300
% DateTime   : Sun Jul 20 06:27:21 CDT 2014
% CPUTime    : 
# No SInE strategy applied
# Trying AutoSched0 for 151 seconds
# AutoSched0-Mode selected heuristic G_E___207_C18_F1_AE_CS_SP_PS_S0Y
# and selection function SelectMaxLComplexAvoidPosPred.
#
# Presaturation interreduction done

# Proof found!
# SZS status Theorem
# SZS output start CNFRefutation.
fof(c_0_0, axiom, (![X7]:c_Orderings_Otop__class_Otop(tc_fun(X7,tc_HOL_Obool))=hAPP(c_Set_OCollect(X7),hAPP(c_COMBK(tc_HOL_Obool,X7),c_fTrue))), file('/export/starexec/sandbox/benchmark/theBenchmark.p', fact_UNIV__def)).
fof(c_0_1, axiom, (![X38]:![X7]:hAPP(c_Set_OCollect(X7),X38)=X38), file('/export/starexec/sandbox/benchmark/theBenchmark.p', fact_Collect__def)).
fof(c_0_2, axiom, (![X338]:![X79]:![X7]:![X87]:hAPP(hAPP(c_COMBK(X87,X7),X79),X338)=X79), file('/export/starexec/sandbox/benchmark/theBenchmark.p', help_c__COMBK__1)).
fof(c_0_3, axiom, (![X7]:c_Orderings_Obot__class_Obot(tc_fun(X7,tc_HOL_Obool))=hAPP(c_Set_OCollect(X7),hAPP(c_COMBK(tc_HOL_Obool,X7),c_fFalse))), file('/export/starexec/sandbox/benchmark/theBenchmark.p', fact_empty__def)).
fof(c_0_4, axiom, (![X87]:(class_Lattices_Oboolean__algebra(X87)=>hAPP(c_Groups_Ouminus__class_Ouminus(X87),c_Orderings_Otop__class_Otop(X87))=c_Orderings_Obot__class_Obot(X87))), file('/export/starexec/sandbox/benchmark/theBenchmark.p', fact_compl__top__eq)).
fof(c_0_5, axiom, (![X6]:![X105]:![X7]:(class_Orderings_Otop(X7)=>hAPP(c_Orderings_Otop__class_Otop(tc_fun(X105,X7)),X6)=c_Orderings_Otop__class_Otop(X7))), file('/export/starexec/sandbox/benchmark/theBenchmark.p', fact_top__apply)).
fof(c_0_6, axiom, (class_Lattices_Oboolean__algebra(tc_HOL_Obool)), file('/export/starexec/sandbox/benchmark/theBenchmark.p', arity_HOL__Obool__Lattices_Oboolean__algebra)).
fof(c_0_7, axiom, (class_Orderings_Otop(tc_HOL_Obool)), file('/export/starexec/sandbox/benchmark/theBenchmark.p', arity_HOL__Obool__Orderings_Otop)).
fof(c_0_8, axiom, (![X6]:![X105]:![X7]:(class_Orderings_Obot(X7)=>hAPP(c_Orderings_Obot__class_Obot(tc_fun(X105,X7)),X6)=c_Orderings_Obot__class_Obot(X7))), file('/export/starexec/sandbox/benchmark/theBenchmark.p', fact_bot__fun__def)).
fof(c_0_9, axiom, (![X38]:![X7]:(c_Orderings_Obot__class_Obot(tc_fun(X7,tc_HOL_Obool))=hAPP(c_Set_OCollect(X7),X38)<=>![X3]:~(hBOOL(hAPP(X38,X3))))), file('/export/starexec/sandbox/benchmark/theBenchmark.p', fact_empty__Collect__eq)).
fof(c_0_10, axiom, (![X127]:![X6]:![X7]:(class_Lattices_Oboolean__algebra(X7)=>(hAPP(c_Groups_Ouminus__class_Ouminus(X7),X6)=hAPP(c_Groups_Ouminus__class_Ouminus(X7),X127)<=>X6=X127))), file('/export/starexec/sandbox/benchmark/theBenchmark.p', fact_compl__eq__compl__iff)).
fof(c_0_11, axiom, (![X86]:![X87]:(class_Lattices_Oboolean__algebra(X87)=>hAPP(c_Groups_Ouminus__class_Ouminus(X87),hAPP(c_Groups_Ouminus__class_Ouminus(X87),X86))=X86)), file('/export/starexec/sandbox/benchmark/theBenchmark.p', fact_double__compl)).
fof(c_0_12, axiom, (class_Orderings_Obot(tc_HOL_Obool)), file('/export/starexec/sandbox/benchmark/theBenchmark.p', arity_HOL__Obool__Orderings_Obot)).
fof(c_0_13, axiom, (![X38]:![X7]:hAPP(c_Set_OCollect(X7),hAPP(hAPP(c_COMBB(tc_HOL_Obool,tc_HOL_Obool,X7),c_fNot),X38))=hAPP(c_Groups_Ouminus__class_Ouminus(tc_fun(X7,tc_HOL_Obool)),hAPP(c_Set_OCollect(X7),X38))), file('/export/starexec/sandbox/benchmark/theBenchmark.p', fact_Collect__neg__eq)).
fof(c_0_14, axiom, (![X149]:![X7]:hAPP(c_Groups_Ouminus__class_Ouminus(tc_fun(X7,tc_HOL_Obool)),hAPP(c_Groups_Ouminus__class_Ouminus(tc_fun(X7,tc_HOL_Obool)),X149))=X149), file('/export/starexec/sandbox/benchmark/theBenchmark.p', fact_double__complement)).
fof(c_0_15, axiom, (![X38]:(~(hBOOL(hAPP(c_fNot,X38)))|~(hBOOL(X38)))), file('/export/starexec/sandbox/benchmark/theBenchmark.p', help_c__fNot__1)).
fof(c_0_16, axiom, (![X6]:![X25]:![X119]:![X7]:![X105]:hAPP(c_Sum__Type_Osum_Osum__case(X105,X7,X119,hAPP(c_COMBK(X7,X105),X25),hAPP(c_COMBK(X7,X119),X25)),X6)=X25), file('/export/starexec/sandbox/benchmark/theBenchmark.p', fact_sum__case__KK)).
fof(c_0_17, axiom, (![X7]:hAPP(c_Groups_Ouminus__class_Ouminus(tc_fun(X7,tc_HOL_Obool)),c_Orderings_Otop__class_Otop(tc_fun(X7,tc_HOL_Obool)))=c_Orderings_Obot__class_Obot(tc_fun(X7,tc_HOL_Obool))), file('/export/starexec/sandbox/benchmark/theBenchmark.p', fact_Compl__UNIV__eq)).
fof(c_0_18, axiom, (![X94]:![X44]:![X38]:(hBOOL(hAPP(X38,c_Divides_Odiv__class_Omod(tc_Nat_Onat,X44,X94)))<=>((X94=c_Groups_Ozero__class_Ozero(tc_Nat_Onat)=>hBOOL(hAPP(X38,X44)))&(X94!=c_Groups_Ozero__class_Ozero(tc_Nat_Onat)=>![X147]:![X117]:(hBOOL(hAPP(hAPP(c_Orderings_Oord__class_Oless(tc_Nat_Onat),X117),X94))=>(X44=hAPP(hAPP(c_Groups_Oplus__class_Oplus(tc_Nat_Onat),hAPP(hAPP(c_Groups_Otimes__class_Otimes(tc_Nat_Onat),X94),X147)),X117)=>hBOOL(hAPP(X38,X117)))))))), file('/export/starexec/sandbox/benchmark/theBenchmark.p', fact_split__mod)).
fof(c_0_19, axiom, (hAPP(c_Int_Onat,c_Groups_Ozero__class_Ozero(tc_Int_Oint))=c_Groups_Ozero__class_Ozero(tc_Nat_Onat)), file('/export/starexec/sandbox/benchmark/theBenchmark.p', fact_nat__0)).
fof(c_0_20, axiom, (c_Int_OPls=c_Groups_Ozero__class_Ozero(tc_Int_Oint)), file('/export/starexec/sandbox/benchmark/theBenchmark.p', fact_Pls__def)).
fof(c_0_21, axiom, (![X191]:![X194]:![X38]:![X119]:![X7]:![X105]:hAPP(hAPP(hAPP(c_COMBB(X105,X7,X119),X38),X194),X191)=hAPP(X38,hAPP(X194,X191))), file('/export/starexec/sandbox/benchmark/theBenchmark.p', help_c__COMBB__1)).
fof(c_0_22, axiom, (~(hBOOL(c_fFalse))), file('/export/starexec/sandbox/benchmark/theBenchmark.p', help_c__fFalse__1)).
fof(c_0_23, axiom, (![X71]:![X87]:(class_Divides_Osemiring__div(X87)=>c_Divides_Odiv__class_Omod(X87,X71,c_Groups_Ozero__class_Ozero(X87))=X71)), file('/export/starexec/sandbox/benchmark/theBenchmark.p', fact_mod__by__0)).
fof(c_0_24, axiom, (![X300]:![X87]:hAPP(c_List_Orev(X87),hAPP(c_List_Orev(X87),X300))=X300), file('/export/starexec/sandbox/benchmark/theBenchmark.p', fact_rev__rev__ident)).
fof(c_0_25, axiom, (class_Divides_Osemiring__div(tc_Nat_Onat)), file('/export/starexec/sandbox/benchmark/theBenchmark.p', arity_Nat__Onat__Divides_Osemiring__div)).
fof(c_0_26, axiom, (![X34]:c_Com_Ocom_OSKIP!=hAPP(c_Com_Ocom_OBODY,X34)), file('/export/starexec/sandbox/benchmark/theBenchmark.p', fact_com_Osimps_I18_J)).
fof(c_0_27, axiom, (![X38]:(~(~(hBOOL(X38)))|hBOOL(hAPP(c_fNot,X38)))), file('/export/starexec/sandbox/benchmark/theBenchmark.p', help_c__fNot__2)).
fof(c_0_28, axiom, (![X7]:![X38]:(hBOOL(hAPP(X38,c_Hilbert__Choice_OEps(X7,X38)))<=>?[X142]:hBOOL(hAPP(X38,X142)))), file('/export/starexec/sandbox/benchmark/theBenchmark.p', fact_some__eq__ex)).
fof(c_0_29, axiom, (![X4]:![X5]:(hAPP(c_Com_Ocom_OBODY,X5)=hAPP(c_Com_Ocom_OBODY,X4)<=>X5=X4)), file('/export/starexec/sandbox/benchmark/theBenchmark.p', fact_com_Osimps_I6_J)).
fof(c_0_30, axiom, (![X68]:![X27]:![X13]:![X14]:c_Com_Ocom_OAss(X14,X13)!=c_Com_Ocom_OWhile(X27,X68)), file('/export/starexec/sandbox/benchmark/theBenchmark.p', fact_com_Osimps_I28_J)).
fof(c_0_31, axiom, (![X68]:![X27]:c_Com_Ocom_OWhile(X27,X68)!=c_Com_Ocom_OSKIP), file('/export/starexec/sandbox/benchmark/theBenchmark.p', fact_com_Osimps_I17_J)).
fof(c_0_32, axiom, (![X27]:![X28]:c_Com_Ocom_OSKIP!=c_Com_Ocom_OAss(X28,X27)), file('/export/starexec/sandbox/benchmark/theBenchmark.p', fact_com_Osimps_I8_J)).
fof(c_0_33, plain, (![X8]:c_Orderings_Otop__class_Otop(tc_fun(X8,tc_HOL_Obool))=hAPP(c_Set_OCollect(X8),hAPP(c_COMBK(tc_HOL_Obool,X8),c_fTrue))), inference(variable_rename,[status(thm)],[c_0_0])).
fof(c_0_34, plain, (![X39]:![X40]:hAPP(c_Set_OCollect(X40),X39)=X39), inference(variable_rename,[status(thm)],[c_0_1])).
fof(c_0_35, plain, (![X339]:![X340]:![X341]:![X342]:hAPP(hAPP(c_COMBK(X342,X341),X340),X339)=X340), inference(variable_rename,[status(thm)],[c_0_2])).
cnf(c_0_36,plain,(c_Orderings_Otop__class_Otop(tc_fun(X1,tc_HOL_Obool))=hAPP(c_Set_OCollect(X1),hAPP(c_COMBK(tc_HOL_Obool,X1),c_fTrue))), inference(split_conjunct,[status(thm)],[c_0_33])).
cnf(c_0_37,plain,(hAPP(c_Set_OCollect(X1),X2)=X2), inference(split_conjunct,[status(thm)],[c_0_34])).
fof(c_0_38, plain, (![X8]:c_Orderings_Obot__class_Obot(tc_fun(X8,tc_HOL_Obool))=hAPP(c_Set_OCollect(X8),hAPP(c_COMBK(tc_HOL_Obool,X8),c_fFalse))), inference(variable_rename,[status(thm)],[c_0_3])).
fof(c_0_39, plain, (![X88]:(~class_Lattices_Oboolean__algebra(X88)|hAPP(c_Groups_Ouminus__class_Ouminus(X88),c_Orderings_Otop__class_Otop(X88))=c_Orderings_Obot__class_Obot(X88))), inference(variable_rename,[status(thm)],[inference(fof_nnf,[status(thm)],[c_0_4])])).
fof(c_0_40, plain, (![X106]:![X107]:![X108]:(~class_Orderings_Otop(X108)|hAPP(c_Orderings_Otop__class_Otop(tc_fun(X107,X108)),X106)=c_Orderings_Otop__class_Otop(X108))), inference(variable_rename,[status(thm)],[inference(fof_nnf,[status(thm)],[c_0_5])])).
cnf(c_0_41,plain,(hAPP(hAPP(c_COMBK(X1,X2),X3),X4)=X3), inference(split_conjunct,[status(thm)],[c_0_35])).
cnf(c_0_42,plain,(hAPP(c_COMBK(tc_HOL_Obool,X1),c_fTrue)=c_Orderings_Otop__class_Otop(tc_fun(X1,tc_HOL_Obool))), inference(rw,[status(thm)],[c_0_36, c_0_37])).
cnf(c_0_43,plain,(c_Orderings_Obot__class_Obot(tc_fun(X1,tc_HOL_Obool))=hAPP(c_Set_OCollect(X1),hAPP(c_COMBK(tc_HOL_Obool,X1),c_fFalse))), inference(split_conjunct,[status(thm)],[c_0_38])).
cnf(c_0_44,plain,(hAPP(c_Groups_Ouminus__class_Ouminus(X1),c_Orderings_Otop__class_Otop(X1))=c_Orderings_Obot__class_Obot(X1)|~class_Lattices_Oboolean__algebra(X1)), inference(split_conjunct,[status(thm)],[c_0_39])).
cnf(c_0_45,plain,(class_Lattices_Oboolean__algebra(tc_HOL_Obool)), inference(split_conjunct,[status(thm)],[c_0_6])).
cnf(c_0_46,plain,(hAPP(c_Orderings_Otop__class_Otop(tc_fun(X1,X2)),X3)=c_Orderings_Otop__class_Otop(X2)|~class_Orderings_Otop(X2)), inference(split_conjunct,[status(thm)],[c_0_40])).
cnf(c_0_47,plain,(class_Orderings_Otop(tc_HOL_Obool)), inference(split_conjunct,[status(thm)],[c_0_7])).
cnf(c_0_48,plain,(hAPP(c_Orderings_Otop__class_Otop(tc_fun(X1,tc_HOL_Obool)),X2)=c_fTrue), inference(spm,[status(thm)],[c_0_41, c_0_42])).
fof(c_0_49, plain, (![X106]:![X107]:![X108]:(~class_Orderings_Obot(X108)|hAPP(c_Orderings_Obot__class_Obot(tc_fun(X107,X108)),X106)=c_Orderings_Obot__class_Obot(X108))), inference(variable_rename,[status(thm)],[inference(fof_nnf,[status(thm)],[c_0_8])])).
cnf(c_0_50,plain,(hAPP(c_COMBK(tc_HOL_Obool,X1),c_fFalse)=c_Orderings_Obot__class_Obot(tc_fun(X1,tc_HOL_Obool))), inference(rw,[status(thm)],[c_0_43, c_0_37])).
fof(c_0_51, plain, (![X38]:![X7]:(c_Orderings_Obot__class_Obot(tc_fun(X7,tc_HOL_Obool))=hAPP(c_Set_OCollect(X7),X38)<=>![X3]:~hBOOL(hAPP(X38,X3)))), inference(fof_simplification,[status(thm)],[c_0_9])).
fof(c_0_52, plain, (![X128]:![X129]:![X130]:(((hAPP(c_Groups_Ouminus__class_Ouminus(X130),X129)!=hAPP(c_Groups_Ouminus__class_Ouminus(X130),X128)|X129=X128)|~class_Lattices_Oboolean__algebra(X130))&((X129!=X128|hAPP(c_Groups_Ouminus__class_Ouminus(X130),X129)=hAPP(c_Groups_Ouminus__class_Ouminus(X130),X128))|~class_Lattices_Oboolean__algebra(X130)))), inference(distribute,[status(thm)],[inference(variable_rename,[status(thm)],[inference(fof_nnf,[status(thm)],[c_0_10])])])).
fof(c_0_53, plain, (![X88]:![X89]:(~class_Lattices_Oboolean__algebra(X89)|hAPP(c_Groups_Ouminus__class_Ouminus(X89),hAPP(c_Groups_Ouminus__class_Ouminus(X89),X88))=X88)), inference(variable_rename,[status(thm)],[inference(fof_nnf,[status(thm)],[c_0_11])])).
cnf(c_0_54,plain,(hAPP(c_Groups_Ouminus__class_Ouminus(tc_HOL_Obool),c_Orderings_Otop__class_Otop(tc_HOL_Obool))=c_Orderings_Obot__class_Obot(tc_HOL_Obool)), inference(spm,[status(thm)],[c_0_44, c_0_45])).
cnf(c_0_55,plain,(c_Orderings_Otop__class_Otop(tc_HOL_Obool)=c_fTrue), inference(rw,[status(thm)],[inference(spm,[status(thm)],[c_0_46, c_0_47]), c_0_48])).
cnf(c_0_56,plain,(hAPP(c_Orderings_Obot__class_Obot(tc_fun(X1,X2)),X3)=c_Orderings_Obot__class_Obot(X2)|~class_Orderings_Obot(X2)), inference(split_conjunct,[status(thm)],[c_0_49])).
cnf(c_0_57,plain,(class_Orderings_Obot(tc_HOL_Obool)), inference(split_conjunct,[status(thm)],[c_0_12])).
cnf(c_0_58,plain,(hAPP(c_Orderings_Obot__class_Obot(tc_fun(X1,tc_HOL_Obool)),X2)=c_fFalse), inference(spm,[status(thm)],[c_0_41, c_0_50])).
fof(c_0_59, plain, (![X39]:![X40]:hAPP(c_Set_OCollect(X40),hAPP(hAPP(c_COMBB(tc_HOL_Obool,tc_HOL_Obool,X40),c_fNot),X39))=hAPP(c_Groups_Ouminus__class_Ouminus(tc_fun(X40,tc_HOL_Obool)),hAPP(c_Set_OCollect(X40),X39))), inference(variable_rename,[status(thm)],[c_0_13])).
fof(c_0_60, plain, (![X39]:![X40]:![X41]:![X42]:![X44]:((c_Orderings_Obot__class_Obot(tc_fun(X40,tc_HOL_Obool))!=hAPP(c_Set_OCollect(X40),X39)|~hBOOL(hAPP(X39,X41)))&(hBOOL(hAPP(X42,esk310_1(X42)))|c_Orderings_Obot__class_Obot(tc_fun(X44,tc_HOL_Obool))=hAPP(c_Set_OCollect(X44),X42)))), inference(shift_quantors,[status(thm)],[inference(skolemize,[status(esa)],[inference(variable_rename,[status(thm)],[inference(shift_quantors,[status(thm)],[inference(fof_nnf,[status(thm)],[c_0_51])])])])])).
cnf(c_0_61,plain,(X2=X3|~class_Lattices_Oboolean__algebra(X1)|hAPP(c_Groups_Ouminus__class_Ouminus(X1),X2)!=hAPP(c_Groups_Ouminus__class_Ouminus(X1),X3)), inference(split_conjunct,[status(thm)],[c_0_52])).
cnf(c_0_62,plain,(hAPP(c_Groups_Ouminus__class_Ouminus(X1),hAPP(c_Groups_Ouminus__class_Ouminus(X1),X2))=X2|~class_Lattices_Oboolean__algebra(X1)), inference(split_conjunct,[status(thm)],[c_0_53])).
cnf(c_0_63,plain,(hAPP(c_Groups_Ouminus__class_Ouminus(tc_HOL_Obool),c_fTrue)=c_Orderings_Obot__class_Obot(tc_HOL_Obool)), inference(rw,[status(thm)],[c_0_54, c_0_55])).
cnf(c_0_64,plain,(c_Orderings_Obot__class_Obot(tc_HOL_Obool)=c_fFalse), inference(rw,[status(thm)],[inference(spm,[status(thm)],[c_0_56, c_0_57]), c_0_58])).
fof(c_0_65, plain, (![X150]:![X151]:hAPP(c_Groups_Ouminus__class_Ouminus(tc_fun(X151,tc_HOL_Obool)),hAPP(c_Groups_Ouminus__class_Ouminus(tc_fun(X151,tc_HOL_Obool)),X150))=X150), inference(variable_rename,[status(thm)],[c_0_14])).
cnf(c_0_66,plain,(hAPP(c_Set_OCollect(X1),hAPP(hAPP(c_COMBB(tc_HOL_Obool,tc_HOL_Obool,X1),c_fNot),X2))=hAPP(c_Groups_Ouminus__class_Ouminus(tc_fun(X1,tc_HOL_Obool)),hAPP(c_Set_OCollect(X1),X2))), inference(split_conjunct,[status(thm)],[c_0_59])).
fof(c_0_67, plain, (![X38]:(~hBOOL(hAPP(c_fNot,X38))|~hBOOL(X38))), inference(fof_simplification,[status(thm)],[c_0_15])).
fof(c_0_68, plain, (![X120]:![X121]:![X122]:![X123]:![X124]:hAPP(c_Sum__Type_Osum_Osum__case(X124,X123,X122,hAPP(c_COMBK(X123,X124),X121),hAPP(c_COMBK(X123,X122),X121)),X120)=X121), inference(variable_rename,[status(thm)],[c_0_16])).
cnf(c_0_69,plain,(c_Orderings_Obot__class_Obot(tc_fun(X1,tc_HOL_Obool))=hAPP(c_Set_OCollect(X1),X2)|hBOOL(hAPP(X2,esk310_1(X2)))), inference(split_conjunct,[status(thm)],[c_0_60])).
fof(c_0_70, plain, (![X8]:hAPP(c_Groups_Ouminus__class_Ouminus(tc_fun(X8,tc_HOL_Obool)),c_Orderings_Otop__class_Otop(tc_fun(X8,tc_HOL_Obool)))=c_Orderings_Obot__class_Obot(tc_fun(X8,tc_HOL_Obool))), inference(variable_rename,[status(thm)],[c_0_17])).
fof(c_0_71, plain, (![X148]:![X149]:![X150]:![X151]:![X152]:![X153]:![X154]:![X155]:((((X148!=c_Groups_Ozero__class_Ozero(tc_Nat_Onat)|hBOOL(hAPP(X150,X149)))|~hBOOL(hAPP(X150,c_Divides_Odiv__class_Omod(tc_Nat_Onat,X149,X148))))&((X148=c_Groups_Ozero__class_Ozero(tc_Nat_Onat)|(~hBOOL(hAPP(hAPP(c_Orderings_Oord__class_Oless(tc_Nat_Onat),X152),X148))|(X149!=hAPP(hAPP(c_Groups_Oplus__class_Oplus(tc_Nat_Onat),hAPP(hAPP(c_Groups_Otimes__class_Otimes(tc_Nat_Onat),X148),X151)),X152)|hBOOL(hAPP(X150,X152)))))|~hBOOL(hAPP(X150,c_Divides_Odiv__class_Omod(tc_Nat_Onat,X149,X148)))))&((((X153!=c_Groups_Ozero__class_Ozero(tc_Nat_Onat)|X153=c_Groups_Ozero__class_Ozero(tc_Nat_Onat))|hBOOL(hAPP(X155,c_Divides_Odiv__class_Omod(tc_Nat_Onat,X154,X153))))&(((hBOOL(hAPP(hAPP(c_Orderings_Oord__class_Oless(tc_Nat_Onat),esk64_3(X153,X154,X155)),X153))|X153=c_Groups_Ozero__class_Ozero(tc_Nat_Onat))|hBOOL(hAPP(X155,c_Divides_Odiv__class_Omod(tc_Nat_Onat,X154,X153))))&(((X154=hAPP(hAPP(c_Groups_Oplus__class_Oplus(tc_Nat_Onat),hAPP(hAPP(c_Groups_Otimes__class_Otimes(tc_Nat_Onat),X153),esk63_3(X153,X154,X155))),esk64_3(X153,X154,X155))|X153=c_Groups_Ozero__class_Ozero(tc_Nat_Onat))|hBOOL(hAPP(X155,c_Divides_Odiv__class_Omod(tc_Nat_Onat,X154,X153))))&((~hBOOL(hAPP(X155,esk64_3(X153,X154,X155)))|X153=c_Groups_Ozero__class_Ozero(tc_Nat_Onat))|hBOOL(hAPP(X155,c_Divides_Odiv__class_Omod(tc_Nat_Onat,X154,X153)))))))&(((X153!=c_Groups_Ozero__class_Ozero(tc_Nat_Onat)|~hBOOL(hAPP(X155,X154)))|hBOOL(hAPP(X155,c_Divides_Odiv__class_Omod(tc_Nat_Onat,X154,X153))))&(((hBOOL(hAPP(hAPP(c_Orderings_Oord__class_Oless(tc_Nat_Onat),esk64_3(X153,X154,X155)),X153))|~hBOOL(hAPP(X155,X154)))|hBOOL(hAPP(X155,c_Divides_Odiv__class_Omod(tc_Nat_Onat,X154,X153))))&(((X154=hAPP(hAPP(c_Groups_Oplus__class_Oplus(tc_Nat_Onat),hAPP(hAPP(c_Groups_Otimes__class_Otimes(tc_Nat_Onat),X153),esk63_3(X153,X154,X155))),esk64_3(X153,X154,X155))|~hBOOL(hAPP(X155,X154)))|hBOOL(hAPP(X155,c_Divides_Odiv__class_Omod(tc_Nat_Onat,X154,X153))))&((~hBOOL(hAPP(X155,esk64_3(X153,X154,X155)))|~hBOOL(hAPP(X155,X154)))|hBOOL(hAPP(X155,c_Divides_Odiv__class_Omod(tc_Nat_Onat,X154,X153)))))))))), inference(distribute,[status(thm)],[inference(shift_quantors,[status(thm)],[inference(skolemize,[status(esa)],[inference(variable_rename,[status(thm)],[inference(shift_quantors,[status(thm)],[inference(fof_nnf,[status(thm)],[c_0_18])])])])])])).
cnf(c_0_72,plain,(hAPP(c_Int_Onat,c_Groups_Ozero__class_Ozero(tc_Int_Oint))=c_Groups_Ozero__class_Ozero(tc_Nat_Onat)), inference(split_conjunct,[status(thm)],[c_0_19])).
cnf(c_0_73,plain,(c_Int_OPls=c_Groups_Ozero__class_Ozero(tc_Int_Oint)), inference(split_conjunct,[status(thm)],[c_0_20])).
cnf(c_0_74,plain,(X1=X2|hAPP(c_Groups_Ouminus__class_Ouminus(tc_HOL_Obool),X1)!=hAPP(c_Groups_Ouminus__class_Ouminus(tc_HOL_Obool),X2)), inference(spm,[status(thm)],[c_0_61, c_0_45])).
cnf(c_0_75,plain,(hAPP(c_Groups_Ouminus__class_Ouminus(tc_HOL_Obool),hAPP(c_Groups_Ouminus__class_Ouminus(tc_HOL_Obool),X1))=X1), inference(spm,[status(thm)],[c_0_62, c_0_45])).
cnf(c_0_76,plain,(hAPP(c_Groups_Ouminus__class_Ouminus(tc_HOL_Obool),c_fTrue)=c_fFalse), inference(rw,[status(thm)],[c_0_63, c_0_64])).
fof(c_0_77, plain, (![X195]:![X196]:![X197]:![X198]:![X199]:![X200]:hAPP(hAPP(hAPP(c_COMBB(X200,X199,X198),X197),X196),X195)=hAPP(X197,hAPP(X196,X195))), inference(variable_rename,[status(thm)],[c_0_21])).
cnf(c_0_78,plain,(hAPP(c_Groups_Ouminus__class_Ouminus(tc_fun(X1,tc_HOL_Obool)),hAPP(c_Groups_Ouminus__class_Ouminus(tc_fun(X1,tc_HOL_Obool)),X2))=X2), inference(split_conjunct,[status(thm)],[c_0_65])).
cnf(c_0_79,plain,(hAPP(c_Groups_Ouminus__class_Ouminus(tc_fun(X1,tc_HOL_Obool)),X2)=hAPP(hAPP(c_COMBB(tc_HOL_Obool,tc_HOL_Obool,X1),c_fNot),X2)), inference(rw,[status(thm)],[inference(rw,[status(thm)],[c_0_66, c_0_37]), c_0_37])).
fof(c_0_80, plain, (![X39]:(~hBOOL(hAPP(c_fNot,X39))|~hBOOL(X39))), inference(variable_rename,[status(thm)],[c_0_67])).
cnf(c_0_81,plain,(hAPP(c_Sum__Type_Osum_Osum__case(X1,X2,X3,hAPP(c_COMBK(X2,X1),X4),hAPP(c_COMBK(X2,X3),X4)),X5)=X4), inference(split_conjunct,[status(thm)],[c_0_68])).
cnf(c_0_82,plain,(X1=c_Orderings_Obot__class_Obot(tc_fun(X2,tc_HOL_Obool))|hBOOL(hAPP(X1,esk310_1(X1)))), inference(rw,[status(thm)],[c_0_69, c_0_37])).
cnf(c_0_83,plain,(hAPP(c_Groups_Ouminus__class_Ouminus(tc_fun(X1,tc_HOL_Obool)),c_Orderings_Otop__class_Otop(tc_fun(X1,tc_HOL_Obool)))=c_Orderings_Obot__class_Obot(tc_fun(X1,tc_HOL_Obool))), inference(split_conjunct,[status(thm)],[c_0_70])).
cnf(c_0_84,plain,(hBOOL(hAPP(X1,c_Divides_Odiv__class_Omod(tc_Nat_Onat,X2,X3)))|~hBOOL(hAPP(X1,X2))|X3!=c_Groups_Ozero__class_Ozero(tc_Nat_Onat)), inference(split_conjunct,[status(thm)],[c_0_71])).
cnf(c_0_85,plain,(c_Groups_Ozero__class_Ozero(tc_Nat_Onat)=hAPP(c_Int_Onat,c_Int_OPls)), inference(rw,[status(thm)],[c_0_72, c_0_73])).
cnf(c_0_86,plain,(hAPP(c_Groups_Ouminus__class_Ouminus(tc_HOL_Obool),X1)=X2|X1!=hAPP(c_Groups_Ouminus__class_Ouminus(tc_HOL_Obool),X2)), inference(spm,[status(thm)],[c_0_74, c_0_75])).
cnf(c_0_87,plain,(hAPP(c_Groups_Ouminus__class_Ouminus(tc_HOL_Obool),c_fFalse)=c_fTrue), inference(spm,[status(thm)],[c_0_75, c_0_76])).
fof(c_0_88, plain, (~hBOOL(c_fFalse)), inference(fof_simplification,[status(thm)],[c_0_22])).
fof(c_0_89, plain, (![X88]:![X89]:(~class_Divides_Osemiring__div(X89)|c_Divides_Odiv__class_Omod(X89,X88,c_Groups_Ozero__class_Ozero(X89))=X88)), inference(variable_rename,[status(thm)],[inference(fof_nnf,[status(thm)],[c_0_23])])).
cnf(c_0_90,plain,(hAPP(hAPP(hAPP(c_COMBB(X1,X2,X3),X4),X5),X6)=hAPP(X4,hAPP(X5,X6))), inference(split_conjunct,[status(thm)],[c_0_77])).
cnf(c_0_91,plain,(hAPP(hAPP(c_COMBB(tc_HOL_Obool,tc_HOL_Obool,X1),c_fNot),hAPP(hAPP(c_COMBB(tc_HOL_Obool,tc_HOL_Obool,X1),c_fNot),X2))=X2), inference(rw,[status(thm)],[inference(rw,[status(thm)],[c_0_78, c_0_79]), c_0_79])).
fof(c_0_92, plain, (![X301]:![X302]:hAPP(c_List_Orev(X302),hAPP(c_List_Orev(X302),X301))=X301), inference(variable_rename,[status(thm)],[c_0_24])).
cnf(c_0_93,plain,(~hBOOL(X1)|~hBOOL(hAPP(c_fNot,X1))), inference(split_conjunct,[status(thm)],[c_0_80])).
cnf(c_0_94,plain,(c_fFalse=X1|hBOOL(X1)), inference(rw,[status(thm)],[inference(rw,[status(thm)],[inference(spm,[status(thm)],[c_0_81, c_0_82]), c_0_58]), c_0_81])).
cnf(c_0_95,plain,(hAPP(hAPP(c_COMBB(tc_HOL_Obool,tc_HOL_Obool,X1),c_fNot),c_Orderings_Otop__class_Otop(tc_fun(X1,tc_HOL_Obool)))=c_Orderings_Obot__class_Obot(tc_fun(X1,tc_HOL_Obool))), inference(rw,[status(thm)],[c_0_83, c_0_79])).
cnf(c_0_96,plain,(hBOOL(hAPP(X1,c_Divides_Odiv__class_Omod(tc_Nat_Onat,X2,X3)))|hAPP(c_Int_Onat,c_Int_OPls)!=X3|~hBOOL(hAPP(X1,X2))), inference(rw,[status(thm)],[c_0_84, c_0_85])).
cnf(c_0_97,plain,(hAPP(c_Groups_Ouminus__class_Ouminus(tc_HOL_Obool),X1)=c_fFalse|X1!=c_fTrue), inference(spm,[status(thm)],[c_0_86, c_0_87])).
cnf(c_0_98,plain,(~hBOOL(c_fFalse)), inference(split_conjunct,[status(thm)],[c_0_88])).
cnf(c_0_99,plain,(c_Divides_Odiv__class_Omod(X1,X2,c_Groups_Ozero__class_Ozero(X1))=X2|~class_Divides_Osemiring__div(X1)), inference(split_conjunct,[status(thm)],[c_0_89])).
cnf(c_0_100,plain,(class_Divides_Osemiring__div(tc_Nat_Onat)), inference(split_conjunct,[status(thm)],[c_0_25])).
cnf(c_0_101,plain,(hAPP(c_fNot,hAPP(c_fNot,hAPP(X1,X2)))=hAPP(X1,X2)), inference(rw,[status(thm)],[inference(spm,[status(thm)],[c_0_90, c_0_91]), c_0_90])).
cnf(c_0_102,plain,(hAPP(c_List_Orev(X1),hAPP(c_List_Orev(X1),X2))=X2), inference(split_conjunct,[status(thm)],[c_0_92])).
cnf(c_0_103,plain,(hAPP(c_fNot,X1)=c_fFalse|~hBOOL(X1)), inference(spm,[status(thm)],[c_0_93, c_0_94])).
cnf(c_0_104,plain,(hAPP(c_fNot,c_fTrue)=c_fFalse), inference(rw,[status(thm)],[inference(rw,[status(thm)],[inference(spm,[status(thm)],[c_0_90, c_0_95]), c_0_58]), c_0_48])).
cnf(c_0_105,plain,(c_Divides_Odiv__class_Omod(tc_Nat_Onat,X1,X2)!=c_fTrue|hAPP(c_Int_Onat,c_Int_OPls)!=X2|~hBOOL(hAPP(c_Groups_Ouminus__class_Ouminus(tc_HOL_Obool),X1))), inference(sr,[status(thm)],[inference(spm,[status(thm)],[c_0_96, c_0_97]), c_0_98])).
cnf(c_0_106,plain,(c_Divides_Odiv__class_Omod(tc_Nat_Onat,X1,hAPP(c_Int_Onat,c_Int_OPls))=X1), inference(rw,[status(thm)],[inference(spm,[status(thm)],[c_0_99, c_0_100]), c_0_85])).
fof(c_0_107, plain, (![X35]:c_Com_Ocom_OSKIP!=hAPP(c_Com_Ocom_OBODY,X35)), inference(variable_rename,[status(thm)],[c_0_26])).
cnf(c_0_108,plain,(hAPP(c_fNot,hAPP(c_fNot,X1))=X1), inference(spm,[status(thm)],[c_0_101, c_0_102])).
cnf(c_0_109,plain,(hAPP(c_fNot,X1)=c_fFalse|c_fFalse=X1), inference(spm,[status(thm)],[c_0_103, c_0_94])).
cnf(c_0_110,plain,(hAPP(c_fNot,c_fFalse)=c_fTrue), inference(rw,[status(thm)],[inference(spm,[status(thm)],[c_0_101, c_0_48]), c_0_104])).
cnf(c_0_111,plain,(X1!=c_fTrue|~hBOOL(hAPP(c_Groups_Ouminus__class_Ouminus(tc_HOL_Obool),X1))), inference(spm,[status(thm)],[c_0_105, c_0_106])).
fof(c_0_112, plain, (![X38]:(hBOOL(X38)|hBOOL(hAPP(c_fNot,X38)))), inference(fof_simplification,[status(thm)],[c_0_27])).
fof(c_0_113, plain, (![X143]:![X144]:![X146]:![X147]:![X148]:((~hBOOL(hAPP(X144,c_Hilbert__Choice_OEps(X143,X144)))|hBOOL(hAPP(X144,esk350_2(X143,X144))))&(~hBOOL(hAPP(X147,X148))|hBOOL(hAPP(X147,c_Hilbert__Choice_OEps(X146,X147)))))), inference(shift_quantors,[status(thm)],[inference(skolemize,[status(esa)],[inference(variable_rename,[status(thm)],[inference(shift_quantors,[status(thm)],[inference(fof_nnf,[status(thm)],[c_0_28])])])])])).
cnf(c_0_114,plain,(c_Com_Ocom_OSKIP!=hAPP(c_Com_Ocom_OBODY,X1)), inference(split_conjunct,[status(thm)],[c_0_107])).
cnf(c_0_115,plain,(c_fFalse=X1|c_fTrue=X1), inference(rw,[status(thm)],[inference(spm,[status(thm)],[c_0_108, c_0_109]), c_0_110])).
cnf(c_0_116,plain,(hAPP(c_Groups_Ouminus__class_Ouminus(tc_HOL_Obool),X1)!=c_fTrue|~hBOOL(X1)), inference(spm,[status(thm)],[c_0_111, c_0_75])).
cnf(c_0_117,plain,(hAPP(c_Groups_Ouminus__class_Ouminus(tc_HOL_Obool),X1)=c_fTrue|X1!=c_fFalse), inference(spm,[status(thm)],[c_0_86, c_0_76])).
fof(c_0_118, plain, (![X39]:(hBOOL(X39)|hBOOL(hAPP(c_fNot,X39)))), inference(variable_rename,[status(thm)],[c_0_112])).
fof(c_0_119, plain, (![X6]:![X7]:![X8]:![X9]:((hAPP(c_Com_Ocom_OBODY,X7)!=hAPP(c_Com_Ocom_OBODY,X6)|X7=X6)&(X9!=X8|hAPP(c_Com_Ocom_OBODY,X9)=hAPP(c_Com_Ocom_OBODY,X8)))), inference(shift_quantors,[status(thm)],[inference(variable_rename,[status(thm)],[inference(shift_quantors,[status(thm)],[inference(fof_nnf,[status(thm)],[c_0_29])])])])).
cnf(c_0_120,plain,(hBOOL(hAPP(X1,esk350_2(X2,X1)))|~hBOOL(hAPP(X1,c_Hilbert__Choice_OEps(X2,X1)))), inference(split_conjunct,[status(thm)],[c_0_113])).
cnf(c_0_121,plain,(hAPP(c_Com_Ocom_OBODY,X1)=c_fFalse|c_fTrue!=c_Com_Ocom_OSKIP), inference(spm,[status(thm)],[c_0_114, c_0_115])).
cnf(c_0_122,plain,(X1!=c_fFalse|~hBOOL(X1)), inference(spm,[status(thm)],[c_0_116, c_0_117])).
cnf(c_0_123,plain,(hBOOL(hAPP(c_fNot,X1))|hBOOL(X1)), inference(split_conjunct,[status(thm)],[c_0_118])).
cnf(c_0_124,plain,(X1=X2|hAPP(c_Com_Ocom_OBODY,X1)!=hAPP(c_Com_Ocom_OBODY,X2)), inference(split_conjunct,[status(thm)],[c_0_119])).
cnf(c_0_125,plain,(c_fTrue!=c_Com_Ocom_OSKIP|~hBOOL(hAPP(c_Com_Ocom_OBODY,c_Hilbert__Choice_OEps(X1,c_Com_Ocom_OBODY)))), inference(sr,[status(thm)],[inference(spm,[status(thm)],[c_0_120, c_0_121]), c_0_98])).
cnf(c_0_126,plain,(hBOOL(X1)|hAPP(c_fNot,X1)!=c_fFalse), inference(spm,[status(thm)],[c_0_122, c_0_123])).
cnf(c_0_127,plain,(X1=X2|c_fTrue!=c_Com_Ocom_OSKIP), inference(csr,[status(thm)],[inference(spm,[status(thm)],[c_0_124, c_0_121]), c_0_121])).
cnf(c_0_128,plain,(c_fTrue!=c_Com_Ocom_OSKIP), inference(csr,[status(thm)],[inference(spm,[status(thm)],[c_0_125, c_0_126]), c_0_127])).
cnf(c_0_129,plain,(c_fFalse=X1|X1!=c_Com_Ocom_OSKIP), inference(spm,[status(thm)],[c_0_128, c_0_115])).
fof(c_0_130, plain, (![X69]:![X70]:![X71]:![X72]:c_Com_Ocom_OAss(X72,X71)!=c_Com_Ocom_OWhile(X70,X69)), inference(variable_rename,[status(thm)],[c_0_30])).
cnf(c_0_131,plain,(c_fFalse=c_Com_Ocom_OSKIP), inference(er,[status(thm)],[c_0_129])).
fof(c_0_132, plain, (![X69]:![X70]:c_Com_Ocom_OWhile(X70,X69)!=c_Com_Ocom_OSKIP), inference(variable_rename,[status(thm)],[c_0_31])).
cnf(c_0_133,plain,(c_Com_Ocom_OAss(X1,X2)!=c_Com_Ocom_OWhile(X3,X4)), inference(split_conjunct,[status(thm)],[c_0_130])).
cnf(c_0_134,plain,(c_fTrue=X1|c_Com_Ocom_OSKIP=X1), inference(rw,[status(thm)],[c_0_115, c_0_131])).
cnf(c_0_135,plain,(c_Com_Ocom_OWhile(X1,X2)!=c_Com_Ocom_OSKIP), inference(split_conjunct,[status(thm)],[c_0_132])).
fof(c_0_136, plain, (![X29]:![X30]:c_Com_Ocom_OSKIP!=c_Com_Ocom_OAss(X30,X29)), inference(variable_rename,[status(thm)],[c_0_32])).
cnf(c_0_137,plain,(c_Com_Ocom_OAss(X1,X2)!=c_fTrue), inference(sr,[status(thm)],[inference(spm,[status(thm)],[c_0_133, c_0_134]), c_0_135])).
cnf(c_0_138,plain,(c_Com_Ocom_OSKIP!=c_Com_Ocom_OAss(X1,X2)), inference(split_conjunct,[status(thm)],[c_0_136])).
cnf(c_0_139,plain,($false), inference(sr,[status(thm)],[inference(spm,[status(thm)],[c_0_137, c_0_134]), c_0_138]), ['proof']).
# SZS output end CNFRefutation.
EOF
