% Problem    : SET601+3 : TPTP v6.1.0. Released v2.2.0.
% Command    : eprover --auto-schedule --tstp-format -s --proof-object --memory-limit=2048 --cpu-limit=%d %s
% Computer   : n119.star.cs.uiowa.edu
% Model      : x86_64 x86_64
% CPU        : Intel(R) Xeon(R) CPU E5-2609 0 @ 2.40GHz
% Memory     : 32286.75MB
% OS         : Linux 2.6.32-431.20.3.el6.x86_64
% CPULimit   : 300
% DateTime   : Sun Jul 20 03:48:31 CDT 2014
% CPUTime    : 
# No SInE strategy applied
# Trying AutoSched0 for 151 seconds
# AutoSched0-Mode selected heuristic H_____047_B31_F1_PI_AE_R4_CS_SP_S2S
# and selection function SelectNewComplexAHP.
#

# Proof found!
# SZS status Theorem
# SZS output start CNFRefutation.
fof(c_0_0, axiom, (![X1]:![X2]:![X3]:union(X1,intersection(X2,X3))=intersection(union(X1,X2),union(X1,X3))), file('/export/starexec/sandbox/benchmark/theBenchmark.p', union_distributes_over_intersection)).
fof(c_0_1, axiom, (![X1]:![X2]:union(X1,intersection(X1,X2))=X1), file('/export/starexec/sandbox/benchmark/theBenchmark.p', union_intersection)).
fof(c_0_2, axiom, (![X1]:![X2]:![X3]:intersection(intersection(X1,X2),X3)=intersection(X1,intersection(X2,X3))), file('/export/starexec/sandbox/benchmark/theBenchmark.p', associativity_of_intersection)).
fof(c_0_3, conjecture, (![X1]:![X2]:![X3]:union(union(intersection(X1,X2),intersection(X2,X3)),intersection(X3,X1))=intersection(intersection(union(X1,X2),union(X2,X3)),union(X3,X1))), file('/export/starexec/sandbox/benchmark/theBenchmark.p', prove_th72)).
fof(c_0_4, axiom, (![X1]:![X2]:union(X1,X2)=union(X2,X1)), file('/export/starexec/sandbox/benchmark/theBenchmark.p', commutativity_of_union)).
fof(c_0_5, axiom, (![X1]:![X2]:intersection(X1,X2)=intersection(X2,X1)), file('/export/starexec/sandbox/benchmark/theBenchmark.p', commutativity_of_intersection)).
fof(c_0_6, axiom, (![X1]:![X2]:![X3]:union(union(X1,X2),X3)=union(X1,union(X2,X3))), file('/export/starexec/sandbox/benchmark/theBenchmark.p', associativity_of_union)).
fof(c_0_7, axiom, (![X1]:intersection(X1,X1)=X1), file('/export/starexec/sandbox/benchmark/theBenchmark.p', idempotency_of_intersection)).
fof(c_0_8, plain, (![X4]:![X5]:![X6]:union(X4,intersection(X5,X6))=intersection(union(X4,X5),union(X4,X6))), inference(variable_rename,[status(thm)],[c_0_0])).
fof(c_0_9, plain, (![X3]:![X4]:union(X3,intersection(X3,X4))=X3), inference(variable_rename,[status(thm)],[c_0_1])).
fof(c_0_10, plain, (![X4]:![X5]:![X6]:intersection(intersection(X4,X5),X6)=intersection(X4,intersection(X5,X6))), inference(variable_rename,[status(thm)],[c_0_2])).
fof(c_0_11, negated_conjecture, (~(![X1]:![X2]:![X3]:union(union(intersection(X1,X2),intersection(X2,X3)),intersection(X3,X1))=intersection(intersection(union(X1,X2),union(X2,X3)),union(X3,X1)))), inference(assume_negation,[status(cth)],[c_0_3])).
fof(c_0_12, plain, (![X3]:![X4]:union(X3,X4)=union(X4,X3)), inference(variable_rename,[status(thm)],[c_0_4])).
cnf(c_0_13,plain,(union(X1,intersection(X2,X3))=intersection(union(X1,X2),union(X1,X3))), inference(split_conjunct,[status(thm)],[c_0_8])).
cnf(c_0_14,plain,(union(X1,intersection(X1,X2))=X1), inference(split_conjunct,[status(thm)],[c_0_9])).
cnf(c_0_15,plain,(intersection(intersection(X1,X2),X3)=intersection(X1,intersection(X2,X3))), inference(split_conjunct,[status(thm)],[c_0_10])).
fof(c_0_16, negated_conjecture, (union(union(intersection(esk3_0,esk4_0),intersection(esk4_0,esk5_0)),intersection(esk5_0,esk3_0))!=intersection(intersection(union(esk3_0,esk4_0),union(esk4_0,esk5_0)),union(esk5_0,esk3_0))), inference(skolemize,[status(esa)],[inference(variable_rename,[status(thm)],[inference(fof_nnf,[status(thm)],[c_0_11])])])).
fof(c_0_17, plain, (![X3]:![X4]:intersection(X3,X4)=intersection(X4,X3)), inference(variable_rename,[status(thm)],[c_0_5])).
fof(c_0_18, plain, (![X4]:![X5]:![X6]:union(union(X4,X5),X6)=union(X4,union(X5,X6))), inference(variable_rename,[status(thm)],[c_0_6])).
cnf(c_0_19,plain,(union(X1,X2)=union(X2,X1)), inference(split_conjunct,[status(thm)],[c_0_12])).
cnf(c_0_20,plain,(intersection(X1,union(X1,X2))=X1), inference(rw,[status(thm)],[inference(rw,[status(thm)],[inference(spm,[status(thm)],[c_0_13, c_0_14]), c_0_15]), c_0_14])).
cnf(c_0_21,negated_conjecture,(union(union(intersection(esk3_0,esk4_0),intersection(esk4_0,esk5_0)),intersection(esk5_0,esk3_0))!=intersection(intersection(union(esk3_0,esk4_0),union(esk4_0,esk5_0)),union(esk5_0,esk3_0))), inference(split_conjunct,[status(thm)],[c_0_16])).
cnf(c_0_22,plain,(intersection(X1,X2)=intersection(X2,X1)), inference(split_conjunct,[status(thm)],[c_0_17])).
cnf(c_0_23,plain,(union(union(X1,X2),X3)=union(X1,union(X2,X3))), inference(split_conjunct,[status(thm)],[c_0_18])).
cnf(c_0_24,plain,(intersection(union(X1,X2),union(X3,X1))=union(X1,intersection(X2,X3))), inference(spm,[status(thm)],[c_0_13, c_0_19])).
cnf(c_0_25,plain,(intersection(X1,intersection(union(X1,X2),X3))=intersection(X1,X3)), inference(spm,[status(thm)],[c_0_15, c_0_20])).
cnf(c_0_26,plain,(intersection(union(X1,X2),union(X2,X3))=union(X2,intersection(X1,X3))), inference(spm,[status(thm)],[c_0_13, c_0_19])).
cnf(c_0_27,negated_conjecture,(intersection(union(esk3_0,esk4_0),intersection(union(esk3_0,esk5_0),union(esk4_0,esk5_0)))!=union(intersection(esk3_0,esk4_0),union(intersection(esk3_0,esk5_0),intersection(esk4_0,esk5_0)))), inference(rw,[status(thm)],[inference(rw,[status(thm)],[inference(rw,[status(thm)],[inference(rw,[status(thm)],[inference(rw,[status(thm)],[inference(rw,[status(thm)],[c_0_21, c_0_19]), c_0_15]), c_0_22]), c_0_22]), c_0_23]), c_0_19])).
cnf(c_0_28,plain,(intersection(union(X1,X2),union(X3,X2))=union(X2,intersection(X1,X3))), inference(spm,[status(thm)],[c_0_24, c_0_19])).
cnf(c_0_29,plain,(intersection(union(X1,intersection(X2,X3)),X4)=intersection(union(X1,X2),intersection(union(X1,X3),X4))), inference(spm,[status(thm)],[c_0_15, c_0_13])).
cnf(c_0_30,plain,(intersection(X1,intersection(X2,X3))=intersection(X3,intersection(X1,X2))), inference(spm,[status(thm)],[c_0_22, c_0_15])).
cnf(c_0_31,plain,(intersection(X1,union(X2,intersection(X1,X3)))=intersection(X1,union(X2,X3))), inference(spm,[status(thm)],[c_0_25, c_0_26])).
fof(c_0_32, plain, (![X2]:intersection(X2,X2)=X2), inference(variable_rename,[status(thm)],[c_0_7])).
cnf(c_0_33,negated_conjecture,(intersection(union(esk3_0,esk4_0),union(esk5_0,intersection(esk3_0,esk4_0)))!=union(intersection(esk3_0,esk4_0),union(intersection(esk3_0,esk5_0),intersection(esk4_0,esk5_0)))), inference(rw,[status(thm)],[c_0_27, c_0_28])).
cnf(c_0_34,plain,(intersection(X1,union(X2,X3))=union(intersection(X1,X3),intersection(X2,X1))), inference(rw,[status(thm)],[inference(rw,[status(thm)],[inference(rw,[status(thm)],[inference(rw,[status(thm)],[inference(spm,[status(thm)],[c_0_28, c_0_14]), c_0_29]), c_0_30]), c_0_13]), c_0_31])).
cnf(c_0_35,plain,(intersection(X1,X1)=X1), inference(split_conjunct,[status(thm)],[c_0_32])).
cnf(c_0_36,negated_conjecture,($false), inference(cn,[status(thm)],[inference(rw,[status(thm)],[inference(rw,[status(thm)],[inference(rw,[status(thm)],[inference(rw,[status(thm)],[inference(rw,[status(thm)],[inference(rw,[status(thm)],[inference(rw,[status(thm)],[inference(rw,[status(thm)],[inference(rw,[status(thm)],[inference(rw,[status(thm)],[inference(rw,[status(thm)],[c_0_33, c_0_34]), c_0_30]), c_0_22]), c_0_34]), c_0_35]), c_0_19]), c_0_14]), c_0_22]), c_0_34]), c_0_22]), c_0_19])]), ['proof']).
# SZS output end CNFRefutation.
EOF
