% Problem    : SWV210+1 : TPTP v6.1.0. Bugfixed v3.3.0.
% Command    : eprover --auto-schedule --tstp-format -s --proof-object --memory-limit=2048 --cpu-limit=%d %s
% Computer   : n101.star.cs.uiowa.edu
% Model      : x86_64 x86_64
% CPU        : Intel(R) Xeon(R) CPU E5-2609 0 @ 2.40GHz
% Memory     : 32286.75MB
% OS         : Linux 2.6.32-431.20.3.el6.x86_64
% CPULimit   : 300
% DateTime   : Sun Jul 20 03:16:16 CDT 2014
% CPUTime    : 
# No SInE strategy applied
# Trying AutoSched0 for 151 seconds
# AutoSched0-Mode selected heuristic G_E___207_C18_F1_AE_CS_SP_PI_S0Y
# and selection function SelectMaxLComplexAvoidPosPred.
#

# Proof found!
# SZS status Theorem
# SZS output start CNFRefutation.
fof(c_0_0, conjecture, ((((((((((((((((((((((((((((((a_select2(rho_defuse,n0)=use&a_select2(rho_defuse,n1)=use)&a_select2(rho_defuse,n2)=use)&a_select2(sigma_defuse,n0)=use)&a_select2(sigma_defuse,n1)=use)&a_select2(sigma_defuse,n2)=use)&a_select2(sigma_defuse,n3)=use)&a_select2(sigma_defuse,n4)=use)&a_select2(sigma_defuse,n5)=use)&a_select3(u_defuse,n0,n0)=use)&a_select3(u_defuse,n1,n0)=use)&a_select3(u_defuse,n2,n0)=use)&a_select2(xinit_defuse,n3)=use)&a_select2(xinit_defuse,n4)=use)&a_select2(xinit_defuse,n5)=use)&a_select2(xinit_mean_defuse,n0)=use)&a_select2(xinit_mean_defuse,n1)=use)&a_select2(xinit_mean_defuse,n2)=use)&a_select2(xinit_mean_defuse,n3)=use)&a_select2(xinit_mean_defuse,n4)=use)&a_select2(xinit_mean_defuse,n5)=use)&a_select2(xinit_noise_defuse,n0)=use)&a_select2(xinit_noise_defuse,n1)=use)&a_select2(xinit_noise_defuse,n2)=use)&a_select2(xinit_noise_defuse,n3)=use)&a_select2(xinit_noise_defuse,n4)=use)&a_select2(xinit_noise_defuse,n5)=use)&![X14]:![X18]:((((leq(n0,X14)&leq(n0,X18))&leq(X14,n2))&leq(X18,n998))=>a_select3(u_defuse,X14,X18)=use))&![X4]:![X20]:((((leq(n0,X4)&leq(n0,X20))&leq(X4,n2))&leq(X20,n998))=>a_select3(z_defuse,X4,X20)=use))=>![X21]:![X22]:((((leq(n0,X21)&leq(n0,X22))&leq(X21,n2))&leq(X22,n998))=>a_select3(z_defuse,X21,X22)=use))), file('/export/starexec/sandbox/benchmark/theBenchmark.p', quaternion_ds1_inuse_0021)).
fof(c_0_1, plain, ((epred2_0<=>((((((((((((((((((((((((((((a_select2(rho_defuse,n0)=use&a_select2(rho_defuse,n1)=use)&a_select2(rho_defuse,n2)=use)&a_select2(sigma_defuse,n0)=use)&a_select2(sigma_defuse,n1)=use)&a_select2(sigma_defuse,n2)=use)&a_select2(sigma_defuse,n3)=use)&a_select2(sigma_defuse,n4)=use)&a_select2(sigma_defuse,n5)=use)&a_select3(u_defuse,n0,n0)=use)&a_select3(u_defuse,n1,n0)=use)&a_select3(u_defuse,n2,n0)=use)&a_select2(xinit_defuse,n3)=use)&a_select2(xinit_defuse,n4)=use)&a_select2(xinit_defuse,n5)=use)&a_select2(xinit_mean_defuse,n0)=use)&a_select2(xinit_mean_defuse,n1)=use)&a_select2(xinit_mean_defuse,n2)=use)&a_select2(xinit_mean_defuse,n3)=use)&a_select2(xinit_mean_defuse,n4)=use)&a_select2(xinit_mean_defuse,n5)=use)&a_select2(xinit_noise_defuse,n0)=use)&a_select2(xinit_noise_defuse,n1)=use)&a_select2(xinit_noise_defuse,n2)=use)&a_select2(xinit_noise_defuse,n3)=use)&a_select2(xinit_noise_defuse,n4)=use)&a_select2(xinit_noise_defuse,n5)=use)&![X14]:![X18]:((((leq(n0,X14)&leq(n0,X18))&leq(X14,n2))&leq(X18,n998))=>a_select3(u_defuse,X14,X18)=use))&![X4]:![X20]:((((leq(n0,X4)&leq(n0,X20))&leq(X4,n2))&leq(X20,n998))=>a_select3(z_defuse,X4,X20)=use)))), introduced(definition)).
fof(c_0_2, plain, ((epred2_0=>((((((((((((((((((((((((((((a_select2(rho_defuse,n0)=use&a_select2(rho_defuse,n1)=use)&a_select2(rho_defuse,n2)=use)&a_select2(sigma_defuse,n0)=use)&a_select2(sigma_defuse,n1)=use)&a_select2(sigma_defuse,n2)=use)&a_select2(sigma_defuse,n3)=use)&a_select2(sigma_defuse,n4)=use)&a_select2(sigma_defuse,n5)=use)&a_select3(u_defuse,n0,n0)=use)&a_select3(u_defuse,n1,n0)=use)&a_select3(u_defuse,n2,n0)=use)&a_select2(xinit_defuse,n3)=use)&a_select2(xinit_defuse,n4)=use)&a_select2(xinit_defuse,n5)=use)&a_select2(xinit_mean_defuse,n0)=use)&a_select2(xinit_mean_defuse,n1)=use)&a_select2(xinit_mean_defuse,n2)=use)&a_select2(xinit_mean_defuse,n3)=use)&a_select2(xinit_mean_defuse,n4)=use)&a_select2(xinit_mean_defuse,n5)=use)&a_select2(xinit_noise_defuse,n0)=use)&a_select2(xinit_noise_defuse,n1)=use)&a_select2(xinit_noise_defuse,n2)=use)&a_select2(xinit_noise_defuse,n3)=use)&a_select2(xinit_noise_defuse,n4)=use)&a_select2(xinit_noise_defuse,n5)=use)&![X14]:![X18]:((((leq(n0,X14)&leq(n0,X18))&leq(X14,n2))&leq(X18,n998))=>a_select3(u_defuse,X14,X18)=use))&![X4]:![X20]:((((leq(n0,X4)&leq(n0,X20))&leq(X4,n2))&leq(X20,n998))=>a_select3(z_defuse,X4,X20)=use)))), inference(split_equiv,[status(thm)],[c_0_1])).
fof(c_0_3, negated_conjecture, (~((epred2_0=>![X21]:![X22]:((((leq(n0,X21)&leq(n0,X22))&leq(X21,n2))&leq(X22,n998))=>a_select3(z_defuse,X21,X22)=use)))), inference(apply_def,[status(thm)],[inference(assume_negation,[status(cth)],[c_0_0]), c_0_1])).
fof(c_0_4, plain, (![X21]:![X22]:![X23]:![X24]:(((((((((((((((((((((((((((((a_select2(rho_defuse,n0)=use|~epred2_0)&(a_select2(rho_defuse,n1)=use|~epred2_0))&(a_select2(rho_defuse,n2)=use|~epred2_0))&(a_select2(sigma_defuse,n0)=use|~epred2_0))&(a_select2(sigma_defuse,n1)=use|~epred2_0))&(a_select2(sigma_defuse,n2)=use|~epred2_0))&(a_select2(sigma_defuse,n3)=use|~epred2_0))&(a_select2(sigma_defuse,n4)=use|~epred2_0))&(a_select2(sigma_defuse,n5)=use|~epred2_0))&(a_select3(u_defuse,n0,n0)=use|~epred2_0))&(a_select3(u_defuse,n1,n0)=use|~epred2_0))&(a_select3(u_defuse,n2,n0)=use|~epred2_0))&(a_select2(xinit_defuse,n3)=use|~epred2_0))&(a_select2(xinit_defuse,n4)=use|~epred2_0))&(a_select2(xinit_defuse,n5)=use|~epred2_0))&(a_select2(xinit_mean_defuse,n0)=use|~epred2_0))&(a_select2(xinit_mean_defuse,n1)=use|~epred2_0))&(a_select2(xinit_mean_defuse,n2)=use|~epred2_0))&(a_select2(xinit_mean_defuse,n3)=use|~epred2_0))&(a_select2(xinit_mean_defuse,n4)=use|~epred2_0))&(a_select2(xinit_mean_defuse,n5)=use|~epred2_0))&(a_select2(xinit_noise_defuse,n0)=use|~epred2_0))&(a_select2(xinit_noise_defuse,n1)=use|~epred2_0))&(a_select2(xinit_noise_defuse,n2)=use|~epred2_0))&(a_select2(xinit_noise_defuse,n3)=use|~epred2_0))&(a_select2(xinit_noise_defuse,n4)=use|~epred2_0))&(a_select2(xinit_noise_defuse,n5)=use|~epred2_0))&(((((~leq(n0,X21)|~leq(n0,X22))|~leq(X21,n2))|~leq(X22,n998))|a_select3(u_defuse,X21,X22)=use)|~epred2_0))&(((((~leq(n0,X23)|~leq(n0,X24))|~leq(X23,n2))|~leq(X24,n998))|a_select3(z_defuse,X23,X24)=use)|~epred2_0))), inference(distribute,[status(thm)],[inference(shift_quantors,[status(thm)],[inference(variable_rename,[status(thm)],[inference(fof_nnf,[status(thm)],[c_0_2])])])])).
fof(c_0_5, negated_conjecture, ((epred2_0&((((leq(n0,esk24_0)&leq(n0,esk25_0))&leq(esk24_0,n2))&leq(esk25_0,n998))&a_select3(z_defuse,esk24_0,esk25_0)!=use))), inference(skolemize,[status(esa)],[inference(variable_rename,[status(thm)],[inference(fof_nnf,[status(thm)],[c_0_3])])])).
cnf(c_0_6,plain,(a_select3(z_defuse,X1,X2)=use|~epred2_0|~leq(X2,n998)|~leq(X1,n2)|~leq(n0,X2)|~leq(n0,X1)), inference(split_conjunct,[status(thm)],[c_0_4])).
cnf(c_0_7,negated_conjecture,(epred2_0), inference(split_conjunct,[status(thm)],[c_0_5])).
cnf(c_0_8,negated_conjecture,(a_select3(z_defuse,esk24_0,esk25_0)!=use), inference(split_conjunct,[status(thm)],[c_0_5])).
cnf(c_0_9,plain,(a_select3(z_defuse,X1,X2)=use|~leq(X2,n998)|~leq(X1,n2)|~leq(n0,X2)|~leq(n0,X1)), inference(cn,[status(thm)],[inference(rw,[status(thm)],[c_0_6, c_0_7])])).
cnf(c_0_10,negated_conjecture,(leq(esk25_0,n998)), inference(split_conjunct,[status(thm)],[c_0_5])).
cnf(c_0_11,negated_conjecture,(leq(esk24_0,n2)), inference(split_conjunct,[status(thm)],[c_0_5])).
cnf(c_0_12,negated_conjecture,(leq(n0,esk25_0)), inference(split_conjunct,[status(thm)],[c_0_5])).
cnf(c_0_13,negated_conjecture,(leq(n0,esk24_0)), inference(split_conjunct,[status(thm)],[c_0_5])).
cnf(c_0_14,negated_conjecture,($false), inference(cn,[status(thm)],[inference(rw,[status(thm)],[inference(rw,[status(thm)],[inference(rw,[status(thm)],[inference(rw,[status(thm)],[inference(spm,[status(thm)],[c_0_8, c_0_9]), c_0_10]), c_0_11]), c_0_12]), c_0_13])]), ['proof']).
# SZS output end CNFRefutation.
EOF
