% Problem    : SET002+4 : TPTP v6.1.0. Released v2.2.0.
% Command    : eprover --auto-schedule --tstp-format -s --proof-object --memory-limit=2048 --cpu-limit=%d %s
% Computer   : n131.star.cs.uiowa.edu
% Model      : x86_64 x86_64
% CPU        : Intel(R) Xeon(R) CPU E5-2609 0 @ 2.40GHz
% Memory     : 32286.75MB
% OS         : Linux 2.6.32-431.20.3.el6.x86_64
% CPULimit   : 300
% DateTime   : Sun Jul 20 03:15:51 CDT 2014
% CPUTime    : 
# No SInE strategy applied
# Trying AutoSched0 for 151 seconds
# AutoSched0-Mode selected heuristic G_E___208_B02_F1_AE_CS_SP_PS_S0Y
# and selection function SelectMaxLComplexAvoidPosPred.
#
# Presaturation interreduction done

# Proof found!
# SZS status Theorem
# SZS output start CNFRefutation.
fof(c_0_0, conjecture, (![X1]:equal_set(union(X1,X1),X1)), file('/export/starexec/sandbox/benchmark/theBenchmark.p', thI14)).
fof(c_0_1, axiom, (![X1]:![X2]:(equal_set(X1,X2)<=>(subset(X1,X2)&subset(X2,X1)))), file('/export/starexec/sandbox/benchmark/Axioms/SET006+0.ax', equal_set)).
fof(c_0_2, axiom, (![X1]:![X2]:(subset(X1,X2)<=>![X3]:(member(X3,X1)=>member(X3,X2)))), file('/export/starexec/sandbox/benchmark/Axioms/SET006+0.ax', subset)).
fof(c_0_3, axiom, (![X3]:![X1]:![X2]:(member(X3,union(X1,X2))<=>(member(X3,X1)|member(X3,X2)))), file('/export/starexec/sandbox/benchmark/Axioms/SET006+0.ax', union)).
fof(c_0_4, negated_conjecture, (~(![X1]:equal_set(union(X1,X1),X1))), inference(assume_negation,[status(cth)],[c_0_0])).
fof(c_0_5, negated_conjecture, (~equal_set(union(esk4_0,esk4_0),esk4_0)), inference(skolemize,[status(esa)],[inference(variable_rename,[status(thm)],[inference(fof_nnf,[status(thm)],[c_0_4])])])).
fof(c_0_6, plain, (![X3]:![X4]:![X5]:![X6]:(((subset(X3,X4)|~equal_set(X3,X4))&(subset(X4,X3)|~equal_set(X3,X4)))&((~subset(X5,X6)|~subset(X6,X5))|equal_set(X5,X6)))), inference(distribute,[status(thm)],[inference(shift_quantors,[status(thm)],[inference(variable_rename,[status(thm)],[inference(shift_quantors,[status(thm)],[inference(fof_nnf,[status(thm)],[c_0_1])])])])])).
cnf(c_0_7,negated_conjecture,(~equal_set(union(esk4_0,esk4_0),esk4_0)), inference(split_conjunct,[status(thm)],[c_0_5])).
cnf(c_0_8,plain,(equal_set(X1,X2)|~subset(X2,X1)|~subset(X1,X2)), inference(split_conjunct,[status(thm)],[c_0_6])).
fof(c_0_9, plain, (![X4]:![X5]:![X6]:![X7]:![X8]:((~subset(X4,X5)|(~member(X6,X4)|member(X6,X5)))&((member(esk1_2(X7,X8),X7)|subset(X7,X8))&(~member(esk1_2(X7,X8),X8)|subset(X7,X8))))), inference(distribute,[status(thm)],[inference(shift_quantors,[status(thm)],[inference(skolemize,[status(esa)],[inference(variable_rename,[status(thm)],[inference(shift_quantors,[status(thm)],[inference(fof_nnf,[status(thm)],[c_0_2])])])])])])).
cnf(c_0_10,negated_conjecture,(~subset(esk4_0,union(esk4_0,esk4_0))|~subset(union(esk4_0,esk4_0),esk4_0)), inference(spm,[status(thm)],[c_0_7, c_0_8])).
cnf(c_0_11,plain,(subset(X1,X2)|member(esk1_2(X1,X2),X1)), inference(split_conjunct,[status(thm)],[c_0_9])).
cnf(c_0_12,plain,(subset(X1,X2)|~member(esk1_2(X1,X2),X2)), inference(split_conjunct,[status(thm)],[c_0_9])).
fof(c_0_13, plain, (![X4]:![X5]:![X6]:![X7]:![X8]:![X9]:((~member(X4,union(X5,X6))|(member(X4,X5)|member(X4,X6)))&((~member(X7,X8)|member(X7,union(X8,X9)))&(~member(X7,X9)|member(X7,union(X8,X9)))))), inference(distribute,[status(thm)],[inference(shift_quantors,[status(thm)],[inference(variable_rename,[status(thm)],[inference(shift_quantors,[status(thm)],[inference(fof_nnf,[status(thm)],[c_0_3])])])])])).
cnf(c_0_14,negated_conjecture,(member(esk1_2(union(esk4_0,esk4_0),esk4_0),union(esk4_0,esk4_0))|~subset(esk4_0,union(esk4_0,esk4_0))), inference(spm,[status(thm)],[c_0_10, c_0_11])).
cnf(c_0_15,negated_conjecture,(~member(esk1_2(union(esk4_0,esk4_0),esk4_0),esk4_0)|~subset(esk4_0,union(esk4_0,esk4_0))), inference(spm,[status(thm)],[c_0_10, c_0_12])).
cnf(c_0_16,plain,(member(X1,X2)|member(X1,X3)|~member(X1,union(X3,X2))), inference(split_conjunct,[status(thm)],[c_0_13])).
cnf(c_0_17,negated_conjecture,(member(esk1_2(union(esk4_0,esk4_0),esk4_0),union(esk4_0,esk4_0))|~member(esk1_2(esk4_0,union(esk4_0,esk4_0)),union(esk4_0,esk4_0))), inference(spm,[status(thm)],[c_0_14, c_0_12])).
cnf(c_0_18,negated_conjecture,(~member(esk1_2(esk4_0,union(esk4_0,esk4_0)),union(esk4_0,esk4_0))|~member(esk1_2(union(esk4_0,esk4_0),esk4_0),esk4_0)), inference(spm,[status(thm)],[c_0_15, c_0_12])).
cnf(c_0_19,negated_conjecture,(~member(esk1_2(esk4_0,union(esk4_0,esk4_0)),union(esk4_0,esk4_0))), inference(csr,[status(thm)],[inference(spm,[status(thm)],[c_0_16, c_0_17]), c_0_18])).
cnf(c_0_20,plain,(member(X1,union(X2,X3))|~member(X1,X3)), inference(split_conjunct,[status(thm)],[c_0_13])).
cnf(c_0_21,negated_conjecture,(~member(esk1_2(esk4_0,union(esk4_0,esk4_0)),esk4_0)), inference(spm,[status(thm)],[c_0_19, c_0_20])).
cnf(c_0_22,negated_conjecture,(member(esk1_2(union(esk4_0,esk4_0),esk4_0),union(esk4_0,esk4_0))), inference(sr,[status(thm)],[inference(spm,[status(thm)],[c_0_14, c_0_11]), c_0_21])).
cnf(c_0_23,negated_conjecture,(member(esk1_2(esk4_0,union(esk4_0,esk4_0)),esk4_0)|~member(esk1_2(union(esk4_0,esk4_0),esk4_0),esk4_0)), inference(spm,[status(thm)],[c_0_15, c_0_11])).
cnf(c_0_24,negated_conjecture,(member(esk1_2(union(esk4_0,esk4_0),esk4_0),esk4_0)), inference(spm,[status(thm)],[c_0_16, c_0_22])).
cnf(c_0_25,negated_conjecture,($false), inference(sr,[status(thm)],[inference(cn,[status(thm)],[inference(rw,[status(thm)],[c_0_23, c_0_24])]), c_0_21]), ['proof']).
# SZS output end CNFRefutation.
EOF
