% Problem    : SWV404+1 : TPTP v6.1.0. Released v3.3.0.
% Command    : eprover --auto-schedule --tstp-format -s --proof-object --memory-limit=2048 --cpu-limit=%d %s
% Computer   : n103.star.cs.uiowa.edu
% Model      : x86_64 x86_64
% CPU        : Intel(R) Xeon(R) CPU E5-2609 0 @ 2.40GHz
% Memory     : 32286.75MB
% OS         : Linux 2.6.32-431.20.3.el6.x86_64
% CPULimit   : 300
% DateTime   : Sun Jul 20 05:01:51 CDT 2014
% CPUTime    : 
# No SInE strategy applied
# Trying AutoSched0 for 151 seconds
# AutoSched0-Mode selected heuristic G_E___200_C45_F1_SE_CS_SP_PI_CO_S0V
# and selection function PSelectComplexExceptRRHorn.
#

# Proof found!
# SZS status Theorem
# SZS output start CNFRefutation.
fof(c_0_0, conjecture, (![X1]:![X2]:![X3]:((check_cpq(removemin_cpq_eff(triple(X1,X2,X3)))&ok(removemin_cpq_eff(triple(X1,X2,X3))))=>check_cpq(triple(X1,X2,X3)))), file('/export/starexec/sandbox/benchmark/theBenchmark.p', l40_co)).
fof(c_0_1, axiom, (![X1]:![X2]:![X3]:![X4]:((X2!=create_slb&~(contains_slb(X2,findmin_pqp_res(X1))))=>findmin_cpq_eff(triple(X1,X2,X3))=triple(X1,update_slb(X2,findmin_pqp_res(X1)),bad))), file('/export/starexec/sandbox/benchmark/Axioms/SWV007+3.ax', ax47)).
fof(c_0_2, axiom, (![X1]:removemin_cpq_eff(X1)=remove_cpq(findmin_cpq_eff(X1),findmin_cpq_res(X1))), file('/export/starexec/sandbox/benchmark/Axioms/SWV007+3.ax', ax52)).
fof(c_0_3, axiom, (![X1]:![X2]:![X3]:![X4]:(((X2!=create_slb&contains_slb(X2,findmin_pqp_res(X1)))&strictly_less_than(findmin_pqp_res(X1),lookup_slb(X2,findmin_pqp_res(X1))))=>findmin_cpq_eff(triple(X1,X2,X3))=triple(X1,update_slb(X2,findmin_pqp_res(X1)),bad))), file('/export/starexec/sandbox/benchmark/Axioms/SWV007+3.ax', ax48)).
fof(c_0_4, axiom, (![X1]:![X2]:(strictly_less_than(X1,X2)<=>(less_than(X1,X2)&~(less_than(X2,X1))))), file('/export/starexec/sandbox/benchmark/Axioms/SWV007+0.ax', stricly_smaller_definition)).
fof(c_0_5, axiom, (![X1]:![X2]:(less_than(X1,X2)|less_than(X2,X1))), file('/export/starexec/sandbox/benchmark/Axioms/SWV007+0.ax', totality)).
fof(c_0_6, axiom, (![X1]:![X2]:(ok(triple(X1,X2,bad))<=>~$true)), file('/export/starexec/sandbox/benchmark/Axioms/SWV007+3.ax', ax40)).
fof(c_0_7, axiom, (![X1]:![X2]:![X3]:![X4]:(~(contains_slb(X2,X4))=>remove_cpq(triple(X1,X2,X3),X4)=triple(X1,X2,bad))), file('/export/starexec/sandbox/benchmark/Axioms/SWV007+3.ax', ax43)).
fof(c_0_8, axiom, (![X1]:![X2]:![X3]:![X4]:((contains_slb(X2,X4)&strictly_less_than(X4,lookup_slb(X2,X4)))=>remove_cpq(triple(X1,X2,X3),X4)=triple(remove_pqp(X1,X4),remove_slb(X2,X4),bad))), file('/export/starexec/sandbox/benchmark/Axioms/SWV007+3.ax', ax45)).
fof(c_0_9, axiom, (![X1]:![X2]:![X3]:![X4]:(X2!=create_slb=>findmin_cpq_res(triple(X1,X2,X3))=findmin_pqp_res(X1))), file('/export/starexec/sandbox/benchmark/Axioms/SWV007+3.ax', ax51)).
fof(c_0_10, axiom, (![X1]:![X2]:![X3]:![X4]:((contains_slb(X2,X4)&less_than(lookup_slb(X2,X4),X4))=>remove_cpq(triple(X1,X2,X3),X4)=triple(remove_pqp(X1,X4),remove_slb(X2,X4),X3))), file('/export/starexec/sandbox/benchmark/Axioms/SWV007+3.ax', ax44)).
fof(c_0_11, axiom, (![X1]:![X2]:![X3]:![X4]:(((X2!=create_slb&contains_slb(X2,findmin_pqp_res(X1)))&less_than(lookup_slb(X2,findmin_pqp_res(X1)),findmin_pqp_res(X1)))=>findmin_cpq_eff(triple(X1,X2,X3))=triple(X1,update_slb(X2,findmin_pqp_res(X1)),X3))), file('/export/starexec/sandbox/benchmark/Axioms/SWV007+3.ax', ax49)).
fof(c_0_12, lemma, (![X1]:![X2]:![X3]:![X4]:((check_cpq(remove_cpq(triple(X1,X2,X3),X4))&ok(remove_cpq(triple(X1,X2,X3),X4)))=>check_cpq(triple(X1,X2,X3)))), file('/export/starexec/sandbox/benchmark/theBenchmark.p', l40_l27)).
fof(c_0_13, lemma, (![X1]:![X2]:![X3]:(~(check_cpq(triple(X1,X2,X3)))=>~(check_cpq(findmin_cpq_eff(triple(X1,X2,X3)))))), file('/export/starexec/sandbox/benchmark/theBenchmark.p', l40_l34)).
fof(c_0_14, axiom, (![X1]:![X2]:check_cpq(triple(X1,create_slb,X2))), file('/export/starexec/sandbox/benchmark/Axioms/SWV007+3.ax', ax36)).
fof(c_0_15, negated_conjecture, (~(![X1]:![X2]:![X3]:((check_cpq(removemin_cpq_eff(triple(X1,X2,X3)))&ok(removemin_cpq_eff(triple(X1,X2,X3))))=>check_cpq(triple(X1,X2,X3))))), inference(assume_negation,[status(cth)],[c_0_0])).
fof(c_0_16, plain, (![X1]:![X2]:![X3]:((X2!=create_slb&~contains_slb(X2,findmin_pqp_res(X1)))=>findmin_cpq_eff(triple(X1,X2,X3))=triple(X1,update_slb(X2,findmin_pqp_res(X1)),bad))), inference(fof_simplification,[status(thm)],[c_0_1])).
fof(c_0_17, negated_conjecture, (((check_cpq(removemin_cpq_eff(triple(esk1_0,esk2_0,esk3_0)))&ok(removemin_cpq_eff(triple(esk1_0,esk2_0,esk3_0))))&~check_cpq(triple(esk1_0,esk2_0,esk3_0)))), inference(skolemize,[status(esa)],[inference(variable_rename,[status(thm)],[inference(fof_nnf,[status(thm)],[c_0_15])])])).
fof(c_0_18, plain, (![X2]:removemin_cpq_eff(X2)=remove_cpq(findmin_cpq_eff(X2),findmin_cpq_res(X2))), inference(variable_rename,[status(thm)],[c_0_2])).
fof(c_0_19, plain, (![X4]:![X5]:![X6]:((X5=create_slb|contains_slb(X5,findmin_pqp_res(X4)))|findmin_cpq_eff(triple(X4,X5,X6))=triple(X4,update_slb(X5,findmin_pqp_res(X4)),bad))), inference(shift_quantors,[status(thm)],[inference(variable_rename,[status(thm)],[inference(shift_quantors,[status(thm)],[inference(fof_nnf,[status(thm)],[c_0_16])])])])).
fof(c_0_20, plain, (![X1]:![X2]:![X3]:(((X2!=create_slb&contains_slb(X2,findmin_pqp_res(X1)))&strictly_less_than(findmin_pqp_res(X1),lookup_slb(X2,findmin_pqp_res(X1))))=>findmin_cpq_eff(triple(X1,X2,X3))=triple(X1,update_slb(X2,findmin_pqp_res(X1)),bad))), inference(fof_simplification,[status(thm)],[c_0_3])).
fof(c_0_21, plain, (![X1]:![X2]:(strictly_less_than(X1,X2)<=>(less_than(X1,X2)&~less_than(X2,X1)))), inference(fof_simplification,[status(thm)],[c_0_4])).
cnf(c_0_22,negated_conjecture,(ok(removemin_cpq_eff(triple(esk1_0,esk2_0,esk3_0)))), inference(split_conjunct,[status(thm)],[c_0_17])).
cnf(c_0_23,plain,(removemin_cpq_eff(X1)=remove_cpq(findmin_cpq_eff(X1),findmin_cpq_res(X1))), inference(split_conjunct,[status(thm)],[c_0_18])).
cnf(c_0_24,plain,(findmin_cpq_eff(triple(X1,X2,X3))=triple(X1,update_slb(X2,findmin_pqp_res(X1)),bad)|contains_slb(X2,findmin_pqp_res(X1))|X2=create_slb), inference(split_conjunct,[status(thm)],[c_0_19])).
fof(c_0_25, plain, (![X4]:![X5]:![X6]:(((X5=create_slb|~contains_slb(X5,findmin_pqp_res(X4)))|~strictly_less_than(findmin_pqp_res(X4),lookup_slb(X5,findmin_pqp_res(X4))))|findmin_cpq_eff(triple(X4,X5,X6))=triple(X4,update_slb(X5,findmin_pqp_res(X4)),bad))), inference(shift_quantors,[status(thm)],[inference(variable_rename,[status(thm)],[inference(shift_quantors,[status(thm)],[inference(fof_nnf,[status(thm)],[c_0_20])])])])).
fof(c_0_26, plain, (![X3]:![X4]:![X5]:![X6]:(((less_than(X3,X4)|~strictly_less_than(X3,X4))&(~less_than(X4,X3)|~strictly_less_than(X3,X4)))&((~less_than(X5,X6)|less_than(X6,X5))|strictly_less_than(X5,X6)))), inference(distribute,[status(thm)],[inference(shift_quantors,[status(thm)],[inference(variable_rename,[status(thm)],[inference(shift_quantors,[status(thm)],[inference(fof_nnf,[status(thm)],[c_0_21])])])])])).
fof(c_0_27, plain, (![X3]:![X4]:(less_than(X3,X4)|less_than(X4,X3))), inference(variable_rename,[status(thm)],[c_0_5])).
fof(c_0_28, plain, (![X1]:![X2]:~ok(triple(X1,X2,bad))), inference(fof_simplification,[status(thm)],[c_0_6])).
cnf(c_0_29,negated_conjecture,(ok(remove_cpq(findmin_cpq_eff(triple(esk1_0,esk2_0,esk3_0)),findmin_cpq_res(triple(esk1_0,esk2_0,esk3_0))))), inference(rw,[status(thm)],[c_0_22, c_0_23])).
cnf(c_0_30,plain,(findmin_cpq_eff(triple(X1,X2,X3))=findmin_cpq_eff(triple(X1,X2,X4))|create_slb=X2|contains_slb(X2,findmin_pqp_res(X1))), inference(spm,[status(thm)],[c_0_24, c_0_24])).
fof(c_0_31, plain, (![X1]:![X2]:![X3]:![X4]:(~contains_slb(X2,X4)=>remove_cpq(triple(X1,X2,X3),X4)=triple(X1,X2,bad))), inference(fof_simplification,[status(thm)],[c_0_7])).
cnf(c_0_32,plain,(findmin_cpq_eff(triple(X1,X2,X3))=triple(X1,update_slb(X2,findmin_pqp_res(X1)),bad)|X2=create_slb|~strictly_less_than(findmin_pqp_res(X1),lookup_slb(X2,findmin_pqp_res(X1)))|~contains_slb(X2,findmin_pqp_res(X1))), inference(split_conjunct,[status(thm)],[c_0_25])).
cnf(c_0_33,plain,(strictly_less_than(X1,X2)|less_than(X2,X1)|~less_than(X1,X2)), inference(split_conjunct,[status(thm)],[c_0_26])).
cnf(c_0_34,plain,(less_than(X1,X2)|less_than(X2,X1)), inference(split_conjunct,[status(thm)],[c_0_27])).
fof(c_0_35, plain, (![X3]:![X4]:~ok(triple(X3,X4,bad))), inference(variable_rename,[status(thm)],[c_0_28])).
fof(c_0_36, plain, (![X5]:![X6]:![X7]:![X8]:((~contains_slb(X6,X8)|~strictly_less_than(X8,lookup_slb(X6,X8)))|remove_cpq(triple(X5,X6,X7),X8)=triple(remove_pqp(X5,X8),remove_slb(X6,X8),bad))), inference(variable_rename,[status(thm)],[inference(fof_nnf,[status(thm)],[c_0_8])])).
cnf(c_0_37,negated_conjecture,(esk2_0=create_slb|ok(remove_cpq(findmin_cpq_eff(triple(esk1_0,esk2_0,X1)),findmin_cpq_res(triple(esk1_0,esk2_0,esk3_0))))|contains_slb(esk2_0,findmin_pqp_res(esk1_0))), inference(spm,[status(thm)],[c_0_29, c_0_30])).
fof(c_0_38, plain, (![X5]:![X6]:![X7]:![X8]:(contains_slb(X6,X8)|remove_cpq(triple(X5,X6,X7),X8)=triple(X5,X6,bad))), inference(variable_rename,[status(thm)],[inference(fof_nnf,[status(thm)],[c_0_31])])).
cnf(c_0_39,plain,(triple(X1,update_slb(X2,findmin_pqp_res(X1)),bad)=findmin_cpq_eff(triple(X1,X2,X3))|create_slb=X2|~strictly_less_than(findmin_pqp_res(X1),lookup_slb(X2,findmin_pqp_res(X1)))), inference(csr,[status(thm)],[c_0_32, c_0_24])).
cnf(c_0_40,plain,(strictly_less_than(X1,X2)|less_than(X2,X1)), inference(csr,[status(thm)],[c_0_33, c_0_34])).
cnf(c_0_41,plain,(~ok(triple(X1,X2,bad))), inference(split_conjunct,[status(thm)],[c_0_35])).
cnf(c_0_42,plain,(remove_cpq(triple(X1,X2,X3),X4)=triple(remove_pqp(X1,X4),remove_slb(X2,X4),bad)|~strictly_less_than(X4,lookup_slb(X2,X4))|~contains_slb(X2,X4)), inference(split_conjunct,[status(thm)],[c_0_36])).
cnf(c_0_43,negated_conjecture,(esk2_0=create_slb|ok(remove_cpq(triple(esk1_0,update_slb(esk2_0,findmin_pqp_res(esk1_0)),bad),findmin_cpq_res(triple(esk1_0,esk2_0,esk3_0))))|contains_slb(esk2_0,findmin_pqp_res(esk1_0))), inference(spm,[status(thm)],[c_0_37, c_0_24])).
cnf(c_0_44,plain,(remove_cpq(triple(X1,X2,X3),X4)=triple(X1,X2,bad)|contains_slb(X2,X4)), inference(split_conjunct,[status(thm)],[c_0_38])).
fof(c_0_45, plain, (![X1]:![X2]:![X3]:(X2!=create_slb=>findmin_cpq_res(triple(X1,X2,X3))=findmin_pqp_res(X1))), inference(fof_simplification,[status(thm)],[c_0_9])).
cnf(c_0_46,plain,(triple(X1,update_slb(X2,findmin_pqp_res(X1)),bad)=findmin_cpq_eff(triple(X1,X2,X3))|create_slb=X2|less_than(lookup_slb(X2,findmin_pqp_res(X1)),findmin_pqp_res(X1))), inference(spm,[status(thm)],[c_0_39, c_0_40])).
cnf(c_0_47,negated_conjecture,(check_cpq(removemin_cpq_eff(triple(esk1_0,esk2_0,esk3_0)))), inference(split_conjunct,[status(thm)],[c_0_17])).
fof(c_0_48, plain, (![X5]:![X6]:![X7]:![X8]:((~contains_slb(X6,X8)|~less_than(lookup_slb(X6,X8),X8))|remove_cpq(triple(X5,X6,X7),X8)=triple(remove_pqp(X5,X8),remove_slb(X6,X8),X7))), inference(variable_rename,[status(thm)],[inference(fof_nnf,[status(thm)],[c_0_10])])).
cnf(c_0_49,plain,(~ok(remove_cpq(triple(X1,X2,X3),X4))|~contains_slb(X2,X4)|~strictly_less_than(X4,lookup_slb(X2,X4))), inference(spm,[status(thm)],[c_0_41, c_0_42])).
cnf(c_0_50,negated_conjecture,(esk2_0=create_slb|contains_slb(update_slb(esk2_0,findmin_pqp_res(esk1_0)),findmin_cpq_res(triple(esk1_0,esk2_0,esk3_0)))|contains_slb(esk2_0,findmin_pqp_res(esk1_0))), inference(sr,[status(thm)],[inference(spm,[status(thm)],[c_0_43, c_0_44]), c_0_41])).
fof(c_0_51, plain, (![X4]:![X5]:![X6]:(X5=create_slb|findmin_cpq_res(triple(X4,X5,X6))=findmin_pqp_res(X4))), inference(shift_quantors,[status(thm)],[inference(variable_rename,[status(thm)],[inference(shift_quantors,[status(thm)],[inference(fof_nnf,[status(thm)],[c_0_45])])])])).
cnf(c_0_52,plain,(findmin_cpq_eff(triple(X1,X2,X3))=findmin_cpq_eff(triple(X1,X2,X4))|create_slb=X2|less_than(lookup_slb(X2,findmin_pqp_res(X1)),findmin_pqp_res(X1))), inference(spm,[status(thm)],[c_0_46, c_0_46])).
cnf(c_0_53,negated_conjecture,(check_cpq(remove_cpq(findmin_cpq_eff(triple(esk1_0,esk2_0,esk3_0)),findmin_cpq_res(triple(esk1_0,esk2_0,esk3_0))))), inference(rw,[status(thm)],[c_0_47, c_0_23])).
cnf(c_0_54,plain,(remove_cpq(triple(X1,X2,X3),X4)=triple(remove_pqp(X1,X4),remove_slb(X2,X4),X3)|~less_than(lookup_slb(X2,X4),X4)|~contains_slb(X2,X4)), inference(split_conjunct,[status(thm)],[c_0_48])).
cnf(c_0_55,negated_conjecture,(esk2_0=create_slb|contains_slb(esk2_0,findmin_pqp_res(esk1_0))|~strictly_less_than(findmin_cpq_res(triple(esk1_0,esk2_0,esk3_0)),lookup_slb(update_slb(esk2_0,findmin_pqp_res(esk1_0)),findmin_cpq_res(triple(esk1_0,esk2_0,esk3_0))))), inference(csr,[status(thm)],[inference(spm,[status(thm)],[c_0_49, c_0_43]), c_0_50])).
cnf(c_0_56,plain,(findmin_cpq_res(triple(X1,X2,X3))=findmin_pqp_res(X1)|X2=create_slb), inference(split_conjunct,[status(thm)],[c_0_51])).
fof(c_0_57, plain, (![X1]:![X2]:![X3]:(((X2!=create_slb&contains_slb(X2,findmin_pqp_res(X1)))&less_than(lookup_slb(X2,findmin_pqp_res(X1)),findmin_pqp_res(X1)))=>findmin_cpq_eff(triple(X1,X2,X3))=triple(X1,update_slb(X2,findmin_pqp_res(X1)),X3))), inference(fof_simplification,[status(thm)],[c_0_11])).
fof(c_0_58, lemma, (![X5]:![X6]:![X7]:![X8]:((~check_cpq(remove_cpq(triple(X5,X6,X7),X8))|~ok(remove_cpq(triple(X5,X6,X7),X8)))|check_cpq(triple(X5,X6,X7)))), inference(shift_quantors,[status(thm)],[inference(variable_rename,[status(thm)],[inference(shift_quantors,[status(thm)],[inference(fof_nnf,[status(thm)],[c_0_12])])])])).
cnf(c_0_59,negated_conjecture,(esk2_0=create_slb|ok(remove_cpq(findmin_cpq_eff(triple(esk1_0,esk2_0,X1)),findmin_cpq_res(triple(esk1_0,esk2_0,esk3_0))))|less_than(lookup_slb(esk2_0,findmin_pqp_res(esk1_0)),findmin_pqp_res(esk1_0))), inference(spm,[status(thm)],[c_0_29, c_0_52])).
cnf(c_0_60,negated_conjecture,(esk2_0=create_slb|check_cpq(remove_cpq(findmin_cpq_eff(triple(esk1_0,esk2_0,X1)),findmin_cpq_res(triple(esk1_0,esk2_0,esk3_0))))|less_than(lookup_slb(esk2_0,findmin_pqp_res(esk1_0)),findmin_pqp_res(esk1_0))), inference(spm,[status(thm)],[c_0_53, c_0_52])).
cnf(c_0_61,plain,(~ok(remove_cpq(triple(X1,X2,bad),X3))|~contains_slb(X2,X3)|~less_than(lookup_slb(X2,X3),X3)), inference(spm,[status(thm)],[c_0_41, c_0_54])).
cnf(c_0_62,negated_conjecture,(esk2_0=create_slb|contains_slb(esk2_0,findmin_pqp_res(esk1_0))|~strictly_less_than(findmin_pqp_res(esk1_0),lookup_slb(update_slb(esk2_0,findmin_pqp_res(esk1_0)),findmin_pqp_res(esk1_0)))), inference(spm,[status(thm)],[c_0_55, c_0_56])).
fof(c_0_63, plain, (![X4]:![X5]:![X6]:(((X5=create_slb|~contains_slb(X5,findmin_pqp_res(X4)))|~less_than(lookup_slb(X5,findmin_pqp_res(X4)),findmin_pqp_res(X4)))|findmin_cpq_eff(triple(X4,X5,X6))=triple(X4,update_slb(X5,findmin_pqp_res(X4)),X6))), inference(shift_quantors,[status(thm)],[inference(variable_rename,[status(thm)],[inference(shift_quantors,[status(thm)],[inference(fof_nnf,[status(thm)],[c_0_57])])])])).
cnf(c_0_64,lemma,(check_cpq(triple(X1,X2,X3))|~ok(remove_cpq(triple(X1,X2,X3),X4))|~check_cpq(remove_cpq(triple(X1,X2,X3),X4))), inference(split_conjunct,[status(thm)],[c_0_58])).
cnf(c_0_65,negated_conjecture,(esk2_0=create_slb|ok(remove_cpq(triple(esk1_0,update_slb(esk2_0,findmin_pqp_res(esk1_0)),bad),findmin_cpq_res(triple(esk1_0,esk2_0,esk3_0))))|less_than(lookup_slb(esk2_0,findmin_pqp_res(esk1_0)),findmin_pqp_res(esk1_0))), inference(spm,[status(thm)],[c_0_59, c_0_46])).
cnf(c_0_66,negated_conjecture,(esk2_0=create_slb|check_cpq(remove_cpq(triple(esk1_0,update_slb(esk2_0,findmin_pqp_res(esk1_0)),bad),findmin_cpq_res(triple(esk1_0,esk2_0,esk3_0))))|less_than(lookup_slb(esk2_0,findmin_pqp_res(esk1_0)),findmin_pqp_res(esk1_0))), inference(spm,[status(thm)],[c_0_60, c_0_46])).
cnf(c_0_67,negated_conjecture,(esk2_0=create_slb|contains_slb(esk2_0,findmin_pqp_res(esk1_0))|~less_than(lookup_slb(update_slb(esk2_0,findmin_pqp_res(esk1_0)),findmin_cpq_res(triple(esk1_0,esk2_0,esk3_0))),findmin_cpq_res(triple(esk1_0,esk2_0,esk3_0)))), inference(csr,[status(thm)],[inference(spm,[status(thm)],[c_0_61, c_0_43]), c_0_50])).
cnf(c_0_68,negated_conjecture,(esk2_0=create_slb|contains_slb(esk2_0,findmin_pqp_res(esk1_0))|less_than(lookup_slb(update_slb(esk2_0,findmin_pqp_res(esk1_0)),findmin_pqp_res(esk1_0)),findmin_pqp_res(esk1_0))), inference(spm,[status(thm)],[c_0_62, c_0_40])).
cnf(c_0_69,plain,(findmin_cpq_eff(triple(X1,X2,X3))=triple(X1,update_slb(X2,findmin_pqp_res(X1)),X3)|X2=create_slb|~less_than(lookup_slb(X2,findmin_pqp_res(X1)),findmin_pqp_res(X1))|~contains_slb(X2,findmin_pqp_res(X1))), inference(split_conjunct,[status(thm)],[c_0_63])).
cnf(c_0_70,lemma,(esk2_0=create_slb|check_cpq(triple(esk1_0,update_slb(esk2_0,findmin_pqp_res(esk1_0)),bad))|less_than(lookup_slb(esk2_0,findmin_pqp_res(esk1_0)),findmin_pqp_res(esk1_0))), inference(csr,[status(thm)],[inference(spm,[status(thm)],[c_0_64, c_0_65]), c_0_66])).
cnf(c_0_71,negated_conjecture,(esk2_0=create_slb|contains_slb(esk2_0,findmin_pqp_res(esk1_0))), inference(csr,[status(thm)],[inference(spm,[status(thm)],[c_0_67, c_0_56]), c_0_68])).
cnf(c_0_72,lemma,(triple(esk1_0,update_slb(esk2_0,findmin_pqp_res(esk1_0)),X1)=findmin_cpq_eff(triple(esk1_0,esk2_0,X1))|esk2_0=create_slb|check_cpq(triple(esk1_0,update_slb(esk2_0,findmin_pqp_res(esk1_0)),bad))), inference(csr,[status(thm)],[inference(spm,[status(thm)],[c_0_69, c_0_70]), c_0_71])).
cnf(c_0_73,lemma,(esk2_0=create_slb|check_cpq(triple(esk1_0,update_slb(esk2_0,findmin_pqp_res(esk1_0)),bad))|check_cpq(findmin_cpq_eff(triple(esk1_0,esk2_0,X1)))|~ok(remove_cpq(findmin_cpq_eff(triple(esk1_0,esk2_0,X1)),X2))|~check_cpq(remove_cpq(findmin_cpq_eff(triple(esk1_0,esk2_0,X1)),X2))), inference(spm,[status(thm)],[c_0_64, c_0_72])).
cnf(c_0_74,negated_conjecture,(esk2_0=create_slb|check_cpq(triple(esk1_0,update_slb(esk2_0,findmin_pqp_res(esk1_0)),bad))|check_cpq(findmin_cpq_eff(triple(esk1_0,esk2_0,esk3_0)))), inference(cn,[status(thm)],[inference(rw,[status(thm)],[inference(spm,[status(thm)],[c_0_73, c_0_29]), c_0_53])])).
cnf(c_0_75,negated_conjecture,(esk2_0=create_slb|check_cpq(findmin_cpq_eff(triple(esk1_0,esk2_0,esk3_0)))|less_than(lookup_slb(esk2_0,findmin_pqp_res(esk1_0)),findmin_pqp_res(esk1_0))), inference(condense,[status(thm)],[inference(spm,[status(thm)],[c_0_74, c_0_46])])).
fof(c_0_76, lemma, (![X1]:![X2]:![X3]:(~check_cpq(triple(X1,X2,X3))=>~check_cpq(findmin_cpq_eff(triple(X1,X2,X3))))), inference(fof_simplification,[status(thm)],[c_0_13])).
cnf(c_0_77,negated_conjecture,(triple(esk1_0,update_slb(esk2_0,findmin_pqp_res(esk1_0)),X1)=findmin_cpq_eff(triple(esk1_0,esk2_0,X1))|esk2_0=create_slb|check_cpq(findmin_cpq_eff(triple(esk1_0,esk2_0,esk3_0)))), inference(csr,[status(thm)],[inference(spm,[status(thm)],[c_0_69, c_0_75]), c_0_71])).
fof(c_0_78, lemma, (![X4]:![X5]:![X6]:(check_cpq(triple(X4,X5,X6))|~check_cpq(findmin_cpq_eff(triple(X4,X5,X6))))), inference(variable_rename,[status(thm)],[inference(fof_nnf,[status(thm)],[c_0_76])])).
cnf(c_0_79,lemma,(esk2_0=create_slb|check_cpq(findmin_cpq_eff(triple(esk1_0,esk2_0,esk3_0)))|check_cpq(findmin_cpq_eff(triple(esk1_0,esk2_0,X1)))|~ok(remove_cpq(findmin_cpq_eff(triple(esk1_0,esk2_0,X1)),X2))|~check_cpq(remove_cpq(findmin_cpq_eff(triple(esk1_0,esk2_0,X1)),X2))), inference(spm,[status(thm)],[c_0_64, c_0_77])).
cnf(c_0_80,lemma,(check_cpq(triple(X1,X2,X3))|~check_cpq(findmin_cpq_eff(triple(X1,X2,X3)))), inference(split_conjunct,[status(thm)],[c_0_78])).
cnf(c_0_81,negated_conjecture,(esk2_0=create_slb|check_cpq(findmin_cpq_eff(triple(esk1_0,esk2_0,esk3_0)))), inference(cn,[status(thm)],[inference(rw,[status(thm)],[inference(spm,[status(thm)],[c_0_79, c_0_29]), c_0_53])])).
cnf(c_0_82,negated_conjecture,(~check_cpq(triple(esk1_0,esk2_0,esk3_0))), inference(split_conjunct,[status(thm)],[c_0_17])).
fof(c_0_83, plain, (![X3]:![X4]:check_cpq(triple(X3,create_slb,X4))), inference(variable_rename,[status(thm)],[c_0_14])).
cnf(c_0_84,lemma,(esk2_0=create_slb), inference(sr,[status(thm)],[inference(spm,[status(thm)],[c_0_80, c_0_81]), c_0_82])).
cnf(c_0_85,plain,(check_cpq(triple(X1,create_slb,X2))), inference(split_conjunct,[status(thm)],[c_0_83])).
cnf(c_0_86,negated_conjecture,($false), inference(cn,[status(thm)],[inference(rw,[status(thm)],[inference(rw,[status(thm)],[c_0_82, c_0_84]), c_0_85])]), ['proof']).
# SZS output end CNFRefutation.
EOF
