% Problem    : SWW380+1 : TPTP v6.1.0. Released v5.2.0.
% Command    : eprover --auto-schedule --tstp-format -s --proof-object --memory-limit=2048 --cpu-limit=%d %s
% Computer   : n145.star.cs.uiowa.edu
% Model      : x86_64 x86_64
% CPU        : Intel(R) Xeon(R) CPU E5-2609 0 @ 2.40GHz
% Memory     : 32286.75MB
% OS         : Linux 2.6.32-431.20.3.el6.x86_64
% CPULimit   : 300
% DateTime   : Sun Jul 20 07:12:06 CDT 2014
% CPUTime    : 
# No SInE strategy applied
# Trying AutoSched0 for 151 seconds
# AutoSched0-Mode selected heuristic G_E___207_C18_F1_AE_CS_SP_PS_S0Y
# and selection function SelectMaxLComplexAvoidPosPred.
#
# Presaturation interreduction done

# Proof found!
# SZS status Theorem
# SZS output start CNFRefutation.
fof(c_0_0, axiom, (![X32]:![X6]:(hAPP(c_Set_OCollect(X6),X32)=c_Orderings_Obot__class_Obot(tc_fun(X6,tc_HOL_Obool))<=>![X3]:~(hBOOL(hAPP(X32,X3))))), file('/export/starexec/sandbox/benchmark/theBenchmark.p', fact_Collect__empty__eq)).
fof(c_0_1, axiom, (![X6]:c_Orderings_Obot__class_Obot(tc_fun(X6,tc_HOL_Obool))=hAPP(c_Set_OCollect(X6),hAPP(c_COMBK(tc_HOL_Obool,X6),c_fFalse))), file('/export/starexec/sandbox/benchmark/theBenchmark.p', fact_empty__def)).
fof(c_0_2, axiom, (![X32]:![X6]:hAPP(c_Set_OCollect(X6),X32)=X32), file('/export/starexec/sandbox/benchmark/theBenchmark.p', fact_Collect__def)).
fof(c_0_3, axiom, (![X32]:![X6]:hAPP(c_Set_OCollect(X6),hAPP(hAPP(c_COMBB(tc_HOL_Obool,tc_HOL_Obool,X6),c_fNot),X32))=hAPP(c_Groups_Ouminus__class_Ouminus(tc_fun(X6,tc_HOL_Obool)),hAPP(c_Set_OCollect(X6),X32))), file('/export/starexec/sandbox/benchmark/theBenchmark.p', fact_Collect__neg__eq)).
fof(c_0_4, axiom, (![X324]:![X38]:![X10]:![X6]:hAPP(hAPP(c_COMBK(X6,X10),X38),X324)=X38), file('/export/starexec/sandbox/benchmark/theBenchmark.p', help_c__COMBK__1)).
fof(c_0_5, axiom, (![X13]:![X6]:hAPP(c_Groups_Ouminus__class_Ouminus(tc_fun(X6,tc_HOL_Obool)),hAPP(c_Groups_Ouminus__class_Ouminus(tc_fun(X6,tc_HOL_Obool)),X13))=X13), file('/export/starexec/sandbox/benchmark/theBenchmark.p', fact_double__complement)).
fof(c_0_6, axiom, (![X6]:c_Orderings_Otop__class_Otop(tc_fun(X6,tc_HOL_Obool))=hAPP(c_Set_OCollect(X6),hAPP(c_COMBK(tc_HOL_Obool,X6),c_fTrue))), file('/export/starexec/sandbox/benchmark/theBenchmark.p', fact_UNIV__def)).
fof(c_0_7, axiom, (![X32]:(~(hBOOL(hAPP(c_fNot,X32)))|~(hBOOL(X32)))), file('/export/starexec/sandbox/benchmark/theBenchmark.p', help_c__fNot__1)).
fof(c_0_8, axiom, (![X63]:![X31]:![X32]:![X17]:![X6]:![X10]:hAPP(hAPP(hAPP(c_COMBB(X10,X6,X17),X32),X31),X63)=hAPP(X32,hAPP(X31,X63))), file('/export/starexec/sandbox/benchmark/theBenchmark.p', help_c__COMBB__1)).
fof(c_0_9, axiom, (![X6]:hAPP(c_Groups_Ouminus__class_Ouminus(tc_fun(X6,tc_HOL_Obool)),c_Orderings_Otop__class_Otop(tc_fun(X6,tc_HOL_Obool)))=c_Orderings_Obot__class_Obot(tc_fun(X6,tc_HOL_Obool))), file('/export/starexec/sandbox/benchmark/theBenchmark.p', fact_Compl__UNIV__eq)).
fof(c_0_10, axiom, (![X106]:![X99]:(hAPP(hAPP(c_Groups_Oplus__class_Oplus(tc_Nat_Onat),X99),X106)=X99=>X106=c_Groups_Ozero__class_Ozero(tc_Nat_Onat))), file('/export/starexec/sandbox/benchmark/theBenchmark.p', fact_add__eq__self__zero)).
fof(c_0_11, axiom, (c_Groups_Ozero__class_Ozero(tc_Nat_Onat)=hAPP(c_Int_Onat,c_Groups_Ozero__class_Ozero(tc_Int_Oint))), file('/export/starexec/sandbox/benchmark/theBenchmark.p', fact_transfer__nat__int__numerals_I1_J)).
fof(c_0_12, axiom, (c_Int_OPls=c_Groups_Ozero__class_Ozero(tc_Int_Oint)), file('/export/starexec/sandbox/benchmark/theBenchmark.p', fact_Pls__def)).
fof(c_0_13, axiom, (![X99]:c_Groups_Ozero__class_Ozero(tc_Nat_Onat)!=hAPP(c_Nat_OSuc,X99)), file('/export/starexec/sandbox/benchmark/theBenchmark.p', fact_Zero__not__Suc)).
fof(c_0_14, axiom, (![X249]:![X6]:hAPP(c_List_Orev(X6),hAPP(c_List_Orev(X6),X249))=X249), file('/export/starexec/sandbox/benchmark/theBenchmark.p', fact_rev__rev__ident)).
fof(c_0_15, axiom, (![X106]:![X99]:hAPP(hAPP(c_Groups_Oplus__class_Oplus(tc_Nat_Onat),X99),hAPP(c_Nat_OSuc,X106))=hAPP(c_Nat_OSuc,hAPP(hAPP(c_Groups_Oplus__class_Oplus(tc_Nat_Onat),X99),X106))), file('/export/starexec/sandbox/benchmark/theBenchmark.p', fact_add__Suc__right)).
fof(c_0_16, axiom, (![X99]:hAPP(hAPP(c_Groups_Oplus__class_Oplus(tc_Nat_Onat),X99),c_Groups_Ozero__class_Ozero(tc_Nat_Onat))=X99), file('/export/starexec/sandbox/benchmark/theBenchmark.p', fact_Nat_Oadd__0__right)).
fof(c_0_17, hypothesis, (hBOOL(hAPP(c_Finite__Set_Ofinite(tc_Hoare__Mirabelle_Otriple(tc_Com_Ostate)),v_F))), file('/export/starexec/sandbox/benchmark/theBenchmark.p', conj_3)).
fof(c_0_18, axiom, (![X106]:hAPP(c_Nat_OSuc,X106)!=X106), file('/export/starexec/sandbox/benchmark/theBenchmark.p', fact_Suc__n__not__n)).
fof(c_0_19, plain, (![X32]:![X6]:(hAPP(c_Set_OCollect(X6),X32)=c_Orderings_Obot__class_Obot(tc_fun(X6,tc_HOL_Obool))<=>![X3]:~hBOOL(hAPP(X32,X3)))), inference(fof_simplification,[status(thm)],[c_0_0])).
fof(c_0_20, plain, (![X7]:c_Orderings_Obot__class_Obot(tc_fun(X7,tc_HOL_Obool))=hAPP(c_Set_OCollect(X7),hAPP(c_COMBK(tc_HOL_Obool,X7),c_fFalse))), inference(variable_rename,[status(thm)],[c_0_1])).
fof(c_0_21, plain, (![X33]:![X34]:hAPP(c_Set_OCollect(X34),X33)=X33), inference(variable_rename,[status(thm)],[c_0_2])).
fof(c_0_22, plain, (![X33]:![X34]:hAPP(c_Set_OCollect(X34),hAPP(hAPP(c_COMBB(tc_HOL_Obool,tc_HOL_Obool,X34),c_fNot),X33))=hAPP(c_Groups_Ouminus__class_Ouminus(tc_fun(X34,tc_HOL_Obool)),hAPP(c_Set_OCollect(X34),X33))), inference(variable_rename,[status(thm)],[c_0_3])).
fof(c_0_23, plain, (![X33]:![X34]:![X35]:![X36]:![X38]:((hAPP(c_Set_OCollect(X34),X33)!=c_Orderings_Obot__class_Obot(tc_fun(X34,tc_HOL_Obool))|~hBOOL(hAPP(X33,X35)))&(hBOOL(hAPP(X36,esk177_1(X36)))|hAPP(c_Set_OCollect(X38),X36)=c_Orderings_Obot__class_Obot(tc_fun(X38,tc_HOL_Obool))))), inference(shift_quantors,[status(thm)],[inference(skolemize,[status(esa)],[inference(variable_rename,[status(thm)],[inference(shift_quantors,[status(thm)],[inference(fof_nnf,[status(thm)],[c_0_19])])])])])).
fof(c_0_24, plain, (![X325]:![X326]:![X327]:![X328]:hAPP(hAPP(c_COMBK(X328,X327),X326),X325)=X326), inference(variable_rename,[status(thm)],[c_0_4])).
cnf(c_0_25,plain,(c_Orderings_Obot__class_Obot(tc_fun(X1,tc_HOL_Obool))=hAPP(c_Set_OCollect(X1),hAPP(c_COMBK(tc_HOL_Obool,X1),c_fFalse))), inference(split_conjunct,[status(thm)],[c_0_20])).
cnf(c_0_26,plain,(hAPP(c_Set_OCollect(X1),X2)=X2), inference(split_conjunct,[status(thm)],[c_0_21])).
fof(c_0_27, plain, (![X14]:![X15]:hAPP(c_Groups_Ouminus__class_Ouminus(tc_fun(X15,tc_HOL_Obool)),hAPP(c_Groups_Ouminus__class_Ouminus(tc_fun(X15,tc_HOL_Obool)),X14))=X14), inference(variable_rename,[status(thm)],[c_0_5])).
cnf(c_0_28,plain,(hAPP(c_Set_OCollect(X1),hAPP(hAPP(c_COMBB(tc_HOL_Obool,tc_HOL_Obool,X1),c_fNot),X2))=hAPP(c_Groups_Ouminus__class_Ouminus(tc_fun(X1,tc_HOL_Obool)),hAPP(c_Set_OCollect(X1),X2))), inference(split_conjunct,[status(thm)],[c_0_22])).
fof(c_0_29, plain, (![X7]:c_Orderings_Otop__class_Otop(tc_fun(X7,tc_HOL_Obool))=hAPP(c_Set_OCollect(X7),hAPP(c_COMBK(tc_HOL_Obool,X7),c_fTrue))), inference(variable_rename,[status(thm)],[c_0_6])).
fof(c_0_30, plain, (![X32]:(~hBOOL(hAPP(c_fNot,X32))|~hBOOL(X32))), inference(fof_simplification,[status(thm)],[c_0_7])).
cnf(c_0_31,plain,(hAPP(c_Set_OCollect(X1),X2)=c_Orderings_Obot__class_Obot(tc_fun(X1,tc_HOL_Obool))|hBOOL(hAPP(X2,esk177_1(X2)))), inference(split_conjunct,[status(thm)],[c_0_23])).
cnf(c_0_32,plain,(hAPP(hAPP(c_COMBK(X1,X2),X3),X4)=X3), inference(split_conjunct,[status(thm)],[c_0_24])).
cnf(c_0_33,plain,(hAPP(c_COMBK(tc_HOL_Obool,X1),c_fFalse)=c_Orderings_Obot__class_Obot(tc_fun(X1,tc_HOL_Obool))), inference(rw,[status(thm)],[c_0_25, c_0_26])).
fof(c_0_34, plain, (![X64]:![X65]:![X66]:![X67]:![X68]:![X69]:hAPP(hAPP(hAPP(c_COMBB(X69,X68,X67),X66),X65),X64)=hAPP(X66,hAPP(X65,X64))), inference(variable_rename,[status(thm)],[c_0_8])).
cnf(c_0_35,plain,(hAPP(c_Groups_Ouminus__class_Ouminus(tc_fun(X1,tc_HOL_Obool)),hAPP(c_Groups_Ouminus__class_Ouminus(tc_fun(X1,tc_HOL_Obool)),X2))=X2), inference(split_conjunct,[status(thm)],[c_0_27])).
cnf(c_0_36,plain,(hAPP(c_Groups_Ouminus__class_Ouminus(tc_fun(X1,tc_HOL_Obool)),X2)=hAPP(hAPP(c_COMBB(tc_HOL_Obool,tc_HOL_Obool,X1),c_fNot),X2)), inference(rw,[status(thm)],[inference(rw,[status(thm)],[c_0_28, c_0_26]), c_0_26])).
fof(c_0_37, plain, (![X7]:hAPP(c_Groups_Ouminus__class_Ouminus(tc_fun(X7,tc_HOL_Obool)),c_Orderings_Otop__class_Otop(tc_fun(X7,tc_HOL_Obool)))=c_Orderings_Obot__class_Obot(tc_fun(X7,tc_HOL_Obool))), inference(variable_rename,[status(thm)],[c_0_9])).
cnf(c_0_38,plain,(c_Orderings_Otop__class_Otop(tc_fun(X1,tc_HOL_Obool))=hAPP(c_Set_OCollect(X1),hAPP(c_COMBK(tc_HOL_Obool,X1),c_fTrue))), inference(split_conjunct,[status(thm)],[c_0_29])).
fof(c_0_39, plain, (![X107]:![X108]:(hAPP(hAPP(c_Groups_Oplus__class_Oplus(tc_Nat_Onat),X108),X107)!=X108|X107=c_Groups_Ozero__class_Ozero(tc_Nat_Onat))), inference(shift_quantors,[status(thm)],[inference(variable_rename,[status(thm)],[inference(shift_quantors,[status(thm)],[inference(fof_nnf,[status(thm)],[c_0_10])])])])).
cnf(c_0_40,plain,(c_Groups_Ozero__class_Ozero(tc_Nat_Onat)=hAPP(c_Int_Onat,c_Groups_Ozero__class_Ozero(tc_Int_Oint))), inference(split_conjunct,[status(thm)],[c_0_11])).
cnf(c_0_41,plain,(c_Int_OPls=c_Groups_Ozero__class_Ozero(tc_Int_Oint)), inference(split_conjunct,[status(thm)],[c_0_12])).
fof(c_0_42, plain, (![X100]:c_Groups_Ozero__class_Ozero(tc_Nat_Onat)!=hAPP(c_Nat_OSuc,X100)), inference(variable_rename,[status(thm)],[c_0_13])).
fof(c_0_43, plain, (![X33]:(~hBOOL(hAPP(c_fNot,X33))|~hBOOL(X33))), inference(variable_rename,[status(thm)],[c_0_30])).
cnf(c_0_44,plain,(X1=c_Orderings_Obot__class_Obot(tc_fun(X2,tc_HOL_Obool))|hBOOL(hAPP(X1,esk177_1(X1)))), inference(rw,[status(thm)],[c_0_31, c_0_26])).
cnf(c_0_45,plain,(hAPP(c_Orderings_Obot__class_Obot(tc_fun(X1,tc_HOL_Obool)),X2)=c_fFalse), inference(spm,[status(thm)],[c_0_32, c_0_33])).
cnf(c_0_46,plain,(hAPP(hAPP(hAPP(c_COMBB(X1,X2,X3),X4),X5),X6)=hAPP(X4,hAPP(X5,X6))), inference(split_conjunct,[status(thm)],[c_0_34])).
cnf(c_0_47,plain,(hAPP(hAPP(c_COMBB(tc_HOL_Obool,tc_HOL_Obool,X1),c_fNot),hAPP(hAPP(c_COMBB(tc_HOL_Obool,tc_HOL_Obool,X1),c_fNot),X2))=X2), inference(rw,[status(thm)],[inference(rw,[status(thm)],[c_0_35, c_0_36]), c_0_36])).
fof(c_0_48, plain, (![X250]:![X251]:hAPP(c_List_Orev(X251),hAPP(c_List_Orev(X251),X250))=X250), inference(variable_rename,[status(thm)],[c_0_14])).
cnf(c_0_49,plain,(hAPP(c_Groups_Ouminus__class_Ouminus(tc_fun(X1,tc_HOL_Obool)),c_Orderings_Otop__class_Otop(tc_fun(X1,tc_HOL_Obool)))=c_Orderings_Obot__class_Obot(tc_fun(X1,tc_HOL_Obool))), inference(split_conjunct,[status(thm)],[c_0_37])).
cnf(c_0_50,plain,(hAPP(c_COMBK(tc_HOL_Obool,X1),c_fTrue)=c_Orderings_Otop__class_Otop(tc_fun(X1,tc_HOL_Obool))), inference(rw,[status(thm)],[c_0_38, c_0_26])).
cnf(c_0_51,plain,(X1=c_Groups_Ozero__class_Ozero(tc_Nat_Onat)|hAPP(hAPP(c_Groups_Oplus__class_Oplus(tc_Nat_Onat),X2),X1)!=X2), inference(split_conjunct,[status(thm)],[c_0_39])).
cnf(c_0_52,plain,(c_Groups_Ozero__class_Ozero(tc_Nat_Onat)=hAPP(c_Int_Onat,c_Int_OPls)), inference(rw,[status(thm)],[c_0_40, c_0_41])).
fof(c_0_53, plain, (![X107]:![X108]:hAPP(hAPP(c_Groups_Oplus__class_Oplus(tc_Nat_Onat),X108),hAPP(c_Nat_OSuc,X107))=hAPP(c_Nat_OSuc,hAPP(hAPP(c_Groups_Oplus__class_Oplus(tc_Nat_Onat),X108),X107))), inference(variable_rename,[status(thm)],[c_0_15])).
cnf(c_0_54,plain,(c_Groups_Ozero__class_Ozero(tc_Nat_Onat)!=hAPP(c_Nat_OSuc,X1)), inference(split_conjunct,[status(thm)],[c_0_42])).
cnf(c_0_55,plain,(~hBOOL(X1)|~hBOOL(hAPP(c_fNot,X1))), inference(split_conjunct,[status(thm)],[c_0_43])).
cnf(c_0_56,plain,(c_fFalse=X1|hBOOL(X1)), inference(rw,[status(thm)],[inference(rw,[status(thm)],[inference(spm,[status(thm)],[c_0_32, c_0_44]), c_0_45]), c_0_32])).
cnf(c_0_57,plain,(hAPP(c_fNot,hAPP(c_fNot,hAPP(X1,X2)))=hAPP(X1,X2)), inference(rw,[status(thm)],[inference(spm,[status(thm)],[c_0_46, c_0_47]), c_0_46])).
cnf(c_0_58,plain,(hAPP(c_List_Orev(X1),hAPP(c_List_Orev(X1),X2))=X2), inference(split_conjunct,[status(thm)],[c_0_48])).
cnf(c_0_59,plain,(hAPP(hAPP(c_COMBB(tc_HOL_Obool,tc_HOL_Obool,X1),c_fNot),c_Orderings_Otop__class_Otop(tc_fun(X1,tc_HOL_Obool)))=c_Orderings_Obot__class_Obot(tc_fun(X1,tc_HOL_Obool))), inference(rw,[status(thm)],[c_0_49, c_0_36])).
cnf(c_0_60,plain,(hAPP(c_Orderings_Otop__class_Otop(tc_fun(X1,tc_HOL_Obool)),X2)=c_fTrue), inference(spm,[status(thm)],[c_0_32, c_0_50])).
cnf(c_0_61,plain,(hAPP(c_Int_Onat,c_Int_OPls)=X1|hAPP(hAPP(c_Groups_Oplus__class_Oplus(tc_Nat_Onat),X2),X1)!=X2), inference(rw,[status(thm)],[c_0_51, c_0_52])).
cnf(c_0_62,plain,(hAPP(hAPP(c_Groups_Oplus__class_Oplus(tc_Nat_Onat),X1),hAPP(c_Nat_OSuc,X2))=hAPP(c_Nat_OSuc,hAPP(hAPP(c_Groups_Oplus__class_Oplus(tc_Nat_Onat),X1),X2))), inference(split_conjunct,[status(thm)],[c_0_53])).
cnf(c_0_63,plain,(hAPP(c_Nat_OSuc,X1)!=hAPP(c_Int_Onat,c_Int_OPls)), inference(rw,[status(thm)],[c_0_54, c_0_52])).
fof(c_0_64, plain, (![X100]:hAPP(hAPP(c_Groups_Oplus__class_Oplus(tc_Nat_Onat),X100),c_Groups_Ozero__class_Ozero(tc_Nat_Onat))=X100), inference(variable_rename,[status(thm)],[c_0_16])).
cnf(c_0_65,plain,(hAPP(c_fNot,X1)=c_fFalse|~hBOOL(X1)), inference(spm,[status(thm)],[c_0_55, c_0_56])).
cnf(c_0_66,plain,(hAPP(c_fNot,hAPP(c_fNot,X1))=X1), inference(spm,[status(thm)],[c_0_57, c_0_58])).
cnf(c_0_67,plain,(hAPP(c_fNot,c_fTrue)=c_fFalse), inference(rw,[status(thm)],[inference(rw,[status(thm)],[inference(spm,[status(thm)],[c_0_46, c_0_59]), c_0_45]), c_0_60])).
cnf(c_0_68,hypothesis,(hBOOL(hAPP(c_Finite__Set_Ofinite(tc_Hoare__Mirabelle_Otriple(tc_Com_Ostate)),v_F))), inference(split_conjunct,[status(thm)],[c_0_17])).
cnf(c_0_69,plain,(hAPP(c_Nat_OSuc,hAPP(hAPP(c_Groups_Oplus__class_Oplus(tc_Nat_Onat),X1),X2))!=X1), inference(sr,[status(thm)],[inference(spm,[status(thm)],[c_0_61, c_0_62]), c_0_63])).
cnf(c_0_70,plain,(hAPP(hAPP(c_Groups_Oplus__class_Oplus(tc_Nat_Onat),X1),c_Groups_Ozero__class_Ozero(tc_Nat_Onat))=X1), inference(split_conjunct,[status(thm)],[c_0_64])).
fof(c_0_71, plain, (![X107]:hAPP(c_Nat_OSuc,X107)!=X107), inference(variable_rename,[status(thm)],[c_0_18])).
cnf(c_0_72,plain,(hAPP(c_fNot,X1)=c_fFalse|c_fFalse=X1), inference(spm,[status(thm)],[c_0_65, c_0_56])).
cnf(c_0_73,plain,(hAPP(c_fNot,c_fFalse)=c_fTrue), inference(spm,[status(thm)],[c_0_66, c_0_67])).
cnf(c_0_74,hypothesis,(hAPP(c_fNot,hAPP(c_Finite__Set_Ofinite(tc_Hoare__Mirabelle_Otriple(tc_Com_Ostate)),v_F))=c_fFalse), inference(spm,[status(thm)],[c_0_65, c_0_68])).
cnf(c_0_75,plain,(hAPP(c_Nat_OSuc,hAPP(c_Nat_OSuc,hAPP(hAPP(c_Groups_Oplus__class_Oplus(tc_Nat_Onat),X1),X2)))!=X1), inference(spm,[status(thm)],[c_0_69, c_0_62])).
cnf(c_0_76,plain,(hAPP(hAPP(c_Groups_Oplus__class_Oplus(tc_Nat_Onat),X1),hAPP(c_Int_Onat,c_Int_OPls))=X1), inference(rw,[status(thm)],[c_0_70, c_0_52])).
cnf(c_0_77,plain,(hAPP(c_Nat_OSuc,X1)!=X1), inference(split_conjunct,[status(thm)],[c_0_71])).
cnf(c_0_78,plain,(c_fFalse=X1|c_fTrue=X1), inference(rw,[status(thm)],[inference(spm,[status(thm)],[c_0_66, c_0_72]), c_0_73])).
cnf(c_0_79,hypothesis,(hAPP(c_Finite__Set_Ofinite(tc_Hoare__Mirabelle_Otriple(tc_Com_Ostate)),v_F)=c_fTrue), inference(rw,[status(thm)],[inference(spm,[status(thm)],[c_0_66, c_0_74]), c_0_73])).
cnf(c_0_80,plain,(hAPP(c_Nat_OSuc,hAPP(c_Nat_OSuc,X1))!=X1), inference(spm,[status(thm)],[c_0_75, c_0_76])).
cnf(c_0_81,plain,(hAPP(c_Nat_OSuc,X1)=c_fFalse|c_fTrue!=X1), inference(spm,[status(thm)],[c_0_77, c_0_78])).
cnf(c_0_82,hypothesis,(c_Finite__Set_Ofinite(tc_Hoare__Mirabelle_Otriple(tc_Com_Ostate))=c_fFalse|hAPP(c_fTrue,v_F)=c_fTrue), inference(spm,[status(thm)],[c_0_79, c_0_78])).
cnf(c_0_83,plain,(hAPP(c_Nat_OSuc,c_fFalse)!=X1|c_fTrue!=X1), inference(spm,[status(thm)],[c_0_80, c_0_81])).
cnf(c_0_84,hypothesis,(hAPP(c_fTrue,v_F)=c_fTrue|hAPP(c_fFalse,v_F)=c_fTrue), inference(spm,[status(thm)],[c_0_79, c_0_82])).
cnf(c_0_85,plain,(c_fTrue!=X1), inference(sr,[status(thm)],[inference(spm,[status(thm)],[c_0_83, c_0_78]), c_0_77])).
cnf(c_0_86,hypothesis,($false), inference(sr,[status(thm)],[inference(sr,[status(thm)],[c_0_84, c_0_85]), c_0_85]), ['proof']).
# SZS output end CNFRefutation.
EOF
