% Problem    : CSR004+1 : TPTP v6.1.0. Bugfixed v3.1.0.
% Command    : eprover --auto-schedule --tstp-format -s --proof-object --memory-limit=2048 --cpu-limit=%d %s
% Computer   : n151.star.cs.uiowa.edu
% Model      : x86_64 x86_64
% CPU        : Intel(R) Xeon(R) CPU E5-2609 0 @ 2.40GHz
% Memory     : 32286.75MB
% OS         : Linux 2.6.32-431.20.3.el6.x86_64
% CPULimit   : 300
% DateTime   : Sun Jul 20 06:19:56 CDT 2014
% CPUTime    : 
# No SInE strategy applied
# Trying AutoSched0 for 151 seconds
# AutoSched0-Mode selected heuristic G_E___212_C18_F1_AE_Q12_CS_SP_S2S
# and selection function SelectNewComplexAHP.
#

# Proof found!
# SZS status Theorem
# SZS output start CNFRefutation.
fof(c_0_0, axiom, (![X4]:![X2]:![X5]:(initiates(X4,X2,X5)<=>((((X4=tapOn&X2=filling)|(X4=overflow&X2=spilling))|?[X9]:((holdsAt(waterLevel(X9),X5)&X4=tapOff)&X2=waterLevel(X9)))|?[X9]:((holdsAt(waterLevel(X9),X5)&X4=overflow)&X2=waterLevel(X9))))), file('/export/starexec/sandbox/benchmark/Axioms/CSR001+1.ax', initiates_all_defn)).
fof(c_0_1, axiom, (![X4]:![X5]:(happens(X4,X5)<=>((X4=tapOn&X5=n0)|((holdsAt(waterLevel(n3),X5)&holdsAt(filling,X5))&X4=overflow)))), file('/export/starexec/sandbox/benchmark/Axioms/CSR001+1.ax', happens_all_defn)).
fof(c_0_2, axiom, (![X4]:![X5]:![X2]:((happens(X4,X5)&initiates(X4,X2,X5))=>holdsAt(X2,plus(X5,n1)))), file('/export/starexec/sandbox/benchmark/Axioms/CSR001+0.ax', happens_holds)).
fof(c_0_3, axiom, (![X12]:![X13]:plus(X12,X13)=plus(X13,X12)), file('/export/starexec/sandbox/benchmark/theBenchmark.p', symmetry_of_plus)).
fof(c_0_4, axiom, (![X12]:![X13]:(less_or_equal(X12,X13)<=>(less(X12,X13)|X12=X13))), file('/export/starexec/sandbox/benchmark/theBenchmark.p', less_or_equal)).
fof(c_0_5, axiom, (![X2]:![X5]:(((holdsAt(X2,X5)&~(releasedAt(X2,plus(X5,n1))))&~(?[X4]:(happens(X4,X5)&terminates(X4,X2,X5))))=>holdsAt(X2,plus(X5,n1)))), file('/export/starexec/sandbox/benchmark/Axioms/CSR001+0.ax', keep_holding)).
fof(c_0_6, axiom, (plus(n0,n1)=n1), file('/export/starexec/sandbox/benchmark/theBenchmark.p', plus0_1)).
fof(c_0_7, axiom, (![X4]:![X5]:![X2]:![X6]:![X7]:(((((happens(X4,X5)&initiates(X4,X2,X5))&less(n0,X7))&trajectory(X2,X5,X6,X7))&~(stoppedIn(X5,X2,plus(X5,X7))))=>holdsAt(X6,plus(X5,X7)))), file('/export/starexec/sandbox/benchmark/Axioms/CSR001+0.ax', change_holding)).
fof(c_0_8, axiom, (![X12]:(less(X12,n1)<=>less_or_equal(X12,n0))), file('/export/starexec/sandbox/benchmark/theBenchmark.p', less1)).
fof(c_0_9, axiom, (![X10]:![X5]:![X11]:![X7]:((holdsAt(waterLevel(X10),X5)&X11=plus(X10,X7))=>trajectory(filling,X5,waterLevel(X11),X7))), file('/export/starexec/sandbox/benchmark/Axioms/CSR001+1.ax', change_of_waterLevel)).
fof(c_0_10, axiom, (plus(n1,n1)=n2), file('/export/starexec/sandbox/benchmark/theBenchmark.p', plus1_1)).
fof(c_0_11, axiom, (![X4]:![X2]:![X5]:(terminates(X4,X2,X5)<=>((X4=tapOff&X2=filling)|(X4=overflow&X2=filling)))), file('/export/starexec/sandbox/benchmark/Axioms/CSR001+1.ax', terminates_all_defn)).
fof(c_0_12, hypothesis, (holdsAt(waterLevel(n0),n0)), file('/export/starexec/sandbox/benchmark/theBenchmark.p', waterLevel_0)).
fof(c_0_13, axiom, (![X2]:![X5]:((~(releasedAt(X2,X5))&~(?[X4]:(happens(X4,X5)&releases(X4,X2,X5))))=>~(releasedAt(X2,plus(X5,n1))))), file('/export/starexec/sandbox/benchmark/Axioms/CSR001+0.ax', keep_not_released)).
fof(c_0_14, axiom, (![X4]:![X5]:![X2]:((happens(X4,X5)&(initiates(X4,X2,X5)|terminates(X4,X2,X5)))=>~(releasedAt(X2,plus(X5,n1))))), file('/export/starexec/sandbox/benchmark/Axioms/CSR001+0.ax', happens_not_released)).
fof(c_0_15, axiom, (tapOff!=tapOn), file('/export/starexec/sandbox/benchmark/Axioms/CSR001+1.ax', tapOff_not_tapOn)).
fof(c_0_16, axiom, (tapOff!=overflow), file('/export/starexec/sandbox/benchmark/Axioms/CSR001+1.ax', tapOff_not_overflow)).
fof(c_0_17, axiom, (![X1]:![X2]:![X3]:(stoppedIn(X1,X2,X3)<=>?[X4]:?[X5]:(((happens(X4,X5)&less(X1,X5))&less(X5,X3))&terminates(X4,X2,X5)))), file('/export/starexec/sandbox/benchmark/Axioms/CSR001+0.ax', stoppedin_defn)).
fof(c_0_18, axiom, (![X4]:![X2]:![X5]:(releases(X4,X2,X5)<=>?[X9]:(X4=tapOn&X2=waterLevel(X9)))), file('/export/starexec/sandbox/benchmark/Axioms/CSR001+1.ax', releases_all_defn)).
fof(c_0_19, axiom, (![X12]:filling!=waterLevel(X12)), file('/export/starexec/sandbox/benchmark/Axioms/CSR001+1.ax', filling_not_waterLevel)).
fof(c_0_20, axiom, (~(?[X12]:less(X12,n0))), file('/export/starexec/sandbox/benchmark/theBenchmark.p', less0)).
fof(c_0_21, axiom, (![X12]:(less(X12,n2)<=>less_or_equal(X12,n1))), file('/export/starexec/sandbox/benchmark/theBenchmark.p', less2)).
fof(c_0_22, axiom, (![X5]:![X10]:![X11]:((holdsAt(waterLevel(X10),X5)&holdsAt(waterLevel(X11),X5))=>X10=X11)), file('/export/starexec/sandbox/benchmark/Axioms/CSR001+1.ax', same_waterLevel)).
fof(c_0_23, axiom, (![X12]:![X13]:(less(X12,X13)<=>(~(less(X13,X12))&X13!=X12))), file('/export/starexec/sandbox/benchmark/theBenchmark.p', less_property)).
fof(c_0_24, axiom, (overflow!=tapOn), file('/export/starexec/sandbox/benchmark/Axioms/CSR001+1.ax', overflow_not_tapOn)).
fof(c_0_25, axiom, (![X12]:(less(X12,n3)<=>less_or_equal(X12,n2))), file('/export/starexec/sandbox/benchmark/theBenchmark.p', less3)).
fof(c_0_26, axiom, (plus(n0,n2)=n2), file('/export/starexec/sandbox/benchmark/theBenchmark.p', plus0_2)).
fof(c_0_27, axiom, (plus(n1,n2)=n3), file('/export/starexec/sandbox/benchmark/theBenchmark.p', plus1_2)).
fof(c_0_28, axiom, (plus(n0,n3)=n3), file('/export/starexec/sandbox/benchmark/theBenchmark.p', plus0_3)).
fof(c_0_29, axiom, (![X12]:![X13]:(waterLevel(X12)=waterLevel(X13)<=>X12=X13)), file('/export/starexec/sandbox/benchmark/Axioms/CSR001+1.ax', distinct_waterLevels)).
fof(c_0_30, axiom, (![X12]:spilling!=waterLevel(X12)), file('/export/starexec/sandbox/benchmark/Axioms/CSR001+1.ax', spilling_not_waterLevel)).
fof(c_0_31, axiom, (![X4]:![X5]:![X2]:((happens(X4,X5)&terminates(X4,X2,X5))=>~(holdsAt(X2,plus(X5,n1))))), file('/export/starexec/sandbox/benchmark/Axioms/CSR001+0.ax', happens_terminates_not_holds)).
fof(c_0_32, conjecture, (happens(overflow,n3)), file('/export/starexec/sandbox/benchmark/theBenchmark.p', overflow_3)).
fof(c_0_33, axiom, (![X4]:![X5]:![X2]:((happens(X4,X5)&releases(X4,X2,X5))=>releasedAt(X2,plus(X5,n1)))), file('/export/starexec/sandbox/benchmark/Axioms/CSR001+0.ax', happens_releases)).
fof(c_0_34, hypothesis, (![X9]:~(releasedAt(waterLevel(X9),n0))), file('/export/starexec/sandbox/benchmark/theBenchmark.p', not_released_waterLevel_0)).
fof(c_0_35, plain, (![X5]:![X4]:![X2]:(epred1_3(X2,X4,X5)<=>((((X4=tapOn&X2=filling)|(X4=overflow&X2=spilling))|?[X9]:((holdsAt(waterLevel(X9),X5)&X4=tapOff)&X2=waterLevel(X9)))|?[X9]:((holdsAt(waterLevel(X9),X5)&X4=overflow)&X2=waterLevel(X9))))), introduced(definition)).
fof(c_0_36, plain, (![X10]:![X11]:![X12]:![X15]:![X16]:![X17]:![X18]:![X19]:(((((((((holdsAt(waterLevel(esk11_3(X10,X11,X12)),X10)|(holdsAt(waterLevel(esk10_3(X10,X11,X12)),X10)|(X11=overflow|X11=tapOn)))|~epred1_3(X12,X11,X10))&((X11=overflow|(holdsAt(waterLevel(esk10_3(X10,X11,X12)),X10)|(X11=overflow|X11=tapOn)))|~epred1_3(X12,X11,X10)))&((X12=waterLevel(esk11_3(X10,X11,X12))|(holdsAt(waterLevel(esk10_3(X10,X11,X12)),X10)|(X11=overflow|X11=tapOn)))|~epred1_3(X12,X11,X10)))&((((holdsAt(waterLevel(esk11_3(X10,X11,X12)),X10)|(X11=tapOff|(X11=overflow|X11=tapOn)))|~epred1_3(X12,X11,X10))&((X11=overflow|(X11=tapOff|(X11=overflow|X11=tapOn)))|~epred1_3(X12,X11,X10)))&((X12=waterLevel(esk11_3(X10,X11,X12))|(X11=tapOff|(X11=overflow|X11=tapOn)))|~epred1_3(X12,X11,X10))))&((((holdsAt(waterLevel(esk11_3(X10,X11,X12)),X10)|(X12=waterLevel(esk10_3(X10,X11,X12))|(X11=overflow|X11=tapOn)))|~epred1_3(X12,X11,X10))&((X11=overflow|(X12=waterLevel(esk10_3(X10,X11,X12))|(X11=overflow|X11=tapOn)))|~epred1_3(X12,X11,X10)))&((X12=waterLevel(esk11_3(X10,X11,X12))|(X12=waterLevel(esk10_3(X10,X11,X12))|(X11=overflow|X11=tapOn)))|~epred1_3(X12,X11,X10))))&((((((holdsAt(waterLevel(esk11_3(X10,X11,X12)),X10)|(holdsAt(waterLevel(esk10_3(X10,X11,X12)),X10)|(X12=spilling|X11=tapOn)))|~epred1_3(X12,X11,X10))&((X11=overflow|(holdsAt(waterLevel(esk10_3(X10,X11,X12)),X10)|(X12=spilling|X11=tapOn)))|~epred1_3(X12,X11,X10)))&((X12=waterLevel(esk11_3(X10,X11,X12))|(holdsAt(waterLevel(esk10_3(X10,X11,X12)),X10)|(X12=spilling|X11=tapOn)))|~epred1_3(X12,X11,X10)))&((((holdsAt(waterLevel(esk11_3(X10,X11,X12)),X10)|(X11=tapOff|(X12=spilling|X11=tapOn)))|~epred1_3(X12,X11,X10))&((X11=overflow|(X11=tapOff|(X12=spilling|X11=tapOn)))|~epred1_3(X12,X11,X10)))&((X12=waterLevel(esk11_3(X10,X11,X12))|(X11=tapOff|(X12=spilling|X11=tapOn)))|~epred1_3(X12,X11,X10))))&((((holdsAt(waterLevel(esk11_3(X10,X11,X12)),X10)|(X12=waterLevel(esk10_3(X10,X11,X12))|(X12=spilling|X11=tapOn)))|~epred1_3(X12,X11,X10))&((X11=overflow|(X12=waterLevel(esk10_3(X10,X11,X12))|(X12=spilling|X11=tapOn)))|~epred1_3(X12,X11,X10)))&((X12=waterLevel(esk11_3(X10,X11,X12))|(X12=waterLevel(esk10_3(X10,X11,X12))|(X12=spilling|X11=tapOn)))|~epred1_3(X12,X11,X10)))))&(((((((holdsAt(waterLevel(esk11_3(X10,X11,X12)),X10)|(holdsAt(waterLevel(esk10_3(X10,X11,X12)),X10)|(X11=overflow|X12=filling)))|~epred1_3(X12,X11,X10))&((X11=overflow|(holdsAt(waterLevel(esk10_3(X10,X11,X12)),X10)|(X11=overflow|X12=filling)))|~epred1_3(X12,X11,X10)))&((X12=waterLevel(esk11_3(X10,X11,X12))|(holdsAt(waterLevel(esk10_3(X10,X11,X12)),X10)|(X11=overflow|X12=filling)))|~epred1_3(X12,X11,X10)))&((((holdsAt(waterLevel(esk11_3(X10,X11,X12)),X10)|(X11=tapOff|(X11=overflow|X12=filling)))|~epred1_3(X12,X11,X10))&((X11=overflow|(X11=tapOff|(X11=overflow|X12=filling)))|~epred1_3(X12,X11,X10)))&((X12=waterLevel(esk11_3(X10,X11,X12))|(X11=tapOff|(X11=overflow|X12=filling)))|~epred1_3(X12,X11,X10))))&((((holdsAt(waterLevel(esk11_3(X10,X11,X12)),X10)|(X12=waterLevel(esk10_3(X10,X11,X12))|(X11=overflow|X12=filling)))|~epred1_3(X12,X11,X10))&((X11=overflow|(X12=waterLevel(esk10_3(X10,X11,X12))|(X11=overflow|X12=filling)))|~epred1_3(X12,X11,X10)))&((X12=waterLevel(esk11_3(X10,X11,X12))|(X12=waterLevel(esk10_3(X10,X11,X12))|(X11=overflow|X12=filling)))|~epred1_3(X12,X11,X10))))&((((((holdsAt(waterLevel(esk11_3(X10,X11,X12)),X10)|(holdsAt(waterLevel(esk10_3(X10,X11,X12)),X10)|(X12=spilling|X12=filling)))|~epred1_3(X12,X11,X10))&((X11=overflow|(holdsAt(waterLevel(esk10_3(X10,X11,X12)),X10)|(X12=spilling|X12=filling)))|~epred1_3(X12,X11,X10)))&((X12=waterLevel(esk11_3(X10,X11,X12))|(holdsAt(waterLevel(esk10_3(X10,X11,X12)),X10)|(X12=spilling|X12=filling)))|~epred1_3(X12,X11,X10)))&((((holdsAt(waterLevel(esk11_3(X10,X11,X12)),X10)|(X11=tapOff|(X12=spilling|X12=filling)))|~epred1_3(X12,X11,X10))&((X11=overflow|(X11=tapOff|(X12=spilling|X12=filling)))|~epred1_3(X12,X11,X10)))&((X12=waterLevel(esk11_3(X10,X11,X12))|(X11=tapOff|(X12=spilling|X12=filling)))|~epred1_3(X12,X11,X10))))&((((holdsAt(waterLevel(esk11_3(X10,X11,X12)),X10)|(X12=waterLevel(esk10_3(X10,X11,X12))|(X12=spilling|X12=filling)))|~epred1_3(X12,X11,X10))&((X11=overflow|(X12=waterLevel(esk10_3(X10,X11,X12))|(X12=spilling|X12=filling)))|~epred1_3(X12,X11,X10)))&((X12=waterLevel(esk11_3(X10,X11,X12))|(X12=waterLevel(esk10_3(X10,X11,X12))|(X12=spilling|X12=filling)))|~epred1_3(X12,X11,X10))))))&(((((X16!=tapOn|X17!=filling)|epred1_3(X17,X16,X15))&((X16!=overflow|X17!=spilling)|epred1_3(X17,X16,X15)))&(((~holdsAt(waterLevel(X18),X15)|X16!=tapOff)|X17!=waterLevel(X18))|epred1_3(X17,X16,X15)))&(((~holdsAt(waterLevel(X19),X15)|X16!=overflow)|X17!=waterLevel(X19))|epred1_3(X17,X16,X15))))), inference(distribute,[status(thm)],[inference(shift_quantors,[status(thm)],[inference(skolemize,[status(esa)],[inference(variable_rename,[status(thm)],[inference(shift_quantors,[status(thm)],[inference(fof_nnf,[status(thm)],[c_0_35])])])])])])).
fof(c_0_37, axiom, (![X4]:![X2]:![X5]:(initiates(X4,X2,X5)<=>epred1_3(X2,X4,X5))), inference(apply_def,[status(thm)],[c_0_0, c_0_35])).
cnf(c_0_38,plain,(epred1_3(X1,X2,X3)|X1!=filling|X2!=tapOn), inference(split_conjunct,[status(thm)],[c_0_36])).
fof(c_0_39, plain, (![X6]:![X7]:![X8]:![X9]:![X10]:![X11]:((~initiates(X6,X7,X8)|epred1_3(X7,X6,X8))&(~epred1_3(X10,X9,X11)|initiates(X9,X10,X11)))), inference(shift_quantors,[status(thm)],[inference(variable_rename,[status(thm)],[inference(shift_quantors,[status(thm)],[inference(fof_nnf,[status(thm)],[c_0_37])])])])).
cnf(c_0_40,plain,(epred1_3(X1,tapOn,X2)|filling!=X1), inference(er,[status(thm)],[c_0_38])).
fof(c_0_41, plain, (![X6]:![X7]:![X8]:![X9]:((((((holdsAt(waterLevel(n3),X7)|X6=tapOn)|~happens(X6,X7))&((holdsAt(filling,X7)|X6=tapOn)|~happens(X6,X7)))&((X6=overflow|X6=tapOn)|~happens(X6,X7)))&((((holdsAt(waterLevel(n3),X7)|X7=n0)|~happens(X6,X7))&((holdsAt(filling,X7)|X7=n0)|~happens(X6,X7)))&((X6=overflow|X7=n0)|~happens(X6,X7))))&(((X8!=tapOn|X9!=n0)|happens(X8,X9))&(((~holdsAt(waterLevel(n3),X9)|~holdsAt(filling,X9))|X8!=overflow)|happens(X8,X9))))), inference(distribute,[status(thm)],[inference(shift_quantors,[status(thm)],[inference(variable_rename,[status(thm)],[inference(shift_quantors,[status(thm)],[inference(fof_nnf,[status(thm)],[c_0_1])])])])])).
fof(c_0_42, plain, (![X6]:![X7]:![X8]:((~happens(X6,X7)|~initiates(X6,X8,X7))|holdsAt(X8,plus(X7,n1)))), inference(variable_rename,[status(thm)],[inference(fof_nnf,[status(thm)],[c_0_2])])).
cnf(c_0_43,plain,(initiates(X1,X2,X3)|~epred1_3(X2,X1,X3)), inference(split_conjunct,[status(thm)],[c_0_39])).
cnf(c_0_44,plain,(epred1_3(filling,tapOn,X1)), inference(er,[status(thm)],[c_0_40])).
cnf(c_0_45,plain,(happens(X1,X2)|X2!=n0|X1!=tapOn), inference(split_conjunct,[status(thm)],[c_0_41])).
fof(c_0_46, plain, (![X14]:![X15]:plus(X14,X15)=plus(X15,X14)), inference(variable_rename,[status(thm)],[c_0_3])).
fof(c_0_47, plain, (![X14]:![X15]:![X16]:![X17]:((~less_or_equal(X14,X15)|(less(X14,X15)|X14=X15))&((~less(X16,X17)|less_or_equal(X16,X17))&(X16!=X17|less_or_equal(X16,X17))))), inference(distribute,[status(thm)],[inference(shift_quantors,[status(thm)],[inference(variable_rename,[status(thm)],[inference(shift_quantors,[status(thm)],[inference(fof_nnf,[status(thm)],[c_0_4])])])])])).
fof(c_0_48, plain, (![X2]:![X5]:(((holdsAt(X2,X5)&~releasedAt(X2,plus(X5,n1)))&~(?[X4]:(happens(X4,X5)&terminates(X4,X2,X5))))=>holdsAt(X2,plus(X5,n1)))), inference(fof_simplification,[status(thm)],[c_0_5])).
cnf(c_0_49,plain,(holdsAt(X1,plus(X2,n1))|~initiates(X3,X1,X2)|~happens(X3,X2)), inference(split_conjunct,[status(thm)],[c_0_42])).
cnf(c_0_50,plain,(initiates(tapOn,filling,X1)), inference(spm,[status(thm)],[c_0_43, c_0_44])).
cnf(c_0_51,plain,(happens(X1,n0)|tapOn!=X1), inference(er,[status(thm)],[c_0_45])).
cnf(c_0_52,plain,(plus(n0,n1)=n1), inference(split_conjunct,[status(thm)],[c_0_6])).
cnf(c_0_53,plain,(plus(X1,X2)=plus(X2,X1)), inference(split_conjunct,[status(thm)],[c_0_46])).
fof(c_0_54, plain, (![X4]:![X5]:![X2]:![X6]:![X7]:(((((happens(X4,X5)&initiates(X4,X2,X5))&less(n0,X7))&trajectory(X2,X5,X6,X7))&~stoppedIn(X5,X2,plus(X5,X7)))=>holdsAt(X6,plus(X5,X7)))), inference(fof_simplification,[status(thm)],[c_0_7])).
fof(c_0_55, plain, (![X13]:![X14]:((~less(X13,n1)|less_or_equal(X13,n0))&(~less_or_equal(X14,n0)|less(X14,n1)))), inference(shift_quantors,[status(thm)],[inference(variable_rename,[status(thm)],[inference(shift_quantors,[status(thm)],[inference(fof_nnf,[status(thm)],[c_0_8])])])])).
cnf(c_0_56,plain,(less_or_equal(X1,X2)|X1!=X2), inference(split_conjunct,[status(thm)],[c_0_47])).
fof(c_0_57, plain, (![X12]:![X13]:![X14]:![X15]:((~holdsAt(waterLevel(X12),X13)|X14!=plus(X12,X15))|trajectory(filling,X13,waterLevel(X14),X15))), inference(variable_rename,[status(thm)],[inference(fof_nnf,[status(thm)],[c_0_9])])).
fof(c_0_58, plain, (![X6]:![X7]:(((happens(esk5_2(X6,X7),X7)|(~holdsAt(X6,X7)|releasedAt(X6,plus(X7,n1))))|holdsAt(X6,plus(X7,n1)))&((terminates(esk5_2(X6,X7),X6,X7)|(~holdsAt(X6,X7)|releasedAt(X6,plus(X7,n1))))|holdsAt(X6,plus(X7,n1))))), inference(distribute,[status(thm)],[inference(skolemize,[status(esa)],[inference(variable_rename,[status(thm)],[inference(fof_nnf,[status(thm)],[c_0_48])])])])).
cnf(c_0_59,plain,(holdsAt(filling,plus(X1,n1))|~happens(tapOn,X1)), inference(spm,[status(thm)],[c_0_49, c_0_50])).
cnf(c_0_60,plain,(happens(tapOn,n0)), inference(er,[status(thm)],[c_0_51])).
cnf(c_0_61,plain,(plus(n1,n0)=n1), inference(rw,[status(thm)],[c_0_52, c_0_53])).
fof(c_0_62, plain, (![X8]:![X9]:![X10]:![X11]:![X12]:(((((~happens(X8,X9)|~initiates(X8,X10,X9))|~less(n0,X12))|~trajectory(X10,X9,X11,X12))|stoppedIn(X9,X10,plus(X9,X12)))|holdsAt(X11,plus(X9,X12)))), inference(variable_rename,[status(thm)],[inference(fof_nnf,[status(thm)],[c_0_54])])).
cnf(c_0_63,plain,(less(X1,n1)|~less_or_equal(X1,n0)), inference(split_conjunct,[status(thm)],[c_0_55])).
cnf(c_0_64,plain,(less_or_equal(X1,X1)), inference(er,[status(thm)],[c_0_56])).
cnf(c_0_65,plain,(trajectory(filling,X1,waterLevel(X2),X3)|X2!=plus(X4,X3)|~holdsAt(waterLevel(X4),X1)), inference(split_conjunct,[status(thm)],[c_0_57])).
cnf(c_0_66,plain,(holdsAt(X1,plus(X2,n1))|releasedAt(X1,plus(X2,n1))|happens(esk5_2(X1,X2),X2)|~holdsAt(X1,X2)), inference(split_conjunct,[status(thm)],[c_0_58])).
cnf(c_0_67,plain,(holdsAt(filling,n1)), inference(rw,[status(thm)],[inference(rw,[status(thm)],[inference(spm,[status(thm)],[c_0_59, c_0_60]), c_0_53]), c_0_61])).
cnf(c_0_68,plain,(plus(n1,n1)=n2), inference(split_conjunct,[status(thm)],[c_0_10])).
fof(c_0_69, plain, (![X6]:![X7]:![X8]:![X9]:![X10]:![X11]:(((((X6=overflow|X6=tapOff)|~terminates(X6,X7,X8))&((X7=filling|X6=tapOff)|~terminates(X6,X7,X8)))&(((X6=overflow|X7=filling)|~terminates(X6,X7,X8))&((X7=filling|X7=filling)|~terminates(X6,X7,X8))))&(((X9!=tapOff|X10!=filling)|terminates(X9,X10,X11))&((X9!=overflow|X10!=filling)|terminates(X9,X10,X11))))), inference(distribute,[status(thm)],[inference(shift_quantors,[status(thm)],[inference(variable_rename,[status(thm)],[inference(shift_quantors,[status(thm)],[inference(fof_nnf,[status(thm)],[c_0_11])])])])])).
cnf(c_0_70,plain,(holdsAt(X1,plus(X2,n1))|releasedAt(X1,plus(X2,n1))|terminates(esk5_2(X1,X2),X1,X2)|~holdsAt(X1,X2)), inference(split_conjunct,[status(thm)],[c_0_58])).
cnf(c_0_71,plain,(holdsAt(X1,plus(X2,X3))|stoppedIn(X2,X4,plus(X2,X3))|~trajectory(X4,X2,X1,X3)|~less(n0,X3)|~initiates(X5,X4,X2)|~happens(X5,X2)), inference(split_conjunct,[status(thm)],[c_0_62])).
cnf(c_0_72,plain,(less(n0,n1)), inference(spm,[status(thm)],[c_0_63, c_0_64])).
cnf(c_0_73,plain,(trajectory(filling,X1,waterLevel(plus(X2,X3)),X3)|~holdsAt(waterLevel(X2),X1)), inference(er,[status(thm)],[c_0_65])).
cnf(c_0_74,hypothesis,(holdsAt(waterLevel(n0),n0)), inference(split_conjunct,[status(thm)],[c_0_12])).
fof(c_0_75, plain, (![X2]:![X5]:((~releasedAt(X2,X5)&~(?[X4]:(happens(X4,X5)&releases(X4,X2,X5))))=>~releasedAt(X2,plus(X5,n1)))), inference(fof_simplification,[status(thm)],[c_0_13])).
cnf(c_0_76,plain,(X1=tapOn|X1=overflow|~happens(X1,X2)), inference(split_conjunct,[status(thm)],[c_0_41])).
cnf(c_0_77,plain,(releasedAt(filling,n2)|holdsAt(filling,n2)|happens(esk5_2(filling,n1),n1)), inference(rw,[status(thm)],[inference(rw,[status(thm)],[inference(spm,[status(thm)],[c_0_66, c_0_67]), c_0_68]), c_0_68])).
cnf(c_0_78,plain,(X1=tapOff|X1=overflow|~terminates(X1,X2,X3)), inference(split_conjunct,[status(thm)],[c_0_69])).
cnf(c_0_79,plain,(releasedAt(filling,n2)|holdsAt(filling,n2)|terminates(esk5_2(filling,n1),filling,n1)), inference(rw,[status(thm)],[inference(rw,[status(thm)],[inference(spm,[status(thm)],[c_0_70, c_0_67]), c_0_68]), c_0_68])).
cnf(c_0_80,plain,(holdsAt(X1,plus(X2,n1))|stoppedIn(X2,X3,plus(X2,n1))|~trajectory(X3,X2,X1,n1)|~initiates(X4,X3,X2)|~happens(X4,X2)), inference(spm,[status(thm)],[c_0_71, c_0_72])).
cnf(c_0_81,hypothesis,(trajectory(filling,n0,waterLevel(plus(n0,X1)),X1)), inference(spm,[status(thm)],[c_0_73, c_0_74])).
fof(c_0_82, plain, (![X4]:![X5]:![X2]:((happens(X4,X5)&(initiates(X4,X2,X5)|terminates(X4,X2,X5)))=>~releasedAt(X2,plus(X5,n1)))), inference(fof_simplification,[status(thm)],[c_0_14])).
fof(c_0_83, plain, (![X6]:![X7]:(((happens(esk8_2(X6,X7),X7)|releasedAt(X6,X7))|~releasedAt(X6,plus(X7,n1)))&((releases(esk8_2(X6,X7),X6,X7)|releasedAt(X6,X7))|~releasedAt(X6,plus(X7,n1))))), inference(distribute,[status(thm)],[inference(skolemize,[status(esa)],[inference(variable_rename,[status(thm)],[inference(fof_nnf,[status(thm)],[c_0_75])])])])).
cnf(c_0_84,plain,(esk5_2(filling,n1)=tapOn|esk5_2(filling,n1)=overflow|releasedAt(filling,n2)|holdsAt(filling,n2)), inference(spm,[status(thm)],[c_0_76, c_0_77])).
cnf(c_0_85,plain,(esk5_2(filling,n1)=overflow|esk5_2(filling,n1)=tapOff|releasedAt(filling,n2)|holdsAt(filling,n2)), inference(spm,[status(thm)],[c_0_78, c_0_79])).
cnf(c_0_86,plain,(tapOff!=tapOn), inference(split_conjunct,[status(thm)],[c_0_15])).
cnf(c_0_87,plain,(tapOff!=overflow), inference(split_conjunct,[status(thm)],[c_0_16])).
fof(c_0_88, plain, (![X6]:![X7]:![X8]:![X11]:![X12]:![X13]:![X14]:![X15]:(((((happens(esk1_3(X6,X7,X8),esk2_3(X6,X7,X8))|~stoppedIn(X6,X7,X8))&(less(X6,esk2_3(X6,X7,X8))|~stoppedIn(X6,X7,X8)))&(less(esk2_3(X6,X7,X8),X8)|~stoppedIn(X6,X7,X8)))&(terminates(esk1_3(X6,X7,X8),X7,esk2_3(X6,X7,X8))|~stoppedIn(X6,X7,X8)))&((((~happens(X14,X15)|~less(X11,X15))|~less(X15,X13))|~terminates(X14,X12,X15))|stoppedIn(X11,X12,X13)))), inference(distribute,[status(thm)],[inference(shift_quantors,[status(thm)],[inference(skolemize,[status(esa)],[inference(variable_rename,[status(thm)],[inference(shift_quantors,[status(thm)],[inference(fof_nnf,[status(thm)],[c_0_17])])])])])])).
cnf(c_0_89,hypothesis,(holdsAt(waterLevel(n1),n1)|stoppedIn(n0,filling,n1)|~initiates(X1,filling,n0)|~happens(X1,n0)), inference(rw,[status(thm)],[inference(rw,[status(thm)],[inference(rw,[status(thm)],[inference(rw,[status(thm)],[inference(rw,[status(thm)],[inference(rw,[status(thm)],[inference(spm,[status(thm)],[c_0_80, c_0_81]), c_0_53]), c_0_61]), c_0_53]), c_0_61]), c_0_53]), c_0_61])).
fof(c_0_90, plain, (![X6]:![X7]:![X8]:(((~initiates(X6,X8,X7)|~happens(X6,X7))|~releasedAt(X8,plus(X7,n1)))&((~terminates(X6,X8,X7)|~happens(X6,X7))|~releasedAt(X8,plus(X7,n1))))), inference(distribute,[status(thm)],[inference(variable_rename,[status(thm)],[inference(fof_nnf,[status(thm)],[c_0_82])])])).
cnf(c_0_91,plain,(releasedAt(X1,X2)|releases(esk8_2(X1,X2),X1,X2)|~releasedAt(X1,plus(X2,n1))), inference(split_conjunct,[status(thm)],[c_0_83])).
cnf(c_0_92,plain,(esk5_2(filling,n1)=overflow|releasedAt(filling,n2)|holdsAt(filling,n2)), inference(sr,[status(thm)],[inference(sr,[status(thm)],[inference(spm,[status(thm)],[c_0_84, c_0_85]), c_0_86]), c_0_87])).
cnf(c_0_93,plain,(less(esk2_3(X1,X2,X3),X3)|~stoppedIn(X1,X2,X3)), inference(split_conjunct,[status(thm)],[c_0_88])).
cnf(c_0_94,hypothesis,(holdsAt(waterLevel(n1),n1)|stoppedIn(n0,filling,n1)), inference(cn,[status(thm)],[inference(rw,[status(thm)],[inference(spm,[status(thm)],[c_0_89, c_0_60]), c_0_50])])).
cnf(c_0_95,plain,(~releasedAt(X1,plus(X2,n1))|~happens(X3,X2)|~initiates(X3,X1,X2)), inference(split_conjunct,[status(thm)],[c_0_90])).
fof(c_0_96, plain, (![X10]:![X11]:![X12]:![X14]:![X15]:![X16]:![X17]:(((X10=tapOn|~releases(X10,X11,X12))&(X11=waterLevel(esk9_2(X10,X11))|~releases(X10,X11,X12)))&((X14!=tapOn|X15!=waterLevel(X16))|releases(X14,X15,X17)))), inference(distribute,[status(thm)],[inference(shift_quantors,[status(thm)],[inference(skolemize,[status(esa)],[inference(variable_rename,[status(thm)],[inference(shift_quantors,[status(thm)],[inference(fof_nnf,[status(thm)],[c_0_18])])])])])])).
cnf(c_0_97,plain,(releases(esk8_2(X1,n1),X1,n1)|releasedAt(X1,n1)|~releasedAt(X1,n2)), inference(spm,[status(thm)],[c_0_91, c_0_68])).
cnf(c_0_98,plain,(releasedAt(filling,n2)|holdsAt(filling,n2)|happens(overflow,n1)), inference(spm,[status(thm)],[c_0_77, c_0_92])).
fof(c_0_99, plain, (![X13]:filling!=waterLevel(X13)), inference(variable_rename,[status(thm)],[c_0_19])).
cnf(c_0_100,plain,(less_or_equal(X1,n0)|~less(X1,n1)), inference(split_conjunct,[status(thm)],[c_0_55])).
cnf(c_0_101,hypothesis,(holdsAt(waterLevel(n1),n1)|less(esk2_3(n0,filling,n1),n1)), inference(spm,[status(thm)],[c_0_93, c_0_94])).
fof(c_0_102, plain, (![X13]:~less(X13,n0)), inference(variable_rename,[status(thm)],[inference(fof_nnf,[status(thm)],[c_0_20])])).
cnf(c_0_103,plain,(~releasedAt(X1,plus(n1,X2))|~initiates(X3,X1,X2)|~happens(X3,X2)), inference(spm,[status(thm)],[c_0_95, c_0_53])).
cnf(c_0_104,plain,(X2=waterLevel(esk9_2(X1,X2))|~releases(X1,X2,X3)), inference(split_conjunct,[status(thm)],[c_0_96])).
cnf(c_0_105,plain,(releases(esk8_2(filling,n1),filling,n1)|releasedAt(filling,n1)|holdsAt(filling,n2)|happens(overflow,n1)), inference(spm,[status(thm)],[c_0_97, c_0_98])).
cnf(c_0_106,plain,(filling!=waterLevel(X1)), inference(split_conjunct,[status(thm)],[c_0_99])).
cnf(c_0_107,plain,(less(X1,esk2_3(X1,X2,X3))|~stoppedIn(X1,X2,X3)), inference(split_conjunct,[status(thm)],[c_0_88])).
cnf(c_0_108,plain,(X1=X2|less(X1,X2)|~less_or_equal(X1,X2)), inference(split_conjunct,[status(thm)],[c_0_47])).
cnf(c_0_109,hypothesis,(less_or_equal(esk2_3(n0,filling,n1),n0)|holdsAt(waterLevel(n1),n1)), inference(spm,[status(thm)],[c_0_100, c_0_101])).
cnf(c_0_110,plain,(~less(X1,n0)), inference(split_conjunct,[status(thm)],[c_0_102])).
cnf(c_0_111,plain,(~releasedAt(X1,n1)|~initiates(X2,X1,n0)|~happens(X2,n0)), inference(spm,[status(thm)],[c_0_103, c_0_61])).
cnf(c_0_112,plain,(releasedAt(filling,n1)|holdsAt(filling,n2)|happens(overflow,n1)), inference(sr,[status(thm)],[inference(spm,[status(thm)],[c_0_104, c_0_105]), c_0_106])).
fof(c_0_113, plain, (![X13]:![X14]:((~less(X13,n2)|less_or_equal(X13,n1))&(~less_or_equal(X14,n1)|less(X14,n2)))), inference(shift_quantors,[status(thm)],[inference(variable_rename,[status(thm)],[inference(shift_quantors,[status(thm)],[inference(fof_nnf,[status(thm)],[c_0_21])])])])).
cnf(c_0_114,plain,(less_or_equal(X1,X2)|~less(X1,X2)), inference(split_conjunct,[status(thm)],[c_0_47])).
fof(c_0_115, plain, (![X12]:![X13]:![X14]:((~holdsAt(waterLevel(X13),X12)|~holdsAt(waterLevel(X14),X12))|X13=X14)), inference(variable_rename,[status(thm)],[inference(fof_nnf,[status(thm)],[c_0_22])])).
cnf(c_0_116,hypothesis,(holdsAt(waterLevel(n1),n1)|less(n0,esk2_3(n0,filling,n1))), inference(spm,[status(thm)],[c_0_107, c_0_94])).
cnf(c_0_117,hypothesis,(esk2_3(n0,filling,n1)=n0|holdsAt(waterLevel(n1),n1)), inference(sr,[status(thm)],[inference(spm,[status(thm)],[c_0_108, c_0_109]), c_0_110])).
cnf(c_0_118,plain,(holdsAt(filling,n2)|happens(overflow,n1)|~initiates(X1,filling,n0)|~happens(X1,n0)), inference(spm,[status(thm)],[c_0_111, c_0_112])).
cnf(c_0_119,plain,(less(X1,n2)|~less_or_equal(X1,n1)), inference(split_conjunct,[status(thm)],[c_0_113])).
cnf(c_0_120,plain,(less_or_equal(n0,n1)), inference(spm,[status(thm)],[c_0_114, c_0_72])).
fof(c_0_121, plain, (![X12]:![X13]:(less(X12,X13)<=>(~less(X13,X12)&X13!=X12))), inference(fof_simplification,[status(thm)],[c_0_23])).
cnf(c_0_122,plain,(X1=X2|~holdsAt(waterLevel(X2),X3)|~holdsAt(waterLevel(X1),X3)), inference(split_conjunct,[status(thm)],[c_0_115])).
cnf(c_0_123,hypothesis,(holdsAt(waterLevel(n1),n1)), inference(sr,[status(thm)],[inference(spm,[status(thm)],[c_0_116, c_0_117]), c_0_110])).
cnf(c_0_124,plain,(X1=tapOn|holdsAt(waterLevel(n3),X2)|~happens(X1,X2)), inference(split_conjunct,[status(thm)],[c_0_41])).
cnf(c_0_125,plain,(holdsAt(filling,n2)|happens(overflow,n1)), inference(cn,[status(thm)],[inference(rw,[status(thm)],[inference(spm,[status(thm)],[c_0_118, c_0_60]), c_0_50])])).
cnf(c_0_126,plain,(overflow!=tapOn), inference(split_conjunct,[status(thm)],[c_0_24])).
cnf(c_0_127,plain,(less(n0,n2)), inference(spm,[status(thm)],[c_0_119, c_0_120])).
fof(c_0_128, plain, (![X14]:![X15]:![X16]:![X17]:(((~less(X15,X14)|~less(X14,X15))&(X15!=X14|~less(X14,X15)))&((less(X17,X16)|X17=X16)|less(X16,X17)))), inference(distribute,[status(thm)],[inference(shift_quantors,[status(thm)],[inference(variable_rename,[status(thm)],[inference(shift_quantors,[status(thm)],[inference(fof_nnf,[status(thm)],[c_0_121])])])])])).
cnf(c_0_129,hypothesis,(X1=n1|~holdsAt(waterLevel(X1),n1)), inference(spm,[status(thm)],[c_0_122, c_0_123])).
cnf(c_0_130,plain,(holdsAt(waterLevel(n3),n1)|holdsAt(filling,n2)), inference(sr,[status(thm)],[inference(spm,[status(thm)],[c_0_124, c_0_125]), c_0_126])).
fof(c_0_131, plain, (![X13]:![X14]:((~less(X13,n3)|less_or_equal(X13,n2))&(~less_or_equal(X14,n2)|less(X14,n3)))), inference(shift_quantors,[status(thm)],[inference(variable_rename,[status(thm)],[inference(shift_quantors,[status(thm)],[inference(fof_nnf,[status(thm)],[c_0_25])])])])).
cnf(c_0_132,plain,(holdsAt(X1,plus(X2,n2))|stoppedIn(X2,X3,plus(X2,n2))|~trajectory(X3,X2,X1,n2)|~initiates(X4,X3,X2)|~happens(X4,X2)), inference(spm,[status(thm)],[c_0_71, c_0_127])).
cnf(c_0_133,plain,(plus(n0,n2)=n2), inference(split_conjunct,[status(thm)],[c_0_26])).
cnf(c_0_134,plain,(less(X1,X2)|X2=X1|less(X2,X1)), inference(split_conjunct,[status(thm)],[c_0_128])).
cnf(c_0_135,hypothesis,(n3=n1|holdsAt(filling,n2)), inference(spm,[status(thm)],[c_0_129, c_0_130])).
cnf(c_0_136,plain,(plus(n1,n2)=n3), inference(split_conjunct,[status(thm)],[c_0_27])).
cnf(c_0_137,plain,(less(X1,n3)|~less_or_equal(X1,n2)), inference(split_conjunct,[status(thm)],[c_0_131])).
cnf(c_0_138,plain,(less_or_equal(n0,n2)), inference(spm,[status(thm)],[c_0_114, c_0_127])).
cnf(c_0_139,hypothesis,(holdsAt(waterLevel(n2),n2)|stoppedIn(n0,filling,n2)|~initiates(X1,filling,n0)|~happens(X1,n0)), inference(rw,[status(thm)],[inference(rw,[status(thm)],[inference(rw,[status(thm)],[inference(spm,[status(thm)],[c_0_132, c_0_81]), c_0_133]), c_0_133]), c_0_133])).
cnf(c_0_140,plain,(X1=n1|less_or_equal(X1,n0)|less(n1,X1)), inference(spm,[status(thm)],[c_0_100, c_0_134])).
cnf(c_0_141,plain,(less_or_equal(X1,n1)|~less(X1,n2)), inference(split_conjunct,[status(thm)],[c_0_113])).
cnf(c_0_142,plain,(releasedAt(X1,X2)|happens(esk8_2(X1,X2),X2)|~releasedAt(X1,plus(X2,n1))), inference(split_conjunct,[status(thm)],[c_0_83])).
cnf(c_0_143,plain,(X2=n0|X1=overflow|~happens(X1,X2)), inference(split_conjunct,[status(thm)],[c_0_41])).
cnf(c_0_144,hypothesis,(n3=n1|releasedAt(filling,n3)|holdsAt(filling,n3)|happens(esk5_2(filling,n2),n2)), inference(rw,[status(thm)],[inference(rw,[status(thm)],[inference(rw,[status(thm)],[inference(rw,[status(thm)],[inference(spm,[status(thm)],[c_0_66, c_0_135]), c_0_53]), c_0_136]), c_0_53]), c_0_136])).
cnf(c_0_145,plain,(less(n0,n3)), inference(spm,[status(thm)],[c_0_137, c_0_138])).
cnf(c_0_146,plain,(happens(esk1_3(X1,X2,X3),esk2_3(X1,X2,X3))|~stoppedIn(X1,X2,X3)), inference(split_conjunct,[status(thm)],[c_0_88])).
cnf(c_0_147,hypothesis,(holdsAt(waterLevel(n2),n2)|stoppedIn(n0,filling,n2)), inference(cn,[status(thm)],[inference(rw,[status(thm)],[inference(spm,[status(thm)],[c_0_139, c_0_60]), c_0_50])])).
cnf(c_0_148,plain,(terminates(esk1_3(X1,X2,X3),X2,esk2_3(X1,X2,X3))|~stoppedIn(X1,X2,X3)), inference(split_conjunct,[status(thm)],[c_0_88])).
cnf(c_0_149,plain,(~less(X1,X2)|~less(X2,X1)), inference(split_conjunct,[status(thm)],[c_0_128])).
cnf(c_0_150,plain,(X1=n1|X1=n0|less(n1,X1)), inference(sr,[status(thm)],[inference(spm,[status(thm)],[c_0_108, c_0_140]), c_0_110])).
cnf(c_0_151,plain,(X1=n2|less_or_equal(X1,n1)|less(n2,X1)), inference(spm,[status(thm)],[c_0_141, c_0_134])).
cnf(c_0_152,plain,(releasedAt(X1,X2)|happens(esk8_2(X1,X2),X2)|~releasedAt(X1,plus(n1,X2))), inference(spm,[status(thm)],[c_0_142, c_0_53])).
cnf(c_0_153,hypothesis,(esk5_2(filling,n2)=overflow|n3=n1|n2=n0|releasedAt(filling,n3)|holdsAt(filling,n3)), inference(spm,[status(thm)],[c_0_143, c_0_144])).
cnf(c_0_154,plain,(holdsAt(X1,plus(X2,n3))|stoppedIn(X2,X3,plus(X2,n3))|~trajectory(X3,X2,X1,n3)|~initiates(X4,X3,X2)|~happens(X4,X2)), inference(spm,[status(thm)],[c_0_71, c_0_145])).
cnf(c_0_155,plain,(plus(n0,n3)=n3), inference(split_conjunct,[status(thm)],[c_0_28])).
cnf(c_0_156,hypothesis,(holdsAt(waterLevel(n2),n2)|happens(esk1_3(n0,filling,n2),esk2_3(n0,filling,n2))), inference(spm,[status(thm)],[c_0_146, c_0_147])).
cnf(c_0_157,hypothesis,(holdsAt(waterLevel(n2),n2)|terminates(esk1_3(n0,filling,n2),filling,esk2_3(n0,filling,n2))), inference(spm,[status(thm)],[c_0_148, c_0_147])).
cnf(c_0_158,plain,(X1=n0|X1=n1|~less(X1,n1)), inference(spm,[status(thm)],[c_0_149, c_0_150])).
cnf(c_0_159,plain,(X1=n2|X1=n1|less(n2,X1)|less(X1,n1)), inference(spm,[status(thm)],[c_0_108, c_0_151])).
cnf(c_0_160,plain,(releasedAt(X1,n2)|happens(esk8_2(X1,n2),n2)|~releasedAt(X1,n3)), inference(spm,[status(thm)],[c_0_152, c_0_136])).
cnf(c_0_161,hypothesis,(n2=n0|n3=n1|releasedAt(filling,n3)|holdsAt(filling,n3)|happens(overflow,n2)), inference(spm,[status(thm)],[c_0_144, c_0_153])).
cnf(c_0_162,hypothesis,(holdsAt(waterLevel(n3),n3)|stoppedIn(n0,filling,n3)|~initiates(X1,filling,n0)|~happens(X1,n0)), inference(rw,[status(thm)],[inference(rw,[status(thm)],[inference(rw,[status(thm)],[inference(spm,[status(thm)],[c_0_154, c_0_81]), c_0_155]), c_0_155]), c_0_155])).
cnf(c_0_163,plain,(less_or_equal(X1,n2)|~less(X1,n3)), inference(split_conjunct,[status(thm)],[c_0_131])).
cnf(c_0_164,hypothesis,(esk1_3(n0,filling,n2)=tapOn|esk1_3(n0,filling,n2)=overflow|holdsAt(waterLevel(n2),n2)), inference(spm,[status(thm)],[c_0_76, c_0_156])).
cnf(c_0_165,hypothesis,(esk1_3(n0,filling,n2)=overflow|esk1_3(n0,filling,n2)=tapOff|holdsAt(waterLevel(n2),n2)), inference(spm,[status(thm)],[c_0_78, c_0_157])).
cnf(c_0_166,plain,(X1=n2|X1=n1|X1=n0|less(n2,X1)), inference(spm,[status(thm)],[c_0_158, c_0_159])).
cnf(c_0_167,hypothesis,(n3=n1|n2=n0|releasedAt(filling,n2)|holdsAt(filling,n3)|happens(esk8_2(filling,n2),n2)|happens(overflow,n2)), inference(spm,[status(thm)],[c_0_160, c_0_161])).
cnf(c_0_168,hypothesis,(holdsAt(waterLevel(n3),n3)|stoppedIn(n0,filling,n3)), inference(cn,[status(thm)],[inference(rw,[status(thm)],[inference(spm,[status(thm)],[c_0_162, c_0_60]), c_0_50])])).
cnf(c_0_169,plain,(X1=n3|less_or_equal(X1,n2)|less(n3,X1)), inference(spm,[status(thm)],[c_0_163, c_0_134])).
cnf(c_0_170,plain,(releases(X1,X2,X3)|X2!=waterLevel(X4)|X1!=tapOn), inference(split_conjunct,[status(thm)],[c_0_96])).
cnf(c_0_171,plain,(epred1_3(X1,X2,X3)|X1!=waterLevel(X4)|X2!=overflow|~holdsAt(waterLevel(X4),X3)), inference(split_conjunct,[status(thm)],[c_0_36])).
cnf(c_0_172,hypothesis,(esk1_3(n0,filling,n2)=overflow|holdsAt(waterLevel(n2),n2)), inference(sr,[status(thm)],[inference(sr,[status(thm)],[inference(spm,[status(thm)],[c_0_164, c_0_165]), c_0_86]), c_0_87])).
cnf(c_0_173,plain,(X1=n0|X1=n1|X1=n2|~less(X1,n2)), inference(spm,[status(thm)],[c_0_149, c_0_166])).
cnf(c_0_174,hypothesis,(holdsAt(waterLevel(n2),n2)|less(esk2_3(n0,filling,n2),n2)), inference(spm,[status(thm)],[c_0_93, c_0_147])).
cnf(c_0_175,plain,(~less(X1,X2)|X2!=X1), inference(split_conjunct,[status(thm)],[c_0_128])).
cnf(c_0_176,hypothesis,(esk8_2(filling,n2)=overflow|n3=n1|n2=n0|releasedAt(filling,n2)|holdsAt(filling,n3)|happens(overflow,n2)), inference(spm,[status(thm)],[c_0_143, c_0_167])).
cnf(c_0_177,hypothesis,(holdsAt(waterLevel(n3),n3)|happens(esk1_3(n0,filling,n3),esk2_3(n0,filling,n3))), inference(spm,[status(thm)],[c_0_146, c_0_168])).
cnf(c_0_178,hypothesis,(holdsAt(waterLevel(n3),n3)|terminates(esk1_3(n0,filling,n3),filling,esk2_3(n0,filling,n3))), inference(spm,[status(thm)],[c_0_148, c_0_168])).
cnf(c_0_179,plain,(X1=n3|X1=n2|less(n3,X1)|less(X1,n2)), inference(spm,[status(thm)],[c_0_108, c_0_169])).
cnf(c_0_180,plain,(releases(tapOn,X1,X2)|waterLevel(X3)!=X1), inference(er,[status(thm)],[c_0_170])).
cnf(c_0_181,plain,(epred1_3(X1,overflow,X2)|waterLevel(X3)!=X1|~holdsAt(waterLevel(X3),X2)), inference(er,[status(thm)],[c_0_171])).
cnf(c_0_182,hypothesis,(holdsAt(waterLevel(n2),n2)|happens(overflow,esk2_3(n0,filling,n2))), inference(spm,[status(thm)],[c_0_156, c_0_172])).
cnf(c_0_183,hypothesis,(esk2_3(n0,filling,n2)=n2|esk2_3(n0,filling,n2)=n1|esk2_3(n0,filling,n2)=n0|holdsAt(waterLevel(n2),n2)), inference(spm,[status(thm)],[c_0_173, c_0_174])).
cnf(c_0_184,plain,(~less(X1,X1)), inference(er,[status(thm)],[c_0_175])).
cnf(c_0_185,plain,(releasedAt(X1,n1)|happens(esk8_2(X1,n1),n1)|~releasedAt(X1,n2)), inference(spm,[status(thm)],[c_0_142, c_0_68])).
cnf(c_0_186,hypothesis,(n2=n0|n3=n1|releasedAt(filling,n2)|holdsAt(filling,n3)|happens(overflow,n2)), inference(spm,[status(thm)],[c_0_167, c_0_176])).
cnf(c_0_187,hypothesis,(esk1_3(n0,filling,n3)=tapOn|esk1_3(n0,filling,n3)=overflow|holdsAt(waterLevel(n3),n3)), inference(spm,[status(thm)],[c_0_76, c_0_177])).
cnf(c_0_188,hypothesis,(esk1_3(n0,filling,n3)=overflow|esk1_3(n0,filling,n3)=tapOff|holdsAt(waterLevel(n3),n3)), inference(spm,[status(thm)],[c_0_78, c_0_178])).
cnf(c_0_189,plain,(X1=n2|X1=n3|less(n3,X1)|~less(n2,X1)), inference(spm,[status(thm)],[c_0_149, c_0_179])).
fof(c_0_190, plain, (![X14]:![X15]:![X16]:![X17]:((waterLevel(X14)!=waterLevel(X15)|X14=X15)&(X16!=X17|waterLevel(X16)=waterLevel(X17)))), inference(shift_quantors,[status(thm)],[inference(variable_rename,[status(thm)],[inference(shift_quantors,[status(thm)],[inference(fof_nnf,[status(thm)],[c_0_29])])])])).
cnf(c_0_191,plain,(releases(tapOn,waterLevel(X1),X2)), inference(er,[status(thm)],[c_0_180])).
cnf(c_0_192,plain,(epred1_3(waterLevel(X1),overflow,X2)|~holdsAt(waterLevel(X1),X2)), inference(er,[status(thm)],[c_0_181])).
cnf(c_0_193,hypothesis,(holdsAt(waterLevel(n3),esk2_3(n0,filling,n2))|holdsAt(waterLevel(n2),n2)), inference(sr,[status(thm)],[inference(spm,[status(thm)],[c_0_124, c_0_182]), c_0_126])).
cnf(c_0_194,hypothesis,(holdsAt(waterLevel(n2),n2)|less(n0,esk2_3(n0,filling,n2))), inference(spm,[status(thm)],[c_0_107, c_0_147])).
cnf(c_0_195,hypothesis,(esk2_3(n0,filling,n2)=n0|esk2_3(n0,filling,n2)=n1|holdsAt(waterLevel(n2),n2)), inference(sr,[status(thm)],[inference(spm,[status(thm)],[c_0_174, c_0_183]), c_0_184])).
cnf(c_0_196,hypothesis,(n3=n1|n2=n0|releasedAt(filling,n1)|holdsAt(filling,n3)|happens(esk8_2(filling,n1),n1)|happens(overflow,n2)), inference(spm,[status(thm)],[c_0_185, c_0_186])).
cnf(c_0_197,hypothesis,(esk1_3(n0,filling,n3)=overflow|holdsAt(waterLevel(n3),n3)), inference(sr,[status(thm)],[inference(sr,[status(thm)],[inference(spm,[status(thm)],[c_0_187, c_0_188]), c_0_86]), c_0_87])).
cnf(c_0_198,plain,(X1=n0|X1=n1|X1=n3|X1=n2|less(n3,X1)), inference(spm,[status(thm)],[c_0_189, c_0_166])).
cnf(c_0_199,plain,(X1=X2|waterLevel(X1)!=waterLevel(X2)), inference(split_conjunct,[status(thm)],[c_0_190])).
cnf(c_0_200,plain,(waterLevel(esk9_2(tapOn,waterLevel(X1)))=waterLevel(X1)), inference(spm,[status(thm)],[c_0_104, c_0_191])).
cnf(c_0_201,plain,(epred1_3(waterLevel(n3),overflow,esk2_3(n0,filling,n2))|holdsAt(waterLevel(n2),n2)), inference(spm,[status(thm)],[c_0_192, c_0_193])).
cnf(c_0_202,hypothesis,(esk2_3(n0,filling,n2)=n1|holdsAt(waterLevel(n2),n2)), inference(sr,[status(thm)],[inference(spm,[status(thm)],[c_0_194, c_0_195]), c_0_110])).
fof(c_0_203, plain, (![X13]:spilling!=waterLevel(X13)), inference(variable_rename,[status(thm)],[c_0_30])).
fof(c_0_204, plain, (![X4]:![X5]:![X2]:((happens(X4,X5)&terminates(X4,X2,X5))=>~holdsAt(X2,plus(X5,n1)))), inference(fof_simplification,[status(thm)],[c_0_31])).
cnf(c_0_205,hypothesis,(esk8_2(filling,n1)=overflow|n2=n0|n3=n1|n0=n1|releasedAt(filling,n1)|holdsAt(filling,n3)|happens(overflow,n2)), inference(spm,[status(thm)],[c_0_143, c_0_196])).
cnf(c_0_206,hypothesis,(holdsAt(waterLevel(n3),n3)|happens(overflow,esk2_3(n0,filling,n3))), inference(spm,[status(thm)],[c_0_177, c_0_197])).
cnf(c_0_207,plain,(X1=n2|X1=n3|X1=n1|X1=n0|~less(X1,n3)), inference(spm,[status(thm)],[c_0_149, c_0_198])).
cnf(c_0_208,hypothesis,(holdsAt(waterLevel(n3),n3)|less(esk2_3(n0,filling,n3),n3)), inference(spm,[status(thm)],[c_0_93, c_0_168])).
cnf(c_0_209,plain,(esk9_2(tapOn,waterLevel(X1))=X2|waterLevel(X1)!=waterLevel(X2)), inference(spm,[status(thm)],[c_0_199, c_0_200])).
cnf(c_0_210,plain,(X2=tapOn|X1=spilling|X2=tapOff|X1=waterLevel(esk11_3(X3,X2,X1))|~epred1_3(X1,X2,X3)), inference(split_conjunct,[status(thm)],[c_0_36])).
cnf(c_0_211,plain,(epred1_3(waterLevel(n3),overflow,n1)|holdsAt(waterLevel(n2),n2)), inference(spm,[status(thm)],[c_0_201, c_0_202])).
cnf(c_0_212,plain,(spilling!=waterLevel(X1)), inference(split_conjunct,[status(thm)],[c_0_203])).
cnf(c_0_213,plain,(X2=tapOn|X1=spilling|X2=tapOff|holdsAt(waterLevel(esk11_3(X3,X2,X1)),X3)|~epred1_3(X1,X2,X3)), inference(split_conjunct,[status(thm)],[c_0_36])).
fof(c_0_214, plain, (![X6]:![X7]:![X8]:((~happens(X6,X7)|~terminates(X6,X8,X7))|~holdsAt(X8,plus(X7,n1)))), inference(variable_rename,[status(thm)],[inference(fof_nnf,[status(thm)],[c_0_204])])).
cnf(c_0_215,hypothesis,(n0=n1|n2=n0|n3=n1|releasedAt(filling,n1)|holdsAt(filling,n3)|happens(overflow,n2)|happens(overflow,n1)), inference(spm,[status(thm)],[c_0_196, c_0_205])).
cnf(c_0_216,hypothesis,(holdsAt(waterLevel(n3),esk2_3(n0,filling,n3))|holdsAt(waterLevel(n3),n3)), inference(sr,[status(thm)],[inference(spm,[status(thm)],[c_0_124, c_0_206]), c_0_126])).
cnf(c_0_217,hypothesis,(esk2_3(n0,filling,n3)=n0|esk2_3(n0,filling,n3)=n1|esk2_3(n0,filling,n3)=n3|esk2_3(n0,filling,n3)=n2|holdsAt(waterLevel(n3),n3)), inference(spm,[status(thm)],[c_0_207, c_0_208])).
cnf(c_0_218,plain,(esk9_2(tapOn,waterLevel(X1))=X1), inference(er,[status(thm)],[c_0_209])).
cnf(c_0_219,plain,(waterLevel(esk11_3(n1,overflow,waterLevel(n3)))=waterLevel(n3)|holdsAt(waterLevel(n2),n2)), inference(sr,[status(thm)],[inference(sr,[status(thm)],[inference(sr,[status(thm)],[inference(spm,[status(thm)],[c_0_210, c_0_211]), c_0_87]), c_0_212]), c_0_126])).
cnf(c_0_220,plain,(holdsAt(waterLevel(esk11_3(n1,overflow,waterLevel(n3))),n1)|holdsAt(waterLevel(n2),n2)), inference(sr,[status(thm)],[inference(sr,[status(thm)],[inference(sr,[status(thm)],[inference(spm,[status(thm)],[c_0_213, c_0_211]), c_0_87]), c_0_212]), c_0_126])).
cnf(c_0_221,plain,(~holdsAt(X1,plus(X2,n1))|~terminates(X3,X1,X2)|~happens(X3,X2)), inference(split_conjunct,[status(thm)],[c_0_214])).
cnf(c_0_222,hypothesis,(n3=n1|n2=n0|n0=n1|holdsAt(filling,n3)|happens(overflow,n1)|happens(overflow,n2)|~initiates(X1,filling,n0)|~happens(X1,n0)), inference(spm,[status(thm)],[c_0_111, c_0_215])).
cnf(c_0_223,plain,(terminates(X1,X2,X3)|X2!=filling|X1!=overflow), inference(split_conjunct,[status(thm)],[c_0_69])).
cnf(c_0_224,plain,(epred1_3(waterLevel(n3),overflow,esk2_3(n0,filling,n3))|holdsAt(waterLevel(n3),n3)), inference(spm,[status(thm)],[c_0_192, c_0_216])).
cnf(c_0_225,hypothesis,(esk2_3(n0,filling,n3)=n3|esk2_3(n0,filling,n3)=n1|esk2_3(n0,filling,n3)=n0|holdsAt(waterLevel(n3),n3)|happens(overflow,n2)), inference(spm,[status(thm)],[c_0_206, c_0_217])).
cnf(c_0_226,plain,(esk11_3(n1,overflow,waterLevel(n3))=n3|holdsAt(waterLevel(n2),n2)), inference(rw,[status(thm)],[inference(spm,[status(thm)],[c_0_218, c_0_219]), c_0_218])).
cnf(c_0_227,hypothesis,(esk11_3(n1,overflow,waterLevel(n3))=n1|holdsAt(waterLevel(n2),n2)), inference(spm,[status(thm)],[c_0_129, c_0_220])).
cnf(c_0_228,plain,(~holdsAt(X1,n2)|~terminates(X2,X1,n1)|~happens(X2,n1)), inference(spm,[status(thm)],[c_0_221, c_0_68])).
cnf(c_0_229,hypothesis,(n0=n1|n2=n0|n3=n1|holdsAt(filling,n3)|happens(overflow,n2)|happens(overflow,n1)), inference(cn,[status(thm)],[inference(rw,[status(thm)],[inference(spm,[status(thm)],[c_0_222, c_0_60]), c_0_50])])).
cnf(c_0_230,plain,(terminates(X1,filling,X2)|overflow!=X1), inference(er,[status(thm)],[c_0_223])).
cnf(c_0_231,plain,(holdsAt(waterLevel(n3),n3)|initiates(overflow,waterLevel(n3),esk2_3(n0,filling,n3))), inference(spm,[status(thm)],[c_0_43, c_0_224])).
cnf(c_0_232,hypothesis,(holdsAt(waterLevel(n3),n3)|less(n0,esk2_3(n0,filling,n3))), inference(spm,[status(thm)],[c_0_107, c_0_168])).
cnf(c_0_233,hypothesis,(esk2_3(n0,filling,n3)=n0|esk2_3(n0,filling,n3)=n1|holdsAt(waterLevel(n3),n3)|happens(overflow,n2)), inference(spm,[status(thm)],[c_0_216, c_0_225])).
cnf(c_0_234,plain,(n3=n1|holdsAt(waterLevel(n2),n2)), inference(spm,[status(thm)],[c_0_226, c_0_227])).
cnf(c_0_235,hypothesis,(n3=n1|~terminates(X1,filling,n1)|~happens(X1,n1)), inference(spm,[status(thm)],[c_0_228, c_0_135])).
cnf(c_0_236,hypothesis,(n3=n1|n2=n0|n0=n1|holdsAt(waterLevel(n3),n2)|holdsAt(filling,n3)|happens(overflow,n1)), inference(sr,[status(thm)],[inference(spm,[status(thm)],[c_0_124, c_0_229]), c_0_126])).
cnf(c_0_237,plain,(terminates(overflow,filling,X1)), inference(er,[status(thm)],[c_0_230])).
cnf(c_0_238,plain,(holdsAt(waterLevel(n3),plus(n1,esk2_3(n0,filling,n3)))|holdsAt(waterLevel(n3),n3)), inference(csr,[status(thm)],[inference(rw,[status(thm)],[inference(spm,[status(thm)],[c_0_49, c_0_231]), c_0_53]), c_0_206])).
cnf(c_0_239,hypothesis,(esk2_3(n0,filling,n3)=n1|holdsAt(waterLevel(n3),n3)|happens(overflow,n2)), inference(sr,[status(thm)],[inference(spm,[status(thm)],[c_0_232, c_0_233]), c_0_110])).
cnf(c_0_240,plain,(happens(X1,X2)|X1!=overflow|~holdsAt(filling,X2)|~holdsAt(waterLevel(n3),X2)), inference(split_conjunct,[status(thm)],[c_0_41])).
cnf(c_0_241,plain,(n3=n1|X1=n2|~holdsAt(waterLevel(X1),n2)), inference(spm,[status(thm)],[c_0_122, c_0_234])).
cnf(c_0_242,hypothesis,(n0=n1|n2=n0|n3=n1|holdsAt(waterLevel(n3),n2)|holdsAt(filling,n3)), inference(cn,[status(thm)],[inference(rw,[status(thm)],[inference(spm,[status(thm)],[c_0_235, c_0_236]), c_0_237])])).
fof(c_0_243, negated_conjecture, (~happens(overflow,n3)), inference(fof_simplification,[status(thm)],[inference(assume_negation,[status(cth)],[c_0_32])])).
cnf(c_0_244,plain,(holdsAt(waterLevel(n3),n3)|holdsAt(waterLevel(n3),n2)|happens(overflow,n2)), inference(rw,[status(thm)],[inference(spm,[status(thm)],[c_0_238, c_0_239]), c_0_68])).
cnf(c_0_245,plain,(happens(overflow,X1)|~holdsAt(waterLevel(n3),X1)|~holdsAt(filling,X1)), inference(er,[status(thm)],[c_0_240])).
cnf(c_0_246,plain,(n2=n0|n0=n1|n2=n3|n3=n1|holdsAt(filling,n3)), inference(spm,[status(thm)],[c_0_241, c_0_242])).
cnf(c_0_247,negated_conjecture,(~happens(overflow,n3)), inference(split_conjunct,[status(thm)],[c_0_243])).
cnf(c_0_248,plain,(holdsAt(waterLevel(n3),n3)|holdsAt(waterLevel(n3),n2)), inference(sr,[status(thm)],[inference(spm,[status(thm)],[c_0_124, c_0_244]), c_0_126])).
cnf(c_0_249,plain,(n3=n1|n2=n3|n0=n1|n2=n0|~holdsAt(waterLevel(n3),n3)), inference(sr,[status(thm)],[inference(spm,[status(thm)],[c_0_245, c_0_246]), c_0_247])).
cnf(c_0_250,plain,(n2=n3|n3=n1|holdsAt(waterLevel(n3),n3)), inference(spm,[status(thm)],[c_0_241, c_0_248])).
cnf(c_0_251,plain,(less(n2,n3)), inference(spm,[status(thm)],[c_0_137, c_0_64])).
cnf(c_0_252,plain,(n2=n0|n0=n1|n2=n3|n3=n1), inference(spm,[status(thm)],[c_0_249, c_0_250])).
fof(c_0_253, plain, (![X6]:![X7]:![X8]:((~happens(X6,X7)|~releases(X6,X8,X7))|releasedAt(X8,plus(X7,n1)))), inference(variable_rename,[status(thm)],[inference(fof_nnf,[status(thm)],[c_0_33])])).
fof(c_0_254, hypothesis, (![X9]:~releasedAt(waterLevel(X9),n0)), inference(fof_simplification,[status(thm)],[c_0_34])).
cnf(c_0_255,plain,(n3=n1|n0=n1|n2=n0), inference(sr,[status(thm)],[inference(spm,[status(thm)],[c_0_251, c_0_252]), c_0_184])).
cnf(c_0_256,plain,(less(n1,n2)), inference(spm,[status(thm)],[c_0_119, c_0_64])).
cnf(c_0_257,plain,(releasedAt(X1,plus(X2,n1))|~releases(X3,X1,X2)|~happens(X3,X2)), inference(split_conjunct,[status(thm)],[c_0_253])).
fof(c_0_258, hypothesis, (![X10]:~releasedAt(waterLevel(X10),n0)), inference(variable_rename,[status(thm)],[c_0_254])).
cnf(c_0_259,plain,(n0=n1|n3=n1), inference(cn,[status(thm)],[inference(rw,[status(thm)],[inference(spm,[status(thm)],[c_0_136, c_0_255]), c_0_61])])).
cnf(c_0_260,plain,(~less(n2,n1)), inference(spm,[status(thm)],[c_0_149, c_0_256])).
cnf(c_0_261,plain,(releasedAt(waterLevel(X1),plus(X2,n1))|~happens(tapOn,X2)), inference(spm,[status(thm)],[c_0_257, c_0_191])).
cnf(c_0_262,hypothesis,(~releasedAt(waterLevel(X1),n0)), inference(split_conjunct,[status(thm)],[c_0_258])).
cnf(c_0_263,plain,(n0=n1), inference(sr,[status(thm)],[inference(spm,[status(thm)],[c_0_251, c_0_259]), c_0_260])).
cnf(c_0_264,plain,(releasedAt(waterLevel(X1),n1)), inference(rw,[status(thm)],[inference(rw,[status(thm)],[inference(spm,[status(thm)],[c_0_261, c_0_60]), c_0_53]), c_0_61])).
cnf(c_0_265,hypothesis,($false), inference(cn,[status(thm)],[inference(rw,[status(thm)],[inference(rw,[status(thm)],[c_0_262, c_0_263]), c_0_264])]), ['proof']).
# SZS output end CNFRefutation.
EOF
