% Problem    : NUM926+1 : TPTP v6.1.0. Released v5.3.0.
% Command    : eprover --auto-schedule --tstp-format -s --proof-object --memory-limit=2048 --cpu-limit=%d %s
% Computer   : n146.star.cs.uiowa.edu
% Model      : x86_64 x86_64
% CPU        : Intel(R) Xeon(R) CPU E5-2609 0 @ 2.40GHz
% Memory     : 32286.75MB
% OS         : Linux 2.6.32-431.20.3.el6.x86_64
% CPULimit   : 300
% DateTime   : Sun Jul 20 03:44:01 CDT 2014
% CPUTime    : 
# No SInE strategy applied
# Trying AutoSched0 for 151 seconds
# AutoSched0-Mode selected heuristic G_E___107_B42_F1_PI_AE_Q4_CS_SP_PS_S0Y
# and selection function SelectMaxLComplexAvoidPosPred.
#
# Presaturation interreduction done

# Proof found!
# SZS status Theorem
# SZS output start CNFRefutation.
fof(c_0_0, axiom, (![X13]:plus_plus_int(number_number_of_int(X13),one_one_int)=number_number_of_int(plus_plus_int(X13,bit1(pls)))), file('/export/starexec/sandbox/benchmark/theBenchmark.p', fact_23_add__special_I3_J)).
fof(c_0_1, axiom, (![X21]:number_number_of_int(X21)=X21), file('/export/starexec/sandbox/benchmark/theBenchmark.p', fact_111_number__of__is__id)).
fof(c_0_2, axiom, (![X28]:![X18]:(ord_less_eq_int(number_number_of_int(X28),number_number_of_int(X18))<=>~(ord_less_int(number_number_of_int(X18),number_number_of_int(X28))))), file('/export/starexec/sandbox/benchmark/theBenchmark.p', fact_38_le__number__of__eq__not__less)).
fof(c_0_3, axiom, (![X18]:![X17]:(ord_less_eq_int(plus_plus_int(X18,one_one_int),X17)<=>ord_less_int(X18,X17))), file('/export/starexec/sandbox/benchmark/theBenchmark.p', fact_72_add1__zle__eq)).
fof(c_0_4, axiom, (![X12]:plus_plus_int(one_one_int,number_number_of_int(X12))=number_number_of_int(plus_plus_int(bit1(pls),X12))), file('/export/starexec/sandbox/benchmark/theBenchmark.p', fact_22_add__special_I2_J)).
fof(c_0_5, axiom, (![X15]:ord_less_eq_int(X15,X15)), file('/export/starexec/sandbox/benchmark/theBenchmark.p', fact_26_zle__refl)).
fof(c_0_6, axiom, (![X15]:![X16]:(ord_less_int(X15,X16)=>ord_less_eq_int(plus_plus_int(X15,one_one_int),X16))), file('/export/starexec/sandbox/benchmark/theBenchmark.p', fact_71_zless__imp__add1__zle)).
fof(c_0_7, axiom, (plus_plus_int(one_one_int,one_one_int)=number_number_of_int(bit0(bit1(pls)))), file('/export/starexec/sandbox/benchmark/theBenchmark.p', fact_24_one__add__one__is__two)).
fof(c_0_8, axiom, (![X18]:![X17]:(ord_less_int(X18,plus_plus_int(X17,one_one_int))<=>ord_less_eq_int(X18,X17))), file('/export/starexec/sandbox/benchmark/theBenchmark.p', fact_73_zle__add1__eq__le)).
fof(c_0_9, axiom, (![X21]:![X22]:![X23]:(ord_less_eq_int(X22,X23)=>ord_less_eq_int(plus_plus_int(X21,X22),plus_plus_int(X21,X23)))), file('/export/starexec/sandbox/benchmark/theBenchmark.p', fact_61_zadd__left__mono)).
fof(c_0_10, axiom, (![X82]:![X83]:plus_plus_int(X82,X83)=plus_plus_int(X83,X82)), file('/export/starexec/sandbox/benchmark/theBenchmark.p', fact_102_comm__semiring__1__class_Onormalizing__semiring__rules_I24_J)).
fof(c_0_11, axiom, (ord_less_eq_int(one_one_int,t)), file('/export/starexec/sandbox/benchmark/theBenchmark.p', fact_0_tpos)).
fof(c_0_12, axiom, (![X21]:![X22]:![X23]:(ord_less_int(X22,X23)=>ord_less_int(plus_plus_int(X22,X21),plus_plus_int(X23,X21)))), file('/export/starexec/sandbox/benchmark/theBenchmark.p', fact_60_zadd__strict__right__mono)).
fof(c_0_13, axiom, (![X17]:![X18]:(ord_less_int(X17,X18)<=>(ord_less_eq_int(X17,X18)&X17!=X18))), file('/export/starexec/sandbox/benchmark/theBenchmark.p', fact_28_zless__le)).
fof(c_0_14, conjecture, (?[X1]:?[X2]:plus_plus_int(power_power_int(X1,number_number_of_nat(bit0(bit1(pls)))),power_power_int(X2,number_number_of_nat(bit0(bit1(pls)))))=plus_plus_int(times_times_int(number_number_of_int(bit0(bit0(bit1(pls)))),m),one_one_int)), file('/export/starexec/sandbox/benchmark/theBenchmark.p', conj_0)).
fof(c_0_15, axiom, ((t=one_one_int=>?[X1]:?[X2]:plus_plus_int(power_power_int(X1,number_number_of_nat(bit0(bit1(pls)))),power_power_int(X2,number_number_of_nat(bit0(bit1(pls)))))=plus_plus_int(times_times_int(number_number_of_int(bit0(bit0(bit1(pls)))),m),one_one_int))), file('/export/starexec/sandbox/benchmark/theBenchmark.p', fact_1__096t_A_061_A1_A_061_061_062_AEX_Ax_Ay_O_Ax_A_094_A2_A_L_Ay_A_094_A2_A_06)).
fof(c_0_16, axiom, (![X31]:![X32]:![X33]:times_times_int(power_power_int(X31,X32),power_power_int(X31,X33))=power_power_int(X31,plus_plus_nat(X32,X33))), file('/export/starexec/sandbox/benchmark/theBenchmark.p', fact_42_comm__semiring__1__class_Onormalizing__semiring__rules_I26_J)).
fof(c_0_17, axiom, (![X27]:power_power_int(X27,one_one_nat)=X27), file('/export/starexec/sandbox/benchmark/theBenchmark.p', fact_34_comm__semiring__1__class_Onormalizing__semiring__rules_I33_J)).
fof(c_0_18, axiom, (![X19]:![X20]:((ord_less_int(X19,X20)|X19=X20)|ord_less_int(X20,X19))), file('/export/starexec/sandbox/benchmark/theBenchmark.p', fact_29_zless__linear)).
fof(c_0_19, axiom, ((ord_less_int(one_one_int,t)=>?[X1]:?[X2]:plus_plus_int(power_power_int(X1,number_number_of_nat(bit0(bit1(pls)))),power_power_int(X2,number_number_of_nat(bit0(bit1(pls)))))=plus_plus_int(times_times_int(number_number_of_int(bit0(bit0(bit1(pls)))),m),one_one_int))), file('/export/starexec/sandbox/benchmark/theBenchmark.p', fact_2__0961_A_060_At_A_061_061_062_AEX_Ax_Ay_O_Ax_A_094_A2_A_L_Ay_A_094_A2_A_06)).
fof(c_0_20, axiom, (plus_plus_nat(one_one_nat,one_one_nat)=number_number_of_nat(bit0(bit1(pls)))), file('/export/starexec/sandbox/benchmark/theBenchmark.p', fact_47_nat__1__add__1)).
fof(c_0_21, plain, (![X14]:plus_plus_int(number_number_of_int(X14),one_one_int)=number_number_of_int(plus_plus_int(X14,bit1(pls)))), inference(variable_rename,[status(thm)],[c_0_0])).
fof(c_0_22, plain, (![X22]:number_number_of_int(X22)=X22), inference(variable_rename,[status(thm)],[c_0_1])).
fof(c_0_23, plain, (![X28]:![X18]:(ord_less_eq_int(number_number_of_int(X28),number_number_of_int(X18))<=>~ord_less_int(number_number_of_int(X18),number_number_of_int(X28)))), inference(fof_simplification,[status(thm)],[c_0_2])).
fof(c_0_24, plain, (![X19]:![X20]:![X21]:![X22]:((~ord_less_eq_int(plus_plus_int(X19,one_one_int),X20)|ord_less_int(X19,X20))&(~ord_less_int(X21,X22)|ord_less_eq_int(plus_plus_int(X21,one_one_int),X22)))), inference(shift_quantors,[status(thm)],[inference(variable_rename,[status(thm)],[inference(shift_quantors,[status(thm)],[inference(fof_nnf,[status(thm)],[c_0_3])])])])).
cnf(c_0_25,plain,(plus_plus_int(number_number_of_int(X1),one_one_int)=number_number_of_int(plus_plus_int(X1,bit1(pls)))), inference(split_conjunct,[status(thm)],[c_0_21])).
cnf(c_0_26,plain,(number_number_of_int(X1)=X1), inference(split_conjunct,[status(thm)],[c_0_22])).
fof(c_0_27, plain, (![X13]:plus_plus_int(one_one_int,number_number_of_int(X13))=number_number_of_int(plus_plus_int(bit1(pls),X13))), inference(variable_rename,[status(thm)],[c_0_4])).
fof(c_0_28, plain, (![X29]:![X30]:![X31]:![X32]:((~ord_less_eq_int(number_number_of_int(X29),number_number_of_int(X30))|~ord_less_int(number_number_of_int(X30),number_number_of_int(X29)))&(ord_less_int(number_number_of_int(X32),number_number_of_int(X31))|ord_less_eq_int(number_number_of_int(X31),number_number_of_int(X32))))), inference(shift_quantors,[status(thm)],[inference(variable_rename,[status(thm)],[inference(shift_quantors,[status(thm)],[inference(fof_nnf,[status(thm)],[c_0_23])])])])).
cnf(c_0_29,plain,(ord_less_int(X1,X2)|~ord_less_eq_int(plus_plus_int(X1,one_one_int),X2)), inference(split_conjunct,[status(thm)],[c_0_24])).
cnf(c_0_30,plain,(plus_plus_int(X1,bit1(pls))=plus_plus_int(X1,one_one_int)), inference(rw,[status(thm)],[inference(rw,[status(thm)],[c_0_25, c_0_26]), c_0_26])).
fof(c_0_31, plain, (![X16]:ord_less_eq_int(X16,X16)), inference(variable_rename,[status(thm)],[c_0_5])).
fof(c_0_32, plain, (![X17]:![X18]:(~ord_less_int(X17,X18)|ord_less_eq_int(plus_plus_int(X17,one_one_int),X18))), inference(variable_rename,[status(thm)],[inference(fof_nnf,[status(thm)],[c_0_6])])).
cnf(c_0_33,plain,(plus_plus_int(one_one_int,one_one_int)=number_number_of_int(bit0(bit1(pls)))), inference(split_conjunct,[status(thm)],[c_0_7])).
cnf(c_0_34,plain,(plus_plus_int(one_one_int,number_number_of_int(X1))=number_number_of_int(plus_plus_int(bit1(pls),X1))), inference(split_conjunct,[status(thm)],[c_0_27])).
fof(c_0_35, plain, (![X19]:![X20]:![X21]:![X22]:((~ord_less_int(X19,plus_plus_int(X20,one_one_int))|ord_less_eq_int(X19,X20))&(~ord_less_eq_int(X21,X22)|ord_less_int(X21,plus_plus_int(X22,one_one_int))))), inference(shift_quantors,[status(thm)],[inference(variable_rename,[status(thm)],[inference(shift_quantors,[status(thm)],[inference(fof_nnf,[status(thm)],[c_0_8])])])])).
cnf(c_0_36,plain,(~ord_less_int(number_number_of_int(X1),number_number_of_int(X2))|~ord_less_eq_int(number_number_of_int(X2),number_number_of_int(X1))), inference(split_conjunct,[status(thm)],[c_0_28])).
fof(c_0_37, plain, (![X24]:![X25]:![X26]:(~ord_less_eq_int(X25,X26)|ord_less_eq_int(plus_plus_int(X24,X25),plus_plus_int(X24,X26)))), inference(variable_rename,[status(thm)],[inference(fof_nnf,[status(thm)],[c_0_9])])).
cnf(c_0_38,plain,(ord_less_int(X1,X2)|~ord_less_eq_int(plus_plus_int(X1,bit1(pls)),X2)), inference(rw,[status(thm)],[c_0_29, c_0_30])).
cnf(c_0_39,plain,(ord_less_eq_int(X1,X1)), inference(split_conjunct,[status(thm)],[c_0_31])).
fof(c_0_40, plain, (![X84]:![X85]:plus_plus_int(X84,X85)=plus_plus_int(X85,X84)), inference(variable_rename,[status(thm)],[c_0_10])).
cnf(c_0_41,plain,(ord_less_eq_int(plus_plus_int(X1,one_one_int),X2)|~ord_less_int(X1,X2)), inference(split_conjunct,[status(thm)],[c_0_32])).
cnf(c_0_42,plain,(plus_plus_int(one_one_int,one_one_int)=bit0(bit1(pls))), inference(rw,[status(thm)],[c_0_33, c_0_26])).
cnf(c_0_43,plain,(plus_plus_int(bit1(pls),X1)=plus_plus_int(one_one_int,X1)), inference(rw,[status(thm)],[inference(rw,[status(thm)],[c_0_34, c_0_26]), c_0_26])).
cnf(c_0_44,plain,(ord_less_int(X1,plus_plus_int(X2,one_one_int))|~ord_less_eq_int(X1,X2)), inference(split_conjunct,[status(thm)],[c_0_35])).
cnf(c_0_45,plain,(~ord_less_eq_int(X2,X1)|~ord_less_int(X1,X2)), inference(rw,[status(thm)],[inference(rw,[status(thm)],[inference(rw,[status(thm)],[inference(rw,[status(thm)],[c_0_36, c_0_26]), c_0_26]), c_0_26]), c_0_26])).
cnf(c_0_46,plain,(ord_less_eq_int(plus_plus_int(X1,X2),plus_plus_int(X1,X3))|~ord_less_eq_int(X2,X3)), inference(split_conjunct,[status(thm)],[c_0_37])).
cnf(c_0_47,plain,(ord_less_int(X1,plus_plus_int(X1,bit1(pls)))), inference(spm,[status(thm)],[c_0_38, c_0_39])).
cnf(c_0_48,plain,(plus_plus_int(X1,X2)=plus_plus_int(X2,X1)), inference(split_conjunct,[status(thm)],[c_0_40])).
cnf(c_0_49,plain,(ord_less_eq_int(plus_plus_int(X1,bit1(pls)),X2)|~ord_less_int(X1,X2)), inference(rw,[status(thm)],[c_0_41, c_0_30])).
cnf(c_0_50,plain,(plus_plus_int(bit1(pls),bit1(pls))=bit0(bit1(pls))), inference(rw,[status(thm)],[inference(rw,[status(thm)],[c_0_42, c_0_30]), c_0_43])).
cnf(c_0_51,plain,(ord_less_int(X1,plus_plus_int(X2,bit1(pls)))|~ord_less_eq_int(X1,X2)), inference(rw,[status(thm)],[c_0_44, c_0_30])).
cnf(c_0_52,plain,(ord_less_eq_int(one_one_int,t)), inference(split_conjunct,[status(thm)],[c_0_11])).
fof(c_0_53, plain, (![X24]:![X25]:![X26]:(~ord_less_int(X25,X26)|ord_less_int(plus_plus_int(X25,X24),plus_plus_int(X26,X24)))), inference(variable_rename,[status(thm)],[inference(fof_nnf,[status(thm)],[c_0_12])])).
fof(c_0_54, plain, (![X19]:![X20]:![X21]:![X22]:(((ord_less_eq_int(X19,X20)|~ord_less_int(X19,X20))&(X19!=X20|~ord_less_int(X19,X20)))&((~ord_less_eq_int(X21,X22)|X21=X22)|ord_less_int(X21,X22)))), inference(distribute,[status(thm)],[inference(shift_quantors,[status(thm)],[inference(variable_rename,[status(thm)],[inference(shift_quantors,[status(thm)],[inference(fof_nnf,[status(thm)],[c_0_13])])])])])).
cnf(c_0_55,plain,(~ord_less_int(plus_plus_int(X1,X2),plus_plus_int(X1,X3))|~ord_less_eq_int(X3,X2)), inference(spm,[status(thm)],[c_0_45, c_0_46])).
cnf(c_0_56,plain,(ord_less_int(X1,plus_plus_int(bit1(pls),X1))), inference(spm,[status(thm)],[c_0_47, c_0_48])).
fof(c_0_57, negated_conjecture, (~(?[X1]:?[X2]:plus_plus_int(power_power_int(X1,number_number_of_nat(bit0(bit1(pls)))),power_power_int(X2,number_number_of_nat(bit0(bit1(pls)))))=plus_plus_int(times_times_int(number_number_of_int(bit0(bit0(bit1(pls)))),m),one_one_int))), inference(assume_negation,[status(cth)],[c_0_14])).
cnf(c_0_58,plain,(ord_less_eq_int(bit0(bit1(pls)),X1)|~ord_less_int(one_one_int,X1)), inference(rw,[status(thm)],[inference(spm,[status(thm)],[c_0_49, c_0_43]), c_0_50])).
cnf(c_0_59,plain,(ord_less_int(one_one_int,plus_plus_int(t,bit1(pls)))), inference(spm,[status(thm)],[c_0_51, c_0_52])).
fof(c_0_60, plain, ((t!=one_one_int|plus_plus_int(power_power_int(esk1_0,number_number_of_nat(bit0(bit1(pls)))),power_power_int(esk2_0,number_number_of_nat(bit0(bit1(pls)))))=plus_plus_int(times_times_int(number_number_of_int(bit0(bit0(bit1(pls)))),m),one_one_int))), inference(skolemize,[status(esa)],[inference(variable_rename,[status(thm)],[inference(fof_nnf,[status(thm)],[c_0_15])])])).
cnf(c_0_61,plain,(ord_less_int(plus_plus_int(X1,X2),plus_plus_int(X3,X2))|~ord_less_int(X1,X3)), inference(split_conjunct,[status(thm)],[c_0_53])).
cnf(c_0_62,plain,(~ord_less_int(X1,X2)|X1!=X2), inference(split_conjunct,[status(thm)],[c_0_54])).
cnf(c_0_63,plain,(~ord_less_eq_int(plus_plus_int(bit1(pls),X1),X1)), inference(spm,[status(thm)],[c_0_55, c_0_56])).
fof(c_0_64, negated_conjecture, (![X3]:![X4]:plus_plus_int(power_power_int(X3,number_number_of_nat(bit0(bit1(pls)))),power_power_int(X4,number_number_of_nat(bit0(bit1(pls)))))!=plus_plus_int(times_times_int(number_number_of_int(bit0(bit0(bit1(pls)))),m),one_one_int)), inference(variable_rename,[status(thm)],[inference(fof_nnf,[status(thm)],[c_0_57])])).
cnf(c_0_65,plain,(ord_less_eq_int(X1,X2)|~ord_less_int(X1,plus_plus_int(X2,one_one_int))), inference(split_conjunct,[status(thm)],[c_0_35])).
cnf(c_0_66,plain,(ord_less_int(bit1(pls),X1)|~ord_less_eq_int(bit0(bit1(pls)),X1)), inference(spm,[status(thm)],[c_0_38, c_0_50])).
cnf(c_0_67,plain,(ord_less_eq_int(bit0(bit1(pls)),plus_plus_int(t,bit1(pls)))), inference(spm,[status(thm)],[c_0_58, c_0_59])).
cnf(c_0_68,plain,(plus_plus_int(power_power_int(esk1_0,number_number_of_nat(bit0(bit1(pls)))),power_power_int(esk2_0,number_number_of_nat(bit0(bit1(pls)))))=plus_plus_int(times_times_int(number_number_of_int(bit0(bit0(bit1(pls)))),m),one_one_int)|t!=one_one_int), inference(split_conjunct,[status(thm)],[c_0_60])).
fof(c_0_69, plain, (![X34]:![X35]:![X36]:times_times_int(power_power_int(X34,X35),power_power_int(X34,X36))=power_power_int(X34,plus_plus_nat(X35,X36))), inference(variable_rename,[status(thm)],[c_0_16])).
fof(c_0_70, plain, (![X28]:power_power_int(X28,one_one_nat)=X28), inference(variable_rename,[status(thm)],[c_0_17])).
cnf(c_0_71,plain,(ord_less_int(plus_plus_int(X1,bit1(pls)),bit0(bit1(pls)))|~ord_less_int(X1,bit1(pls))), inference(spm,[status(thm)],[c_0_61, c_0_50])).
cnf(c_0_72,plain,(~ord_less_int(X1,X1)), inference(er,[status(thm)],[c_0_62])).
fof(c_0_73, plain, (![X21]:![X22]:((ord_less_int(X21,X22)|X21=X22)|ord_less_int(X22,X21))), inference(variable_rename,[status(thm)],[c_0_18])).
cnf(c_0_74,plain,(~ord_less_eq_int(bit0(bit1(pls)),one_one_int)), inference(rw,[status(thm)],[inference(spm,[status(thm)],[c_0_63, c_0_30]), c_0_50])).
cnf(c_0_75,plain,(ord_less_eq_int(bit0(bit1(pls)),X1)|~ord_less_int(bit1(pls),X1)), inference(spm,[status(thm)],[c_0_49, c_0_50])).
cnf(c_0_76,negated_conjecture,(plus_plus_int(power_power_int(X1,number_number_of_nat(bit0(bit1(pls)))),power_power_int(X2,number_number_of_nat(bit0(bit1(pls)))))!=plus_plus_int(times_times_int(number_number_of_int(bit0(bit0(bit1(pls)))),m),one_one_int)), inference(split_conjunct,[status(thm)],[c_0_64])).
fof(c_0_77, plain, ((~ord_less_int(one_one_int,t)|plus_plus_int(power_power_int(esk3_0,number_number_of_nat(bit0(bit1(pls)))),power_power_int(esk4_0,number_number_of_nat(bit0(bit1(pls)))))=plus_plus_int(times_times_int(number_number_of_int(bit0(bit0(bit1(pls)))),m),one_one_int))), inference(skolemize,[status(esa)],[inference(variable_rename,[status(thm)],[inference(fof_nnf,[status(thm)],[c_0_19])])])).
cnf(c_0_78,plain,(ord_less_eq_int(X1,X2)|~ord_less_int(X1,plus_plus_int(X2,bit1(pls)))), inference(rw,[status(thm)],[c_0_65, c_0_30])).
cnf(c_0_79,plain,(ord_less_int(bit1(pls),plus_plus_int(t,bit1(pls)))), inference(spm,[status(thm)],[c_0_66, c_0_67])).
cnf(c_0_80,plain,(plus_plus_int(power_power_int(esk1_0,number_number_of_nat(bit0(bit1(pls)))),power_power_int(esk2_0,number_number_of_nat(bit0(bit1(pls)))))=plus_plus_int(times_times_int(bit0(bit0(bit1(pls))),m),one_one_int)|t!=one_one_int), inference(rw,[status(thm)],[c_0_68, c_0_26])).
cnf(c_0_81,plain,(plus_plus_nat(one_one_nat,one_one_nat)=number_number_of_nat(bit0(bit1(pls)))), inference(split_conjunct,[status(thm)],[c_0_20])).
cnf(c_0_82,plain,(times_times_int(power_power_int(X1,X2),power_power_int(X1,X3))=power_power_int(X1,plus_plus_nat(X2,X3))), inference(split_conjunct,[status(thm)],[c_0_69])).
cnf(c_0_83,plain,(power_power_int(X1,one_one_nat)=X1), inference(split_conjunct,[status(thm)],[c_0_70])).
cnf(c_0_84,plain,(~ord_less_int(one_one_int,bit1(pls))), inference(sr,[status(thm)],[inference(rw,[status(thm)],[inference(spm,[status(thm)],[c_0_71, c_0_43]), c_0_50]), c_0_72])).
cnf(c_0_85,plain,(ord_less_int(X1,X2)|X2=X1|ord_less_int(X2,X1)), inference(split_conjunct,[status(thm)],[c_0_73])).
cnf(c_0_86,plain,(~ord_less_int(bit1(pls),one_one_int)), inference(spm,[status(thm)],[c_0_74, c_0_75])).
cnf(c_0_87,negated_conjecture,(plus_plus_int(power_power_int(X1,number_number_of_nat(bit0(bit1(pls)))),power_power_int(X2,number_number_of_nat(bit0(bit1(pls)))))!=plus_plus_int(times_times_int(bit0(bit0(bit1(pls))),m),one_one_int)), inference(rw,[status(thm)],[c_0_76, c_0_26])).
cnf(c_0_88,plain,(plus_plus_int(power_power_int(esk3_0,number_number_of_nat(bit0(bit1(pls)))),power_power_int(esk4_0,number_number_of_nat(bit0(bit1(pls)))))=plus_plus_int(times_times_int(number_number_of_int(bit0(bit0(bit1(pls)))),m),one_one_int)|~ord_less_int(one_one_int,t)), inference(split_conjunct,[status(thm)],[c_0_77])).
cnf(c_0_89,plain,(ord_less_int(X1,X2)|X1=X2|~ord_less_eq_int(X1,X2)), inference(split_conjunct,[status(thm)],[c_0_54])).
cnf(c_0_90,plain,(ord_less_eq_int(bit1(pls),t)), inference(spm,[status(thm)],[c_0_78, c_0_79])).
cnf(c_0_91,plain,(plus_plus_int(bit1(pls),times_times_int(bit0(bit0(bit1(pls))),m))=plus_plus_int(times_times_int(esk1_0,esk1_0),times_times_int(esk2_0,esk2_0))|one_one_int!=t), inference(rw,[status(thm)],[inference(rw,[status(thm)],[inference(rw,[status(thm)],[inference(rw,[status(thm)],[inference(rw,[status(thm)],[inference(rw,[status(thm)],[inference(rw,[status(thm)],[inference(rw,[status(thm)],[inference(rw,[status(thm)],[inference(rw,[status(thm)],[c_0_80, c_0_30]), c_0_48]), c_0_81]), c_0_82]), c_0_83]), c_0_83]), c_0_81]), c_0_82]), c_0_83]), c_0_83])).
cnf(c_0_92,plain,(one_one_int=bit1(pls)), inference(sr,[status(thm)],[inference(spm,[status(thm)],[c_0_84, c_0_85]), c_0_86])).
cnf(c_0_93,negated_conjecture,(plus_plus_int(times_times_int(X1,X1),times_times_int(X2,X2))!=plus_plus_int(bit1(pls),times_times_int(bit0(bit0(bit1(pls))),m))), inference(rw,[status(thm)],[inference(rw,[status(thm)],[inference(rw,[status(thm)],[inference(rw,[status(thm)],[inference(rw,[status(thm)],[inference(rw,[status(thm)],[inference(rw,[status(thm)],[inference(rw,[status(thm)],[inference(rw,[status(thm)],[inference(rw,[status(thm)],[c_0_87, c_0_81]), c_0_82]), c_0_83]), c_0_83]), c_0_81]), c_0_82]), c_0_83]), c_0_83]), c_0_30]), c_0_48])).
cnf(c_0_94,plain,(plus_plus_int(power_power_int(esk3_0,number_number_of_nat(bit0(bit1(pls)))),power_power_int(esk4_0,number_number_of_nat(bit0(bit1(pls)))))=plus_plus_int(times_times_int(bit0(bit0(bit1(pls))),m),one_one_int)|~ord_less_int(one_one_int,t)), inference(rw,[status(thm)],[c_0_88, c_0_26])).
cnf(c_0_95,plain,(bit1(pls)=t|ord_less_int(bit1(pls),t)), inference(spm,[status(thm)],[c_0_89, c_0_90])).
cnf(c_0_96,plain,(bit1(pls)!=t), inference(sr,[status(thm)],[inference(rw,[status(thm)],[c_0_91, c_0_92]), c_0_93])).
cnf(c_0_97,plain,(plus_plus_int(bit1(pls),times_times_int(bit0(bit0(bit1(pls))),m))=plus_plus_int(times_times_int(esk3_0,esk3_0),times_times_int(esk4_0,esk4_0))|~ord_less_int(one_one_int,t)), inference(rw,[status(thm)],[inference(rw,[status(thm)],[inference(rw,[status(thm)],[inference(rw,[status(thm)],[inference(rw,[status(thm)],[inference(rw,[status(thm)],[inference(rw,[status(thm)],[inference(rw,[status(thm)],[inference(rw,[status(thm)],[inference(rw,[status(thm)],[c_0_94, c_0_30]), c_0_48]), c_0_81]), c_0_82]), c_0_83]), c_0_83]), c_0_81]), c_0_82]), c_0_83]), c_0_83])).
cnf(c_0_98,plain,(ord_less_int(bit1(pls),t)), inference(sr,[status(thm)],[c_0_95, c_0_96])).
cnf(c_0_99,plain,($false), inference(cn,[status(thm)],[inference(rw,[status(thm)],[inference(sr,[status(thm)],[inference(rw,[status(thm)],[c_0_97, c_0_92]), c_0_93]), c_0_98])]), ['proof']).
# SZS output end CNFRefutation.
EOF
