% Problem    : MGT042+1 : TPTP v6.1.0. Released v2.4.0.
% Command    : eprover --auto-schedule --tstp-format -s --proof-object --memory-limit=2048 --cpu-limit=%d %s
% Computer   : n130.star.cs.uiowa.edu
% Model      : x86_64 x86_64
% CPU        : Intel(R) Xeon(R) CPU E5-2609 0 @ 2.40GHz
% Memory     : 32286.75MB
% OS         : Linux 2.6.32-431.20.3.el6.x86_64
% CPULimit   : 300
% DateTime   : Sun Jul 20 03:33:56 CDT 2014
% CPUTime    : 
# No SInE strategy applied
# Trying AutoSched0 for 151 seconds
# AutoSched0-Mode selected heuristic G_E___107_C41_F1_PI_AE_Q4_CS_SP_PS_CO_S4S
# and selection function SelectNewComplexAHPNS.
#
# Presaturation interreduction done

# Proof found!
# SZS status Theorem
# SZS output start CNFRefutation.
fof(c_0_0, conjecture, (![X1]:![X4]:![X5]:(((organization(X1)&~(has_immunity(X1,X4)))&~(has_immunity(X1,X5)))=>((((greater(stock_of_knowledge(X1,X5),stock_of_knowledge(X1,X4))&smaller_or_equal(internal_friction(X1,X5),internal_friction(X1,X4)))&greater_or_equal(external_ties(X1,X5),external_ties(X1,X4)))=>smaller(hazard_of_mortality(X1,X5),hazard_of_mortality(X1,X4)))&(((greater_or_equal(stock_of_knowledge(X1,X5),stock_of_knowledge(X1,X4))&smaller_or_equal(internal_friction(X1,X5),internal_friction(X1,X4)))&greater(external_ties(X1,X5),external_ties(X1,X4)))=>smaller(hazard_of_mortality(X1,X5),hazard_of_mortality(X1,X4)))))), file('/export/starexec/sandbox/benchmark/theBenchmark.p', lemma_1)).
fof(c_0_1, axiom, (![X1]:![X4]:![X5]:(organization(X1)=>((((greater(stock_of_knowledge(X1,X5),stock_of_knowledge(X1,X4))&smaller_or_equal(internal_friction(X1,X5),internal_friction(X1,X4)))=>greater(capability(X1,X5),capability(X1,X4)))&((smaller_or_equal(stock_of_knowledge(X1,X5),stock_of_knowledge(X1,X4))&greater(internal_friction(X1,X5),internal_friction(X1,X4)))=>smaller(capability(X1,X5),capability(X1,X4))))&((stock_of_knowledge(X1,X5)=stock_of_knowledge(X1,X4)&internal_friction(X1,X5)=internal_friction(X1,X4))=>capability(X1,X5)=capability(X1,X4))))), file('/export/starexec/sandbox/benchmark/theBenchmark.p', assumption_5)).
fof(c_0_2, axiom, (![X1]:![X2]:(greater_or_equal(X1,X2)<=>(greater(X1,X2)|X1=X2))), file('/export/starexec/sandbox/benchmark/Axioms/MGT001+0.ax', definition_greater_or_equal)).
fof(c_0_3, axiom, (![X1]:![X4]:![X5]:(((organization(X1)&~(has_immunity(X1,X4)))&~(has_immunity(X1,X5)))=>((((greater(capability(X1,X5),capability(X1,X4))&greater_or_equal(position(X1,X5),position(X1,X4)))=>smaller(hazard_of_mortality(X1,X5),hazard_of_mortality(X1,X4)))&((greater_or_equal(capability(X1,X5),capability(X1,X4))&greater(position(X1,X5),position(X1,X4)))=>smaller(hazard_of_mortality(X1,X5),hazard_of_mortality(X1,X4))))&((capability(X1,X5)=capability(X1,X4)&position(X1,X5)=position(X1,X4))=>hazard_of_mortality(X1,X5)=hazard_of_mortality(X1,X4))))), file('/export/starexec/sandbox/benchmark/theBenchmark.p', assumption_4)).
fof(c_0_4, axiom, (![X1]:![X4]:![X5]:(organization(X1)=>((greater(external_ties(X1,X5),external_ties(X1,X4))=>greater(position(X1,X5),position(X1,X4)))&(external_ties(X1,X5)=external_ties(X1,X4)=>position(X1,X5)=position(X1,X4))))), file('/export/starexec/sandbox/benchmark/theBenchmark.p', assumption_6)).
fof(c_0_5, axiom, (![X1]:![X2]:(smaller_or_equal(X1,X2)<=>(smaller(X1,X2)|X1=X2))), file('/export/starexec/sandbox/benchmark/Axioms/MGT001+0.ax', definition_smaller_or_equal)).
fof(c_0_6, axiom, (![X1]:![X2]:(smaller(X1,X2)<=>greater(X2,X1))), file('/export/starexec/sandbox/benchmark/Axioms/MGT001+0.ax', definition_smaller)).
fof(c_0_7, axiom, (![X1]:![X2]:~((greater(X1,X2)&greater(X2,X1)))), file('/export/starexec/sandbox/benchmark/Axioms/MGT001+0.ax', meaning_postulate_greater_strict)).
fof(c_0_8, plain, (![X4]:![X5]:![X1]:(epred2_3(X1,X5,X4)<=>((((greater(stock_of_knowledge(X1,X5),stock_of_knowledge(X1,X4))&smaller_or_equal(internal_friction(X1,X5),internal_friction(X1,X4)))=>greater(capability(X1,X5),capability(X1,X4)))&((smaller_or_equal(stock_of_knowledge(X1,X5),stock_of_knowledge(X1,X4))&greater(internal_friction(X1,X5),internal_friction(X1,X4)))=>smaller(capability(X1,X5),capability(X1,X4))))&((stock_of_knowledge(X1,X5)=stock_of_knowledge(X1,X4)&internal_friction(X1,X5)=internal_friction(X1,X4))=>capability(X1,X5)=capability(X1,X4))))), introduced(definition)).
fof(c_0_9, negated_conjecture, (~(![X1]:![X4]:![X5]:(((organization(X1)&~has_immunity(X1,X4))&~has_immunity(X1,X5))=>((((greater(stock_of_knowledge(X1,X5),stock_of_knowledge(X1,X4))&smaller_or_equal(internal_friction(X1,X5),internal_friction(X1,X4)))&greater_or_equal(external_ties(X1,X5),external_ties(X1,X4)))=>smaller(hazard_of_mortality(X1,X5),hazard_of_mortality(X1,X4)))&(((greater_or_equal(stock_of_knowledge(X1,X5),stock_of_knowledge(X1,X4))&smaller_or_equal(internal_friction(X1,X5),internal_friction(X1,X4)))&greater(external_ties(X1,X5),external_ties(X1,X4)))=>smaller(hazard_of_mortality(X1,X5),hazard_of_mortality(X1,X4))))))), inference(fof_simplification,[status(thm)],[inference(assume_negation,[status(cth)],[c_0_0])])).
fof(c_0_10, plain, (![X4]:![X5]:![X1]:(epred2_3(X1,X5,X4)=>((((greater(stock_of_knowledge(X1,X5),stock_of_knowledge(X1,X4))&smaller_or_equal(internal_friction(X1,X5),internal_friction(X1,X4)))=>greater(capability(X1,X5),capability(X1,X4)))&((smaller_or_equal(stock_of_knowledge(X1,X5),stock_of_knowledge(X1,X4))&greater(internal_friction(X1,X5),internal_friction(X1,X4)))=>smaller(capability(X1,X5),capability(X1,X4))))&((stock_of_knowledge(X1,X5)=stock_of_knowledge(X1,X4)&internal_friction(X1,X5)=internal_friction(X1,X4))=>capability(X1,X5)=capability(X1,X4))))), inference(split_equiv,[status(thm)],[c_0_8])).
fof(c_0_11, negated_conjecture, ((((organization(esk1_0)&~has_immunity(esk1_0,esk2_0))&~has_immunity(esk1_0,esk3_0))&(((((((greater_or_equal(stock_of_knowledge(esk1_0,esk3_0),stock_of_knowledge(esk1_0,esk2_0))|greater(stock_of_knowledge(esk1_0,esk3_0),stock_of_knowledge(esk1_0,esk2_0)))&(smaller_or_equal(internal_friction(esk1_0,esk3_0),internal_friction(esk1_0,esk2_0))|greater(stock_of_knowledge(esk1_0,esk3_0),stock_of_knowledge(esk1_0,esk2_0))))&(greater(external_ties(esk1_0,esk3_0),external_ties(esk1_0,esk2_0))|greater(stock_of_knowledge(esk1_0,esk3_0),stock_of_knowledge(esk1_0,esk2_0))))&(~smaller(hazard_of_mortality(esk1_0,esk3_0),hazard_of_mortality(esk1_0,esk2_0))|greater(stock_of_knowledge(esk1_0,esk3_0),stock_of_knowledge(esk1_0,esk2_0))))&((((greater_or_equal(stock_of_knowledge(esk1_0,esk3_0),stock_of_knowledge(esk1_0,esk2_0))|smaller_or_equal(internal_friction(esk1_0,esk3_0),internal_friction(esk1_0,esk2_0)))&(smaller_or_equal(internal_friction(esk1_0,esk3_0),internal_friction(esk1_0,esk2_0))|smaller_or_equal(internal_friction(esk1_0,esk3_0),internal_friction(esk1_0,esk2_0))))&(greater(external_ties(esk1_0,esk3_0),external_ties(esk1_0,esk2_0))|smaller_or_equal(internal_friction(esk1_0,esk3_0),internal_friction(esk1_0,esk2_0))))&(~smaller(hazard_of_mortality(esk1_0,esk3_0),hazard_of_mortality(esk1_0,esk2_0))|smaller_or_equal(internal_friction(esk1_0,esk3_0),internal_friction(esk1_0,esk2_0)))))&((((greater_or_equal(stock_of_knowledge(esk1_0,esk3_0),stock_of_knowledge(esk1_0,esk2_0))|greater_or_equal(external_ties(esk1_0,esk3_0),external_ties(esk1_0,esk2_0)))&(smaller_or_equal(internal_friction(esk1_0,esk3_0),internal_friction(esk1_0,esk2_0))|greater_or_equal(external_ties(esk1_0,esk3_0),external_ties(esk1_0,esk2_0))))&(greater(external_ties(esk1_0,esk3_0),external_ties(esk1_0,esk2_0))|greater_or_equal(external_ties(esk1_0,esk3_0),external_ties(esk1_0,esk2_0))))&(~smaller(hazard_of_mortality(esk1_0,esk3_0),hazard_of_mortality(esk1_0,esk2_0))|greater_or_equal(external_ties(esk1_0,esk3_0),external_ties(esk1_0,esk2_0)))))&((((greater_or_equal(stock_of_knowledge(esk1_0,esk3_0),stock_of_knowledge(esk1_0,esk2_0))|~smaller(hazard_of_mortality(esk1_0,esk3_0),hazard_of_mortality(esk1_0,esk2_0)))&(smaller_or_equal(internal_friction(esk1_0,esk3_0),internal_friction(esk1_0,esk2_0))|~smaller(hazard_of_mortality(esk1_0,esk3_0),hazard_of_mortality(esk1_0,esk2_0))))&(greater(external_ties(esk1_0,esk3_0),external_ties(esk1_0,esk2_0))|~smaller(hazard_of_mortality(esk1_0,esk3_0),hazard_of_mortality(esk1_0,esk2_0))))&(~smaller(hazard_of_mortality(esk1_0,esk3_0),hazard_of_mortality(esk1_0,esk2_0))|~smaller(hazard_of_mortality(esk1_0,esk3_0),hazard_of_mortality(esk1_0,esk2_0))))))), inference(distribute,[status(thm)],[inference(skolemize,[status(esa)],[inference(variable_rename,[status(thm)],[inference(fof_nnf,[status(thm)],[c_0_9])])])])).
fof(c_0_12, plain, (![X6]:![X7]:![X8]:(((((~greater(stock_of_knowledge(X8,X7),stock_of_knowledge(X8,X6))|~smaller_or_equal(internal_friction(X8,X7),internal_friction(X8,X6)))|greater(capability(X8,X7),capability(X8,X6)))|~epred2_3(X8,X7,X6))&(((~smaller_or_equal(stock_of_knowledge(X8,X7),stock_of_knowledge(X8,X6))|~greater(internal_friction(X8,X7),internal_friction(X8,X6)))|smaller(capability(X8,X7),capability(X8,X6)))|~epred2_3(X8,X7,X6)))&(((stock_of_knowledge(X8,X7)!=stock_of_knowledge(X8,X6)|internal_friction(X8,X7)!=internal_friction(X8,X6))|capability(X8,X7)=capability(X8,X6))|~epred2_3(X8,X7,X6)))), inference(distribute,[status(thm)],[inference(variable_rename,[status(thm)],[inference(fof_nnf,[status(thm)],[c_0_10])])])).
cnf(c_0_13,negated_conjecture,(smaller_or_equal(internal_friction(esk1_0,esk3_0),internal_friction(esk1_0,esk2_0))|smaller_or_equal(internal_friction(esk1_0,esk3_0),internal_friction(esk1_0,esk2_0))), inference(split_conjunct,[status(thm)],[c_0_11])).
fof(c_0_14, axiom, (![X1]:![X4]:![X5]:(organization(X1)=>epred2_3(X1,X5,X4))), inference(apply_def,[status(thm)],[c_0_1, c_0_8])).
fof(c_0_15, plain, (![X3]:![X4]:![X5]:![X6]:((~greater_or_equal(X3,X4)|(greater(X3,X4)|X3=X4))&((~greater(X5,X6)|greater_or_equal(X5,X6))&(X5!=X6|greater_or_equal(X5,X6))))), inference(distribute,[status(thm)],[inference(shift_quantors,[status(thm)],[inference(variable_rename,[status(thm)],[inference(shift_quantors,[status(thm)],[inference(fof_nnf,[status(thm)],[c_0_2])])])])])).
fof(c_0_16, plain, (![X4]:![X5]:![X1]:(epred1_3(X1,X5,X4)<=>((((greater(capability(X1,X5),capability(X1,X4))&greater_or_equal(position(X1,X5),position(X1,X4)))=>smaller(hazard_of_mortality(X1,X5),hazard_of_mortality(X1,X4)))&((greater_or_equal(capability(X1,X5),capability(X1,X4))&greater(position(X1,X5),position(X1,X4)))=>smaller(hazard_of_mortality(X1,X5),hazard_of_mortality(X1,X4))))&((capability(X1,X5)=capability(X1,X4)&position(X1,X5)=position(X1,X4))=>hazard_of_mortality(X1,X5)=hazard_of_mortality(X1,X4))))), introduced(definition)).
cnf(c_0_17,plain,(greater(capability(X1,X2),capability(X1,X3))|~epred2_3(X1,X2,X3)|~smaller_or_equal(internal_friction(X1,X2),internal_friction(X1,X3))|~greater(stock_of_knowledge(X1,X2),stock_of_knowledge(X1,X3))), inference(split_conjunct,[status(thm)],[c_0_12])).
cnf(c_0_18,negated_conjecture,(smaller_or_equal(internal_friction(esk1_0,esk3_0),internal_friction(esk1_0,esk2_0))), inference(cn,[status(thm)],[c_0_13])).
fof(c_0_19, plain, (![X6]:![X7]:![X8]:(~organization(X6)|epred2_3(X6,X8,X7))), inference(shift_quantors,[status(thm)],[inference(variable_rename,[status(thm)],[inference(shift_quantors,[status(thm)],[inference(fof_nnf,[status(thm)],[c_0_14])])])])).
cnf(c_0_20,negated_conjecture,(greater(stock_of_knowledge(esk1_0,esk3_0),stock_of_knowledge(esk1_0,esk2_0))|greater_or_equal(stock_of_knowledge(esk1_0,esk3_0),stock_of_knowledge(esk1_0,esk2_0))), inference(split_conjunct,[status(thm)],[c_0_11])).
cnf(c_0_21,plain,(greater_or_equal(X1,X2)|~greater(X1,X2)), inference(split_conjunct,[status(thm)],[c_0_15])).
fof(c_0_22, plain, (![X4]:![X5]:![X1]:(epred1_3(X1,X5,X4)=>((((greater(capability(X1,X5),capability(X1,X4))&greater_or_equal(position(X1,X5),position(X1,X4)))=>smaller(hazard_of_mortality(X1,X5),hazard_of_mortality(X1,X4)))&((greater_or_equal(capability(X1,X5),capability(X1,X4))&greater(position(X1,X5),position(X1,X4)))=>smaller(hazard_of_mortality(X1,X5),hazard_of_mortality(X1,X4))))&((capability(X1,X5)=capability(X1,X4)&position(X1,X5)=position(X1,X4))=>hazard_of_mortality(X1,X5)=hazard_of_mortality(X1,X4))))), inference(split_equiv,[status(thm)],[c_0_16])).
cnf(c_0_23,negated_conjecture,(greater(capability(esk1_0,esk3_0),capability(esk1_0,esk2_0))|~epred2_3(esk1_0,esk3_0,esk2_0)|~greater(stock_of_knowledge(esk1_0,esk3_0),stock_of_knowledge(esk1_0,esk2_0))), inference(spm,[status(thm)],[c_0_17, c_0_18])).
cnf(c_0_24,plain,(epred2_3(X1,X2,X3)|~organization(X1)), inference(split_conjunct,[status(thm)],[c_0_19])).
cnf(c_0_25,negated_conjecture,(organization(esk1_0)), inference(split_conjunct,[status(thm)],[c_0_11])).
cnf(c_0_26,plain,(X1=X2|greater(X1,X2)|~greater_or_equal(X1,X2)), inference(split_conjunct,[status(thm)],[c_0_15])).
cnf(c_0_27,negated_conjecture,(greater_or_equal(stock_of_knowledge(esk1_0,esk3_0),stock_of_knowledge(esk1_0,esk2_0))), inference(csr,[status(thm)],[c_0_20, c_0_21])).
cnf(c_0_28,negated_conjecture,(greater_or_equal(external_ties(esk1_0,esk3_0),external_ties(esk1_0,esk2_0))|greater(external_ties(esk1_0,esk3_0),external_ties(esk1_0,esk2_0))), inference(split_conjunct,[status(thm)],[c_0_11])).
fof(c_0_29, plain, (![X6]:![X7]:![X8]:(((((~greater(capability(X8,X7),capability(X8,X6))|~greater_or_equal(position(X8,X7),position(X8,X6)))|smaller(hazard_of_mortality(X8,X7),hazard_of_mortality(X8,X6)))|~epred1_3(X8,X7,X6))&(((~greater_or_equal(capability(X8,X7),capability(X8,X6))|~greater(position(X8,X7),position(X8,X6)))|smaller(hazard_of_mortality(X8,X7),hazard_of_mortality(X8,X6)))|~epred1_3(X8,X7,X6)))&(((capability(X8,X7)!=capability(X8,X6)|position(X8,X7)!=position(X8,X6))|hazard_of_mortality(X8,X7)=hazard_of_mortality(X8,X6))|~epred1_3(X8,X7,X6)))), inference(distribute,[status(thm)],[inference(variable_rename,[status(thm)],[inference(fof_nnf,[status(thm)],[c_0_22])])])).
cnf(c_0_30,negated_conjecture,(greater(capability(esk1_0,esk3_0),capability(esk1_0,esk2_0))|~greater(stock_of_knowledge(esk1_0,esk3_0),stock_of_knowledge(esk1_0,esk2_0))), inference(cn,[status(thm)],[inference(rw,[status(thm)],[inference(spm,[status(thm)],[c_0_23, c_0_24]), c_0_25])])).
cnf(c_0_31,negated_conjecture,(stock_of_knowledge(esk1_0,esk2_0)=stock_of_knowledge(esk1_0,esk3_0)|greater(stock_of_knowledge(esk1_0,esk3_0),stock_of_knowledge(esk1_0,esk2_0))), inference(spm,[status(thm)],[c_0_26, c_0_27])).
cnf(c_0_32,negated_conjecture,(~smaller(hazard_of_mortality(esk1_0,esk3_0),hazard_of_mortality(esk1_0,esk2_0))|~smaller(hazard_of_mortality(esk1_0,esk3_0),hazard_of_mortality(esk1_0,esk2_0))), inference(split_conjunct,[status(thm)],[c_0_11])).
fof(c_0_33, plain, (![X1]:![X4]:![X5]:(((organization(X1)&~has_immunity(X1,X4))&~has_immunity(X1,X5))=>epred1_3(X1,X5,X4))), inference(apply_def,[status(thm)],[inference(fof_simplification,[status(thm)],[c_0_3]), c_0_16])).
fof(c_0_34, plain, (![X6]:![X7]:![X8]:![X9]:![X10]:(((~greater(external_ties(X6,X8),external_ties(X6,X7))|greater(position(X6,X8),position(X6,X7)))|~organization(X6))&((external_ties(X6,X10)!=external_ties(X6,X9)|position(X6,X10)=position(X6,X9))|~organization(X6)))), inference(distribute,[status(thm)],[inference(shift_quantors,[status(thm)],[inference(variable_rename,[status(thm)],[inference(shift_quantors,[status(thm)],[inference(fof_nnf,[status(thm)],[c_0_4])])])])])).
cnf(c_0_35,negated_conjecture,(greater_or_equal(external_ties(esk1_0,esk3_0),external_ties(esk1_0,esk2_0))), inference(csr,[status(thm)],[c_0_28, c_0_21])).
cnf(c_0_36,plain,(smaller(hazard_of_mortality(X1,X2),hazard_of_mortality(X1,X3))|~epred1_3(X1,X2,X3)|~greater_or_equal(position(X1,X2),position(X1,X3))|~greater(capability(X1,X2),capability(X1,X3))), inference(split_conjunct,[status(thm)],[c_0_29])).
cnf(c_0_37,negated_conjecture,(stock_of_knowledge(esk1_0,esk2_0)=stock_of_knowledge(esk1_0,esk3_0)|greater(capability(esk1_0,esk3_0),capability(esk1_0,esk2_0))), inference(spm,[status(thm)],[c_0_30, c_0_31])).
cnf(c_0_38,negated_conjecture,(~smaller(hazard_of_mortality(esk1_0,esk3_0),hazard_of_mortality(esk1_0,esk2_0))), inference(cn,[status(thm)],[c_0_32])).
fof(c_0_39, plain, (![X6]:![X7]:![X8]:(((~organization(X6)|has_immunity(X6,X7))|has_immunity(X6,X8))|epred1_3(X6,X8,X7))), inference(variable_rename,[status(thm)],[inference(fof_nnf,[status(thm)],[c_0_33])])).
cnf(c_0_40,plain,(greater(position(X1,X2),position(X1,X3))|~organization(X1)|~greater(external_ties(X1,X2),external_ties(X1,X3))), inference(split_conjunct,[status(thm)],[c_0_34])).
cnf(c_0_41,negated_conjecture,(external_ties(esk1_0,esk2_0)=external_ties(esk1_0,esk3_0)|greater(external_ties(esk1_0,esk3_0),external_ties(esk1_0,esk2_0))), inference(spm,[status(thm)],[c_0_26, c_0_35])).
cnf(c_0_42,plain,(stock_of_knowledge(esk1_0,esk2_0)=stock_of_knowledge(esk1_0,esk3_0)|~epred1_3(esk1_0,esk3_0,esk2_0)|~greater_or_equal(position(esk1_0,esk3_0),position(esk1_0,esk2_0))), inference(sr,[status(thm)],[inference(spm,[status(thm)],[c_0_36, c_0_37]), c_0_38])).
cnf(c_0_43,plain,(epred1_3(X1,X2,X3)|has_immunity(X1,X2)|has_immunity(X1,X3)|~organization(X1)), inference(split_conjunct,[status(thm)],[c_0_39])).
cnf(c_0_44,negated_conjecture,(~has_immunity(esk1_0,esk2_0)), inference(split_conjunct,[status(thm)],[c_0_11])).
cnf(c_0_45,negated_conjecture,(~has_immunity(esk1_0,esk3_0)), inference(split_conjunct,[status(thm)],[c_0_11])).
cnf(c_0_46,negated_conjecture,(external_ties(esk1_0,esk2_0)=external_ties(esk1_0,esk3_0)|greater(position(esk1_0,esk3_0),position(esk1_0,esk2_0))), inference(cn,[status(thm)],[inference(rw,[status(thm)],[inference(spm,[status(thm)],[c_0_40, c_0_41]), c_0_25])])).
cnf(c_0_47,plain,(stock_of_knowledge(esk1_0,esk2_0)=stock_of_knowledge(esk1_0,esk3_0)|~greater_or_equal(position(esk1_0,esk3_0),position(esk1_0,esk2_0))), inference(sr,[status(thm)],[inference(sr,[status(thm)],[inference(cn,[status(thm)],[inference(rw,[status(thm)],[inference(spm,[status(thm)],[c_0_42, c_0_43]), c_0_25])]), c_0_44]), c_0_45])).
cnf(c_0_48,negated_conjecture,(external_ties(esk1_0,esk2_0)=external_ties(esk1_0,esk3_0)|greater_or_equal(position(esk1_0,esk3_0),position(esk1_0,esk2_0))), inference(spm,[status(thm)],[c_0_21, c_0_46])).
fof(c_0_49, plain, (![X3]:![X4]:![X5]:![X6]:((~smaller_or_equal(X3,X4)|(smaller(X3,X4)|X3=X4))&((~smaller(X5,X6)|smaller_or_equal(X5,X6))&(X5!=X6|smaller_or_equal(X5,X6))))), inference(distribute,[status(thm)],[inference(shift_quantors,[status(thm)],[inference(variable_rename,[status(thm)],[inference(shift_quantors,[status(thm)],[inference(fof_nnf,[status(thm)],[c_0_5])])])])])).
cnf(c_0_50,plain,(position(X1,X2)=position(X1,X3)|~organization(X1)|external_ties(X1,X2)!=external_ties(X1,X3)), inference(split_conjunct,[status(thm)],[c_0_34])).
cnf(c_0_51,negated_conjecture,(external_ties(esk1_0,esk2_0)=external_ties(esk1_0,esk3_0)|stock_of_knowledge(esk1_0,esk2_0)=stock_of_knowledge(esk1_0,esk3_0)), inference(spm,[status(thm)],[c_0_47, c_0_48])).
fof(c_0_52, plain, (![X3]:![X4]:![X5]:![X6]:((~smaller(X3,X4)|greater(X4,X3))&(~greater(X6,X5)|smaller(X5,X6)))), inference(shift_quantors,[status(thm)],[inference(variable_rename,[status(thm)],[inference(shift_quantors,[status(thm)],[inference(fof_nnf,[status(thm)],[c_0_6])])])])).
cnf(c_0_53,plain,(X1=X2|smaller(X1,X2)|~smaller_or_equal(X1,X2)), inference(split_conjunct,[status(thm)],[c_0_49])).
cnf(c_0_54,negated_conjecture,(stock_of_knowledge(esk1_0,esk2_0)=stock_of_knowledge(esk1_0,esk3_0)|position(esk1_0,esk2_0)=position(esk1_0,X1)|external_ties(esk1_0,esk3_0)!=external_ties(esk1_0,X1)), inference(cn,[status(thm)],[inference(rw,[status(thm)],[inference(spm,[status(thm)],[c_0_50, c_0_51]), c_0_25])])).
cnf(c_0_55,plain,(greater_or_equal(X1,X2)|X1!=X2), inference(split_conjunct,[status(thm)],[c_0_15])).
cnf(c_0_56,plain,(greater(X1,X2)|~smaller(X2,X1)), inference(split_conjunct,[status(thm)],[c_0_52])).
cnf(c_0_57,negated_conjecture,(internal_friction(esk1_0,esk2_0)=internal_friction(esk1_0,esk3_0)|smaller(internal_friction(esk1_0,esk3_0),internal_friction(esk1_0,esk2_0))), inference(spm,[status(thm)],[c_0_53, c_0_18])).
cnf(c_0_58,negated_conjecture,(position(esk1_0,esk2_0)=position(esk1_0,esk3_0)|stock_of_knowledge(esk1_0,esk2_0)=stock_of_knowledge(esk1_0,esk3_0)), inference(er,[status(thm)],[c_0_54])).
cnf(c_0_59,plain,(greater_or_equal(X1,X1)), inference(er,[status(thm)],[c_0_55])).
cnf(c_0_60,plain,(smaller_or_equal(X1,X2)|X1!=X2), inference(split_conjunct,[status(thm)],[c_0_49])).
cnf(c_0_61,plain,(smaller(capability(X1,X2),capability(X1,X3))|~epred2_3(X1,X2,X3)|~greater(internal_friction(X1,X2),internal_friction(X1,X3))|~smaller_or_equal(stock_of_knowledge(X1,X2),stock_of_knowledge(X1,X3))), inference(split_conjunct,[status(thm)],[c_0_12])).
cnf(c_0_62,negated_conjecture,(internal_friction(esk1_0,esk2_0)=internal_friction(esk1_0,esk3_0)|greater(internal_friction(esk1_0,esk2_0),internal_friction(esk1_0,esk3_0))), inference(spm,[status(thm)],[c_0_56, c_0_57])).
cnf(c_0_63,plain,(stock_of_knowledge(esk1_0,esk2_0)=stock_of_knowledge(esk1_0,esk3_0)), inference(cn,[status(thm)],[inference(rw,[status(thm)],[inference(spm,[status(thm)],[c_0_47, c_0_58]), c_0_59])])).
cnf(c_0_64,plain,(smaller_or_equal(X1,X1)), inference(er,[status(thm)],[c_0_60])).
cnf(c_0_65,plain,(internal_friction(esk1_0,esk2_0)=internal_friction(esk1_0,esk3_0)|smaller(capability(esk1_0,esk2_0),capability(esk1_0,esk3_0))|~epred2_3(esk1_0,esk2_0,esk3_0)), inference(cn,[status(thm)],[inference(rw,[status(thm)],[inference(rw,[status(thm)],[inference(spm,[status(thm)],[c_0_61, c_0_62]), c_0_63]), c_0_64])])).
cnf(c_0_66,plain,(smaller(hazard_of_mortality(X1,X2),hazard_of_mortality(X1,X3))|~epred1_3(X1,X2,X3)|~greater(position(X1,X2),position(X1,X3))|~greater_or_equal(capability(X1,X2),capability(X1,X3))), inference(split_conjunct,[status(thm)],[c_0_29])).
cnf(c_0_67,plain,(internal_friction(esk1_0,esk2_0)=internal_friction(esk1_0,esk3_0)|smaller(capability(esk1_0,esk2_0),capability(esk1_0,esk3_0))), inference(cn,[status(thm)],[inference(rw,[status(thm)],[inference(spm,[status(thm)],[c_0_65, c_0_24]), c_0_25])])).
fof(c_0_68, plain, (![X3]:![X4]:(~greater(X3,X4)|~greater(X4,X3))), inference(variable_rename,[status(thm)],[inference(fof_nnf,[status(thm)],[c_0_7])])).
cnf(c_0_69,plain,(external_ties(esk1_0,esk2_0)=external_ties(esk1_0,esk3_0)|~epred1_3(esk1_0,esk3_0,esk2_0)|~greater_or_equal(capability(esk1_0,esk3_0),capability(esk1_0,esk2_0))), inference(sr,[status(thm)],[inference(spm,[status(thm)],[c_0_66, c_0_46]), c_0_38])).
cnf(c_0_70,plain,(internal_friction(esk1_0,esk2_0)=internal_friction(esk1_0,esk3_0)|greater(capability(esk1_0,esk3_0),capability(esk1_0,esk2_0))), inference(spm,[status(thm)],[c_0_56, c_0_67])).
cnf(c_0_71,plain,(~greater(X1,X2)|~greater(X2,X1)), inference(split_conjunct,[status(thm)],[c_0_68])).
cnf(c_0_72,negated_conjecture,(greater(stock_of_knowledge(esk1_0,esk3_0),stock_of_knowledge(esk1_0,esk2_0))|greater(external_ties(esk1_0,esk3_0),external_ties(esk1_0,esk2_0))), inference(split_conjunct,[status(thm)],[c_0_11])).
cnf(c_0_73,plain,(external_ties(esk1_0,esk2_0)=external_ties(esk1_0,esk3_0)|~greater_or_equal(capability(esk1_0,esk3_0),capability(esk1_0,esk2_0))), inference(sr,[status(thm)],[inference(sr,[status(thm)],[inference(cn,[status(thm)],[inference(rw,[status(thm)],[inference(spm,[status(thm)],[c_0_69, c_0_43]), c_0_25])]), c_0_44]), c_0_45])).
cnf(c_0_74,plain,(internal_friction(esk1_0,esk2_0)=internal_friction(esk1_0,esk3_0)|greater_or_equal(capability(esk1_0,esk3_0),capability(esk1_0,esk2_0))), inference(spm,[status(thm)],[c_0_21, c_0_70])).
cnf(c_0_75,negated_conjecture,(greater(stock_of_knowledge(esk1_0,esk3_0),stock_of_knowledge(esk1_0,esk2_0))|~greater(external_ties(esk1_0,esk2_0),external_ties(esk1_0,esk3_0))), inference(spm,[status(thm)],[c_0_71, c_0_72])).
cnf(c_0_76,negated_conjecture,(greater(external_ties(esk1_0,esk3_0),external_ties(esk1_0,esk2_0))|greater(stock_of_knowledge(esk1_0,esk3_0),stock_of_knowledge(esk1_0,esk3_0))), inference(rw,[status(thm)],[c_0_72, c_0_63])).
cnf(c_0_77,plain,(internal_friction(esk1_0,esk2_0)=internal_friction(esk1_0,esk3_0)|external_ties(esk1_0,esk2_0)=external_ties(esk1_0,esk3_0)), inference(spm,[status(thm)],[c_0_73, c_0_74])).
cnf(c_0_78,negated_conjecture,(greater(stock_of_knowledge(esk1_0,esk3_0),stock_of_knowledge(esk1_0,esk3_0))|~greater(external_ties(esk1_0,esk2_0),external_ties(esk1_0,esk3_0))), inference(rw,[status(thm)],[c_0_75, c_0_63])).
cnf(c_0_79,negated_conjecture,(internal_friction(esk1_0,esk2_0)=internal_friction(esk1_0,esk3_0)|greater(stock_of_knowledge(esk1_0,esk3_0),stock_of_knowledge(esk1_0,esk3_0))|greater(external_ties(esk1_0,esk3_0),external_ties(esk1_0,esk3_0))), inference(spm,[status(thm)],[c_0_76, c_0_77])).
cnf(c_0_80,negated_conjecture,(internal_friction(esk1_0,esk2_0)=internal_friction(esk1_0,esk3_0)|greater(stock_of_knowledge(esk1_0,esk3_0),stock_of_knowledge(esk1_0,esk3_0))), inference(csr,[status(thm)],[inference(spm,[status(thm)],[c_0_78, c_0_77]), c_0_79])).
cnf(c_0_81,plain,(capability(X1,X2)=capability(X1,X3)|~epred2_3(X1,X2,X3)|internal_friction(X1,X2)!=internal_friction(X1,X3)|stock_of_knowledge(X1,X2)!=stock_of_knowledge(X1,X3)), inference(split_conjunct,[status(thm)],[c_0_12])).
cnf(c_0_82,negated_conjecture,(internal_friction(esk1_0,esk2_0)=internal_friction(esk1_0,esk3_0)), inference(csr,[status(thm)],[inference(spm,[status(thm)],[c_0_71, c_0_80]), c_0_80])).
cnf(c_0_83,plain,(capability(esk1_0,esk2_0)=capability(esk1_0,X1)|stock_of_knowledge(esk1_0,esk3_0)!=stock_of_knowledge(esk1_0,X1)|internal_friction(esk1_0,esk3_0)!=internal_friction(esk1_0,X1)|~epred2_3(esk1_0,esk2_0,X1)), inference(rw,[status(thm)],[inference(spm,[status(thm)],[c_0_81, c_0_63]), c_0_82])).
cnf(c_0_84,plain,(capability(esk1_0,esk2_0)=capability(esk1_0,esk3_0)|~epred2_3(esk1_0,esk2_0,esk3_0)), inference(er,[status(thm)],[c_0_83])).
cnf(c_0_85,plain,(capability(esk1_0,esk2_0)=capability(esk1_0,esk3_0)), inference(cn,[status(thm)],[inference(rw,[status(thm)],[inference(spm,[status(thm)],[c_0_84, c_0_24]), c_0_25])])).
cnf(c_0_86,plain,(external_ties(esk1_0,esk2_0)=external_ties(esk1_0,esk3_0)), inference(cn,[status(thm)],[inference(rw,[status(thm)],[inference(rw,[status(thm)],[c_0_73, c_0_85]), c_0_59])])).
cnf(c_0_87,negated_conjecture,(greater(stock_of_knowledge(esk1_0,esk3_0),stock_of_knowledge(esk1_0,esk3_0))|~greater(external_ties(esk1_0,esk3_0),external_ties(esk1_0,esk3_0))), inference(rw,[status(thm)],[c_0_78, c_0_86])).
cnf(c_0_88,negated_conjecture,(greater(stock_of_knowledge(esk1_0,esk3_0),stock_of_knowledge(esk1_0,esk3_0))), inference(csr,[status(thm)],[inference(rw,[status(thm)],[c_0_76, c_0_86]), c_0_87])).
cnf(c_0_89,negated_conjecture,($false), inference(cn,[status(thm)],[inference(rw,[status(thm)],[inference(spm,[status(thm)],[c_0_71, c_0_88]), c_0_88])]), ['proof']).
# SZS output end CNFRefutation.
EOF
