% Problem    : SWB106+1 : TPTP v6.1.0. Released v5.2.0.
% Command    : eprover --auto-schedule --tstp-format -s --proof-object --memory-limit=2048 --cpu-limit=%d %s
% Computer   : n187.star.cs.uiowa.edu
% Model      : x86_64 x86_64
% CPU        : Intel(R) Xeon(R) CPU E5-2609 0 @ 2.40GHz
% Memory     : 32286.75MB
% OS         : Linux 2.6.32-431.20.3.el6.x86_64
% CPULimit   : 300
% DateTime   : Sun Jul 20 05:51:56 CDT 2014
% CPUTime    : 
# No SInE strategy applied
# Trying AutoSched0 for 151 seconds
# AutoSched0-Mode selected heuristic H_____047_C45_F1_AE_R8_CS_SP_S2S
# and selection function SelectNewComplexAHP.
#
# No success with AutoSched0
# Trying AutoSched1 for 73 seconds
# AutoSched1-Mode selected heuristic G_E___207_C18_F1_AE_CS_SP_PI_PS_S0S
# and selection function SelectComplexG.
#
# Presaturation interreduction done

# Proof found!
# SZS status Theorem
# SZS output start CNFRefutation.
fof(c_0_0, axiom, (![X4]:![X7]:(iext(uri_owl_onProperty,X4,X7)=>(icext(uri_owl_Restriction,X4)&ip(X7)))), file('/export/starexec/sandbox/benchmark/Axioms/SWB001+0.ax', owl_prop_onproperty_ext)).
fof(c_0_1, axiom, (![X4]:(icext(uri_owl_Restriction,X4)=>ic(X4))), file('/export/starexec/sandbox/benchmark/Axioms/SWB001+0.ax', owl_class_restriction_ext)).
fof(c_0_2, axiom, ((((iext(uri_owl_someValuesFrom,uri_ex_z2,uri_owl_Thing)&iext(uri_owl_onProperty,uri_ex_z2,uri_ex_p))&iext(uri_owl_hasSelf,uri_ex_z1,literal_typed(dat_str_true,uri_xsd_boolean)))&iext(uri_owl_onProperty,uri_ex_z1,uri_ex_p))), file('/export/starexec/sandbox/benchmark/theBenchmark.p', premise_rdfbased_sem_restrict_term_selfsome)).
fof(c_0_3, axiom, (![X4]:![X7]:(iext(uri_owl_hasSelf,X4,X7)=>(icext(uri_owl_Restriction,X4)&ir(X7)))), file('/export/starexec/sandbox/benchmark/Axioms/SWB001+0.ax', owl_prop_hasself_ext)).
fof(c_0_4, axiom, (![X11]:![X2]:![X31]:((iext(uri_owl_hasSelf,X11,X31)&iext(uri_owl_onProperty,X11,X2))=>![X4]:(icext(X11,X4)<=>iext(X2,X4,X4)))), file('/export/starexec/sandbox/benchmark/Axioms/SWB001+0.ax', owl_restrict_hasself)).
fof(c_0_5, axiom, (![X13]:![X15]:(iext(uri_rdfs_subClassOf,X13,X15)<=>((ic(X13)&ic(X15))&![X4]:(icext(X13,X4)=>icext(X15,X4))))), file('/export/starexec/sandbox/benchmark/Axioms/SWB001+0.ax', owl_rdfsext_subclassof)).
fof(c_0_6, axiom, (![X11]:![X2]:![X5]:((iext(uri_owl_someValuesFrom,X11,X5)&iext(uri_owl_onProperty,X11,X2))=>![X4]:(icext(X11,X4)<=>?[X7]:(iext(X2,X4,X7)&icext(X5,X7))))), file('/export/starexec/sandbox/benchmark/Axioms/SWB001+0.ax', owl_restrict_somevaluesfrom)).
fof(c_0_7, axiom, (![X4]:(icext(uri_owl_Thing,X4)<=>ir(X4))), file('/export/starexec/sandbox/benchmark/Axioms/SWB001+0.ax', owl_class_thing_ext)).
fof(c_0_8, axiom, (![X4]:ir(X4)), file('/export/starexec/sandbox/benchmark/Axioms/SWB001+0.ax', simple_ir)).
fof(c_0_9, conjecture, (iext(uri_rdfs_subClassOf,uri_ex_z1,uri_ex_z2)), file('/export/starexec/sandbox/benchmark/theBenchmark.p', conclusion_rdfbased_sem_restrict_term_selfsome)).
fof(c_0_10, plain, (![X8]:![X9]:((icext(uri_owl_Restriction,X8)|~iext(uri_owl_onProperty,X8,X9))&(ip(X9)|~iext(uri_owl_onProperty,X8,X9)))), inference(distribute,[status(thm)],[inference(variable_rename,[status(thm)],[inference(fof_nnf,[status(thm)],[c_0_0])])])).
fof(c_0_11, plain, (![X5]:(~icext(uri_owl_Restriction,X5)|ic(X5))), inference(variable_rename,[status(thm)],[inference(fof_nnf,[status(thm)],[c_0_1])])).
cnf(c_0_12,plain,(icext(uri_owl_Restriction,X1)|~iext(uri_owl_onProperty,X1,X2)), inference(split_conjunct,[status(thm)],[c_0_10])).
cnf(c_0_13,plain,(iext(uri_owl_onProperty,uri_ex_z2,uri_ex_p)), inference(split_conjunct,[status(thm)],[c_0_2])).
fof(c_0_14, plain, (![X8]:![X9]:((icext(uri_owl_Restriction,X8)|~iext(uri_owl_hasSelf,X8,X9))&(ir(X9)|~iext(uri_owl_hasSelf,X8,X9)))), inference(distribute,[status(thm)],[inference(variable_rename,[status(thm)],[inference(fof_nnf,[status(thm)],[c_0_3])])])).
fof(c_0_15, plain, (![X32]:![X33]:![X34]:![X35]:![X36]:(((~icext(X32,X35)|iext(X33,X35,X35))|(~iext(uri_owl_hasSelf,X32,X34)|~iext(uri_owl_onProperty,X32,X33)))&((~iext(X33,X36,X36)|icext(X32,X36))|(~iext(uri_owl_hasSelf,X32,X34)|~iext(uri_owl_onProperty,X32,X33))))), inference(distribute,[status(thm)],[inference(shift_quantors,[status(thm)],[inference(variable_rename,[status(thm)],[inference(shift_quantors,[status(thm)],[inference(fof_nnf,[status(thm)],[c_0_4])])])])])).
fof(c_0_16, plain, (![X16]:![X17]:![X18]:![X19]:![X20]:((((ic(X16)|~iext(uri_rdfs_subClassOf,X16,X17))&(ic(X17)|~iext(uri_rdfs_subClassOf,X16,X17)))&((~icext(X16,X18)|icext(X17,X18))|~iext(uri_rdfs_subClassOf,X16,X17)))&(((icext(X19,esk109_2(X19,X20))|(~ic(X19)|~ic(X20)))|iext(uri_rdfs_subClassOf,X19,X20))&((~icext(X20,esk109_2(X19,X20))|(~ic(X19)|~ic(X20)))|iext(uri_rdfs_subClassOf,X19,X20))))), inference(distribute,[status(thm)],[inference(shift_quantors,[status(thm)],[inference(skolemize,[status(esa)],[inference(variable_rename,[status(thm)],[inference(shift_quantors,[status(thm)],[inference(fof_nnf,[status(thm)],[c_0_5])])])])])])).
cnf(c_0_17,plain,(ic(X1)|~icext(uri_owl_Restriction,X1)), inference(split_conjunct,[status(thm)],[c_0_11])).
cnf(c_0_18,plain,(icext(uri_owl_Restriction,uri_ex_z2)), inference(spm,[status(thm)],[c_0_12, c_0_13])).
cnf(c_0_19,plain,(icext(uri_owl_Restriction,X1)|~iext(uri_owl_hasSelf,X1,X2)), inference(split_conjunct,[status(thm)],[c_0_14])).
cnf(c_0_20,plain,(iext(uri_owl_hasSelf,uri_ex_z1,literal_typed(dat_str_true,uri_xsd_boolean))), inference(split_conjunct,[status(thm)],[c_0_2])).
fof(c_0_21, plain, (![X12]:![X13]:![X14]:![X15]:![X17]:![X18]:((((iext(X13,X15,esk104_4(X12,X13,X14,X15))|~icext(X12,X15))|(~iext(uri_owl_someValuesFrom,X12,X14)|~iext(uri_owl_onProperty,X12,X13)))&((icext(X14,esk104_4(X12,X13,X14,X15))|~icext(X12,X15))|(~iext(uri_owl_someValuesFrom,X12,X14)|~iext(uri_owl_onProperty,X12,X13))))&(((~iext(X13,X17,X18)|~icext(X14,X18))|icext(X12,X17))|(~iext(uri_owl_someValuesFrom,X12,X14)|~iext(uri_owl_onProperty,X12,X13))))), inference(distribute,[status(thm)],[inference(shift_quantors,[status(thm)],[inference(skolemize,[status(esa)],[inference(variable_rename,[status(thm)],[inference(shift_quantors,[status(thm)],[inference(fof_nnf,[status(thm)],[c_0_6])])])])])])).
fof(c_0_22, plain, (![X5]:![X6]:((~icext(uri_owl_Thing,X5)|ir(X5))&(~ir(X6)|icext(uri_owl_Thing,X6)))), inference(shift_quantors,[status(thm)],[inference(variable_rename,[status(thm)],[inference(shift_quantors,[status(thm)],[inference(fof_nnf,[status(thm)],[c_0_7])])])])).
fof(c_0_23, plain, (![X5]:ir(X5)), inference(variable_rename,[status(thm)],[c_0_8])).
cnf(c_0_24,plain,(iext(X2,X4,X4)|~iext(uri_owl_onProperty,X1,X2)|~iext(uri_owl_hasSelf,X1,X3)|~icext(X1,X4)), inference(split_conjunct,[status(thm)],[c_0_15])).
cnf(c_0_25,plain,(iext(uri_rdfs_subClassOf,X1,X2)|icext(X1,esk109_2(X1,X2))|~ic(X2)|~ic(X1)), inference(split_conjunct,[status(thm)],[c_0_16])).
cnf(c_0_26,plain,(ic(uri_ex_z2)), inference(spm,[status(thm)],[c_0_17, c_0_18])).
cnf(c_0_27,plain,(icext(uri_owl_Restriction,uri_ex_z1)), inference(spm,[status(thm)],[c_0_19, c_0_20])).
fof(c_0_28, negated_conjecture, (~iext(uri_rdfs_subClassOf,uri_ex_z1,uri_ex_z2)), inference(fof_simplification,[status(thm)],[inference(assume_negation,[status(cth)],[c_0_9])])).
cnf(c_0_29,plain,(icext(X1,X4)|~iext(uri_owl_onProperty,X1,X2)|~iext(uri_owl_someValuesFrom,X1,X3)|~icext(X3,X5)|~iext(X2,X4,X5)), inference(split_conjunct,[status(thm)],[c_0_21])).
cnf(c_0_30,plain,(icext(uri_owl_Thing,X1)|~ir(X1)), inference(split_conjunct,[status(thm)],[c_0_22])).
cnf(c_0_31,plain,(ir(X1)), inference(split_conjunct,[status(thm)],[c_0_23])).
cnf(c_0_32,plain,(iext(X1,X2,X2)|~icext(uri_ex_z1,X2)|~iext(uri_owl_onProperty,uri_ex_z1,X1)), inference(spm,[status(thm)],[c_0_24, c_0_20])).
cnf(c_0_33,plain,(iext(uri_owl_onProperty,uri_ex_z1,uri_ex_p)), inference(split_conjunct,[status(thm)],[c_0_2])).
cnf(c_0_34,plain,(icext(X1,esk109_2(X1,uri_ex_z2))|iext(uri_rdfs_subClassOf,X1,uri_ex_z2)|~ic(X1)), inference(spm,[status(thm)],[c_0_25, c_0_26])).
cnf(c_0_35,plain,(ic(uri_ex_z1)), inference(spm,[status(thm)],[c_0_17, c_0_27])).
cnf(c_0_36,negated_conjecture,(~iext(uri_rdfs_subClassOf,uri_ex_z1,uri_ex_z2)), inference(split_conjunct,[status(thm)],[c_0_28])).
cnf(c_0_37,plain,(icext(uri_ex_z2,X1)|~icext(X2,X3)|~iext(uri_owl_someValuesFrom,uri_ex_z2,X2)|~iext(uri_ex_p,X1,X3)), inference(spm,[status(thm)],[c_0_29, c_0_13])).
cnf(c_0_38,plain,(iext(uri_owl_someValuesFrom,uri_ex_z2,uri_owl_Thing)), inference(split_conjunct,[status(thm)],[c_0_2])).
cnf(c_0_39,plain,(icext(uri_owl_Thing,X1)), inference(cn,[status(thm)],[inference(rw,[status(thm)],[c_0_30, c_0_31])])).
cnf(c_0_40,plain,(iext(uri_ex_p,X1,X1)|~icext(uri_ex_z1,X1)), inference(spm,[status(thm)],[c_0_32, c_0_33])).
cnf(c_0_41,plain,(icext(uri_ex_z1,esk109_2(uri_ex_z1,uri_ex_z2))), inference(sr,[status(thm)],[inference(spm,[status(thm)],[c_0_34, c_0_35]), c_0_36])).
cnf(c_0_42,plain,(icext(uri_ex_z2,X1)|~iext(uri_ex_p,X1,X2)), inference(cn,[status(thm)],[inference(rw,[status(thm)],[inference(spm,[status(thm)],[c_0_37, c_0_38]), c_0_39])])).
cnf(c_0_43,plain,(iext(uri_ex_p,esk109_2(uri_ex_z1,uri_ex_z2),esk109_2(uri_ex_z1,uri_ex_z2))), inference(spm,[status(thm)],[c_0_40, c_0_41])).
cnf(c_0_44,plain,(iext(uri_rdfs_subClassOf,X1,X2)|~ic(X2)|~ic(X1)|~icext(X2,esk109_2(X1,X2))), inference(split_conjunct,[status(thm)],[c_0_16])).
cnf(c_0_45,plain,(icext(uri_ex_z2,esk109_2(uri_ex_z1,uri_ex_z2))), inference(spm,[status(thm)],[c_0_42, c_0_43])).
cnf(c_0_46,plain,($false), inference(sr,[status(thm)],[inference(cn,[status(thm)],[inference(rw,[status(thm)],[inference(rw,[status(thm)],[inference(spm,[status(thm)],[c_0_44, c_0_45]), c_0_26]), c_0_35])]), c_0_36]), ['proof']).
# SZS output end CNFRefutation.
EOF
