% Problem    : LAT363+1 : TPTP v6.1.0. Released v3.4.0.
% Command    : eprover --auto-schedule --tstp-format -s --proof-object --memory-limit=2048 --cpu-limit=%d %s
% Computer   : n130.star.cs.uiowa.edu
% Model      : x86_64 x86_64
% CPU        : Intel(R) Xeon(R) CPU E5-2609 0 @ 2.40GHz
% Memory     : 32286.75MB
% OS         : Linux 2.6.32-431.20.3.el6.x86_64
% CPULimit   : 300
% DateTime   : Sun Jul 20 06:10:41 CDT 2014
% CPUTime    : 
# No SInE strategy applied
# Trying AutoSched0 for 151 seconds
# AutoSched0-Mode selected heuristic G_E___208_C18_F1_SE_CS_SP_PS_S4d
# and selection function SelectCQIPrecWNTNp.
#
# Presaturation interreduction done

# Proof found!
# SZS status Theorem
# SZS output start CNFRefutation.
fof(c_0_0, axiom, (![X1]:(l1_struct_0(X1)=>![X2]:((~(v3_struct_0(X2))&l1_pre_topc(X2))=>![X3]:(((v1_funct_1(X3)&v1_funct_2(X3,u1_struct_0(X1),u1_struct_0(X2)))&m2_relset_1(X3,u1_struct_0(X1),u1_struct_0(X2)))=>k8_waybel18(X1,X2,X3)=X3)))), file('/export/starexec/sandbox/benchmark/theBenchmark.p', d7_waybel18)).
fof(c_0_1, conjecture, (![X1]:(((~(v3_struct_0(X1))&v2_pre_topc(X1))&l1_pre_topc(X1))=>![X2]:(((~(v3_struct_0(X2))&v2_pre_topc(X2))&l1_pre_topc(X2))=>![X3]:(((v1_funct_1(X3)&v1_funct_2(X3,u1_struct_0(X1),u1_struct_0(X2)))&m2_relset_1(X3,u1_struct_0(X1),u1_struct_0(X2)))=>(v2_waybel34(X3,X1,X2)<=>v1_t_0topsp(k8_waybel18(X1,X2,X3),X1,k7_waybel18(X1,X2,X3))))))), file('/export/starexec/sandbox/benchmark/theBenchmark.p', t26_waybel34)).
fof(c_0_2, axiom, (![X1]:![X2]:![X3]:((((((l1_struct_0(X1)&~(v3_struct_0(X2)))&l1_pre_topc(X2))&v1_funct_1(X3))&v1_funct_2(X3,u1_struct_0(X1),u1_struct_0(X2)))&m1_relset_1(X3,u1_struct_0(X1),u1_struct_0(X2)))=>((v1_funct_1(k8_waybel18(X1,X2,X3))&v1_funct_2(k8_waybel18(X1,X2,X3),u1_struct_0(X1),u1_struct_0(k7_waybel18(X1,X2,X3))))&m2_relset_1(k8_waybel18(X1,X2,X3),u1_struct_0(X1),u1_struct_0(k7_waybel18(X1,X2,X3)))))), file('/export/starexec/sandbox/benchmark/theBenchmark.p', dt_k8_waybel18)).
fof(c_0_3, axiom, (![X1]:![X2]:![X3]:(m2_relset_1(X3,X1,X2)<=>m1_relset_1(X3,X1,X2))), file('/export/starexec/sandbox/benchmark/theBenchmark.p', redefinition_m2_relset_1)).
fof(c_0_4, axiom, (![X1]:(l1_pre_topc(X1)=>l1_struct_0(X1))), file('/export/starexec/sandbox/benchmark/theBenchmark.p', dt_l1_pre_topc)).
fof(c_0_5, axiom, (![X1]:![X2]:![X3]:![X4]:(((((l1_struct_0(X1)&l1_struct_0(X2))&v1_funct_1(X3))&v1_funct_2(X3,u1_struct_0(X1),u1_struct_0(X2)))&m1_relset_1(X3,u1_struct_0(X1),u1_struct_0(X2)))=>k4_pre_topc(X1,X2,X3,X4)=k9_relat_1(X3,X4))), file('/export/starexec/sandbox/benchmark/theBenchmark.p', redefinition_k4_pre_topc)).
fof(c_0_6, axiom, (![X1]:![X2]:![X3]:(((((l1_struct_0(X1)&l1_pre_topc(X2))&v1_funct_1(X3))&v1_funct_2(X3,u1_struct_0(X1),u1_struct_0(X2)))&m1_relset_1(X3,u1_struct_0(X1),u1_struct_0(X2)))=>m1_pre_topc(k7_waybel18(X1,X2,X3),X2))), file('/export/starexec/sandbox/benchmark/theBenchmark.p', dt_k7_waybel18)).
fof(c_0_7, axiom, (![X1]:(l1_pre_topc(X1)=>![X2]:(m1_pre_topc(X2,X1)=>l1_pre_topc(X2)))), file('/export/starexec/sandbox/benchmark/theBenchmark.p', dt_m1_pre_topc)).
fof(c_0_8, axiom, (![X1]:![X2]:![X3]:![X4]:(((((l1_struct_0(X1)&l1_struct_0(X2))&v1_funct_1(X3))&v1_funct_2(X3,u1_struct_0(X1),u1_struct_0(X2)))&m1_relset_1(X3,u1_struct_0(X1),u1_struct_0(X2)))=>m1_subset_1(k4_pre_topc(X1,X2,X3,X4),k1_zfmisc_1(u1_struct_0(X2))))), file('/export/starexec/sandbox/benchmark/theBenchmark.p', dt_k4_pre_topc)).
fof(c_0_9, axiom, (![X1]:(l1_struct_0(X1)=>![X2]:(l1_pre_topc(X2)=>![X3]:(((v1_funct_1(X3)&v1_funct_2(X3,u1_struct_0(X1),u1_struct_0(X2)))&m2_relset_1(X3,u1_struct_0(X1),u1_struct_0(X2)))=>k7_waybel18(X1,X2,X3)=k3_pre_topc(X2,k1_yellow_2(X1,X2,X3)))))), file('/export/starexec/sandbox/benchmark/theBenchmark.p', d6_waybel18)).
fof(c_0_10, axiom, (![X1]:(l1_pre_topc(X1)=>![X2]:(l1_pre_topc(X2)=>![X3]:(((v1_funct_1(X3)&v1_funct_2(X3,u1_struct_0(X1),u1_struct_0(X2)))&m2_relset_1(X3,u1_struct_0(X1),u1_struct_0(X2)))=>(v1_t_0topsp(X3,X1,X2)<=>![X4]:(m1_subset_1(X4,k1_zfmisc_1(u1_struct_0(X1)))=>(v3_pre_topc(X4,X1)=>v3_pre_topc(k4_pre_topc(X1,X2,X3,X4),X2)))))))), file('/export/starexec/sandbox/benchmark/theBenchmark.p', d2_t_0topsp)).
fof(c_0_11, axiom, (![X1]:((v2_pre_topc(X1)&l1_pre_topc(X1))=>![X2]:((v2_pre_topc(X2)&l1_pre_topc(X2))=>![X3]:(((v1_funct_1(X3)&v1_funct_2(X3,u1_struct_0(X1),u1_struct_0(X2)))&m2_relset_1(X3,u1_struct_0(X1),u1_struct_0(X2)))=>(v2_waybel34(X3,X1,X2)<=>![X4]:((v3_pre_topc(X4,X1)&m1_subset_1(X4,k1_zfmisc_1(u1_struct_0(X1))))=>(v3_pre_topc(k4_pre_topc(X1,X2,X3,X4),k3_pre_topc(X2,k1_yellow_2(X1,X2,X3)))&m1_subset_1(k4_pre_topc(X1,X2,X3,X4),k1_zfmisc_1(u1_struct_0(k3_pre_topc(X2,k1_yellow_2(X1,X2,X3)))))))))))), file('/export/starexec/sandbox/benchmark/theBenchmark.p', d9_waybel34)).
fof(c_0_12, plain, (![X1]:(l1_struct_0(X1)=>![X2]:((~v3_struct_0(X2)&l1_pre_topc(X2))=>![X3]:(((v1_funct_1(X3)&v1_funct_2(X3,u1_struct_0(X1),u1_struct_0(X2)))&m2_relset_1(X3,u1_struct_0(X1),u1_struct_0(X2)))=>k8_waybel18(X1,X2,X3)=X3)))), inference(fof_simplification,[status(thm)],[c_0_0])).
fof(c_0_13, negated_conjecture, (~(![X1]:(((~v3_struct_0(X1)&v2_pre_topc(X1))&l1_pre_topc(X1))=>![X2]:(((~v3_struct_0(X2)&v2_pre_topc(X2))&l1_pre_topc(X2))=>![X3]:(((v1_funct_1(X3)&v1_funct_2(X3,u1_struct_0(X1),u1_struct_0(X2)))&m2_relset_1(X3,u1_struct_0(X1),u1_struct_0(X2)))=>(v2_waybel34(X3,X1,X2)<=>v1_t_0topsp(k8_waybel18(X1,X2,X3),X1,k7_waybel18(X1,X2,X3)))))))), inference(fof_simplification,[status(thm)],[inference(assume_negation,[status(cth)],[c_0_1])])).
fof(c_0_14, plain, (![X4]:![X5]:![X6]:(~l1_struct_0(X4)|((v3_struct_0(X5)|~l1_pre_topc(X5))|(((~v1_funct_1(X6)|~v1_funct_2(X6,u1_struct_0(X4),u1_struct_0(X5)))|~m2_relset_1(X6,u1_struct_0(X4),u1_struct_0(X5)))|k8_waybel18(X4,X5,X6)=X6)))), inference(shift_quantors,[status(thm)],[inference(variable_rename,[status(thm)],[inference(fof_nnf,[status(thm)],[c_0_12])])])).
fof(c_0_15, negated_conjecture, ((((~v3_struct_0(esk1_0)&v2_pre_topc(esk1_0))&l1_pre_topc(esk1_0))&(((~v3_struct_0(esk2_0)&v2_pre_topc(esk2_0))&l1_pre_topc(esk2_0))&(((v1_funct_1(esk3_0)&v1_funct_2(esk3_0,u1_struct_0(esk1_0),u1_struct_0(esk2_0)))&m2_relset_1(esk3_0,u1_struct_0(esk1_0),u1_struct_0(esk2_0)))&((~v2_waybel34(esk3_0,esk1_0,esk2_0)|~v1_t_0topsp(k8_waybel18(esk1_0,esk2_0,esk3_0),esk1_0,k7_waybel18(esk1_0,esk2_0,esk3_0)))&(v2_waybel34(esk3_0,esk1_0,esk2_0)|v1_t_0topsp(k8_waybel18(esk1_0,esk2_0,esk3_0),esk1_0,k7_waybel18(esk1_0,esk2_0,esk3_0)))))))), inference(skolemize,[status(esa)],[inference(variable_rename,[status(thm)],[inference(fof_nnf,[status(thm)],[c_0_13])])])).
fof(c_0_16, plain, (![X1]:![X2]:![X3]:((((((l1_struct_0(X1)&~v3_struct_0(X2))&l1_pre_topc(X2))&v1_funct_1(X3))&v1_funct_2(X3,u1_struct_0(X1),u1_struct_0(X2)))&m1_relset_1(X3,u1_struct_0(X1),u1_struct_0(X2)))=>((v1_funct_1(k8_waybel18(X1,X2,X3))&v1_funct_2(k8_waybel18(X1,X2,X3),u1_struct_0(X1),u1_struct_0(k7_waybel18(X1,X2,X3))))&m2_relset_1(k8_waybel18(X1,X2,X3),u1_struct_0(X1),u1_struct_0(k7_waybel18(X1,X2,X3)))))), inference(fof_simplification,[status(thm)],[c_0_2])).
fof(c_0_17, plain, (![X4]:![X5]:![X6]:![X7]:![X8]:![X9]:((~m2_relset_1(X6,X4,X5)|m1_relset_1(X6,X4,X5))&(~m1_relset_1(X9,X7,X8)|m2_relset_1(X9,X7,X8)))), inference(shift_quantors,[status(thm)],[inference(variable_rename,[status(thm)],[inference(shift_quantors,[status(thm)],[inference(fof_nnf,[status(thm)],[c_0_3])])])])).
cnf(c_0_18,plain,(k8_waybel18(X1,X2,X3)=X3|v3_struct_0(X2)|~m2_relset_1(X3,u1_struct_0(X1),u1_struct_0(X2))|~v1_funct_2(X3,u1_struct_0(X1),u1_struct_0(X2))|~v1_funct_1(X3)|~l1_pre_topc(X2)|~l1_struct_0(X1)), inference(split_conjunct,[status(thm)],[c_0_14])).
cnf(c_0_19,negated_conjecture,(m2_relset_1(esk3_0,u1_struct_0(esk1_0),u1_struct_0(esk2_0))), inference(split_conjunct,[status(thm)],[c_0_15])).
cnf(c_0_20,negated_conjecture,(v1_funct_2(esk3_0,u1_struct_0(esk1_0),u1_struct_0(esk2_0))), inference(split_conjunct,[status(thm)],[c_0_15])).
cnf(c_0_21,negated_conjecture,(v1_funct_1(esk3_0)), inference(split_conjunct,[status(thm)],[c_0_15])).
cnf(c_0_22,negated_conjecture,(l1_pre_topc(esk2_0)), inference(split_conjunct,[status(thm)],[c_0_15])).
cnf(c_0_23,negated_conjecture,(~v3_struct_0(esk2_0)), inference(split_conjunct,[status(thm)],[c_0_15])).
fof(c_0_24, plain, (![X2]:(~l1_pre_topc(X2)|l1_struct_0(X2))), inference(variable_rename,[status(thm)],[inference(fof_nnf,[status(thm)],[c_0_4])])).
fof(c_0_25, plain, (![X4]:![X5]:![X6]:(((v1_funct_1(k8_waybel18(X4,X5,X6))|(((((~l1_struct_0(X4)|v3_struct_0(X5))|~l1_pre_topc(X5))|~v1_funct_1(X6))|~v1_funct_2(X6,u1_struct_0(X4),u1_struct_0(X5)))|~m1_relset_1(X6,u1_struct_0(X4),u1_struct_0(X5))))&(v1_funct_2(k8_waybel18(X4,X5,X6),u1_struct_0(X4),u1_struct_0(k7_waybel18(X4,X5,X6)))|(((((~l1_struct_0(X4)|v3_struct_0(X5))|~l1_pre_topc(X5))|~v1_funct_1(X6))|~v1_funct_2(X6,u1_struct_0(X4),u1_struct_0(X5)))|~m1_relset_1(X6,u1_struct_0(X4),u1_struct_0(X5)))))&(m2_relset_1(k8_waybel18(X4,X5,X6),u1_struct_0(X4),u1_struct_0(k7_waybel18(X4,X5,X6)))|(((((~l1_struct_0(X4)|v3_struct_0(X5))|~l1_pre_topc(X5))|~v1_funct_1(X6))|~v1_funct_2(X6,u1_struct_0(X4),u1_struct_0(X5)))|~m1_relset_1(X6,u1_struct_0(X4),u1_struct_0(X5)))))), inference(distribute,[status(thm)],[inference(variable_rename,[status(thm)],[inference(fof_nnf,[status(thm)],[c_0_16])])])).
cnf(c_0_26,plain,(m1_relset_1(X1,X2,X3)|~m2_relset_1(X1,X2,X3)), inference(split_conjunct,[status(thm)],[c_0_17])).
cnf(c_0_27,negated_conjecture,(k8_waybel18(esk1_0,esk2_0,esk3_0)=esk3_0|~l1_struct_0(esk1_0)), inference(sr,[status(thm)],[inference(cn,[status(thm)],[inference(rw,[status(thm)],[inference(rw,[status(thm)],[inference(rw,[status(thm)],[inference(spm,[status(thm)],[c_0_18, c_0_19]), c_0_20]), c_0_21]), c_0_22])]), c_0_23])).
cnf(c_0_28,plain,(l1_struct_0(X1)|~l1_pre_topc(X1)), inference(split_conjunct,[status(thm)],[c_0_24])).
cnf(c_0_29,negated_conjecture,(l1_pre_topc(esk1_0)), inference(split_conjunct,[status(thm)],[c_0_15])).
fof(c_0_30, plain, (![X5]:![X6]:![X7]:![X8]:(((((~l1_struct_0(X5)|~l1_struct_0(X6))|~v1_funct_1(X7))|~v1_funct_2(X7,u1_struct_0(X5),u1_struct_0(X6)))|~m1_relset_1(X7,u1_struct_0(X5),u1_struct_0(X6)))|k4_pre_topc(X5,X6,X7,X8)=k9_relat_1(X7,X8))), inference(shift_quantors,[status(thm)],[inference(variable_rename,[status(thm)],[inference(shift_quantors,[status(thm)],[inference(fof_nnf,[status(thm)],[c_0_5])])])])).
cnf(c_0_31,plain,(v3_struct_0(X3)|m2_relset_1(k8_waybel18(X2,X3,X1),u1_struct_0(X2),u1_struct_0(k7_waybel18(X2,X3,X1)))|~m1_relset_1(X1,u1_struct_0(X2),u1_struct_0(X3))|~v1_funct_2(X1,u1_struct_0(X2),u1_struct_0(X3))|~v1_funct_1(X1)|~l1_pre_topc(X3)|~l1_struct_0(X2)), inference(split_conjunct,[status(thm)],[c_0_25])).
cnf(c_0_32,negated_conjecture,(m1_relset_1(esk3_0,u1_struct_0(esk1_0),u1_struct_0(esk2_0))), inference(spm,[status(thm)],[c_0_26, c_0_19])).
cnf(c_0_33,negated_conjecture,(k8_waybel18(esk1_0,esk2_0,esk3_0)=esk3_0), inference(cn,[status(thm)],[inference(rw,[status(thm)],[inference(spm,[status(thm)],[c_0_27, c_0_28]), c_0_29])])).
cnf(c_0_34,plain,(k4_pre_topc(X1,X2,X3,X4)=k9_relat_1(X3,X4)|~m1_relset_1(X3,u1_struct_0(X1),u1_struct_0(X2))|~v1_funct_2(X3,u1_struct_0(X1),u1_struct_0(X2))|~v1_funct_1(X3)|~l1_struct_0(X2)|~l1_struct_0(X1)), inference(split_conjunct,[status(thm)],[c_0_30])).
cnf(c_0_35,negated_conjecture,(m2_relset_1(esk3_0,u1_struct_0(esk1_0),u1_struct_0(k7_waybel18(esk1_0,esk2_0,esk3_0)))|~l1_struct_0(esk1_0)), inference(sr,[status(thm)],[inference(cn,[status(thm)],[inference(rw,[status(thm)],[inference(rw,[status(thm)],[inference(rw,[status(thm)],[inference(rw,[status(thm)],[inference(spm,[status(thm)],[c_0_31, c_0_32]), c_0_33]), c_0_20]), c_0_21]), c_0_22])]), c_0_23])).
cnf(c_0_36,plain,(v3_struct_0(X3)|v1_funct_2(k8_waybel18(X2,X3,X1),u1_struct_0(X2),u1_struct_0(k7_waybel18(X2,X3,X1)))|~m1_relset_1(X1,u1_struct_0(X2),u1_struct_0(X3))|~v1_funct_2(X1,u1_struct_0(X2),u1_struct_0(X3))|~v1_funct_1(X1)|~l1_pre_topc(X3)|~l1_struct_0(X2)), inference(split_conjunct,[status(thm)],[c_0_25])).
cnf(c_0_37,negated_conjecture,(k9_relat_1(esk3_0,X1)=k4_pre_topc(esk1_0,esk2_0,esk3_0,X1)|~l1_struct_0(esk2_0)|~l1_struct_0(esk1_0)), inference(cn,[status(thm)],[inference(rw,[status(thm)],[inference(rw,[status(thm)],[inference(spm,[status(thm)],[c_0_34, c_0_32]), c_0_20]), c_0_21])])).
fof(c_0_38, plain, (![X4]:![X5]:![X6]:(((((~l1_struct_0(X4)|~l1_pre_topc(X5))|~v1_funct_1(X6))|~v1_funct_2(X6,u1_struct_0(X4),u1_struct_0(X5)))|~m1_relset_1(X6,u1_struct_0(X4),u1_struct_0(X5)))|m1_pre_topc(k7_waybel18(X4,X5,X6),X5))), inference(variable_rename,[status(thm)],[inference(fof_nnf,[status(thm)],[c_0_6])])).
cnf(c_0_39,negated_conjecture,(m2_relset_1(esk3_0,u1_struct_0(esk1_0),u1_struct_0(k7_waybel18(esk1_0,esk2_0,esk3_0)))), inference(cn,[status(thm)],[inference(rw,[status(thm)],[inference(spm,[status(thm)],[c_0_35, c_0_28]), c_0_29])])).
cnf(c_0_40,negated_conjecture,(v1_funct_2(esk3_0,u1_struct_0(esk1_0),u1_struct_0(k7_waybel18(esk1_0,esk2_0,esk3_0)))|~l1_struct_0(esk1_0)), inference(sr,[status(thm)],[inference(cn,[status(thm)],[inference(rw,[status(thm)],[inference(rw,[status(thm)],[inference(rw,[status(thm)],[inference(rw,[status(thm)],[inference(spm,[status(thm)],[c_0_36, c_0_32]), c_0_33]), c_0_20]), c_0_21]), c_0_22])]), c_0_23])).
cnf(c_0_41,negated_conjecture,(k9_relat_1(esk3_0,X1)=k4_pre_topc(esk1_0,esk2_0,esk3_0,X1)|~l1_struct_0(esk1_0)), inference(cn,[status(thm)],[inference(rw,[status(thm)],[inference(spm,[status(thm)],[c_0_37, c_0_28]), c_0_22])])).
cnf(c_0_42,plain,(m1_pre_topc(k7_waybel18(X1,X2,X3),X2)|~m1_relset_1(X3,u1_struct_0(X1),u1_struct_0(X2))|~v1_funct_2(X3,u1_struct_0(X1),u1_struct_0(X2))|~v1_funct_1(X3)|~l1_pre_topc(X2)|~l1_struct_0(X1)), inference(split_conjunct,[status(thm)],[c_0_38])).
cnf(c_0_43,negated_conjecture,(m1_relset_1(esk3_0,u1_struct_0(esk1_0),u1_struct_0(k7_waybel18(esk1_0,esk2_0,esk3_0)))), inference(spm,[status(thm)],[c_0_26, c_0_39])).
cnf(c_0_44,negated_conjecture,(v1_funct_2(esk3_0,u1_struct_0(esk1_0),u1_struct_0(k7_waybel18(esk1_0,esk2_0,esk3_0)))), inference(cn,[status(thm)],[inference(rw,[status(thm)],[inference(spm,[status(thm)],[c_0_40, c_0_28]), c_0_29])])).
cnf(c_0_45,negated_conjecture,(k9_relat_1(esk3_0,X1)=k4_pre_topc(esk1_0,esk2_0,esk3_0,X1)), inference(cn,[status(thm)],[inference(rw,[status(thm)],[inference(spm,[status(thm)],[c_0_41, c_0_28]), c_0_29])])).
fof(c_0_46, plain, (![X3]:![X4]:(~l1_pre_topc(X3)|(~m1_pre_topc(X4,X3)|l1_pre_topc(X4)))), inference(shift_quantors,[status(thm)],[inference(variable_rename,[status(thm)],[inference(fof_nnf,[status(thm)],[c_0_7])])])).
cnf(c_0_47,negated_conjecture,(m1_pre_topc(k7_waybel18(esk1_0,esk2_0,esk3_0),esk2_0)|~l1_struct_0(esk1_0)), inference(cn,[status(thm)],[inference(rw,[status(thm)],[inference(rw,[status(thm)],[inference(rw,[status(thm)],[inference(spm,[status(thm)],[c_0_42, c_0_32]), c_0_20]), c_0_21]), c_0_22])])).
cnf(c_0_48,negated_conjecture,(k4_pre_topc(esk1_0,k7_waybel18(esk1_0,esk2_0,esk3_0),esk3_0,X1)=k4_pre_topc(esk1_0,esk2_0,esk3_0,X1)|~l1_struct_0(k7_waybel18(esk1_0,esk2_0,esk3_0))|~l1_struct_0(esk1_0)), inference(rw,[status(thm)],[inference(cn,[status(thm)],[inference(rw,[status(thm)],[inference(rw,[status(thm)],[inference(spm,[status(thm)],[c_0_34, c_0_43]), c_0_44]), c_0_21])]), c_0_45])).
cnf(c_0_49,plain,(l1_pre_topc(X1)|~m1_pre_topc(X1,X2)|~l1_pre_topc(X2)), inference(split_conjunct,[status(thm)],[c_0_46])).
cnf(c_0_50,negated_conjecture,(m1_pre_topc(k7_waybel18(esk1_0,esk2_0,esk3_0),esk2_0)), inference(cn,[status(thm)],[inference(rw,[status(thm)],[inference(spm,[status(thm)],[c_0_47, c_0_28]), c_0_29])])).
fof(c_0_51, plain, (![X5]:![X6]:![X7]:![X8]:(((((~l1_struct_0(X5)|~l1_struct_0(X6))|~v1_funct_1(X7))|~v1_funct_2(X7,u1_struct_0(X5),u1_struct_0(X6)))|~m1_relset_1(X7,u1_struct_0(X5),u1_struct_0(X6)))|m1_subset_1(k4_pre_topc(X5,X6,X7,X8),k1_zfmisc_1(u1_struct_0(X6))))), inference(shift_quantors,[status(thm)],[inference(variable_rename,[status(thm)],[inference(shift_quantors,[status(thm)],[inference(fof_nnf,[status(thm)],[c_0_8])])])])).
cnf(c_0_52,negated_conjecture,(k4_pre_topc(esk1_0,k7_waybel18(esk1_0,esk2_0,esk3_0),esk3_0,X1)=k4_pre_topc(esk1_0,esk2_0,esk3_0,X1)|~l1_struct_0(k7_waybel18(esk1_0,esk2_0,esk3_0))), inference(cn,[status(thm)],[inference(rw,[status(thm)],[inference(spm,[status(thm)],[c_0_48, c_0_28]), c_0_29])])).
cnf(c_0_53,negated_conjecture,(l1_pre_topc(k7_waybel18(esk1_0,esk2_0,esk3_0))), inference(cn,[status(thm)],[inference(rw,[status(thm)],[inference(spm,[status(thm)],[c_0_49, c_0_50]), c_0_22])])).
fof(c_0_54, plain, (![X4]:![X5]:![X6]:(~l1_struct_0(X4)|(~l1_pre_topc(X5)|(((~v1_funct_1(X6)|~v1_funct_2(X6,u1_struct_0(X4),u1_struct_0(X5)))|~m2_relset_1(X6,u1_struct_0(X4),u1_struct_0(X5)))|k7_waybel18(X4,X5,X6)=k3_pre_topc(X5,k1_yellow_2(X4,X5,X6)))))), inference(shift_quantors,[status(thm)],[inference(variable_rename,[status(thm)],[inference(fof_nnf,[status(thm)],[c_0_9])])])).
cnf(c_0_55,plain,(m1_subset_1(k4_pre_topc(X1,X2,X3,X4),k1_zfmisc_1(u1_struct_0(X2)))|~m1_relset_1(X3,u1_struct_0(X1),u1_struct_0(X2))|~v1_funct_2(X3,u1_struct_0(X1),u1_struct_0(X2))|~v1_funct_1(X3)|~l1_struct_0(X2)|~l1_struct_0(X1)), inference(split_conjunct,[status(thm)],[c_0_51])).
cnf(c_0_56,negated_conjecture,(k4_pre_topc(esk1_0,k7_waybel18(esk1_0,esk2_0,esk3_0),esk3_0,X1)=k4_pre_topc(esk1_0,esk2_0,esk3_0,X1)), inference(cn,[status(thm)],[inference(rw,[status(thm)],[inference(spm,[status(thm)],[c_0_52, c_0_28]), c_0_53])])).
cnf(c_0_57,plain,(k7_waybel18(X1,X2,X3)=k3_pre_topc(X2,k1_yellow_2(X1,X2,X3))|~m2_relset_1(X3,u1_struct_0(X1),u1_struct_0(X2))|~v1_funct_2(X3,u1_struct_0(X1),u1_struct_0(X2))|~v1_funct_1(X3)|~l1_pre_topc(X2)|~l1_struct_0(X1)), inference(split_conjunct,[status(thm)],[c_0_54])).
cnf(c_0_58,negated_conjecture,(m1_subset_1(k4_pre_topc(esk1_0,esk2_0,esk3_0,X1),k1_zfmisc_1(u1_struct_0(k7_waybel18(esk1_0,esk2_0,esk3_0))))|~l1_struct_0(k7_waybel18(esk1_0,esk2_0,esk3_0))|~l1_struct_0(esk1_0)), inference(rw,[status(thm)],[inference(cn,[status(thm)],[inference(rw,[status(thm)],[inference(rw,[status(thm)],[inference(spm,[status(thm)],[c_0_55, c_0_43]), c_0_44]), c_0_21])]), c_0_56])).
fof(c_0_59, plain, (![X5]:![X6]:![X7]:![X8]:(((((~v1_t_0topsp(X7,X5,X6)|(~m1_subset_1(X8,k1_zfmisc_1(u1_struct_0(X5)))|(~v3_pre_topc(X8,X5)|v3_pre_topc(k4_pre_topc(X5,X6,X7,X8),X6))))|((~v1_funct_1(X7)|~v1_funct_2(X7,u1_struct_0(X5),u1_struct_0(X6)))|~m2_relset_1(X7,u1_struct_0(X5),u1_struct_0(X6))))|~l1_pre_topc(X6))|~l1_pre_topc(X5))&(((((m1_subset_1(esk4_3(X5,X6,X7),k1_zfmisc_1(u1_struct_0(X5)))|v1_t_0topsp(X7,X5,X6))|((~v1_funct_1(X7)|~v1_funct_2(X7,u1_struct_0(X5),u1_struct_0(X6)))|~m2_relset_1(X7,u1_struct_0(X5),u1_struct_0(X6))))|~l1_pre_topc(X6))|~l1_pre_topc(X5))&(((((v3_pre_topc(esk4_3(X5,X6,X7),X5)|v1_t_0topsp(X7,X5,X6))|((~v1_funct_1(X7)|~v1_funct_2(X7,u1_struct_0(X5),u1_struct_0(X6)))|~m2_relset_1(X7,u1_struct_0(X5),u1_struct_0(X6))))|~l1_pre_topc(X6))|~l1_pre_topc(X5))&((((~v3_pre_topc(k4_pre_topc(X5,X6,X7,esk4_3(X5,X6,X7)),X6)|v1_t_0topsp(X7,X5,X6))|((~v1_funct_1(X7)|~v1_funct_2(X7,u1_struct_0(X5),u1_struct_0(X6)))|~m2_relset_1(X7,u1_struct_0(X5),u1_struct_0(X6))))|~l1_pre_topc(X6))|~l1_pre_topc(X5)))))), inference(distribute,[status(thm)],[inference(shift_quantors,[status(thm)],[inference(skolemize,[status(esa)],[inference(variable_rename,[status(thm)],[inference(fof_nnf,[status(thm)],[c_0_10])])])])])).
cnf(c_0_60,negated_conjecture,(v1_t_0topsp(k8_waybel18(esk1_0,esk2_0,esk3_0),esk1_0,k7_waybel18(esk1_0,esk2_0,esk3_0))|v2_waybel34(esk3_0,esk1_0,esk2_0)), inference(split_conjunct,[status(thm)],[c_0_15])).
fof(c_0_61, plain, (![X5]:![X6]:![X7]:![X8]:(((((((v3_pre_topc(k4_pre_topc(X5,X6,X7,X8),k3_pre_topc(X6,k1_yellow_2(X5,X6,X7)))|(~v3_pre_topc(X8,X5)|~m1_subset_1(X8,k1_zfmisc_1(u1_struct_0(X5)))))|~v2_waybel34(X7,X5,X6))|((~v1_funct_1(X7)|~v1_funct_2(X7,u1_struct_0(X5),u1_struct_0(X6)))|~m2_relset_1(X7,u1_struct_0(X5),u1_struct_0(X6))))|(~v2_pre_topc(X6)|~l1_pre_topc(X6)))|(~v2_pre_topc(X5)|~l1_pre_topc(X5)))&(((((m1_subset_1(k4_pre_topc(X5,X6,X7,X8),k1_zfmisc_1(u1_struct_0(k3_pre_topc(X6,k1_yellow_2(X5,X6,X7)))))|(~v3_pre_topc(X8,X5)|~m1_subset_1(X8,k1_zfmisc_1(u1_struct_0(X5)))))|~v2_waybel34(X7,X5,X6))|((~v1_funct_1(X7)|~v1_funct_2(X7,u1_struct_0(X5),u1_struct_0(X6)))|~m2_relset_1(X7,u1_struct_0(X5),u1_struct_0(X6))))|(~v2_pre_topc(X6)|~l1_pre_topc(X6)))|(~v2_pre_topc(X5)|~l1_pre_topc(X5))))&((((((v3_pre_topc(esk5_3(X5,X6,X7),X5)|v2_waybel34(X7,X5,X6))|((~v1_funct_1(X7)|~v1_funct_2(X7,u1_struct_0(X5),u1_struct_0(X6)))|~m2_relset_1(X7,u1_struct_0(X5),u1_struct_0(X6))))|(~v2_pre_topc(X6)|~l1_pre_topc(X6)))|(~v2_pre_topc(X5)|~l1_pre_topc(X5)))&((((m1_subset_1(esk5_3(X5,X6,X7),k1_zfmisc_1(u1_struct_0(X5)))|v2_waybel34(X7,X5,X6))|((~v1_funct_1(X7)|~v1_funct_2(X7,u1_struct_0(X5),u1_struct_0(X6)))|~m2_relset_1(X7,u1_struct_0(X5),u1_struct_0(X6))))|(~v2_pre_topc(X6)|~l1_pre_topc(X6)))|(~v2_pre_topc(X5)|~l1_pre_topc(X5))))&(((((~v3_pre_topc(k4_pre_topc(X5,X6,X7,esk5_3(X5,X6,X7)),k3_pre_topc(X6,k1_yellow_2(X5,X6,X7)))|~m1_subset_1(k4_pre_topc(X5,X6,X7,esk5_3(X5,X6,X7)),k1_zfmisc_1(u1_struct_0(k3_pre_topc(X6,k1_yellow_2(X5,X6,X7))))))|v2_waybel34(X7,X5,X6))|((~v1_funct_1(X7)|~v1_funct_2(X7,u1_struct_0(X5),u1_struct_0(X6)))|~m2_relset_1(X7,u1_struct_0(X5),u1_struct_0(X6))))|(~v2_pre_topc(X6)|~l1_pre_topc(X6)))|(~v2_pre_topc(X5)|~l1_pre_topc(X5)))))), inference(distribute,[status(thm)],[inference(shift_quantors,[status(thm)],[inference(skolemize,[status(esa)],[inference(variable_rename,[status(thm)],[inference(fof_nnf,[status(thm)],[c_0_11])])])])])).
cnf(c_0_62,negated_conjecture,(k3_pre_topc(esk2_0,k1_yellow_2(esk1_0,esk2_0,esk3_0))=k7_waybel18(esk1_0,esk2_0,esk3_0)|~l1_struct_0(esk1_0)), inference(cn,[status(thm)],[inference(rw,[status(thm)],[inference(rw,[status(thm)],[inference(rw,[status(thm)],[inference(spm,[status(thm)],[c_0_57, c_0_19]), c_0_20]), c_0_21]), c_0_22])])).
cnf(c_0_63,negated_conjecture,(m1_subset_1(k4_pre_topc(esk1_0,esk2_0,esk3_0,X1),k1_zfmisc_1(u1_struct_0(k7_waybel18(esk1_0,esk2_0,esk3_0))))|~l1_struct_0(k7_waybel18(esk1_0,esk2_0,esk3_0))), inference(cn,[status(thm)],[inference(rw,[status(thm)],[inference(spm,[status(thm)],[c_0_58, c_0_28]), c_0_29])])).
cnf(c_0_64,plain,(v3_pre_topc(k4_pre_topc(X1,X2,X3,X4),X2)|~l1_pre_topc(X1)|~l1_pre_topc(X2)|~m2_relset_1(X3,u1_struct_0(X1),u1_struct_0(X2))|~v1_funct_2(X3,u1_struct_0(X1),u1_struct_0(X2))|~v1_funct_1(X3)|~v3_pre_topc(X4,X1)|~m1_subset_1(X4,k1_zfmisc_1(u1_struct_0(X1)))|~v1_t_0topsp(X3,X1,X2)), inference(split_conjunct,[status(thm)],[c_0_59])).
cnf(c_0_65,negated_conjecture,(v1_t_0topsp(esk3_0,esk1_0,k7_waybel18(esk1_0,esk2_0,esk3_0))|v2_waybel34(esk3_0,esk1_0,esk2_0)), inference(rw,[status(thm)],[c_0_60, c_0_33])).
cnf(c_0_66,plain,(v2_waybel34(X3,X1,X2)|v3_pre_topc(esk5_3(X1,X2,X3),X1)|~l1_pre_topc(X1)|~v2_pre_topc(X1)|~l1_pre_topc(X2)|~v2_pre_topc(X2)|~m2_relset_1(X3,u1_struct_0(X1),u1_struct_0(X2))|~v1_funct_2(X3,u1_struct_0(X1),u1_struct_0(X2))|~v1_funct_1(X3)), inference(split_conjunct,[status(thm)],[c_0_61])).
cnf(c_0_67,negated_conjecture,(v2_pre_topc(esk2_0)), inference(split_conjunct,[status(thm)],[c_0_15])).
cnf(c_0_68,negated_conjecture,(v2_pre_topc(esk1_0)), inference(split_conjunct,[status(thm)],[c_0_15])).
cnf(c_0_69,plain,(v2_waybel34(X3,X1,X2)|m1_subset_1(esk5_3(X1,X2,X3),k1_zfmisc_1(u1_struct_0(X1)))|~l1_pre_topc(X1)|~v2_pre_topc(X1)|~l1_pre_topc(X2)|~v2_pre_topc(X2)|~m2_relset_1(X3,u1_struct_0(X1),u1_struct_0(X2))|~v1_funct_2(X3,u1_struct_0(X1),u1_struct_0(X2))|~v1_funct_1(X3)), inference(split_conjunct,[status(thm)],[c_0_61])).
cnf(c_0_70,plain,(v2_waybel34(X3,X1,X2)|~l1_pre_topc(X1)|~v2_pre_topc(X1)|~l1_pre_topc(X2)|~v2_pre_topc(X2)|~m2_relset_1(X3,u1_struct_0(X1),u1_struct_0(X2))|~v1_funct_2(X3,u1_struct_0(X1),u1_struct_0(X2))|~v1_funct_1(X3)|~m1_subset_1(k4_pre_topc(X1,X2,X3,esk5_3(X1,X2,X3)),k1_zfmisc_1(u1_struct_0(k3_pre_topc(X2,k1_yellow_2(X1,X2,X3)))))|~v3_pre_topc(k4_pre_topc(X1,X2,X3,esk5_3(X1,X2,X3)),k3_pre_topc(X2,k1_yellow_2(X1,X2,X3)))), inference(split_conjunct,[status(thm)],[c_0_61])).
cnf(c_0_71,negated_conjecture,(k3_pre_topc(esk2_0,k1_yellow_2(esk1_0,esk2_0,esk3_0))=k7_waybel18(esk1_0,esk2_0,esk3_0)), inference(cn,[status(thm)],[inference(rw,[status(thm)],[inference(spm,[status(thm)],[c_0_62, c_0_28]), c_0_29])])).
cnf(c_0_72,negated_conjecture,(m1_subset_1(k4_pre_topc(esk1_0,esk2_0,esk3_0,X1),k1_zfmisc_1(u1_struct_0(k7_waybel18(esk1_0,esk2_0,esk3_0))))), inference(cn,[status(thm)],[inference(rw,[status(thm)],[inference(spm,[status(thm)],[c_0_63, c_0_28]), c_0_53])])).
cnf(c_0_73,negated_conjecture,(~v1_t_0topsp(k8_waybel18(esk1_0,esk2_0,esk3_0),esk1_0,k7_waybel18(esk1_0,esk2_0,esk3_0))|~v2_waybel34(esk3_0,esk1_0,esk2_0)), inference(split_conjunct,[status(thm)],[c_0_15])).
cnf(c_0_74,negated_conjecture,(v3_pre_topc(k4_pre_topc(esk1_0,esk2_0,esk3_0,X1),k7_waybel18(esk1_0,esk2_0,esk3_0))|v2_waybel34(esk3_0,esk1_0,esk2_0)|~v3_pre_topc(X1,esk1_0)|~m1_subset_1(X1,k1_zfmisc_1(u1_struct_0(esk1_0)))), inference(rw,[status(thm)],[inference(cn,[status(thm)],[inference(rw,[status(thm)],[inference(rw,[status(thm)],[inference(rw,[status(thm)],[inference(rw,[status(thm)],[inference(rw,[status(thm)],[inference(spm,[status(thm)],[c_0_64, c_0_65]), c_0_39]), c_0_44]), c_0_21]), c_0_53]), c_0_29])]), c_0_56])).
cnf(c_0_75,negated_conjecture,(v3_pre_topc(esk5_3(esk1_0,esk2_0,esk3_0),esk1_0)|v2_waybel34(esk3_0,esk1_0,esk2_0)), inference(cn,[status(thm)],[inference(rw,[status(thm)],[inference(rw,[status(thm)],[inference(rw,[status(thm)],[inference(rw,[status(thm)],[inference(rw,[status(thm)],[inference(rw,[status(thm)],[inference(spm,[status(thm)],[c_0_66, c_0_19]), c_0_20]), c_0_21]), c_0_22]), c_0_29]), c_0_67]), c_0_68])])).
cnf(c_0_76,negated_conjecture,(m1_subset_1(esk5_3(esk1_0,esk2_0,esk3_0),k1_zfmisc_1(u1_struct_0(esk1_0)))|v2_waybel34(esk3_0,esk1_0,esk2_0)), inference(cn,[status(thm)],[inference(rw,[status(thm)],[inference(rw,[status(thm)],[inference(rw,[status(thm)],[inference(rw,[status(thm)],[inference(rw,[status(thm)],[inference(rw,[status(thm)],[inference(spm,[status(thm)],[c_0_69, c_0_19]), c_0_20]), c_0_21]), c_0_22]), c_0_29]), c_0_67]), c_0_68])])).
cnf(c_0_77,negated_conjecture,(v2_waybel34(esk3_0,esk1_0,esk2_0)|~v3_pre_topc(k4_pre_topc(esk1_0,esk2_0,esk3_0,esk5_3(esk1_0,esk2_0,esk3_0)),k7_waybel18(esk1_0,esk2_0,esk3_0))), inference(cn,[status(thm)],[inference(rw,[status(thm)],[inference(cn,[status(thm)],[inference(rw,[status(thm)],[inference(rw,[status(thm)],[inference(rw,[status(thm)],[inference(rw,[status(thm)],[inference(rw,[status(thm)],[inference(rw,[status(thm)],[inference(rw,[status(thm)],[inference(rw,[status(thm)],[inference(spm,[status(thm)],[c_0_70, c_0_19]), c_0_71]), c_0_71]), c_0_20]), c_0_21]), c_0_22]), c_0_29]), c_0_67]), c_0_68])]), c_0_72])])).
cnf(c_0_78,plain,(v1_t_0topsp(X3,X1,X2)|v3_pre_topc(esk4_3(X1,X2,X3),X1)|~l1_pre_topc(X1)|~l1_pre_topc(X2)|~m2_relset_1(X3,u1_struct_0(X1),u1_struct_0(X2))|~v1_funct_2(X3,u1_struct_0(X1),u1_struct_0(X2))|~v1_funct_1(X3)), inference(split_conjunct,[status(thm)],[c_0_59])).
cnf(c_0_79,negated_conjecture,(~v1_t_0topsp(esk3_0,esk1_0,k7_waybel18(esk1_0,esk2_0,esk3_0))|~v2_waybel34(esk3_0,esk1_0,esk2_0)), inference(rw,[status(thm)],[c_0_73, c_0_33])).
cnf(c_0_80,negated_conjecture,(v2_waybel34(esk3_0,esk1_0,esk2_0)), inference(csr,[status(thm)],[inference(csr,[status(thm)],[inference(spm,[status(thm)],[c_0_74, c_0_75]), c_0_76]), c_0_77])).
cnf(c_0_81,plain,(v1_t_0topsp(X3,X1,X2)|m1_subset_1(esk4_3(X1,X2,X3),k1_zfmisc_1(u1_struct_0(X1)))|~l1_pre_topc(X1)|~l1_pre_topc(X2)|~m2_relset_1(X3,u1_struct_0(X1),u1_struct_0(X2))|~v1_funct_2(X3,u1_struct_0(X1),u1_struct_0(X2))|~v1_funct_1(X3)), inference(split_conjunct,[status(thm)],[c_0_59])).
cnf(c_0_82,plain,(v1_t_0topsp(X3,X1,X2)|~l1_pre_topc(X1)|~l1_pre_topc(X2)|~m2_relset_1(X3,u1_struct_0(X1),u1_struct_0(X2))|~v1_funct_2(X3,u1_struct_0(X1),u1_struct_0(X2))|~v1_funct_1(X3)|~v3_pre_topc(k4_pre_topc(X1,X2,X3,esk4_3(X1,X2,X3)),X2)), inference(split_conjunct,[status(thm)],[c_0_59])).
cnf(c_0_83,plain,(v3_pre_topc(k4_pre_topc(X1,X2,X3,X4),k3_pre_topc(X2,k1_yellow_2(X1,X2,X3)))|~l1_pre_topc(X1)|~v2_pre_topc(X1)|~l1_pre_topc(X2)|~v2_pre_topc(X2)|~m2_relset_1(X3,u1_struct_0(X1),u1_struct_0(X2))|~v1_funct_2(X3,u1_struct_0(X1),u1_struct_0(X2))|~v1_funct_1(X3)|~v2_waybel34(X3,X1,X2)|~m1_subset_1(X4,k1_zfmisc_1(u1_struct_0(X1)))|~v3_pre_topc(X4,X1)), inference(split_conjunct,[status(thm)],[c_0_61])).
cnf(c_0_84,negated_conjecture,(v3_pre_topc(esk4_3(esk1_0,k7_waybel18(esk1_0,esk2_0,esk3_0),esk3_0),esk1_0)|v1_t_0topsp(esk3_0,esk1_0,k7_waybel18(esk1_0,esk2_0,esk3_0))), inference(cn,[status(thm)],[inference(rw,[status(thm)],[inference(rw,[status(thm)],[inference(rw,[status(thm)],[inference(rw,[status(thm)],[inference(spm,[status(thm)],[c_0_78, c_0_39]), c_0_44]), c_0_21]), c_0_53]), c_0_29])])).
cnf(c_0_85,negated_conjecture,(~v1_t_0topsp(esk3_0,esk1_0,k7_waybel18(esk1_0,esk2_0,esk3_0))), inference(cn,[status(thm)],[inference(rw,[status(thm)],[c_0_79, c_0_80])])).
cnf(c_0_86,negated_conjecture,(m1_subset_1(esk4_3(esk1_0,k7_waybel18(esk1_0,esk2_0,esk3_0),esk3_0),k1_zfmisc_1(u1_struct_0(esk1_0)))|v1_t_0topsp(esk3_0,esk1_0,k7_waybel18(esk1_0,esk2_0,esk3_0))), inference(cn,[status(thm)],[inference(rw,[status(thm)],[inference(rw,[status(thm)],[inference(rw,[status(thm)],[inference(rw,[status(thm)],[inference(spm,[status(thm)],[c_0_81, c_0_39]), c_0_44]), c_0_21]), c_0_53]), c_0_29])])).
cnf(c_0_87,negated_conjecture,(v1_t_0topsp(esk3_0,esk1_0,k7_waybel18(esk1_0,esk2_0,esk3_0))|~v3_pre_topc(k4_pre_topc(esk1_0,k7_waybel18(esk1_0,esk2_0,esk3_0),esk3_0,esk4_3(esk1_0,k7_waybel18(esk1_0,esk2_0,esk3_0),esk3_0)),k7_waybel18(esk1_0,esk2_0,esk3_0))), inference(cn,[status(thm)],[inference(rw,[status(thm)],[inference(rw,[status(thm)],[inference(rw,[status(thm)],[inference(rw,[status(thm)],[inference(spm,[status(thm)],[c_0_82, c_0_39]), c_0_44]), c_0_21]), c_0_53]), c_0_29])])).
cnf(c_0_88,negated_conjecture,(v3_pre_topc(k4_pre_topc(esk1_0,esk2_0,esk3_0,X1),k7_waybel18(esk1_0,esk2_0,esk3_0))|~v3_pre_topc(X1,esk1_0)|~m1_subset_1(X1,k1_zfmisc_1(u1_struct_0(esk1_0)))), inference(cn,[status(thm)],[inference(rw,[status(thm)],[inference(rw,[status(thm)],[inference(rw,[status(thm)],[inference(rw,[status(thm)],[inference(rw,[status(thm)],[inference(rw,[status(thm)],[inference(rw,[status(thm)],[inference(rw,[status(thm)],[inference(spm,[status(thm)],[c_0_83, c_0_80]), c_0_71]), c_0_19]), c_0_20]), c_0_21]), c_0_22]), c_0_29]), c_0_67]), c_0_68])])).
cnf(c_0_89,negated_conjecture,(v3_pre_topc(esk4_3(esk1_0,k7_waybel18(esk1_0,esk2_0,esk3_0),esk3_0),esk1_0)), inference(sr,[status(thm)],[c_0_84, c_0_85])).
cnf(c_0_90,negated_conjecture,(m1_subset_1(esk4_3(esk1_0,k7_waybel18(esk1_0,esk2_0,esk3_0),esk3_0),k1_zfmisc_1(u1_struct_0(esk1_0)))), inference(sr,[status(thm)],[c_0_86, c_0_85])).
cnf(c_0_91,negated_conjecture,(v1_t_0topsp(esk3_0,esk1_0,k7_waybel18(esk1_0,esk2_0,esk3_0))|~v3_pre_topc(k4_pre_topc(esk1_0,esk2_0,esk3_0,esk4_3(esk1_0,k7_waybel18(esk1_0,esk2_0,esk3_0),esk3_0)),k7_waybel18(esk1_0,esk2_0,esk3_0))), inference(rw,[status(thm)],[c_0_87, c_0_56])).
cnf(c_0_92,negated_conjecture,(v3_pre_topc(k4_pre_topc(esk1_0,esk2_0,esk3_0,esk4_3(esk1_0,k7_waybel18(esk1_0,esk2_0,esk3_0),esk3_0)),k7_waybel18(esk1_0,esk2_0,esk3_0))), inference(cn,[status(thm)],[inference(rw,[status(thm)],[inference(spm,[status(thm)],[c_0_88, c_0_89]), c_0_90])])).
cnf(c_0_93,negated_conjecture,($false), inference(sr,[status(thm)],[inference(cn,[status(thm)],[inference(rw,[status(thm)],[c_0_91, c_0_92])]), c_0_85]), ['proof']).
# SZS output end CNFRefutation.
EOF
