% Problem    : SWW296+1 : TPTP v6.1.0. Released v5.2.0.
% Command    : eprover --auto-schedule --tstp-format -s --proof-object --memory-limit=2048 --cpu-limit=%d %s
% Computer   : n122.star.cs.uiowa.edu
% Model      : x86_64 x86_64
% CPU        : Intel(R) Xeon(R) CPU E5-2609 0 @ 2.40GHz
% Memory     : 32286.75MB
% OS         : Linux 2.6.32-431.20.3.el6.x86_64
% CPULimit   : 300
% DateTime   : Sun Jul 20 07:07:31 CDT 2014
% CPUTime    : 
# No SInE strategy applied
# Trying AutoSched0 for 151 seconds
# AutoSched0-Mode selected heuristic G_E___207_C18_F1_AE_CS_SP_PS_S0Y
# and selection function SelectMaxLComplexAvoidPosPred.
#
# Presaturation interreduction done

# Proof found!
# SZS status Theorem
# SZS output start CNFRefutation.
fof(c_0_0, axiom, (![X23]:![X6]:(hAPP(c_Set_OCollect(X6),X23)=c_Orderings_Obot__class_Obot(tc_fun(X6,tc_HOL_Obool))<=>![X3]:~(hBOOL(hAPP(X23,X3))))), file('/export/starexec/sandbox/benchmark/theBenchmark.p', fact_Collect__empty__eq)).
fof(c_0_1, axiom, (![X6]:c_Orderings_Obot__class_Obot(tc_fun(X6,tc_HOL_Obool))=hAPP(c_Set_OCollect(X6),hAPP(c_COMBK(tc_HOL_Obool,X6),c_fFalse))), file('/export/starexec/sandbox/benchmark/theBenchmark.p', fact_empty__def)).
fof(c_0_2, axiom, (![X23]:![X6]:hAPP(c_Set_OCollect(X6),X23)=X23), file('/export/starexec/sandbox/benchmark/theBenchmark.p', fact_Collect__def)).
fof(c_0_3, axiom, (![X23]:![X6]:hAPP(c_Set_OCollect(X6),hAPP(hAPP(c_COMBB(tc_HOL_Obool,tc_HOL_Obool,X6),c_fNot),X23))=hAPP(c_Groups_Ouminus__class_Ouminus(tc_fun(X6,tc_HOL_Obool)),hAPP(c_Set_OCollect(X6),X23))), file('/export/starexec/sandbox/benchmark/theBenchmark.p', fact_Collect__neg__eq)).
fof(c_0_4, axiom, (![X23]:![X2]:![X19]:![X6]:hAPP(c_Set_Ovimage(X6,X19,X2),hAPP(c_Set_OCollect(X19),X23))=hAPP(c_Set_OCollect(X6),hAPP(hAPP(c_COMBB(X19,tc_HOL_Obool,X6),X23),X2))), file('/export/starexec/sandbox/benchmark/theBenchmark.p', fact_vimage__Collect__eq)).
fof(c_0_5, axiom, (![X331]:![X102]:![X6]:![X115]:hAPP(hAPP(c_COMBK(X115,X6),X102),X331)=X102), file('/export/starexec/sandbox/benchmark/theBenchmark.p', help_c__COMBK__1)).
fof(c_0_6, axiom, (![X129]:![X6]:hAPP(c_Groups_Ouminus__class_Ouminus(tc_fun(X6,tc_HOL_Obool)),hAPP(c_Groups_Ouminus__class_Ouminus(tc_fun(X6,tc_HOL_Obool)),X129))=X129), file('/export/starexec/sandbox/benchmark/theBenchmark.p', fact_double__complement)).
fof(c_0_7, axiom, (![X229]:![X6]:hAPP(c_Set_Ovimage(X6,X6,c_COMBI(X6)),X229)=X229), file('/export/starexec/sandbox/benchmark/theBenchmark.p', fact_vimage__ident)).
fof(c_0_8, axiom, (![X6]:c_Orderings_Otop__class_Otop(tc_fun(X6,tc_HOL_Obool))=hAPP(c_Set_OCollect(X6),hAPP(c_COMBK(tc_HOL_Obool,X6),c_fTrue))), file('/export/starexec/sandbox/benchmark/theBenchmark.p', fact_UNIV__def)).
fof(c_0_9, axiom, (![X8]:![X56]:(hAPP(hAPP(c_Groups_Oplus__class_Oplus(tc_Nat_Onat),X56),X8)=X56=>X8=c_Groups_Ozero__class_Ozero(tc_Nat_Onat))), file('/export/starexec/sandbox/benchmark/theBenchmark.p', fact_add__eq__self__zero)).
fof(c_0_10, axiom, (c_Groups_Ozero__class_Ozero(tc_Nat_Onat)=hAPP(c_Int_Onat,c_Groups_Ozero__class_Ozero(tc_Int_Oint))), file('/export/starexec/sandbox/benchmark/theBenchmark.p', fact_transfer__nat__int__numerals_I1_J)).
fof(c_0_11, axiom, (c_Int_OPls=c_Groups_Ozero__class_Ozero(tc_Int_Oint)), file('/export/starexec/sandbox/benchmark/theBenchmark.p', fact_Pls__def)).
fof(c_0_12, axiom, (![X56]:c_Groups_Ozero__class_Ozero(tc_Nat_Onat)!=hAPP(c_Nat_OSuc,X56)), file('/export/starexec/sandbox/benchmark/theBenchmark.p', fact_Zero__not__Suc)).
fof(c_0_13, axiom, (![X23]:(~(hBOOL(hAPP(c_fNot,X23)))|~(hBOOL(X23)))), file('/export/starexec/sandbox/benchmark/theBenchmark.p', help_c__fNot__1)).
fof(c_0_14, axiom, (![X38]:![X31]:![X27]:![X6]:![X19]:hAPP(c_Sum__Type_Osum_Osum__case(X19,X6,X27,hAPP(c_COMBK(X6,X19),X31),hAPP(c_COMBK(X6,X27),X31)),X38)=X31), file('/export/starexec/sandbox/benchmark/theBenchmark.p', fact_sum__case__KK)).
fof(c_0_15, axiom, (![X6]:hAPP(c_Groups_Ouminus__class_Ouminus(tc_fun(X6,tc_HOL_Obool)),c_Orderings_Otop__class_Otop(tc_fun(X6,tc_HOL_Obool)))=c_Orderings_Obot__class_Obot(tc_fun(X6,tc_HOL_Obool))), file('/export/starexec/sandbox/benchmark/theBenchmark.p', fact_Compl__UNIV__eq)).
fof(c_0_16, axiom, (![X8]:![X56]:hAPP(hAPP(c_Groups_Oplus__class_Oplus(tc_Nat_Onat),X56),hAPP(c_Nat_OSuc,X8))=hAPP(c_Nat_OSuc,hAPP(hAPP(c_Groups_Oplus__class_Oplus(tc_Nat_Onat),X56),X8))), file('/export/starexec/sandbox/benchmark/theBenchmark.p', fact_add__Suc__right)).
fof(c_0_17, axiom, (![X102]:![X115]:hAPP(c_COMBI(X115),X102)=X102), file('/export/starexec/sandbox/benchmark/theBenchmark.p', help_c__COMBI__1)).
fof(c_0_18, axiom, (![X89]:![X39]:![X23]:![X27]:![X6]:![X19]:hAPP(hAPP(hAPP(c_COMBB(X19,X6,X27),X23),X39),X89)=hAPP(X23,hAPP(X39,X89))), file('/export/starexec/sandbox/benchmark/theBenchmark.p', help_c__COMBB__1)).
fof(c_0_19, axiom, (![X56]:hAPP(hAPP(c_Groups_Oplus__class_Oplus(tc_Nat_Onat),X56),c_Groups_Ozero__class_Ozero(tc_Nat_Onat))=X56), file('/export/starexec/sandbox/benchmark/theBenchmark.p', fact_Nat_Oadd__0__right)).
fof(c_0_20, axiom, (![X8]:X8!=hAPP(c_Nat_OSuc,X8)), file('/export/starexec/sandbox/benchmark/theBenchmark.p', fact_n__not__Suc__n)).
fof(c_0_21, plain, (![X23]:![X6]:(hAPP(c_Set_OCollect(X6),X23)=c_Orderings_Obot__class_Obot(tc_fun(X6,tc_HOL_Obool))<=>![X3]:~hBOOL(hAPP(X23,X3)))), inference(fof_simplification,[status(thm)],[c_0_0])).
fof(c_0_22, plain, (![X7]:c_Orderings_Obot__class_Obot(tc_fun(X7,tc_HOL_Obool))=hAPP(c_Set_OCollect(X7),hAPP(c_COMBK(tc_HOL_Obool,X7),c_fFalse))), inference(variable_rename,[status(thm)],[c_0_1])).
fof(c_0_23, plain, (![X24]:![X25]:hAPP(c_Set_OCollect(X25),X24)=X24), inference(variable_rename,[status(thm)],[c_0_2])).
fof(c_0_24, plain, (![X24]:![X25]:hAPP(c_Set_OCollect(X25),hAPP(hAPP(c_COMBB(tc_HOL_Obool,tc_HOL_Obool,X25),c_fNot),X24))=hAPP(c_Groups_Ouminus__class_Ouminus(tc_fun(X25,tc_HOL_Obool)),hAPP(c_Set_OCollect(X25),X24))), inference(variable_rename,[status(thm)],[c_0_3])).
fof(c_0_25, plain, (![X24]:![X25]:![X26]:![X27]:hAPP(c_Set_Ovimage(X27,X26,X25),hAPP(c_Set_OCollect(X26),X24))=hAPP(c_Set_OCollect(X27),hAPP(hAPP(c_COMBB(X26,tc_HOL_Obool,X27),X24),X25))), inference(variable_rename,[status(thm)],[c_0_4])).
fof(c_0_26, plain, (![X24]:![X25]:![X26]:![X27]:![X29]:((hAPP(c_Set_OCollect(X25),X24)!=c_Orderings_Obot__class_Obot(tc_fun(X25,tc_HOL_Obool))|~hBOOL(hAPP(X24,X26)))&(hBOOL(hAPP(X27,esk365_1(X27)))|hAPP(c_Set_OCollect(X29),X27)=c_Orderings_Obot__class_Obot(tc_fun(X29,tc_HOL_Obool))))), inference(shift_quantors,[status(thm)],[inference(skolemize,[status(esa)],[inference(variable_rename,[status(thm)],[inference(shift_quantors,[status(thm)],[inference(fof_nnf,[status(thm)],[c_0_21])])])])])).
fof(c_0_27, plain, (![X332]:![X333]:![X334]:![X335]:hAPP(hAPP(c_COMBK(X335,X334),X333),X332)=X333), inference(variable_rename,[status(thm)],[c_0_5])).
cnf(c_0_28,plain,(c_Orderings_Obot__class_Obot(tc_fun(X1,tc_HOL_Obool))=hAPP(c_Set_OCollect(X1),hAPP(c_COMBK(tc_HOL_Obool,X1),c_fFalse))), inference(split_conjunct,[status(thm)],[c_0_22])).
cnf(c_0_29,plain,(hAPP(c_Set_OCollect(X1),X2)=X2), inference(split_conjunct,[status(thm)],[c_0_23])).
fof(c_0_30, plain, (![X130]:![X131]:hAPP(c_Groups_Ouminus__class_Ouminus(tc_fun(X131,tc_HOL_Obool)),hAPP(c_Groups_Ouminus__class_Ouminus(tc_fun(X131,tc_HOL_Obool)),X130))=X130), inference(variable_rename,[status(thm)],[c_0_6])).
cnf(c_0_31,plain,(hAPP(c_Set_OCollect(X1),hAPP(hAPP(c_COMBB(tc_HOL_Obool,tc_HOL_Obool,X1),c_fNot),X2))=hAPP(c_Groups_Ouminus__class_Ouminus(tc_fun(X1,tc_HOL_Obool)),hAPP(c_Set_OCollect(X1),X2))), inference(split_conjunct,[status(thm)],[c_0_24])).
fof(c_0_32, plain, (![X230]:![X231]:hAPP(c_Set_Ovimage(X231,X231,c_COMBI(X231)),X230)=X230), inference(variable_rename,[status(thm)],[c_0_7])).
cnf(c_0_33,plain,(hAPP(c_Set_Ovimage(X1,X2,X3),hAPP(c_Set_OCollect(X2),X4))=hAPP(c_Set_OCollect(X1),hAPP(hAPP(c_COMBB(X2,tc_HOL_Obool,X1),X4),X3))), inference(split_conjunct,[status(thm)],[c_0_25])).
fof(c_0_34, plain, (![X7]:c_Orderings_Otop__class_Otop(tc_fun(X7,tc_HOL_Obool))=hAPP(c_Set_OCollect(X7),hAPP(c_COMBK(tc_HOL_Obool,X7),c_fTrue))), inference(variable_rename,[status(thm)],[c_0_8])).
fof(c_0_35, plain, (![X57]:![X58]:(hAPP(hAPP(c_Groups_Oplus__class_Oplus(tc_Nat_Onat),X58),X57)!=X58|X57=c_Groups_Ozero__class_Ozero(tc_Nat_Onat))), inference(shift_quantors,[status(thm)],[inference(variable_rename,[status(thm)],[inference(shift_quantors,[status(thm)],[inference(fof_nnf,[status(thm)],[c_0_9])])])])).
cnf(c_0_36,plain,(c_Groups_Ozero__class_Ozero(tc_Nat_Onat)=hAPP(c_Int_Onat,c_Groups_Ozero__class_Ozero(tc_Int_Oint))), inference(split_conjunct,[status(thm)],[c_0_10])).
cnf(c_0_37,plain,(c_Int_OPls=c_Groups_Ozero__class_Ozero(tc_Int_Oint)), inference(split_conjunct,[status(thm)],[c_0_11])).
fof(c_0_38, plain, (![X57]:c_Groups_Ozero__class_Ozero(tc_Nat_Onat)!=hAPP(c_Nat_OSuc,X57)), inference(variable_rename,[status(thm)],[c_0_12])).
fof(c_0_39, plain, (![X23]:(~hBOOL(hAPP(c_fNot,X23))|~hBOOL(X23))), inference(fof_simplification,[status(thm)],[c_0_13])).
fof(c_0_40, plain, (![X39]:![X40]:![X41]:![X42]:![X43]:hAPP(c_Sum__Type_Osum_Osum__case(X43,X42,X41,hAPP(c_COMBK(X42,X43),X40),hAPP(c_COMBK(X42,X41),X40)),X39)=X40), inference(variable_rename,[status(thm)],[c_0_14])).
cnf(c_0_41,plain,(hAPP(c_Set_OCollect(X1),X2)=c_Orderings_Obot__class_Obot(tc_fun(X1,tc_HOL_Obool))|hBOOL(hAPP(X2,esk365_1(X2)))), inference(split_conjunct,[status(thm)],[c_0_26])).
cnf(c_0_42,plain,(hAPP(hAPP(c_COMBK(X1,X2),X3),X4)=X3), inference(split_conjunct,[status(thm)],[c_0_27])).
cnf(c_0_43,plain,(hAPP(c_COMBK(tc_HOL_Obool,X1),c_fFalse)=c_Orderings_Obot__class_Obot(tc_fun(X1,tc_HOL_Obool))), inference(rw,[status(thm)],[c_0_28, c_0_29])).
cnf(c_0_44,plain,(hAPP(c_Groups_Ouminus__class_Ouminus(tc_fun(X1,tc_HOL_Obool)),hAPP(c_Groups_Ouminus__class_Ouminus(tc_fun(X1,tc_HOL_Obool)),X2))=X2), inference(split_conjunct,[status(thm)],[c_0_30])).
cnf(c_0_45,plain,(hAPP(c_Groups_Ouminus__class_Ouminus(tc_fun(X1,tc_HOL_Obool)),X2)=hAPP(hAPP(c_COMBB(tc_HOL_Obool,tc_HOL_Obool,X1),c_fNot),X2)), inference(rw,[status(thm)],[inference(rw,[status(thm)],[c_0_31, c_0_29]), c_0_29])).
cnf(c_0_46,plain,(hAPP(c_Set_Ovimage(X1,X1,c_COMBI(X1)),X2)=X2), inference(split_conjunct,[status(thm)],[c_0_32])).
cnf(c_0_47,plain,(hAPP(c_Set_Ovimage(X1,X2,X3),X4)=hAPP(hAPP(c_COMBB(X2,tc_HOL_Obool,X1),X4),X3)), inference(rw,[status(thm)],[inference(rw,[status(thm)],[c_0_33, c_0_29]), c_0_29])).
fof(c_0_48, plain, (![X7]:hAPP(c_Groups_Ouminus__class_Ouminus(tc_fun(X7,tc_HOL_Obool)),c_Orderings_Otop__class_Otop(tc_fun(X7,tc_HOL_Obool)))=c_Orderings_Obot__class_Obot(tc_fun(X7,tc_HOL_Obool))), inference(variable_rename,[status(thm)],[c_0_15])).
cnf(c_0_49,plain,(c_Orderings_Otop__class_Otop(tc_fun(X1,tc_HOL_Obool))=hAPP(c_Set_OCollect(X1),hAPP(c_COMBK(tc_HOL_Obool,X1),c_fTrue))), inference(split_conjunct,[status(thm)],[c_0_34])).
cnf(c_0_50,plain,(X1=c_Groups_Ozero__class_Ozero(tc_Nat_Onat)|hAPP(hAPP(c_Groups_Oplus__class_Oplus(tc_Nat_Onat),X2),X1)!=X2), inference(split_conjunct,[status(thm)],[c_0_35])).
cnf(c_0_51,plain,(c_Groups_Ozero__class_Ozero(tc_Nat_Onat)=hAPP(c_Int_Onat,c_Int_OPls)), inference(rw,[status(thm)],[c_0_36, c_0_37])).
fof(c_0_52, plain, (![X57]:![X58]:hAPP(hAPP(c_Groups_Oplus__class_Oplus(tc_Nat_Onat),X58),hAPP(c_Nat_OSuc,X57))=hAPP(c_Nat_OSuc,hAPP(hAPP(c_Groups_Oplus__class_Oplus(tc_Nat_Onat),X58),X57))), inference(variable_rename,[status(thm)],[c_0_16])).
cnf(c_0_53,plain,(c_Groups_Ozero__class_Ozero(tc_Nat_Onat)!=hAPP(c_Nat_OSuc,X1)), inference(split_conjunct,[status(thm)],[c_0_38])).
fof(c_0_54, plain, (![X24]:(~hBOOL(hAPP(c_fNot,X24))|~hBOOL(X24))), inference(variable_rename,[status(thm)],[c_0_39])).
cnf(c_0_55,plain,(hAPP(c_Sum__Type_Osum_Osum__case(X1,X2,X3,hAPP(c_COMBK(X2,X1),X4),hAPP(c_COMBK(X2,X3),X4)),X5)=X4), inference(split_conjunct,[status(thm)],[c_0_40])).
cnf(c_0_56,plain,(X1=c_Orderings_Obot__class_Obot(tc_fun(X2,tc_HOL_Obool))|hBOOL(hAPP(X1,esk365_1(X1)))), inference(rw,[status(thm)],[c_0_41, c_0_29])).
cnf(c_0_57,plain,(hAPP(c_Orderings_Obot__class_Obot(tc_fun(X1,tc_HOL_Obool)),X2)=c_fFalse), inference(spm,[status(thm)],[c_0_42, c_0_43])).
fof(c_0_58, plain, (![X116]:![X117]:hAPP(c_COMBI(X117),X116)=X116), inference(variable_rename,[status(thm)],[c_0_17])).
cnf(c_0_59,plain,(hAPP(hAPP(c_COMBB(tc_HOL_Obool,tc_HOL_Obool,X1),c_fNot),hAPP(hAPP(c_COMBB(tc_HOL_Obool,tc_HOL_Obool,X1),c_fNot),X2))=X2), inference(rw,[status(thm)],[inference(rw,[status(thm)],[c_0_44, c_0_45]), c_0_45])).
cnf(c_0_60,plain,(hAPP(hAPP(c_COMBB(X1,tc_HOL_Obool,X1),X2),c_COMBI(X1))=X2), inference(rw,[status(thm)],[c_0_46, c_0_47])).
fof(c_0_61, plain, (![X90]:![X91]:![X92]:![X93]:![X94]:![X95]:hAPP(hAPP(hAPP(c_COMBB(X95,X94,X93),X92),X91),X90)=hAPP(X92,hAPP(X91,X90))), inference(variable_rename,[status(thm)],[c_0_18])).
cnf(c_0_62,plain,(hAPP(c_Groups_Ouminus__class_Ouminus(tc_fun(X1,tc_HOL_Obool)),c_Orderings_Otop__class_Otop(tc_fun(X1,tc_HOL_Obool)))=c_Orderings_Obot__class_Obot(tc_fun(X1,tc_HOL_Obool))), inference(split_conjunct,[status(thm)],[c_0_48])).
cnf(c_0_63,plain,(hAPP(c_COMBK(tc_HOL_Obool,X1),c_fTrue)=c_Orderings_Otop__class_Otop(tc_fun(X1,tc_HOL_Obool))), inference(rw,[status(thm)],[c_0_49, c_0_29])).
cnf(c_0_64,plain,(hAPP(c_Int_Onat,c_Int_OPls)=X1|hAPP(hAPP(c_Groups_Oplus__class_Oplus(tc_Nat_Onat),X2),X1)!=X2), inference(rw,[status(thm)],[c_0_50, c_0_51])).
cnf(c_0_65,plain,(hAPP(hAPP(c_Groups_Oplus__class_Oplus(tc_Nat_Onat),X1),hAPP(c_Nat_OSuc,X2))=hAPP(c_Nat_OSuc,hAPP(hAPP(c_Groups_Oplus__class_Oplus(tc_Nat_Onat),X1),X2))), inference(split_conjunct,[status(thm)],[c_0_52])).
cnf(c_0_66,plain,(hAPP(c_Nat_OSuc,X1)!=hAPP(c_Int_Onat,c_Int_OPls)), inference(rw,[status(thm)],[c_0_53, c_0_51])).
fof(c_0_67, plain, (![X57]:hAPP(hAPP(c_Groups_Oplus__class_Oplus(tc_Nat_Onat),X57),c_Groups_Ozero__class_Ozero(tc_Nat_Onat))=X57), inference(variable_rename,[status(thm)],[c_0_19])).
cnf(c_0_68,plain,(~hBOOL(X1)|~hBOOL(hAPP(c_fNot,X1))), inference(split_conjunct,[status(thm)],[c_0_54])).
cnf(c_0_69,plain,(c_fFalse=X1|hBOOL(X1)), inference(rw,[status(thm)],[inference(rw,[status(thm)],[inference(spm,[status(thm)],[c_0_55, c_0_56]), c_0_57]), c_0_55])).
cnf(c_0_70,plain,(hAPP(c_COMBI(X1),X2)=X2), inference(split_conjunct,[status(thm)],[c_0_58])).
cnf(c_0_71,plain,(c_COMBI(tc_HOL_Obool)=hAPP(hAPP(c_COMBB(tc_HOL_Obool,tc_HOL_Obool,tc_HOL_Obool),c_fNot),c_fNot)), inference(spm,[status(thm)],[c_0_59, c_0_60])).
cnf(c_0_72,plain,(hAPP(hAPP(hAPP(c_COMBB(X1,X2,X3),X4),X5),X6)=hAPP(X4,hAPP(X5,X6))), inference(split_conjunct,[status(thm)],[c_0_61])).
cnf(c_0_73,plain,(hAPP(hAPP(c_COMBB(tc_HOL_Obool,tc_HOL_Obool,X1),c_fNot),c_Orderings_Otop__class_Otop(tc_fun(X1,tc_HOL_Obool)))=c_Orderings_Obot__class_Obot(tc_fun(X1,tc_HOL_Obool))), inference(rw,[status(thm)],[c_0_62, c_0_45])).
cnf(c_0_74,plain,(hAPP(c_Orderings_Otop__class_Otop(tc_fun(X1,tc_HOL_Obool)),X2)=c_fTrue), inference(spm,[status(thm)],[c_0_42, c_0_63])).
cnf(c_0_75,plain,(hAPP(c_Nat_OSuc,hAPP(hAPP(c_Groups_Oplus__class_Oplus(tc_Nat_Onat),X1),X2))!=X1), inference(sr,[status(thm)],[inference(spm,[status(thm)],[c_0_64, c_0_65]), c_0_66])).
cnf(c_0_76,plain,(hAPP(hAPP(c_Groups_Oplus__class_Oplus(tc_Nat_Onat),X1),c_Groups_Ozero__class_Ozero(tc_Nat_Onat))=X1), inference(split_conjunct,[status(thm)],[c_0_67])).
cnf(c_0_77,plain,(hAPP(c_fNot,X1)=c_fFalse|~hBOOL(X1)), inference(spm,[status(thm)],[c_0_68, c_0_69])).
cnf(c_0_78,plain,(hAPP(c_fNot,hAPP(c_fNot,X1))=X1), inference(rw,[status(thm)],[inference(spm,[status(thm)],[c_0_70, c_0_71]), c_0_72])).
cnf(c_0_79,plain,(hAPP(c_fNot,c_fTrue)=c_fFalse), inference(rw,[status(thm)],[inference(rw,[status(thm)],[inference(spm,[status(thm)],[c_0_72, c_0_73]), c_0_57]), c_0_74])).
cnf(c_0_80,plain,(hAPP(c_Nat_OSuc,hAPP(c_Nat_OSuc,hAPP(hAPP(c_Groups_Oplus__class_Oplus(tc_Nat_Onat),X1),X2)))!=X1), inference(spm,[status(thm)],[c_0_75, c_0_65])).
cnf(c_0_81,plain,(hAPP(hAPP(c_Groups_Oplus__class_Oplus(tc_Nat_Onat),X1),hAPP(c_Int_Onat,c_Int_OPls))=X1), inference(rw,[status(thm)],[c_0_76, c_0_51])).
cnf(c_0_82,plain,(hAPP(c_fNot,X1)=c_fFalse|c_fFalse=X1), inference(spm,[status(thm)],[c_0_77, c_0_69])).
cnf(c_0_83,plain,(hAPP(c_fNot,c_fFalse)=c_fTrue), inference(spm,[status(thm)],[c_0_78, c_0_79])).
cnf(c_0_84,plain,(hAPP(c_Nat_OSuc,hAPP(c_Nat_OSuc,X1))!=X1), inference(spm,[status(thm)],[c_0_80, c_0_81])).
cnf(c_0_85,plain,(c_fFalse=X1|c_fTrue=X1), inference(rw,[status(thm)],[inference(spm,[status(thm)],[c_0_78, c_0_82]), c_0_83])).
fof(c_0_86, plain, (![X9]:X9!=hAPP(c_Nat_OSuc,X9)), inference(variable_rename,[status(thm)],[c_0_20])).
cnf(c_0_87,plain,(hAPP(c_Nat_OSuc,X1)=c_fFalse|hAPP(c_Nat_OSuc,c_fTrue)!=X1), inference(spm,[status(thm)],[c_0_84, c_0_85])).
cnf(c_0_88,plain,(X1!=hAPP(c_Nat_OSuc,X1)), inference(split_conjunct,[status(thm)],[c_0_86])).
cnf(c_0_89,plain,(hAPP(c_Nat_OSuc,hAPP(c_Nat_OSuc,c_fTrue))=c_fFalse), inference(er,[status(thm)],[c_0_87])).
cnf(c_0_90,plain,(hAPP(c_Nat_OSuc,c_fTrue)!=c_fFalse), inference(spm,[status(thm)],[c_0_88, c_0_89])).
cnf(c_0_91,plain,($false), inference(sr,[status(thm)],[inference(spm,[status(thm)],[c_0_89, c_0_85]), c_0_90]), ['proof']).
# SZS output end CNFRefutation.
EOF
