% Problem    : SWW348+1 : TPTP v6.1.0. Released v5.2.0.
% Command    : eprover --auto-schedule --tstp-format -s --proof-object --memory-limit=2048 --cpu-limit=%d %s
% Computer   : n129.star.cs.uiowa.edu
% Model      : x86_64 x86_64
% CPU        : Intel(R) Xeon(R) CPU E5-2609 0 @ 2.40GHz
% Memory     : 32286.75MB
% OS         : Linux 2.6.32-431.20.3.el6.x86_64
% CPULimit   : 300
% DateTime   : Sun Jul 20 07:16:46 CDT 2014
% CPUTime    : 
# No SInE strategy applied
# Trying AutoSched0 for 151 seconds
# AutoSched0-Mode selected heuristic G_E___207_C18_F1_AE_CS_SP_PS_S0Y
# and selection function SelectMaxLComplexAvoidPosPred.
#
# Presaturation interreduction done

# Proof found!
# SZS status Theorem
# SZS output start CNFRefutation.
fof(c_0_0, conjecture, (![X106]:![X107]:(![X333]:(![X30]:(hBOOL(hAPP(hAPP(c_Natural_Oevalc(v_c),X106),X30))=>X333=X30)=>X333=X107)=>hBOOL(hAPP(hAPP(c_Natural_Oevalc(v_c),X106),X107)))), file('/export/starexec/sandbox/benchmark/theBenchmark.p', conj_1)).
fof(c_0_1, axiom, (![X4]:![X5]:![X6]:![X7]:(hBOOL(hAPP(hAPP(c_Natural_Oevalc(X7),X6),X5))=>(hBOOL(hAPP(hAPP(c_Natural_Oevalc(X7),X6),X4))=>X4=X5))), file('/export/starexec/sandbox/benchmark/theBenchmark.p', fact_com__det)).
fof(c_0_2, axiom, (![X69]:hAPP(c_Com_Ocom_OBODY,X69)!=c_Com_Ocom_OSKIP), file('/export/starexec/sandbox/benchmark/theBenchmark.p', fact_com_Osimps_I19_J)).
fof(c_0_3, negated_conjecture, (~(![X106]:![X107]:(![X333]:(![X30]:(hBOOL(hAPP(hAPP(c_Natural_Oevalc(v_c),X106),X30))=>X333=X30)=>X333=X107)=>hBOOL(hAPP(hAPP(c_Natural_Oevalc(v_c),X106),X107))))), inference(assume_negation,[status(cth)],[c_0_0])).
fof(c_0_4, plain, (![X8]:![X9]:![X10]:![X11]:(~hBOOL(hAPP(hAPP(c_Natural_Oevalc(X11),X10),X9))|(~hBOOL(hAPP(hAPP(c_Natural_Oevalc(X11),X10),X8))|X8=X9))), inference(variable_rename,[status(thm)],[inference(fof_nnf,[status(thm)],[c_0_1])])).
fof(c_0_5, negated_conjecture, (![X336]:(((hBOOL(hAPP(hAPP(c_Natural_Oevalc(v_c),esk522_0),esk524_1(X336)))|X336=esk523_0)&(X336!=esk524_1(X336)|X336=esk523_0))&~hBOOL(hAPP(hAPP(c_Natural_Oevalc(v_c),esk522_0),esk523_0)))), inference(distribute,[status(thm)],[inference(shift_quantors,[status(thm)],[inference(skolemize,[status(esa)],[inference(variable_rename,[status(thm)],[inference(fof_nnf,[status(thm)],[c_0_3])])])])])).
cnf(c_0_6,plain,(X1=X2|~hBOOL(hAPP(hAPP(c_Natural_Oevalc(X3),X4),X1))|~hBOOL(hAPP(hAPP(c_Natural_Oevalc(X3),X4),X2))), inference(split_conjunct,[status(thm)],[c_0_4])).
cnf(c_0_7,negated_conjecture,(X1=esk523_0|hBOOL(hAPP(hAPP(c_Natural_Oevalc(v_c),esk522_0),esk524_1(X1)))), inference(split_conjunct,[status(thm)],[c_0_5])).
cnf(c_0_8,negated_conjecture,(X1=esk524_1(X2)|esk523_0=X2|~hBOOL(hAPP(hAPP(c_Natural_Oevalc(v_c),esk522_0),X1))), inference(spm,[status(thm)],[c_0_6, c_0_7])).
cnf(c_0_9,negated_conjecture,(X1=esk523_0|X1!=esk524_1(X1)), inference(split_conjunct,[status(thm)],[c_0_5])).
cnf(c_0_10,negated_conjecture,(esk524_1(X1)=esk524_1(X2)|esk523_0=X1|esk523_0=X2), inference(spm,[status(thm)],[c_0_8, c_0_7])).
cnf(c_0_11,negated_conjecture,(esk523_0=X1|esk523_0=X2|esk524_1(X1)!=X2), inference(spm,[status(thm)],[c_0_9, c_0_10])).
fof(c_0_12, plain, (![X70]:hAPP(c_Com_Ocom_OBODY,X70)!=c_Com_Ocom_OSKIP), inference(variable_rename,[status(thm)],[c_0_2])).
cnf(c_0_13,negated_conjecture,(esk524_1(X1)=esk523_0|esk523_0=X1), inference(er,[status(thm)],[c_0_11])).
cnf(c_0_14,negated_conjecture,(~hBOOL(hAPP(hAPP(c_Natural_Oevalc(v_c),esk522_0),esk523_0))), inference(split_conjunct,[status(thm)],[c_0_5])).
cnf(c_0_15,plain,(hAPP(c_Com_Ocom_OBODY,X1)!=c_Com_Ocom_OSKIP), inference(split_conjunct,[status(thm)],[c_0_12])).
cnf(c_0_16,negated_conjecture,(esk523_0=X1), inference(sr,[status(thm)],[inference(spm,[status(thm)],[c_0_7, c_0_13]), c_0_14])).
cnf(c_0_17,plain,($false), inference(sr,[status(thm)],[inference(rw,[status(thm)],[c_0_15, c_0_16]), c_0_16]), ['proof']).
# SZS output end CNFRefutation.
EOF
