% Problem    : SYN551+2 : TPTP v6.1.0. Bugfixed v3.1.0.
% Command    : eprover --auto-schedule --tstp-format -s --proof-object --memory-limit=2048 --cpu-limit=%d %s
% Computer   : n114.star.cs.uiowa.edu
% Model      : x86_64 x86_64
% CPU        : Intel(R) Xeon(R) CPU E5-2609 0 @ 2.40GHz
% Memory     : 32286.75MB
% OS         : Linux 2.6.32-431.20.3.el6.x86_64
% CPULimit   : 300
% DateTime   : Sun Jul 20 03:18:16 CDT 2014
% CPUTime    : 
# No SInE strategy applied
# Trying AutoSched0 for 151 seconds
# AutoSched0-Mode selected heuristic G_N___023_B07_F1_SP_PI_Q7_CS_SP_S0Y
# and selection function SelectMaxLComplexAvoidPosPred.
#

# Proof found!
# SZS status Theorem
# SZS output start CNFRefutation.
fof(c_0_0, conjecture, ((?[X1]:![X2]:(X2=f(g(X2))<=>X1=X2)<=>?[X1]:![X2]:(X2=g(f(X2))<=>X1=X2))), file('/export/starexec/sandbox/benchmark/theBenchmark.p', prove_this_cute_thing)).
fof(c_0_1, plain, ((~epred4_0<=>![X2]:(esk4_0=X2|g(f(X2))!=X2))), introduced(definition)).
fof(c_0_2, plain, ((~epred6_0<=>![X2]:(esk2_1(X2)=X2|g(f(esk2_1(X2)))=esk2_1(X2)))), introduced(definition)).
cnf(c_0_3,negated_conjecture,(esk4_0=X1|epred4_0|g(f(X1))!=X1), inference(split_equiv,[status(thm)],[c_0_1])).
cnf(c_0_4,negated_conjecture,(g(f(esk2_1(X1)))=esk2_1(X1)|esk2_1(X1)=X1|epred6_0), inference(split_equiv,[status(thm)],[c_0_2])).
fof(c_0_5, plain, ((~epred3_0<=>![X1]:(esk3_0=X1|f(g(X1))!=X1))), introduced(definition)).
cnf(c_0_6,negated_conjecture,(esk4_0=esk2_1(X1)|esk2_1(X1)=X1|epred6_0|epred4_0), inference(spm,[status(thm)],[c_0_3, c_0_4])).
cnf(c_0_7,negated_conjecture,(esk3_0=X1|epred3_0|f(g(X1))!=X1), inference(split_equiv,[status(thm)],[c_0_5])).
fof(c_0_8, negated_conjecture, (~((?[X1]:![X2]:(X2=f(g(X2))<=>X1=X2)<=>?[X1]:![X2]:(X2=g(f(X2))<=>X1=X2)))), inference(assume_negation,[status(cth)],[c_0_0])).
fof(c_0_9, plain, ((~epred7_0<=>![X2]:(esk2_1(X2)!=X2|g(f(esk2_1(X2)))!=esk2_1(X2)))), introduced(definition)).
cnf(c_0_10,negated_conjecture,(esk2_1(X1)=X1|epred6_0|epred4_0|esk4_0!=X1), inference(ef,[status(thm)],[c_0_6])).
fof(c_0_11, plain, ((~epred2_0<=>![X2]:(g(f(X2))=X2|esk4_0!=X2))), introduced(definition)).
cnf(c_0_12,negated_conjecture,(esk3_0=f(esk2_1(X1))|esk2_1(X1)=X1|epred6_0|epred3_0), inference(spm,[status(thm)],[c_0_7, c_0_4])).
fof(c_0_13, negated_conjecture, (![X3]:![X5]:![X8]:![X9]:![X11]:![X12]:(((((esk2_1(X5)!=g(f(esk2_1(X5)))|X5!=esk2_1(X5))|(esk1_1(X3)!=f(g(esk1_1(X3)))|X3!=esk1_1(X3)))&((esk2_1(X5)=g(f(esk2_1(X5)))|X5=esk2_1(X5))|(esk1_1(X3)!=f(g(esk1_1(X3)))|X3!=esk1_1(X3))))&(((esk2_1(X5)!=g(f(esk2_1(X5)))|X5!=esk2_1(X5))|(esk1_1(X3)=f(g(esk1_1(X3)))|X3=esk1_1(X3)))&((esk2_1(X5)=g(f(esk2_1(X5)))|X5=esk2_1(X5))|(esk1_1(X3)=f(g(esk1_1(X3)))|X3=esk1_1(X3)))))&((((X11!=g(f(X11))|esk4_0=X11)|(X8!=f(g(X8))|esk3_0=X8))&((esk4_0!=X12|X12=g(f(X12)))|(X8!=f(g(X8))|esk3_0=X8)))&(((X11!=g(f(X11))|esk4_0=X11)|(esk3_0!=X9|X9=f(g(X9))))&((esk4_0!=X12|X12=g(f(X12)))|(esk3_0!=X9|X9=f(g(X9)))))))), inference(distribute,[status(thm)],[inference(shift_quantors,[status(thm)],[inference(skolemize,[status(esa)],[inference(variable_rename,[status(thm)],[inference(shift_quantors,[status(thm)],[inference(fof_nnf,[status(thm)],[c_0_8])])])])])])).
cnf(c_0_14,negated_conjecture,(epred7_0|g(f(esk2_1(X1)))!=esk2_1(X1)|esk2_1(X1)!=X1), inference(split_equiv,[status(thm)],[c_0_9])).
cnf(c_0_15,negated_conjecture,(esk2_1(esk4_0)=esk4_0|epred6_0|epred4_0), inference(er,[status(thm)],[c_0_10])).
cnf(c_0_16,negated_conjecture,(g(f(X1))=X1|epred2_0|esk4_0!=X1), inference(split_equiv,[status(thm)],[c_0_11])).
fof(c_0_17, plain, ((~epred5_0<=>![X1]:(esk1_1(X1)=X1|f(g(esk1_1(X1)))=esk1_1(X1)))), introduced(definition)).
cnf(c_0_18,negated_conjecture,(g(esk3_0)=esk2_1(X1)|esk2_1(X1)=X1|epred6_0|epred3_0), inference(spm,[status(thm)],[c_0_4, c_0_12])).
cnf(c_0_19,negated_conjecture,(esk3_0=X1|X2=g(f(X2))|X1!=f(g(X1))|esk4_0!=X2), inference(split_conjunct,[status(thm)],[c_0_13])).
cnf(c_0_20,negated_conjecture,(epred7_0|epred6_0|epred4_0|g(f(esk4_0))!=esk4_0), inference(spm,[status(thm)],[c_0_14, c_0_15])).
cnf(c_0_21,negated_conjecture,(g(f(esk4_0))=esk4_0|epred2_0), inference(er,[status(thm)],[c_0_16])).
cnf(c_0_22,negated_conjecture,(esk3_0=X1|esk4_0=X2|X1!=f(g(X1))|X2!=g(f(X2))), inference(split_conjunct,[status(thm)],[c_0_13])).
cnf(c_0_23,negated_conjecture,(f(g(esk1_1(X1)))=esk1_1(X1)|esk1_1(X1)=X1|epred5_0), inference(split_equiv,[status(thm)],[c_0_17])).
cnf(c_0_24,negated_conjecture,(esk2_1(X1)=X1|epred6_0|epred3_0|g(esk3_0)!=X1), inference(ef,[status(thm)],[c_0_18])).
cnf(c_0_25,negated_conjecture,(~epred3_0|~epred2_0), inference(apply_def,[status(thm)],[inference(apply_def,[status(thm)],[c_0_19, c_0_11]), c_0_5])).
cnf(c_0_26,negated_conjecture,(epred7_0|epred6_0|epred4_0|epred2_0), inference(spm,[status(thm)],[c_0_20, c_0_21])).
cnf(c_0_27,negated_conjecture,(~epred4_0|~epred3_0), inference(apply_def,[status(thm)],[inference(apply_def,[status(thm)],[c_0_22, c_0_1]), c_0_5])).
fof(c_0_28, plain, ((~epred1_0<=>![X1]:(f(g(X1))=X1|esk3_0!=X1))), introduced(definition)).
cnf(c_0_29,negated_conjecture,(esk3_0=esk1_1(X1)|esk1_1(X1)=X1|epred5_0|epred3_0), inference(spm,[status(thm)],[c_0_7, c_0_23])).
cnf(c_0_30,negated_conjecture,(esk2_1(g(esk3_0))=g(esk3_0)|epred6_0|epred3_0), inference(er,[status(thm)],[c_0_24])).
cnf(c_0_31,negated_conjecture,(epred7_0|epred6_0|~epred3_0), inference(csr,[status(thm)],[inference(spm,[status(thm)],[c_0_25, c_0_26]), c_0_27])).
cnf(c_0_32,negated_conjecture,(f(g(X1))=X1|epred1_0|esk3_0!=X1), inference(split_equiv,[status(thm)],[c_0_28])).
cnf(c_0_33,negated_conjecture,(esk4_0=g(esk1_1(X1))|esk1_1(X1)=X1|epred5_0|epred4_0), inference(spm,[status(thm)],[c_0_3, c_0_23])).
fof(c_0_34, plain, ((~epred8_0<=>![X1]:(esk1_1(X1)!=X1|f(g(esk1_1(X1)))!=esk1_1(X1)))), introduced(definition)).
cnf(c_0_35,negated_conjecture,(esk1_1(X1)=X1|epred5_0|epred3_0|esk3_0!=X1), inference(ef,[status(thm)],[c_0_29])).
cnf(c_0_36,negated_conjecture,(f(esk4_0)=esk3_0|epred3_0|epred2_0), inference(spm,[status(thm)],[c_0_7, c_0_21])).
cnf(c_0_37,negated_conjecture,(X1=f(g(X1))|X2=g(f(X2))|esk3_0!=X1|esk4_0!=X2), inference(split_conjunct,[status(thm)],[c_0_13])).
cnf(c_0_38,negated_conjecture,(epred7_0|epred6_0|g(f(g(esk3_0)))!=g(esk3_0)), inference(csr,[status(thm)],[inference(spm,[status(thm)],[c_0_14, c_0_30]), c_0_31])).
cnf(c_0_39,negated_conjecture,(f(g(esk3_0))=esk3_0|epred1_0), inference(er,[status(thm)],[c_0_32])).
cnf(c_0_40,negated_conjecture,(X1=f(g(X1))|esk4_0=X2|esk3_0!=X1|X2!=g(f(X2))), inference(split_conjunct,[status(thm)],[c_0_13])).
cnf(c_0_41,negated_conjecture,(f(esk4_0)=esk1_1(X1)|esk1_1(X1)=X1|epred5_0|epred4_0), inference(spm,[status(thm)],[c_0_23, c_0_33])).
cnf(c_0_42,negated_conjecture,(epred8_0|f(g(esk1_1(X1)))!=esk1_1(X1)|esk1_1(X1)!=X1), inference(split_equiv,[status(thm)],[c_0_34])).
cnf(c_0_43,negated_conjecture,(esk1_1(esk3_0)=esk3_0|epred5_0|epred3_0), inference(er,[status(thm)],[c_0_35])).
cnf(c_0_44,negated_conjecture,(esk4_0=g(esk3_0)|epred3_0|epred2_0), inference(spm,[status(thm)],[c_0_21, c_0_36])).
cnf(c_0_45,negated_conjecture,(~epred2_0|~epred1_0), inference(apply_def,[status(thm)],[inference(apply_def,[status(thm)],[c_0_37, c_0_28]), c_0_11])).
cnf(c_0_46,negated_conjecture,(epred7_0|epred6_0|epred1_0), inference(spm,[status(thm)],[c_0_38, c_0_39])).
cnf(c_0_47,negated_conjecture,(~epred4_0|~epred1_0), inference(apply_def,[status(thm)],[inference(apply_def,[status(thm)],[c_0_40, c_0_28]), c_0_1])).
cnf(c_0_48,negated_conjecture,(esk1_1(X1)=X1|epred5_0|epred4_0|f(esk4_0)!=X1), inference(ef,[status(thm)],[c_0_41])).
cnf(c_0_49,negated_conjecture,(esk4_0=g(esk3_0)|epred4_0|epred1_0), inference(spm,[status(thm)],[c_0_3, c_0_39])).
cnf(c_0_50,negated_conjecture,(epred8_0|epred5_0|epred3_0|f(g(esk3_0))!=esk3_0), inference(spm,[status(thm)],[c_0_42, c_0_43])).
cnf(c_0_51,negated_conjecture,(f(g(esk3_0))=esk3_0|epred3_0|epred2_0), inference(spm,[status(thm)],[c_0_36, c_0_44])).
cnf(c_0_52,negated_conjecture,(X2=esk2_1(X2)|esk2_1(X2)=g(f(esk2_1(X2)))|X1!=esk1_1(X1)|esk1_1(X1)!=f(g(esk1_1(X1)))), inference(split_conjunct,[status(thm)],[c_0_13])).
cnf(c_0_53,negated_conjecture,(epred7_0|epred6_0|~epred2_0), inference(spm,[status(thm)],[c_0_45, c_0_46])).
cnf(c_0_54,negated_conjecture,(epred7_0|epred6_0|~epred4_0), inference(spm,[status(thm)],[c_0_47, c_0_46])).
cnf(c_0_55,negated_conjecture,(X1!=esk1_1(X1)|esk1_1(X1)!=f(g(esk1_1(X1)))|X2!=esk2_1(X2)|esk2_1(X2)!=g(f(esk2_1(X2)))), inference(split_conjunct,[status(thm)],[c_0_13])).
cnf(c_0_56,negated_conjecture,(esk1_1(X1)=X1|epred5_0|epred4_0|epred1_0|f(g(esk3_0))!=X1), inference(spm,[status(thm)],[c_0_48, c_0_49])).
cnf(c_0_57,negated_conjecture,(epred8_0|epred5_0|epred3_0|epred1_0), inference(spm,[status(thm)],[c_0_50, c_0_39])).
cnf(c_0_58,negated_conjecture,(epred8_0|epred5_0|epred3_0|epred2_0), inference(spm,[status(thm)],[c_0_50, c_0_51])).
cnf(c_0_59,negated_conjecture,(~epred8_0|~epred6_0), inference(apply_def,[status(thm)],[inference(apply_def,[status(thm)],[c_0_52, c_0_2]), c_0_34])).
cnf(c_0_60,negated_conjecture,(epred7_0|epred6_0), inference(csr,[status(thm)],[inference(spm,[status(thm)],[c_0_53, c_0_26]), c_0_54])).
cnf(c_0_61,negated_conjecture,(~epred8_0|~epred7_0), inference(apply_def,[status(thm)],[inference(apply_def,[status(thm)],[c_0_55, c_0_9]), c_0_34])).
cnf(c_0_62,negated_conjecture,(esk1_1(X1)=X1|epred5_0|epred4_0|epred1_0|esk3_0!=X1), inference(spm,[status(thm)],[c_0_56, c_0_39])).
cnf(c_0_63,negated_conjecture,(epred8_0|epred5_0|epred3_0), inference(csr,[status(thm)],[inference(spm,[status(thm)],[c_0_45, c_0_57]), c_0_58])).
cnf(c_0_64,negated_conjecture,(~epred8_0), inference(csr,[status(thm)],[inference(spm,[status(thm)],[c_0_59, c_0_60]), c_0_61])).
cnf(c_0_65,negated_conjecture,(esk1_1(esk3_0)=esk3_0|epred5_0|epred4_0|epred1_0), inference(er,[status(thm)],[c_0_62])).
cnf(c_0_66,negated_conjecture,(epred8_0|epred5_0|~epred4_0), inference(spm,[status(thm)],[c_0_27, c_0_63])).
cnf(c_0_67,negated_conjecture,(epred5_0|epred3_0), inference(sr,[status(thm)],[c_0_63, c_0_64])).
cnf(c_0_68,negated_conjecture,(epred8_0|epred5_0|epred1_0), inference(csr,[status(thm)],[inference(csr,[status(thm)],[inference(spm,[status(thm)],[c_0_42, c_0_65]), c_0_39]), c_0_66])).
cnf(c_0_69,negated_conjecture,(esk1_1(f(esk4_0))=f(esk4_0)|epred5_0|epred4_0), inference(er,[status(thm)],[c_0_48])).
cnf(c_0_70,negated_conjecture,(epred5_0|~epred4_0), inference(spm,[status(thm)],[c_0_27, c_0_67])).
cnf(c_0_71,negated_conjecture,(epred5_0|epred1_0), inference(sr,[status(thm)],[c_0_68, c_0_64])).
cnf(c_0_72,negated_conjecture,(X1=esk1_1(X1)|esk1_1(X1)=f(g(esk1_1(X1)))|X2!=esk2_1(X2)|esk2_1(X2)!=g(f(esk2_1(X2)))), inference(split_conjunct,[status(thm)],[c_0_13])).
cnf(c_0_73,negated_conjecture,(epred5_0|f(g(f(esk4_0)))!=f(esk4_0)), inference(csr,[status(thm)],[inference(sr,[status(thm)],[inference(spm,[status(thm)],[c_0_42, c_0_69]), c_0_64]), c_0_70])).
cnf(c_0_74,negated_conjecture,(epred5_0|~epred2_0), inference(spm,[status(thm)],[c_0_45, c_0_71])).
cnf(c_0_75,negated_conjecture,(X1=esk1_1(X1)|esk1_1(X1)=f(g(esk1_1(X1)))|X2=esk2_1(X2)|esk2_1(X2)=g(f(esk2_1(X2)))), inference(split_conjunct,[status(thm)],[c_0_13])).
cnf(c_0_76,negated_conjecture,(~epred7_0|~epred5_0), inference(apply_def,[status(thm)],[inference(apply_def,[status(thm)],[c_0_72, c_0_17]), c_0_9])).
cnf(c_0_77,negated_conjecture,(epred5_0), inference(csr,[status(thm)],[inference(spm,[status(thm)],[c_0_73, c_0_21]), c_0_74])).
cnf(c_0_78,negated_conjecture,(~epred6_0|~epred5_0), inference(apply_def,[status(thm)],[inference(apply_def,[status(thm)],[c_0_75, c_0_17]), c_0_2])).
cnf(c_0_79,negated_conjecture,(~epred7_0), inference(cn,[status(thm)],[inference(rw,[status(thm)],[c_0_76, c_0_77])])).
cnf(c_0_80,negated_conjecture,(~epred6_0), inference(cn,[status(thm)],[inference(rw,[status(thm)],[c_0_78, c_0_77])])).
cnf(c_0_81,negated_conjecture,($false), inference(sr,[status(thm)],[inference(sr,[status(thm)],[c_0_60, c_0_79]), c_0_80]), ['proof']).
# SZS output end CNFRefutation.
EOF
