% Problem    : GEO272+1 : TPTP v6.1.0. Released v4.1.0.
% Command    : eprover --auto-schedule --tstp-format -s --proof-object --memory-limit=2048 --cpu-limit=%d %s
% Computer   : n130.star.cs.uiowa.edu
% Model      : x86_64 x86_64
% CPU        : Intel(R) Xeon(R) CPU E5-2609 0 @ 2.40GHz
% Memory     : 32286.75MB
% OS         : Linux 2.6.32-431.20.3.el6.x86_64
% CPULimit   : 300
% DateTime   : Sun Jul 20 03:54:36 CDT 2014
% CPUTime    : 
# No SInE strategy applied
# Trying AutoSched0 for 151 seconds
# AutoSched0-Mode selected heuristic G_E___100_C18_F1_PI_AE_Q4_CS_SP_PS_S0Y
# and selection function SelectMaxLComplexAvoidPosPred.
#
# Presaturation interreduction done

# Proof found!
# SZS status Theorem
# SZS output start CNFRefutation.
fof(c_0_0, axiom, (![X13]:![X14]:![X15]:![X16]:![X17]:(((((((vf(X15,X13)=vf(X15,X14)&ron(X14,X17))&ron(X13,X16))&rcenter(X15,X17))&rcenter(X15,X16))&?[X18]:(X14=X18&rpoint(X18)))&?[X19]:(X13=X19&rpoint(X19)))=>X16=X17)), file('/export/starexec/sandbox/benchmark/theBenchmark.p', 'qu(cond(axiom(182), 0), imp(cond(axiom(182), 0)))')).
fof(c_0_1, conjecture, (![X1]:(((ron(vd1055,X1)&rcenter(vd1057,X1))&rcircle(X1))=>X1=vd1063)), file('/export/starexec/sandbox/benchmark/theBenchmark.p', 'qu(theu(the(212), 1), imp(the(212)))')).
fof(c_0_2, axiom, (((ron(vd1055,vd1063)&rcenter(vd1057,vd1063))&rcircle(vd1063))), file('/export/starexec/sandbox/benchmark/theBenchmark.p', 'and(pred(comma_conjunct2(the(212)), 0), and(pred(comma_conjunct1(the(212)), 0), pred(the(212), 0)))')).
fof(c_0_3, axiom, (((((vd1057=vd1058&vd1055!=vd1057)&rpoint(vd1058))&vd1055=vd1056)&rpoint(vd1056))), file('/export/starexec/sandbox/benchmark/theBenchmark.p', 'and(pred(conjunct2(210), 4), and(holds(conjunct2(210), 1059, 0), and(pred(conjunct2(210), 1), and(pred(conjunct1(210), 2), pred(conjunct1(210), 1)))))')).
fof(c_0_4, plain, (![X20]:![X21]:![X22]:![X23]:![X24]:![X25]:![X26]:(((((((vf(X22,X20)!=vf(X22,X21)|~ron(X21,X24))|~ron(X20,X23))|~rcenter(X22,X24))|~rcenter(X22,X23))|(X21!=X25|~rpoint(X25)))|(X20!=X26|~rpoint(X26)))|X23=X24)), inference(shift_quantors,[status(thm)],[inference(variable_rename,[status(thm)],[inference(fof_nnf,[status(thm)],[c_0_0])])])).
fof(c_0_5, negated_conjecture, (~(![X1]:(((ron(vd1055,X1)&rcenter(vd1057,X1))&rcircle(X1))=>X1=vd1063))), inference(assume_negation,[status(cth)],[c_0_1])).
cnf(c_0_6,plain,(X1=X2|~rpoint(X3)|X4!=X3|~rpoint(X5)|X6!=X5|~rcenter(X7,X1)|~rcenter(X7,X2)|~ron(X4,X1)|~ron(X6,X2)|vf(X7,X4)!=vf(X7,X6)), inference(split_conjunct,[status(thm)],[c_0_4])).
fof(c_0_7, negated_conjecture, ((((ron(vd1055,esk1_0)&rcenter(vd1057,esk1_0))&rcircle(esk1_0))&esk1_0!=vd1063)), inference(skolemize,[status(esa)],[inference(variable_rename,[status(thm)],[inference(fof_nnf,[status(thm)],[c_0_5])])])).
cnf(c_0_8,plain,(X1=X2|vf(X3,X4)!=vf(X3,X5)|~rpoint(X5)|~rpoint(X4)|~rcenter(X3,X2)|~rcenter(X3,X1)|~ron(X5,X2)|~ron(X4,X1)), inference(er,[status(thm)],[inference(er,[status(thm)],[c_0_6])])).
cnf(c_0_9,negated_conjecture,(rcenter(vd1057,esk1_0)), inference(split_conjunct,[status(thm)],[c_0_7])).
cnf(c_0_10,negated_conjecture,(X1=esk1_0|vf(vd1057,X2)!=vf(vd1057,X3)|~rpoint(X3)|~rpoint(X2)|~rcenter(vd1057,X1)|~ron(X3,esk1_0)|~ron(X2,X1)), inference(spm,[status(thm)],[c_0_8, c_0_9])).
cnf(c_0_11,plain,(rcenter(vd1057,vd1063)), inference(split_conjunct,[status(thm)],[c_0_2])).
cnf(c_0_12,negated_conjecture,(esk1_0!=vd1063), inference(split_conjunct,[status(thm)],[c_0_7])).
cnf(c_0_13,negated_conjecture,(vf(vd1057,X1)!=vf(vd1057,X2)|~rpoint(X2)|~rpoint(X1)|~ron(X2,esk1_0)|~ron(X1,vd1063)), inference(sr,[status(thm)],[inference(spm,[status(thm)],[c_0_10, c_0_11]), c_0_12])).
cnf(c_0_14,plain,(rpoint(vd1056)), inference(split_conjunct,[status(thm)],[c_0_3])).
cnf(c_0_15,plain,(vd1055=vd1056), inference(split_conjunct,[status(thm)],[c_0_3])).
cnf(c_0_16,negated_conjecture,(~rpoint(X1)|~ron(X1,esk1_0)|~ron(X1,vd1063)), inference(er,[status(thm)],[c_0_13])).
cnf(c_0_17,negated_conjecture,(ron(vd1055,esk1_0)), inference(split_conjunct,[status(thm)],[c_0_7])).
cnf(c_0_18,plain,(rpoint(vd1055)), inference(rw,[status(thm)],[c_0_14, c_0_15])).
cnf(c_0_19,plain,(ron(vd1055,vd1063)), inference(split_conjunct,[status(thm)],[c_0_2])).
cnf(c_0_20,negated_conjecture,($false), inference(cn,[status(thm)],[inference(rw,[status(thm)],[inference(rw,[status(thm)],[inference(spm,[status(thm)],[c_0_16, c_0_17]), c_0_18]), c_0_19])]), ['proof']).
# SZS output end CNFRefutation.
EOF
