% Problem    : NUM924+4 : TPTP v6.1.0. Released v5.3.0.
% Command    : eprover --auto-schedule --tstp-format -s --proof-object --memory-limit=2048 --cpu-limit=%d %s
% Computer   : n192.star.cs.uiowa.edu
% Model      : x86_64 x86_64
% CPU        : Intel(R) Xeon(R) CPU E5-2609 0 @ 2.40GHz
% Memory     : 32286.75MB
% OS         : Linux 2.6.32-431.20.3.el6.x86_64
% CPULimit   : 300
% DateTime   : Sun Jul 20 05:14:36 CDT 2014
% CPUTime    : 
# SinE strategy is gf120_h_gu_RUU_F100_L00500
# Trying AutoSched0 for 151 seconds
# AutoSched0-Mode selected heuristic G_E___207_C18_F1_SE_CS_SP_PI_PS_S0Y
# and selection function SelectMaxLComplexAvoidPosPred.
#
# Presaturation interreduction done

# Proof found!
# SZS status Theorem
# SZS output start CNFRefutation.
fof(c_0_0, axiom, (![X189]:hAPP_int_int(hAPP_int_fun_int_int(plus_plus_int,X189),X189)=hAPP_int_int(hAPP_int_fun_int_int(times_times_int,hAPP_int_int(hAPP_int_fun_int_int(plus_plus_int,one_one_int),one_one_int)),X189)), file('/export/starexec/sandbox/benchmark/theBenchmark.p', fact_691_comm__semiring__1__class_Onormalizing__semiring__rules_I4_J)).
fof(c_0_1, axiom, (![X14]:hAPP_int_int(bit0,X14)=hAPP_int_int(hAPP_int_fun_int_int(plus_plus_int,X14),X14)), file('/export/starexec/sandbox/benchmark/theBenchmark.p', fact_266_Bit0__def)).
fof(c_0_2, axiom, (![X14]:![X42]:hAPP_int_int(hAPP_int_fun_int_int(times_times_int,hAPP_int_int(bit0,X14)),X42)=hAPP_int_int(bit0,hAPP_int_int(hAPP_int_fun_int_int(times_times_int,X14),X42))), file('/export/starexec/sandbox/benchmark/theBenchmark.p', fact_126_mult__Bit0)).
fof(c_0_3, axiom, (![X76]:hAPP_nat_int(hAPP_int_fun_nat_int(power_power_int,X76),hAPP_int_nat(number_number_of_nat,hAPP_int_int(bit0,hAPP_int_int(bit1,pls))))=hAPP_int_int(hAPP_int_fun_int_int(times_times_int,X76),X76)), file('/export/starexec/sandbox/benchmark/theBenchmark.p', fact_302_power2__eq__square)).
fof(c_0_4, axiom, (![X70]:hAPP_int_int(hAPP_int_fun_int_int(times_times_int,hAPP_int_int(hAPP_int_fun_int_int(plus_plus_int,one_one_int),one_one_int)),hAPP_int_int(number_number_of_int,X70))=hAPP_int_int(number_number_of_int,hAPP_int_int(bit0,X70))), file('/export/starexec/sandbox/benchmark/theBenchmark.p', fact_270_double__number__of__Bit0)).
fof(c_0_5, axiom, (pls=zero_zero_int), file('/export/starexec/sandbox/benchmark/theBenchmark.p', fact_256_Pls__def)).
fof(c_0_6, axiom, (![X15]:![X13]:hAPP_int_int(hAPP_int_fun_int_int(plus_plus_int,X15),X13)=hAPP_int_int(hAPP_int_fun_int_int(plus_plus_int,X13),X15)), file('/export/starexec/sandbox/benchmark/theBenchmark.p', fact_199_zadd__commute)).
fof(c_0_7, axiom, (one_one_int=hAPP_int_int(number_number_of_int,hAPP_int_int(bit1,pls))), file('/export/starexec/sandbox/benchmark/theBenchmark.p', fact_243_one__is__num__one)).
fof(c_0_8, axiom, (![X15]:![X13]:hAPP_int_int(hAPP_int_fun_int_int(times_times_int,X15),X13)=hAPP_int_int(hAPP_int_fun_int_int(times_times_int,X13),X15)), file('/export/starexec/sandbox/benchmark/theBenchmark.p', fact_54_zmult__commute)).
fof(c_0_9, conjecture, (hBOOL(hAPP_int_bool(hAPP_i1948725293t_bool(ord_less_int,hAPP_int_int(hAPP_int_fun_int_int(plus_plus_int,hAPP_nat_int(hAPP_int_fun_nat_int(power_power_int,s),hAPP_int_nat(number_number_of_nat,hAPP_int_int(bit0,hAPP_int_int(bit1,pls))))),one_one_int)),zero_zero_int))), file('/export/starexec/sandbox/benchmark/theBenchmark.p', conj_0)).
fof(c_0_10, axiom, (hAPP_int_int(hAPP_int_fun_int_int(plus_plus_int,hAPP_nat_int(hAPP_int_fun_nat_int(power_power_int,s),hAPP_int_nat(number_number_of_nat,hAPP_int_int(bit0,hAPP_int_int(bit1,pls))))),one_one_int)=hAPP_int_int(hAPP_int_fun_int_int(times_times_int,hAPP_int_int(hAPP_int_fun_int_int(plus_plus_int,hAPP_int_int(hAPP_int_fun_int_int(times_times_int,hAPP_int_int(number_number_of_int,hAPP_int_int(bit0,hAPP_int_int(bit0,hAPP_int_int(bit1,pls))))),m)),one_one_int)),t)), file('/export/starexec/sandbox/benchmark/theBenchmark.p', fact_3_t)).
fof(c_0_11, axiom, (![X160]:hAPP_int_int(hAPP_int_fun_int_int(times_times_int,X160),zero_zero_int)=zero_zero_int), file('/export/starexec/sandbox/benchmark/theBenchmark.p', fact_590_comm__semiring__1__class_Onormalizing__semiring__rules_I10_J)).
fof(c_0_12, axiom, (hBOOL(hAPP_int_bool(hAPP_i1948725293t_bool(ord_less_int,hAPP_int_int(hAPP_int_fun_int_int(times_times_int,hAPP_int_int(hAPP_int_fun_int_int(plus_plus_int,hAPP_int_int(hAPP_int_fun_int_int(times_times_int,hAPP_int_int(number_number_of_int,hAPP_int_int(bit0,hAPP_int_int(bit0,hAPP_int_int(bit1,pls))))),m)),one_one_int)),t)),hAPP_int_int(hAPP_int_fun_int_int(times_times_int,hAPP_int_int(hAPP_int_fun_int_int(plus_plus_int,hAPP_int_int(hAPP_int_fun_int_int(times_times_int,hAPP_int_int(number_number_of_int,hAPP_int_int(bit0,hAPP_int_int(bit0,hAPP_int_int(bit1,pls))))),m)),one_one_int)),zero_zero_int)))), file('/export/starexec/sandbox/benchmark/theBenchmark.p', fact_2__096_I4_A_K_Am_A_L_A1_J_A_K_At_A_060_A_I4_A_K_Am_A_L_A1_J_A_K_A0_096)).
fof(c_0_13, plain, (![X190]:hAPP_int_int(hAPP_int_fun_int_int(plus_plus_int,X190),X190)=hAPP_int_int(hAPP_int_fun_int_int(times_times_int,hAPP_int_int(hAPP_int_fun_int_int(plus_plus_int,one_one_int),one_one_int)),X190)), inference(variable_rename,[status(thm)],[c_0_0])).
fof(c_0_14, plain, (![X15]:hAPP_int_int(bit0,X15)=hAPP_int_int(hAPP_int_fun_int_int(plus_plus_int,X15),X15)), inference(variable_rename,[status(thm)],[c_0_1])).
fof(c_0_15, plain, (![X43]:![X44]:hAPP_int_int(hAPP_int_fun_int_int(times_times_int,hAPP_int_int(bit0,X43)),X44)=hAPP_int_int(bit0,hAPP_int_int(hAPP_int_fun_int_int(times_times_int,X43),X44))), inference(variable_rename,[status(thm)],[c_0_2])).
fof(c_0_16, plain, (![X77]:hAPP_nat_int(hAPP_int_fun_nat_int(power_power_int,X77),hAPP_int_nat(number_number_of_nat,hAPP_int_int(bit0,hAPP_int_int(bit1,pls))))=hAPP_int_int(hAPP_int_fun_int_int(times_times_int,X77),X77)), inference(variable_rename,[status(thm)],[c_0_3])).
fof(c_0_17, plain, (![X71]:hAPP_int_int(hAPP_int_fun_int_int(times_times_int,hAPP_int_int(hAPP_int_fun_int_int(plus_plus_int,one_one_int),one_one_int)),hAPP_int_int(number_number_of_int,X71))=hAPP_int_int(number_number_of_int,hAPP_int_int(bit0,X71))), inference(variable_rename,[status(thm)],[c_0_4])).
cnf(c_0_18,plain,(hAPP_int_int(hAPP_int_fun_int_int(plus_plus_int,X1),X1)=hAPP_int_int(hAPP_int_fun_int_int(times_times_int,hAPP_int_int(hAPP_int_fun_int_int(plus_plus_int,one_one_int),one_one_int)),X1)), inference(split_conjunct,[status(thm)],[c_0_13])).
cnf(c_0_19,plain,(hAPP_int_int(bit0,X1)=hAPP_int_int(hAPP_int_fun_int_int(plus_plus_int,X1),X1)), inference(split_conjunct,[status(thm)],[c_0_14])).
cnf(c_0_20,plain,(hAPP_int_int(hAPP_int_fun_int_int(times_times_int,hAPP_int_int(bit0,X1)),X2)=hAPP_int_int(bit0,hAPP_int_int(hAPP_int_fun_int_int(times_times_int,X1),X2))), inference(split_conjunct,[status(thm)],[c_0_15])).
cnf(c_0_21,plain,(hAPP_nat_int(hAPP_int_fun_nat_int(power_power_int,X1),hAPP_int_nat(number_number_of_nat,hAPP_int_int(bit0,hAPP_int_int(bit1,pls))))=hAPP_int_int(hAPP_int_fun_int_int(times_times_int,X1),X1)), inference(split_conjunct,[status(thm)],[c_0_16])).
cnf(c_0_22,plain,(pls=zero_zero_int), inference(split_conjunct,[status(thm)],[c_0_5])).
fof(c_0_23, plain, (![X16]:![X17]:hAPP_int_int(hAPP_int_fun_int_int(plus_plus_int,X16),X17)=hAPP_int_int(hAPP_int_fun_int_int(plus_plus_int,X17),X16)), inference(variable_rename,[status(thm)],[c_0_6])).
cnf(c_0_24,plain,(hAPP_int_int(hAPP_int_fun_int_int(times_times_int,hAPP_int_int(hAPP_int_fun_int_int(plus_plus_int,one_one_int),one_one_int)),hAPP_int_int(number_number_of_int,X1))=hAPP_int_int(number_number_of_int,hAPP_int_int(bit0,X1))), inference(split_conjunct,[status(thm)],[c_0_17])).
cnf(c_0_25,plain,(hAPP_int_int(bit0,hAPP_int_int(hAPP_int_fun_int_int(times_times_int,one_one_int),X1))=hAPP_int_int(bit0,X1)), inference(rw,[status(thm)],[inference(rw,[status(thm)],[inference(rw,[status(thm)],[c_0_18, c_0_19]), c_0_20]), c_0_19])).
cnf(c_0_26,plain,(one_one_int=hAPP_int_int(number_number_of_int,hAPP_int_int(bit1,pls))), inference(split_conjunct,[status(thm)],[c_0_7])).
fof(c_0_27, plain, (![X16]:![X17]:hAPP_int_int(hAPP_int_fun_int_int(times_times_int,X16),X17)=hAPP_int_int(hAPP_int_fun_int_int(times_times_int,X17),X16)), inference(variable_rename,[status(thm)],[c_0_8])).
fof(c_0_28, negated_conjecture, (~hBOOL(hAPP_int_bool(hAPP_i1948725293t_bool(ord_less_int,hAPP_int_int(hAPP_int_fun_int_int(plus_plus_int,hAPP_nat_int(hAPP_int_fun_nat_int(power_power_int,s),hAPP_int_nat(number_number_of_nat,hAPP_int_int(bit0,hAPP_int_int(bit1,pls))))),one_one_int)),zero_zero_int))), inference(fof_simplification,[status(thm)],[inference(assume_negation,[status(cth)],[c_0_9])])).
cnf(c_0_29,plain,(hAPP_int_int(hAPP_int_fun_int_int(plus_plus_int,hAPP_nat_int(hAPP_int_fun_nat_int(power_power_int,s),hAPP_int_nat(number_number_of_nat,hAPP_int_int(bit0,hAPP_int_int(bit1,pls))))),one_one_int)=hAPP_int_int(hAPP_int_fun_int_int(times_times_int,hAPP_int_int(hAPP_int_fun_int_int(plus_plus_int,hAPP_int_int(hAPP_int_fun_int_int(times_times_int,hAPP_int_int(number_number_of_int,hAPP_int_int(bit0,hAPP_int_int(bit0,hAPP_int_int(bit1,pls))))),m)),one_one_int)),t)), inference(split_conjunct,[status(thm)],[c_0_10])).
cnf(c_0_30,plain,(hAPP_nat_int(hAPP_int_fun_nat_int(power_power_int,X1),hAPP_int_nat(number_number_of_nat,hAPP_int_int(bit0,hAPP_int_int(bit1,zero_zero_int))))=hAPP_int_int(hAPP_int_fun_int_int(times_times_int,X1),X1)), inference(rw,[status(thm)],[c_0_21, c_0_22])).
cnf(c_0_31,plain,(hAPP_int_int(hAPP_int_fun_int_int(plus_plus_int,X1),X2)=hAPP_int_int(hAPP_int_fun_int_int(plus_plus_int,X2),X1)), inference(split_conjunct,[status(thm)],[c_0_23])).
cnf(c_0_32,plain,(hAPP_int_int(number_number_of_int,hAPP_int_int(bit0,X1))=hAPP_int_int(bit0,hAPP_int_int(number_number_of_int,X1))), inference(rw,[status(thm)],[inference(rw,[status(thm)],[inference(rw,[status(thm)],[c_0_24, c_0_19]), c_0_20]), c_0_25])).
cnf(c_0_33,plain,(hAPP_int_int(number_number_of_int,hAPP_int_int(bit1,zero_zero_int))=one_one_int), inference(rw,[status(thm)],[c_0_26, c_0_22])).
cnf(c_0_34,plain,(hAPP_int_int(hAPP_int_fun_int_int(times_times_int,X1),X2)=hAPP_int_int(hAPP_int_fun_int_int(times_times_int,X2),X1)), inference(split_conjunct,[status(thm)],[c_0_27])).
fof(c_0_35, plain, (![X161]:hAPP_int_int(hAPP_int_fun_int_int(times_times_int,X161),zero_zero_int)=zero_zero_int), inference(variable_rename,[status(thm)],[c_0_11])).
cnf(c_0_36,negated_conjecture,(~hBOOL(hAPP_int_bool(hAPP_i1948725293t_bool(ord_less_int,hAPP_int_int(hAPP_int_fun_int_int(plus_plus_int,hAPP_nat_int(hAPP_int_fun_nat_int(power_power_int,s),hAPP_int_nat(number_number_of_nat,hAPP_int_int(bit0,hAPP_int_int(bit1,pls))))),one_one_int)),zero_zero_int))), inference(split_conjunct,[status(thm)],[c_0_28])).
cnf(c_0_37,plain,(hBOOL(hAPP_int_bool(hAPP_i1948725293t_bool(ord_less_int,hAPP_int_int(hAPP_int_fun_int_int(times_times_int,hAPP_int_int(hAPP_int_fun_int_int(plus_plus_int,hAPP_int_int(hAPP_int_fun_int_int(times_times_int,hAPP_int_int(number_number_of_int,hAPP_int_int(bit0,hAPP_int_int(bit0,hAPP_int_int(bit1,pls))))),m)),one_one_int)),t)),hAPP_int_int(hAPP_int_fun_int_int(times_times_int,hAPP_int_int(hAPP_int_fun_int_int(plus_plus_int,hAPP_int_int(hAPP_int_fun_int_int(times_times_int,hAPP_int_int(number_number_of_int,hAPP_int_int(bit0,hAPP_int_int(bit0,hAPP_int_int(bit1,pls))))),m)),one_one_int)),zero_zero_int)))), inference(split_conjunct,[status(thm)],[c_0_12])).
cnf(c_0_38,plain,(hAPP_int_int(hAPP_int_fun_int_int(times_times_int,t),hAPP_int_int(hAPP_int_fun_int_int(plus_plus_int,one_one_int),hAPP_int_int(bit0,hAPP_int_int(bit0,m))))=hAPP_int_int(hAPP_int_fun_int_int(plus_plus_int,one_one_int),hAPP_int_int(hAPP_int_fun_int_int(times_times_int,s),s))), inference(rw,[status(thm)],[inference(rw,[status(thm)],[inference(rw,[status(thm)],[inference(rw,[status(thm)],[inference(rw,[status(thm)],[inference(rw,[status(thm)],[inference(rw,[status(thm)],[inference(rw,[status(thm)],[inference(rw,[status(thm)],[inference(rw,[status(thm)],[inference(rw,[status(thm)],[inference(rw,[status(thm)],[c_0_29, c_0_22]), c_0_30]), c_0_31]), c_0_22]), c_0_32]), c_0_32]), c_0_33]), c_0_20]), c_0_20]), c_0_25]), c_0_31]), c_0_34])).
cnf(c_0_39,plain,(hAPP_int_int(hAPP_int_fun_int_int(times_times_int,X1),zero_zero_int)=zero_zero_int), inference(split_conjunct,[status(thm)],[c_0_35])).
cnf(c_0_40,negated_conjecture,(~hBOOL(hAPP_int_bool(hAPP_i1948725293t_bool(ord_less_int,hAPP_int_int(hAPP_int_fun_int_int(plus_plus_int,hAPP_nat_int(hAPP_int_fun_nat_int(power_power_int,s),hAPP_int_nat(number_number_of_nat,hAPP_int_int(bit0,hAPP_int_int(bit1,zero_zero_int))))),one_one_int)),zero_zero_int))), inference(rw,[status(thm)],[c_0_36, c_0_22])).
cnf(c_0_41,plain,(hBOOL(hAPP_int_bool(hAPP_i1948725293t_bool(ord_less_int,hAPP_int_int(hAPP_int_fun_int_int(plus_plus_int,one_one_int),hAPP_int_int(hAPP_int_fun_int_int(times_times_int,s),s))),zero_zero_int))), inference(rw,[status(thm)],[inference(rw,[status(thm)],[inference(rw,[status(thm)],[inference(rw,[status(thm)],[inference(rw,[status(thm)],[inference(rw,[status(thm)],[inference(rw,[status(thm)],[inference(rw,[status(thm)],[inference(rw,[status(thm)],[inference(rw,[status(thm)],[inference(rw,[status(thm)],[inference(rw,[status(thm)],[inference(rw,[status(thm)],[inference(rw,[status(thm)],[inference(rw,[status(thm)],[inference(rw,[status(thm)],[inference(rw,[status(thm)],[inference(rw,[status(thm)],[inference(rw,[status(thm)],[c_0_37, c_0_22]), c_0_32]), c_0_32]), c_0_33]), c_0_20]), c_0_20]), c_0_25]), c_0_31]), c_0_34]), c_0_38]), c_0_22]), c_0_32]), c_0_32]), c_0_33]), c_0_20]), c_0_20]), c_0_25]), c_0_31]), c_0_39])).
cnf(c_0_42,negated_conjecture,($false), inference(cn,[status(thm)],[inference(rw,[status(thm)],[inference(rw,[status(thm)],[inference(rw,[status(thm)],[c_0_40, c_0_31]), c_0_30]), c_0_41])]), ['proof']).
# SZS output end CNFRefutation.
EOF
