% Problem    : SWB017+1 : TPTP v6.1.0. Released v5.2.0.
% Command    : eprover --auto-schedule --tstp-format -s --proof-object --memory-limit=2048 --cpu-limit=%d %s
% Computer   : n102.star.cs.uiowa.edu
% Model      : x86_64 x86_64
% CPU        : Intel(R) Xeon(R) CPU E5-2609 0 @ 2.40GHz
% Memory     : 32286.75MB
% OS         : Linux 2.6.32-431.20.3.el6.x86_64
% CPULimit   : 300
% DateTime   : Sun Jul 20 04:10:56 CDT 2014
% CPUTime    : 
# No SInE strategy applied
# Trying AutoSched0 for 151 seconds
# AutoSched0-Mode selected heuristic H_____047_C45_F1_AE_R8_CS_SP_S2S
# and selection function SelectNewComplexAHP.
#

# Proof found!
# SZS status Theorem
# SZS output start CNFRefutation.
fof(c_0_0, axiom, (![X33]:![X34]:(iext(uri_owl_propertyDisjointWith,X33,X34)<=>((ip(X33)&ip(X34))&![X4]:![X7]:~((iext(X33,X4,X7)&iext(X34,X4,X7)))))), file('/export/starexec/sandbox/benchmark/Axioms/SWB001+0.ax', owl_eqdis_propertydisjointwith)).
fof(c_0_1, conjecture, (iext(uri_owl_differentFrom,uri_ex_w,uri_ex_u)), file('/export/starexec/sandbox/benchmark/theBenchmark.p', testcase_conclusion_fullish_017_Built_in_Based_Definitions)).
fof(c_0_2, axiom, (![X4]:![X7]:(iext(uri_owl_differentFrom,X4,X7)<=>X4!=X7)), file('/export/starexec/sandbox/benchmark/Axioms/SWB001+0.ax', owl_eqdis_differentfrom)).
fof(c_0_3, axiom, (((iext(uri_owl_propertyDisjointWith,uri_ex_notInstanceOf,uri_rdf_type)&iext(uri_rdf_type,uri_ex_w,uri_ex_c))&iext(uri_ex_notInstanceOf,uri_ex_u,uri_ex_c))), file('/export/starexec/sandbox/benchmark/theBenchmark.p', testcase_premise_fullish_017_Built_in_Based_Definitions)).
fof(c_0_4, plain, (![X35]:![X36]:![X37]:![X38]:![X39]:![X40]:((((ip(X35)|~iext(uri_owl_propertyDisjointWith,X35,X36))&(ip(X36)|~iext(uri_owl_propertyDisjointWith,X35,X36)))&((~iext(X35,X37,X38)|~iext(X36,X37,X38))|~iext(uri_owl_propertyDisjointWith,X35,X36)))&(((iext(X39,esk119_2(X39,X40),esk120_2(X39,X40))|(~ip(X39)|~ip(X40)))|iext(uri_owl_propertyDisjointWith,X39,X40))&((iext(X40,esk119_2(X39,X40),esk120_2(X39,X40))|(~ip(X39)|~ip(X40)))|iext(uri_owl_propertyDisjointWith,X39,X40))))), inference(distribute,[status(thm)],[inference(shift_quantors,[status(thm)],[inference(skolemize,[status(esa)],[inference(variable_rename,[status(thm)],[inference(shift_quantors,[status(thm)],[inference(fof_nnf,[status(thm)],[c_0_0])])])])])])).
fof(c_0_5, negated_conjecture, (~iext(uri_owl_differentFrom,uri_ex_w,uri_ex_u)), inference(fof_simplification,[status(thm)],[inference(assume_negation,[status(cth)],[c_0_1])])).
fof(c_0_6, plain, (![X8]:![X9]:![X10]:![X11]:((~iext(uri_owl_differentFrom,X8,X9)|X8!=X9)&(X10=X11|iext(uri_owl_differentFrom,X10,X11)))), inference(shift_quantors,[status(thm)],[inference(variable_rename,[status(thm)],[inference(shift_quantors,[status(thm)],[inference(fof_nnf,[status(thm)],[c_0_2])])])])).
cnf(c_0_7,plain,(~iext(uri_owl_propertyDisjointWith,X1,X2)|~iext(X2,X3,X4)|~iext(X1,X3,X4)), inference(split_conjunct,[status(thm)],[c_0_4])).
cnf(c_0_8,plain,(iext(uri_owl_propertyDisjointWith,uri_ex_notInstanceOf,uri_rdf_type)), inference(split_conjunct,[status(thm)],[c_0_3])).
cnf(c_0_9,negated_conjecture,(~iext(uri_owl_differentFrom,uri_ex_w,uri_ex_u)), inference(split_conjunct,[status(thm)],[c_0_5])).
cnf(c_0_10,plain,(iext(uri_owl_differentFrom,X1,X2)|X1=X2), inference(split_conjunct,[status(thm)],[c_0_6])).
cnf(c_0_11,plain,(~iext(uri_rdf_type,X1,X2)|~iext(uri_ex_notInstanceOf,X1,X2)), inference(spm,[status(thm)],[c_0_7, c_0_8])).
cnf(c_0_12,plain,(iext(uri_rdf_type,uri_ex_w,uri_ex_c)), inference(split_conjunct,[status(thm)],[c_0_3])).
cnf(c_0_13,plain,(iext(uri_ex_notInstanceOf,uri_ex_u,uri_ex_c)), inference(split_conjunct,[status(thm)],[c_0_3])).
cnf(c_0_14,negated_conjecture,(uri_ex_u=uri_ex_w), inference(spm,[status(thm)],[c_0_9, c_0_10])).
cnf(c_0_15,plain,(~iext(uri_ex_notInstanceOf,uri_ex_w,uri_ex_c)), inference(spm,[status(thm)],[c_0_11, c_0_12])).
cnf(c_0_16,plain,($false), inference(sr,[status(thm)],[inference(rw,[status(thm)],[c_0_13, c_0_14]), c_0_15]), ['proof']).
# SZS output end CNFRefutation.
EOF
