% Problem    : NUM924+1 : TPTP v6.1.0. Released v5.3.0.
% Command    : eprover --auto-schedule --tstp-format -s --proof-object --memory-limit=2048 --cpu-limit=%d %s
% Computer   : n097.star.cs.uiowa.edu
% Model      : x86_64 x86_64
% CPU        : Intel(R) Xeon(R) CPU E5-2609 0 @ 2.40GHz
% Memory     : 32286.75MB
% OS         : Linux 2.6.32-431.20.3.el6.x86_64
% CPULimit   : 300
% DateTime   : Sun Jul 20 03:25:46 CDT 2014
% CPUTime    : 
# No SInE strategy applied
# Trying AutoSched0 for 151 seconds
# AutoSched0-Mode selected heuristic G_E___107_B42_F1_PI_AE_Q4_CS_SP_PS_S0Y
# and selection function SelectMaxLComplexAvoidPosPred.
#
# Presaturation interreduction done

# Proof found!
# SZS status Theorem
# SZS output start CNFRefutation.
fof(c_0_0, axiom, (![X8]:plus_plus_int(number_number_of_int(X8),one_one_int)=number_number_of_int(plus_plus_int(X8,bit1(pls)))), file('/export/starexec/sandbox/benchmark/theBenchmark.p', fact_18_add__special_I3_J)).
fof(c_0_1, axiom, (![X11]:number_number_of_int(X11)=X11), file('/export/starexec/sandbox/benchmark/theBenchmark.p', fact_24_number__of__is__id)).
fof(c_0_2, conjecture, (ord_less_int(plus_plus_int(power_power_int(s,number_number_of_nat(bit0(bit1(pls)))),one_one_int),zero_zero_int)), file('/export/starexec/sandbox/benchmark/theBenchmark.p', conj_0)).
fof(c_0_3, axiom, (![X12]:![X10]:plus_plus_int(X12,X10)=plus_plus_int(X10,X12)), file('/export/starexec/sandbox/benchmark/theBenchmark.p', fact_104_zadd__commute)).
fof(c_0_4, axiom, (zero_zero_int=number_number_of_int(pls)), file('/export/starexec/sandbox/benchmark/theBenchmark.p', fact_105_zero__is__num__zero)).
fof(c_0_5, axiom, (plus_plus_int(power_power_int(s,number_number_of_nat(bit0(bit1(pls)))),one_one_int)=times_times_int(plus_plus_int(times_times_int(number_number_of_int(bit0(bit0(bit1(pls)))),m),one_one_int),t)), file('/export/starexec/sandbox/benchmark/theBenchmark.p', fact_3_t)).
fof(c_0_6, axiom, (![X1]:![X2]:![X12]:power_power_int(X1,plus_plus_nat(X2,X12))=times_times_int(power_power_int(X1,X2),power_power_int(X1,X12))), file('/export/starexec/sandbox/benchmark/theBenchmark.p', fact_33_zpower__zadd__distrib)).
fof(c_0_7, axiom, (![X12]:![X10]:times_times_int(X12,X10)=times_times_int(X10,X12)), file('/export/starexec/sandbox/benchmark/theBenchmark.p', fact_25_zmult__commute)).
fof(c_0_8, axiom, (ord_less_int(times_times_int(plus_plus_int(times_times_int(number_number_of_int(bit0(bit0(bit1(pls)))),m),one_one_int),t),times_times_int(plus_plus_int(times_times_int(number_number_of_int(bit0(bit0(bit1(pls)))),m),one_one_int),zero_zero_int))), file('/export/starexec/sandbox/benchmark/theBenchmark.p', fact_2__096_I4_A_K_Am_A_L_A1_J_A_K_At_A_060_A_I4_A_K_Am_A_L_A1_J_A_K_A0_096)).
fof(c_0_9, axiom, (![X10]:times_times_int(pls,X10)=pls), file('/export/starexec/sandbox/benchmark/theBenchmark.p', fact_66_mult__Pls)).
fof(c_0_10, axiom, (plus_plus_nat(one_one_nat,one_one_nat)=number_number_of_nat(bit0(bit1(pls)))), file('/export/starexec/sandbox/benchmark/theBenchmark.p', fact_65_nat__1__add__1)).
fof(c_0_11, plain, (![X9]:plus_plus_int(number_number_of_int(X9),one_one_int)=number_number_of_int(plus_plus_int(X9,bit1(pls)))), inference(variable_rename,[status(thm)],[c_0_0])).
fof(c_0_12, plain, (![X12]:number_number_of_int(X12)=X12), inference(variable_rename,[status(thm)],[c_0_1])).
fof(c_0_13, negated_conjecture, (~ord_less_int(plus_plus_int(power_power_int(s,number_number_of_nat(bit0(bit1(pls)))),one_one_int),zero_zero_int)), inference(fof_simplification,[status(thm)],[inference(assume_negation,[status(cth)],[c_0_2])])).
cnf(c_0_14,plain,(plus_plus_int(number_number_of_int(X1),one_one_int)=number_number_of_int(plus_plus_int(X1,bit1(pls)))), inference(split_conjunct,[status(thm)],[c_0_11])).
cnf(c_0_15,plain,(number_number_of_int(X1)=X1), inference(split_conjunct,[status(thm)],[c_0_12])).
fof(c_0_16, plain, (![X13]:![X14]:plus_plus_int(X13,X14)=plus_plus_int(X14,X13)), inference(variable_rename,[status(thm)],[c_0_3])).
cnf(c_0_17,plain,(zero_zero_int=number_number_of_int(pls)), inference(split_conjunct,[status(thm)],[c_0_4])).
cnf(c_0_18,plain,(plus_plus_int(power_power_int(s,number_number_of_nat(bit0(bit1(pls)))),one_one_int)=times_times_int(plus_plus_int(times_times_int(number_number_of_int(bit0(bit0(bit1(pls)))),m),one_one_int),t)), inference(split_conjunct,[status(thm)],[c_0_5])).
fof(c_0_19, plain, (![X13]:![X14]:![X15]:power_power_int(X13,plus_plus_nat(X14,X15))=times_times_int(power_power_int(X13,X14),power_power_int(X13,X15))), inference(variable_rename,[status(thm)],[c_0_6])).
fof(c_0_20, plain, (![X13]:![X14]:times_times_int(X13,X14)=times_times_int(X14,X13)), inference(variable_rename,[status(thm)],[c_0_7])).
cnf(c_0_21,plain,(ord_less_int(times_times_int(plus_plus_int(times_times_int(number_number_of_int(bit0(bit0(bit1(pls)))),m),one_one_int),t),times_times_int(plus_plus_int(times_times_int(number_number_of_int(bit0(bit0(bit1(pls)))),m),one_one_int),zero_zero_int))), inference(split_conjunct,[status(thm)],[c_0_8])).
fof(c_0_22, plain, (![X11]:times_times_int(pls,X11)=pls), inference(variable_rename,[status(thm)],[c_0_9])).
cnf(c_0_23,negated_conjecture,(~ord_less_int(plus_plus_int(power_power_int(s,number_number_of_nat(bit0(bit1(pls)))),one_one_int),zero_zero_int)), inference(split_conjunct,[status(thm)],[c_0_13])).
cnf(c_0_24,plain,(plus_plus_nat(one_one_nat,one_one_nat)=number_number_of_nat(bit0(bit1(pls)))), inference(split_conjunct,[status(thm)],[c_0_10])).
cnf(c_0_25,plain,(plus_plus_int(X1,bit1(pls))=plus_plus_int(X1,one_one_int)), inference(rw,[status(thm)],[inference(rw,[status(thm)],[c_0_14, c_0_15]), c_0_15])).
cnf(c_0_26,plain,(plus_plus_int(X1,X2)=plus_plus_int(X2,X1)), inference(split_conjunct,[status(thm)],[c_0_16])).
cnf(c_0_27,plain,(pls=zero_zero_int), inference(rw,[status(thm)],[c_0_17, c_0_15])).
cnf(c_0_28,plain,(times_times_int(plus_plus_int(times_times_int(bit0(bit0(bit1(pls))),m),one_one_int),t)=plus_plus_int(power_power_int(s,number_number_of_nat(bit0(bit1(pls)))),one_one_int)), inference(rw,[status(thm)],[c_0_18, c_0_15])).
cnf(c_0_29,plain,(power_power_int(X1,plus_plus_nat(X2,X3))=times_times_int(power_power_int(X1,X2),power_power_int(X1,X3))), inference(split_conjunct,[status(thm)],[c_0_19])).
cnf(c_0_30,plain,(times_times_int(X1,X2)=times_times_int(X2,X1)), inference(split_conjunct,[status(thm)],[c_0_20])).
cnf(c_0_31,plain,(ord_less_int(times_times_int(plus_plus_int(times_times_int(bit0(bit0(bit1(pls))),m),one_one_int),t),times_times_int(plus_plus_int(times_times_int(bit0(bit0(bit1(pls))),m),one_one_int),zero_zero_int))), inference(rw,[status(thm)],[inference(rw,[status(thm)],[c_0_21, c_0_15]), c_0_15])).
cnf(c_0_32,plain,(times_times_int(pls,X1)=pls), inference(split_conjunct,[status(thm)],[c_0_22])).
cnf(c_0_33,negated_conjecture,(~ord_less_int(plus_plus_int(bit1(pls),power_power_int(s,plus_plus_nat(one_one_nat,one_one_nat))),pls)), inference(rw,[status(thm)],[inference(rw,[status(thm)],[inference(rw,[status(thm)],[inference(rw,[status(thm)],[c_0_23, c_0_24]), c_0_25]), c_0_26]), c_0_27])).
cnf(c_0_34,plain,(plus_plus_int(bit1(pls),times_times_int(power_power_int(s,one_one_nat),power_power_int(s,one_one_nat)))=times_times_int(t,plus_plus_int(bit1(pls),times_times_int(m,bit0(bit0(bit1(pls))))))), inference(rw,[status(thm)],[inference(rw,[status(thm)],[inference(rw,[status(thm)],[inference(rw,[status(thm)],[inference(rw,[status(thm)],[inference(rw,[status(thm)],[inference(rw,[status(thm)],[inference(rw,[status(thm)],[c_0_28, c_0_24]), c_0_29]), c_0_25]), c_0_26]), c_0_30]), c_0_25]), c_0_26]), c_0_30])).
cnf(c_0_35,plain,(ord_less_int(times_times_int(t,plus_plus_int(bit1(pls),times_times_int(m,bit0(bit0(bit1(pls)))))),pls)), inference(rw,[status(thm)],[inference(rw,[status(thm)],[inference(rw,[status(thm)],[inference(rw,[status(thm)],[inference(rw,[status(thm)],[inference(rw,[status(thm)],[inference(rw,[status(thm)],[inference(rw,[status(thm)],[inference(rw,[status(thm)],[inference(rw,[status(thm)],[c_0_31, c_0_30]), c_0_25]), c_0_26]), c_0_30]), c_0_30]), c_0_25]), c_0_26]), c_0_27]), c_0_30]), c_0_32])).
cnf(c_0_36,negated_conjecture,($false), inference(cn,[status(thm)],[inference(rw,[status(thm)],[inference(rw,[status(thm)],[inference(rw,[status(thm)],[c_0_33, c_0_29]), c_0_34]), c_0_35])]), ['proof']).
# SZS output end CNFRefutation.
EOF
