% Problem    : GRP715+1 : TPTP v6.1.0. Released v4.0.0.
% Command    : eprover --auto-schedule --tstp-format -s --proof-object --memory-limit=2048 --cpu-limit=%d %s
% Computer   : n104.star.cs.uiowa.edu
% Model      : x86_64 x86_64
% CPU        : Intel(R) Xeon(R) CPU E5-2609 0 @ 2.40GHz
% Memory     : 32286.75MB
% OS         : Linux 2.6.32-431.20.3.el6.x86_64
% CPULimit   : 300
% DateTime   : Sun Jul 20 03:43:06 CDT 2014
% CPUTime    : 
# No SInE strategy applied
# Trying AutoSched0 for 151 seconds
# AutoSched0-Mode selected heuristic G_E___100_C18_F1_PI_AE_Q4_CS_SP_S0Y
# and selection function SelectMaxLComplexAvoidPosPred.
#

# Proof found!
# SZS status Theorem
# SZS output start CNFRefutation.
fof(c_0_0, axiom, (![X2]:![X3]:mult(X3,mult(X2,X2))=mult(mult(X3,X2),X2)), file('/export/starexec/sandbox/benchmark/theBenchmark.p', f07)).
fof(c_0_1, axiom, (![X1]:![X2]:![X3]:mult(mult(mult(X3,X2),X1),X2)=mult(X3,mult(mult(X2,X1),X2))), file('/export/starexec/sandbox/benchmark/theBenchmark.p', f06)).
fof(c_0_2, axiom, (![X3]:mult(unit,X3)=X3), file('/export/starexec/sandbox/benchmark/theBenchmark.p', f09)).
fof(c_0_3, axiom, (mult(op_b,op_a)=unit), file('/export/starexec/sandbox/benchmark/theBenchmark.p', f11)).
fof(c_0_4, axiom, (mult(op_a,op_b)=unit), file('/export/starexec/sandbox/benchmark/theBenchmark.p', f10)).
fof(c_0_5, axiom, (![X3]:mult(X3,unit)=X3), file('/export/starexec/sandbox/benchmark/theBenchmark.p', f08)).
fof(c_0_6, conjecture, (![X4]:(mult(mult(X4,op_a),op_b)=X4&mult(mult(X4,op_b),op_a)=X4)), file('/export/starexec/sandbox/benchmark/theBenchmark.p', goals)).
fof(c_0_7, plain, (![X4]:![X5]:mult(X5,mult(X4,X4))=mult(mult(X5,X4),X4)), inference(variable_rename,[status(thm)],[c_0_0])).
fof(c_0_8, plain, (![X4]:![X5]:![X6]:mult(mult(mult(X6,X5),X4),X5)=mult(X6,mult(mult(X5,X4),X5))), inference(variable_rename,[status(thm)],[c_0_1])).
cnf(c_0_9,plain,(mult(X1,mult(X2,X2))=mult(mult(X1,X2),X2)), inference(split_conjunct,[status(thm)],[c_0_7])).
cnf(c_0_10,plain,(mult(mult(mult(X1,X2),X3),X2)=mult(X1,mult(mult(X2,X3),X2))), inference(split_conjunct,[status(thm)],[c_0_8])).
fof(c_0_11, plain, (![X4]:mult(unit,X4)=X4), inference(variable_rename,[status(thm)],[c_0_2])).
cnf(c_0_12,plain,(mult(mult(X1,mult(mult(X2,X3),X2)),X2)=mult(mult(mult(X1,X2),X3),mult(X2,X2))), inference(spm,[status(thm)],[c_0_9, c_0_10])).
cnf(c_0_13,plain,(mult(op_b,op_a)=unit), inference(split_conjunct,[status(thm)],[c_0_3])).
cnf(c_0_14,plain,(mult(unit,X1)=X1), inference(split_conjunct,[status(thm)],[c_0_11])).
cnf(c_0_15,plain,(mult(op_a,op_b)=unit), inference(split_conjunct,[status(thm)],[c_0_4])).
fof(c_0_16, plain, (![X4]:mult(X4,unit)=X4), inference(variable_rename,[status(thm)],[c_0_5])).
cnf(c_0_17,plain,(mult(mult(mult(X1,op_b),op_a),mult(op_b,op_b))=mult(X1,mult(op_b,op_b))), inference(rw,[status(thm)],[inference(rw,[status(thm)],[inference(spm,[status(thm)],[c_0_12, c_0_13]), c_0_14]), c_0_9])).
cnf(c_0_18,plain,(mult(op_a,mult(op_b,op_b))=op_b), inference(rw,[status(thm)],[inference(spm,[status(thm)],[c_0_9, c_0_15]), c_0_14])).
cnf(c_0_19,plain,(mult(X1,unit)=X1), inference(split_conjunct,[status(thm)],[c_0_16])).
fof(c_0_20, negated_conjecture, (~(![X4]:(mult(mult(X4,op_a),op_b)=X4&mult(mult(X4,op_b),op_a)=X4))), inference(assume_negation,[status(cth)],[c_0_6])).
cnf(c_0_21,plain,(mult(mult(X1,mult(op_b,op_b)),op_a)=mult(X1,op_b)), inference(rw,[status(thm)],[inference(rw,[status(thm)],[inference(rw,[status(thm)],[inference(spm,[status(thm)],[c_0_10, c_0_17]), c_0_18]), c_0_13]), c_0_19])).
fof(c_0_22, negated_conjecture, ((mult(mult(esk1_0,op_a),op_b)!=esk1_0|mult(mult(esk2_0,op_b),op_a)!=esk2_0)), inference(skolemize,[status(esa)],[inference(variable_rename,[status(thm)],[inference(shift_quantors,[status(thm)],[inference(fof_nnf,[status(thm)],[c_0_20])])])])).
cnf(c_0_23,plain,(mult(mult(X1,op_a),op_b)=X1), inference(rw,[status(thm)],[inference(rw,[status(thm)],[inference(rw,[status(thm)],[inference(spm,[status(thm)],[c_0_10, c_0_21]), c_0_18]), c_0_13]), c_0_19])).
cnf(c_0_24,negated_conjecture,(mult(mult(esk2_0,op_b),op_a)!=esk2_0|mult(mult(esk1_0,op_a),op_b)!=esk1_0), inference(split_conjunct,[status(thm)],[c_0_22])).
cnf(c_0_25,plain,(mult(mult(X1,op_a),mult(op_b,op_b))=mult(X1,op_b)), inference(spm,[status(thm)],[c_0_9, c_0_23])).
cnf(c_0_26,negated_conjecture,(mult(mult(esk2_0,op_b),op_a)!=esk2_0), inference(cn,[status(thm)],[inference(rw,[status(thm)],[c_0_24, c_0_23])])).
cnf(c_0_27,plain,(mult(mult(X1,op_b),op_a)=X1), inference(rw,[status(thm)],[inference(spm,[status(thm)],[c_0_21, c_0_25]), c_0_23])).
cnf(c_0_28,negated_conjecture,($false), inference(cn,[status(thm)],[inference(rw,[status(thm)],[c_0_26, c_0_27])]), ['proof']).
# SZS output end CNFRefutation.
EOF
