% Problem    : SWV486+2 : TPTP v6.1.0. Released v4.0.0.
% Command    : eprover --auto-schedule --tstp-format -s --proof-object --memory-limit=2048 --cpu-limit=%d %s
% Computer   : n115.star.cs.uiowa.edu
% Model      : x86_64 x86_64
% CPU        : Intel(R) Xeon(R) CPU E5-2609 0 @ 2.40GHz
% Memory     : 32286.75MB
% OS         : Linux 2.6.32-431.20.3.el6.x86_64
% CPULimit   : 300
% DateTime   : Sun Jul 20 04:29:21 CDT 2014
% CPUTime    : 
# No SInE strategy applied
# Trying AutoSched0 for 151 seconds
# AutoSched0-Mode selected heuristic G_E___200_C45_F1_AE_CS_SP_S0Y
# and selection function SelectMaxLComplexAvoidPosPred.
#

# Proof found!
# SZS status Theorem
# SZS output start CNFRefutation.
fof(c_0_0, axiom, (![X1]:![X2]:![X3]:((int_less(X1,X2)&int_less(X2,X3))=>int_less(X1,X3))), file('/export/starexec/sandbox/benchmark/theBenchmark.p', int_less_transitive)).
fof(c_0_1, axiom, (![X1]:![X2]:(int_leq(X1,X2)<=>(int_less(X1,X2)|X1=X2))), file('/export/starexec/sandbox/benchmark/theBenchmark.p', int_leq)).
fof(c_0_2, conjecture, (![X1]:![X2]:(((int_leq(int_one,X1)&int_less(X1,X2))&int_leq(X2,n))=>a(X1,X2)=real_zero)), file('/export/starexec/sandbox/benchmark/theBenchmark.p', lt)).
fof(c_0_3, axiom, (![X1]:![X2]:(int_less(X1,X2)=>X1!=X2)), file('/export/starexec/sandbox/benchmark/theBenchmark.p', int_less_irreflexive)).
fof(c_0_4, axiom, (![X1]:![X2]:(int_less(X1,X2)<=>?[X3]:(plus(X1,X3)=X2&int_less(int_zero,X3)))), file('/export/starexec/sandbox/benchmark/theBenchmark.p', plus_and_inverse)).
fof(c_0_5, axiom, (![X1]:(int_less(int_zero,X1)<=>int_leq(int_one,X1))), file('/export/starexec/sandbox/benchmark/theBenchmark.p', one_successor_of_zero)).
fof(c_0_6, axiom, (![X1]:![X2]:(int_less(X1,X2)|int_leq(X2,X1))), file('/export/starexec/sandbox/benchmark/theBenchmark.p', int_less_total)).
fof(c_0_7, hypothesis, (![X1]:![X2]:((((int_leq(int_one,X1)&int_leq(X1,n))&int_leq(int_one,X2))&int_leq(X2,n))=>((![X8]:((int_less(int_zero,X8)&X1=plus(X2,X8))=>![X3]:((int_leq(int_one,X3)&int_leq(X3,X2))=>a(plus(X3,X8),X3)=lu(plus(X3,X8),X3)))&![X3]:((int_leq(int_one,X3)&int_leq(X3,X2))=>a(X3,X3)=real_one))&![X8]:((int_less(int_zero,X8)&X2=plus(X1,X8))=>![X3]:((int_leq(int_one,X3)&int_leq(X3,X1))=>a(X3,plus(X3,X8))=real_zero))))), file('/export/starexec/sandbox/benchmark/theBenchmark.p', qil)).
fof(c_0_8, plain, (![X2]:![X1]:(epred1_2(X1,X2)<=>((![X8]:((int_less(int_zero,X8)&X1=plus(X2,X8))=>![X3]:((int_leq(int_one,X3)&int_leq(X3,X2))=>a(plus(X3,X8),X3)=lu(plus(X3,X8),X3)))&![X3]:((int_leq(int_one,X3)&int_leq(X3,X2))=>a(X3,X3)=real_one))&![X8]:((int_less(int_zero,X8)&X2=plus(X1,X8))=>![X3]:((int_leq(int_one,X3)&int_leq(X3,X1))=>a(X3,plus(X3,X8))=real_zero))))), introduced(definition)).
fof(c_0_9, plain, (![X4]:![X5]:![X6]:((~int_less(X4,X5)|~int_less(X5,X6))|int_less(X4,X6))), inference(variable_rename,[status(thm)],[inference(fof_nnf,[status(thm)],[c_0_0])])).
fof(c_0_10, plain, (![X3]:![X4]:![X5]:![X6]:((~int_leq(X3,X4)|(int_less(X3,X4)|X3=X4))&((~int_less(X5,X6)|int_leq(X5,X6))&(X5!=X6|int_leq(X5,X6))))), inference(distribute,[status(thm)],[inference(shift_quantors,[status(thm)],[inference(variable_rename,[status(thm)],[inference(shift_quantors,[status(thm)],[inference(fof_nnf,[status(thm)],[c_0_1])])])])])).
fof(c_0_11, negated_conjecture, (~(![X1]:![X2]:(((int_leq(int_one,X1)&int_less(X1,X2))&int_leq(X2,n))=>a(X1,X2)=real_zero))), inference(assume_negation,[status(cth)],[c_0_2])).
fof(c_0_12, plain, (![X2]:![X1]:(epred1_2(X1,X2)=>((![X8]:((int_less(int_zero,X8)&X1=plus(X2,X8))=>![X3]:((int_leq(int_one,X3)&int_leq(X3,X2))=>a(plus(X3,X8),X3)=lu(plus(X3,X8),X3)))&![X3]:((int_leq(int_one,X3)&int_leq(X3,X2))=>a(X3,X3)=real_one))&![X8]:((int_less(int_zero,X8)&X2=plus(X1,X8))=>![X3]:((int_leq(int_one,X3)&int_leq(X3,X1))=>a(X3,plus(X3,X8))=real_zero))))), inference(split_equiv,[status(thm)],[c_0_8])).
fof(c_0_13, plain, (![X3]:![X4]:(~int_less(X3,X4)|X3!=X4)), inference(variable_rename,[status(thm)],[inference(fof_nnf,[status(thm)],[c_0_3])])).
cnf(c_0_14,plain,(int_less(X1,X2)|~int_less(X3,X2)|~int_less(X1,X3)), inference(split_conjunct,[status(thm)],[c_0_9])).
cnf(c_0_15,plain,(X1=X2|int_less(X1,X2)|~int_leq(X1,X2)), inference(split_conjunct,[status(thm)],[c_0_10])).
fof(c_0_16, negated_conjecture, ((((int_leq(int_one,esk2_0)&int_less(esk2_0,esk3_0))&int_leq(esk3_0,n))&a(esk2_0,esk3_0)!=real_zero)), inference(skolemize,[status(esa)],[inference(variable_rename,[status(thm)],[inference(fof_nnf,[status(thm)],[c_0_11])])])).
fof(c_0_17, plain, (![X9]:![X10]:![X11]:![X12]:![X13]:![X14]:![X15]:(((((~int_less(int_zero,X11)|X10!=plus(X9,X11))|((~int_leq(int_one,X12)|~int_leq(X12,X9))|a(plus(X12,X11),X12)=lu(plus(X12,X11),X12)))|~epred1_2(X10,X9))&(((~int_leq(int_one,X13)|~int_leq(X13,X9))|a(X13,X13)=real_one)|~epred1_2(X10,X9)))&(((~int_less(int_zero,X14)|X9!=plus(X10,X14))|((~int_leq(int_one,X15)|~int_leq(X15,X10))|a(X15,plus(X15,X14))=real_zero))|~epred1_2(X10,X9)))), inference(distribute,[status(thm)],[inference(shift_quantors,[status(thm)],[inference(variable_rename,[status(thm)],[inference(fof_nnf,[status(thm)],[c_0_12])])])])).
fof(c_0_18, plain, (![X4]:![X5]:![X7]:![X8]:![X9]:(((plus(X4,esk1_2(X4,X5))=X5|~int_less(X4,X5))&(int_less(int_zero,esk1_2(X4,X5))|~int_less(X4,X5)))&((plus(X7,X9)!=X8|~int_less(int_zero,X9))|int_less(X7,X8)))), inference(distribute,[status(thm)],[inference(shift_quantors,[status(thm)],[inference(skolemize,[status(esa)],[inference(variable_rename,[status(thm)],[inference(shift_quantors,[status(thm)],[inference(fof_nnf,[status(thm)],[c_0_4])])])])])])).
cnf(c_0_19,plain,(X1!=X2|~int_less(X1,X2)), inference(split_conjunct,[status(thm)],[c_0_13])).
cnf(c_0_20,plain,(X1=X2|int_less(X3,X2)|~int_less(X3,X1)|~int_leq(X1,X2)), inference(spm,[status(thm)],[c_0_14, c_0_15])).
cnf(c_0_21,negated_conjecture,(int_leq(esk3_0,n)), inference(split_conjunct,[status(thm)],[c_0_16])).
cnf(c_0_22,negated_conjecture,(int_less(esk2_0,esk3_0)), inference(split_conjunct,[status(thm)],[c_0_16])).
cnf(c_0_23,plain,(a(X3,plus(X3,X4))=real_zero|~epred1_2(X1,X2)|~int_leq(X3,X1)|~int_leq(int_one,X3)|X2!=plus(X1,X4)|~int_less(int_zero,X4)), inference(split_conjunct,[status(thm)],[c_0_17])).
cnf(c_0_24,plain,(plus(X1,esk1_2(X1,X2))=X2|~int_less(X1,X2)), inference(split_conjunct,[status(thm)],[c_0_18])).
cnf(c_0_25,plain,(int_less(int_zero,esk1_2(X1,X2))|~int_less(X1,X2)), inference(split_conjunct,[status(thm)],[c_0_18])).
cnf(c_0_26,plain,(int_leq(X1,X2)|X1!=X2), inference(split_conjunct,[status(thm)],[c_0_10])).
fof(c_0_27, plain, (![X2]:![X3]:((~int_less(int_zero,X2)|int_leq(int_one,X2))&(~int_leq(int_one,X3)|int_less(int_zero,X3)))), inference(shift_quantors,[status(thm)],[inference(variable_rename,[status(thm)],[inference(shift_quantors,[status(thm)],[inference(fof_nnf,[status(thm)],[c_0_5])])])])).
cnf(c_0_28,plain,(~int_less(X1,X1)), inference(er,[status(thm)],[c_0_19])).
cnf(c_0_29,negated_conjecture,(n=esk3_0|int_less(X1,n)|~int_less(X1,esk3_0)), inference(spm,[status(thm)],[c_0_20, c_0_21])).
cnf(c_0_30,plain,(int_leq(X1,X2)|~int_less(X1,X2)), inference(split_conjunct,[status(thm)],[c_0_10])).
cnf(c_0_31,negated_conjecture,(int_less(X1,esk3_0)|~int_less(X1,esk2_0)), inference(spm,[status(thm)],[c_0_14, c_0_22])).
fof(c_0_32, plain, (![X3]:![X4]:(int_less(X3,X4)|int_leq(X4,X3))), inference(variable_rename,[status(thm)],[c_0_6])).
cnf(c_0_33,plain,(a(X1,plus(X1,esk1_2(X2,X3)))=real_zero|~epred1_2(X2,X3)|~int_less(X2,X3)|~int_leq(int_one,X1)|~int_leq(X1,X2)), inference(csr,[status(thm)],[inference(er,[status(thm)],[inference(spm,[status(thm)],[c_0_23, c_0_24])]), c_0_25])).
cnf(c_0_34,plain,(int_leq(X1,X1)), inference(er,[status(thm)],[c_0_26])).
fof(c_0_35, hypothesis, (![X1]:![X2]:((((int_leq(int_one,X1)&int_leq(X1,n))&int_leq(int_one,X2))&int_leq(X2,n))=>epred1_2(X1,X2))), inference(apply_def,[status(thm)],[c_0_7, c_0_8])).
cnf(c_0_36,plain,(int_leq(int_one,X1)|~int_less(int_zero,X1)), inference(split_conjunct,[status(thm)],[c_0_27])).
cnf(c_0_37,negated_conjecture,(n=esk3_0|~int_less(n,esk3_0)), inference(spm,[status(thm)],[c_0_28, c_0_29])).
cnf(c_0_38,negated_conjecture,(int_leq(X1,esk3_0)|~int_less(X1,esk2_0)), inference(spm,[status(thm)],[c_0_30, c_0_31])).
cnf(c_0_39,plain,(int_leq(X1,X2)|int_less(X2,X1)), inference(split_conjunct,[status(thm)],[c_0_32])).
cnf(c_0_40,negated_conjecture,(a(esk2_0,esk3_0)!=real_zero), inference(split_conjunct,[status(thm)],[c_0_16])).
cnf(c_0_41,plain,(a(X1,X2)=real_zero|~epred1_2(X1,X2)|~int_less(X1,X2)|~int_leq(int_one,X1)), inference(cn,[status(thm)],[inference(rw,[status(thm)],[inference(spm,[status(thm)],[c_0_33, c_0_24]), c_0_34])])).
cnf(c_0_42,negated_conjecture,(int_leq(int_one,esk2_0)), inference(split_conjunct,[status(thm)],[c_0_16])).
fof(c_0_43, hypothesis, (![X3]:![X4]:((((~int_leq(int_one,X3)|~int_leq(X3,n))|~int_leq(int_one,X4))|~int_leq(X4,n))|epred1_2(X3,X4))), inference(variable_rename,[status(thm)],[inference(fof_nnf,[status(thm)],[c_0_35])])).
cnf(c_0_44,negated_conjecture,(int_leq(int_one,esk3_0)|~int_less(int_zero,esk2_0)), inference(spm,[status(thm)],[c_0_36, c_0_31])).
cnf(c_0_45,plain,(int_less(int_zero,X1)|~int_leq(int_one,X1)), inference(split_conjunct,[status(thm)],[c_0_27])).
cnf(c_0_46,negated_conjecture,(n=esk3_0|~int_leq(n,esk3_0)), inference(spm,[status(thm)],[c_0_37, c_0_15])).
cnf(c_0_47,negated_conjecture,(int_leq(esk2_0,X1)|int_leq(X1,esk3_0)), inference(spm,[status(thm)],[c_0_38, c_0_39])).
cnf(c_0_48,negated_conjecture,(~epred1_2(esk2_0,esk3_0)), inference(cn,[status(thm)],[inference(rw,[status(thm)],[inference(rw,[status(thm)],[inference(spm,[status(thm)],[c_0_40, c_0_41]), c_0_22]), c_0_42])])).
cnf(c_0_49,hypothesis,(epred1_2(X1,X2)|~int_leq(X2,n)|~int_leq(int_one,X2)|~int_leq(X1,n)|~int_leq(int_one,X1)), inference(split_conjunct,[status(thm)],[c_0_43])).
cnf(c_0_50,negated_conjecture,(int_leq(int_one,esk3_0)), inference(cn,[status(thm)],[inference(rw,[status(thm)],[inference(spm,[status(thm)],[c_0_44, c_0_45]), c_0_42])])).
cnf(c_0_51,negated_conjecture,(n=esk3_0|int_leq(esk2_0,n)), inference(spm,[status(thm)],[c_0_46, c_0_47])).
cnf(c_0_52,hypothesis,(~int_leq(esk2_0,n)), inference(cn,[status(thm)],[inference(rw,[status(thm)],[inference(rw,[status(thm)],[inference(rw,[status(thm)],[inference(spm,[status(thm)],[c_0_48, c_0_49]), c_0_21]), c_0_50]), c_0_42])])).
cnf(c_0_53,negated_conjecture,(n=esk3_0), inference(sr,[status(thm)],[c_0_51, c_0_52])).
cnf(c_0_54,negated_conjecture,(int_leq(esk2_0,esk3_0)), inference(spm,[status(thm)],[c_0_30, c_0_22])).
cnf(c_0_55,hypothesis,($false), inference(cn,[status(thm)],[inference(rw,[status(thm)],[inference(rw,[status(thm)],[c_0_52, c_0_53]), c_0_54])]), ['proof']).
# SZS output end CNFRefutation.
EOF
