% Problem    : NUM926+8 : TPTP v6.1.0. Released v5.3.0.
% Command    : eprover --auto-schedule --tstp-format -s --proof-object --memory-limit=2048 --cpu-limit=%d %s
% Computer   : n153.star.cs.uiowa.edu
% Model      : x86_64 x86_64
% CPU        : Intel(R) Xeon(R) CPU E5-2609 0 @ 2.40GHz
% Memory     : 32286.75MB
% OS         : Linux 2.6.32-431.20.3.el6.x86_64
% CPULimit   : 300
% DateTime   : Sun Jul 20 07:14:31 CDT 2014
% CPUTime    : 
# No SInE strategy applied
# Trying AutoSched0 for 151 seconds
# AutoSched0-Mode selected heuristic G_E___207_C18_F1_AE_CS_SP_PS_S0Y
# and selection function SelectMaxLComplexAvoidPosPred.
#
# Presaturation interreduction done

# Proof found!
# SZS status Theorem
# SZS output start CNFRefutation.
fof(c_0_0, axiom, (![X10]:hAPP(int,int,succ,hAPP(int,int,pred,X10))=ti(int,X10)), file('/export/starexec/sandbox/benchmark/theBenchmark.p', fact_2897_succ__pred)).
fof(c_0_1, axiom, (![X1]:![X228]:hAPP(X1,X1,combi(X1),X228)=ti(X1,X228)), file('/export/starexec/sandbox/benchmark/theBenchmark.p', help_COMBI_1_1_U)).
fof(c_0_2, axiom, (![X19]:hAPP(int,int,number_number_of(int),X19)=ti(int,X19)), file('/export/starexec/sandbox/benchmark/theBenchmark.p', fact_89_number__of__is__id)).
fof(c_0_3, axiom, (![X16]:hAPP(int,int,hAPP(int,fun(int,int),times_times(int),one_one(int)),X16)=ti(int,X16)), file('/export/starexec/sandbox/benchmark/theBenchmark.p', fact_131_zmult__1)).
fof(c_0_4, axiom, (![X19]:hAPP(int,int,hAPP(int,fun(int,int),plus_plus(int),X19),pls)=ti(int,X19)), file('/export/starexec/sandbox/benchmark/theBenchmark.p', fact_126_add__Pls__right)).
fof(c_0_5, axiom, (![X228]:(~(hBOOL(hAPP(bool,bool,fNot,X228)))|~(hBOOL(X228)))), file('/export/starexec/sandbox/benchmark/theBenchmark.p', help_fNot_1_1_U)).
fof(c_0_6, axiom, (![X1]:![X3]:![X4]:![X5]:hAPP(X1,X3,X4,ti(X1,X5))=hAPP(X1,X3,X4,X5)), file('/export/starexec/sandbox/benchmark/theBenchmark.p', tsy_c_hAPP_arg2)).
fof(c_0_7, axiom, (![X19]:hAPP(int,int,pred,hAPP(int,int,bit1,X19))=hAPP(int,int,bit0,X19)), file('/export/starexec/sandbox/benchmark/theBenchmark.p', fact_2898_pred__Bit1)).
fof(c_0_8, hypothesis, (ti(int,m)=m), file('/export/starexec/sandbox/benchmark/theBenchmark.p', tsy_v_m_res)).
fof(c_0_9, axiom, (![X228]:(ti(bool,X228)=fTrue|ti(bool,X228)=fFalse)), file('/export/starexec/sandbox/benchmark/theBenchmark.p', help_If_3_1_T)).
fof(c_0_10, conjecture, (?[X6]:?[X7]:hAPP(int,int,hAPP(int,fun(int,int),plus_plus(int),hAPP(nat,int,hAPP(int,fun(nat,int),power_power(int),X6),hAPP(int,nat,number_number_of(nat),hAPP(int,int,bit0,hAPP(int,int,bit1,pls))))),hAPP(nat,int,hAPP(int,fun(nat,int),power_power(int),X7),hAPP(int,nat,number_number_of(nat),hAPP(int,int,bit0,hAPP(int,int,bit1,pls)))))=hAPP(int,int,hAPP(int,fun(int,int),plus_plus(int),hAPP(int,int,hAPP(int,fun(int,int),times_times(int),hAPP(int,int,number_number_of(int),hAPP(int,int,bit0,hAPP(int,int,bit0,hAPP(int,int,bit1,pls))))),m)),one_one(int))), file('/export/starexec/sandbox/benchmark/theBenchmark.p', conj_0)).
fof(c_0_11, axiom, (![X12]:hAPP(int,nat,nat_1,hAPP(int,int,number_number_of(int),X12))=hAPP(int,nat,number_number_of(nat),X12)), file('/export/starexec/sandbox/benchmark/theBenchmark.p', fact_1127_nat__number__of)).
fof(c_0_12, axiom, (one_one(int)=hAPP(int,int,number_number_of(int),hAPP(int,int,bit1,pls))), file('/export/starexec/sandbox/benchmark/theBenchmark.p', fact_161_one__is__num__one)).
fof(c_0_13, axiom, (hAPP(int,int,bit0,pls)=pls), file('/export/starexec/sandbox/benchmark/theBenchmark.p', fact_123_Bit0__Pls)).
fof(c_0_14, axiom, (hAPP(int,int,succ,pls)=hAPP(int,int,bit1,pls)), file('/export/starexec/sandbox/benchmark/theBenchmark.p', fact_1590_succ__Pls)).
fof(c_0_15, axiom, (![X3]:![X1]:![X4]:![X5]:ti(X3,hAPP(X1,X3,X4,X5))=hAPP(X1,X3,X4,X5)), file('/export/starexec/sandbox/benchmark/theBenchmark.p', tsy_c_hAPP_res)).
fof(c_0_16, axiom, (![X19]:hAPP(int,int,pred,hAPP(int,int,bit0,X19))=hAPP(int,int,bit1,hAPP(int,int,pred,X19))), file('/export/starexec/sandbox/benchmark/theBenchmark.p', fact_2899_pred__Bit0)).
fof(c_0_17, axiom, (![X19]:hAPP(int,int,succ,hAPP(int,int,bit1,X19))=hAPP(int,int,bit0,hAPP(int,int,succ,X19))), file('/export/starexec/sandbox/benchmark/theBenchmark.p', fact_1592_succ__Bit1)).
fof(c_0_18, axiom, (![X19]:![X52]:hAPP(int,int,hAPP(int,fun(int,int),times_times(int),hAPP(int,int,bit0,X19)),X52)=hAPP(int,int,bit0,hAPP(int,int,hAPP(int,fun(int,int),times_times(int),X19),X52))), file('/export/starexec/sandbox/benchmark/theBenchmark.p', fact_125_mult__Bit0)).
fof(c_0_19, axiom, (![X19]:![X52]:hAPP(int,int,hAPP(int,fun(int,int),plus_plus(int),hAPP(int,int,bit0,X19)),hAPP(int,int,bit1,X52))=hAPP(int,int,bit1,hAPP(int,int,hAPP(int,fun(int,int),plus_plus(int),X19),X52))), file('/export/starexec/sandbox/benchmark/theBenchmark.p', fact_153_add__Bit0__Bit1)).
fof(c_0_20, axiom, (hBOOL(fTrue)), file('/export/starexec/sandbox/benchmark/theBenchmark.p', help_fTrue_1_1_U)).
fof(c_0_21, axiom, (![X17]:![X18]:(hBOOL(hAPP(int,bool,hAPP(int,fun(int,bool),ord_less(int),X17),X18))<=>(hBOOL(hAPP(int,bool,hAPP(int,fun(int,bool),ord_less_eq(int),X17),X18))&ti(int,X17)!=ti(int,X18)))), file('/export/starexec/sandbox/benchmark/theBenchmark.p', fact_22_zless__le)).
fof(c_0_22, axiom, (ti(int,t)=t), file('/export/starexec/sandbox/benchmark/theBenchmark.p', tsy_v_t_____res)).
fof(c_0_23, axiom, ((hBOOL(hAPP(int,bool,hAPP(int,fun(int,bool),ord_less(int),one_one(int)),t))=>?[X6]:?[X7]:hAPP(int,int,hAPP(int,fun(int,int),plus_plus(int),hAPP(nat,int,hAPP(int,fun(nat,int),power_power(int),X6),hAPP(int,nat,number_number_of(nat),hAPP(int,int,bit0,hAPP(int,int,bit1,pls))))),hAPP(nat,int,hAPP(int,fun(nat,int),power_power(int),X7),hAPP(int,nat,number_number_of(nat),hAPP(int,int,bit0,hAPP(int,int,bit1,pls)))))=hAPP(int,int,hAPP(int,fun(int,int),plus_plus(int),hAPP(int,int,hAPP(int,fun(int,int),times_times(int),hAPP(int,int,number_number_of(int),hAPP(int,int,bit0,hAPP(int,int,bit0,hAPP(int,int,bit1,pls))))),m)),one_one(int)))), file('/export/starexec/sandbox/benchmark/theBenchmark.p', fact_2__0961_A_060_At_A_061_061_062_AEX_Ax_Ay_O_Ax_A_094_A2_A_L_Ay_A_094_A2_A_06)).
fof(c_0_24, axiom, (![X228]:(hBOOL(X228)|hBOOL(hAPP(bool,bool,fNot,X228)))), file('/export/starexec/sandbox/benchmark/theBenchmark.p', help_fNot_2_1_U)).
fof(c_0_25, axiom, ((t=one_one(int)=>?[X6]:?[X7]:hAPP(int,int,hAPP(int,fun(int,int),plus_plus(int),hAPP(nat,int,hAPP(int,fun(nat,int),power_power(int),X6),hAPP(int,nat,number_number_of(nat),hAPP(int,int,bit0,hAPP(int,int,bit1,pls))))),hAPP(nat,int,hAPP(int,fun(nat,int),power_power(int),X7),hAPP(int,nat,number_number_of(nat),hAPP(int,int,bit0,hAPP(int,int,bit1,pls)))))=hAPP(int,int,hAPP(int,fun(int,int),plus_plus(int),hAPP(int,int,hAPP(int,fun(int,int),times_times(int),hAPP(int,int,number_number_of(int),hAPP(int,int,bit0,hAPP(int,int,bit0,hAPP(int,int,bit1,pls))))),m)),one_one(int)))), file('/export/starexec/sandbox/benchmark/theBenchmark.p', fact_1__096t_A_061_A1_A_061_061_062_AEX_Ax_Ay_O_Ax_A_094_A2_A_L_Ay_A_094_A2_A_06)).
fof(c_0_26, axiom, (hBOOL(hAPP(int,bool,hAPP(int,fun(int,bool),ord_less_eq(int),one_one(int)),t))), file('/export/starexec/sandbox/benchmark/theBenchmark.p', fact_0_tpos)).
fof(c_0_27, axiom, (~(hBOOL(fFalse))), file('/export/starexec/sandbox/benchmark/theBenchmark.p', help_fFalse_1_1_U)).
fof(c_0_28, plain, (![X11]:hAPP(int,int,succ,hAPP(int,int,pred,X11))=ti(int,X11)), inference(variable_rename,[status(thm)],[c_0_0])).
fof(c_0_29, plain, (![X229]:![X230]:hAPP(X229,X229,combi(X229),X230)=ti(X229,X230)), inference(variable_rename,[status(thm)],[c_0_1])).
fof(c_0_30, plain, (![X20]:hAPP(int,int,number_number_of(int),X20)=ti(int,X20)), inference(variable_rename,[status(thm)],[c_0_2])).
fof(c_0_31, plain, (![X17]:hAPP(int,int,hAPP(int,fun(int,int),times_times(int),one_one(int)),X17)=ti(int,X17)), inference(variable_rename,[status(thm)],[c_0_3])).
cnf(c_0_32,plain,(hAPP(int,int,succ,hAPP(int,int,pred,X1))=ti(int,X1)), inference(split_conjunct,[status(thm)],[c_0_28])).
cnf(c_0_33,plain,(hAPP(X1,X1,combi(X1),X2)=ti(X1,X2)), inference(split_conjunct,[status(thm)],[c_0_29])).
cnf(c_0_34,plain,(hAPP(int,int,number_number_of(int),X1)=ti(int,X1)), inference(split_conjunct,[status(thm)],[c_0_30])).
fof(c_0_35, plain, (![X20]:hAPP(int,int,hAPP(int,fun(int,int),plus_plus(int),X20),pls)=ti(int,X20)), inference(variable_rename,[status(thm)],[c_0_4])).
fof(c_0_36, plain, (![X228]:(~hBOOL(hAPP(bool,bool,fNot,X228))|~hBOOL(X228))), inference(fof_simplification,[status(thm)],[c_0_5])).
fof(c_0_37, plain, (![X6]:![X7]:![X8]:![X9]:hAPP(X6,X7,X8,ti(X6,X9))=hAPP(X6,X7,X8,X9)), inference(variable_rename,[status(thm)],[c_0_6])).
cnf(c_0_38,plain,(hAPP(int,int,hAPP(int,fun(int,int),times_times(int),one_one(int)),X1)=ti(int,X1)), inference(split_conjunct,[status(thm)],[c_0_31])).
cnf(c_0_39,plain,(hAPP(int,int,succ,hAPP(int,int,pred,X1))=hAPP(int,int,combi(int),X1)), inference(rw,[status(thm)],[c_0_32, c_0_33])).
cnf(c_0_40,plain,(hAPP(int,int,number_number_of(int),X1)=hAPP(int,int,combi(int),X1)), inference(rw,[status(thm)],[c_0_34, c_0_33])).
fof(c_0_41, plain, (![X20]:hAPP(int,int,pred,hAPP(int,int,bit1,X20))=hAPP(int,int,bit0,X20)), inference(variable_rename,[status(thm)],[c_0_7])).
cnf(c_0_42,hypothesis,(ti(int,m)=m), inference(split_conjunct,[status(thm)],[c_0_8])).
cnf(c_0_43,plain,(hAPP(int,int,hAPP(int,fun(int,int),plus_plus(int),X1),pls)=ti(int,X1)), inference(split_conjunct,[status(thm)],[c_0_35])).
fof(c_0_44, plain, (![X229]:(~hBOOL(hAPP(bool,bool,fNot,X229))|~hBOOL(X229))), inference(variable_rename,[status(thm)],[c_0_36])).
cnf(c_0_45,plain,(hAPP(X1,X2,X3,ti(X1,X4))=hAPP(X1,X2,X3,X4)), inference(split_conjunct,[status(thm)],[c_0_37])).
fof(c_0_46, plain, (![X229]:(ti(bool,X229)=fTrue|ti(bool,X229)=fFalse)), inference(variable_rename,[status(thm)],[c_0_9])).
fof(c_0_47, negated_conjecture, (~(?[X6]:?[X7]:hAPP(int,int,hAPP(int,fun(int,int),plus_plus(int),hAPP(nat,int,hAPP(int,fun(nat,int),power_power(int),X6),hAPP(int,nat,number_number_of(nat),hAPP(int,int,bit0,hAPP(int,int,bit1,pls))))),hAPP(nat,int,hAPP(int,fun(nat,int),power_power(int),X7),hAPP(int,nat,number_number_of(nat),hAPP(int,int,bit0,hAPP(int,int,bit1,pls)))))=hAPP(int,int,hAPP(int,fun(int,int),plus_plus(int),hAPP(int,int,hAPP(int,fun(int,int),times_times(int),hAPP(int,int,number_number_of(int),hAPP(int,int,bit0,hAPP(int,int,bit0,hAPP(int,int,bit1,pls))))),m)),one_one(int)))), inference(assume_negation,[status(cth)],[c_0_10])).
fof(c_0_48, plain, (![X13]:hAPP(int,nat,nat_1,hAPP(int,int,number_number_of(int),X13))=hAPP(int,nat,number_number_of(nat),X13)), inference(variable_rename,[status(thm)],[c_0_11])).
cnf(c_0_49,plain,(hAPP(int,int,hAPP(int,fun(int,int),times_times(int),one_one(int)),X1)=hAPP(int,int,combi(int),X1)), inference(rw,[status(thm)],[c_0_38, c_0_33])).
cnf(c_0_50,plain,(one_one(int)=hAPP(int,int,number_number_of(int),hAPP(int,int,bit1,pls))), inference(split_conjunct,[status(thm)],[c_0_12])).
cnf(c_0_51,plain,(hAPP(int,int,number_number_of(int),X1)=hAPP(int,int,succ,hAPP(int,int,pred,X1))), inference(rw,[status(thm)],[c_0_39, c_0_40])).
cnf(c_0_52,plain,(hAPP(int,int,pred,hAPP(int,int,bit1,X1))=hAPP(int,int,bit0,X1)), inference(split_conjunct,[status(thm)],[c_0_41])).
cnf(c_0_53,plain,(hAPP(int,int,bit0,pls)=pls), inference(split_conjunct,[status(thm)],[c_0_13])).
cnf(c_0_54,plain,(hAPP(int,int,succ,pls)=hAPP(int,int,bit1,pls)), inference(split_conjunct,[status(thm)],[c_0_14])).
cnf(c_0_55,hypothesis,(hAPP(int,int,combi(int),m)=m), inference(rw,[status(thm)],[c_0_42, c_0_33])).
cnf(c_0_56,plain,(hAPP(int,int,hAPP(int,fun(int,int),plus_plus(int),X1),pls)=hAPP(int,int,combi(int),X1)), inference(rw,[status(thm)],[c_0_43, c_0_33])).
fof(c_0_57, plain, (![X6]:![X7]:![X8]:![X9]:ti(X6,hAPP(X7,X6,X8,X9))=hAPP(X7,X6,X8,X9)), inference(variable_rename,[status(thm)],[c_0_15])).
cnf(c_0_58,plain,(~hBOOL(X1)|~hBOOL(hAPP(bool,bool,fNot,X1))), inference(split_conjunct,[status(thm)],[c_0_44])).
cnf(c_0_59,plain,(hAPP(X1,X2,X3,hAPP(X1,X1,combi(X1),X4))=hAPP(X1,X2,X3,X4)), inference(rw,[status(thm)],[c_0_45, c_0_33])).
cnf(c_0_60,plain,(ti(bool,X1)=fFalse|ti(bool,X1)=fTrue), inference(split_conjunct,[status(thm)],[c_0_46])).
fof(c_0_61, negated_conjecture, (![X8]:![X9]:hAPP(int,int,hAPP(int,fun(int,int),plus_plus(int),hAPP(nat,int,hAPP(int,fun(nat,int),power_power(int),X8),hAPP(int,nat,number_number_of(nat),hAPP(int,int,bit0,hAPP(int,int,bit1,pls))))),hAPP(nat,int,hAPP(int,fun(nat,int),power_power(int),X9),hAPP(int,nat,number_number_of(nat),hAPP(int,int,bit0,hAPP(int,int,bit1,pls)))))!=hAPP(int,int,hAPP(int,fun(int,int),plus_plus(int),hAPP(int,int,hAPP(int,fun(int,int),times_times(int),hAPP(int,int,number_number_of(int),hAPP(int,int,bit0,hAPP(int,int,bit0,hAPP(int,int,bit1,pls))))),m)),one_one(int))), inference(variable_rename,[status(thm)],[inference(fof_nnf,[status(thm)],[c_0_47])])).
cnf(c_0_62,plain,(hAPP(int,nat,nat_1,hAPP(int,int,number_number_of(int),X1))=hAPP(int,nat,number_number_of(nat),X1)), inference(split_conjunct,[status(thm)],[c_0_48])).
fof(c_0_63, plain, (![X20]:hAPP(int,int,pred,hAPP(int,int,bit0,X20))=hAPP(int,int,bit1,hAPP(int,int,pred,X20))), inference(variable_rename,[status(thm)],[c_0_16])).
fof(c_0_64, plain, (![X20]:hAPP(int,int,succ,hAPP(int,int,bit1,X20))=hAPP(int,int,bit0,hAPP(int,int,succ,X20))), inference(variable_rename,[status(thm)],[c_0_17])).
fof(c_0_65, plain, (![X53]:![X54]:hAPP(int,int,hAPP(int,fun(int,int),times_times(int),hAPP(int,int,bit0,X53)),X54)=hAPP(int,int,bit0,hAPP(int,int,hAPP(int,fun(int,int),times_times(int),X53),X54))), inference(variable_rename,[status(thm)],[c_0_18])).
cnf(c_0_66,plain,(hAPP(int,int,hAPP(int,fun(int,int),times_times(int),one_one(int)),X1)=hAPP(int,int,number_number_of(int),X1)), inference(rw,[status(thm)],[c_0_49, c_0_40])).
cnf(c_0_67,plain,(one_one(int)=hAPP(int,int,bit1,pls)), inference(rw,[status(thm)],[inference(rw,[status(thm)],[inference(rw,[status(thm)],[inference(rw,[status(thm)],[c_0_50, c_0_51]), c_0_52]), c_0_53]), c_0_54])).
cnf(c_0_68,hypothesis,(hAPP(int,int,number_number_of(int),m)=m), inference(rw,[status(thm)],[c_0_55, c_0_40])).
fof(c_0_69, plain, (![X53]:![X54]:hAPP(int,int,hAPP(int,fun(int,int),plus_plus(int),hAPP(int,int,bit0,X53)),hAPP(int,int,bit1,X54))=hAPP(int,int,bit1,hAPP(int,int,hAPP(int,fun(int,int),plus_plus(int),X53),X54))), inference(variable_rename,[status(thm)],[c_0_19])).
cnf(c_0_70,plain,(hAPP(int,int,hAPP(int,fun(int,int),plus_plus(int),X1),pls)=hAPP(int,int,number_number_of(int),X1)), inference(rw,[status(thm)],[c_0_56, c_0_40])).
cnf(c_0_71,plain,(ti(X1,hAPP(X2,X1,X3,X4))=hAPP(X2,X1,X3,X4)), inference(split_conjunct,[status(thm)],[c_0_57])).
cnf(c_0_72,plain,(~hBOOL(hAPP(bool,bool,combi(bool),X1))|~hBOOL(hAPP(bool,bool,fNot,X1))), inference(spm,[status(thm)],[c_0_58, c_0_59])).
cnf(c_0_73,plain,(hAPP(bool,bool,combi(bool),X1)=fFalse|hAPP(bool,bool,combi(bool),X1)=fTrue), inference(rw,[status(thm)],[inference(rw,[status(thm)],[c_0_60, c_0_33]), c_0_33])).
cnf(c_0_74,plain,(hBOOL(fTrue)), inference(split_conjunct,[status(thm)],[c_0_20])).
fof(c_0_75, plain, (![X19]:![X20]:![X21]:![X22]:(((hBOOL(hAPP(int,bool,hAPP(int,fun(int,bool),ord_less_eq(int),X19),X20))|~hBOOL(hAPP(int,bool,hAPP(int,fun(int,bool),ord_less(int),X19),X20)))&(ti(int,X19)!=ti(int,X20)|~hBOOL(hAPP(int,bool,hAPP(int,fun(int,bool),ord_less(int),X19),X20))))&((~hBOOL(hAPP(int,bool,hAPP(int,fun(int,bool),ord_less_eq(int),X21),X22))|ti(int,X21)=ti(int,X22))|hBOOL(hAPP(int,bool,hAPP(int,fun(int,bool),ord_less(int),X21),X22))))), inference(distribute,[status(thm)],[inference(shift_quantors,[status(thm)],[inference(variable_rename,[status(thm)],[inference(shift_quantors,[status(thm)],[inference(fof_nnf,[status(thm)],[c_0_21])])])])])).
cnf(c_0_76,plain,(ti(int,t)=t), inference(split_conjunct,[status(thm)],[c_0_22])).
fof(c_0_77, plain, ((~hBOOL(hAPP(int,bool,hAPP(int,fun(int,bool),ord_less(int),one_one(int)),t))|hAPP(int,int,hAPP(int,fun(int,int),plus_plus(int),hAPP(nat,int,hAPP(int,fun(nat,int),power_power(int),esk3_0),hAPP(int,nat,number_number_of(nat),hAPP(int,int,bit0,hAPP(int,int,bit1,pls))))),hAPP(nat,int,hAPP(int,fun(nat,int),power_power(int),esk4_0),hAPP(int,nat,number_number_of(nat),hAPP(int,int,bit0,hAPP(int,int,bit1,pls)))))=hAPP(int,int,hAPP(int,fun(int,int),plus_plus(int),hAPP(int,int,hAPP(int,fun(int,int),times_times(int),hAPP(int,int,number_number_of(int),hAPP(int,int,bit0,hAPP(int,int,bit0,hAPP(int,int,bit1,pls))))),m)),one_one(int)))), inference(skolemize,[status(esa)],[inference(variable_rename,[status(thm)],[inference(fof_nnf,[status(thm)],[c_0_23])])])).
cnf(c_0_78,negated_conjecture,(hAPP(int,int,hAPP(int,fun(int,int),plus_plus(int),hAPP(nat,int,hAPP(int,fun(nat,int),power_power(int),X1),hAPP(int,nat,number_number_of(nat),hAPP(int,int,bit0,hAPP(int,int,bit1,pls))))),hAPP(nat,int,hAPP(int,fun(nat,int),power_power(int),X2),hAPP(int,nat,number_number_of(nat),hAPP(int,int,bit0,hAPP(int,int,bit1,pls)))))!=hAPP(int,int,hAPP(int,fun(int,int),plus_plus(int),hAPP(int,int,hAPP(int,fun(int,int),times_times(int),hAPP(int,int,number_number_of(int),hAPP(int,int,bit0,hAPP(int,int,bit0,hAPP(int,int,bit1,pls))))),m)),one_one(int))), inference(split_conjunct,[status(thm)],[c_0_61])).
cnf(c_0_79,plain,(hAPP(int,nat,number_number_of(nat),X1)=hAPP(int,nat,nat_1,hAPP(int,int,succ,hAPP(int,int,pred,X1)))), inference(rw,[status(thm)],[c_0_62, c_0_51])).
cnf(c_0_80,plain,(hAPP(int,int,pred,hAPP(int,int,bit0,X1))=hAPP(int,int,bit1,hAPP(int,int,pred,X1))), inference(split_conjunct,[status(thm)],[c_0_63])).
cnf(c_0_81,plain,(hAPP(int,int,succ,hAPP(int,int,bit1,X1))=hAPP(int,int,bit0,hAPP(int,int,succ,X1))), inference(split_conjunct,[status(thm)],[c_0_64])).
cnf(c_0_82,plain,(hAPP(int,int,hAPP(int,fun(int,int),times_times(int),hAPP(int,int,bit0,X1)),X2)=hAPP(int,int,bit0,hAPP(int,int,hAPP(int,fun(int,int),times_times(int),X1),X2))), inference(split_conjunct,[status(thm)],[c_0_65])).
cnf(c_0_83,plain,(hAPP(int,int,hAPP(int,fun(int,int),times_times(int),hAPP(int,int,bit1,pls)),X1)=hAPP(int,int,succ,hAPP(int,int,pred,X1))), inference(rw,[status(thm)],[inference(rw,[status(thm)],[c_0_66, c_0_51]), c_0_67])).
cnf(c_0_84,hypothesis,(hAPP(int,int,succ,hAPP(int,int,pred,m))=m), inference(rw,[status(thm)],[c_0_68, c_0_51])).
cnf(c_0_85,plain,(hAPP(int,int,hAPP(int,fun(int,int),plus_plus(int),hAPP(int,int,bit0,X1)),hAPP(int,int,bit1,X2))=hAPP(int,int,bit1,hAPP(int,int,hAPP(int,fun(int,int),plus_plus(int),X1),X2))), inference(split_conjunct,[status(thm)],[c_0_69])).
cnf(c_0_86,plain,(hAPP(int,int,hAPP(int,fun(int,int),plus_plus(int),X1),pls)=hAPP(int,int,succ,hAPP(int,int,pred,X1))), inference(rw,[status(thm)],[c_0_70, c_0_51])).
cnf(c_0_87,plain,(hAPP(X1,X1,combi(X1),hAPP(X2,X1,X3,X4))=hAPP(X2,X1,X3,X4)), inference(rw,[status(thm)],[c_0_71, c_0_33])).
cnf(c_0_88,plain,(hAPP(bool,bool,combi(bool),X1)=fFalse|~hBOOL(hAPP(bool,bool,fNot,X1))), inference(cn,[status(thm)],[inference(rw,[status(thm)],[inference(spm,[status(thm)],[c_0_72, c_0_73]), c_0_74])])).
fof(c_0_89, plain, (![X229]:(hBOOL(X229)|hBOOL(hAPP(bool,bool,fNot,X229)))), inference(variable_rename,[status(thm)],[c_0_24])).
cnf(c_0_90,plain,(hBOOL(hAPP(int,bool,hAPP(int,fun(int,bool),ord_less(int),X1),X2))|ti(int,X1)=ti(int,X2)|~hBOOL(hAPP(int,bool,hAPP(int,fun(int,bool),ord_less_eq(int),X1),X2))), inference(split_conjunct,[status(thm)],[c_0_75])).
cnf(c_0_91,plain,(hAPP(int,int,combi(int),t)=t), inference(rw,[status(thm)],[c_0_76, c_0_33])).
cnf(c_0_92,plain,(hAPP(int,int,hAPP(int,fun(int,int),plus_plus(int),hAPP(nat,int,hAPP(int,fun(nat,int),power_power(int),esk3_0),hAPP(int,nat,number_number_of(nat),hAPP(int,int,bit0,hAPP(int,int,bit1,pls))))),hAPP(nat,int,hAPP(int,fun(nat,int),power_power(int),esk4_0),hAPP(int,nat,number_number_of(nat),hAPP(int,int,bit0,hAPP(int,int,bit1,pls)))))=hAPP(int,int,hAPP(int,fun(int,int),plus_plus(int),hAPP(int,int,hAPP(int,fun(int,int),times_times(int),hAPP(int,int,number_number_of(int),hAPP(int,int,bit0,hAPP(int,int,bit0,hAPP(int,int,bit1,pls))))),m)),one_one(int))|~hBOOL(hAPP(int,bool,hAPP(int,fun(int,bool),ord_less(int),one_one(int)),t))), inference(split_conjunct,[status(thm)],[c_0_77])).
cnf(c_0_93,negated_conjecture,(hAPP(int,int,hAPP(int,fun(int,int),plus_plus(int),hAPP(nat,int,hAPP(int,fun(nat,int),power_power(int),X1),hAPP(int,nat,nat_1,hAPP(int,int,bit0,hAPP(int,int,bit1,pls))))),hAPP(nat,int,hAPP(int,fun(nat,int),power_power(int),X2),hAPP(int,nat,nat_1,hAPP(int,int,bit0,hAPP(int,int,bit1,pls)))))!=hAPP(int,int,bit1,hAPP(int,int,bit0,m))), inference(rw,[status(thm)],[inference(rw,[status(thm)],[inference(rw,[status(thm)],[inference(rw,[status(thm)],[inference(rw,[status(thm)],[inference(rw,[status(thm)],[inference(rw,[status(thm)],[inference(rw,[status(thm)],[inference(rw,[status(thm)],[inference(rw,[status(thm)],[inference(rw,[status(thm)],[inference(rw,[status(thm)],[inference(rw,[status(thm)],[inference(rw,[status(thm)],[inference(rw,[status(thm)],[inference(rw,[status(thm)],[inference(rw,[status(thm)],[inference(rw,[status(thm)],[inference(rw,[status(thm)],[inference(rw,[status(thm)],[inference(rw,[status(thm)],[inference(rw,[status(thm)],[inference(rw,[status(thm)],[inference(rw,[status(thm)],[inference(rw,[status(thm)],[inference(rw,[status(thm)],[inference(rw,[status(thm)],[inference(rw,[status(thm)],[inference(rw,[status(thm)],[inference(rw,[status(thm)],[c_0_78, c_0_79]), c_0_80]), c_0_52]), c_0_53]), c_0_81]), c_0_54]), c_0_79]), c_0_80]), c_0_52]), c_0_53]), c_0_81]), c_0_54]), c_0_51]), c_0_80]), c_0_80]), c_0_52]), c_0_53]), c_0_81]), c_0_81]), c_0_54]), c_0_82]), c_0_82]), c_0_83]), c_0_84]), c_0_67]), c_0_85]), c_0_86]), c_0_80]), c_0_81]), c_0_84])).
cnf(c_0_94,plain,(hAPP(X1,bool,X2,X3)=fFalse|~hBOOL(hAPP(bool,bool,fNot,hAPP(X1,bool,X2,X3)))), inference(spm,[status(thm)],[c_0_87, c_0_88])).
cnf(c_0_95,plain,(hBOOL(hAPP(bool,bool,fNot,X1))|hBOOL(X1)), inference(split_conjunct,[status(thm)],[c_0_89])).
fof(c_0_96, plain, ((t!=one_one(int)|hAPP(int,int,hAPP(int,fun(int,int),plus_plus(int),hAPP(nat,int,hAPP(int,fun(nat,int),power_power(int),esk1_0),hAPP(int,nat,number_number_of(nat),hAPP(int,int,bit0,hAPP(int,int,bit1,pls))))),hAPP(nat,int,hAPP(int,fun(nat,int),power_power(int),esk2_0),hAPP(int,nat,number_number_of(nat),hAPP(int,int,bit0,hAPP(int,int,bit1,pls)))))=hAPP(int,int,hAPP(int,fun(int,int),plus_plus(int),hAPP(int,int,hAPP(int,fun(int,int),times_times(int),hAPP(int,int,number_number_of(int),hAPP(int,int,bit0,hAPP(int,int,bit0,hAPP(int,int,bit1,pls))))),m)),one_one(int)))), inference(skolemize,[status(esa)],[inference(variable_rename,[status(thm)],[inference(fof_nnf,[status(thm)],[c_0_25])])])).
cnf(c_0_97,plain,(hAPP(int,int,combi(int),X1)=hAPP(int,int,combi(int),X2)|hBOOL(hAPP(int,bool,hAPP(int,fun(int,bool),ord_less(int),X1),X2))|~hBOOL(hAPP(int,bool,hAPP(int,fun(int,bool),ord_less_eq(int),X1),X2))), inference(rw,[status(thm)],[inference(rw,[status(thm)],[c_0_90, c_0_33]), c_0_33])).
cnf(c_0_98,plain,(hAPP(int,int,combi(int),X1)=hAPP(int,int,succ,hAPP(int,int,pred,X1))), inference(rw,[status(thm)],[c_0_40, c_0_51])).
cnf(c_0_99,plain,(hBOOL(hAPP(int,bool,hAPP(int,fun(int,bool),ord_less_eq(int),one_one(int)),t))), inference(split_conjunct,[status(thm)],[c_0_26])).
cnf(c_0_100,plain,(hAPP(int,int,number_number_of(int),t)=t), inference(rw,[status(thm)],[c_0_91, c_0_40])).
cnf(c_0_101,plain,(~hBOOL(hAPP(int,bool,hAPP(int,fun(int,bool),ord_less(int),hAPP(int,int,bit1,pls)),t))), inference(sr,[status(thm)],[inference(rw,[status(thm)],[inference(rw,[status(thm)],[inference(rw,[status(thm)],[inference(rw,[status(thm)],[inference(rw,[status(thm)],[inference(rw,[status(thm)],[inference(rw,[status(thm)],[inference(rw,[status(thm)],[inference(rw,[status(thm)],[inference(rw,[status(thm)],[inference(rw,[status(thm)],[inference(rw,[status(thm)],[inference(rw,[status(thm)],[inference(rw,[status(thm)],[inference(rw,[status(thm)],[inference(rw,[status(thm)],[inference(rw,[status(thm)],[inference(rw,[status(thm)],[inference(rw,[status(thm)],[inference(rw,[status(thm)],[inference(rw,[status(thm)],[inference(rw,[status(thm)],[inference(rw,[status(thm)],[inference(rw,[status(thm)],[inference(rw,[status(thm)],[inference(rw,[status(thm)],[inference(rw,[status(thm)],[inference(rw,[status(thm)],[inference(rw,[status(thm)],[inference(rw,[status(thm)],[inference(rw,[status(thm)],[c_0_92, c_0_79]), c_0_80]), c_0_52]), c_0_53]), c_0_81]), c_0_54]), c_0_79]), c_0_80]), c_0_52]), c_0_53]), c_0_81]), c_0_54]), c_0_51]), c_0_80]), c_0_80]), c_0_52]), c_0_53]), c_0_81]), c_0_81]), c_0_54]), c_0_82]), c_0_82]), c_0_83]), c_0_84]), c_0_67]), c_0_85]), c_0_86]), c_0_80]), c_0_81]), c_0_84]), c_0_67]), c_0_93])).
cnf(c_0_102,plain,(hAPP(X1,bool,X2,X3)=fFalse|hBOOL(hAPP(X1,bool,X2,X3))), inference(spm,[status(thm)],[c_0_94, c_0_95])).
cnf(c_0_103,plain,(hAPP(int,int,hAPP(int,fun(int,int),plus_plus(int),hAPP(nat,int,hAPP(int,fun(nat,int),power_power(int),esk1_0),hAPP(int,nat,number_number_of(nat),hAPP(int,int,bit0,hAPP(int,int,bit1,pls))))),hAPP(nat,int,hAPP(int,fun(nat,int),power_power(int),esk2_0),hAPP(int,nat,number_number_of(nat),hAPP(int,int,bit0,hAPP(int,int,bit1,pls)))))=hAPP(int,int,hAPP(int,fun(int,int),plus_plus(int),hAPP(int,int,hAPP(int,fun(int,int),times_times(int),hAPP(int,int,number_number_of(int),hAPP(int,int,bit0,hAPP(int,int,bit0,hAPP(int,int,bit1,pls))))),m)),one_one(int))|t!=one_one(int)), inference(split_conjunct,[status(thm)],[c_0_96])).
fof(c_0_104, plain, (~hBOOL(fFalse)), inference(fof_simplification,[status(thm)],[c_0_27])).
cnf(c_0_105,plain,(hAPP(int,int,succ,hAPP(int,int,pred,X1))=hAPP(int,int,succ,hAPP(int,int,pred,X2))|hBOOL(hAPP(int,bool,hAPP(int,fun(int,bool),ord_less(int),X1),X2))|~hBOOL(hAPP(int,bool,hAPP(int,fun(int,bool),ord_less_eq(int),X1),X2))), inference(rw,[status(thm)],[inference(rw,[status(thm)],[inference(rw,[status(thm)],[c_0_97, c_0_40]), c_0_51]), c_0_98])).
cnf(c_0_106,plain,(hBOOL(hAPP(int,bool,hAPP(int,fun(int,bool),ord_less_eq(int),hAPP(int,int,bit1,pls)),t))), inference(rw,[status(thm)],[c_0_99, c_0_67])).
cnf(c_0_107,plain,(hAPP(int,int,succ,hAPP(int,int,pred,t))=t), inference(rw,[status(thm)],[c_0_100, c_0_51])).
cnf(c_0_108,plain,(hAPP(int,bool,hAPP(int,fun(int,bool),ord_less(int),hAPP(int,int,bit1,pls)),t)=fFalse), inference(spm,[status(thm)],[c_0_101, c_0_102])).
cnf(c_0_109,plain,(hAPP(int,int,bit1,pls)!=t), inference(sr,[status(thm)],[inference(rw,[status(thm)],[inference(rw,[status(thm)],[inference(rw,[status(thm)],[inference(rw,[status(thm)],[inference(rw,[status(thm)],[inference(rw,[status(thm)],[inference(rw,[status(thm)],[inference(rw,[status(thm)],[inference(rw,[status(thm)],[inference(rw,[status(thm)],[inference(rw,[status(thm)],[inference(rw,[status(thm)],[inference(rw,[status(thm)],[inference(rw,[status(thm)],[inference(rw,[status(thm)],[inference(rw,[status(thm)],[inference(rw,[status(thm)],[inference(rw,[status(thm)],[inference(rw,[status(thm)],[inference(rw,[status(thm)],[inference(rw,[status(thm)],[inference(rw,[status(thm)],[inference(rw,[status(thm)],[inference(rw,[status(thm)],[inference(rw,[status(thm)],[inference(rw,[status(thm)],[inference(rw,[status(thm)],[inference(rw,[status(thm)],[inference(rw,[status(thm)],[inference(rw,[status(thm)],[inference(rw,[status(thm)],[c_0_103, c_0_79]), c_0_80]), c_0_52]), c_0_53]), c_0_81]), c_0_54]), c_0_79]), c_0_80]), c_0_52]), c_0_53]), c_0_81]), c_0_54]), c_0_51]), c_0_80]), c_0_80]), c_0_52]), c_0_53]), c_0_81]), c_0_81]), c_0_54]), c_0_82]), c_0_82]), c_0_83]), c_0_84]), c_0_67]), c_0_85]), c_0_86]), c_0_80]), c_0_81]), c_0_84]), c_0_67]), c_0_93])).
cnf(c_0_110,plain,(~hBOOL(fFalse)), inference(split_conjunct,[status(thm)],[c_0_104])).
cnf(c_0_111,plain,($false), inference(sr,[status(thm)],[inference(sr,[status(thm)],[inference(rw,[status(thm)],[inference(rw,[status(thm)],[inference(rw,[status(thm)],[inference(rw,[status(thm)],[inference(rw,[status(thm)],[inference(spm,[status(thm)],[c_0_105, c_0_106]), c_0_52]), c_0_53]), c_0_54]), c_0_107]), c_0_108]), c_0_109]), c_0_110]), ['proof']).
# SZS output end CNFRefutation.
EOF
