% Problem    : SWW473+7 : TPTP v6.1.0. Released v5.3.0.
% Command    : eprover --auto-schedule --tstp-format -s --proof-object --memory-limit=2048 --cpu-limit=%d %s
% Computer   : n125.star.cs.uiowa.edu
% Model      : x86_64 x86_64
% CPU        : Intel(R) Xeon(R) CPU E5-2609 0 @ 2.40GHz
% Memory     : 32286.75MB
% OS         : Linux 2.6.32-431.20.3.el6.x86_64
% CPULimit   : 300
% DateTime   : Sun Jul 20 05:33:01 CDT 2014
% CPUTime    : 
# No SInE strategy applied
# Trying AutoSched0 for 151 seconds
# AutoSched0-Mode selected heuristic G_E___207_C18_F1_SP_PI_S0Y
# and selection function SelectMaxLComplexAvoidPosPred.
#

# Proof found!
# SZS status Theorem
# SZS output start CNFRefutation.
fof(c_0_0, conjecture, (hBOOL(hAPP(fun(x_a,bool),bool,hAPP(fun(x_a,bool),fun(fun(x_a,bool),bool),ord_less_eq(fun(x_a,bool)),hAPP(fun(x_a,bool),fun(x_a,bool),hAPP(x_a,fun(fun(x_a,bool),fun(x_a,bool)),insert(x_a),hAPP(pname,x_a,mgt_call,pn)),g)),hAPP(fun(pname,bool),fun(x_a,bool),hAPP(fun(pname,x_a),fun(fun(pname,bool),fun(x_a,bool)),image(pname,x_a),mgt_call),u)))), file('/export/starexec/sandbox/benchmark/theBenchmark.p', conj_6)).
fof(c_0_1, axiom, (![X1]:![X14]:![X8]:![X13]:(hBOOL(hAPP(fun(X1,bool),bool,hAPP(fun(X1,bool),fun(fun(X1,bool),bool),ord_less_eq(fun(X1,bool)),hAPP(fun(X1,bool),fun(X1,bool),hAPP(X1,fun(fun(X1,bool),fun(X1,bool)),insert(X1),X14),X8)),X13))<=>(hBOOL(hAPP(fun(X1,bool),bool,hAPP(X1,fun(fun(X1,bool),bool),member(X1),X14),X13))&hBOOL(hAPP(fun(X1,bool),bool,hAPP(fun(X1,bool),fun(fun(X1,bool),bool),ord_less_eq(fun(X1,bool)),X8),X13))))), file('/export/starexec/sandbox/benchmark/theBenchmark.p', fact_103_insert__subset)).
fof(c_0_2, hypothesis, (hBOOL(hAPP(fun(x_a,bool),bool,hAPP(fun(x_a,bool),fun(fun(x_a,bool),bool),ord_less_eq(fun(x_a,bool)),g),hAPP(fun(pname,bool),fun(x_a,bool),hAPP(fun(pname,x_a),fun(fun(pname,bool),fun(x_a,bool)),image(pname,x_a),mgt_call),u)))), file('/export/starexec/sandbox/benchmark/theBenchmark.p', conj_1)).
fof(c_0_3, axiom, (![X2]:![X1]:![X12]:![X14]:![X8]:(hBOOL(hAPP(fun(X1,bool),bool,hAPP(X1,fun(fun(X1,bool),bool),member(X1),X14),X8))=>hBOOL(hAPP(fun(X2,bool),bool,hAPP(X2,fun(fun(X2,bool),bool),member(X2),hAPP(X1,X2,X12,X14)),hAPP(fun(X1,bool),fun(X2,bool),hAPP(fun(X1,X2),fun(fun(X1,bool),fun(X2,bool)),image(X1,X2),X12),X8))))), file('/export/starexec/sandbox/benchmark/theBenchmark.p', fact_94_imageI)).
fof(c_0_4, hypothesis, (hBOOL(hAPP(fun(pname,bool),bool,hAPP(pname,fun(fun(pname,bool),bool),member(pname),pn),u))), file('/export/starexec/sandbox/benchmark/theBenchmark.p', conj_4)).
fof(c_0_5, negated_conjecture, (~hBOOL(hAPP(fun(x_a,bool),bool,hAPP(fun(x_a,bool),fun(fun(x_a,bool),bool),ord_less_eq(fun(x_a,bool)),hAPP(fun(x_a,bool),fun(x_a,bool),hAPP(x_a,fun(fun(x_a,bool),fun(x_a,bool)),insert(x_a),hAPP(pname,x_a,mgt_call,pn)),g)),hAPP(fun(pname,bool),fun(x_a,bool),hAPP(fun(pname,x_a),fun(fun(pname,bool),fun(x_a,bool)),image(pname,x_a),mgt_call),u)))), inference(fof_simplification,[status(thm)],[inference(assume_negation,[status(cth)],[c_0_0])])).
fof(c_0_6, plain, (![X15]:![X16]:![X17]:![X18]:![X19]:![X20]:![X21]:![X22]:(((hBOOL(hAPP(fun(X15,bool),bool,hAPP(X15,fun(fun(X15,bool),bool),member(X15),X16),X18))|~hBOOL(hAPP(fun(X15,bool),bool,hAPP(fun(X15,bool),fun(fun(X15,bool),bool),ord_less_eq(fun(X15,bool)),hAPP(fun(X15,bool),fun(X15,bool),hAPP(X15,fun(fun(X15,bool),fun(X15,bool)),insert(X15),X16),X17)),X18)))&(hBOOL(hAPP(fun(X15,bool),bool,hAPP(fun(X15,bool),fun(fun(X15,bool),bool),ord_less_eq(fun(X15,bool)),X17),X18))|~hBOOL(hAPP(fun(X15,bool),bool,hAPP(fun(X15,bool),fun(fun(X15,bool),bool),ord_less_eq(fun(X15,bool)),hAPP(fun(X15,bool),fun(X15,bool),hAPP(X15,fun(fun(X15,bool),fun(X15,bool)),insert(X15),X16),X17)),X18))))&((~hBOOL(hAPP(fun(X19,bool),bool,hAPP(X19,fun(fun(X19,bool),bool),member(X19),X20),X22))|~hBOOL(hAPP(fun(X19,bool),bool,hAPP(fun(X19,bool),fun(fun(X19,bool),bool),ord_less_eq(fun(X19,bool)),X21),X22)))|hBOOL(hAPP(fun(X19,bool),bool,hAPP(fun(X19,bool),fun(fun(X19,bool),bool),ord_less_eq(fun(X19,bool)),hAPP(fun(X19,bool),fun(X19,bool),hAPP(X19,fun(fun(X19,bool),fun(X19,bool)),insert(X19),X20),X21)),X22))))), inference(distribute,[status(thm)],[inference(shift_quantors,[status(thm)],[inference(variable_rename,[status(thm)],[inference(shift_quantors,[status(thm)],[inference(fof_nnf,[status(thm)],[c_0_1])])])])])).
cnf(c_0_7,negated_conjecture,(~hBOOL(hAPP(fun(x_a,bool),bool,hAPP(fun(x_a,bool),fun(fun(x_a,bool),bool),ord_less_eq(fun(x_a,bool)),hAPP(fun(x_a,bool),fun(x_a,bool),hAPP(x_a,fun(fun(x_a,bool),fun(x_a,bool)),insert(x_a),hAPP(pname,x_a,mgt_call,pn)),g)),hAPP(fun(pname,bool),fun(x_a,bool),hAPP(fun(pname,x_a),fun(fun(pname,bool),fun(x_a,bool)),image(pname,x_a),mgt_call),u)))), inference(split_conjunct,[status(thm)],[c_0_5])).
cnf(c_0_8,plain,(hBOOL(hAPP(fun(X1,bool),bool,hAPP(fun(X1,bool),fun(fun(X1,bool),bool),ord_less_eq(fun(X1,bool)),hAPP(fun(X1,bool),fun(X1,bool),hAPP(X1,fun(fun(X1,bool),fun(X1,bool)),insert(X1),X2),X3)),X4))|~hBOOL(hAPP(fun(X1,bool),bool,hAPP(fun(X1,bool),fun(fun(X1,bool),bool),ord_less_eq(fun(X1,bool)),X3),X4))|~hBOOL(hAPP(fun(X1,bool),bool,hAPP(X1,fun(fun(X1,bool),bool),member(X1),X2),X4))), inference(split_conjunct,[status(thm)],[c_0_6])).
cnf(c_0_9,hypothesis,(hBOOL(hAPP(fun(x_a,bool),bool,hAPP(fun(x_a,bool),fun(fun(x_a,bool),bool),ord_less_eq(fun(x_a,bool)),g),hAPP(fun(pname,bool),fun(x_a,bool),hAPP(fun(pname,x_a),fun(fun(pname,bool),fun(x_a,bool)),image(pname,x_a),mgt_call),u)))), inference(split_conjunct,[status(thm)],[c_0_2])).
fof(c_0_10, plain, (![X15]:![X16]:![X17]:![X18]:![X19]:(~hBOOL(hAPP(fun(X16,bool),bool,hAPP(X16,fun(fun(X16,bool),bool),member(X16),X18),X19))|hBOOL(hAPP(fun(X15,bool),bool,hAPP(X15,fun(fun(X15,bool),bool),member(X15),hAPP(X16,X15,X17,X18)),hAPP(fun(X16,bool),fun(X15,bool),hAPP(fun(X16,X15),fun(fun(X16,bool),fun(X15,bool)),image(X16,X15),X17),X19))))), inference(variable_rename,[status(thm)],[inference(fof_nnf,[status(thm)],[c_0_3])])).
cnf(c_0_11,negated_conjecture,(~hBOOL(hAPP(fun(x_a,bool),bool,hAPP(x_a,fun(fun(x_a,bool),bool),member(x_a),hAPP(pname,x_a,mgt_call,pn)),hAPP(fun(pname,bool),fun(x_a,bool),hAPP(fun(pname,x_a),fun(fun(pname,bool),fun(x_a,bool)),image(pname,x_a),mgt_call),u)))), inference(cn,[status(thm)],[inference(rw,[status(thm)],[inference(spm,[status(thm)],[c_0_7, c_0_8]), c_0_9])])).
cnf(c_0_12,plain,(hBOOL(hAPP(fun(X1,bool),bool,hAPP(X1,fun(fun(X1,bool),bool),member(X1),hAPP(X2,X1,X3,X4)),hAPP(fun(X2,bool),fun(X1,bool),hAPP(fun(X2,X1),fun(fun(X2,bool),fun(X1,bool)),image(X2,X1),X3),X5)))|~hBOOL(hAPP(fun(X2,bool),bool,hAPP(X2,fun(fun(X2,bool),bool),member(X2),X4),X5))), inference(split_conjunct,[status(thm)],[c_0_10])).
cnf(c_0_13,hypothesis,(hBOOL(hAPP(fun(pname,bool),bool,hAPP(pname,fun(fun(pname,bool),bool),member(pname),pn),u))), inference(split_conjunct,[status(thm)],[c_0_4])).
cnf(c_0_14,negated_conjecture,($false), inference(cn,[status(thm)],[inference(rw,[status(thm)],[inference(spm,[status(thm)],[c_0_11, c_0_12]), c_0_13])]), ['proof']).
# SZS output end CNFRefutation.
EOF
