% Problem    : CSR013+1 : TPTP v6.1.0. Bugfixed v3.1.0.
% Command    : eprover --auto-schedule --tstp-format -s --proof-object --memory-limit=2048 --cpu-limit=%d %s
% Computer   : n187.star.cs.uiowa.edu
% Model      : x86_64 x86_64
% CPU        : Intel(R) Xeon(R) CPU E5-2609 0 @ 2.40GHz
% Memory     : 32286.75MB
% OS         : Linux 2.6.32-431.20.3.el6.x86_64
% CPULimit   : 300
% DateTime   : Sun Jul 20 05:03:26 CDT 2014
% CPUTime    : 
# No SInE strategy applied
# Trying AutoSched0 for 151 seconds
# AutoSched0-Mode selected heuristic G_E___212_C18_F1_AE_Q12_CS_SP_S2S
# and selection function SelectNewComplexAHP.
#

# Proof found!
# SZS status Theorem
# SZS output start CNFRefutation.
fof(c_0_0, axiom, (![X12]:![X13]:(less_or_equal(X12,X13)<=>(less(X12,X13)|X12=X13))), file('/export/starexec/sandbox/benchmark/theBenchmark.p', less_or_equal)).
fof(c_0_1, axiom, (![X12]:(less(X12,n1)<=>less_or_equal(X12,n0))), file('/export/starexec/sandbox/benchmark/theBenchmark.p', less1)).
fof(c_0_2, axiom, (![X4]:![X5]:![X2]:![X6]:![X7]:(((((happens(X4,X5)&initiates(X4,X2,X5))&less(n0,X7))&trajectory(X2,X5,X6,X7))&~(stoppedIn(X5,X2,plus(X5,X7))))=>holdsAt(X6,plus(X5,X7)))), file('/export/starexec/sandbox/benchmark/Axioms/CSR001+0.ax', change_holding)).
fof(c_0_3, axiom, (![X12]:(less(X12,n2)<=>less_or_equal(X12,n1))), file('/export/starexec/sandbox/benchmark/theBenchmark.p', less2)).
fof(c_0_4, axiom, (![X10]:![X5]:![X11]:![X7]:((holdsAt(waterLevel(X10),X5)&X11=plus(X10,X7))=>trajectory(filling,X5,waterLevel(X11),X7))), file('/export/starexec/sandbox/benchmark/Axioms/CSR001+1.ax', change_of_waterLevel)).
fof(c_0_5, axiom, (![X4]:![X5]:(happens(X4,X5)<=>((X4=tapOn&X5=n0)|((holdsAt(waterLevel(n3),X5)&holdsAt(filling,X5))&X4=overflow)))), file('/export/starexec/sandbox/benchmark/Axioms/CSR001+1.ax', happens_all_defn)).
fof(c_0_6, axiom, (![X4]:![X2]:![X5]:(initiates(X4,X2,X5)<=>((((X4=tapOn&X2=filling)|(X4=overflow&X2=spilling))|?[X9]:((holdsAt(waterLevel(X9),X5)&X4=tapOff)&X2=waterLevel(X9)))|?[X9]:((holdsAt(waterLevel(X9),X5)&X4=overflow)&X2=waterLevel(X9))))), file('/export/starexec/sandbox/benchmark/Axioms/CSR001+1.ax', initiates_all_defn)).
fof(c_0_7, hypothesis, (holdsAt(waterLevel(n0),n0)), file('/export/starexec/sandbox/benchmark/theBenchmark.p', waterLevel_0)).
fof(c_0_8, conjecture, (~(?[X4]:(happens(X4,n2)&terminates(X4,filling,n2)))), file('/export/starexec/sandbox/benchmark/theBenchmark.p', nothing_terminates_filling_2)).
fof(c_0_9, axiom, (![X12]:![X13]:(less(X12,X13)<=>(~(less(X13,X12))&X13!=X12))), file('/export/starexec/sandbox/benchmark/theBenchmark.p', less_property)).
fof(c_0_10, axiom, (plus(n0,n2)=n2), file('/export/starexec/sandbox/benchmark/theBenchmark.p', plus0_2)).
fof(c_0_11, axiom, (![X1]:![X2]:![X3]:(stoppedIn(X1,X2,X3)<=>?[X4]:?[X5]:(((happens(X4,X5)&less(X1,X5))&less(X5,X3))&terminates(X4,X2,X5)))), file('/export/starexec/sandbox/benchmark/Axioms/CSR001+0.ax', stoppedin_defn)).
fof(c_0_12, axiom, (~(?[X12]:less(X12,n0))), file('/export/starexec/sandbox/benchmark/theBenchmark.p', less0)).
fof(c_0_13, axiom, (![X4]:![X2]:![X5]:(terminates(X4,X2,X5)<=>((X4=tapOff&X2=filling)|(X4=overflow&X2=filling)))), file('/export/starexec/sandbox/benchmark/Axioms/CSR001+1.ax', terminates_all_defn)).
fof(c_0_14, axiom, (![X4]:![X5]:![X2]:((happens(X4,X5)&terminates(X4,X2,X5))=>~(holdsAt(X2,plus(X5,n1))))), file('/export/starexec/sandbox/benchmark/Axioms/CSR001+0.ax', happens_terminates_not_holds)).
fof(c_0_15, axiom, (tapOff!=tapOn), file('/export/starexec/sandbox/benchmark/Axioms/CSR001+1.ax', tapOff_not_tapOn)).
fof(c_0_16, axiom, (overflow!=tapOn), file('/export/starexec/sandbox/benchmark/Axioms/CSR001+1.ax', overflow_not_tapOn)).
fof(c_0_17, axiom, (tapOff!=overflow), file('/export/starexec/sandbox/benchmark/Axioms/CSR001+1.ax', tapOff_not_overflow)).
fof(c_0_18, axiom, (plus(n1,n1)=n2), file('/export/starexec/sandbox/benchmark/theBenchmark.p', plus1_1)).
fof(c_0_19, axiom, (![X5]:![X10]:![X11]:((holdsAt(waterLevel(X10),X5)&holdsAt(waterLevel(X11),X5))=>X10=X11)), file('/export/starexec/sandbox/benchmark/Axioms/CSR001+1.ax', same_waterLevel)).
fof(c_0_20, axiom, (![X12]:(less(X12,n3)<=>less_or_equal(X12,n2))), file('/export/starexec/sandbox/benchmark/theBenchmark.p', less3)).
fof(c_0_21, plain, (![X14]:![X15]:![X16]:![X17]:((~less_or_equal(X14,X15)|(less(X14,X15)|X14=X15))&((~less(X16,X17)|less_or_equal(X16,X17))&(X16!=X17|less_or_equal(X16,X17))))), inference(distribute,[status(thm)],[inference(shift_quantors,[status(thm)],[inference(variable_rename,[status(thm)],[inference(shift_quantors,[status(thm)],[inference(fof_nnf,[status(thm)],[c_0_0])])])])])).
fof(c_0_22, plain, (![X13]:![X14]:((~less(X13,n1)|less_or_equal(X13,n0))&(~less_or_equal(X14,n0)|less(X14,n1)))), inference(shift_quantors,[status(thm)],[inference(variable_rename,[status(thm)],[inference(shift_quantors,[status(thm)],[inference(fof_nnf,[status(thm)],[c_0_1])])])])).
cnf(c_0_23,plain,(less_or_equal(X1,X2)|X1!=X2), inference(split_conjunct,[status(thm)],[c_0_21])).
cnf(c_0_24,plain,(less(X1,n1)|~less_or_equal(X1,n0)), inference(split_conjunct,[status(thm)],[c_0_22])).
cnf(c_0_25,plain,(less_or_equal(X1,X1)), inference(er,[status(thm)],[c_0_23])).
fof(c_0_26, plain, (![X5]:![X4]:![X2]:(epred1_3(X2,X4,X5)<=>((((X4=tapOn&X2=filling)|(X4=overflow&X2=spilling))|?[X9]:((holdsAt(waterLevel(X9),X5)&X4=tapOff)&X2=waterLevel(X9)))|?[X9]:((holdsAt(waterLevel(X9),X5)&X4=overflow)&X2=waterLevel(X9))))), introduced(definition)).
fof(c_0_27, plain, (![X4]:![X5]:![X2]:![X6]:![X7]:(((((happens(X4,X5)&initiates(X4,X2,X5))&less(n0,X7))&trajectory(X2,X5,X6,X7))&~stoppedIn(X5,X2,plus(X5,X7)))=>holdsAt(X6,plus(X5,X7)))), inference(fof_simplification,[status(thm)],[c_0_2])).
fof(c_0_28, plain, (![X13]:![X14]:((~less(X13,n2)|less_or_equal(X13,n1))&(~less_or_equal(X14,n1)|less(X14,n2)))), inference(shift_quantors,[status(thm)],[inference(variable_rename,[status(thm)],[inference(shift_quantors,[status(thm)],[inference(fof_nnf,[status(thm)],[c_0_3])])])])).
cnf(c_0_29,plain,(less_or_equal(X1,X2)|~less(X1,X2)), inference(split_conjunct,[status(thm)],[c_0_21])).
cnf(c_0_30,plain,(less(n0,n1)), inference(spm,[status(thm)],[c_0_24, c_0_25])).
fof(c_0_31, plain, (![X12]:![X13]:![X14]:![X15]:((~holdsAt(waterLevel(X12),X13)|X14!=plus(X12,X15))|trajectory(filling,X13,waterLevel(X14),X15))), inference(variable_rename,[status(thm)],[inference(fof_nnf,[status(thm)],[c_0_4])])).
fof(c_0_32, plain, (![X10]:![X11]:![X12]:![X15]:![X16]:![X17]:![X18]:![X19]:(((((((((holdsAt(waterLevel(esk12_3(X10,X11,X12)),X10)|(holdsAt(waterLevel(esk11_3(X10,X11,X12)),X10)|(X11=overflow|X11=tapOn)))|~epred1_3(X12,X11,X10))&((X11=overflow|(holdsAt(waterLevel(esk11_3(X10,X11,X12)),X10)|(X11=overflow|X11=tapOn)))|~epred1_3(X12,X11,X10)))&((X12=waterLevel(esk12_3(X10,X11,X12))|(holdsAt(waterLevel(esk11_3(X10,X11,X12)),X10)|(X11=overflow|X11=tapOn)))|~epred1_3(X12,X11,X10)))&((((holdsAt(waterLevel(esk12_3(X10,X11,X12)),X10)|(X11=tapOff|(X11=overflow|X11=tapOn)))|~epred1_3(X12,X11,X10))&((X11=overflow|(X11=tapOff|(X11=overflow|X11=tapOn)))|~epred1_3(X12,X11,X10)))&((X12=waterLevel(esk12_3(X10,X11,X12))|(X11=tapOff|(X11=overflow|X11=tapOn)))|~epred1_3(X12,X11,X10))))&((((holdsAt(waterLevel(esk12_3(X10,X11,X12)),X10)|(X12=waterLevel(esk11_3(X10,X11,X12))|(X11=overflow|X11=tapOn)))|~epred1_3(X12,X11,X10))&((X11=overflow|(X12=waterLevel(esk11_3(X10,X11,X12))|(X11=overflow|X11=tapOn)))|~epred1_3(X12,X11,X10)))&((X12=waterLevel(esk12_3(X10,X11,X12))|(X12=waterLevel(esk11_3(X10,X11,X12))|(X11=overflow|X11=tapOn)))|~epred1_3(X12,X11,X10))))&((((((holdsAt(waterLevel(esk12_3(X10,X11,X12)),X10)|(holdsAt(waterLevel(esk11_3(X10,X11,X12)),X10)|(X12=spilling|X11=tapOn)))|~epred1_3(X12,X11,X10))&((X11=overflow|(holdsAt(waterLevel(esk11_3(X10,X11,X12)),X10)|(X12=spilling|X11=tapOn)))|~epred1_3(X12,X11,X10)))&((X12=waterLevel(esk12_3(X10,X11,X12))|(holdsAt(waterLevel(esk11_3(X10,X11,X12)),X10)|(X12=spilling|X11=tapOn)))|~epred1_3(X12,X11,X10)))&((((holdsAt(waterLevel(esk12_3(X10,X11,X12)),X10)|(X11=tapOff|(X12=spilling|X11=tapOn)))|~epred1_3(X12,X11,X10))&((X11=overflow|(X11=tapOff|(X12=spilling|X11=tapOn)))|~epred1_3(X12,X11,X10)))&((X12=waterLevel(esk12_3(X10,X11,X12))|(X11=tapOff|(X12=spilling|X11=tapOn)))|~epred1_3(X12,X11,X10))))&((((holdsAt(waterLevel(esk12_3(X10,X11,X12)),X10)|(X12=waterLevel(esk11_3(X10,X11,X12))|(X12=spilling|X11=tapOn)))|~epred1_3(X12,X11,X10))&((X11=overflow|(X12=waterLevel(esk11_3(X10,X11,X12))|(X12=spilling|X11=tapOn)))|~epred1_3(X12,X11,X10)))&((X12=waterLevel(esk12_3(X10,X11,X12))|(X12=waterLevel(esk11_3(X10,X11,X12))|(X12=spilling|X11=tapOn)))|~epred1_3(X12,X11,X10)))))&(((((((holdsAt(waterLevel(esk12_3(X10,X11,X12)),X10)|(holdsAt(waterLevel(esk11_3(X10,X11,X12)),X10)|(X11=overflow|X12=filling)))|~epred1_3(X12,X11,X10))&((X11=overflow|(holdsAt(waterLevel(esk11_3(X10,X11,X12)),X10)|(X11=overflow|X12=filling)))|~epred1_3(X12,X11,X10)))&((X12=waterLevel(esk12_3(X10,X11,X12))|(holdsAt(waterLevel(esk11_3(X10,X11,X12)),X10)|(X11=overflow|X12=filling)))|~epred1_3(X12,X11,X10)))&((((holdsAt(waterLevel(esk12_3(X10,X11,X12)),X10)|(X11=tapOff|(X11=overflow|X12=filling)))|~epred1_3(X12,X11,X10))&((X11=overflow|(X11=tapOff|(X11=overflow|X12=filling)))|~epred1_3(X12,X11,X10)))&((X12=waterLevel(esk12_3(X10,X11,X12))|(X11=tapOff|(X11=overflow|X12=filling)))|~epred1_3(X12,X11,X10))))&((((holdsAt(waterLevel(esk12_3(X10,X11,X12)),X10)|(X12=waterLevel(esk11_3(X10,X11,X12))|(X11=overflow|X12=filling)))|~epred1_3(X12,X11,X10))&((X11=overflow|(X12=waterLevel(esk11_3(X10,X11,X12))|(X11=overflow|X12=filling)))|~epred1_3(X12,X11,X10)))&((X12=waterLevel(esk12_3(X10,X11,X12))|(X12=waterLevel(esk11_3(X10,X11,X12))|(X11=overflow|X12=filling)))|~epred1_3(X12,X11,X10))))&((((((holdsAt(waterLevel(esk12_3(X10,X11,X12)),X10)|(holdsAt(waterLevel(esk11_3(X10,X11,X12)),X10)|(X12=spilling|X12=filling)))|~epred1_3(X12,X11,X10))&((X11=overflow|(holdsAt(waterLevel(esk11_3(X10,X11,X12)),X10)|(X12=spilling|X12=filling)))|~epred1_3(X12,X11,X10)))&((X12=waterLevel(esk12_3(X10,X11,X12))|(holdsAt(waterLevel(esk11_3(X10,X11,X12)),X10)|(X12=spilling|X12=filling)))|~epred1_3(X12,X11,X10)))&((((holdsAt(waterLevel(esk12_3(X10,X11,X12)),X10)|(X11=tapOff|(X12=spilling|X12=filling)))|~epred1_3(X12,X11,X10))&((X11=overflow|(X11=tapOff|(X12=spilling|X12=filling)))|~epred1_3(X12,X11,X10)))&((X12=waterLevel(esk12_3(X10,X11,X12))|(X11=tapOff|(X12=spilling|X12=filling)))|~epred1_3(X12,X11,X10))))&((((holdsAt(waterLevel(esk12_3(X10,X11,X12)),X10)|(X12=waterLevel(esk11_3(X10,X11,X12))|(X12=spilling|X12=filling)))|~epred1_3(X12,X11,X10))&((X11=overflow|(X12=waterLevel(esk11_3(X10,X11,X12))|(X12=spilling|X12=filling)))|~epred1_3(X12,X11,X10)))&((X12=waterLevel(esk12_3(X10,X11,X12))|(X12=waterLevel(esk11_3(X10,X11,X12))|(X12=spilling|X12=filling)))|~epred1_3(X12,X11,X10))))))&(((((X16!=tapOn|X17!=filling)|epred1_3(X17,X16,X15))&((X16!=overflow|X17!=spilling)|epred1_3(X17,X16,X15)))&(((~holdsAt(waterLevel(X18),X15)|X16!=tapOff)|X17!=waterLevel(X18))|epred1_3(X17,X16,X15)))&(((~holdsAt(waterLevel(X19),X15)|X16!=overflow)|X17!=waterLevel(X19))|epred1_3(X17,X16,X15))))), inference(distribute,[status(thm)],[inference(shift_quantors,[status(thm)],[inference(skolemize,[status(esa)],[inference(variable_rename,[status(thm)],[inference(shift_quantors,[status(thm)],[inference(fof_nnf,[status(thm)],[c_0_26])])])])])])).
fof(c_0_33, plain, (![X8]:![X9]:![X10]:![X11]:![X12]:(((((~happens(X8,X9)|~initiates(X8,X10,X9))|~less(n0,X12))|~trajectory(X10,X9,X11,X12))|stoppedIn(X9,X10,plus(X9,X12)))|holdsAt(X11,plus(X9,X12)))), inference(variable_rename,[status(thm)],[inference(fof_nnf,[status(thm)],[c_0_27])])).
cnf(c_0_34,plain,(less(X1,n2)|~less_or_equal(X1,n1)), inference(split_conjunct,[status(thm)],[c_0_28])).
cnf(c_0_35,plain,(less_or_equal(n0,n1)), inference(spm,[status(thm)],[c_0_29, c_0_30])).
cnf(c_0_36,plain,(trajectory(filling,X1,waterLevel(X2),X3)|X2!=plus(X4,X3)|~holdsAt(waterLevel(X4),X1)), inference(split_conjunct,[status(thm)],[c_0_31])).
fof(c_0_37, plain, (![X6]:![X7]:![X8]:![X9]:((((((holdsAt(waterLevel(n3),X7)|X6=tapOn)|~happens(X6,X7))&((holdsAt(filling,X7)|X6=tapOn)|~happens(X6,X7)))&((X6=overflow|X6=tapOn)|~happens(X6,X7)))&((((holdsAt(waterLevel(n3),X7)|X7=n0)|~happens(X6,X7))&((holdsAt(filling,X7)|X7=n0)|~happens(X6,X7)))&((X6=overflow|X7=n0)|~happens(X6,X7))))&(((X8!=tapOn|X9!=n0)|happens(X8,X9))&(((~holdsAt(waterLevel(n3),X9)|~holdsAt(filling,X9))|X8!=overflow)|happens(X8,X9))))), inference(distribute,[status(thm)],[inference(shift_quantors,[status(thm)],[inference(variable_rename,[status(thm)],[inference(shift_quantors,[status(thm)],[inference(fof_nnf,[status(thm)],[c_0_5])])])])])).
fof(c_0_38, axiom, (![X4]:![X2]:![X5]:(initiates(X4,X2,X5)<=>epred1_3(X2,X4,X5))), inference(apply_def,[status(thm)],[c_0_6, c_0_26])).
cnf(c_0_39,plain,(epred1_3(X1,X2,X3)|X1!=filling|X2!=tapOn), inference(split_conjunct,[status(thm)],[c_0_32])).
cnf(c_0_40,plain,(holdsAt(X1,plus(X2,X3))|stoppedIn(X2,X4,plus(X2,X3))|~trajectory(X4,X2,X1,X3)|~less(n0,X3)|~initiates(X5,X4,X2)|~happens(X5,X2)), inference(split_conjunct,[status(thm)],[c_0_33])).
cnf(c_0_41,plain,(less(n0,n2)), inference(spm,[status(thm)],[c_0_34, c_0_35])).
cnf(c_0_42,plain,(trajectory(filling,X1,waterLevel(plus(X2,X3)),X3)|~holdsAt(waterLevel(X2),X1)), inference(er,[status(thm)],[c_0_36])).
cnf(c_0_43,hypothesis,(holdsAt(waterLevel(n0),n0)), inference(split_conjunct,[status(thm)],[c_0_7])).
cnf(c_0_44,plain,(happens(X1,X2)|X2!=n0|X1!=tapOn), inference(split_conjunct,[status(thm)],[c_0_37])).
fof(c_0_45, plain, (![X6]:![X7]:![X8]:![X9]:![X10]:![X11]:((~initiates(X6,X7,X8)|epred1_3(X7,X6,X8))&(~epred1_3(X10,X9,X11)|initiates(X9,X10,X11)))), inference(shift_quantors,[status(thm)],[inference(variable_rename,[status(thm)],[inference(shift_quantors,[status(thm)],[inference(fof_nnf,[status(thm)],[c_0_38])])])])).
cnf(c_0_46,plain,(epred1_3(X1,tapOn,X2)|filling!=X1), inference(er,[status(thm)],[c_0_39])).
fof(c_0_47, negated_conjecture, (~(~(?[X4]:(happens(X4,n2)&terminates(X4,filling,n2))))), inference(assume_negation,[status(cth)],[c_0_8])).
fof(c_0_48, plain, (![X12]:![X13]:(less(X12,X13)<=>(~less(X13,X12)&X13!=X12))), inference(fof_simplification,[status(thm)],[c_0_9])).
cnf(c_0_49,plain,(holdsAt(X1,plus(X2,n2))|stoppedIn(X2,X3,plus(X2,n2))|~trajectory(X3,X2,X1,n2)|~initiates(X4,X3,X2)|~happens(X4,X2)), inference(spm,[status(thm)],[c_0_40, c_0_41])).
cnf(c_0_50,hypothesis,(trajectory(filling,n0,waterLevel(plus(n0,X1)),X1)), inference(spm,[status(thm)],[c_0_42, c_0_43])).
cnf(c_0_51,plain,(plus(n0,n2)=n2), inference(split_conjunct,[status(thm)],[c_0_10])).
cnf(c_0_52,plain,(happens(X1,n0)|tapOn!=X1), inference(er,[status(thm)],[c_0_44])).
cnf(c_0_53,plain,(initiates(X1,X2,X3)|~epred1_3(X2,X1,X3)), inference(split_conjunct,[status(thm)],[c_0_45])).
cnf(c_0_54,plain,(epred1_3(filling,tapOn,X1)), inference(er,[status(thm)],[c_0_46])).
fof(c_0_55, negated_conjecture, ((happens(esk10_0,n2)&terminates(esk10_0,filling,n2))), inference(skolemize,[status(esa)],[inference(variable_rename,[status(thm)],[inference(fof_nnf,[status(thm)],[c_0_47])])])).
fof(c_0_56, plain, (![X14]:![X15]:![X16]:![X17]:(((~less(X15,X14)|~less(X14,X15))&(X15!=X14|~less(X14,X15)))&((less(X17,X16)|X17=X16)|less(X16,X17)))), inference(distribute,[status(thm)],[inference(shift_quantors,[status(thm)],[inference(variable_rename,[status(thm)],[inference(shift_quantors,[status(thm)],[inference(fof_nnf,[status(thm)],[c_0_48])])])])])).
fof(c_0_57, plain, (![X6]:![X7]:![X8]:![X11]:![X12]:![X13]:![X14]:![X15]:(((((happens(esk1_3(X6,X7,X8),esk2_3(X6,X7,X8))|~stoppedIn(X6,X7,X8))&(less(X6,esk2_3(X6,X7,X8))|~stoppedIn(X6,X7,X8)))&(less(esk2_3(X6,X7,X8),X8)|~stoppedIn(X6,X7,X8)))&(terminates(esk1_3(X6,X7,X8),X7,esk2_3(X6,X7,X8))|~stoppedIn(X6,X7,X8)))&((((~happens(X14,X15)|~less(X11,X15))|~less(X15,X13))|~terminates(X14,X12,X15))|stoppedIn(X11,X12,X13)))), inference(distribute,[status(thm)],[inference(shift_quantors,[status(thm)],[inference(skolemize,[status(esa)],[inference(variable_rename,[status(thm)],[inference(shift_quantors,[status(thm)],[inference(fof_nnf,[status(thm)],[c_0_11])])])])])])).
cnf(c_0_58,hypothesis,(holdsAt(waterLevel(n2),n2)|stoppedIn(n0,filling,n2)|~initiates(X1,filling,n0)|~happens(X1,n0)), inference(rw,[status(thm)],[inference(rw,[status(thm)],[inference(rw,[status(thm)],[inference(spm,[status(thm)],[c_0_49, c_0_50]), c_0_51]), c_0_51]), c_0_51])).
cnf(c_0_59,plain,(happens(tapOn,n0)), inference(er,[status(thm)],[c_0_52])).
cnf(c_0_60,plain,(initiates(tapOn,filling,X1)), inference(spm,[status(thm)],[c_0_53, c_0_54])).
cnf(c_0_61,plain,(X1=tapOn|X1=overflow|~happens(X1,X2)), inference(split_conjunct,[status(thm)],[c_0_37])).
cnf(c_0_62,negated_conjecture,(happens(esk10_0,n2)), inference(split_conjunct,[status(thm)],[c_0_55])).
cnf(c_0_63,plain,(less_or_equal(X1,n0)|~less(X1,n1)), inference(split_conjunct,[status(thm)],[c_0_22])).
cnf(c_0_64,plain,(less(X1,X2)|X2=X1|less(X2,X1)), inference(split_conjunct,[status(thm)],[c_0_56])).
fof(c_0_65, plain, (![X13]:~less(X13,n0)), inference(variable_rename,[status(thm)],[inference(fof_nnf,[status(thm)],[c_0_12])])).
cnf(c_0_66,plain,(less(esk2_3(X1,X2,X3),X3)|~stoppedIn(X1,X2,X3)), inference(split_conjunct,[status(thm)],[c_0_57])).
cnf(c_0_67,hypothesis,(holdsAt(waterLevel(n2),n2)|stoppedIn(n0,filling,n2)), inference(cn,[status(thm)],[inference(rw,[status(thm)],[inference(spm,[status(thm)],[c_0_58, c_0_59]), c_0_60])])).
fof(c_0_68, plain, (![X6]:![X7]:![X8]:![X9]:![X10]:![X11]:(((((X6=overflow|X6=tapOff)|~terminates(X6,X7,X8))&((X7=filling|X6=tapOff)|~terminates(X6,X7,X8)))&(((X6=overflow|X7=filling)|~terminates(X6,X7,X8))&((X7=filling|X7=filling)|~terminates(X6,X7,X8))))&(((X9!=tapOff|X10!=filling)|terminates(X9,X10,X11))&((X9!=overflow|X10!=filling)|terminates(X9,X10,X11))))), inference(distribute,[status(thm)],[inference(shift_quantors,[status(thm)],[inference(variable_rename,[status(thm)],[inference(shift_quantors,[status(thm)],[inference(fof_nnf,[status(thm)],[c_0_13])])])])])).
cnf(c_0_69,negated_conjecture,(terminates(esk10_0,filling,n2)), inference(split_conjunct,[status(thm)],[c_0_55])).
cnf(c_0_70,negated_conjecture,(esk10_0=tapOn|esk10_0=overflow), inference(spm,[status(thm)],[c_0_61, c_0_62])).
cnf(c_0_71,plain,(happens(esk1_3(X1,X2,X3),esk2_3(X1,X2,X3))|~stoppedIn(X1,X2,X3)), inference(split_conjunct,[status(thm)],[c_0_57])).
cnf(c_0_72,plain,(terminates(esk1_3(X1,X2,X3),X2,esk2_3(X1,X2,X3))|~stoppedIn(X1,X2,X3)), inference(split_conjunct,[status(thm)],[c_0_57])).
cnf(c_0_73,plain,(X1=X2|less(X1,X2)|~less_or_equal(X1,X2)), inference(split_conjunct,[status(thm)],[c_0_21])).
cnf(c_0_74,plain,(n1=X1|less_or_equal(X1,n0)|less(n1,X1)), inference(spm,[status(thm)],[c_0_63, c_0_64])).
cnf(c_0_75,plain,(~less(X1,n0)), inference(split_conjunct,[status(thm)],[c_0_65])).
cnf(c_0_76,plain,(less_or_equal(X1,n1)|~less(X1,n2)), inference(split_conjunct,[status(thm)],[c_0_28])).
cnf(c_0_77,hypothesis,(holdsAt(waterLevel(n2),n2)|less(esk2_3(n0,filling,n2),n2)), inference(spm,[status(thm)],[c_0_66, c_0_67])).
fof(c_0_78, plain, (![X4]:![X5]:![X2]:((happens(X4,X5)&terminates(X4,X2,X5))=>~holdsAt(X2,plus(X5,n1)))), inference(fof_simplification,[status(thm)],[c_0_14])).
cnf(c_0_79,plain,(X1=tapOff|X1=overflow|~terminates(X1,X2,X3)), inference(split_conjunct,[status(thm)],[c_0_68])).
cnf(c_0_80,negated_conjecture,(esk10_0=overflow|terminates(tapOn,filling,n2)), inference(spm,[status(thm)],[c_0_69, c_0_70])).
cnf(c_0_81,plain,(tapOff!=tapOn), inference(split_conjunct,[status(thm)],[c_0_15])).
cnf(c_0_82,plain,(overflow!=tapOn), inference(split_conjunct,[status(thm)],[c_0_16])).
cnf(c_0_83,hypothesis,(holdsAt(waterLevel(n2),n2)|happens(esk1_3(n0,filling,n2),esk2_3(n0,filling,n2))), inference(spm,[status(thm)],[c_0_71, c_0_67])).
cnf(c_0_84,hypothesis,(holdsAt(waterLevel(n2),n2)|terminates(esk1_3(n0,filling,n2),filling,esk2_3(n0,filling,n2))), inference(spm,[status(thm)],[c_0_72, c_0_67])).
cnf(c_0_85,plain,(~less(X1,X2)|~less(X2,X1)), inference(split_conjunct,[status(thm)],[c_0_56])).
cnf(c_0_86,plain,(n1=X1|X1=n0|less(n1,X1)), inference(sr,[status(thm)],[inference(spm,[status(thm)],[c_0_73, c_0_74]), c_0_75])).
cnf(c_0_87,hypothesis,(less_or_equal(esk2_3(n0,filling,n2),n1)|holdsAt(waterLevel(n2),n2)), inference(spm,[status(thm)],[c_0_76, c_0_77])).
fof(c_0_88, plain, (![X6]:![X7]:![X8]:((~happens(X6,X7)|~terminates(X6,X8,X7))|~holdsAt(X8,plus(X7,n1)))), inference(variable_rename,[status(thm)],[inference(fof_nnf,[status(thm)],[c_0_78])])).
cnf(c_0_89,negated_conjecture,(esk10_0=overflow), inference(sr,[status(thm)],[inference(sr,[status(thm)],[inference(spm,[status(thm)],[c_0_79, c_0_80]), c_0_81]), c_0_82])).
cnf(c_0_90,hypothesis,(esk1_3(n0,filling,n2)=tapOn|esk1_3(n0,filling,n2)=overflow|holdsAt(waterLevel(n2),n2)), inference(spm,[status(thm)],[c_0_61, c_0_83])).
cnf(c_0_91,hypothesis,(esk1_3(n0,filling,n2)=overflow|esk1_3(n0,filling,n2)=tapOff|holdsAt(waterLevel(n2),n2)), inference(spm,[status(thm)],[c_0_79, c_0_84])).
cnf(c_0_92,plain,(tapOff!=overflow), inference(split_conjunct,[status(thm)],[c_0_17])).
cnf(c_0_93,plain,(less(X1,esk2_3(X1,X2,X3))|~stoppedIn(X1,X2,X3)), inference(split_conjunct,[status(thm)],[c_0_57])).
cnf(c_0_94,plain,(X1=n0|n1=X1|~less(X1,n1)), inference(spm,[status(thm)],[c_0_85, c_0_86])).
cnf(c_0_95,hypothesis,(esk2_3(n0,filling,n2)=n1|holdsAt(waterLevel(n2),n2)|less(esk2_3(n0,filling,n2),n1)), inference(spm,[status(thm)],[c_0_73, c_0_87])).
cnf(c_0_96,plain,(~holdsAt(X1,plus(X2,n1))|~terminates(X3,X1,X2)|~happens(X3,X2)), inference(split_conjunct,[status(thm)],[c_0_88])).
cnf(c_0_97,plain,(plus(n1,n1)=n2), inference(split_conjunct,[status(thm)],[c_0_18])).
cnf(c_0_98,plain,(X1=tapOn|holdsAt(filling,X2)|~happens(X1,X2)), inference(split_conjunct,[status(thm)],[c_0_37])).
cnf(c_0_99,negated_conjecture,(happens(overflow,n2)), inference(rw,[status(thm)],[c_0_62, c_0_89])).
cnf(c_0_100,hypothesis,(esk1_3(n0,filling,n2)=overflow|holdsAt(waterLevel(n2),n2)), inference(sr,[status(thm)],[inference(sr,[status(thm)],[inference(spm,[status(thm)],[c_0_90, c_0_91]), c_0_81]), c_0_92])).
cnf(c_0_101,hypothesis,(holdsAt(waterLevel(n2),n2)|less(n0,esk2_3(n0,filling,n2))), inference(spm,[status(thm)],[c_0_93, c_0_67])).
cnf(c_0_102,hypothesis,(esk2_3(n0,filling,n2)=n1|esk2_3(n0,filling,n2)=n0|holdsAt(waterLevel(n2),n2)), inference(spm,[status(thm)],[c_0_94, c_0_95])).
cnf(c_0_103,plain,(terminates(X1,X2,X3)|X2!=filling|X1!=overflow), inference(split_conjunct,[status(thm)],[c_0_68])).
fof(c_0_104, plain, (![X12]:![X13]:![X14]:((~holdsAt(waterLevel(X13),X12)|~holdsAt(waterLevel(X14),X12))|X13=X14)), inference(variable_rename,[status(thm)],[inference(fof_nnf,[status(thm)],[c_0_19])])).
cnf(c_0_105,plain,(X1=tapOn|holdsAt(waterLevel(n3),X2)|~happens(X1,X2)), inference(split_conjunct,[status(thm)],[c_0_37])).
cnf(c_0_106,plain,(~holdsAt(X1,n2)|~terminates(X2,X1,n1)|~happens(X2,n1)), inference(spm,[status(thm)],[c_0_96, c_0_97])).
cnf(c_0_107,negated_conjecture,(holdsAt(filling,n2)), inference(sr,[status(thm)],[inference(spm,[status(thm)],[c_0_98, c_0_99]), c_0_82])).
cnf(c_0_108,hypothesis,(holdsAt(waterLevel(n2),n2)|happens(overflow,esk2_3(n0,filling,n2))), inference(spm,[status(thm)],[c_0_83, c_0_100])).
cnf(c_0_109,hypothesis,(esk2_3(n0,filling,n2)=n1|holdsAt(waterLevel(n2),n2)), inference(sr,[status(thm)],[inference(spm,[status(thm)],[c_0_101, c_0_102]), c_0_75])).
cnf(c_0_110,plain,(terminates(X1,filling,X2)|overflow!=X1), inference(er,[status(thm)],[c_0_103])).
fof(c_0_111, plain, (![X13]:![X14]:((~less(X13,n3)|less_or_equal(X13,n2))&(~less_or_equal(X14,n2)|less(X14,n3)))), inference(shift_quantors,[status(thm)],[inference(variable_rename,[status(thm)],[inference(shift_quantors,[status(thm)],[inference(fof_nnf,[status(thm)],[c_0_20])])])])).
cnf(c_0_112,plain,(X1=X2|~holdsAt(waterLevel(X2),X3)|~holdsAt(waterLevel(X1),X3)), inference(split_conjunct,[status(thm)],[c_0_104])).
cnf(c_0_113,negated_conjecture,(holdsAt(waterLevel(n3),n2)), inference(sr,[status(thm)],[inference(spm,[status(thm)],[c_0_105, c_0_99]), c_0_82])).
cnf(c_0_114,negated_conjecture,(~terminates(X1,filling,n1)|~happens(X1,n1)), inference(spm,[status(thm)],[c_0_106, c_0_107])).
cnf(c_0_115,hypothesis,(holdsAt(waterLevel(n2),n2)|happens(overflow,n1)), inference(spm,[status(thm)],[c_0_108, c_0_109])).
cnf(c_0_116,plain,(terminates(overflow,filling,X1)), inference(er,[status(thm)],[c_0_110])).
cnf(c_0_117,plain,(less(X1,n3)|~less_or_equal(X1,n2)), inference(split_conjunct,[status(thm)],[c_0_111])).
cnf(c_0_118,negated_conjecture,(X1=n3|~holdsAt(waterLevel(X1),n2)), inference(spm,[status(thm)],[c_0_112, c_0_113])).
cnf(c_0_119,negated_conjecture,(holdsAt(waterLevel(n2),n2)), inference(cn,[status(thm)],[inference(rw,[status(thm)],[inference(spm,[status(thm)],[c_0_114, c_0_115]), c_0_116])])).
cnf(c_0_120,plain,(~less(X1,X2)|X2!=X1), inference(split_conjunct,[status(thm)],[c_0_56])).
cnf(c_0_121,plain,(less(n2,n3)), inference(spm,[status(thm)],[c_0_117, c_0_25])).
cnf(c_0_122,negated_conjecture,(n2=n3), inference(spm,[status(thm)],[c_0_118, c_0_119])).
cnf(c_0_123,plain,(~less(X1,X1)), inference(er,[status(thm)],[c_0_120])).
cnf(c_0_124,plain,($false), inference(sr,[status(thm)],[inference(rw,[status(thm)],[c_0_121, c_0_122]), c_0_123]), ['proof']).
# SZS output end CNFRefutation.
EOF
