% Problem    : NUM511+3 : TPTP v6.1.0. Released v4.0.0.
% Command    : eprover --auto-schedule --tstp-format -s --proof-object --memory-limit=2048 --cpu-limit=%d %s
% Computer   : n131.star.cs.uiowa.edu
% Model      : x86_64 x86_64
% CPU        : Intel(R) Xeon(R) CPU E5-2609 0 @ 2.40GHz
% Memory     : 32286.75MB
% OS         : Linux 2.6.32-431.20.3.el6.x86_64
% CPULimit   : 300
% DateTime   : Sun Jul 20 05:38:41 CDT 2014
% CPUTime    : 
# No SInE strategy applied
# Trying AutoSched0 for 151 seconds
# AutoSched0-Mode selected heuristic G_E___212_C18_F1_AE_Q12_CS_SP_S2S
# and selection function SelectNewComplexAHP.
#

# Proof found!
# SZS status Theorem
# SZS output start CNFRefutation.
fof(c_0_0, axiom, (![X1]:![X2]:![X3]:(((aNaturalNumber0(X1)&aNaturalNumber0(X2))&aNaturalNumber0(X3))=>((doDivides0(X1,X2)&doDivides0(X2,X3))=>doDivides0(X1,X3)))), file('/export/starexec/sandbox/benchmark/theBenchmark.p', mDivTrans)).
fof(c_0_1, hypothesis, (((((((aNaturalNumber0(xr)&?[X1]:(aNaturalNumber0(X1)&xk=sdtasdt0(xr,X1)))&doDivides0(xr,xk))&xr!=sz00)&xr!=sz10)&![X1]:((aNaturalNumber0(X1)&(?[X2]:(aNaturalNumber0(X2)&xr=sdtasdt0(X1,X2))|doDivides0(X1,xr)))=>(X1=sz10|X1=xr)))&isPrime0(xr))), file('/export/starexec/sandbox/benchmark/theBenchmark.p', m__2342)).
fof(c_0_2, axiom, (![X1]:![X2]:((aNaturalNumber0(X1)&aNaturalNumber0(X2))=>(doDivides0(X1,X2)<=>?[X3]:(aNaturalNumber0(X3)&X2=sdtasdt0(X1,X3))))), file('/export/starexec/sandbox/benchmark/theBenchmark.p', mDefDiv)).
fof(c_0_3, axiom, (![X1]:(aNaturalNumber0(X1)=>(sdtasdt0(X1,sz10)=X1&X1=sdtasdt0(sz10,X1)))), file('/export/starexec/sandbox/benchmark/theBenchmark.p', m_MulUnit)).
fof(c_0_4, hypothesis, (((aNaturalNumber0(xk)&sdtasdt0(xn,xm)=sdtasdt0(xp,xk))&xk=sdtsldt0(sdtasdt0(xn,xm),xp))), file('/export/starexec/sandbox/benchmark/theBenchmark.p', m__2306)).
fof(c_0_5, axiom, ((aNaturalNumber0(sz10)&sz10!=sz00)), file('/export/starexec/sandbox/benchmark/theBenchmark.p', mSortsC_01)).
fof(c_0_6, axiom, (![X1]:![X2]:((aNaturalNumber0(X1)&aNaturalNumber0(X2))=>aNaturalNumber0(sdtasdt0(X1,X2)))), file('/export/starexec/sandbox/benchmark/theBenchmark.p', mSortsB_02)).
fof(c_0_7, hypothesis, (((?[X1]:(aNaturalNumber0(X1)&sdtpldt0(xr,X1)=xk)&?[X1]:(aNaturalNumber0(X1)&sdtasdt0(xn,xm)=sdtasdt0(xr,X1)))&doDivides0(xr,sdtasdt0(xn,xm)))), file('/export/starexec/sandbox/benchmark/theBenchmark.p', m__2362)).
fof(c_0_8, axiom, (![X1]:![X2]:((aNaturalNumber0(X1)&aNaturalNumber0(X2))=>(X1!=sz00=>sdtlseqdt0(X2,sdtasdt0(X2,X1))))), file('/export/starexec/sandbox/benchmark/theBenchmark.p', mMonMul2)).
fof(c_0_9, axiom, (![X1]:![X2]:((aNaturalNumber0(X1)&aNaturalNumber0(X2))=>sdtasdt0(X1,X2)=sdtasdt0(X2,X1))), file('/export/starexec/sandbox/benchmark/theBenchmark.p', mMulComm)).
fof(c_0_10, axiom, (![X1]:![X2]:((aNaturalNumber0(X1)&aNaturalNumber0(X2))=>((X1!=sz00&doDivides0(X1,X2))=>![X3]:(X3=sdtsldt0(X2,X1)<=>(aNaturalNumber0(X3)&X2=sdtasdt0(X1,X3)))))), file('/export/starexec/sandbox/benchmark/theBenchmark.p', mDefQuot)).
fof(c_0_11, hypothesis, ((((((xp!=sz00&xp!=sz10)&![X1]:((aNaturalNumber0(X1)&(?[X2]:(aNaturalNumber0(X2)&xp=sdtasdt0(X1,X2))|doDivides0(X1,xp)))=>(X1=sz10|X1=xp)))&isPrime0(xp))&?[X1]:(aNaturalNumber0(X1)&sdtasdt0(xn,xm)=sdtasdt0(xp,X1)))&doDivides0(xp,sdtasdt0(xn,xm)))), file('/export/starexec/sandbox/benchmark/theBenchmark.p', m__1860)).
fof(c_0_12, hypothesis, (((aNaturalNumber0(xn)&aNaturalNumber0(xm))&aNaturalNumber0(xp))), file('/export/starexec/sandbox/benchmark/theBenchmark.p', m__1837)).
fof(c_0_13, axiom, (![X1]:![X2]:![X3]:(((aNaturalNumber0(X1)&aNaturalNumber0(X2))&aNaturalNumber0(X3))=>((sdtpldt0(X1,X2)=sdtpldt0(X1,X3)|sdtpldt0(X2,X1)=sdtpldt0(X3,X1))=>X2=X3))), file('/export/starexec/sandbox/benchmark/theBenchmark.p', mAddCanc)).
fof(c_0_14, axiom, (![X1]:(aNaturalNumber0(X1)=>(sdtpldt0(X1,sz00)=X1&X1=sdtpldt0(sz00,X1)))), file('/export/starexec/sandbox/benchmark/theBenchmark.p', m_AddZero)).
fof(c_0_15, axiom, (![X1]:![X2]:((aNaturalNumber0(X1)&aNaturalNumber0(X2))=>(sdtlseqdt0(X1,X2)<=>?[X3]:(aNaturalNumber0(X3)&sdtpldt0(X1,X3)=X2)))), file('/export/starexec/sandbox/benchmark/theBenchmark.p', mDefLE)).
fof(c_0_16, hypothesis, ((?[X1]:(aNaturalNumber0(X1)&xn=sdtasdt0(xr,X1))&doDivides0(xr,xn))), file('/export/starexec/sandbox/benchmark/theBenchmark.p', m__2487)).
fof(c_0_17, axiom, (aNaturalNumber0(sz00)), file('/export/starexec/sandbox/benchmark/theBenchmark.p', mSortsC)).
fof(c_0_18, axiom, (![X1]:(aNaturalNumber0(X1)=>(sdtasdt0(X1,sz00)=sz00&sz00=sdtasdt0(sz00,X1)))), file('/export/starexec/sandbox/benchmark/theBenchmark.p', m_MulZero)).
fof(c_0_19, axiom, (![X1]:![X2]:![X3]:(((aNaturalNumber0(X1)&aNaturalNumber0(X2))&aNaturalNumber0(X3))=>sdtasdt0(sdtasdt0(X1,X2),X3)=sdtasdt0(X1,sdtasdt0(X2,X3)))), file('/export/starexec/sandbox/benchmark/theBenchmark.p', mMulAsso)).
fof(c_0_20, axiom, (![X1]:![X2]:((aNaturalNumber0(X1)&aNaturalNumber0(X2))=>((X1!=sz00&doDivides0(X1,X2))=>![X3]:(aNaturalNumber0(X3)=>sdtasdt0(X3,sdtsldt0(X2,X1))=sdtsldt0(sdtasdt0(X3,X2),X1))))), file('/export/starexec/sandbox/benchmark/theBenchmark.p', mDivAsso)).
fof(c_0_21, axiom, (![X1]:![X2]:![X3]:(((aNaturalNumber0(X1)&aNaturalNumber0(X2))&aNaturalNumber0(X3))=>(sdtasdt0(X1,sdtpldt0(X2,X3))=sdtpldt0(sdtasdt0(X1,X2),sdtasdt0(X1,X3))&sdtasdt0(sdtpldt0(X2,X3),X1)=sdtpldt0(sdtasdt0(X2,X1),sdtasdt0(X3,X1))))), file('/export/starexec/sandbox/benchmark/theBenchmark.p', mAMDistr)).
fof(c_0_22, axiom, (![X1]:![X2]:((aNaturalNumber0(X1)&aNaturalNumber0(X2))=>sdtpldt0(X1,X2)=sdtpldt0(X2,X1))), file('/export/starexec/sandbox/benchmark/theBenchmark.p', mAddComm)).
fof(c_0_23, conjecture, (((aNaturalNumber0(sdtsldt0(xn,xr))&xn=sdtasdt0(xr,sdtsldt0(xn,xr)))=>(?[X1]:(aNaturalNumber0(X1)&sdtasdt0(sdtsldt0(xn,xr),xm)=sdtasdt0(xp,X1))|doDivides0(xp,sdtasdt0(sdtsldt0(xn,xr),xm))))), file('/export/starexec/sandbox/benchmark/theBenchmark.p', m__)).
fof(c_0_24, plain, (![X4]:![X5]:![X6]:(((~aNaturalNumber0(X4)|~aNaturalNumber0(X5))|~aNaturalNumber0(X6))|((~doDivides0(X4,X5)|~doDivides0(X5,X6))|doDivides0(X4,X6)))), inference(variable_rename,[status(thm)],[inference(fof_nnf,[status(thm)],[c_0_0])])).
fof(c_0_25, hypothesis, (![X4]:![X5]:((((((aNaturalNumber0(xr)&(aNaturalNumber0(esk12_0)&xk=sdtasdt0(xr,esk12_0)))&doDivides0(xr,xk))&xr!=sz00)&xr!=sz10)&((((~aNaturalNumber0(X5)|xr!=sdtasdt0(X4,X5))|~aNaturalNumber0(X4))|(X4=sz10|X4=xr))&((~doDivides0(X4,xr)|~aNaturalNumber0(X4))|(X4=sz10|X4=xr))))&isPrime0(xr))), inference(distribute,[status(thm)],[inference(shift_quantors,[status(thm)],[inference(skolemize,[status(esa)],[inference(variable_rename,[status(thm)],[inference(fof_nnf,[status(thm)],[c_0_1])])])])])).
fof(c_0_26, plain, (![X4]:![X5]:![X7]:((((aNaturalNumber0(esk2_2(X4,X5))|~doDivides0(X4,X5))|(~aNaturalNumber0(X4)|~aNaturalNumber0(X5)))&((X5=sdtasdt0(X4,esk2_2(X4,X5))|~doDivides0(X4,X5))|(~aNaturalNumber0(X4)|~aNaturalNumber0(X5))))&(((~aNaturalNumber0(X7)|X5!=sdtasdt0(X4,X7))|doDivides0(X4,X5))|(~aNaturalNumber0(X4)|~aNaturalNumber0(X5))))), inference(distribute,[status(thm)],[inference(shift_quantors,[status(thm)],[inference(skolemize,[status(esa)],[inference(variable_rename,[status(thm)],[inference(fof_nnf,[status(thm)],[c_0_2])])])])])).
fof(c_0_27, plain, (![X2]:((sdtasdt0(X2,sz10)=X2|~aNaturalNumber0(X2))&(X2=sdtasdt0(sz10,X2)|~aNaturalNumber0(X2)))), inference(distribute,[status(thm)],[inference(variable_rename,[status(thm)],[inference(fof_nnf,[status(thm)],[c_0_3])])])).
cnf(c_0_28,plain,(doDivides0(X1,X2)|~doDivides0(X3,X2)|~doDivides0(X1,X3)|~aNaturalNumber0(X2)|~aNaturalNumber0(X3)|~aNaturalNumber0(X1)), inference(split_conjunct,[status(thm)],[c_0_24])).
cnf(c_0_29,hypothesis,(doDivides0(xr,xk)), inference(split_conjunct,[status(thm)],[c_0_25])).
cnf(c_0_30,hypothesis,(aNaturalNumber0(xr)), inference(split_conjunct,[status(thm)],[c_0_25])).
cnf(c_0_31,hypothesis,(aNaturalNumber0(xk)), inference(split_conjunct,[status(thm)],[c_0_4])).
cnf(c_0_32,plain,(doDivides0(X2,X1)|~aNaturalNumber0(X1)|~aNaturalNumber0(X2)|X1!=sdtasdt0(X2,X3)|~aNaturalNumber0(X3)), inference(split_conjunct,[status(thm)],[c_0_26])).
cnf(c_0_33,plain,(X1=sdtasdt0(sz10,X1)|~aNaturalNumber0(X1)), inference(split_conjunct,[status(thm)],[c_0_27])).
cnf(c_0_34,plain,(aNaturalNumber0(sz10)), inference(split_conjunct,[status(thm)],[c_0_5])).
cnf(c_0_35,hypothesis,(doDivides0(X1,xk)|~doDivides0(X1,xr)|~aNaturalNumber0(X1)), inference(cn,[status(thm)],[inference(rw,[status(thm)],[inference(rw,[status(thm)],[inference(spm,[status(thm)],[c_0_28, c_0_29]), c_0_30]), c_0_31])])).
cnf(c_0_36,plain,(doDivides0(sz10,X1)|~aNaturalNumber0(X1)), inference(er,[status(thm)],[inference(cn,[status(thm)],[inference(rw,[status(thm)],[inference(spm,[status(thm)],[c_0_32, c_0_33]), c_0_34])])])).
cnf(c_0_37,plain,(X1=sdtasdt0(X2,esk2_2(X2,X1))|~aNaturalNumber0(X1)|~aNaturalNumber0(X2)|~doDivides0(X2,X1)), inference(split_conjunct,[status(thm)],[c_0_26])).
cnf(c_0_38,hypothesis,(doDivides0(sz10,xk)), inference(cn,[status(thm)],[inference(rw,[status(thm)],[inference(rw,[status(thm)],[inference(spm,[status(thm)],[c_0_35, c_0_36]), c_0_34]), c_0_30])])).
cnf(c_0_39,plain,(aNaturalNumber0(esk2_2(X2,X1))|~aNaturalNumber0(X1)|~aNaturalNumber0(X2)|~doDivides0(X2,X1)), inference(split_conjunct,[status(thm)],[c_0_26])).
fof(c_0_40, plain, (![X3]:![X4]:((~aNaturalNumber0(X3)|~aNaturalNumber0(X4))|aNaturalNumber0(sdtasdt0(X3,X4)))), inference(variable_rename,[status(thm)],[inference(fof_nnf,[status(thm)],[c_0_6])])).
fof(c_0_41, hypothesis, ((((aNaturalNumber0(esk13_0)&sdtpldt0(xr,esk13_0)=xk)&(aNaturalNumber0(esk14_0)&sdtasdt0(xn,xm)=sdtasdt0(xr,esk14_0)))&doDivides0(xr,sdtasdt0(xn,xm)))), inference(skolemize,[status(esa)],[inference(variable_rename,[status(thm)],[c_0_7])])).
fof(c_0_42, plain, (![X3]:![X4]:((~aNaturalNumber0(X3)|~aNaturalNumber0(X4))|(X3=sz00|sdtlseqdt0(X4,sdtasdt0(X4,X3))))), inference(variable_rename,[status(thm)],[inference(fof_nnf,[status(thm)],[c_0_8])])).
fof(c_0_43, plain, (![X3]:![X4]:((~aNaturalNumber0(X3)|~aNaturalNumber0(X4))|sdtasdt0(X3,X4)=sdtasdt0(X4,X3))), inference(variable_rename,[status(thm)],[inference(fof_nnf,[status(thm)],[c_0_9])])).
cnf(c_0_44,hypothesis,(sdtasdt0(sz10,esk2_2(sz10,xk))=xk), inference(cn,[status(thm)],[inference(rw,[status(thm)],[inference(rw,[status(thm)],[inference(spm,[status(thm)],[c_0_37, c_0_38]), c_0_34]), c_0_31])])).
cnf(c_0_45,hypothesis,(aNaturalNumber0(esk2_2(sz10,xk))), inference(cn,[status(thm)],[inference(rw,[status(thm)],[inference(rw,[status(thm)],[inference(spm,[status(thm)],[c_0_39, c_0_38]), c_0_34]), c_0_31])])).
fof(c_0_46, plain, (![X4]:![X5]:![X6]:![X7]:(((((aNaturalNumber0(X6)|X6!=sdtsldt0(X5,X4))|(X4=sz00|~doDivides0(X4,X5)))|(~aNaturalNumber0(X4)|~aNaturalNumber0(X5)))&(((X5=sdtasdt0(X4,X6)|X6!=sdtsldt0(X5,X4))|(X4=sz00|~doDivides0(X4,X5)))|(~aNaturalNumber0(X4)|~aNaturalNumber0(X5))))&((((~aNaturalNumber0(X7)|X5!=sdtasdt0(X4,X7))|X7=sdtsldt0(X5,X4))|(X4=sz00|~doDivides0(X4,X5)))|(~aNaturalNumber0(X4)|~aNaturalNumber0(X5))))), inference(distribute,[status(thm)],[inference(shift_quantors,[status(thm)],[inference(variable_rename,[status(thm)],[inference(shift_quantors,[status(thm)],[inference(fof_nnf,[status(thm)],[c_0_10])])])])])).
fof(c_0_47, hypothesis, (![X3]:![X4]:(((((xp!=sz00&xp!=sz10)&((((~aNaturalNumber0(X4)|xp!=sdtasdt0(X3,X4))|~aNaturalNumber0(X3))|(X3=sz10|X3=xp))&((~doDivides0(X3,xp)|~aNaturalNumber0(X3))|(X3=sz10|X3=xp))))&isPrime0(xp))&(aNaturalNumber0(esk9_0)&sdtasdt0(xn,xm)=sdtasdt0(xp,esk9_0)))&doDivides0(xp,sdtasdt0(xn,xm)))), inference(distribute,[status(thm)],[inference(shift_quantors,[status(thm)],[inference(skolemize,[status(esa)],[inference(variable_rename,[status(thm)],[inference(fof_nnf,[status(thm)],[c_0_11])])])])])).
cnf(c_0_48,plain,(aNaturalNumber0(sdtasdt0(X1,X2))|~aNaturalNumber0(X2)|~aNaturalNumber0(X1)), inference(split_conjunct,[status(thm)],[c_0_40])).
cnf(c_0_49,hypothesis,(sdtasdt0(xn,xm)=sdtasdt0(xr,esk14_0)), inference(split_conjunct,[status(thm)],[c_0_41])).
cnf(c_0_50,hypothesis,(aNaturalNumber0(esk14_0)), inference(split_conjunct,[status(thm)],[c_0_41])).
cnf(c_0_51,plain,(sdtlseqdt0(X1,sdtasdt0(X1,X2))|X2=sz00|~aNaturalNumber0(X1)|~aNaturalNumber0(X2)), inference(split_conjunct,[status(thm)],[c_0_42])).
cnf(c_0_52,plain,(sdtasdt0(X1,X2)=sdtasdt0(X2,X1)|~aNaturalNumber0(X2)|~aNaturalNumber0(X1)), inference(split_conjunct,[status(thm)],[c_0_43])).
cnf(c_0_53,hypothesis,(esk2_2(sz10,xk)=xk), inference(cn,[status(thm)],[inference(rw,[status(thm)],[inference(spm,[status(thm)],[c_0_33, c_0_44]), c_0_45])])).
cnf(c_0_54,plain,(X2=sz00|X3=sdtsldt0(X1,X2)|~aNaturalNumber0(X1)|~aNaturalNumber0(X2)|~doDivides0(X2,X1)|X1!=sdtasdt0(X2,X3)|~aNaturalNumber0(X3)), inference(split_conjunct,[status(thm)],[c_0_46])).
cnf(c_0_55,plain,(X2=sz00|aNaturalNumber0(X3)|~aNaturalNumber0(X1)|~aNaturalNumber0(X2)|~doDivides0(X2,X1)|X3!=sdtsldt0(X1,X2)), inference(split_conjunct,[status(thm)],[c_0_46])).
cnf(c_0_56,hypothesis,(xk=sdtsldt0(sdtasdt0(xn,xm),xp)), inference(split_conjunct,[status(thm)],[c_0_4])).
cnf(c_0_57,hypothesis,(doDivides0(xp,sdtasdt0(xn,xm))), inference(split_conjunct,[status(thm)],[c_0_47])).
cnf(c_0_58,hypothesis,(aNaturalNumber0(xp)), inference(split_conjunct,[status(thm)],[c_0_12])).
cnf(c_0_59,hypothesis,(aNaturalNumber0(sdtasdt0(xn,xm))), inference(cn,[status(thm)],[inference(rw,[status(thm)],[inference(rw,[status(thm)],[inference(spm,[status(thm)],[c_0_48, c_0_49]), c_0_50]), c_0_30])])).
cnf(c_0_60,hypothesis,(xp!=sz00), inference(split_conjunct,[status(thm)],[c_0_47])).
fof(c_0_61, plain, (![X4]:![X5]:![X6]:(((sdtpldt0(X4,X5)!=sdtpldt0(X4,X6)|X5=X6)|((~aNaturalNumber0(X4)|~aNaturalNumber0(X5))|~aNaturalNumber0(X6)))&((sdtpldt0(X5,X4)!=sdtpldt0(X6,X4)|X5=X6)|((~aNaturalNumber0(X4)|~aNaturalNumber0(X5))|~aNaturalNumber0(X6))))), inference(distribute,[status(thm)],[inference(variable_rename,[status(thm)],[inference(fof_nnf,[status(thm)],[c_0_13])])])).
fof(c_0_62, plain, (![X2]:((sdtpldt0(X2,sz00)=X2|~aNaturalNumber0(X2))&(X2=sdtpldt0(sz00,X2)|~aNaturalNumber0(X2)))), inference(distribute,[status(thm)],[inference(variable_rename,[status(thm)],[inference(fof_nnf,[status(thm)],[c_0_14])])])).
fof(c_0_63, plain, (![X4]:![X5]:![X7]:((((aNaturalNumber0(esk1_2(X4,X5))|~sdtlseqdt0(X4,X5))|(~aNaturalNumber0(X4)|~aNaturalNumber0(X5)))&((sdtpldt0(X4,esk1_2(X4,X5))=X5|~sdtlseqdt0(X4,X5))|(~aNaturalNumber0(X4)|~aNaturalNumber0(X5))))&(((~aNaturalNumber0(X7)|sdtpldt0(X4,X7)!=X5)|sdtlseqdt0(X4,X5))|(~aNaturalNumber0(X4)|~aNaturalNumber0(X5))))), inference(distribute,[status(thm)],[inference(shift_quantors,[status(thm)],[inference(skolemize,[status(esa)],[inference(variable_rename,[status(thm)],[inference(fof_nnf,[status(thm)],[c_0_15])])])])])).
cnf(c_0_64,plain,(sz00=X1|sdtlseqdt0(X2,sdtasdt0(X1,X2))|~aNaturalNumber0(X1)|~aNaturalNumber0(X2)), inference(spm,[status(thm)],[c_0_51, c_0_52])).
cnf(c_0_65,hypothesis,(sdtasdt0(sz10,xk)=xk), inference(rw,[status(thm)],[c_0_44, c_0_53])).
cnf(c_0_66,plain,(sz10!=sz00), inference(split_conjunct,[status(thm)],[c_0_5])).
fof(c_0_67, hypothesis, (((aNaturalNumber0(esk18_0)&xn=sdtasdt0(xr,esk18_0))&doDivides0(xr,xn))), inference(skolemize,[status(esa)],[inference(variable_rename,[status(thm)],[c_0_16])])).
cnf(c_0_68,plain,(sdtsldt0(X1,X2)=X3|sz00=X2|sdtasdt0(X2,X3)!=X1|~aNaturalNumber0(X3)|~aNaturalNumber0(X2)|~aNaturalNumber0(X1)), inference(csr,[status(thm)],[c_0_54, c_0_32])).
cnf(c_0_69,hypothesis,(xk=sdtasdt0(xr,esk12_0)), inference(split_conjunct,[status(thm)],[c_0_25])).
cnf(c_0_70,hypothesis,(aNaturalNumber0(esk12_0)), inference(split_conjunct,[status(thm)],[c_0_25])).
cnf(c_0_71,hypothesis,(xr!=sz00), inference(split_conjunct,[status(thm)],[c_0_25])).
cnf(c_0_72,hypothesis,(aNaturalNumber0(X1)|xk!=X1), inference(sr,[status(thm)],[inference(cn,[status(thm)],[inference(rw,[status(thm)],[inference(rw,[status(thm)],[inference(rw,[status(thm)],[inference(spm,[status(thm)],[c_0_55, c_0_56]), c_0_57]), c_0_58]), c_0_59])]), c_0_60])).
cnf(c_0_73,plain,(X2=X1|~aNaturalNumber0(X1)|~aNaturalNumber0(X2)|~aNaturalNumber0(X3)|sdtpldt0(X3,X2)!=sdtpldt0(X3,X1)), inference(split_conjunct,[status(thm)],[c_0_61])).
cnf(c_0_74,plain,(sdtpldt0(X1,sz00)=X1|~aNaturalNumber0(X1)), inference(split_conjunct,[status(thm)],[c_0_62])).
cnf(c_0_75,plain,(aNaturalNumber0(sz00)), inference(split_conjunct,[status(thm)],[c_0_17])).
cnf(c_0_76,plain,(sdtpldt0(X2,esk1_2(X2,X1))=X1|~aNaturalNumber0(X1)|~aNaturalNumber0(X2)|~sdtlseqdt0(X2,X1)), inference(split_conjunct,[status(thm)],[c_0_63])).
cnf(c_0_77,hypothesis,(sdtlseqdt0(xk,xk)), inference(sr,[status(thm)],[inference(cn,[status(thm)],[inference(rw,[status(thm)],[inference(rw,[status(thm)],[inference(spm,[status(thm)],[c_0_64, c_0_65]), c_0_34]), c_0_31])]), c_0_66])).
cnf(c_0_78,plain,(aNaturalNumber0(esk1_2(X2,X1))|~aNaturalNumber0(X1)|~aNaturalNumber0(X2)|~sdtlseqdt0(X2,X1)), inference(split_conjunct,[status(thm)],[c_0_63])).
fof(c_0_79, plain, (![X2]:((sdtasdt0(X2,sz00)=sz00|~aNaturalNumber0(X2))&(sz00=sdtasdt0(sz00,X2)|~aNaturalNumber0(X2)))), inference(distribute,[status(thm)],[inference(variable_rename,[status(thm)],[inference(fof_nnf,[status(thm)],[c_0_18])])])).
fof(c_0_80, plain, (![X4]:![X5]:![X6]:(((~aNaturalNumber0(X4)|~aNaturalNumber0(X5))|~aNaturalNumber0(X6))|sdtasdt0(sdtasdt0(X4,X5),X6)=sdtasdt0(X4,sdtasdt0(X5,X6)))), inference(variable_rename,[status(thm)],[inference(fof_nnf,[status(thm)],[c_0_19])])).
cnf(c_0_81,hypothesis,(doDivides0(xr,xn)), inference(split_conjunct,[status(thm)],[c_0_67])).
cnf(c_0_82,hypothesis,(aNaturalNumber0(xn)), inference(split_conjunct,[status(thm)],[c_0_12])).
fof(c_0_83, plain, (![X4]:![X5]:![X6]:((~aNaturalNumber0(X4)|~aNaturalNumber0(X5))|((X4=sz00|~doDivides0(X4,X5))|(~aNaturalNumber0(X6)|sdtasdt0(X6,sdtsldt0(X5,X4))=sdtsldt0(sdtasdt0(X6,X5),X4))))), inference(shift_quantors,[status(thm)],[inference(variable_rename,[status(thm)],[inference(fof_nnf,[status(thm)],[c_0_20])])])).
cnf(c_0_84,hypothesis,(sdtsldt0(X1,xr)=esk12_0|xk!=X1), inference(csr,[status(thm)],[inference(sr,[status(thm)],[inference(cn,[status(thm)],[inference(rw,[status(thm)],[inference(rw,[status(thm)],[inference(spm,[status(thm)],[c_0_68, c_0_69]), c_0_70]), c_0_30])]), c_0_71]), c_0_72])).
cnf(c_0_85,plain,(X1=sz00|sdtpldt0(X2,X1)!=X2|~aNaturalNumber0(X2)|~aNaturalNumber0(X1)), inference(cn,[status(thm)],[inference(rw,[status(thm)],[inference(spm,[status(thm)],[c_0_73, c_0_74]), c_0_75])])).
cnf(c_0_86,hypothesis,(sdtpldt0(xk,esk1_2(xk,xk))=xk), inference(cn,[status(thm)],[inference(rw,[status(thm)],[inference(spm,[status(thm)],[c_0_76, c_0_77]), c_0_31])])).
cnf(c_0_87,hypothesis,(aNaturalNumber0(esk1_2(xk,xk))), inference(cn,[status(thm)],[inference(rw,[status(thm)],[inference(spm,[status(thm)],[c_0_78, c_0_77]), c_0_31])])).
cnf(c_0_88,plain,(sdtasdt0(X1,sz00)=sz00|~aNaturalNumber0(X1)), inference(split_conjunct,[status(thm)],[c_0_79])).
cnf(c_0_89,plain,(sdtasdt0(sdtasdt0(X1,X2),X3)=sdtasdt0(X1,sdtasdt0(X2,X3))|~aNaturalNumber0(X3)|~aNaturalNumber0(X2)|~aNaturalNumber0(X1)), inference(split_conjunct,[status(thm)],[c_0_80])).
cnf(c_0_90,hypothesis,(doDivides0(X1,xn)|~doDivides0(X1,xr)|~aNaturalNumber0(X1)), inference(cn,[status(thm)],[inference(rw,[status(thm)],[inference(rw,[status(thm)],[inference(spm,[status(thm)],[c_0_28, c_0_81]), c_0_30]), c_0_82])])).
cnf(c_0_91,plain,(sdtasdt0(X1,sdtsldt0(X2,X3))=sdtsldt0(sdtasdt0(X1,X2),X3)|X3=sz00|~aNaturalNumber0(X1)|~doDivides0(X3,X2)|~aNaturalNumber0(X2)|~aNaturalNumber0(X3)), inference(split_conjunct,[status(thm)],[c_0_83])).
cnf(c_0_92,hypothesis,(sdtsldt0(xk,xr)=esk12_0), inference(er,[status(thm)],[c_0_84])).
cnf(c_0_93,plain,(sdtsldt0(sdtasdt0(X1,X2),X1)=X2|sz00=X1|~aNaturalNumber0(X2)|~aNaturalNumber0(X1)), inference(csr,[status(thm)],[inference(er,[status(thm)],[c_0_68]), c_0_48])).
fof(c_0_94, plain, (![X4]:![X5]:![X6]:((sdtasdt0(X4,sdtpldt0(X5,X6))=sdtpldt0(sdtasdt0(X4,X5),sdtasdt0(X4,X6))|((~aNaturalNumber0(X4)|~aNaturalNumber0(X5))|~aNaturalNumber0(X6)))&(sdtasdt0(sdtpldt0(X5,X6),X4)=sdtpldt0(sdtasdt0(X5,X4),sdtasdt0(X6,X4))|((~aNaturalNumber0(X4)|~aNaturalNumber0(X5))|~aNaturalNumber0(X6))))), inference(distribute,[status(thm)],[inference(variable_rename,[status(thm)],[inference(fof_nnf,[status(thm)],[c_0_21])])])).
fof(c_0_95, plain, (![X3]:![X4]:((~aNaturalNumber0(X3)|~aNaturalNumber0(X4))|sdtpldt0(X3,X4)=sdtpldt0(X4,X3))), inference(variable_rename,[status(thm)],[inference(fof_nnf,[status(thm)],[c_0_22])])).
cnf(c_0_96,hypothesis,(esk1_2(xk,xk)=sz00), inference(cn,[status(thm)],[inference(rw,[status(thm)],[inference(rw,[status(thm)],[inference(spm,[status(thm)],[c_0_85, c_0_86]), c_0_31]), c_0_87])])).
cnf(c_0_97,plain,(sdtasdt0(X1,sz10)=X1|~aNaturalNumber0(X1)), inference(split_conjunct,[status(thm)],[c_0_27])).
cnf(c_0_98,plain,(sdtasdt0(X1,sdtasdt0(X2,sz00))=sz00|~aNaturalNumber0(X2)|~aNaturalNumber0(X1)), inference(csr,[status(thm)],[inference(cn,[status(thm)],[inference(rw,[status(thm)],[inference(spm,[status(thm)],[c_0_88, c_0_89]), c_0_75])]), c_0_48])).
cnf(c_0_99,hypothesis,(sdtasdt0(xr,sdtasdt0(esk12_0,X1))=sdtasdt0(xk,X1)|~aNaturalNumber0(X1)), inference(cn,[status(thm)],[inference(rw,[status(thm)],[inference(rw,[status(thm)],[inference(spm,[status(thm)],[c_0_89, c_0_69]), c_0_70]), c_0_30])])).
cnf(c_0_100,hypothesis,(doDivides0(sz10,xn)), inference(cn,[status(thm)],[inference(rw,[status(thm)],[inference(rw,[status(thm)],[inference(spm,[status(thm)],[c_0_90, c_0_36]), c_0_34]), c_0_30])])).
fof(c_0_101, negated_conjecture, (~(((aNaturalNumber0(sdtsldt0(xn,xr))&xn=sdtasdt0(xr,sdtsldt0(xn,xr)))=>(?[X1]:(aNaturalNumber0(X1)&sdtasdt0(sdtsldt0(xn,xr),xm)=sdtasdt0(xp,X1))|doDivides0(xp,sdtasdt0(sdtsldt0(xn,xr),xm)))))), inference(assume_negation,[status(cth)],[c_0_23])).
cnf(c_0_102,hypothesis,(xn=sdtasdt0(xr,esk18_0)), inference(split_conjunct,[status(thm)],[c_0_67])).
cnf(c_0_103,hypothesis,(aNaturalNumber0(esk18_0)), inference(split_conjunct,[status(thm)],[c_0_67])).
cnf(c_0_104,hypothesis,(sdtsldt0(sdtasdt0(X1,xk),xr)=sdtasdt0(X1,esk12_0)|~aNaturalNumber0(X1)), inference(rw,[status(thm)],[inference(sr,[status(thm)],[inference(cn,[status(thm)],[inference(rw,[status(thm)],[inference(rw,[status(thm)],[inference(spm,[status(thm)],[c_0_91, c_0_29]), c_0_30]), c_0_31])]), c_0_71]), c_0_92])).
cnf(c_0_105,hypothesis,(sdtasdt0(xn,xm)=sdtasdt0(xp,xk)), inference(split_conjunct,[status(thm)],[c_0_4])).
cnf(c_0_106,hypothesis,(sdtsldt0(sdtasdt0(xn,xm),xr)=esk14_0), inference(sr,[status(thm)],[inference(cn,[status(thm)],[inference(rw,[status(thm)],[inference(rw,[status(thm)],[inference(spm,[status(thm)],[c_0_93, c_0_49]), c_0_50]), c_0_30])]), c_0_71])).
cnf(c_0_107,plain,(sdtasdt0(X3,sdtpldt0(X2,X1))=sdtpldt0(sdtasdt0(X3,X2),sdtasdt0(X3,X1))|~aNaturalNumber0(X1)|~aNaturalNumber0(X2)|~aNaturalNumber0(X3)), inference(split_conjunct,[status(thm)],[c_0_94])).
cnf(c_0_108,plain,(sdtpldt0(X1,X2)=sdtpldt0(X2,X1)|~aNaturalNumber0(X2)|~aNaturalNumber0(X1)), inference(split_conjunct,[status(thm)],[c_0_95])).
cnf(c_0_109,hypothesis,(sdtpldt0(xk,sz00)=xk), inference(rw,[status(thm)],[c_0_86, c_0_96])).
cnf(c_0_110,plain,(sz00=sdtasdt0(sz00,X1)|~aNaturalNumber0(X1)), inference(split_conjunct,[status(thm)],[c_0_79])).
cnf(c_0_111,plain,(sdtasdt0(X1,sdtasdt0(X2,sz10))=sdtasdt0(X1,X2)|~aNaturalNumber0(X2)|~aNaturalNumber0(X1)), inference(csr,[status(thm)],[inference(cn,[status(thm)],[inference(rw,[status(thm)],[inference(spm,[status(thm)],[c_0_97, c_0_89]), c_0_34])]), c_0_48])).
cnf(c_0_112,hypothesis,(sdtasdt0(xk,sz00)=sz00), inference(cn,[status(thm)],[inference(rw,[status(thm)],[inference(rw,[status(thm)],[inference(rw,[status(thm)],[inference(spm,[status(thm)],[c_0_98, c_0_99]), c_0_70]), c_0_30]), c_0_75])])).
cnf(c_0_113,hypothesis,(sdtasdt0(sz10,esk2_2(sz10,xn))=xn), inference(cn,[status(thm)],[inference(rw,[status(thm)],[inference(rw,[status(thm)],[inference(spm,[status(thm)],[c_0_37, c_0_100]), c_0_34]), c_0_82])])).
cnf(c_0_114,hypothesis,(aNaturalNumber0(esk2_2(sz10,xn))), inference(cn,[status(thm)],[inference(rw,[status(thm)],[inference(rw,[status(thm)],[inference(spm,[status(thm)],[c_0_39, c_0_100]), c_0_34]), c_0_82])])).
fof(c_0_115, negated_conjecture, (![X2]:((aNaturalNumber0(sdtsldt0(xn,xr))&xn=sdtasdt0(xr,sdtsldt0(xn,xr)))&((~aNaturalNumber0(X2)|sdtasdt0(sdtsldt0(xn,xr),xm)!=sdtasdt0(xp,X2))&~doDivides0(xp,sdtasdt0(sdtsldt0(xn,xr),xm))))), inference(shift_quantors,[status(thm)],[inference(variable_rename,[status(thm)],[inference(fof_nnf,[status(thm)],[c_0_101])])])).
cnf(c_0_116,hypothesis,(sdtsldt0(X1,xr)=esk18_0|xn!=X1|~aNaturalNumber0(X1)), inference(sr,[status(thm)],[inference(cn,[status(thm)],[inference(rw,[status(thm)],[inference(rw,[status(thm)],[inference(spm,[status(thm)],[c_0_68, c_0_102]), c_0_103]), c_0_30])]), c_0_71])).
cnf(c_0_117,plain,(doDivides0(X1,sdtasdt0(X1,X2))|~aNaturalNumber0(X2)|~aNaturalNumber0(X1)), inference(csr,[status(thm)],[inference(er,[status(thm)],[c_0_32]), c_0_48])).
cnf(c_0_118,hypothesis,(sdtasdt0(xp,esk12_0)=esk14_0), inference(cn,[status(thm)],[inference(rw,[status(thm)],[inference(rw,[status(thm)],[inference(spm,[status(thm)],[c_0_104, c_0_105]), c_0_106]), c_0_58])])).
cnf(c_0_119,plain,(sdtasdt0(sdtpldt0(X2,X1),X3)=sdtpldt0(sdtasdt0(X2,X3),sdtasdt0(X1,X3))|~aNaturalNumber0(X1)|~aNaturalNumber0(X2)|~aNaturalNumber0(X3)), inference(split_conjunct,[status(thm)],[c_0_94])).
cnf(c_0_120,hypothesis,(sdtpldt0(sdtasdt0(xp,X1),sdtasdt0(xn,xm))=sdtasdt0(xp,sdtpldt0(X1,xk))|~aNaturalNumber0(X1)), inference(cn,[status(thm)],[inference(rw,[status(thm)],[inference(rw,[status(thm)],[inference(spm,[status(thm)],[c_0_107, c_0_105]), c_0_58]), c_0_31])])).
cnf(c_0_121,hypothesis,(sdtpldt0(sz00,xk)=xk), inference(cn,[status(thm)],[inference(rw,[status(thm)],[inference(rw,[status(thm)],[inference(spm,[status(thm)],[c_0_108, c_0_109]), c_0_31]), c_0_75])])).
cnf(c_0_122,plain,(sdtasdt0(sz00,sdtasdt0(X1,X2))=sdtasdt0(sz00,X2)|~aNaturalNumber0(X2)|~aNaturalNumber0(X1)), inference(cn,[status(thm)],[inference(rw,[status(thm)],[inference(spm,[status(thm)],[c_0_89, c_0_110]), c_0_75])])).
cnf(c_0_123,hypothesis,(sdtasdt0(xk,sz10)=xk), inference(cn,[status(thm)],[inference(rw,[status(thm)],[inference(rw,[status(thm)],[inference(rw,[status(thm)],[inference(rw,[status(thm)],[inference(spm,[status(thm)],[c_0_111, c_0_99]), c_0_69]), c_0_70]), c_0_30]), c_0_34])])).
cnf(c_0_124,hypothesis,(sdtasdt0(sz00,xk)=sz00), inference(cn,[status(thm)],[inference(rw,[status(thm)],[inference(rw,[status(thm)],[inference(spm,[status(thm)],[c_0_52, c_0_112]), c_0_31]), c_0_75])])).
cnf(c_0_125,hypothesis,(esk2_2(sz10,xn)=xn), inference(cn,[status(thm)],[inference(rw,[status(thm)],[inference(spm,[status(thm)],[c_0_33, c_0_113]), c_0_114])])).
cnf(c_0_126,negated_conjecture,(sdtasdt0(sdtsldt0(xn,xr),xm)!=sdtasdt0(xp,X1)|~aNaturalNumber0(X1)), inference(split_conjunct,[status(thm)],[c_0_115])).
cnf(c_0_127,hypothesis,(sdtsldt0(xn,xr)=esk18_0), inference(cn,[status(thm)],[inference(rw,[status(thm)],[inference(er,[status(thm)],[c_0_116]), c_0_82])])).
cnf(c_0_128,hypothesis,(doDivides0(xp,esk14_0)), inference(cn,[status(thm)],[inference(rw,[status(thm)],[inference(rw,[status(thm)],[inference(spm,[status(thm)],[c_0_117, c_0_118]), c_0_70]), c_0_58])])).
cnf(c_0_129,plain,(sdtasdt0(sdtpldt0(X1,X2),sz10)=sdtpldt0(sdtasdt0(X1,sz10),X2)|~aNaturalNumber0(X1)|~aNaturalNumber0(X2)), inference(cn,[status(thm)],[inference(rw,[status(thm)],[inference(spm,[status(thm)],[c_0_119, c_0_97]), c_0_34])])).
cnf(c_0_130,hypothesis,(sdtpldt0(sz00,sdtasdt0(xn,xm))=sdtasdt0(xn,xm)), inference(cn,[status(thm)],[inference(rw,[status(thm)],[inference(rw,[status(thm)],[inference(rw,[status(thm)],[inference(rw,[status(thm)],[inference(spm,[status(thm)],[c_0_120, c_0_88]), c_0_121]), c_0_105]), c_0_75]), c_0_58])])).
cnf(c_0_131,hypothesis,(sdtasdt0(sz00,sz10)=sz00), inference(cn,[status(thm)],[inference(rw,[status(thm)],[inference(rw,[status(thm)],[inference(rw,[status(thm)],[inference(spm,[status(thm)],[c_0_122, c_0_123]), c_0_124]), c_0_34]), c_0_31])])).
cnf(c_0_132,hypothesis,(sdtasdt0(sz10,xn)=xn), inference(rw,[status(thm)],[c_0_113, c_0_125])).
cnf(c_0_133,negated_conjecture,(sdtasdt0(esk18_0,xm)!=sdtasdt0(xp,X1)|~aNaturalNumber0(X1)), inference(rw,[status(thm)],[c_0_126, c_0_127])).
cnf(c_0_134,hypothesis,(sdtasdt0(xp,esk2_2(xp,esk14_0))=esk14_0), inference(cn,[status(thm)],[inference(rw,[status(thm)],[inference(rw,[status(thm)],[inference(spm,[status(thm)],[c_0_37, c_0_128]), c_0_58]), c_0_50])])).
cnf(c_0_135,hypothesis,(aNaturalNumber0(esk2_2(xp,esk14_0))), inference(cn,[status(thm)],[inference(rw,[status(thm)],[inference(rw,[status(thm)],[inference(spm,[status(thm)],[c_0_39, c_0_128]), c_0_58]), c_0_50])])).
cnf(c_0_136,plain,(sdtasdt0(sdtasdt0(X1,X2),X3)=sdtasdt0(X2,sdtasdt0(X1,X3))|~aNaturalNumber0(X3)|~aNaturalNumber0(X1)|~aNaturalNumber0(X2)), inference(spm,[status(thm)],[c_0_89, c_0_52])).
cnf(c_0_137,hypothesis,(sdtasdt0(sdtasdt0(xn,xm),sz10)=sdtasdt0(xn,xm)), inference(cn,[status(thm)],[inference(rw,[status(thm)],[inference(rw,[status(thm)],[inference(rw,[status(thm)],[inference(rw,[status(thm)],[inference(spm,[status(thm)],[c_0_129, c_0_130]), c_0_131]), c_0_130]), c_0_75]), c_0_59])])).
cnf(c_0_138,hypothesis,(sdtasdt0(xn,sz10)=xn), inference(cn,[status(thm)],[inference(rw,[status(thm)],[inference(rw,[status(thm)],[inference(spm,[status(thm)],[c_0_52, c_0_132]), c_0_34]), c_0_82])])).
cnf(c_0_139,hypothesis,(aNaturalNumber0(xm)), inference(split_conjunct,[status(thm)],[c_0_12])).
cnf(c_0_140,negated_conjecture,(sdtasdt0(esk18_0,xm)!=esk14_0), inference(cn,[status(thm)],[inference(rw,[status(thm)],[inference(spm,[status(thm)],[c_0_133, c_0_134]), c_0_135])])).
cnf(c_0_141,hypothesis,(sdtsldt0(sdtasdt0(X1,xn),xr)=sdtasdt0(X1,esk18_0)|~aNaturalNumber0(X1)), inference(rw,[status(thm)],[inference(sr,[status(thm)],[inference(cn,[status(thm)],[inference(rw,[status(thm)],[inference(rw,[status(thm)],[inference(spm,[status(thm)],[c_0_91, c_0_81]), c_0_30]), c_0_82])]), c_0_71]), c_0_127])).
cnf(c_0_142,hypothesis,(sdtasdt0(xm,xn)=sdtasdt0(xn,xm)), inference(cn,[status(thm)],[inference(rw,[status(thm)],[inference(rw,[status(thm)],[inference(rw,[status(thm)],[inference(rw,[status(thm)],[inference(spm,[status(thm)],[c_0_136, c_0_137]), c_0_138]), c_0_34]), c_0_82]), c_0_139])])).
cnf(c_0_143,negated_conjecture,(sdtasdt0(xm,esk18_0)!=esk14_0), inference(cn,[status(thm)],[inference(rw,[status(thm)],[inference(rw,[status(thm)],[inference(spm,[status(thm)],[c_0_140, c_0_52]), c_0_103]), c_0_139])])).
cnf(c_0_144,hypothesis,($false), inference(sr,[status(thm)],[inference(cn,[status(thm)],[inference(rw,[status(thm)],[inference(rw,[status(thm)],[inference(spm,[status(thm)],[c_0_141, c_0_142]), c_0_106]), c_0_139])]), c_0_143]), ['proof']).
# SZS output end CNFRefutation.
EOF
