% Problem    : HAL003+3 : TPTP v6.1.0. Released v2.6.0.
% Command    : eprover --auto-schedule --tstp-format -s --proof-object --memory-limit=2048 --cpu-limit=%d %s
% Computer   : n093.star.cs.uiowa.edu
% Model      : x86_64 x86_64
% CPU        : Intel(R) Xeon(R) CPU E5-2609 0 @ 2.40GHz
% Memory     : 32286.75MB
% OS         : Linux 2.6.32-431.20.3.el6.x86_64
% CPULimit   : 300
% DateTime   : Sun Jul 20 03:16:36 CDT 2014
% CPUTime    : 
# No SInE strategy applied
# Trying AutoSched0 for 151 seconds
# AutoSched0-Mode selected heuristic G_E___200_C41_F1_AE_CS_SP_PI_S0Y
# and selection function SelectMaxLComplexAvoidPosPred.
#

# Proof found!
# SZS status Theorem
# SZS output start CNFRefutation.
fof(c_0_0, axiom, (![X1]:![X2]:![X3]:((morphism(X1,X2,X3)&![X7]:(element(X7,X3)=>?[X8]:(element(X8,X2)&apply(X1,X8)=X7)))=>surjection(X1))), file('/export/starexec/sandbox/benchmark/Axioms/HAL001+0.ax', properties_for_surjection)).
fof(c_0_1, axiom, (![X2]:![X5]:![X6]:((element(X5,X2)&element(X6,X2))=>element(subtract(X2,X5,X6),X2))), file('/export/starexec/sandbox/benchmark/Axioms/HAL001+0.ax', subtract_in_domain)).
fof(c_0_2, axiom, (![X19]:(element(X19,e)=>?[X21]:?[X24]:((element(X21,b)&element(X24,b))&apply(g,subtract(b,X21,X24))=X19))), file('/export/starexec/sandbox/benchmark/theBenchmark.p', lemma12)).
fof(c_0_3, conjecture, (surjection(g)), file('/export/starexec/sandbox/benchmark/theBenchmark.p', g_surjection)).
fof(c_0_4, axiom, (morphism(g,b,e)), file('/export/starexec/sandbox/benchmark/theBenchmark.p', g_morphism)).
fof(c_0_5, plain, (![X9]:![X10]:![X11]:![X13]:(((element(esk4_3(X9,X10,X11),X11)|~morphism(X9,X10,X11))|surjection(X9))&(((~element(X13,X10)|apply(X9,X13)!=esk4_3(X9,X10,X11))|~morphism(X9,X10,X11))|surjection(X9)))), inference(distribute,[status(thm)],[inference(shift_quantors,[status(thm)],[inference(skolemize,[status(esa)],[inference(variable_rename,[status(thm)],[inference(shift_quantors,[status(thm)],[inference(fof_nnf,[status(thm)],[c_0_0])])])])])])).
fof(c_0_6, plain, (![X7]:![X8]:![X9]:((~element(X8,X7)|~element(X9,X7))|element(subtract(X7,X8,X9),X7))), inference(variable_rename,[status(thm)],[inference(fof_nnf,[status(thm)],[c_0_1])])).
cnf(c_0_7,plain,(surjection(X1)|~morphism(X1,X2,X3)|apply(X1,X4)!=esk4_3(X1,X2,X3)|~element(X4,X2)), inference(split_conjunct,[status(thm)],[c_0_5])).
cnf(c_0_8,plain,(element(subtract(X1,X2,X3),X1)|~element(X3,X1)|~element(X2,X1)), inference(split_conjunct,[status(thm)],[c_0_6])).
fof(c_0_9, plain, (![X25]:(((element(esk14_1(X25),b)|~element(X25,e))&(element(esk15_1(X25),b)|~element(X25,e)))&(apply(g,subtract(b,esk14_1(X25),esk15_1(X25)))=X25|~element(X25,e)))), inference(distribute,[status(thm)],[inference(skolemize,[status(esa)],[inference(variable_rename,[status(thm)],[inference(fof_nnf,[status(thm)],[c_0_2])])])])).
fof(c_0_10, negated_conjecture, (~surjection(g)), inference(fof_simplification,[status(thm)],[inference(assume_negation,[status(cth)],[c_0_3])])).
cnf(c_0_11,plain,(surjection(X1)|esk4_3(X1,X2,X3)!=apply(X1,subtract(X2,X4,X5))|~element(X5,X2)|~element(X4,X2)|~morphism(X1,X2,X3)), inference(spm,[status(thm)],[c_0_7, c_0_8])).
cnf(c_0_12,plain,(apply(g,subtract(b,esk14_1(X1),esk15_1(X1)))=X1|~element(X1,e)), inference(split_conjunct,[status(thm)],[c_0_9])).
cnf(c_0_13,negated_conjecture,(~surjection(g)), inference(split_conjunct,[status(thm)],[c_0_10])).
cnf(c_0_14,plain,(element(esk14_1(X1),b)|~element(X1,e)), inference(split_conjunct,[status(thm)],[c_0_9])).
cnf(c_0_15,plain,(element(esk15_1(X1),b)|~element(X1,e)), inference(split_conjunct,[status(thm)],[c_0_9])).
cnf(c_0_16,plain,(esk4_3(g,b,X1)!=X2|~element(X2,e)|~morphism(g,b,X1)), inference(csr,[status(thm)],[inference(csr,[status(thm)],[inference(sr,[status(thm)],[inference(spm,[status(thm)],[c_0_11, c_0_12]), c_0_13]), c_0_14]), c_0_15])).
cnf(c_0_17,plain,(~element(esk4_3(g,b,X1),e)|~morphism(g,b,X1)), inference(er,[status(thm)],[c_0_16])).
cnf(c_0_18,plain,(surjection(X1)|element(esk4_3(X1,X2,X3),X3)|~morphism(X1,X2,X3)), inference(split_conjunct,[status(thm)],[c_0_5])).
cnf(c_0_19,plain,(morphism(g,b,e)), inference(split_conjunct,[status(thm)],[c_0_4])).
cnf(c_0_20,plain,($false), inference(sr,[status(thm)],[inference(cn,[status(thm)],[inference(rw,[status(thm)],[inference(spm,[status(thm)],[c_0_17, c_0_18]), c_0_19])]), c_0_13]), ['proof']).
# SZS output end CNFRefutation.
EOF
