% Problem    : SCT137+1 : TPTP v6.1.0. Released v5.2.0.
% Command    : eprover --auto-schedule --tstp-format -s --proof-object --memory-limit=2048 --cpu-limit=%d %s
% Computer   : n191.star.cs.uiowa.edu
% Model      : x86_64 x86_64
% CPU        : Intel(R) Xeon(R) CPU E5-2609 0 @ 2.40GHz
% Memory     : 32286.75MB
% OS         : Linux 2.6.32-431.20.3.el6.x86_64
% CPULimit   : 300
% DateTime   : Sun Jul 20 06:21:31 CDT 2014
% CPUTime    : 
# No SInE strategy applied
# Trying AutoSched0 for 151 seconds
# AutoSched0-Mode selected heuristic G_E___207_C18_F1_AE_CS_SP_PI_S0Y
# and selection function SelectMaxLComplexAvoidPosPred.
#
# No success with AutoSched0
# Trying AutoSched1 for 73 seconds
# AutoSched1-Mode selected heuristic G_E___208_B07_F1_SE_CS_SP_PS_S0Y
# and selection function SelectMaxLComplexAvoidPosPred.
#
# Presaturation interreduction done
# No success with AutoSched1
# Trying AutoSched2 for 23 seconds
# AutoSched2-Mode selected heuristic G_E___208_C18_F1_SE_CS_SP_PS_S2j
# and selection function SelectCQGrArEqFirst.
#
# Presaturation interreduction done

# Proof found!
# SZS status Theorem
# SZS output start CNFRefutation.
fof(c_0_0, axiom, (![X33]:![X5]:![X32]:X32!=hAPP(hAPP(c_List_Olist_OCons(X5),X33),X32)), file('/export/starexec/sandbox/benchmark/theBenchmark.p', fact_not__Cons__self)).
fof(c_0_1, axiom, (![X12]:![X99]:![X20]:![X5]:![X87]:![X14]:hAPP(hAPP(hAPP(c_COMBS(X14,X87,X5),X20),X99),X12)=hAPP(hAPP(X20,X12),hAPP(X99,X12))), file('/export/starexec/sandbox/benchmark/theBenchmark.p', help_c__COMBS__1)).
fof(c_0_2, axiom, (![X117]:![X5]:hAPP(c_COMBI(X5),X117)=X117), file('/export/starexec/sandbox/benchmark/theBenchmark.p', help_c__COMBI__1)).
fof(c_0_3, plain, (![X34]:![X35]:![X36]:X36!=hAPP(hAPP(c_List_Olist_OCons(X35),X34),X36)), inference(variable_rename,[status(thm)],[c_0_0])).
fof(c_0_4, plain, (![X100]:![X101]:![X102]:![X103]:![X104]:![X105]:hAPP(hAPP(hAPP(c_COMBS(X105,X104,X103),X102),X101),X100)=hAPP(hAPP(X102,X100),hAPP(X101,X100))), inference(variable_rename,[status(thm)],[c_0_1])).
cnf(c_0_5,plain,(X1!=hAPP(hAPP(c_List_Olist_OCons(X2),X3),X1)), inference(split_conjunct,[status(thm)],[c_0_3])).
cnf(c_0_6,plain,(hAPP(hAPP(hAPP(c_COMBS(X1,X2,X3),X4),X5),X6)=hAPP(hAPP(X4,X6),hAPP(X5,X6))), inference(split_conjunct,[status(thm)],[c_0_4])).
cnf(c_0_7,plain,(hAPP(hAPP(hAPP(c_COMBS(X1,X2,X3),c_List_Olist_OCons(X4)),X5),X6)!=hAPP(X5,X6)), inference(spm,[status(thm)],[c_0_5, c_0_6])).
fof(c_0_8, plain, (![X118]:![X119]:hAPP(c_COMBI(X119),X118)=X118), inference(variable_rename,[status(thm)],[c_0_2])).
cnf(c_0_9,plain,(hAPP(hAPP(hAPP(c_COMBS(X1,X2,X3),hAPP(c_COMBS(X4,X5,X6),c_List_Olist_OCons(X7))),X8),X9)!=hAPP(X9,hAPP(X8,X9))), inference(spm,[status(thm)],[c_0_7, c_0_6])).
cnf(c_0_10,plain,(hAPP(c_COMBI(X1),X2)=X2), inference(split_conjunct,[status(thm)],[c_0_8])).
cnf(c_0_11,plain,(hAPP(hAPP(hAPP(c_COMBS(X1,X2,X3),hAPP(c_COMBS(X4,X5,X6),c_List_Olist_OCons(X7))),c_COMBI(X8)),X9)!=hAPP(X9,X9)), inference(spm,[status(thm)],[c_0_9, c_0_10])).
cnf(c_0_12,plain,($false), inference(er,[status(thm)],[c_0_11]), ['proof']).
# SZS output end CNFRefutation.
EOF
