% Problem    : NUM855+2 : TPTP v6.1.0. Released v4.1.0.
% Command    : eprover --auto-schedule --tstp-format -s --proof-object --memory-limit=2048 --cpu-limit=%d %s
% Computer   : n132.star.cs.uiowa.edu
% Model      : x86_64 x86_64
% CPU        : Intel(R) Xeon(R) CPU E5-2609 0 @ 2.40GHz
% Memory     : 32286.75MB
% OS         : Linux 2.6.32-431.20.3.el6.x86_64
% CPULimit   : 300
% DateTime   : Sun Jul 20 03:59:11 CDT 2014
% CPUTime    : 
# No SInE strategy applied
# Trying AutoSched0 for 151 seconds
# AutoSched0-Mode selected heuristic G_E___200_B02_F1_SE_CS_SP_PI_S0S
# and selection function SelectComplexG.
#

# Proof found!
# SZS status Theorem
# SZS output start CNFRefutation.
fof(c_0_0, axiom, (![X76]:![X77]:(~(greater(X76,X77))|~(less(X76,X77)))), file('/export/starexec/sandbox/benchmark/theBenchmark.p', 'ass(cond(goal(130), 0), 2)')).
fof(c_0_1, axiom, (![X78]:![X79]:(less(X79,X78)<=>?[X80]:X78=vplus(X79,X80))), file('/export/starexec/sandbox/benchmark/theBenchmark.p', 'def(cond(conseq(axiom(3)), 12), 1)')).
fof(c_0_2, axiom, (![X93]:![X94]:vplus(X94,X93)=vplus(X93,X94)), file('/export/starexec/sandbox/benchmark/theBenchmark.p', 'ass(cond(61, 0), 0)')).
fof(c_0_3, axiom, (![X98]:![X99]:![X100]:vplus(vplus(X98,X99),X100)=vplus(X98,vplus(X99,X100))), file('/export/starexec/sandbox/benchmark/theBenchmark.p', 'ass(cond(33, 0), 0)')).
fof(c_0_4, axiom, (![X91]:![X92]:X92!=vplus(X91,X92)), file('/export/starexec/sandbox/benchmark/theBenchmark.p', 'ass(cond(73, 0), 0)')).
fof(c_0_5, axiom, (![X81]:![X82]:(greater(X82,X81)<=>?[X83]:X82=vplus(X81,X83))), file('/export/starexec/sandbox/benchmark/theBenchmark.p', 'def(cond(conseq(axiom(3)), 11), 1)')).
fof(c_0_6, axiom, (greater(vmul(vd511,vd509),vmul(vd512,vd509))), file('/export/starexec/sandbox/benchmark/theBenchmark.p', 'holds(conjunct2(315), 515, 1)')).
fof(c_0_7, axiom, (vmul(vd509,vd511)=vmul(vd511,vd509)), file('/export/starexec/sandbox/benchmark/theBenchmark.p', 'holds(conjunct2(315), 515, 0)')).
fof(c_0_8, axiom, (vmul(vd512,vd509)=vmul(vd509,vd512)), file('/export/starexec/sandbox/benchmark/theBenchmark.p', 'holds(conjunct2(315), 515, 2)')).
fof(c_0_9, axiom, (![X20]:![X21]:![X22]:vmul(X20,vplus(X21,X22))=vplus(vmul(X20,X21),vmul(X20,X22))), file('/export/starexec/sandbox/benchmark/theBenchmark.p', 'ass(cond(281, 0), 0)')).
fof(c_0_10, axiom, (![X23]:![X24]:vmul(X23,X24)=vmul(X24,X23)), file('/export/starexec/sandbox/benchmark/theBenchmark.p', 'ass(cond(270, 0), 0)')).
fof(c_0_11, axiom, (greater(vd508,vd509)), file('/export/starexec/sandbox/benchmark/theBenchmark.p', 'holds(conjunct1(314), 510, 0)')).
fof(c_0_12, axiom, (![X84]:![X85]:(X84!=X85|~(?[X87]:X85=vplus(X84,X87)))), file('/export/starexec/sandbox/benchmark/theBenchmark.p', 'ass(cond(goal(88), 0), 1)')).
fof(c_0_13, axiom, (![X84]:![X85]:((X84=X85|?[X86]:X84=vplus(X85,X86))|?[X87]:X85=vplus(X84,X87))), file('/export/starexec/sandbox/benchmark/theBenchmark.p', 'ass(cond(goal(88), 0), 0)')).
fof(c_0_14, axiom, (![X72]:![X73]:(less(X72,X73)=>greater(X73,X72))), file('/export/starexec/sandbox/benchmark/theBenchmark.p', 'ass(cond(147, 0), 0)')).
fof(c_0_15, axiom, (![X76]:![X77]:((X76=X77|greater(X76,X77))|less(X76,X77))), file('/export/starexec/sandbox/benchmark/theBenchmark.p', 'ass(cond(goal(130), 0), 0)')).
fof(c_0_16, conjecture, (greater(vmul(vd508,vd511),vmul(vd509,vd512))), file('/export/starexec/sandbox/benchmark/theBenchmark.p', 'holds(conseq_conjunct2(315), 516, 0)')).
fof(c_0_17, plain, (![X76]:![X77]:(~greater(X76,X77)|~less(X76,X77))), inference(fof_simplification,[status(thm)],[c_0_0])).
fof(c_0_18, plain, (![X81]:![X82]:![X84]:![X85]:![X86]:((~less(X82,X81)|X81=vplus(X82,esk1_2(X81,X82)))&(X84!=vplus(X85,X86)|less(X85,X84)))), inference(shift_quantors,[status(thm)],[inference(skolemize,[status(esa)],[inference(variable_rename,[status(thm)],[inference(shift_quantors,[status(thm)],[inference(fof_nnf,[status(thm)],[c_0_1])])])])])).
fof(c_0_19, plain, (![X78]:![X79]:(~greater(X78,X79)|~less(X78,X79))), inference(variable_rename,[status(thm)],[c_0_17])).
cnf(c_0_20,plain,(less(X1,X2)|X2!=vplus(X1,X3)), inference(split_conjunct,[status(thm)],[c_0_18])).
cnf(c_0_21,plain,(~less(X1,X2)|~greater(X1,X2)), inference(split_conjunct,[status(thm)],[c_0_19])).
cnf(c_0_22,plain,(less(X1,vplus(X1,X2))), inference(er,[status(thm)],[c_0_20])).
fof(c_0_23, plain, (![X95]:![X96]:vplus(X96,X95)=vplus(X95,X96)), inference(variable_rename,[status(thm)],[c_0_2])).
cnf(c_0_24,plain,(~greater(X1,vplus(X1,X2))), inference(spm,[status(thm)],[c_0_21, c_0_22])).
cnf(c_0_25,plain,(vplus(X1,X2)=vplus(X2,X1)), inference(split_conjunct,[status(thm)],[c_0_23])).
fof(c_0_26, plain, (![X101]:![X102]:![X103]:vplus(vplus(X101,X102),X103)=vplus(X101,vplus(X102,X103))), inference(variable_rename,[status(thm)],[c_0_3])).
fof(c_0_27, plain, (![X93]:![X94]:X94!=vplus(X93,X94)), inference(variable_rename,[status(thm)],[c_0_4])).
cnf(c_0_28,plain,(~greater(X1,vplus(X2,X1))), inference(spm,[status(thm)],[c_0_24, c_0_25])).
cnf(c_0_29,plain,(vplus(vplus(X1,X2),X3)=vplus(X1,vplus(X2,X3))), inference(split_conjunct,[status(thm)],[c_0_26])).
fof(c_0_30, plain, (![X84]:![X85]:![X87]:![X88]:![X89]:((~greater(X85,X84)|X85=vplus(X84,esk2_2(X84,X85)))&(X88!=vplus(X87,X89)|greater(X88,X87)))), inference(shift_quantors,[status(thm)],[inference(skolemize,[status(esa)],[inference(variable_rename,[status(thm)],[inference(shift_quantors,[status(thm)],[inference(fof_nnf,[status(thm)],[c_0_5])])])])])).
cnf(c_0_31,plain,(greater(vmul(vd511,vd509),vmul(vd512,vd509))), inference(split_conjunct,[status(thm)],[c_0_6])).
cnf(c_0_32,plain,(vmul(vd509,vd511)=vmul(vd511,vd509)), inference(split_conjunct,[status(thm)],[c_0_7])).
cnf(c_0_33,plain,(vmul(vd512,vd509)=vmul(vd509,vd512)), inference(split_conjunct,[status(thm)],[c_0_8])).
cnf(c_0_34,plain,(X1!=vplus(X2,X1)), inference(split_conjunct,[status(thm)],[c_0_27])).
cnf(c_0_35,plain,(~greater(X1,vplus(X2,vplus(X3,X1)))), inference(spm,[status(thm)],[c_0_28, c_0_29])).
cnf(c_0_36,plain,(X1=vplus(X2,esk2_2(X2,X1))|~greater(X1,X2)), inference(split_conjunct,[status(thm)],[c_0_30])).
cnf(c_0_37,plain,(greater(vmul(vd509,vd511),vmul(vd509,vd512))), inference(rw,[status(thm)],[inference(rw,[status(thm)],[c_0_31, c_0_32]), c_0_33])).
fof(c_0_38, plain, (![X23]:![X24]:![X25]:vmul(X23,vplus(X24,X25))=vplus(vmul(X23,X24),vmul(X23,X25))), inference(variable_rename,[status(thm)],[c_0_9])).
fof(c_0_39, plain, (![X25]:![X26]:vmul(X25,X26)=vmul(X26,X25)), inference(variable_rename,[status(thm)],[c_0_10])).
cnf(c_0_40,plain,(vplus(X1,vplus(X2,X3))!=X3), inference(spm,[status(thm)],[c_0_34, c_0_29])).
cnf(c_0_41,plain,(greater(vd508,vd509)), inference(split_conjunct,[status(thm)],[c_0_11])).
fof(c_0_42, plain, (![X88]:![X89]:![X90]:(X88!=X89|X89!=vplus(X88,X90))), inference(shift_quantors,[status(thm)],[inference(variable_rename,[status(thm)],[inference(fof_nnf,[status(thm)],[c_0_12])])])).
cnf(c_0_43,plain,(~greater(X1,vplus(X2,vplus(X1,X3)))), inference(spm,[status(thm)],[c_0_35, c_0_25])).
cnf(c_0_44,plain,(vplus(vmul(vd509,vd512),esk2_2(vmul(vd509,vd512),vmul(vd509,vd511)))=vmul(vd509,vd511)), inference(spm,[status(thm)],[c_0_36, c_0_37])).
cnf(c_0_45,plain,(vmul(X1,vplus(X2,X3))=vplus(vmul(X1,X2),vmul(X1,X3))), inference(split_conjunct,[status(thm)],[c_0_38])).
cnf(c_0_46,plain,(vmul(X1,X2)=vmul(X2,X1)), inference(split_conjunct,[status(thm)],[c_0_39])).
cnf(c_0_47,plain,(vplus(X1,vplus(X2,X3))!=X2), inference(spm,[status(thm)],[c_0_40, c_0_25])).
cnf(c_0_48,plain,(vplus(vd509,esk2_2(vd509,vd508))=vd508), inference(spm,[status(thm)],[c_0_36, c_0_41])).
cnf(c_0_49,plain,(X1!=vplus(X2,X3)|X2!=X1), inference(split_conjunct,[status(thm)],[c_0_42])).
cnf(c_0_50,plain,(~greater(vmul(vd509,vd512),vplus(X1,vmul(vd509,vd511)))), inference(spm,[status(thm)],[c_0_43, c_0_44])).
cnf(c_0_51,plain,(vplus(vmul(X1,X2),vmul(X3,X1))=vmul(X1,vplus(X2,X3))), inference(spm,[status(thm)],[c_0_45, c_0_46])).
cnf(c_0_52,plain,(vplus(X1,vd508)!=vd509), inference(spm,[status(thm)],[c_0_47, c_0_48])).
fof(c_0_53, plain, (![X88]:![X89]:((X88=X89|X88=vplus(X89,esk3_2(X88,X89)))|X89=vplus(X88,esk4_2(X88,X89)))), inference(skolemize,[status(esa)],[inference(variable_rename,[status(thm)],[c_0_13])])).
cnf(c_0_54,plain,(vplus(X1,X2)!=X1), inference(er,[status(thm)],[c_0_49])).
cnf(c_0_55,plain,(vplus(X1,vmul(vd509,vd511))!=vmul(vd509,vd512)), inference(spm,[status(thm)],[c_0_47, c_0_44])).
cnf(c_0_56,plain,(~greater(vmul(vd509,vd512),vmul(vd511,vplus(X1,vd509)))), inference(spm,[status(thm)],[c_0_50, c_0_51])).
cnf(c_0_57,plain,(vplus(vd508,X1)!=vd509), inference(spm,[status(thm)],[c_0_52, c_0_25])).
cnf(c_0_58,plain,(X1=vplus(X2,esk4_2(X2,X1))|X2=vplus(X1,esk3_2(X2,X1))|X2=X1), inference(split_conjunct,[status(thm)],[c_0_53])).
cnf(c_0_59,plain,(vd509!=vd508), inference(spm,[status(thm)],[c_0_54, c_0_48])).
fof(c_0_60, plain, (![X74]:![X75]:(~less(X74,X75)|greater(X75,X74))), inference(variable_rename,[status(thm)],[inference(fof_nnf,[status(thm)],[c_0_14])])).
fof(c_0_61, plain, (![X78]:![X79]:((X78=X79|greater(X78,X79))|less(X78,X79))), inference(variable_rename,[status(thm)],[c_0_15])).
cnf(c_0_62,plain,(vmul(vd511,vplus(X1,vd509))!=vmul(vd509,vd512)), inference(spm,[status(thm)],[c_0_55, c_0_51])).
cnf(c_0_63,plain,(~greater(vmul(vd509,vd512),vmul(vd511,vplus(vd509,X1)))), inference(spm,[status(thm)],[c_0_56, c_0_25])).
cnf(c_0_64,plain,(vplus(vd509,esk4_2(vd509,vd508))=vd508), inference(sr,[status(thm)],[inference(er,[status(thm)],[inference(spm,[status(thm)],[c_0_57, c_0_58])]), c_0_59])).
cnf(c_0_65,plain,(greater(X1,X2)|~less(X2,X1)), inference(split_conjunct,[status(thm)],[c_0_60])).
cnf(c_0_66,plain,(less(X1,X2)|greater(X1,X2)|X1=X2), inference(split_conjunct,[status(thm)],[c_0_61])).
cnf(c_0_67,plain,(vmul(vd511,vplus(vd509,X1))!=vmul(vd509,vd512)), inference(spm,[status(thm)],[c_0_62, c_0_25])).
fof(c_0_68, negated_conjecture, (~greater(vmul(vd508,vd511),vmul(vd509,vd512))), inference(fof_simplification,[status(thm)],[inference(assume_negation,[status(cth)],[c_0_16])])).
cnf(c_0_69,plain,(~greater(vmul(vd509,vd512),vmul(vd508,vd511))), inference(rw,[status(thm)],[inference(spm,[status(thm)],[c_0_63, c_0_64]), c_0_46])).
cnf(c_0_70,plain,(X1=X2|greater(X1,X2)|greater(X2,X1)), inference(spm,[status(thm)],[c_0_65, c_0_66])).
cnf(c_0_71,plain,(vmul(vd509,vd512)!=vmul(vd508,vd511)), inference(rw,[status(thm)],[inference(spm,[status(thm)],[c_0_67, c_0_64]), c_0_46])).
cnf(c_0_72,negated_conjecture,(~greater(vmul(vd508,vd511),vmul(vd509,vd512))), inference(split_conjunct,[status(thm)],[c_0_68])).
cnf(c_0_73,plain,($false), inference(sr,[status(thm)],[inference(sr,[status(thm)],[inference(spm,[status(thm)],[c_0_69, c_0_70]), c_0_71]), c_0_72]), ['proof']).
# SZS output end CNFRefutation.
EOF
