% Problem    : CSR052+5 : TPTP v6.1.0. Bugfixed v3.5.0.
% Command    : eprover --auto-schedule --tstp-format -s --proof-object --memory-limit=2048 --cpu-limit=%d %s
% Computer   : n124.star.cs.uiowa.edu
% Model      : x86_64 x86_64
% CPU        : Intel(R) Xeon(R) CPU E5-2609 0 @ 2.40GHz
% Memory     : 32286.75MB
% OS         : Linux 2.6.32-431.20.3.el6.x86_64
% CPULimit   : 300
% DateTime   : Sun Jul 20 07:20:46 CDT 2014
% CPUTime    : 
# SinE strategy is gf500_h_gu_R04_F100_L20000
# Trying AutoSched0 for 146 seconds
# AutoSched0-Mode selected heuristic G_E___200_B02_F1_AE_CS_SP_PI_S2k
# and selection function SelectCQArNTEqFirst.
#

# Proof found!
# SZS status Theorem
# SZS output start CNFRefutation.
fof(c_0_0, axiom, (![X23]:![X27]:![X24]:((genls(X23,X27)&genls(X27,X24))=>genls(X23,X24))), file('/export/starexec/sandbox/benchmark/Axioms/CSR002+4.ax', ax4_540181)).
fof(c_0_1, axiom, (genls(c_tptpcol_8_39940,c_tptpcol_7_39939)), file('/export/starexec/sandbox/benchmark/Axioms/CSR002+4.ax', ax4_23485)).
fof(c_0_2, axiom, (genls(c_tptpcol_9_40196,c_tptpcol_8_39940)), file('/export/starexec/sandbox/benchmark/Axioms/CSR002+4.ax', ax4_3757)).
fof(c_0_3, axiom, (genls(c_tptpcol_10_40324,c_tptpcol_9_40196)), file('/export/starexec/sandbox/benchmark/Axioms/CSR002+4.ax', ax4_135994)).
fof(c_0_4, axiom, (genls(c_tptpcol_11_40388,c_tptpcol_10_40324)), file('/export/starexec/sandbox/benchmark/Axioms/CSR002+4.ax', ax4_64345)).
fof(c_0_5, axiom, (genls(c_tptpcol_12_40420,c_tptpcol_11_40388)), file('/export/starexec/sandbox/benchmark/Axioms/CSR002+4.ax', ax4_110545)).
fof(c_0_6, axiom, (genls(c_tptpcol_13_40421,c_tptpcol_12_40420)), file('/export/starexec/sandbox/benchmark/Axioms/CSR002+4.ax', ax4_199775)).
fof(c_0_7, axiom, (genls(c_tptpcol_14_40429,c_tptpcol_13_40421)), file('/export/starexec/sandbox/benchmark/Axioms/CSR002+4.ax', ax4_71006)).
fof(c_0_8, conjecture, ((mtvisible(f_contentmtofcdafromeventfn(f_urlreferentfn(f_urlfn(s_http_ukencartamsncomencyclopedia_761573010_4united_states_of_americahtml)),c_translation_33))=>genls(c_tptpcol_15_40430,c_tptpcol_7_39939))), file('/export/starexec/sandbox/benchmark/theBenchmark.p', query252)).
fof(c_0_9, axiom, (genls(c_tptpcol_15_40430,c_tptpcol_14_40429)), file('/export/starexec/sandbox/benchmark/Axioms/CSR002+4.ax', ax4_14029)).
fof(c_0_10, plain, (![X28]:![X29]:![X30]:((~genls(X28,X29)|~genls(X29,X30))|genls(X28,X30))), inference(variable_rename,[status(thm)],[inference(fof_nnf,[status(thm)],[c_0_0])])).
cnf(c_0_11,plain,(genls(X1,X2)|~genls(X3,X2)|~genls(X1,X3)), inference(split_conjunct,[status(thm)],[c_0_10])).
cnf(c_0_12,plain,(genls(c_tptpcol_8_39940,c_tptpcol_7_39939)), inference(split_conjunct,[status(thm)],[c_0_1])).
cnf(c_0_13,plain,(genls(X1,c_tptpcol_7_39939)|~genls(X1,c_tptpcol_8_39940)), inference(spm,[status(thm)],[c_0_11, c_0_12])).
cnf(c_0_14,plain,(genls(c_tptpcol_9_40196,c_tptpcol_8_39940)), inference(split_conjunct,[status(thm)],[c_0_2])).
cnf(c_0_15,plain,(genls(c_tptpcol_9_40196,c_tptpcol_7_39939)), inference(spm,[status(thm)],[c_0_13, c_0_14])).
cnf(c_0_16,plain,(genls(X1,c_tptpcol_7_39939)|~genls(X1,c_tptpcol_9_40196)), inference(spm,[status(thm)],[c_0_11, c_0_15])).
cnf(c_0_17,plain,(genls(c_tptpcol_10_40324,c_tptpcol_9_40196)), inference(split_conjunct,[status(thm)],[c_0_3])).
cnf(c_0_18,plain,(genls(c_tptpcol_10_40324,c_tptpcol_7_39939)), inference(spm,[status(thm)],[c_0_16, c_0_17])).
cnf(c_0_19,plain,(genls(X1,c_tptpcol_7_39939)|~genls(X1,c_tptpcol_10_40324)), inference(spm,[status(thm)],[c_0_11, c_0_18])).
cnf(c_0_20,plain,(genls(c_tptpcol_11_40388,c_tptpcol_10_40324)), inference(split_conjunct,[status(thm)],[c_0_4])).
cnf(c_0_21,plain,(genls(c_tptpcol_11_40388,c_tptpcol_7_39939)), inference(spm,[status(thm)],[c_0_19, c_0_20])).
cnf(c_0_22,plain,(genls(X1,c_tptpcol_7_39939)|~genls(X1,c_tptpcol_11_40388)), inference(spm,[status(thm)],[c_0_11, c_0_21])).
cnf(c_0_23,plain,(genls(c_tptpcol_12_40420,c_tptpcol_11_40388)), inference(split_conjunct,[status(thm)],[c_0_5])).
cnf(c_0_24,plain,(genls(c_tptpcol_12_40420,c_tptpcol_7_39939)), inference(spm,[status(thm)],[c_0_22, c_0_23])).
cnf(c_0_25,plain,(genls(X1,c_tptpcol_7_39939)|~genls(X1,c_tptpcol_12_40420)), inference(spm,[status(thm)],[c_0_11, c_0_24])).
cnf(c_0_26,plain,(genls(c_tptpcol_13_40421,c_tptpcol_12_40420)), inference(split_conjunct,[status(thm)],[c_0_6])).
cnf(c_0_27,plain,(genls(c_tptpcol_13_40421,c_tptpcol_7_39939)), inference(spm,[status(thm)],[c_0_25, c_0_26])).
cnf(c_0_28,plain,(genls(X1,c_tptpcol_7_39939)|~genls(X1,c_tptpcol_13_40421)), inference(spm,[status(thm)],[c_0_11, c_0_27])).
cnf(c_0_29,plain,(genls(c_tptpcol_14_40429,c_tptpcol_13_40421)), inference(split_conjunct,[status(thm)],[c_0_7])).
fof(c_0_30, negated_conjecture, (~((mtvisible(f_contentmtofcdafromeventfn(f_urlreferentfn(f_urlfn(s_http_ukencartamsncomencyclopedia_761573010_4united_states_of_americahtml)),c_translation_33))=>genls(c_tptpcol_15_40430,c_tptpcol_7_39939)))), inference(assume_negation,[status(cth)],[c_0_8])).
cnf(c_0_31,plain,(genls(c_tptpcol_14_40429,c_tptpcol_7_39939)), inference(spm,[status(thm)],[c_0_28, c_0_29])).
fof(c_0_32, negated_conjecture, ((mtvisible(f_contentmtofcdafromeventfn(f_urlreferentfn(f_urlfn(s_http_ukencartamsncomencyclopedia_761573010_4united_states_of_americahtml)),c_translation_33))&~genls(c_tptpcol_15_40430,c_tptpcol_7_39939))), inference(fof_nnf,[status(thm)],[c_0_30])).
cnf(c_0_33,plain,(genls(X1,c_tptpcol_7_39939)|~genls(X1,c_tptpcol_14_40429)), inference(spm,[status(thm)],[c_0_11, c_0_31])).
cnf(c_0_34,plain,(genls(c_tptpcol_15_40430,c_tptpcol_14_40429)), inference(split_conjunct,[status(thm)],[c_0_9])).
cnf(c_0_35,negated_conjecture,(~genls(c_tptpcol_15_40430,c_tptpcol_7_39939)), inference(split_conjunct,[status(thm)],[c_0_32])).
cnf(c_0_36,plain,($false), inference(sr,[status(thm)],[inference(spm,[status(thm)],[c_0_33, c_0_34]), c_0_35]), ['proof']).
# SZS output end CNFRefutation.
EOF
