% Problem    : SWW336+1 : TPTP v6.1.0. Released v5.2.0.
% Command    : eprover --auto-schedule --tstp-format -s --proof-object --memory-limit=2048 --cpu-limit=%d %s
% Computer   : n155.star.cs.uiowa.edu
% Model      : x86_64 x86_64
% CPU        : Intel(R) Xeon(R) CPU E5-2609 0 @ 2.40GHz
% Memory     : 32286.75MB
% OS         : Linux 2.6.32-431.20.3.el6.x86_64
% CPULimit   : 300
% DateTime   : Sun Jul 20 07:15:56 CDT 2014
% CPUTime    : 
# No SInE strategy applied
# Trying AutoSched0 for 151 seconds
# AutoSched0-Mode selected heuristic G_E___207_C18_F1_AE_CS_SP_PS_S0Y
# and selection function SelectMaxLComplexAvoidPosPred.
#
# Presaturation interreduction done

# Proof found!
# SZS status Theorem
# SZS output start CNFRefutation.
fof(c_0_0, axiom, (![X11]:![X5]:(hAPP(c_Set_OCollect(X5),X11)=c_Orderings_Obot__class_Obot(tc_fun(X5,tc_HOL_Obool))<=>![X3]:~(hBOOL(hAPP(X11,X3))))), file('/export/starexec/sandbox/benchmark/theBenchmark.p', fact_Collect__empty__eq)).
fof(c_0_1, axiom, (![X5]:c_Orderings_Obot__class_Obot(tc_fun(X5,tc_HOL_Obool))=hAPP(c_Set_OCollect(X5),hAPP(c_COMBK(tc_HOL_Obool,X5),c_fFalse))), file('/export/starexec/sandbox/benchmark/theBenchmark.p', fact_empty__def)).
fof(c_0_2, axiom, (![X11]:![X5]:hAPP(c_Set_OCollect(X5),X11)=X11), file('/export/starexec/sandbox/benchmark/theBenchmark.p', fact_Collect__def)).
fof(c_0_3, axiom, (![X11]:![X5]:hAPP(c_Set_OCollect(X5),hAPP(hAPP(c_COMBB(tc_HOL_Obool,tc_HOL_Obool,X5),c_fNot),X11))=hAPP(c_Groups_Ouminus__class_Ouminus(tc_fun(X5,tc_HOL_Obool)),hAPP(c_Set_OCollect(X5),X11))), file('/export/starexec/sandbox/benchmark/theBenchmark.p', fact_Collect__neg__eq)).
fof(c_0_4, axiom, (![X281]:![X280]:![X5]:![X22]:hAPP(hAPP(c_COMBK(X22,X5),X280),X281)=X280), file('/export/starexec/sandbox/benchmark/theBenchmark.p', help_c__COMBK__1)).
fof(c_0_5, axiom, (![X12]:![X5]:hAPP(c_Groups_Ouminus__class_Ouminus(tc_fun(X5,tc_HOL_Obool)),hAPP(c_Groups_Ouminus__class_Ouminus(tc_fun(X5,tc_HOL_Obool)),X12))=X12), file('/export/starexec/sandbox/benchmark/theBenchmark.p', fact_double__complement)).
fof(c_0_6, axiom, (![X11]:(~(hBOOL(hAPP(c_fNot,X11)))|~(hBOOL(X11)))), file('/export/starexec/sandbox/benchmark/theBenchmark.p', help_c__fNot__1)).
fof(c_0_7, axiom, (![X5]:c_Orderings_Otop__class_Otop(tc_fun(X5,tc_HOL_Obool))=hAPP(c_Set_OCollect(X5),hAPP(c_COMBK(tc_HOL_Obool,X5),c_fTrue))), file('/export/starexec/sandbox/benchmark/theBenchmark.p', fact_UNIV__def)).
fof(c_0_8, axiom, (![X21]:![X37]:(hAPP(hAPP(c_Groups_Oplus__class_Oplus(tc_Nat_Onat),X37),X21)=X37=>X21=c_Groups_Ozero__class_Ozero(tc_Nat_Onat))), file('/export/starexec/sandbox/benchmark/theBenchmark.p', fact_add__eq__self__zero)).
fof(c_0_9, axiom, (c_Groups_Ozero__class_Ozero(tc_Nat_Onat)=hAPP(c_Int_Onat,c_Groups_Ozero__class_Ozero(tc_Int_Oint))), file('/export/starexec/sandbox/benchmark/theBenchmark.p', fact_transfer__nat__int__numerals_I1_J)).
fof(c_0_10, axiom, (c_Int_OPls=c_Groups_Ozero__class_Ozero(tc_Int_Oint)), file('/export/starexec/sandbox/benchmark/theBenchmark.p', fact_Pls__def)).
fof(c_0_11, axiom, (![X37]:hAPP(c_Nat_OSuc,X37)!=c_Groups_Ozero__class_Ozero(tc_Nat_Onat)), file('/export/starexec/sandbox/benchmark/theBenchmark.p', fact_Suc__neq__Zero)).
fof(c_0_12, axiom, (![X137]:![X40]:![X11]:![X138]:![X5]:![X17]:hAPP(hAPP(hAPP(c_COMBB(X17,X5,X138),X11),X40),X137)=hAPP(X11,hAPP(X40,X137))), file('/export/starexec/sandbox/benchmark/theBenchmark.p', help_c__COMBB__1)).
fof(c_0_13, axiom, (![X5]:hAPP(c_Groups_Ouminus__class_Ouminus(tc_fun(X5,tc_HOL_Obool)),c_Orderings_Obot__class_Obot(tc_fun(X5,tc_HOL_Obool)))=c_Orderings_Otop__class_Otop(tc_fun(X5,tc_HOL_Obool))), file('/export/starexec/sandbox/benchmark/theBenchmark.p', fact_Compl__empty__eq)).
fof(c_0_14, axiom, (![X21]:![X37]:hAPP(hAPP(c_Groups_Oplus__class_Oplus(tc_Nat_Onat),X37),hAPP(c_Nat_OSuc,X21))=hAPP(c_Nat_OSuc,hAPP(hAPP(c_Groups_Oplus__class_Oplus(tc_Nat_Onat),X37),X21))), file('/export/starexec/sandbox/benchmark/theBenchmark.p', fact_add__Suc__right)).
fof(c_0_15, axiom, (![X202]:![X22]:hAPP(c_List_Orev(X22),hAPP(c_List_Orev(X22),X202))=X202), file('/export/starexec/sandbox/benchmark/theBenchmark.p', fact_rev__rev__ident)).
fof(c_0_16, axiom, (![X37]:hAPP(hAPP(c_Groups_Oplus__class_Oplus(tc_Nat_Onat),X37),c_Groups_Ozero__class_Ozero(tc_Nat_Onat))=X37), file('/export/starexec/sandbox/benchmark/theBenchmark.p', fact_Nat_Oadd__0__right)).
fof(c_0_17, axiom, (![X21]:X21!=hAPP(c_Nat_OSuc,X21)), file('/export/starexec/sandbox/benchmark/theBenchmark.p', fact_n__not__Suc__n)).
fof(c_0_18, plain, (![X11]:![X5]:(hAPP(c_Set_OCollect(X5),X11)=c_Orderings_Obot__class_Obot(tc_fun(X5,tc_HOL_Obool))<=>![X3]:~hBOOL(hAPP(X11,X3)))), inference(fof_simplification,[status(thm)],[c_0_0])).
fof(c_0_19, plain, (![X6]:c_Orderings_Obot__class_Obot(tc_fun(X6,tc_HOL_Obool))=hAPP(c_Set_OCollect(X6),hAPP(c_COMBK(tc_HOL_Obool,X6),c_fFalse))), inference(variable_rename,[status(thm)],[c_0_1])).
fof(c_0_20, plain, (![X12]:![X13]:hAPP(c_Set_OCollect(X13),X12)=X12), inference(variable_rename,[status(thm)],[c_0_2])).
fof(c_0_21, plain, (![X12]:![X13]:hAPP(c_Set_OCollect(X13),hAPP(hAPP(c_COMBB(tc_HOL_Obool,tc_HOL_Obool,X13),c_fNot),X12))=hAPP(c_Groups_Ouminus__class_Ouminus(tc_fun(X13,tc_HOL_Obool)),hAPP(c_Set_OCollect(X13),X12))), inference(variable_rename,[status(thm)],[c_0_3])).
fof(c_0_22, plain, (![X12]:![X13]:![X14]:![X15]:![X17]:((hAPP(c_Set_OCollect(X13),X12)!=c_Orderings_Obot__class_Obot(tc_fun(X13,tc_HOL_Obool))|~hBOOL(hAPP(X12,X14)))&(hBOOL(hAPP(X15,esk297_1(X15)))|hAPP(c_Set_OCollect(X17),X15)=c_Orderings_Obot__class_Obot(tc_fun(X17,tc_HOL_Obool))))), inference(shift_quantors,[status(thm)],[inference(skolemize,[status(esa)],[inference(variable_rename,[status(thm)],[inference(shift_quantors,[status(thm)],[inference(fof_nnf,[status(thm)],[c_0_18])])])])])).
fof(c_0_23, plain, (![X282]:![X283]:![X284]:![X285]:hAPP(hAPP(c_COMBK(X285,X284),X283),X282)=X283), inference(variable_rename,[status(thm)],[c_0_4])).
cnf(c_0_24,plain,(c_Orderings_Obot__class_Obot(tc_fun(X1,tc_HOL_Obool))=hAPP(c_Set_OCollect(X1),hAPP(c_COMBK(tc_HOL_Obool,X1),c_fFalse))), inference(split_conjunct,[status(thm)],[c_0_19])).
cnf(c_0_25,plain,(hAPP(c_Set_OCollect(X1),X2)=X2), inference(split_conjunct,[status(thm)],[c_0_20])).
fof(c_0_26, plain, (![X13]:![X14]:hAPP(c_Groups_Ouminus__class_Ouminus(tc_fun(X14,tc_HOL_Obool)),hAPP(c_Groups_Ouminus__class_Ouminus(tc_fun(X14,tc_HOL_Obool)),X13))=X13), inference(variable_rename,[status(thm)],[c_0_5])).
cnf(c_0_27,plain,(hAPP(c_Set_OCollect(X1),hAPP(hAPP(c_COMBB(tc_HOL_Obool,tc_HOL_Obool,X1),c_fNot),X2))=hAPP(c_Groups_Ouminus__class_Ouminus(tc_fun(X1,tc_HOL_Obool)),hAPP(c_Set_OCollect(X1),X2))), inference(split_conjunct,[status(thm)],[c_0_21])).
fof(c_0_28, plain, (![X11]:(~hBOOL(hAPP(c_fNot,X11))|~hBOOL(X11))), inference(fof_simplification,[status(thm)],[c_0_6])).
cnf(c_0_29,plain,(hAPP(c_Set_OCollect(X1),X2)=c_Orderings_Obot__class_Obot(tc_fun(X1,tc_HOL_Obool))|hBOOL(hAPP(X2,esk297_1(X2)))), inference(split_conjunct,[status(thm)],[c_0_22])).
cnf(c_0_30,plain,(hAPP(hAPP(c_COMBK(X1,X2),X3),X4)=X3), inference(split_conjunct,[status(thm)],[c_0_23])).
cnf(c_0_31,plain,(hAPP(c_COMBK(tc_HOL_Obool,X1),c_fFalse)=c_Orderings_Obot__class_Obot(tc_fun(X1,tc_HOL_Obool))), inference(rw,[status(thm)],[c_0_24, c_0_25])).
fof(c_0_32, plain, (![X6]:c_Orderings_Otop__class_Otop(tc_fun(X6,tc_HOL_Obool))=hAPP(c_Set_OCollect(X6),hAPP(c_COMBK(tc_HOL_Obool,X6),c_fTrue))), inference(variable_rename,[status(thm)],[c_0_7])).
fof(c_0_33, plain, (![X38]:![X39]:(hAPP(hAPP(c_Groups_Oplus__class_Oplus(tc_Nat_Onat),X39),X38)!=X39|X38=c_Groups_Ozero__class_Ozero(tc_Nat_Onat))), inference(shift_quantors,[status(thm)],[inference(variable_rename,[status(thm)],[inference(shift_quantors,[status(thm)],[inference(fof_nnf,[status(thm)],[c_0_8])])])])).
cnf(c_0_34,plain,(c_Groups_Ozero__class_Ozero(tc_Nat_Onat)=hAPP(c_Int_Onat,c_Groups_Ozero__class_Ozero(tc_Int_Oint))), inference(split_conjunct,[status(thm)],[c_0_9])).
cnf(c_0_35,plain,(c_Int_OPls=c_Groups_Ozero__class_Ozero(tc_Int_Oint)), inference(split_conjunct,[status(thm)],[c_0_10])).
fof(c_0_36, plain, (![X38]:hAPP(c_Nat_OSuc,X38)!=c_Groups_Ozero__class_Ozero(tc_Nat_Onat)), inference(variable_rename,[status(thm)],[c_0_11])).
fof(c_0_37, plain, (![X139]:![X140]:![X141]:![X142]:![X143]:![X144]:hAPP(hAPP(hAPP(c_COMBB(X144,X143,X142),X141),X140),X139)=hAPP(X141,hAPP(X140,X139))), inference(variable_rename,[status(thm)],[c_0_12])).
cnf(c_0_38,plain,(hAPP(c_Groups_Ouminus__class_Ouminus(tc_fun(X1,tc_HOL_Obool)),hAPP(c_Groups_Ouminus__class_Ouminus(tc_fun(X1,tc_HOL_Obool)),X2))=X2), inference(split_conjunct,[status(thm)],[c_0_26])).
cnf(c_0_39,plain,(hAPP(c_Groups_Ouminus__class_Ouminus(tc_fun(X1,tc_HOL_Obool)),X2)=hAPP(hAPP(c_COMBB(tc_HOL_Obool,tc_HOL_Obool,X1),c_fNot),X2)), inference(rw,[status(thm)],[inference(rw,[status(thm)],[c_0_27, c_0_25]), c_0_25])).
fof(c_0_40, plain, (![X12]:(~hBOOL(hAPP(c_fNot,X12))|~hBOOL(X12))), inference(variable_rename,[status(thm)],[c_0_28])).
cnf(c_0_41,plain,(X1=c_Orderings_Obot__class_Obot(tc_fun(X2,tc_HOL_Obool))|hBOOL(hAPP(X1,esk297_1(X1)))), inference(rw,[status(thm)],[c_0_29, c_0_25])).
cnf(c_0_42,plain,(hAPP(c_Orderings_Obot__class_Obot(tc_fun(X1,tc_HOL_Obool)),X2)=c_fFalse), inference(spm,[status(thm)],[c_0_30, c_0_31])).
fof(c_0_43, plain, (![X6]:hAPP(c_Groups_Ouminus__class_Ouminus(tc_fun(X6,tc_HOL_Obool)),c_Orderings_Obot__class_Obot(tc_fun(X6,tc_HOL_Obool)))=c_Orderings_Otop__class_Otop(tc_fun(X6,tc_HOL_Obool))), inference(variable_rename,[status(thm)],[c_0_13])).
cnf(c_0_44,plain,(c_Orderings_Otop__class_Otop(tc_fun(X1,tc_HOL_Obool))=hAPP(c_Set_OCollect(X1),hAPP(c_COMBK(tc_HOL_Obool,X1),c_fTrue))), inference(split_conjunct,[status(thm)],[c_0_32])).
cnf(c_0_45,plain,(X1=c_Groups_Ozero__class_Ozero(tc_Nat_Onat)|hAPP(hAPP(c_Groups_Oplus__class_Oplus(tc_Nat_Onat),X2),X1)!=X2), inference(split_conjunct,[status(thm)],[c_0_33])).
cnf(c_0_46,plain,(c_Groups_Ozero__class_Ozero(tc_Nat_Onat)=hAPP(c_Int_Onat,c_Int_OPls)), inference(rw,[status(thm)],[c_0_34, c_0_35])).
fof(c_0_47, plain, (![X38]:![X39]:hAPP(hAPP(c_Groups_Oplus__class_Oplus(tc_Nat_Onat),X39),hAPP(c_Nat_OSuc,X38))=hAPP(c_Nat_OSuc,hAPP(hAPP(c_Groups_Oplus__class_Oplus(tc_Nat_Onat),X39),X38))), inference(variable_rename,[status(thm)],[c_0_14])).
cnf(c_0_48,plain,(hAPP(c_Nat_OSuc,X1)!=c_Groups_Ozero__class_Ozero(tc_Nat_Onat)), inference(split_conjunct,[status(thm)],[c_0_36])).
cnf(c_0_49,plain,(hAPP(hAPP(hAPP(c_COMBB(X1,X2,X3),X4),X5),X6)=hAPP(X4,hAPP(X5,X6))), inference(split_conjunct,[status(thm)],[c_0_37])).
cnf(c_0_50,plain,(hAPP(hAPP(c_COMBB(tc_HOL_Obool,tc_HOL_Obool,X1),c_fNot),hAPP(hAPP(c_COMBB(tc_HOL_Obool,tc_HOL_Obool,X1),c_fNot),X2))=X2), inference(rw,[status(thm)],[inference(rw,[status(thm)],[c_0_38, c_0_39]), c_0_39])).
fof(c_0_51, plain, (![X203]:![X204]:hAPP(c_List_Orev(X204),hAPP(c_List_Orev(X204),X203))=X203), inference(variable_rename,[status(thm)],[c_0_15])).
cnf(c_0_52,plain,(~hBOOL(X1)|~hBOOL(hAPP(c_fNot,X1))), inference(split_conjunct,[status(thm)],[c_0_40])).
cnf(c_0_53,plain,(c_fFalse=X1|hBOOL(X1)), inference(rw,[status(thm)],[inference(rw,[status(thm)],[inference(spm,[status(thm)],[c_0_30, c_0_41]), c_0_42]), c_0_30])).
cnf(c_0_54,plain,(hAPP(c_Groups_Ouminus__class_Ouminus(tc_fun(X1,tc_HOL_Obool)),c_Orderings_Obot__class_Obot(tc_fun(X1,tc_HOL_Obool)))=c_Orderings_Otop__class_Otop(tc_fun(X1,tc_HOL_Obool))), inference(split_conjunct,[status(thm)],[c_0_43])).
cnf(c_0_55,plain,(hAPP(c_COMBK(tc_HOL_Obool,X1),c_fTrue)=c_Orderings_Otop__class_Otop(tc_fun(X1,tc_HOL_Obool))), inference(rw,[status(thm)],[c_0_44, c_0_25])).
cnf(c_0_56,plain,(hAPP(c_Int_Onat,c_Int_OPls)=X1|hAPP(hAPP(c_Groups_Oplus__class_Oplus(tc_Nat_Onat),X2),X1)!=X2), inference(rw,[status(thm)],[c_0_45, c_0_46])).
cnf(c_0_57,plain,(hAPP(hAPP(c_Groups_Oplus__class_Oplus(tc_Nat_Onat),X1),hAPP(c_Nat_OSuc,X2))=hAPP(c_Nat_OSuc,hAPP(hAPP(c_Groups_Oplus__class_Oplus(tc_Nat_Onat),X1),X2))), inference(split_conjunct,[status(thm)],[c_0_47])).
cnf(c_0_58,plain,(hAPP(c_Nat_OSuc,X1)!=hAPP(c_Int_Onat,c_Int_OPls)), inference(rw,[status(thm)],[c_0_48, c_0_46])).
fof(c_0_59, plain, (![X38]:hAPP(hAPP(c_Groups_Oplus__class_Oplus(tc_Nat_Onat),X38),c_Groups_Ozero__class_Ozero(tc_Nat_Onat))=X38), inference(variable_rename,[status(thm)],[c_0_16])).
cnf(c_0_60,plain,(hAPP(c_fNot,hAPP(c_fNot,hAPP(X1,X2)))=hAPP(X1,X2)), inference(rw,[status(thm)],[inference(spm,[status(thm)],[c_0_49, c_0_50]), c_0_49])).
cnf(c_0_61,plain,(hAPP(c_List_Orev(X1),hAPP(c_List_Orev(X1),X2))=X2), inference(split_conjunct,[status(thm)],[c_0_51])).
cnf(c_0_62,plain,(hAPP(c_fNot,X1)=c_fFalse|~hBOOL(X1)), inference(spm,[status(thm)],[c_0_52, c_0_53])).
cnf(c_0_63,plain,(hAPP(hAPP(c_COMBB(tc_HOL_Obool,tc_HOL_Obool,X1),c_fNot),c_Orderings_Obot__class_Obot(tc_fun(X1,tc_HOL_Obool)))=c_Orderings_Otop__class_Otop(tc_fun(X1,tc_HOL_Obool))), inference(rw,[status(thm)],[c_0_54, c_0_39])).
cnf(c_0_64,plain,(hAPP(c_Orderings_Otop__class_Otop(tc_fun(X1,tc_HOL_Obool)),X2)=c_fTrue), inference(spm,[status(thm)],[c_0_30, c_0_55])).
cnf(c_0_65,plain,(hAPP(c_Nat_OSuc,hAPP(hAPP(c_Groups_Oplus__class_Oplus(tc_Nat_Onat),X1),X2))!=X1), inference(sr,[status(thm)],[inference(spm,[status(thm)],[c_0_56, c_0_57]), c_0_58])).
cnf(c_0_66,plain,(hAPP(hAPP(c_Groups_Oplus__class_Oplus(tc_Nat_Onat),X1),c_Groups_Ozero__class_Ozero(tc_Nat_Onat))=X1), inference(split_conjunct,[status(thm)],[c_0_59])).
fof(c_0_67, plain, (![X22]:X22!=hAPP(c_Nat_OSuc,X22)), inference(variable_rename,[status(thm)],[c_0_17])).
cnf(c_0_68,plain,(hAPP(c_fNot,hAPP(c_fNot,X1))=X1), inference(spm,[status(thm)],[c_0_60, c_0_61])).
cnf(c_0_69,plain,(hAPP(c_fNot,X1)=c_fFalse|c_fFalse=X1), inference(spm,[status(thm)],[c_0_62, c_0_53])).
cnf(c_0_70,plain,(hAPP(c_fNot,c_fFalse)=c_fTrue), inference(rw,[status(thm)],[inference(rw,[status(thm)],[inference(spm,[status(thm)],[c_0_49, c_0_63]), c_0_64]), c_0_42])).
cnf(c_0_71,plain,(hAPP(c_Nat_OSuc,hAPP(c_Nat_OSuc,hAPP(hAPP(c_Groups_Oplus__class_Oplus(tc_Nat_Onat),X1),X2)))!=X1), inference(spm,[status(thm)],[c_0_65, c_0_57])).
cnf(c_0_72,plain,(hAPP(hAPP(c_Groups_Oplus__class_Oplus(tc_Nat_Onat),X1),hAPP(c_Int_Onat,c_Int_OPls))=X1), inference(rw,[status(thm)],[c_0_66, c_0_46])).
cnf(c_0_73,plain,(X1!=hAPP(c_Nat_OSuc,X1)), inference(split_conjunct,[status(thm)],[c_0_67])).
cnf(c_0_74,plain,(c_fFalse=X1|c_fTrue=X1), inference(rw,[status(thm)],[inference(spm,[status(thm)],[c_0_68, c_0_69]), c_0_70])).
cnf(c_0_75,plain,(hAPP(c_Nat_OSuc,hAPP(c_Nat_OSuc,X1))!=X1), inference(spm,[status(thm)],[c_0_71, c_0_72])).
cnf(c_0_76,plain,(hAPP(c_Nat_OSuc,X1)=c_fFalse|c_fTrue!=X1), inference(spm,[status(thm)],[c_0_73, c_0_74])).
cnf(c_0_77,plain,(hAPP(c_Nat_OSuc,c_fFalse)!=X1|c_fTrue!=X1), inference(spm,[status(thm)],[c_0_75, c_0_76])).
cnf(c_0_78,plain,(c_fTrue!=X1), inference(sr,[status(thm)],[inference(spm,[status(thm)],[c_0_77, c_0_74]), c_0_73])).
cnf(c_0_79,plain,($false), inference(sr,[status(thm)],[c_0_64, c_0_78]), ['proof']).
# SZS output end CNFRefutation.
EOF
