% Problem    : KLE039+1 : TPTP v6.1.0. Released v4.0.0.
% Command    : eprover --auto-schedule --tstp-format -s --proof-object --memory-limit=2048 --cpu-limit=%d %s
% Computer   : n106.star.cs.uiowa.edu
% Model      : x86_64 x86_64
% CPU        : Intel(R) Xeon(R) CPU E5-2609 0 @ 2.40GHz
% Memory     : 32286.75MB
% OS         : Linux 2.6.32-431.20.3.el6.x86_64
% CPULimit   : 300
% DateTime   : Sun Jul 20 04:26:16 CDT 2014
% CPUTime    : 
# No SInE strategy applied
# Trying AutoSched0 for 151 seconds
# AutoSched0-Mode selected heuristic H_____102_C18_F1_PI_AE_Q4_CS_SP_S1S
# and selection function SelectComplexAHP.
#

# Proof found!
# SZS status Theorem
# SZS output start CNFRefutation.
fof(c_0_0, axiom, (![X1]:leq(addition(one,multiplication(X1,star(X1))),star(X1))), file('/export/starexec/sandbox/benchmark/Axioms/KLE002+0.ax', star_unfold_right)).
fof(c_0_1, axiom, (![X1]:multiplication(zero,X1)=zero), file('/export/starexec/sandbox/benchmark/Axioms/KLE002+0.ax', left_annihilation)).
fof(c_0_2, axiom, (![X1]:addition(X1,zero)=X1), file('/export/starexec/sandbox/benchmark/Axioms/KLE002+0.ax', additive_identity)).
fof(c_0_3, axiom, (![X1]:![X2]:(leq(X1,X2)<=>addition(X1,X2)=X2)), file('/export/starexec/sandbox/benchmark/Axioms/KLE002+0.ax', order)).
fof(c_0_4, axiom, (![X3]:![X2]:![X1]:addition(X1,addition(X2,X3))=addition(addition(X1,X2),X3)), file('/export/starexec/sandbox/benchmark/Axioms/KLE002+0.ax', additive_associativity)).
fof(c_0_5, axiom, (![X1]:![X2]:addition(X1,X2)=addition(X2,X1)), file('/export/starexec/sandbox/benchmark/Axioms/KLE002+0.ax', additive_commutativity)).
fof(c_0_6, axiom, (![X1]:![X2]:![X3]:(leq(addition(multiplication(X1,X2),X3),X1)=>leq(multiplication(X3,star(X2)),X1))), file('/export/starexec/sandbox/benchmark/Axioms/KLE002+0.ax', star_induction_right)).
fof(c_0_7, axiom, (![X1]:multiplication(X1,zero)=zero), file('/export/starexec/sandbox/benchmark/Axioms/KLE002+0.ax', right_annihilation)).
fof(c_0_8, axiom, (![X1]:addition(X1,X1)=X1), file('/export/starexec/sandbox/benchmark/Axioms/KLE002+0.ax', additive_idempotence)).
fof(c_0_9, axiom, (![X1]:multiplication(one,X1)=X1), file('/export/starexec/sandbox/benchmark/Axioms/KLE002+0.ax', multiplicative_left_identity)).
fof(c_0_10, axiom, (![X1]:![X2]:![X3]:multiplication(addition(X1,X2),X3)=addition(multiplication(X1,X3),multiplication(X2,X3))), file('/export/starexec/sandbox/benchmark/Axioms/KLE002+0.ax', left_distributivity)).
fof(c_0_11, axiom, (![X1]:![X2]:![X3]:multiplication(X1,addition(X2,X3))=addition(multiplication(X1,X2),multiplication(X1,X3))), file('/export/starexec/sandbox/benchmark/Axioms/KLE002+0.ax', right_distributivity)).
fof(c_0_12, axiom, (![X1]:multiplication(X1,one)=X1), file('/export/starexec/sandbox/benchmark/Axioms/KLE002+0.ax', multiplicative_right_identity)).
fof(c_0_13, axiom, (![X1]:leq(addition(one,multiplication(star(X1),X1)),star(X1))), file('/export/starexec/sandbox/benchmark/Axioms/KLE002+0.ax', star_unfold_left)).
fof(c_0_14, axiom, (![X1]:![X2]:![X3]:multiplication(X1,multiplication(X2,X3))=multiplication(multiplication(X1,X2),X3)), file('/export/starexec/sandbox/benchmark/Axioms/KLE002+0.ax', multiplicative_associativity)).
fof(c_0_15, conjecture, (![X4]:star(star(X4))=star(X4)), file('/export/starexec/sandbox/benchmark/theBenchmark.p', goals)).
fof(c_0_16, plain, (![X2]:leq(addition(one,multiplication(X2,star(X2))),star(X2))), inference(variable_rename,[status(thm)],[c_0_0])).
fof(c_0_17, plain, (![X2]:multiplication(zero,X2)=zero), inference(variable_rename,[status(thm)],[c_0_1])).
fof(c_0_18, plain, (![X2]:addition(X2,zero)=X2), inference(variable_rename,[status(thm)],[c_0_2])).
fof(c_0_19, plain, (![X3]:![X4]:![X5]:![X6]:((~leq(X3,X4)|addition(X3,X4)=X4)&(addition(X5,X6)!=X6|leq(X5,X6)))), inference(shift_quantors,[status(thm)],[inference(variable_rename,[status(thm)],[inference(shift_quantors,[status(thm)],[inference(fof_nnf,[status(thm)],[c_0_3])])])])).
cnf(c_0_20,plain,(leq(addition(one,multiplication(X1,star(X1))),star(X1))), inference(split_conjunct,[status(thm)],[c_0_16])).
cnf(c_0_21,plain,(multiplication(zero,X1)=zero), inference(split_conjunct,[status(thm)],[c_0_17])).
cnf(c_0_22,plain,(addition(X1,zero)=X1), inference(split_conjunct,[status(thm)],[c_0_18])).
fof(c_0_23, plain, (![X4]:![X5]:![X6]:addition(X6,addition(X5,X4))=addition(addition(X6,X5),X4)), inference(variable_rename,[status(thm)],[c_0_4])).
cnf(c_0_24,plain,(addition(X1,X2)=X2|~leq(X1,X2)), inference(split_conjunct,[status(thm)],[c_0_19])).
cnf(c_0_25,plain,(leq(one,star(zero))), inference(rw,[status(thm)],[inference(spm,[status(thm)],[c_0_20, c_0_21]), c_0_22])).
fof(c_0_26, plain, (![X3]:![X4]:addition(X3,X4)=addition(X4,X3)), inference(variable_rename,[status(thm)],[c_0_5])).
cnf(c_0_27,plain,(addition(X1,addition(X2,X3))=addition(addition(X1,X2),X3)), inference(split_conjunct,[status(thm)],[c_0_23])).
cnf(c_0_28,plain,(addition(one,star(zero))=star(zero)), inference(spm,[status(thm)],[c_0_24, c_0_25])).
fof(c_0_29, plain, (![X4]:![X5]:![X6]:(~leq(addition(multiplication(X4,X5),X6),X4)|leq(multiplication(X6,star(X5)),X4))), inference(variable_rename,[status(thm)],[inference(fof_nnf,[status(thm)],[c_0_6])])).
fof(c_0_30, plain, (![X2]:multiplication(X2,zero)=zero), inference(variable_rename,[status(thm)],[c_0_7])).
cnf(c_0_31,plain,(addition(X1,X2)=addition(X2,X1)), inference(split_conjunct,[status(thm)],[c_0_26])).
fof(c_0_32, plain, (![X2]:addition(X2,X2)=X2), inference(variable_rename,[status(thm)],[c_0_8])).
cnf(c_0_33,plain,(leq(X1,X2)|addition(X1,X2)!=X2), inference(split_conjunct,[status(thm)],[c_0_19])).
cnf(c_0_34,plain,(addition(one,addition(star(zero),X1))=addition(star(zero),X1)), inference(spm,[status(thm)],[c_0_27, c_0_28])).
cnf(c_0_35,plain,(leq(multiplication(X1,star(X2)),X3)|~leq(addition(multiplication(X3,X2),X1),X3)), inference(split_conjunct,[status(thm)],[c_0_29])).
cnf(c_0_36,plain,(multiplication(X1,zero)=zero), inference(split_conjunct,[status(thm)],[c_0_30])).
cnf(c_0_37,plain,(addition(zero,X1)=X1), inference(spm,[status(thm)],[c_0_22, c_0_31])).
cnf(c_0_38,plain,(addition(X1,X1)=X1), inference(split_conjunct,[status(thm)],[c_0_32])).
cnf(c_0_39,plain,(leq(one,addition(star(zero),X1))), inference(spm,[status(thm)],[c_0_33, c_0_34])).
cnf(c_0_40,plain,(leq(multiplication(X1,star(zero)),X2)|~leq(X1,X2)), inference(rw,[status(thm)],[inference(spm,[status(thm)],[c_0_35, c_0_36]), c_0_37])).
cnf(c_0_41,plain,(leq(X1,X1)), inference(spm,[status(thm)],[c_0_33, c_0_38])).
fof(c_0_42, plain, (![X2]:multiplication(one,X2)=X2), inference(variable_rename,[status(thm)],[c_0_9])).
cnf(c_0_43,plain,(leq(one,addition(X1,star(zero)))), inference(spm,[status(thm)],[c_0_39, c_0_31])).
cnf(c_0_44,plain,(leq(multiplication(X1,star(zero)),X1)), inference(spm,[status(thm)],[c_0_40, c_0_41])).
cnf(c_0_45,plain,(multiplication(one,X1)=X1), inference(split_conjunct,[status(thm)],[c_0_42])).
fof(c_0_46, plain, (![X4]:![X5]:![X6]:multiplication(addition(X4,X5),X6)=addition(multiplication(X4,X6),multiplication(X5,X6))), inference(variable_rename,[status(thm)],[c_0_10])).
cnf(c_0_47,plain,(leq(one,addition(X1,addition(X2,star(zero))))), inference(spm,[status(thm)],[c_0_43, c_0_27])).
cnf(c_0_48,plain,(leq(star(zero),one)), inference(spm,[status(thm)],[c_0_44, c_0_45])).
cnf(c_0_49,plain,(multiplication(addition(X1,X2),X3)=addition(multiplication(X1,X3),multiplication(X2,X3))), inference(split_conjunct,[status(thm)],[c_0_46])).
cnf(c_0_50,plain,(leq(one,addition(X1,addition(star(zero),X2)))), inference(spm,[status(thm)],[c_0_47, c_0_31])).
cnf(c_0_51,plain,(star(zero)=one), inference(rw,[status(thm)],[inference(rw,[status(thm)],[inference(spm,[status(thm)],[c_0_24, c_0_48]), c_0_31]), c_0_28])).
cnf(c_0_52,plain,(addition(X1,multiplication(X2,X1))=multiplication(addition(X2,one),X1)), inference(rw,[status(thm)],[inference(spm,[status(thm)],[c_0_49, c_0_45]), c_0_31])).
cnf(c_0_53,plain,(leq(one,addition(X1,addition(one,X2)))), inference(rw,[status(thm)],[c_0_50, c_0_51])).
cnf(c_0_54,plain,(addition(one,multiplication(addition(X1,one),star(X1)))=star(X1)), inference(rw,[status(thm)],[inference(rw,[status(thm)],[inference(rw,[status(thm)],[inference(spm,[status(thm)],[c_0_24, c_0_20]), c_0_27]), c_0_31]), c_0_52])).
fof(c_0_55, plain, (![X4]:![X5]:![X6]:multiplication(X4,addition(X5,X6))=addition(multiplication(X4,X5),multiplication(X4,X6))), inference(variable_rename,[status(thm)],[c_0_11])).
fof(c_0_56, plain, (![X2]:multiplication(X2,one)=X2), inference(variable_rename,[status(thm)],[c_0_12])).
cnf(c_0_57,plain,(leq(one,addition(X1,star(X2)))), inference(spm,[status(thm)],[c_0_53, c_0_54])).
cnf(c_0_58,plain,(multiplication(X1,addition(X2,X3))=addition(multiplication(X1,X2),multiplication(X1,X3))), inference(split_conjunct,[status(thm)],[c_0_55])).
cnf(c_0_59,plain,(multiplication(X1,one)=X1), inference(split_conjunct,[status(thm)],[c_0_56])).
cnf(c_0_60,plain,(leq(one,addition(star(X1),X2))), inference(spm,[status(thm)],[c_0_57, c_0_31])).
cnf(c_0_61,plain,(addition(X1,multiplication(X1,X2))=multiplication(X1,addition(X2,one))), inference(rw,[status(thm)],[inference(spm,[status(thm)],[c_0_58, c_0_59]), c_0_31])).
cnf(c_0_62,plain,(addition(X1,addition(X1,X2))=addition(X1,X2)), inference(spm,[status(thm)],[c_0_27, c_0_38])).
cnf(c_0_63,plain,(leq(one,multiplication(star(X1),addition(X2,one)))), inference(spm,[status(thm)],[c_0_60, c_0_61])).
fof(c_0_64, plain, (![X2]:leq(addition(one,multiplication(star(X2),X2)),star(X2))), inference(variable_rename,[status(thm)],[c_0_13])).
cnf(c_0_65,plain,(leq(X1,addition(X1,X2))), inference(spm,[status(thm)],[c_0_33, c_0_62])).
cnf(c_0_66,plain,(leq(one,multiplication(star(X1),addition(one,X2)))), inference(spm,[status(thm)],[c_0_63, c_0_31])).
cnf(c_0_67,plain,(addition(one,star(X1))=star(X1)), inference(spm,[status(thm)],[c_0_62, c_0_54])).
fof(c_0_68, plain, (![X4]:![X5]:![X6]:multiplication(X4,multiplication(X5,X6))=multiplication(multiplication(X4,X5),X6)), inference(variable_rename,[status(thm)],[c_0_14])).
cnf(c_0_69,plain,(leq(addition(one,multiplication(star(X1),X1)),star(X1))), inference(split_conjunct,[status(thm)],[c_0_64])).
cnf(c_0_70,plain,(leq(X1,multiplication(X1,addition(X2,one)))), inference(spm,[status(thm)],[c_0_65, c_0_61])).
cnf(c_0_71,plain,(leq(one,multiplication(star(X1),star(X2)))), inference(spm,[status(thm)],[c_0_66, c_0_67])).
cnf(c_0_72,plain,(multiplication(X1,multiplication(X2,X3))=multiplication(multiplication(X1,X2),X3)), inference(split_conjunct,[status(thm)],[c_0_68])).
cnf(c_0_73,plain,(leq(X1,addition(X2,X1))), inference(spm,[status(thm)],[c_0_65, c_0_31])).
cnf(c_0_74,plain,(addition(one,multiplication(star(X1),addition(X1,one)))=star(X1)), inference(rw,[status(thm)],[inference(rw,[status(thm)],[inference(rw,[status(thm)],[inference(spm,[status(thm)],[c_0_24, c_0_69]), c_0_27]), c_0_31]), c_0_61])).
cnf(c_0_75,plain,(leq(X1,multiplication(X1,addition(one,X2)))), inference(spm,[status(thm)],[c_0_70, c_0_31])).
cnf(c_0_76,plain,(addition(one,multiplication(addition(one,X1),star(X1)))=star(X1)), inference(spm,[status(thm)],[c_0_54, c_0_31])).
cnf(c_0_77,plain,(addition(one,multiplication(star(X1),star(X2)))=multiplication(star(X1),star(X2))), inference(spm,[status(thm)],[c_0_24, c_0_71])).
cnf(c_0_78,plain,(leq(multiplication(X1,multiplication(X2,star(X3))),X1)|~leq(multiplication(X1,addition(X3,X2)),X1)), inference(rw,[status(thm)],[inference(spm,[status(thm)],[c_0_35, c_0_58]), c_0_72])).
cnf(c_0_79,plain,(leq(multiplication(star(X1),addition(X1,one)),star(X1))), inference(spm,[status(thm)],[c_0_73, c_0_74])).
cnf(c_0_80,plain,(leq(X1,multiplication(X1,star(X2)))), inference(spm,[status(thm)],[c_0_75, c_0_54])).
cnf(c_0_81,plain,(multiplication(star(X1),star(star(X1)))=star(star(X1))), inference(rw,[status(thm)],[inference(spm,[status(thm)],[c_0_76, c_0_67]), c_0_77])).
fof(c_0_82, negated_conjecture, (~(![X4]:star(star(X4))=star(X4))), inference(assume_negation,[status(cth)],[c_0_15])).
cnf(c_0_83,plain,(leq(multiplication(X1,multiplication(X2,star(X2))),X1)|~leq(multiplication(X1,X2),X1)), inference(rw,[status(thm)],[inference(spm,[status(thm)],[c_0_35, c_0_38]), c_0_72])).
cnf(c_0_84,plain,(leq(multiplication(star(X1),star(X1)),star(X1))), inference(rw,[status(thm)],[inference(spm,[status(thm)],[c_0_78, c_0_79]), c_0_45])).
cnf(c_0_85,plain,(leq(star(X1),star(star(X1)))), inference(spm,[status(thm)],[c_0_80, c_0_81])).
fof(c_0_86, negated_conjecture, (star(star(esk1_0))!=star(esk1_0)), inference(skolemize,[status(esa)],[inference(variable_rename,[status(thm)],[inference(fof_nnf,[status(thm)],[c_0_82])])])).
cnf(c_0_87,plain,(leq(star(star(X1)),star(X1))), inference(rw,[status(thm)],[inference(rw,[status(thm)],[inference(spm,[status(thm)],[c_0_83, c_0_84]), c_0_81]), c_0_81])).
cnf(c_0_88,plain,(addition(star(X1),star(star(X1)))=star(star(X1))), inference(spm,[status(thm)],[c_0_24, c_0_85])).
cnf(c_0_89,negated_conjecture,(star(star(esk1_0))!=star(esk1_0)), inference(split_conjunct,[status(thm)],[c_0_86])).
cnf(c_0_90,plain,(star(star(X1))=star(X1)), inference(rw,[status(thm)],[inference(rw,[status(thm)],[inference(spm,[status(thm)],[c_0_24, c_0_87]), c_0_31]), c_0_88])).
cnf(c_0_91,negated_conjecture,($false), inference(cn,[status(thm)],[inference(rw,[status(thm)],[c_0_89, c_0_90])]), ['proof']).
# SZS output end CNFRefutation.
EOF
