% Problem    : CSR022+1 : TPTP v6.1.0. Bugfixed v3.1.0.
% Command    : eprover --auto-schedule --tstp-format -s --proof-object --memory-limit=2048 --cpu-limit=%d %s
% Computer   : n134.star.cs.uiowa.edu
% Model      : x86_64 x86_64
% CPU        : Intel(R) Xeon(R) CPU E5-2609 0 @ 2.40GHz
% Memory     : 32286.75MB
% OS         : Linux 2.6.32-431.20.3.el6.x86_64
% CPULimit   : 300
% DateTime   : Sun Jul 20 03:15:57 CDT 2014
% CPUTime    : 
# No SInE strategy applied
# Trying AutoSched0 for 151 seconds
# AutoSched0-Mode selected heuristic G_E___212_C18_F1_AE_Q12_CS_SP_S2S
# and selection function SelectNewComplexAHP.
#

# Proof found!
# SZS status Theorem
# SZS output start CNFRefutation.
fof(c_0_0, axiom, (![X4]:![X5]:![X2]:((happens(X4,X5)&terminates(X4,X2,X5))=>~(holdsAt(X2,plus(X5,n1))))), file('/export/starexec/sandbox/benchmark/Axioms/CSR001+0.ax', happens_terminates_not_holds)).
fof(c_0_1, axiom, (![X9]:![X10]:plus(X9,X10)=plus(X10,X9)), file('/export/starexec/sandbox/benchmark/theBenchmark.p', symmetry_of_plus)).
fof(c_0_2, axiom, (![X4]:![X5]:(happens(X4,X5)<=>((((X4=push&X5=n0)|(X4=pull&X5=n1))|(X4=pull&X5=n2))|(X4=push&X5=n2)))), file('/export/starexec/sandbox/benchmark/Axioms/CSR001+2.ax', happens_all_defn)).
fof(c_0_3, axiom, (![X4]:![X2]:![X5]:(terminates(X4,X2,X5)<=>(((((((X4=push&X2=backwards)&~(happens(pull,X5)))|((X4=pull&X2=forwards)&~(happens(push,X5))))|((X4=pull&X2=forwards)&happens(push,X5)))|((X4=pull&X2=backwards)&happens(push,X5)))|((X4=push&X2=spinning)&~(happens(pull,X5))))|((X4=pull&X2=spinning)&~(happens(push,X5)))))), file('/export/starexec/sandbox/benchmark/Axioms/CSR001+2.ax', terminates_all_defn)).
fof(c_0_4, axiom, (plus(n1,n2)=n3), file('/export/starexec/sandbox/benchmark/theBenchmark.p', plus1_2)).
fof(c_0_5, conjecture, (~(holdsAt(forwards,n3))), file('/export/starexec/sandbox/benchmark/theBenchmark.p', not_forwards_3)).
fof(c_0_6, plain, (![X2]:![X4]:![X5]:(epred2_3(X5,X4,X2)<=>((((X4=push&X2=backwards)&~happens(pull,X5))|((X4=pull&X2=forwards)&~happens(push,X5)))|((X4=pull&X2=forwards)&happens(push,X5))))), introduced(definition)).
fof(c_0_7, plain, (![X6]:![X7]:![X8]:![X9]:![X10]:![X11]:(((((((((X7=pull|(X7=pull|X7=push))|~epred2_3(X8,X7,X6))&((X6=forwards|(X7=pull|X7=push))|~epred2_3(X8,X7,X6)))&((happens(push,X8)|(X7=pull|X7=push))|~epred2_3(X8,X7,X6)))&((((X7=pull|(X6=forwards|X7=push))|~epred2_3(X8,X7,X6))&((X6=forwards|(X6=forwards|X7=push))|~epred2_3(X8,X7,X6)))&((happens(push,X8)|(X6=forwards|X7=push))|~epred2_3(X8,X7,X6))))&((((X7=pull|(~happens(push,X8)|X7=push))|~epred2_3(X8,X7,X6))&((X6=forwards|(~happens(push,X8)|X7=push))|~epred2_3(X8,X7,X6)))&((happens(push,X8)|(~happens(push,X8)|X7=push))|~epred2_3(X8,X7,X6))))&((((((X7=pull|(X7=pull|X6=backwards))|~epred2_3(X8,X7,X6))&((X6=forwards|(X7=pull|X6=backwards))|~epred2_3(X8,X7,X6)))&((happens(push,X8)|(X7=pull|X6=backwards))|~epred2_3(X8,X7,X6)))&((((X7=pull|(X6=forwards|X6=backwards))|~epred2_3(X8,X7,X6))&((X6=forwards|(X6=forwards|X6=backwards))|~epred2_3(X8,X7,X6)))&((happens(push,X8)|(X6=forwards|X6=backwards))|~epred2_3(X8,X7,X6))))&((((X7=pull|(~happens(push,X8)|X6=backwards))|~epred2_3(X8,X7,X6))&((X6=forwards|(~happens(push,X8)|X6=backwards))|~epred2_3(X8,X7,X6)))&((happens(push,X8)|(~happens(push,X8)|X6=backwards))|~epred2_3(X8,X7,X6)))))&((((((X7=pull|(X7=pull|~happens(pull,X8)))|~epred2_3(X8,X7,X6))&((X6=forwards|(X7=pull|~happens(pull,X8)))|~epred2_3(X8,X7,X6)))&((happens(push,X8)|(X7=pull|~happens(pull,X8)))|~epred2_3(X8,X7,X6)))&((((X7=pull|(X6=forwards|~happens(pull,X8)))|~epred2_3(X8,X7,X6))&((X6=forwards|(X6=forwards|~happens(pull,X8)))|~epred2_3(X8,X7,X6)))&((happens(push,X8)|(X6=forwards|~happens(pull,X8)))|~epred2_3(X8,X7,X6))))&((((X7=pull|(~happens(push,X8)|~happens(pull,X8)))|~epred2_3(X8,X7,X6))&((X6=forwards|(~happens(push,X8)|~happens(pull,X8)))|~epred2_3(X8,X7,X6)))&((happens(push,X8)|(~happens(push,X8)|~happens(pull,X8)))|~epred2_3(X8,X7,X6)))))&(((((X10!=push|X9!=backwards)|happens(pull,X11))|epred2_3(X11,X10,X9))&(((X10!=pull|X9!=forwards)|happens(push,X11))|epred2_3(X11,X10,X9)))&(((X10!=pull|X9!=forwards)|~happens(push,X11))|epred2_3(X11,X10,X9))))), inference(distribute,[status(thm)],[inference(shift_quantors,[status(thm)],[inference(variable_rename,[status(thm)],[inference(shift_quantors,[status(thm)],[inference(fof_nnf,[status(thm)],[c_0_6])])])])])).
fof(c_0_8, plain, (![X4]:![X5]:![X2]:((happens(X4,X5)&terminates(X4,X2,X5))=>~holdsAt(X2,plus(X5,n1)))), inference(fof_simplification,[status(thm)],[c_0_0])).
fof(c_0_9, plain, (![X2]:![X4]:![X5]:(epred3_3(X5,X4,X2)<=>(((((((X4=push&X2=backwards)&~happens(pull,X5))|((X4=pull&X2=forwards)&~happens(push,X5)))|((X4=pull&X2=forwards)&happens(push,X5)))|((X4=pull&X2=backwards)&happens(push,X5)))|((X4=push&X2=spinning)&~happens(pull,X5)))|((X4=pull&X2=spinning)&~happens(push,X5))))), introduced(definition)).
cnf(c_0_10,plain,(epred2_3(X1,X2,X3)|~happens(push,X1)|X3!=forwards|X2!=pull), inference(split_conjunct,[status(thm)],[c_0_7])).
cnf(c_0_11,plain,(epred2_3(X1,X2,X3)|happens(push,X1)|X3!=forwards|X2!=pull), inference(split_conjunct,[status(thm)],[c_0_7])).
fof(c_0_12, plain, (![X6]:![X7]:![X8]:((~happens(X6,X7)|~terminates(X6,X8,X7))|~holdsAt(X8,plus(X7,n1)))), inference(variable_rename,[status(thm)],[inference(fof_nnf,[status(thm)],[c_0_8])])).
fof(c_0_13, plain, (![X11]:![X12]:plus(X11,X12)=plus(X12,X11)), inference(variable_rename,[status(thm)],[c_0_1])).
fof(c_0_14, plain, (![X2]:![X4]:![X5]:(epred3_3(X5,X4,X2)<=>(((epred2_3(X5,X4,X2)|((X4=pull&X2=backwards)&happens(push,X5)))|((X4=push&X2=spinning)&~happens(pull,X5)))|((X4=pull&X2=spinning)&~happens(push,X5))))), inference(apply_def,[status(thm)],[c_0_9, c_0_6])).
cnf(c_0_15,plain,(epred2_3(X1,X2,X3)|forwards!=X3|pull!=X2), inference(csr,[status(thm)],[c_0_10, c_0_11])).
cnf(c_0_16,plain,(~holdsAt(X1,plus(X2,n1))|~terminates(X3,X1,X2)|~happens(X3,X2)), inference(split_conjunct,[status(thm)],[c_0_12])).
cnf(c_0_17,plain,(plus(X1,X2)=plus(X2,X1)), inference(split_conjunct,[status(thm)],[c_0_13])).
fof(c_0_18, plain, (![X6]:![X7]:![X8]:![X9]:(((((((X6=push|(X6=pull|(X6=pull|X6=push)))|~happens(X6,X7))&((X7=n2|(X6=pull|(X6=pull|X6=push)))|~happens(X6,X7)))&(((X6=push|(X7=n2|(X6=pull|X6=push)))|~happens(X6,X7))&((X7=n2|(X7=n2|(X6=pull|X6=push)))|~happens(X6,X7))))&((((X6=push|(X6=pull|(X7=n1|X6=push)))|~happens(X6,X7))&((X7=n2|(X6=pull|(X7=n1|X6=push)))|~happens(X6,X7)))&(((X6=push|(X7=n2|(X7=n1|X6=push)))|~happens(X6,X7))&((X7=n2|(X7=n2|(X7=n1|X6=push)))|~happens(X6,X7)))))&(((((X6=push|(X6=pull|(X6=pull|X7=n0)))|~happens(X6,X7))&((X7=n2|(X6=pull|(X6=pull|X7=n0)))|~happens(X6,X7)))&(((X6=push|(X7=n2|(X6=pull|X7=n0)))|~happens(X6,X7))&((X7=n2|(X7=n2|(X6=pull|X7=n0)))|~happens(X6,X7))))&((((X6=push|(X6=pull|(X7=n1|X7=n0)))|~happens(X6,X7))&((X7=n2|(X6=pull|(X7=n1|X7=n0)))|~happens(X6,X7)))&(((X6=push|(X7=n2|(X7=n1|X7=n0)))|~happens(X6,X7))&((X7=n2|(X7=n2|(X7=n1|X7=n0)))|~happens(X6,X7))))))&(((((X8!=push|X9!=n0)|happens(X8,X9))&((X8!=pull|X9!=n1)|happens(X8,X9)))&((X8!=pull|X9!=n2)|happens(X8,X9)))&((X8!=push|X9!=n2)|happens(X8,X9))))), inference(distribute,[status(thm)],[inference(shift_quantors,[status(thm)],[inference(variable_rename,[status(thm)],[inference(shift_quantors,[status(thm)],[inference(fof_nnf,[status(thm)],[c_0_2])])])])])).
fof(c_0_19, plain, (![X4]:![X2]:![X5]:(terminates(X4,X2,X5)<=>epred3_3(X5,X4,X2))), inference(apply_def,[status(thm)],[inference(fof_simplification,[status(thm)],[c_0_3]), c_0_9])).
fof(c_0_20, plain, (![X6]:![X7]:![X8]:![X9]:![X10]:![X11]:(((((((((X7=pull|(X7=push|(X7=pull|epred2_3(X8,X7,X6))))|~epred3_3(X8,X7,X6))&((X6=spinning|(X7=push|(X7=pull|epred2_3(X8,X7,X6))))|~epred3_3(X8,X7,X6)))&((~happens(push,X8)|(X7=push|(X7=pull|epred2_3(X8,X7,X6))))|~epred3_3(X8,X7,X6)))&((((X7=pull|(X6=spinning|(X7=pull|epred2_3(X8,X7,X6))))|~epred3_3(X8,X7,X6))&((X6=spinning|(X6=spinning|(X7=pull|epred2_3(X8,X7,X6))))|~epred3_3(X8,X7,X6)))&((~happens(push,X8)|(X6=spinning|(X7=pull|epred2_3(X8,X7,X6))))|~epred3_3(X8,X7,X6))))&((((X7=pull|(~happens(pull,X8)|(X7=pull|epred2_3(X8,X7,X6))))|~epred3_3(X8,X7,X6))&((X6=spinning|(~happens(pull,X8)|(X7=pull|epred2_3(X8,X7,X6))))|~epred3_3(X8,X7,X6)))&((~happens(push,X8)|(~happens(pull,X8)|(X7=pull|epred2_3(X8,X7,X6))))|~epred3_3(X8,X7,X6))))&((((((X7=pull|(X7=push|(X6=backwards|epred2_3(X8,X7,X6))))|~epred3_3(X8,X7,X6))&((X6=spinning|(X7=push|(X6=backwards|epred2_3(X8,X7,X6))))|~epred3_3(X8,X7,X6)))&((~happens(push,X8)|(X7=push|(X6=backwards|epred2_3(X8,X7,X6))))|~epred3_3(X8,X7,X6)))&((((X7=pull|(X6=spinning|(X6=backwards|epred2_3(X8,X7,X6))))|~epred3_3(X8,X7,X6))&((X6=spinning|(X6=spinning|(X6=backwards|epred2_3(X8,X7,X6))))|~epred3_3(X8,X7,X6)))&((~happens(push,X8)|(X6=spinning|(X6=backwards|epred2_3(X8,X7,X6))))|~epred3_3(X8,X7,X6))))&((((X7=pull|(~happens(pull,X8)|(X6=backwards|epred2_3(X8,X7,X6))))|~epred3_3(X8,X7,X6))&((X6=spinning|(~happens(pull,X8)|(X6=backwards|epred2_3(X8,X7,X6))))|~epred3_3(X8,X7,X6)))&((~happens(push,X8)|(~happens(pull,X8)|(X6=backwards|epred2_3(X8,X7,X6))))|~epred3_3(X8,X7,X6)))))&((((((X7=pull|(X7=push|(happens(push,X8)|epred2_3(X8,X7,X6))))|~epred3_3(X8,X7,X6))&((X6=spinning|(X7=push|(happens(push,X8)|epred2_3(X8,X7,X6))))|~epred3_3(X8,X7,X6)))&((~happens(push,X8)|(X7=push|(happens(push,X8)|epred2_3(X8,X7,X6))))|~epred3_3(X8,X7,X6)))&((((X7=pull|(X6=spinning|(happens(push,X8)|epred2_3(X8,X7,X6))))|~epred3_3(X8,X7,X6))&((X6=spinning|(X6=spinning|(happens(push,X8)|epred2_3(X8,X7,X6))))|~epred3_3(X8,X7,X6)))&((~happens(push,X8)|(X6=spinning|(happens(push,X8)|epred2_3(X8,X7,X6))))|~epred3_3(X8,X7,X6))))&((((X7=pull|(~happens(pull,X8)|(happens(push,X8)|epred2_3(X8,X7,X6))))|~epred3_3(X8,X7,X6))&((X6=spinning|(~happens(pull,X8)|(happens(push,X8)|epred2_3(X8,X7,X6))))|~epred3_3(X8,X7,X6)))&((~happens(push,X8)|(~happens(pull,X8)|(happens(push,X8)|epred2_3(X8,X7,X6))))|~epred3_3(X8,X7,X6)))))&((((~epred2_3(X11,X10,X9)|epred3_3(X11,X10,X9))&(((X10!=pull|X9!=backwards)|~happens(push,X11))|epred3_3(X11,X10,X9)))&(((X10!=push|X9!=spinning)|happens(pull,X11))|epred3_3(X11,X10,X9)))&(((X10!=pull|X9!=spinning)|happens(push,X11))|epred3_3(X11,X10,X9))))), inference(distribute,[status(thm)],[inference(shift_quantors,[status(thm)],[inference(variable_rename,[status(thm)],[inference(shift_quantors,[status(thm)],[inference(fof_nnf,[status(thm)],[c_0_14])])])])])).
cnf(c_0_21,plain,(epred2_3(X1,X2,forwards)|pull!=X2), inference(er,[status(thm)],[c_0_15])).
cnf(c_0_22,plain,(~holdsAt(X1,plus(n1,X2))|~terminates(X3,X1,X2)|~happens(X3,X2)), inference(spm,[status(thm)],[c_0_16, c_0_17])).
cnf(c_0_23,plain,(plus(n1,n2)=n3), inference(split_conjunct,[status(thm)],[c_0_4])).
fof(c_0_24, negated_conjecture, (holdsAt(forwards,n3)), inference(fof_simplification,[status(thm)],[inference(assume_negation,[status(cth)],[c_0_5])])).
cnf(c_0_25,plain,(happens(X1,X2)|X2!=n2|X1!=pull), inference(split_conjunct,[status(thm)],[c_0_18])).
fof(c_0_26, plain, (![X6]:![X7]:![X8]:![X9]:![X10]:![X11]:((~terminates(X6,X7,X8)|epred3_3(X8,X6,X7))&(~epred3_3(X11,X9,X10)|terminates(X9,X10,X11)))), inference(shift_quantors,[status(thm)],[inference(variable_rename,[status(thm)],[inference(shift_quantors,[status(thm)],[inference(fof_nnf,[status(thm)],[c_0_19])])])])).
cnf(c_0_27,plain,(epred3_3(X1,X2,X3)|~epred2_3(X1,X2,X3)), inference(split_conjunct,[status(thm)],[c_0_20])).
cnf(c_0_28,plain,(epred2_3(X1,pull,forwards)), inference(er,[status(thm)],[c_0_21])).
cnf(c_0_29,plain,(~holdsAt(X1,n3)|~terminates(X2,X1,n2)|~happens(X2,n2)), inference(spm,[status(thm)],[c_0_22, c_0_23])).
cnf(c_0_30,negated_conjecture,(holdsAt(forwards,n3)), inference(split_conjunct,[status(thm)],[c_0_24])).
cnf(c_0_31,plain,(happens(pull,X1)|n2!=X1), inference(er,[status(thm)],[c_0_25])).
cnf(c_0_32,plain,(terminates(X1,X2,X3)|~epred3_3(X3,X1,X2)), inference(split_conjunct,[status(thm)],[c_0_26])).
cnf(c_0_33,plain,(epred3_3(X1,pull,forwards)), inference(spm,[status(thm)],[c_0_27, c_0_28])).
cnf(c_0_34,negated_conjecture,(~terminates(X1,forwards,n2)|~happens(X1,n2)), inference(spm,[status(thm)],[c_0_29, c_0_30])).
cnf(c_0_35,plain,(happens(pull,n2)), inference(er,[status(thm)],[c_0_31])).
cnf(c_0_36,plain,(terminates(pull,forwards,X1)), inference(spm,[status(thm)],[c_0_32, c_0_33])).
cnf(c_0_37,negated_conjecture,($false), inference(cn,[status(thm)],[inference(rw,[status(thm)],[inference(spm,[status(thm)],[c_0_34, c_0_35]), c_0_36])]), ['proof']).
# SZS output end CNFRefutation.
EOF
