% Problem    : SWW271+1 : TPTP v6.1.0. Released v5.2.0.
% Command    : eprover --auto-schedule --tstp-format -s --proof-object --memory-limit=2048 --cpu-limit=%d %s
% Computer   : n144.star.cs.uiowa.edu
% Model      : x86_64 x86_64
% CPU        : Intel(R) Xeon(R) CPU E5-2609 0 @ 2.40GHz
% Memory     : 32286.75MB
% OS         : Linux 2.6.32-431.20.3.el6.x86_64
% CPULimit   : 300
% DateTime   : Sun Jul 20 04:08:21 CDT 2014
% CPUTime    : 
# No SInE strategy applied
# Trying AutoSched0 for 151 seconds
# AutoSched0-Mode selected heuristic G_E___207_C18_F1_SP_PI_S0Y
# and selection function SelectMaxLComplexAvoidPosPred.
#
# No success with AutoSched0
# Trying AutoSched1 for 73 seconds
# AutoSched1-Mode selected heuristic G_E___208_C18_F1_SE_CS_SP_PS_S2i
# and selection function SelectGrCQArEqFirst.
#
# Presaturation interreduction done

# Proof found!
# SZS status Theorem
# SZS output start CNFRefutation.
fof(c_0_0, axiom, (![X89]:(class_Fields_Ofield(X89)=>class_Divides_Osemiring__div(tc_Polynomial_Opoly(X89)))), file('/export/starexec/sandbox/benchmark/theBenchmark.p', arity_Polynomial__Opoly__Divides_Osemiring__div)).
fof(c_0_1, axiom, (![X4]:(class_Rings_Ocomm__semiring__1(X4)=>c_Groups_Oone__class_Oone(tc_Polynomial_Opoly(X4))=c_Polynomial_OpCons(X4,c_Groups_Oone__class_Oone(X4),c_Groups_Ozero__class_Ozero(tc_Polynomial_Opoly(X4))))), file('/export/starexec/sandbox/benchmark/theBenchmark.p', fact_one__poly__def)).
fof(c_0_2, hypothesis, ((?[X91]:v_qa____=hAPP(hAPP(c_Groups_Otimes__class_Otimes(tc_Polynomial_Opoly(tc_Complex_Ocomplex)),c_Polynomial_OpCons(tc_Complex_Ocomplex,c_Groups_Ouminus__class_Ouminus(tc_Complex_Ocomplex,v_a____),c_Polynomial_OpCons(tc_Complex_Ocomplex,c_Groups_Oone__class_Oone(tc_Complex_Ocomplex),c_Groups_Ozero__class_Ozero(tc_Polynomial_Opoly(tc_Complex_Ocomplex))))),X91)=>v_thesis____)), file('/export/starexec/sandbox/benchmark/theBenchmark.p', conj_0)).
fof(c_0_3, conjecture, (v_thesis____), file('/export/starexec/sandbox/benchmark/theBenchmark.p', conj_1)).
fof(c_0_4, axiom, (![X13]:![X11]:![X4]:(class_Divides_Osemiring__div(X4)=>(hBOOL(hAPP(hAPP(c_Rings_Odvd__class_Odvd(X4),X11),X13))=>hAPP(hAPP(c_Groups_Otimes__class_Otimes(X4),X11),c_Divides_Odiv__class_Odiv(X4,X13,X11))=X13))), file('/export/starexec/sandbox/benchmark/theBenchmark.p', fact_dvd__mult__div__cancel)).
fof(c_0_5, axiom, (class_Fields_Ofield(tc_Complex_Ocomplex)), file('/export/starexec/sandbox/benchmark/theBenchmark.p', arity_Complex__Ocomplex__Fields_Ofield)).
fof(c_0_6, axiom, (class_Rings_Ocomm__semiring__1(tc_Complex_Ocomplex)), file('/export/starexec/sandbox/benchmark/theBenchmark.p', arity_Complex__Ocomplex__Rings_Ocomm__semiring__1)).
fof(c_0_7, axiom, (hBOOL(hAPP(hAPP(c_Rings_Odvd__class_Odvd(tc_Polynomial_Opoly(tc_Complex_Ocomplex)),c_Polynomial_OpCons(tc_Complex_Ocomplex,c_Groups_Ouminus__class_Ouminus(tc_Complex_Ocomplex,v_a____),c_Polynomial_OpCons(tc_Complex_Ocomplex,c_Groups_Oone__class_Oone(tc_Complex_Ocomplex),c_Groups_Ozero__class_Ozero(tc_Polynomial_Opoly(tc_Complex_Ocomplex))))),v_qa____))), file('/export/starexec/sandbox/benchmark/theBenchmark.p', fact__096_091_058_N_Aa_M_A1_058_093_Advd_Aq_096)).
fof(c_0_8, plain, (![X90]:(~class_Fields_Ofield(X90)|class_Divides_Osemiring__div(tc_Polynomial_Opoly(X90)))), inference(variable_rename,[status(thm)],[inference(fof_nnf,[status(thm)],[c_0_0])])).
fof(c_0_9, plain, (![X5]:(~class_Rings_Ocomm__semiring__1(X5)|c_Groups_Oone__class_Oone(tc_Polynomial_Opoly(X5))=c_Polynomial_OpCons(X5,c_Groups_Oone__class_Oone(X5),c_Groups_Ozero__class_Ozero(tc_Polynomial_Opoly(X5))))), inference(variable_rename,[status(thm)],[inference(fof_nnf,[status(thm)],[c_0_1])])).
fof(c_0_10, hypothesis, (![X92]:(v_qa____!=hAPP(hAPP(c_Groups_Otimes__class_Otimes(tc_Polynomial_Opoly(tc_Complex_Ocomplex)),c_Polynomial_OpCons(tc_Complex_Ocomplex,c_Groups_Ouminus__class_Ouminus(tc_Complex_Ocomplex,v_a____),c_Polynomial_OpCons(tc_Complex_Ocomplex,c_Groups_Oone__class_Oone(tc_Complex_Ocomplex),c_Groups_Ozero__class_Ozero(tc_Polynomial_Opoly(tc_Complex_Ocomplex))))),X92)|v_thesis____)), inference(shift_quantors,[status(thm)],[inference(variable_rename,[status(thm)],[inference(fof_nnf,[status(thm)],[c_0_2])])])).
fof(c_0_11, negated_conjecture, (~v_thesis____), inference(fof_simplification,[status(thm)],[inference(assume_negation,[status(cth)],[c_0_3])])).
fof(c_0_12, plain, (![X14]:![X15]:![X16]:(~class_Divides_Osemiring__div(X16)|(~hBOOL(hAPP(hAPP(c_Rings_Odvd__class_Odvd(X16),X15),X14))|hAPP(hAPP(c_Groups_Otimes__class_Otimes(X16),X15),c_Divides_Odiv__class_Odiv(X16,X14,X15))=X14))), inference(variable_rename,[status(thm)],[inference(fof_nnf,[status(thm)],[c_0_4])])).
cnf(c_0_13,plain,(class_Divides_Osemiring__div(tc_Polynomial_Opoly(X1))|~class_Fields_Ofield(X1)), inference(split_conjunct,[status(thm)],[c_0_8])).
cnf(c_0_14,plain,(class_Fields_Ofield(tc_Complex_Ocomplex)), inference(split_conjunct,[status(thm)],[c_0_5])).
cnf(c_0_15,plain,(c_Groups_Oone__class_Oone(tc_Polynomial_Opoly(X1))=c_Polynomial_OpCons(X1,c_Groups_Oone__class_Oone(X1),c_Groups_Ozero__class_Ozero(tc_Polynomial_Opoly(X1)))|~class_Rings_Ocomm__semiring__1(X1)), inference(split_conjunct,[status(thm)],[c_0_9])).
cnf(c_0_16,plain,(class_Rings_Ocomm__semiring__1(tc_Complex_Ocomplex)), inference(split_conjunct,[status(thm)],[c_0_6])).
cnf(c_0_17,hypothesis,(v_thesis____|v_qa____!=hAPP(hAPP(c_Groups_Otimes__class_Otimes(tc_Polynomial_Opoly(tc_Complex_Ocomplex)),c_Polynomial_OpCons(tc_Complex_Ocomplex,c_Groups_Ouminus__class_Ouminus(tc_Complex_Ocomplex,v_a____),c_Polynomial_OpCons(tc_Complex_Ocomplex,c_Groups_Oone__class_Oone(tc_Complex_Ocomplex),c_Groups_Ozero__class_Ozero(tc_Polynomial_Opoly(tc_Complex_Ocomplex))))),X1)), inference(split_conjunct,[status(thm)],[c_0_10])).
cnf(c_0_18,negated_conjecture,(~v_thesis____), inference(split_conjunct,[status(thm)],[c_0_11])).
cnf(c_0_19,plain,(hAPP(hAPP(c_Groups_Otimes__class_Otimes(X1),X2),c_Divides_Odiv__class_Odiv(X1,X3,X2))=X3|~hBOOL(hAPP(hAPP(c_Rings_Odvd__class_Odvd(X1),X2),X3))|~class_Divides_Osemiring__div(X1)), inference(split_conjunct,[status(thm)],[c_0_12])).
cnf(c_0_20,plain,(class_Divides_Osemiring__div(tc_Polynomial_Opoly(tc_Complex_Ocomplex))), inference(spm,[status(thm)],[c_0_13, c_0_14])).
cnf(c_0_21,plain,(hBOOL(hAPP(hAPP(c_Rings_Odvd__class_Odvd(tc_Polynomial_Opoly(tc_Complex_Ocomplex)),c_Polynomial_OpCons(tc_Complex_Ocomplex,c_Groups_Ouminus__class_Ouminus(tc_Complex_Ocomplex,v_a____),c_Polynomial_OpCons(tc_Complex_Ocomplex,c_Groups_Oone__class_Oone(tc_Complex_Ocomplex),c_Groups_Ozero__class_Ozero(tc_Polynomial_Opoly(tc_Complex_Ocomplex))))),v_qa____))), inference(split_conjunct,[status(thm)],[c_0_7])).
cnf(c_0_22,plain,(c_Polynomial_OpCons(tc_Complex_Ocomplex,c_Groups_Oone__class_Oone(tc_Complex_Ocomplex),c_Groups_Ozero__class_Ozero(tc_Polynomial_Opoly(tc_Complex_Ocomplex)))=c_Groups_Oone__class_Oone(tc_Polynomial_Opoly(tc_Complex_Ocomplex))), inference(spm,[status(thm)],[c_0_15, c_0_16])).
cnf(c_0_23,hypothesis,(hAPP(hAPP(c_Groups_Otimes__class_Otimes(tc_Polynomial_Opoly(tc_Complex_Ocomplex)),c_Polynomial_OpCons(tc_Complex_Ocomplex,c_Groups_Ouminus__class_Ouminus(tc_Complex_Ocomplex,v_a____),c_Polynomial_OpCons(tc_Complex_Ocomplex,c_Groups_Oone__class_Oone(tc_Complex_Ocomplex),c_Groups_Ozero__class_Ozero(tc_Polynomial_Opoly(tc_Complex_Ocomplex))))),X1)!=v_qa____), inference(sr,[status(thm)],[c_0_17, c_0_18])).
cnf(c_0_24,plain,(hAPP(hAPP(c_Groups_Otimes__class_Otimes(tc_Polynomial_Opoly(tc_Complex_Ocomplex)),X1),c_Divides_Odiv__class_Odiv(tc_Polynomial_Opoly(tc_Complex_Ocomplex),X2,X1))=X2|~hBOOL(hAPP(hAPP(c_Rings_Odvd__class_Odvd(tc_Polynomial_Opoly(tc_Complex_Ocomplex)),X1),X2))), inference(spm,[status(thm)],[c_0_19, c_0_20])).
cnf(c_0_25,plain,(hBOOL(hAPP(hAPP(c_Rings_Odvd__class_Odvd(tc_Polynomial_Opoly(tc_Complex_Ocomplex)),c_Polynomial_OpCons(tc_Complex_Ocomplex,c_Groups_Ouminus__class_Ouminus(tc_Complex_Ocomplex,v_a____),c_Groups_Oone__class_Oone(tc_Polynomial_Opoly(tc_Complex_Ocomplex)))),v_qa____))), inference(rw,[status(thm)],[c_0_21, c_0_22])).
cnf(c_0_26,hypothesis,(hAPP(hAPP(c_Groups_Otimes__class_Otimes(tc_Polynomial_Opoly(tc_Complex_Ocomplex)),c_Polynomial_OpCons(tc_Complex_Ocomplex,c_Groups_Ouminus__class_Ouminus(tc_Complex_Ocomplex,v_a____),c_Groups_Oone__class_Oone(tc_Polynomial_Opoly(tc_Complex_Ocomplex)))),X1)!=v_qa____), inference(rw,[status(thm)],[c_0_23, c_0_22])).
cnf(c_0_27,plain,($false), inference(sr,[status(thm)],[inference(spm,[status(thm)],[c_0_24, c_0_25]), c_0_26]), ['proof']).
# SZS output end CNFRefutation.
EOF
