% Problem    : SWW321+1 : TPTP v6.1.0. Released v5.2.0.
% Command    : eprover --auto-schedule --tstp-format -s --proof-object --memory-limit=2048 --cpu-limit=%d %s
% Computer   : n096.star.cs.uiowa.edu
% Model      : x86_64 x86_64
% CPU        : Intel(R) Xeon(R) CPU E5-2609 0 @ 2.40GHz
% Memory     : 32286.75MB
% OS         : Linux 2.6.32-431.20.3.el6.x86_64
% CPULimit   : 300
% DateTime   : Sun Jul 20 06:38:56 CDT 2014
% CPUTime    : 
# No SInE strategy applied
# Trying AutoSched0 for 151 seconds
# AutoSched0-Mode selected heuristic G_E___207_C18_F1_AE_CS_SP_PS_S0Y
# and selection function SelectMaxLComplexAvoidPosPred.
#
# Presaturation interreduction done

# Proof found!
# SZS status Theorem
# SZS output start CNFRefutation.
fof(c_0_0, axiom, (![X30]:![X5]:(c_Orderings_Obot__class_Obot(tc_fun(X5,tc_HOL_Obool))=hAPP(c_Set_OCollect(X5),X30)<=>![X3]:~(hBOOL(hAPP(X30,X3))))), file('/export/starexec/sandbox/benchmark/theBenchmark.p', fact_empty__Collect__eq)).
fof(c_0_1, axiom, (![X5]:c_Orderings_Obot__class_Obot(tc_fun(X5,tc_HOL_Obool))=hAPP(c_Set_OCollect(X5),hAPP(c_COMBK(tc_HOL_Obool,X5),c_fFalse))), file('/export/starexec/sandbox/benchmark/theBenchmark.p', fact_empty__def)).
fof(c_0_2, axiom, (![X30]:![X5]:hAPP(c_Set_OCollect(X5),X30)=X30), file('/export/starexec/sandbox/benchmark/theBenchmark.p', fact_Collect__def)).
fof(c_0_3, axiom, (![X30]:![X5]:hAPP(c_Set_OCollect(X5),hAPP(hAPP(c_COMBB(tc_HOL_Obool,tc_HOL_Obool,X5),c_fNot),X30))=hAPP(c_Groups_Ouminus__class_Ouminus(tc_fun(X5,tc_HOL_Obool)),hAPP(c_Set_OCollect(X5),X30))), file('/export/starexec/sandbox/benchmark/theBenchmark.p', fact_Collect__neg__eq)).
fof(c_0_4, axiom, (![X303]:![X302]:![X161]:![X56]:hAPP(hAPP(c_COMBK(X56,X161),X302),X303)=X302), file('/export/starexec/sandbox/benchmark/theBenchmark.p', help_c__COMBK__1)).
fof(c_0_5, axiom, (![X19]:![X5]:hAPP(c_Groups_Ouminus__class_Ouminus(tc_fun(X5,tc_HOL_Obool)),hAPP(c_Groups_Ouminus__class_Ouminus(tc_fun(X5,tc_HOL_Obool)),X19))=X19), file('/export/starexec/sandbox/benchmark/theBenchmark.p', fact_double__complement)).
fof(c_0_6, axiom, (![X30]:(~(hBOOL(hAPP(c_fNot,X30)))|~(hBOOL(X30)))), file('/export/starexec/sandbox/benchmark/theBenchmark.p', help_c__fNot__1)).
fof(c_0_7, axiom, (![X5]:c_Orderings_Otop__class_Otop(tc_fun(X5,tc_HOL_Obool))=hAPP(c_Set_OCollect(X5),hAPP(c_COMBK(tc_HOL_Obool,X5),c_fTrue))), file('/export/starexec/sandbox/benchmark/theBenchmark.p', fact_UNIV__def)).
fof(c_0_8, axiom, (![X92]:![X86]:(hAPP(hAPP(c_Groups_Oplus__class_Oplus(tc_Nat_Onat),X86),X92)=X86=>X92=c_Groups_Ozero__class_Ozero(tc_Nat_Onat))), file('/export/starexec/sandbox/benchmark/theBenchmark.p', fact_add__eq__self__zero)).
fof(c_0_9, axiom, (hAPP(c_Int_Onat,c_Groups_Ozero__class_Ozero(tc_Int_Oint))=c_Groups_Ozero__class_Ozero(tc_Nat_Onat)), file('/export/starexec/sandbox/benchmark/theBenchmark.p', fact_nat__0)).
fof(c_0_10, axiom, (c_Int_OPls=c_Groups_Ozero__class_Ozero(tc_Int_Oint)), file('/export/starexec/sandbox/benchmark/theBenchmark.p', fact_Pls__def)).
fof(c_0_11, axiom, (![X86]:hAPP(c_Nat_OSuc,X86)!=c_Groups_Ozero__class_Ozero(tc_Nat_Onat)), file('/export/starexec/sandbox/benchmark/theBenchmark.p', fact_Suc__neq__Zero)).
fof(c_0_12, axiom, (![X37]:![X29]:![X30]:![X25]:![X5]:![X17]:hAPP(hAPP(hAPP(c_COMBB(X17,X5,X25),X30),X29),X37)=hAPP(X30,hAPP(X29,X37))), file('/export/starexec/sandbox/benchmark/theBenchmark.p', help_c__COMBB__1)).
fof(c_0_13, axiom, (![X5]:hAPP(c_Groups_Ouminus__class_Ouminus(tc_fun(X5,tc_HOL_Obool)),c_Orderings_Obot__class_Obot(tc_fun(X5,tc_HOL_Obool)))=c_Orderings_Otop__class_Otop(tc_fun(X5,tc_HOL_Obool))), file('/export/starexec/sandbox/benchmark/theBenchmark.p', fact_Compl__empty__eq)).
fof(c_0_14, axiom, (![X92]:![X86]:hAPP(hAPP(c_Groups_Oplus__class_Oplus(tc_Nat_Onat),X86),hAPP(c_Nat_OSuc,X92))=hAPP(c_Nat_OSuc,hAPP(hAPP(c_Groups_Oplus__class_Oplus(tc_Nat_Onat),X86),X92))), file('/export/starexec/sandbox/benchmark/theBenchmark.p', fact_add__Suc__right)).
fof(c_0_15, axiom, (![X222]:![X56]:hAPP(c_List_Orev(X56),hAPP(c_List_Orev(X56),X222))=X222), file('/export/starexec/sandbox/benchmark/theBenchmark.p', fact_rev__rev__ident)).
fof(c_0_16, axiom, (![X86]:hAPP(hAPP(c_Groups_Oplus__class_Oplus(tc_Nat_Onat),X86),c_Groups_Ozero__class_Ozero(tc_Nat_Onat))=X86), file('/export/starexec/sandbox/benchmark/theBenchmark.p', fact_Nat_Oadd__0__right)).
fof(c_0_17, hypothesis, (hBOOL(hAPP(c_Finite__Set_Ofinite(t_a),v_F))), file('/export/starexec/sandbox/benchmark/theBenchmark.p', conj_1)).
fof(c_0_18, axiom, (![X92]:X92!=hAPP(c_Nat_OSuc,X92)), file('/export/starexec/sandbox/benchmark/theBenchmark.p', fact_n__not__Suc__n)).
fof(c_0_19, plain, (![X30]:![X5]:(c_Orderings_Obot__class_Obot(tc_fun(X5,tc_HOL_Obool))=hAPP(c_Set_OCollect(X5),X30)<=>![X3]:~hBOOL(hAPP(X30,X3)))), inference(fof_simplification,[status(thm)],[c_0_0])).
fof(c_0_20, plain, (![X6]:c_Orderings_Obot__class_Obot(tc_fun(X6,tc_HOL_Obool))=hAPP(c_Set_OCollect(X6),hAPP(c_COMBK(tc_HOL_Obool,X6),c_fFalse))), inference(variable_rename,[status(thm)],[c_0_1])).
fof(c_0_21, plain, (![X31]:![X32]:hAPP(c_Set_OCollect(X32),X31)=X31), inference(variable_rename,[status(thm)],[c_0_2])).
fof(c_0_22, plain, (![X31]:![X32]:hAPP(c_Set_OCollect(X32),hAPP(hAPP(c_COMBB(tc_HOL_Obool,tc_HOL_Obool,X32),c_fNot),X31))=hAPP(c_Groups_Ouminus__class_Ouminus(tc_fun(X32,tc_HOL_Obool)),hAPP(c_Set_OCollect(X32),X31))), inference(variable_rename,[status(thm)],[c_0_3])).
fof(c_0_23, plain, (![X31]:![X32]:![X33]:![X34]:![X36]:((c_Orderings_Obot__class_Obot(tc_fun(X32,tc_HOL_Obool))!=hAPP(c_Set_OCollect(X32),X31)|~hBOOL(hAPP(X31,X33)))&(hBOOL(hAPP(X34,esk237_1(X34)))|c_Orderings_Obot__class_Obot(tc_fun(X36,tc_HOL_Obool))=hAPP(c_Set_OCollect(X36),X34)))), inference(shift_quantors,[status(thm)],[inference(skolemize,[status(esa)],[inference(variable_rename,[status(thm)],[inference(shift_quantors,[status(thm)],[inference(fof_nnf,[status(thm)],[c_0_19])])])])])).
fof(c_0_24, plain, (![X304]:![X305]:![X306]:![X307]:hAPP(hAPP(c_COMBK(X307,X306),X305),X304)=X305), inference(variable_rename,[status(thm)],[c_0_4])).
cnf(c_0_25,plain,(c_Orderings_Obot__class_Obot(tc_fun(X1,tc_HOL_Obool))=hAPP(c_Set_OCollect(X1),hAPP(c_COMBK(tc_HOL_Obool,X1),c_fFalse))), inference(split_conjunct,[status(thm)],[c_0_20])).
cnf(c_0_26,plain,(hAPP(c_Set_OCollect(X1),X2)=X2), inference(split_conjunct,[status(thm)],[c_0_21])).
fof(c_0_27, plain, (![X20]:![X21]:hAPP(c_Groups_Ouminus__class_Ouminus(tc_fun(X21,tc_HOL_Obool)),hAPP(c_Groups_Ouminus__class_Ouminus(tc_fun(X21,tc_HOL_Obool)),X20))=X20), inference(variable_rename,[status(thm)],[c_0_5])).
cnf(c_0_28,plain,(hAPP(c_Set_OCollect(X1),hAPP(hAPP(c_COMBB(tc_HOL_Obool,tc_HOL_Obool,X1),c_fNot),X2))=hAPP(c_Groups_Ouminus__class_Ouminus(tc_fun(X1,tc_HOL_Obool)),hAPP(c_Set_OCollect(X1),X2))), inference(split_conjunct,[status(thm)],[c_0_22])).
fof(c_0_29, plain, (![X30]:(~hBOOL(hAPP(c_fNot,X30))|~hBOOL(X30))), inference(fof_simplification,[status(thm)],[c_0_6])).
cnf(c_0_30,plain,(c_Orderings_Obot__class_Obot(tc_fun(X1,tc_HOL_Obool))=hAPP(c_Set_OCollect(X1),X2)|hBOOL(hAPP(X2,esk237_1(X2)))), inference(split_conjunct,[status(thm)],[c_0_23])).
cnf(c_0_31,plain,(hAPP(hAPP(c_COMBK(X1,X2),X3),X4)=X3), inference(split_conjunct,[status(thm)],[c_0_24])).
cnf(c_0_32,plain,(hAPP(c_COMBK(tc_HOL_Obool,X1),c_fFalse)=c_Orderings_Obot__class_Obot(tc_fun(X1,tc_HOL_Obool))), inference(rw,[status(thm)],[c_0_25, c_0_26])).
fof(c_0_33, plain, (![X6]:c_Orderings_Otop__class_Otop(tc_fun(X6,tc_HOL_Obool))=hAPP(c_Set_OCollect(X6),hAPP(c_COMBK(tc_HOL_Obool,X6),c_fTrue))), inference(variable_rename,[status(thm)],[c_0_7])).
fof(c_0_34, plain, (![X93]:![X94]:(hAPP(hAPP(c_Groups_Oplus__class_Oplus(tc_Nat_Onat),X94),X93)!=X94|X93=c_Groups_Ozero__class_Ozero(tc_Nat_Onat))), inference(shift_quantors,[status(thm)],[inference(variable_rename,[status(thm)],[inference(shift_quantors,[status(thm)],[inference(fof_nnf,[status(thm)],[c_0_8])])])])).
cnf(c_0_35,plain,(hAPP(c_Int_Onat,c_Groups_Ozero__class_Ozero(tc_Int_Oint))=c_Groups_Ozero__class_Ozero(tc_Nat_Onat)), inference(split_conjunct,[status(thm)],[c_0_9])).
cnf(c_0_36,plain,(c_Int_OPls=c_Groups_Ozero__class_Ozero(tc_Int_Oint)), inference(split_conjunct,[status(thm)],[c_0_10])).
fof(c_0_37, plain, (![X87]:hAPP(c_Nat_OSuc,X87)!=c_Groups_Ozero__class_Ozero(tc_Nat_Onat)), inference(variable_rename,[status(thm)],[c_0_11])).
fof(c_0_38, plain, (![X38]:![X39]:![X40]:![X41]:![X42]:![X43]:hAPP(hAPP(hAPP(c_COMBB(X43,X42,X41),X40),X39),X38)=hAPP(X40,hAPP(X39,X38))), inference(variable_rename,[status(thm)],[c_0_12])).
cnf(c_0_39,plain,(hAPP(c_Groups_Ouminus__class_Ouminus(tc_fun(X1,tc_HOL_Obool)),hAPP(c_Groups_Ouminus__class_Ouminus(tc_fun(X1,tc_HOL_Obool)),X2))=X2), inference(split_conjunct,[status(thm)],[c_0_27])).
cnf(c_0_40,plain,(hAPP(c_Groups_Ouminus__class_Ouminus(tc_fun(X1,tc_HOL_Obool)),X2)=hAPP(hAPP(c_COMBB(tc_HOL_Obool,tc_HOL_Obool,X1),c_fNot),X2)), inference(rw,[status(thm)],[inference(rw,[status(thm)],[c_0_28, c_0_26]), c_0_26])).
fof(c_0_41, plain, (![X31]:(~hBOOL(hAPP(c_fNot,X31))|~hBOOL(X31))), inference(variable_rename,[status(thm)],[c_0_29])).
cnf(c_0_42,plain,(X1=c_Orderings_Obot__class_Obot(tc_fun(X2,tc_HOL_Obool))|hBOOL(hAPP(X1,esk237_1(X1)))), inference(rw,[status(thm)],[c_0_30, c_0_26])).
cnf(c_0_43,plain,(hAPP(c_Orderings_Obot__class_Obot(tc_fun(X1,tc_HOL_Obool)),X2)=c_fFalse), inference(spm,[status(thm)],[c_0_31, c_0_32])).
fof(c_0_44, plain, (![X6]:hAPP(c_Groups_Ouminus__class_Ouminus(tc_fun(X6,tc_HOL_Obool)),c_Orderings_Obot__class_Obot(tc_fun(X6,tc_HOL_Obool)))=c_Orderings_Otop__class_Otop(tc_fun(X6,tc_HOL_Obool))), inference(variable_rename,[status(thm)],[c_0_13])).
cnf(c_0_45,plain,(c_Orderings_Otop__class_Otop(tc_fun(X1,tc_HOL_Obool))=hAPP(c_Set_OCollect(X1),hAPP(c_COMBK(tc_HOL_Obool,X1),c_fTrue))), inference(split_conjunct,[status(thm)],[c_0_33])).
cnf(c_0_46,plain,(X1=c_Groups_Ozero__class_Ozero(tc_Nat_Onat)|hAPP(hAPP(c_Groups_Oplus__class_Oplus(tc_Nat_Onat),X2),X1)!=X2), inference(split_conjunct,[status(thm)],[c_0_34])).
cnf(c_0_47,plain,(c_Groups_Ozero__class_Ozero(tc_Nat_Onat)=hAPP(c_Int_Onat,c_Int_OPls)), inference(rw,[status(thm)],[c_0_35, c_0_36])).
fof(c_0_48, plain, (![X93]:![X94]:hAPP(hAPP(c_Groups_Oplus__class_Oplus(tc_Nat_Onat),X94),hAPP(c_Nat_OSuc,X93))=hAPP(c_Nat_OSuc,hAPP(hAPP(c_Groups_Oplus__class_Oplus(tc_Nat_Onat),X94),X93))), inference(variable_rename,[status(thm)],[c_0_14])).
cnf(c_0_49,plain,(hAPP(c_Nat_OSuc,X1)!=c_Groups_Ozero__class_Ozero(tc_Nat_Onat)), inference(split_conjunct,[status(thm)],[c_0_37])).
cnf(c_0_50,plain,(hAPP(hAPP(hAPP(c_COMBB(X1,X2,X3),X4),X5),X6)=hAPP(X4,hAPP(X5,X6))), inference(split_conjunct,[status(thm)],[c_0_38])).
cnf(c_0_51,plain,(hAPP(hAPP(c_COMBB(tc_HOL_Obool,tc_HOL_Obool,X1),c_fNot),hAPP(hAPP(c_COMBB(tc_HOL_Obool,tc_HOL_Obool,X1),c_fNot),X2))=X2), inference(rw,[status(thm)],[inference(rw,[status(thm)],[c_0_39, c_0_40]), c_0_40])).
fof(c_0_52, plain, (![X223]:![X224]:hAPP(c_List_Orev(X224),hAPP(c_List_Orev(X224),X223))=X223), inference(variable_rename,[status(thm)],[c_0_15])).
cnf(c_0_53,plain,(~hBOOL(X1)|~hBOOL(hAPP(c_fNot,X1))), inference(split_conjunct,[status(thm)],[c_0_41])).
cnf(c_0_54,plain,(c_fFalse=X1|hBOOL(X1)), inference(rw,[status(thm)],[inference(rw,[status(thm)],[inference(spm,[status(thm)],[c_0_31, c_0_42]), c_0_43]), c_0_31])).
cnf(c_0_55,plain,(hAPP(c_Groups_Ouminus__class_Ouminus(tc_fun(X1,tc_HOL_Obool)),c_Orderings_Obot__class_Obot(tc_fun(X1,tc_HOL_Obool)))=c_Orderings_Otop__class_Otop(tc_fun(X1,tc_HOL_Obool))), inference(split_conjunct,[status(thm)],[c_0_44])).
cnf(c_0_56,plain,(hAPP(c_COMBK(tc_HOL_Obool,X1),c_fTrue)=c_Orderings_Otop__class_Otop(tc_fun(X1,tc_HOL_Obool))), inference(rw,[status(thm)],[c_0_45, c_0_26])).
cnf(c_0_57,plain,(hAPP(c_Int_Onat,c_Int_OPls)=X1|hAPP(hAPP(c_Groups_Oplus__class_Oplus(tc_Nat_Onat),X2),X1)!=X2), inference(rw,[status(thm)],[c_0_46, c_0_47])).
cnf(c_0_58,plain,(hAPP(hAPP(c_Groups_Oplus__class_Oplus(tc_Nat_Onat),X1),hAPP(c_Nat_OSuc,X2))=hAPP(c_Nat_OSuc,hAPP(hAPP(c_Groups_Oplus__class_Oplus(tc_Nat_Onat),X1),X2))), inference(split_conjunct,[status(thm)],[c_0_48])).
cnf(c_0_59,plain,(hAPP(c_Nat_OSuc,X1)!=hAPP(c_Int_Onat,c_Int_OPls)), inference(rw,[status(thm)],[c_0_49, c_0_47])).
fof(c_0_60, plain, (![X87]:hAPP(hAPP(c_Groups_Oplus__class_Oplus(tc_Nat_Onat),X87),c_Groups_Ozero__class_Ozero(tc_Nat_Onat))=X87), inference(variable_rename,[status(thm)],[c_0_16])).
cnf(c_0_61,plain,(hAPP(c_fNot,hAPP(c_fNot,hAPP(X1,X2)))=hAPP(X1,X2)), inference(rw,[status(thm)],[inference(spm,[status(thm)],[c_0_50, c_0_51]), c_0_50])).
cnf(c_0_62,plain,(hAPP(c_List_Orev(X1),hAPP(c_List_Orev(X1),X2))=X2), inference(split_conjunct,[status(thm)],[c_0_52])).
cnf(c_0_63,plain,(hAPP(c_fNot,X1)=c_fFalse|~hBOOL(X1)), inference(spm,[status(thm)],[c_0_53, c_0_54])).
cnf(c_0_64,plain,(hAPP(hAPP(c_COMBB(tc_HOL_Obool,tc_HOL_Obool,X1),c_fNot),c_Orderings_Obot__class_Obot(tc_fun(X1,tc_HOL_Obool)))=c_Orderings_Otop__class_Otop(tc_fun(X1,tc_HOL_Obool))), inference(rw,[status(thm)],[c_0_55, c_0_40])).
cnf(c_0_65,plain,(hAPP(c_Orderings_Otop__class_Otop(tc_fun(X1,tc_HOL_Obool)),X2)=c_fTrue), inference(spm,[status(thm)],[c_0_31, c_0_56])).
cnf(c_0_66,hypothesis,(hBOOL(hAPP(c_Finite__Set_Ofinite(t_a),v_F))), inference(split_conjunct,[status(thm)],[c_0_17])).
cnf(c_0_67,plain,(hAPP(c_Nat_OSuc,hAPP(hAPP(c_Groups_Oplus__class_Oplus(tc_Nat_Onat),X1),X2))!=X1), inference(sr,[status(thm)],[inference(spm,[status(thm)],[c_0_57, c_0_58]), c_0_59])).
cnf(c_0_68,plain,(hAPP(hAPP(c_Groups_Oplus__class_Oplus(tc_Nat_Onat),X1),c_Groups_Ozero__class_Ozero(tc_Nat_Onat))=X1), inference(split_conjunct,[status(thm)],[c_0_60])).
fof(c_0_69, plain, (![X93]:X93!=hAPP(c_Nat_OSuc,X93)), inference(variable_rename,[status(thm)],[c_0_18])).
cnf(c_0_70,plain,(hAPP(c_fNot,hAPP(c_fNot,X1))=X1), inference(spm,[status(thm)],[c_0_61, c_0_62])).
cnf(c_0_71,plain,(hAPP(c_fNot,X1)=c_fFalse|c_fFalse=X1), inference(spm,[status(thm)],[c_0_63, c_0_54])).
cnf(c_0_72,plain,(hAPP(c_fNot,c_fFalse)=c_fTrue), inference(rw,[status(thm)],[inference(rw,[status(thm)],[inference(spm,[status(thm)],[c_0_50, c_0_64]), c_0_65]), c_0_43])).
cnf(c_0_73,hypothesis,(hAPP(c_fNot,hAPP(c_Finite__Set_Ofinite(t_a),v_F))=c_fFalse), inference(spm,[status(thm)],[c_0_63, c_0_66])).
cnf(c_0_74,plain,(hAPP(c_Nat_OSuc,hAPP(c_Nat_OSuc,hAPP(hAPP(c_Groups_Oplus__class_Oplus(tc_Nat_Onat),X1),X2)))!=X1), inference(spm,[status(thm)],[c_0_67, c_0_58])).
cnf(c_0_75,plain,(hAPP(hAPP(c_Groups_Oplus__class_Oplus(tc_Nat_Onat),X1),hAPP(c_Int_Onat,c_Int_OPls))=X1), inference(rw,[status(thm)],[c_0_68, c_0_47])).
cnf(c_0_76,plain,(X1!=hAPP(c_Nat_OSuc,X1)), inference(split_conjunct,[status(thm)],[c_0_69])).
cnf(c_0_77,plain,(c_fFalse=X1|c_fTrue=X1), inference(rw,[status(thm)],[inference(spm,[status(thm)],[c_0_70, c_0_71]), c_0_72])).
cnf(c_0_78,hypothesis,(hAPP(c_Finite__Set_Ofinite(t_a),v_F)=c_fTrue), inference(rw,[status(thm)],[inference(spm,[status(thm)],[c_0_70, c_0_73]), c_0_72])).
cnf(c_0_79,plain,(hAPP(c_Nat_OSuc,hAPP(c_Nat_OSuc,X1))!=X1), inference(spm,[status(thm)],[c_0_74, c_0_75])).
cnf(c_0_80,plain,(hAPP(c_Nat_OSuc,X1)=c_fFalse|c_fTrue!=X1), inference(spm,[status(thm)],[c_0_76, c_0_77])).
cnf(c_0_81,hypothesis,(hAPP(c_fTrue,v_F)=c_fTrue|c_Finite__Set_Ofinite(t_a)=c_fFalse), inference(spm,[status(thm)],[c_0_78, c_0_77])).
cnf(c_0_82,plain,(hAPP(c_Nat_OSuc,c_fFalse)!=X1|c_fTrue!=X1), inference(spm,[status(thm)],[c_0_79, c_0_80])).
cnf(c_0_83,hypothesis,(hAPP(c_fTrue,v_F)=c_fTrue|hAPP(c_fFalse,v_F)=c_fTrue), inference(spm,[status(thm)],[c_0_78, c_0_81])).
cnf(c_0_84,plain,(c_fTrue!=X1), inference(sr,[status(thm)],[inference(spm,[status(thm)],[c_0_82, c_0_77]), c_0_76])).
cnf(c_0_85,hypothesis,($false), inference(sr,[status(thm)],[inference(sr,[status(thm)],[c_0_83, c_0_84]), c_0_84]), ['proof']).
# SZS output end CNFRefutation.
EOF
