% Problem    : SWB080+1 : TPTP v6.1.0. Released v5.2.0.
% Command    : eprover --auto-schedule --tstp-format -s --proof-object --memory-limit=2048 --cpu-limit=%d %s
% Computer   : n125.star.cs.uiowa.edu
% Model      : x86_64 x86_64
% CPU        : Intel(R) Xeon(R) CPU E5-2609 0 @ 2.40GHz
% Memory     : 32286.75MB
% OS         : Linux 2.6.32-431.20.3.el6.x86_64
% CPULimit   : 300
% DateTime   : Sun Jul 20 06:15:16 CDT 2014
% CPUTime    : 
# No SInE strategy applied
# Trying AutoSched0 for 151 seconds
# AutoSched0-Mode selected heuristic H_____047_C45_F1_AE_R8_CS_SP_S2S
# and selection function SelectNewComplexAHP.
#
# No success with AutoSched0
# Trying AutoSched1 for 73 seconds
# AutoSched1-Mode selected heuristic G_E___207_C18_F1_AE_CS_SP_PI_PS_S0S
# and selection function SelectComplexG.
#
# Presaturation interreduction done

# Proof found!
# SZS status Theorem
# SZS output start CNFRefutation.
fof(c_0_0, axiom, (![X11]:![X12]:![X21]:((iext(uri_rdf_first,X12,X21)&iext(uri_rdf_rest,X12,uri_rdf_nil))=>(iext(uri_owl_oneOf,X11,X12)<=>(ic(X11)&![X4]:(icext(X11,X4)<=>X4=X21))))), file('/export/starexec/sandbox/benchmark/Axioms/SWB001+0.ax', owl_enum_class_001)).
fof(c_0_1, axiom, (?[X42]:?[X43]:?[X38]:?[X44]:?[X37]:?[X45]:?[X46]:?[X47]:?[X48]:((((((((((((((((((((iext(uri_rdfs_domain,uri_ex_p1,X48)&iext(uri_rdfs_range,uri_ex_p1,X37))&iext(uri_rdf_first,X38,uri_ex_u))&iext(uri_rdf_rest,X38,uri_rdf_nil))&iext(uri_rdf_first,X46,uri_ex_w))&iext(uri_rdf_rest,X46,uri_rdf_nil))&iext(uri_rdf_first,X43,uri_ex_w))&iext(uri_rdf_rest,X43,uri_rdf_nil))&iext(uri_rdfs_domain,uri_ex_p2,X44))&iext(uri_rdfs_range,uri_ex_p2,X45))&iext(uri_owl_oneOf,X37,X38))&iext(uri_rdf_first,X47,uri_ex_u))&iext(uri_rdf_rest,X47,X42))&iext(uri_owl_oneOf,X48,X46))&iext(uri_owl_oneOf,X45,X47))&iext(uri_owl_oneOf,X44,X43))&iext(uri_rdf_first,X42,uri_ex_w))&iext(uri_rdf_rest,X42,uri_rdf_nil))&iext(uri_ex_p1,uri_ex_w,uri_ex_u))&iext(uri_ex_p2,uri_ex_w,uri_ex_u))&iext(uri_ex_p2,uri_ex_w,uri_ex_w))), file('/export/starexec/sandbox/benchmark/theBenchmark.p', premise_rdfbased_sem_rdfsext_subprop_ext)).
fof(c_0_2, axiom, (![X2]:![X5]:(iext(uri_rdfs_domain,X2,X5)<=>((ip(X2)&ic(X5))&![X4]:![X7]:(iext(X2,X4,X7)=>icext(X5,X4))))), file('/export/starexec/sandbox/benchmark/Axioms/SWB001+0.ax', owl_rdfsext_domain)).
fof(c_0_3, axiom, (![X2]:(icext(uri_owl_InverseFunctionalProperty,X2)<=>(ip(X2)&![X37]:![X38]:![X7]:((iext(X2,X37,X7)&iext(X2,X38,X7))=>X37=X38)))), file('/export/starexec/sandbox/benchmark/Axioms/SWB001+0.ax', owl_char_inversefunctional)).
fof(c_0_4, axiom, (![X33]:![X34]:(iext(uri_rdfs_subPropertyOf,X33,X34)<=>((ip(X33)&ip(X34))&![X4]:![X7]:(iext(X33,X4,X7)=>iext(X34,X4,X7))))), file('/export/starexec/sandbox/benchmark/Axioms/SWB001+0.ax', owl_rdfsext_subpropertyof)).
fof(c_0_5, axiom, (![X2]:![X5]:(iext(uri_rdfs_range,X2,X5)<=>((ip(X2)&ip(X5))&![X4]:![X7]:(iext(X2,X4,X7)=>icext(X5,X7))))), file('/export/starexec/sandbox/benchmark/Axioms/SWB001+0.ax', owl_rdfsext_range)).
fof(c_0_6, conjecture, (iext(uri_rdfs_subPropertyOf,uri_ex_p1,uri_ex_p2)), file('/export/starexec/sandbox/benchmark/theBenchmark.p', conclusion_rdfbased_sem_rdfsext_subprop_ext)).
fof(c_0_7, axiom, (![X1]:![X2]:![X3]:(iext(X2,X1,X3)=>ip(X2))), file('/export/starexec/sandbox/benchmark/Axioms/SWB001+0.ax', simple_iext_property)).
fof(c_0_8, plain, (![X22]:![X23]:![X24]:![X25]:![X26]:((((ic(X22)|~iext(uri_owl_oneOf,X22,X23))|(~iext(uri_rdf_first,X23,X24)|~iext(uri_rdf_rest,X23,uri_rdf_nil)))&((((~icext(X22,X25)|X25=X24)|~iext(uri_owl_oneOf,X22,X23))|(~iext(uri_rdf_first,X23,X24)|~iext(uri_rdf_rest,X23,uri_rdf_nil)))&(((X26!=X24|icext(X22,X26))|~iext(uri_owl_oneOf,X22,X23))|(~iext(uri_rdf_first,X23,X24)|~iext(uri_rdf_rest,X23,uri_rdf_nil)))))&(((((~icext(X22,esk11_3(X22,X23,X24))|esk11_3(X22,X23,X24)!=X24)|~ic(X22))|iext(uri_owl_oneOf,X22,X23))|(~iext(uri_rdf_first,X23,X24)|~iext(uri_rdf_rest,X23,uri_rdf_nil)))&((((icext(X22,esk11_3(X22,X23,X24))|esk11_3(X22,X23,X24)=X24)|~ic(X22))|iext(uri_owl_oneOf,X22,X23))|(~iext(uri_rdf_first,X23,X24)|~iext(uri_rdf_rest,X23,uri_rdf_nil)))))), inference(distribute,[status(thm)],[inference(shift_quantors,[status(thm)],[inference(skolemize,[status(esa)],[inference(variable_rename,[status(thm)],[inference(shift_quantors,[status(thm)],[inference(fof_nnf,[status(thm)],[c_0_0])])])])])])).
fof(c_0_9, plain, (((((((((((((((((((((iext(uri_rdfs_domain,uri_ex_p1,esk200_0)&iext(uri_rdfs_range,uri_ex_p1,esk196_0))&iext(uri_rdf_first,esk194_0,uri_ex_u))&iext(uri_rdf_rest,esk194_0,uri_rdf_nil))&iext(uri_rdf_first,esk198_0,uri_ex_w))&iext(uri_rdf_rest,esk198_0,uri_rdf_nil))&iext(uri_rdf_first,esk193_0,uri_ex_w))&iext(uri_rdf_rest,esk193_0,uri_rdf_nil))&iext(uri_rdfs_domain,uri_ex_p2,esk195_0))&iext(uri_rdfs_range,uri_ex_p2,esk197_0))&iext(uri_owl_oneOf,esk196_0,esk194_0))&iext(uri_rdf_first,esk199_0,uri_ex_u))&iext(uri_rdf_rest,esk199_0,esk192_0))&iext(uri_owl_oneOf,esk200_0,esk198_0))&iext(uri_owl_oneOf,esk197_0,esk199_0))&iext(uri_owl_oneOf,esk195_0,esk193_0))&iext(uri_rdf_first,esk192_0,uri_ex_w))&iext(uri_rdf_rest,esk192_0,uri_rdf_nil))&iext(uri_ex_p1,uri_ex_w,uri_ex_u))&iext(uri_ex_p2,uri_ex_w,uri_ex_u))&iext(uri_ex_p2,uri_ex_w,uri_ex_w))), inference(skolemize,[status(esa)],[inference(variable_rename,[status(thm)],[inference(shift_quantors,[status(thm)],[c_0_1])])])).
fof(c_0_10, plain, (![X8]:![X9]:![X10]:![X11]:![X12]:![X13]:((((ip(X8)|~iext(uri_rdfs_domain,X8,X9))&(ic(X9)|~iext(uri_rdfs_domain,X8,X9)))&((~iext(X8,X10,X11)|icext(X9,X10))|~iext(uri_rdfs_domain,X8,X9)))&(((iext(X12,esk105_2(X12,X13),esk106_2(X12,X13))|(~ip(X12)|~ic(X13)))|iext(uri_rdfs_domain,X12,X13))&((~icext(X13,esk105_2(X12,X13))|(~ip(X12)|~ic(X13)))|iext(uri_rdfs_domain,X12,X13))))), inference(distribute,[status(thm)],[inference(shift_quantors,[status(thm)],[inference(skolemize,[status(esa)],[inference(variable_rename,[status(thm)],[inference(shift_quantors,[status(thm)],[inference(fof_nnf,[status(thm)],[c_0_2])])])])])])).
cnf(c_0_11,plain,(X4=X2|~iext(uri_rdf_rest,X1,uri_rdf_nil)|~iext(uri_rdf_first,X1,X2)|~iext(uri_owl_oneOf,X3,X1)|~icext(X3,X4)), inference(split_conjunct,[status(thm)],[c_0_8])).
cnf(c_0_12,plain,(iext(uri_rdf_rest,esk198_0,uri_rdf_nil)), inference(split_conjunct,[status(thm)],[c_0_9])).
fof(c_0_13, plain, (![X39]:![X40]:![X41]:![X42]:![X43]:(((ip(X39)|~icext(uri_owl_InverseFunctionalProperty,X39))&(((~iext(X39,X40,X42)|~iext(X39,X41,X42))|X40=X41)|~icext(uri_owl_InverseFunctionalProperty,X39)))&((((iext(X43,esk166_1(X43),esk168_1(X43))|~ip(X43))|icext(uri_owl_InverseFunctionalProperty,X43))&((iext(X43,esk167_1(X43),esk168_1(X43))|~ip(X43))|icext(uri_owl_InverseFunctionalProperty,X43)))&((esk166_1(X43)!=esk167_1(X43)|~ip(X43))|icext(uri_owl_InverseFunctionalProperty,X43))))), inference(distribute,[status(thm)],[inference(shift_quantors,[status(thm)],[inference(skolemize,[status(esa)],[inference(variable_rename,[status(thm)],[inference(shift_quantors,[status(thm)],[inference(fof_nnf,[status(thm)],[c_0_3])])])])])])).
cnf(c_0_14,plain,(ip(X1)|~iext(uri_rdfs_domain,X1,X2)), inference(split_conjunct,[status(thm)],[c_0_10])).
cnf(c_0_15,plain,(iext(uri_rdfs_domain,uri_ex_p1,esk200_0)), inference(split_conjunct,[status(thm)],[c_0_9])).
cnf(c_0_16,plain,(X1=X2|~icext(X3,X2)|~iext(uri_rdf_first,esk198_0,X1)|~iext(uri_owl_oneOf,X3,esk198_0)), inference(spm,[status(thm)],[c_0_11, c_0_12])).
cnf(c_0_17,plain,(iext(uri_rdf_first,esk198_0,uri_ex_w)), inference(split_conjunct,[status(thm)],[c_0_9])).
cnf(c_0_18,plain,(icext(X2,X3)|~iext(uri_rdfs_domain,X1,X2)|~iext(X1,X3,X4)), inference(split_conjunct,[status(thm)],[c_0_10])).
cnf(c_0_19,plain,(icext(uri_owl_InverseFunctionalProperty,X1)|iext(X1,esk167_1(X1),esk168_1(X1))|~ip(X1)), inference(split_conjunct,[status(thm)],[c_0_13])).
cnf(c_0_20,plain,(ip(uri_ex_p1)), inference(spm,[status(thm)],[c_0_14, c_0_15])).
cnf(c_0_21,plain,(uri_ex_w=X1|~icext(X2,X1)|~iext(uri_owl_oneOf,X2,esk198_0)), inference(spm,[status(thm)],[c_0_16, c_0_17])).
cnf(c_0_22,plain,(iext(uri_owl_oneOf,esk200_0,esk198_0)), inference(split_conjunct,[status(thm)],[c_0_9])).
cnf(c_0_23,plain,(icext(esk200_0,X1)|~iext(uri_ex_p1,X1,X2)), inference(spm,[status(thm)],[c_0_18, c_0_15])).
cnf(c_0_24,plain,(icext(uri_owl_InverseFunctionalProperty,uri_ex_p1)|iext(uri_ex_p1,esk167_1(uri_ex_p1),esk168_1(uri_ex_p1))), inference(spm,[status(thm)],[c_0_19, c_0_20])).
fof(c_0_25, plain, (![X35]:![X36]:![X37]:![X38]:![X39]:![X40]:((((ip(X35)|~iext(uri_rdfs_subPropertyOf,X35,X36))&(ip(X36)|~iext(uri_rdfs_subPropertyOf,X35,X36)))&((~iext(X35,X37,X38)|iext(X36,X37,X38))|~iext(uri_rdfs_subPropertyOf,X35,X36)))&(((iext(X39,esk110_2(X39,X40),esk111_2(X39,X40))|(~ip(X39)|~ip(X40)))|iext(uri_rdfs_subPropertyOf,X39,X40))&((~iext(X40,esk110_2(X39,X40),esk111_2(X39,X40))|(~ip(X39)|~ip(X40)))|iext(uri_rdfs_subPropertyOf,X39,X40))))), inference(distribute,[status(thm)],[inference(shift_quantors,[status(thm)],[inference(skolemize,[status(esa)],[inference(variable_rename,[status(thm)],[inference(shift_quantors,[status(thm)],[inference(fof_nnf,[status(thm)],[c_0_4])])])])])])).
cnf(c_0_26,plain,(iext(uri_rdfs_domain,uri_ex_p2,esk195_0)), inference(split_conjunct,[status(thm)],[c_0_9])).
cnf(c_0_27,plain,(icext(uri_owl_InverseFunctionalProperty,X1)|iext(X1,esk166_1(X1),esk168_1(X1))|~ip(X1)), inference(split_conjunct,[status(thm)],[c_0_13])).
cnf(c_0_28,plain,(icext(uri_owl_InverseFunctionalProperty,X1)|~ip(X1)|esk166_1(X1)!=esk167_1(X1)), inference(split_conjunct,[status(thm)],[c_0_13])).
cnf(c_0_29,plain,(uri_ex_w=X1|~icext(esk200_0,X1)), inference(spm,[status(thm)],[c_0_21, c_0_22])).
cnf(c_0_30,plain,(icext(esk200_0,esk167_1(uri_ex_p1))|icext(uri_owl_InverseFunctionalProperty,uri_ex_p1)), inference(spm,[status(thm)],[c_0_23, c_0_24])).
cnf(c_0_31,plain,(iext(uri_rdf_rest,esk194_0,uri_rdf_nil)), inference(split_conjunct,[status(thm)],[c_0_9])).
fof(c_0_32, plain, (![X8]:![X9]:![X10]:![X11]:![X12]:![X13]:((((ip(X8)|~iext(uri_rdfs_range,X8,X9))&(ip(X9)|~iext(uri_rdfs_range,X8,X9)))&((~iext(X8,X10,X11)|icext(X9,X11))|~iext(uri_rdfs_range,X8,X9)))&(((iext(X12,esk107_2(X12,X13),esk108_2(X12,X13))|(~ip(X12)|~ip(X13)))|iext(uri_rdfs_range,X12,X13))&((~icext(X13,esk108_2(X12,X13))|(~ip(X12)|~ip(X13)))|iext(uri_rdfs_range,X12,X13))))), inference(distribute,[status(thm)],[inference(shift_quantors,[status(thm)],[inference(skolemize,[status(esa)],[inference(variable_rename,[status(thm)],[inference(shift_quantors,[status(thm)],[inference(fof_nnf,[status(thm)],[c_0_5])])])])])])).
cnf(c_0_33,plain,(iext(uri_rdfs_subPropertyOf,X1,X2)|iext(X1,esk110_2(X1,X2),esk111_2(X1,X2))|~ip(X2)|~ip(X1)), inference(split_conjunct,[status(thm)],[c_0_25])).
cnf(c_0_34,plain,(ip(uri_ex_p2)), inference(spm,[status(thm)],[c_0_14, c_0_26])).
fof(c_0_35, negated_conjecture, (~iext(uri_rdfs_subPropertyOf,uri_ex_p1,uri_ex_p2)), inference(fof_simplification,[status(thm)],[inference(assume_negation,[status(cth)],[c_0_6])])).
cnf(c_0_36,plain,(icext(uri_owl_InverseFunctionalProperty,uri_ex_p1)|iext(uri_ex_p1,esk166_1(uri_ex_p1),esk168_1(uri_ex_p1))), inference(spm,[status(thm)],[c_0_27, c_0_20])).
cnf(c_0_37,plain,(icext(uri_owl_InverseFunctionalProperty,uri_ex_p1)|esk167_1(uri_ex_p1)!=esk166_1(uri_ex_p1)), inference(spm,[status(thm)],[c_0_28, c_0_20])).
cnf(c_0_38,plain,(esk167_1(uri_ex_p1)=uri_ex_w|icext(uri_owl_InverseFunctionalProperty,uri_ex_p1)), inference(spm,[status(thm)],[c_0_29, c_0_30])).
cnf(c_0_39,plain,(X1=X2|~icext(X3,X2)|~iext(uri_rdf_first,esk194_0,X1)|~iext(uri_owl_oneOf,X3,esk194_0)), inference(spm,[status(thm)],[c_0_11, c_0_31])).
cnf(c_0_40,plain,(iext(uri_rdf_first,esk194_0,uri_ex_u)), inference(split_conjunct,[status(thm)],[c_0_9])).
cnf(c_0_41,plain,(icext(X2,X3)|~iext(uri_rdfs_range,X1,X2)|~iext(X1,X4,X3)), inference(split_conjunct,[status(thm)],[c_0_32])).
cnf(c_0_42,plain,(iext(uri_rdfs_range,uri_ex_p1,esk196_0)), inference(split_conjunct,[status(thm)],[c_0_9])).
cnf(c_0_43,plain,(iext(X1,esk110_2(X1,uri_ex_p2),esk111_2(X1,uri_ex_p2))|iext(uri_rdfs_subPropertyOf,X1,uri_ex_p2)|~ip(X1)), inference(spm,[status(thm)],[c_0_33, c_0_34])).
cnf(c_0_44,negated_conjecture,(~iext(uri_rdfs_subPropertyOf,uri_ex_p1,uri_ex_p2)), inference(split_conjunct,[status(thm)],[c_0_35])).
cnf(c_0_45,plain,(icext(esk200_0,esk166_1(uri_ex_p1))|icext(uri_owl_InverseFunctionalProperty,uri_ex_p1)), inference(spm,[status(thm)],[c_0_23, c_0_36])).
cnf(c_0_46,plain,(icext(uri_owl_InverseFunctionalProperty,uri_ex_p1)|esk166_1(uri_ex_p1)!=uri_ex_w), inference(spm,[status(thm)],[c_0_37, c_0_38])).
cnf(c_0_47,plain,(uri_ex_u=X1|~icext(X2,X1)|~iext(uri_owl_oneOf,X2,esk194_0)), inference(spm,[status(thm)],[c_0_39, c_0_40])).
cnf(c_0_48,plain,(iext(uri_owl_oneOf,esk196_0,esk194_0)), inference(split_conjunct,[status(thm)],[c_0_9])).
cnf(c_0_49,plain,(icext(esk196_0,X1)|~iext(uri_ex_p1,X2,X1)), inference(spm,[status(thm)],[c_0_41, c_0_42])).
cnf(c_0_50,plain,(iext(uri_ex_p1,esk110_2(uri_ex_p1,uri_ex_p2),esk111_2(uri_ex_p1,uri_ex_p2))), inference(sr,[status(thm)],[inference(spm,[status(thm)],[c_0_43, c_0_20]), c_0_44])).
fof(c_0_51, plain, (![X4]:![X5]:![X6]:(~iext(X5,X4,X6)|ip(X5))), inference(shift_quantors,[status(thm)],[inference(variable_rename,[status(thm)],[inference(shift_quantors,[status(thm)],[inference(fof_nnf,[status(thm)],[c_0_7])])])])).
cnf(c_0_52,plain,(X2=X3|~icext(uri_owl_InverseFunctionalProperty,X1)|~iext(X1,X3,X4)|~iext(X1,X2,X4)), inference(split_conjunct,[status(thm)],[c_0_13])).
cnf(c_0_53,plain,(icext(uri_owl_InverseFunctionalProperty,uri_ex_p1)), inference(csr,[status(thm)],[inference(spm,[status(thm)],[c_0_29, c_0_45]), c_0_46])).
cnf(c_0_54,plain,(uri_ex_u=X1|~icext(esk196_0,X1)), inference(spm,[status(thm)],[c_0_47, c_0_48])).
cnf(c_0_55,plain,(icext(esk196_0,esk111_2(uri_ex_p1,uri_ex_p2))), inference(spm,[status(thm)],[c_0_49, c_0_50])).
cnf(c_0_56,plain,(iext(uri_rdfs_subPropertyOf,X1,X2)|~ip(X2)|~ip(X1)|~iext(X2,esk110_2(X1,X2),esk111_2(X1,X2))), inference(split_conjunct,[status(thm)],[c_0_25])).
cnf(c_0_57,plain,(ip(X1)|~iext(X1,X2,X3)), inference(split_conjunct,[status(thm)],[c_0_51])).
cnf(c_0_58,plain,(X1=X2|~iext(uri_ex_p1,X2,X3)|~iext(uri_ex_p1,X1,X3)), inference(spm,[status(thm)],[c_0_52, c_0_53])).
cnf(c_0_59,plain,(iext(uri_ex_p1,uri_ex_w,uri_ex_u)), inference(split_conjunct,[status(thm)],[c_0_9])).
cnf(c_0_60,plain,(esk111_2(uri_ex_p1,uri_ex_p2)=uri_ex_u), inference(spm,[status(thm)],[c_0_54, c_0_55])).
cnf(c_0_61,plain,(iext(uri_rdfs_subPropertyOf,X1,X2)|~ip(X1)|~iext(X2,esk110_2(X1,X2),esk111_2(X1,X2))), inference(csr,[status(thm)],[c_0_56, c_0_57])).
cnf(c_0_62,plain,(X1=uri_ex_w|~iext(uri_ex_p1,X1,uri_ex_u)), inference(spm,[status(thm)],[c_0_58, c_0_59])).
cnf(c_0_63,plain,(iext(uri_ex_p1,esk110_2(uri_ex_p1,uri_ex_p2),uri_ex_u)), inference(rw,[status(thm)],[c_0_50, c_0_60])).
cnf(c_0_64,plain,(~iext(uri_ex_p2,esk110_2(uri_ex_p1,uri_ex_p2),uri_ex_u)), inference(sr,[status(thm)],[inference(cn,[status(thm)],[inference(rw,[status(thm)],[inference(spm,[status(thm)],[c_0_61, c_0_60]), c_0_20])]), c_0_44])).
cnf(c_0_65,plain,(esk110_2(uri_ex_p1,uri_ex_p2)=uri_ex_w), inference(spm,[status(thm)],[c_0_62, c_0_63])).
cnf(c_0_66,plain,(iext(uri_ex_p2,uri_ex_w,uri_ex_u)), inference(split_conjunct,[status(thm)],[c_0_9])).
cnf(c_0_67,plain,($false), inference(cn,[status(thm)],[inference(rw,[status(thm)],[inference(rw,[status(thm)],[c_0_64, c_0_65]), c_0_66])]), ['proof']).
# SZS output end CNFRefutation.
EOF
