% Problem    : SET108+1 : TPTP v6.1.0. Bugfixed v5.4.0.
% Command    : eprover --auto-schedule --tstp-format -s --proof-object --memory-limit=2048 --cpu-limit=%d %s
% Computer   : n103.star.cs.uiowa.edu
% Model      : x86_64 x86_64
% CPU        : Intel(R) Xeon(R) CPU E5-2609 0 @ 2.40GHz
% Memory     : 32286.75MB
% OS         : Linux 2.6.32-431.20.3.el6.x86_64
% CPULimit   : 300
% DateTime   : Sun Jul 20 03:33:16 CDT 2014
% CPUTime    : 
# No SInE strategy applied
# Trying AutoSched0 for 151 seconds
# AutoSched0-Mode selected heuristic G_E___103_C18_F1_PI_AE_Q4_CS_SP_S0Y
# and selection function SelectMaxLComplexAvoidPosPred.
#

# Proof found!
# SZS status Theorem
# SZS output start CNFRefutation.
fof(c_0_0, conjecture, (![X1]:?[X3]:?[X4]:(((member(X3,universal_class)&member(X4,universal_class))&X1=ordered_pair(X3,X4))|((~(?[X2]:?[X5]:((member(X2,universal_class)&member(X5,universal_class))&X1=ordered_pair(X2,X5)))&X3=X1)&X4=X1))), file('/export/starexec/sandbox/benchmark/theBenchmark.p', existence_of_first_and_second)).
fof(c_0_1, axiom, (![X1]:![X2]:ordered_pair(X1,X2)=unordered_pair(singleton(X1),unordered_pair(X1,singleton(X2)))), file('/export/starexec/sandbox/benchmark/Axioms/SET005+0.ax', ordered_pair_defn)).
fof(c_0_2, axiom, (![X1]:singleton(X1)=unordered_pair(X1,X1)), file('/export/starexec/sandbox/benchmark/Axioms/SET005+0.ax', singleton_set_defn)).
fof(c_0_3, negated_conjecture, (~(![X1]:?[X3]:?[X4]:(((member(X3,universal_class)&member(X4,universal_class))&X1=ordered_pair(X3,X4))|((~(?[X2]:?[X5]:((member(X2,universal_class)&member(X5,universal_class))&X1=ordered_pair(X2,X5)))&X3=X1)&X4=X1)))), inference(assume_negation,[status(cth)],[c_0_0])).
fof(c_0_4, plain, (![X3]:![X4]:ordered_pair(X3,X4)=unordered_pair(singleton(X3),unordered_pair(X3,singleton(X4)))), inference(variable_rename,[status(thm)],[c_0_1])).
fof(c_0_5, plain, (![X2]:singleton(X2)=unordered_pair(X2,X2)), inference(variable_rename,[status(thm)],[c_0_2])).
fof(c_0_6, negated_conjecture, (![X7]:![X8]:![X11]:![X12]:(((~member(X7,universal_class)|~member(X8,universal_class))|esk8_0!=ordered_pair(X7,X8))&((((member(esk9_0,universal_class)|X11!=esk8_0)|X12!=esk8_0)&((member(esk10_0,universal_class)|X11!=esk8_0)|X12!=esk8_0))&((esk8_0=ordered_pair(esk9_0,esk10_0)|X11!=esk8_0)|X12!=esk8_0)))), inference(distribute,[status(thm)],[inference(shift_quantors,[status(thm)],[inference(skolemize,[status(esa)],[inference(variable_rename,[status(thm)],[inference(shift_quantors,[status(thm)],[inference(fof_nnf,[status(thm)],[c_0_3])])])])])])).
cnf(c_0_7,plain,(ordered_pair(X1,X2)=unordered_pair(singleton(X1),unordered_pair(X1,singleton(X2)))), inference(split_conjunct,[status(thm)],[c_0_4])).
cnf(c_0_8,plain,(singleton(X1)=unordered_pair(X1,X1)), inference(split_conjunct,[status(thm)],[c_0_5])).
cnf(c_0_9,negated_conjecture,(esk8_0=ordered_pair(esk9_0,esk10_0)|X1!=esk8_0|X2!=esk8_0), inference(split_conjunct,[status(thm)],[c_0_6])).
cnf(c_0_10,plain,(unordered_pair(unordered_pair(X1,X1),unordered_pair(X1,unordered_pair(X2,X2)))=ordered_pair(X1,X2)), inference(rw,[status(thm)],[inference(rw,[status(thm)],[c_0_7, c_0_8]), c_0_8])).
cnf(c_0_11,negated_conjecture,(unordered_pair(unordered_pair(esk9_0,esk9_0),unordered_pair(esk9_0,unordered_pair(esk10_0,esk10_0)))=esk8_0|esk8_0!=X2|esk8_0!=X1), inference(rw,[status(thm)],[c_0_9, c_0_10])).
cnf(c_0_12,negated_conjecture,(member(esk10_0,universal_class)|X1!=esk8_0|X2!=esk8_0), inference(split_conjunct,[status(thm)],[c_0_6])).
cnf(c_0_13,negated_conjecture,(member(esk9_0,universal_class)|X1!=esk8_0|X2!=esk8_0), inference(split_conjunct,[status(thm)],[c_0_6])).
cnf(c_0_14,negated_conjecture,(esk8_0!=ordered_pair(X1,X2)|~member(X2,universal_class)|~member(X1,universal_class)), inference(split_conjunct,[status(thm)],[c_0_6])).
cnf(c_0_15,negated_conjecture,(unordered_pair(unordered_pair(esk9_0,esk9_0),unordered_pair(esk9_0,unordered_pair(esk10_0,esk10_0)))=esk8_0|esk8_0!=X1), inference(er,[status(thm)],[c_0_11])).
cnf(c_0_16,negated_conjecture,(member(esk10_0,universal_class)|esk8_0!=X1), inference(er,[status(thm)],[c_0_12])).
cnf(c_0_17,negated_conjecture,(member(esk9_0,universal_class)|esk8_0!=X1), inference(er,[status(thm)],[c_0_13])).
cnf(c_0_18,negated_conjecture,(unordered_pair(unordered_pair(X1,X1),unordered_pair(X1,unordered_pair(X2,X2)))!=esk8_0|~member(X2,universal_class)|~member(X1,universal_class)), inference(rw,[status(thm)],[c_0_14, c_0_10])).
cnf(c_0_19,negated_conjecture,(unordered_pair(unordered_pair(esk9_0,esk9_0),unordered_pair(esk9_0,unordered_pair(esk10_0,esk10_0)))=esk8_0), inference(er,[status(thm)],[c_0_15])).
cnf(c_0_20,negated_conjecture,(member(esk10_0,universal_class)), inference(er,[status(thm)],[c_0_16])).
cnf(c_0_21,negated_conjecture,(member(esk9_0,universal_class)), inference(er,[status(thm)],[c_0_17])).
cnf(c_0_22,negated_conjecture,($false), inference(cn,[status(thm)],[inference(rw,[status(thm)],[inference(rw,[status(thm)],[inference(spm,[status(thm)],[c_0_18, c_0_19]), c_0_20]), c_0_21])]), ['proof']).
# SZS output end CNFRefutation.
EOF
