% Problem    : LCL529+1 : TPTP v6.1.0. Released v3.3.0.
% Command    : eprover --auto-schedule --tstp-format -s --proof-object --memory-limit=2048 --cpu-limit=%d %s
% Computer   : n121.star.cs.uiowa.edu
% Model      : x86_64 x86_64
% CPU        : Intel(R) Xeon(R) CPU E5-2609 0 @ 2.40GHz
% Memory     : 32286.75MB
% OS         : Linux 2.6.32-431.20.3.el6.x86_64
% CPULimit   : 300
% DateTime   : Sun Jul 20 03:27:31 CDT 2014
% CPUTime    : 
# No SInE strategy applied
# Trying AutoSched0 for 151 seconds
# AutoSched0-Mode selected heuristic H_____011_C18_F1_PI_AE_SP_S2S
# and selection function SelectNewComplexAHP.
#

# Proof found!
# SZS status Theorem
# SZS output start CNFRefutation.
fof(c_0_0, axiom, ((necessitation<=>![X1]:(is_a_theorem(X1)=>is_a_theorem(necessarily(X1))))), file('/export/starexec/sandbox/benchmark/Axioms/LCL007+0.ax', necessitation)).
fof(c_0_1, axiom, ((op_strict_implies=>![X1]:![X2]:strict_implies(X1,X2)=necessarily(implies(X1,X2)))), file('/export/starexec/sandbox/benchmark/Axioms/LCL007+1.ax', op_strict_implies)).
fof(c_0_2, axiom, (necessitation), file('/export/starexec/sandbox/benchmark/Axioms/LCL007+2.ax', km5_necessitation)).
fof(c_0_3, axiom, (op_strict_implies), file('/export/starexec/sandbox/benchmark/theBenchmark.p', s1_0_op_strict_implies)).
fof(c_0_4, axiom, ((and_1<=>![X1]:![X2]:is_a_theorem(implies(and(X1,X2),X1)))), file('/export/starexec/sandbox/benchmark/Axioms/LCL006+0.ax', and_1)).
fof(c_0_5, axiom, ((axiom_m2<=>![X1]:![X2]:is_a_theorem(strict_implies(and(X1,X2),X1)))), file('/export/starexec/sandbox/benchmark/Axioms/LCL007+0.ax', axiom_m2)).
fof(c_0_6, conjecture, (axiom_m2), file('/export/starexec/sandbox/benchmark/theBenchmark.p', s1_0_axiom_m2)).
fof(c_0_7, axiom, (and_1), file('/export/starexec/sandbox/benchmark/Axioms/LCL006+2.ax', hilbert_and_1)).
fof(c_0_8, plain, (![X2]:((~necessitation|(~is_a_theorem(X2)|is_a_theorem(necessarily(X2))))&((is_a_theorem(esk56_0)|necessitation)&(~is_a_theorem(necessarily(esk56_0))|necessitation)))), inference(distribute,[status(thm)],[inference(shift_quantors,[status(thm)],[inference(skolemize,[status(esa)],[inference(variable_rename,[status(thm)],[inference(fof_nnf,[status(thm)],[c_0_0])])])])])).
fof(c_0_9, plain, (![X3]:![X4]:(~op_strict_implies|strict_implies(X3,X4)=necessarily(implies(X3,X4)))), inference(shift_quantors,[status(thm)],[inference(variable_rename,[status(thm)],[inference(fof_nnf,[status(thm)],[c_0_1])])])).
cnf(c_0_10,plain,(is_a_theorem(necessarily(X1))|~is_a_theorem(X1)|~necessitation), inference(split_conjunct,[status(thm)],[c_0_8])).
cnf(c_0_11,plain,(necessitation), inference(split_conjunct,[status(thm)],[c_0_2])).
cnf(c_0_12,plain,(strict_implies(X1,X2)=necessarily(implies(X1,X2))|~op_strict_implies), inference(split_conjunct,[status(thm)],[c_0_9])).
cnf(c_0_13,plain,(op_strict_implies), inference(split_conjunct,[status(thm)],[c_0_3])).
fof(c_0_14, plain, (![X3]:![X4]:((~and_1|is_a_theorem(implies(and(X3,X4),X3)))&(~is_a_theorem(implies(and(esk14_0,esk15_0),esk14_0))|and_1))), inference(shift_quantors,[status(thm)],[inference(skolemize,[status(esa)],[inference(variable_rename,[status(thm)],[inference(fof_nnf,[status(thm)],[c_0_4])])])])).
fof(c_0_15, plain, (![X3]:![X4]:((~axiom_m2|is_a_theorem(strict_implies(and(X3,X4),X3)))&(~is_a_theorem(strict_implies(and(esk79_0,esk80_0),esk79_0))|axiom_m2))), inference(shift_quantors,[status(thm)],[inference(skolemize,[status(esa)],[inference(variable_rename,[status(thm)],[inference(fof_nnf,[status(thm)],[c_0_5])])])])).
fof(c_0_16, negated_conjecture, (~axiom_m2), inference(fof_simplification,[status(thm)],[inference(assume_negation,[status(cth)],[c_0_6])])).
cnf(c_0_17,plain,(is_a_theorem(necessarily(X1))|~is_a_theorem(X1)), inference(cn,[status(thm)],[inference(rw,[status(thm)],[c_0_10, c_0_11])])).
cnf(c_0_18,plain,(necessarily(implies(X1,X2))=strict_implies(X1,X2)), inference(cn,[status(thm)],[inference(rw,[status(thm)],[c_0_12, c_0_13])])).
cnf(c_0_19,plain,(is_a_theorem(implies(and(X1,X2),X1))|~and_1), inference(split_conjunct,[status(thm)],[c_0_14])).
cnf(c_0_20,plain,(and_1), inference(split_conjunct,[status(thm)],[c_0_7])).
cnf(c_0_21,plain,(axiom_m2|~is_a_theorem(strict_implies(and(esk79_0,esk80_0),esk79_0))), inference(split_conjunct,[status(thm)],[c_0_15])).
cnf(c_0_22,negated_conjecture,(~axiom_m2), inference(split_conjunct,[status(thm)],[c_0_16])).
cnf(c_0_23,plain,(is_a_theorem(strict_implies(X1,X2))|~is_a_theorem(implies(X1,X2))), inference(spm,[status(thm)],[c_0_17, c_0_18])).
cnf(c_0_24,plain,(is_a_theorem(implies(and(X1,X2),X1))), inference(cn,[status(thm)],[inference(rw,[status(thm)],[c_0_19, c_0_20])])).
cnf(c_0_25,plain,(~is_a_theorem(strict_implies(and(esk79_0,esk80_0),esk79_0))), inference(sr,[status(thm)],[c_0_21, c_0_22])).
cnf(c_0_26,plain,(is_a_theorem(strict_implies(and(X1,X2),X1))), inference(spm,[status(thm)],[c_0_23, c_0_24])).
cnf(c_0_27,plain,($false), inference(cn,[status(thm)],[inference(rw,[status(thm)],[c_0_25, c_0_26])]), ['proof']).
# SZS output end CNFRefutation.
EOF
