% Problem    : ALG072+1 : TPTP v6.1.0. Released v2.7.0.
% Command    : eprover --auto-schedule --tstp-format -s --proof-object --memory-limit=2048 --cpu-limit=%d %s
% Computer   : n152.star.cs.uiowa.edu
% Model      : x86_64 x86_64
% CPU        : Intel(R) Xeon(R) CPU E5-2609 0 @ 2.40GHz
% Memory     : 32286.75MB
% OS         : Linux 2.6.32-431.20.3.el6.x86_64
% CPULimit   : 300
% DateTime   : Sun Jul 20 04:44:16 CDT 2014
% CPUTime    : 
# No SInE strategy applied
# Trying AutoSched0 for 151 seconds
# AutoSched0-Mode selected heuristic H_____047_C02_F1_PI_AE_Q12_CS_SP_S2S
# and selection function SelectNewComplexAHP.
#

# Proof found!
# SZS status Theorem
# SZS output start CNFRefutation.
fof(c_0_0, conjecture, (((![X1]:(sorti1(X1)=>sorti2(h(X1)))&![X2]:(sorti2(X2)=>sorti1(j(X2))))=>~((((![X3]:(sorti1(X3)=>![X4]:(sorti1(X4)=>h(op1(X3,X4))=op2(h(X3),h(X4))))&![X5]:(sorti2(X5)=>![X6]:(sorti2(X6)=>j(op2(X5,X6))=op1(j(X5),j(X6)))))&![X7]:(sorti2(X7)=>h(j(X7))=X7))&![X8]:(sorti1(X8)=>j(h(X8))=X8))))), file('/export/starexec/sandbox/benchmark/theBenchmark.p', co1)).
fof(c_0_1, axiom, ((![X1]:(sorti2(X1)=>(op2(unit2,X1)=X1&op2(X1,unit2)=X1))&?[X2]:(sorti2(X2)&unit2=X2))), file('/export/starexec/sandbox/benchmark/theBenchmark.p', ax4)).
fof(c_0_2, axiom, (sorti2(unit2)), file('/export/starexec/sandbox/benchmark/theBenchmark.p', ax3)).
fof(c_0_3, axiom, ((![X1]:(sorti1(X1)=>(op1(unit1,X1)=X1&op1(X1,unit1)=X1))&?[X2]:(sorti1(X2)&unit1=X2))), file('/export/starexec/sandbox/benchmark/theBenchmark.p', ax2)).
fof(c_0_4, axiom, (sorti1(unit1)), file('/export/starexec/sandbox/benchmark/theBenchmark.p', ax1)).
fof(c_0_5, axiom, (?[X1]:(sorti1(X1)&![X2]:(sorti1(X2)=>![X3]:(sorti1(X3)=>(op1(X2,X3)!=X1|(op1(X2,X1)=X3&X1!=unit1)))))), file('/export/starexec/sandbox/benchmark/theBenchmark.p', ax7)).
fof(c_0_6, axiom, (![X1]:(sorti2(X1)=>![X2]:(sorti2(X2)=>sorti2(op2(X1,X2))))), file('/export/starexec/sandbox/benchmark/theBenchmark.p', ax6)).
fof(c_0_7, axiom, (~(?[X1]:(sorti2(X1)&![X2]:(sorti2(X2)=>![X3]:(sorti2(X3)=>(op2(X2,X3)!=X1|(op2(X2,X1)=X3&X1!=unit2))))))), file('/export/starexec/sandbox/benchmark/theBenchmark.p', ax8)).
fof(c_0_8, negated_conjecture, (~(((![X1]:(sorti1(X1)=>sorti2(h(X1)))&![X2]:(sorti2(X2)=>sorti1(j(X2))))=>~((((![X3]:(sorti1(X3)=>![X4]:(sorti1(X4)=>h(op1(X3,X4))=op2(h(X3),h(X4))))&![X5]:(sorti2(X5)=>![X6]:(sorti2(X6)=>j(op2(X5,X6))=op1(j(X5),j(X6)))))&![X7]:(sorti2(X7)=>h(j(X7))=X7))&![X8]:(sorti1(X8)=>j(h(X8))=X8)))))), inference(assume_negation,[status(cth)],[c_0_0])).
fof(c_0_9, negated_conjecture, (![X9]:![X10]:![X11]:![X12]:![X13]:![X14]:![X15]:![X16]:(((~sorti1(X9)|sorti2(h(X9)))&(~sorti2(X10)|sorti1(j(X10))))&((((~sorti1(X11)|(~sorti1(X12)|h(op1(X11,X12))=op2(h(X11),h(X12))))&(~sorti2(X13)|(~sorti2(X14)|j(op2(X13,X14))=op1(j(X13),j(X14)))))&(~sorti2(X15)|h(j(X15))=X15))&(~sorti1(X16)|j(h(X16))=X16)))), inference(shift_quantors,[status(thm)],[inference(variable_rename,[status(thm)],[inference(fof_nnf,[status(thm)],[c_0_8])])])).
fof(c_0_10, plain, (![X3]:(((op2(unit2,X3)=X3|~sorti2(X3))&(op2(X3,unit2)=X3|~sorti2(X3)))&(sorti2(esk2_0)&unit2=esk2_0))), inference(distribute,[status(thm)],[inference(shift_quantors,[status(thm)],[inference(skolemize,[status(esa)],[inference(variable_rename,[status(thm)],[inference(fof_nnf,[status(thm)],[c_0_1])])])])])).
cnf(c_0_11,negated_conjecture,(j(op2(X1,X2))=op1(j(X1),j(X2))|~sorti2(X2)|~sorti2(X1)), inference(split_conjunct,[status(thm)],[c_0_9])).
cnf(c_0_12,negated_conjecture,(j(h(X1))=X1|~sorti1(X1)), inference(split_conjunct,[status(thm)],[c_0_9])).
cnf(c_0_13,negated_conjecture,(sorti2(h(X1))|~sorti1(X1)), inference(split_conjunct,[status(thm)],[c_0_9])).
cnf(c_0_14,plain,(op2(unit2,X1)=X1|~sorti2(X1)), inference(split_conjunct,[status(thm)],[c_0_10])).
cnf(c_0_15,plain,(unit2=esk2_0), inference(split_conjunct,[status(thm)],[c_0_10])).
cnf(c_0_16,plain,(sorti2(unit2)), inference(split_conjunct,[status(thm)],[c_0_2])).
fof(c_0_17, plain, (![X3]:(((op1(unit1,X3)=X3|~sorti1(X3))&(op1(X3,unit1)=X3|~sorti1(X3)))&(sorti1(esk1_0)&unit1=esk1_0))), inference(distribute,[status(thm)],[inference(shift_quantors,[status(thm)],[inference(skolemize,[status(esa)],[inference(variable_rename,[status(thm)],[inference(fof_nnf,[status(thm)],[c_0_3])])])])])).
cnf(c_0_18,negated_conjecture,(j(op2(X1,h(X2)))=op1(j(X1),X2)|~sorti2(X1)|~sorti1(X2)), inference(csr,[status(thm)],[inference(spm,[status(thm)],[c_0_11, c_0_12]), c_0_13])).
cnf(c_0_19,plain,(op2(esk2_0,X1)=X1|~sorti2(X1)), inference(rw,[status(thm)],[c_0_14, c_0_15])).
cnf(c_0_20,plain,(sorti2(esk2_0)), inference(rw,[status(thm)],[c_0_16, c_0_15])).
cnf(c_0_21,plain,(op1(X1,unit1)=X1|~sorti1(X1)), inference(split_conjunct,[status(thm)],[c_0_17])).
cnf(c_0_22,negated_conjecture,(op1(j(esk2_0),X1)=j(h(X1))|~sorti1(X1)), inference(csr,[status(thm)],[inference(cn,[status(thm)],[inference(rw,[status(thm)],[inference(spm,[status(thm)],[c_0_18, c_0_19]), c_0_20])]), c_0_13])).
cnf(c_0_23,plain,(sorti1(unit1)), inference(split_conjunct,[status(thm)],[c_0_4])).
fof(c_0_24, plain, (![X5]:![X6]:(sorti1(esk3_0)&((((op1(X5,esk3_0)=X6|op1(X5,X6)!=esk3_0)|~sorti1(X6))|~sorti1(X5))&(((esk3_0!=unit1|op1(X5,X6)!=esk3_0)|~sorti1(X6))|~sorti1(X5))))), inference(distribute,[status(thm)],[inference(shift_quantors,[status(thm)],[inference(skolemize,[status(esa)],[inference(variable_rename,[status(thm)],[inference(fof_nnf,[status(thm)],[c_0_5])])])])])).
cnf(c_0_25,negated_conjecture,(j(h(unit1))=j(esk2_0)|~sorti1(j(esk2_0))), inference(cn,[status(thm)],[inference(rw,[status(thm)],[inference(spm,[status(thm)],[c_0_21, c_0_22]), c_0_23])])).
cnf(c_0_26,negated_conjecture,(sorti1(j(X1))|~sorti2(X1)), inference(split_conjunct,[status(thm)],[c_0_9])).
cnf(c_0_27,plain,(op1(X1,esk3_0)=X2|~sorti1(X1)|~sorti1(X2)|op1(X1,X2)!=esk3_0), inference(split_conjunct,[status(thm)],[c_0_24])).
cnf(c_0_28,plain,(op1(unit1,X1)=X1|~sorti1(X1)), inference(split_conjunct,[status(thm)],[c_0_17])).
cnf(c_0_29,negated_conjecture,(j(h(unit1))=j(esk2_0)), inference(cn,[status(thm)],[inference(rw,[status(thm)],[inference(spm,[status(thm)],[c_0_25, c_0_26]), c_0_20])])).
fof(c_0_30, plain, (![X3]:![X4]:(~sorti2(X3)|(~sorti2(X4)|sorti2(op2(X3,X4))))), inference(shift_quantors,[status(thm)],[inference(variable_rename,[status(thm)],[inference(fof_nnf,[status(thm)],[c_0_6])])])).
fof(c_0_31, plain, (![X4]:((sorti2(esk4_1(X4))|~sorti2(X4))&((sorti2(esk5_1(X4))|~sorti2(X4))&((op2(esk4_1(X4),esk5_1(X4))=X4|~sorti2(X4))&((op2(esk4_1(X4),X4)!=esk5_1(X4)|X4=unit2)|~sorti2(X4)))))), inference(distribute,[status(thm)],[inference(skolemize,[status(esa)],[inference(variable_rename,[status(thm)],[inference(fof_nnf,[status(thm)],[c_0_7])])])])).
cnf(c_0_32,plain,(op1(unit1,esk3_0)=X1|X1!=esk3_0|~sorti1(X1)), inference(cn,[status(thm)],[inference(rw,[status(thm)],[inference(spm,[status(thm)],[c_0_27, c_0_28]), c_0_23])])).
cnf(c_0_33,plain,(sorti1(esk3_0)), inference(split_conjunct,[status(thm)],[c_0_24])).
cnf(c_0_34,negated_conjecture,(j(esk2_0)=unit1), inference(cn,[status(thm)],[inference(rw,[status(thm)],[inference(spm,[status(thm)],[c_0_12, c_0_29]), c_0_23])])).
cnf(c_0_35,plain,(sorti2(op2(X1,X2))|~sorti2(X2)|~sorti2(X1)), inference(split_conjunct,[status(thm)],[c_0_30])).
cnf(c_0_36,negated_conjecture,(h(op1(X1,X2))=op2(h(X1),h(X2))|~sorti1(X2)|~sorti1(X1)), inference(split_conjunct,[status(thm)],[c_0_9])).
cnf(c_0_37,negated_conjecture,(op1(j(X1),esk3_0)=j(X2)|j(op2(X1,X2))!=esk3_0|~sorti2(X2)|~sorti2(X1)), inference(csr,[status(thm)],[inference(csr,[status(thm)],[inference(spm,[status(thm)],[c_0_27, c_0_11]), c_0_26]), c_0_26])).
cnf(c_0_38,plain,(op2(esk4_1(X1),esk5_1(X1))=X1|~sorti2(X1)), inference(split_conjunct,[status(thm)],[c_0_31])).
cnf(c_0_39,plain,(sorti2(esk4_1(X1))|~sorti2(X1)), inference(split_conjunct,[status(thm)],[c_0_31])).
cnf(c_0_40,plain,(sorti2(esk5_1(X1))|~sorti2(X1)), inference(split_conjunct,[status(thm)],[c_0_31])).
cnf(c_0_41,plain,(op1(unit1,esk3_0)=esk3_0), inference(cn,[status(thm)],[inference(rw,[status(thm)],[inference(er,[status(thm)],[c_0_32]), c_0_33])])).
cnf(c_0_42,negated_conjecture,(op1(unit1,X1)=j(h(X1))|~sorti1(X1)), inference(rw,[status(thm)],[c_0_22, c_0_34])).
cnf(c_0_43,negated_conjecture,(sorti2(h(op1(X1,X2)))|~sorti1(X2)|~sorti1(X1)), inference(csr,[status(thm)],[inference(csr,[status(thm)],[inference(spm,[status(thm)],[c_0_35, c_0_36]), c_0_13]), c_0_13])).
cnf(c_0_44,negated_conjecture,(h(j(X1))=X1|~sorti2(X1)), inference(split_conjunct,[status(thm)],[c_0_9])).
cnf(c_0_45,negated_conjecture,(op1(j(esk4_1(X1)),esk3_0)=j(esk5_1(X1))|j(X1)!=esk3_0|~sorti2(X1)), inference(csr,[status(thm)],[inference(csr,[status(thm)],[inference(spm,[status(thm)],[c_0_37, c_0_38]), c_0_39]), c_0_40])).
cnf(c_0_46,negated_conjecture,(j(h(esk3_0))=esk3_0), inference(cn,[status(thm)],[inference(rw,[status(thm)],[inference(spm,[status(thm)],[c_0_41, c_0_42]), c_0_33])])).
cnf(c_0_47,negated_conjecture,(sorti2(h(esk3_0))), inference(cn,[status(thm)],[inference(rw,[status(thm)],[inference(rw,[status(thm)],[inference(spm,[status(thm)],[c_0_43, c_0_41]), c_0_33]), c_0_23])])).
cnf(c_0_48,negated_conjecture,(h(op1(j(X1),X2))=op2(X1,h(X2))|~sorti2(X1)|~sorti1(X2)), inference(csr,[status(thm)],[inference(spm,[status(thm)],[c_0_36, c_0_44]), c_0_26])).
cnf(c_0_49,negated_conjecture,(op1(j(esk4_1(h(esk3_0))),esk3_0)=j(esk5_1(h(esk3_0)))), inference(cn,[status(thm)],[inference(rw,[status(thm)],[inference(spm,[status(thm)],[c_0_45, c_0_46]), c_0_47])])).
cnf(c_0_50,plain,(X1=unit2|~sorti2(X1)|op2(esk4_1(X1),X1)!=esk5_1(X1)), inference(split_conjunct,[status(thm)],[c_0_31])).
cnf(c_0_51,negated_conjecture,(op2(esk4_1(h(esk3_0)),h(esk3_0))=h(j(esk5_1(h(esk3_0))))|~sorti2(esk4_1(h(esk3_0)))), inference(cn,[status(thm)],[inference(rw,[status(thm)],[inference(spm,[status(thm)],[c_0_48, c_0_49]), c_0_33])])).
cnf(c_0_52,plain,(esk2_0=X1|op2(esk4_1(X1),X1)!=esk5_1(X1)|~sorti2(X1)), inference(rw,[status(thm)],[c_0_50, c_0_15])).
cnf(c_0_53,negated_conjecture,(op2(esk4_1(h(esk3_0)),h(esk3_0))=h(j(esk5_1(h(esk3_0))))), inference(cn,[status(thm)],[inference(rw,[status(thm)],[inference(spm,[status(thm)],[c_0_51, c_0_39]), c_0_47])])).
cnf(c_0_54,negated_conjecture,(h(esk3_0)=esk2_0|h(j(esk5_1(h(esk3_0))))!=esk5_1(h(esk3_0))), inference(cn,[status(thm)],[inference(rw,[status(thm)],[inference(spm,[status(thm)],[c_0_52, c_0_53]), c_0_47])])).
cnf(c_0_55,negated_conjecture,(h(esk3_0)=esk2_0|~sorti2(esk5_1(h(esk3_0)))), inference(spm,[status(thm)],[c_0_54, c_0_44])).
cnf(c_0_56,negated_conjecture,(h(esk3_0)=esk2_0), inference(cn,[status(thm)],[inference(rw,[status(thm)],[inference(spm,[status(thm)],[c_0_55, c_0_40]), c_0_47])])).
cnf(c_0_57,negated_conjecture,(op1(unit1,j(X1))=j(op2(esk2_0,X1))|~sorti2(X1)), inference(cn,[status(thm)],[inference(rw,[status(thm)],[inference(spm,[status(thm)],[c_0_11, c_0_34]), c_0_20])])).
cnf(c_0_58,plain,(op2(X1,unit2)=X1|~sorti2(X1)), inference(split_conjunct,[status(thm)],[c_0_10])).
cnf(c_0_59,plain,(~sorti1(X1)|~sorti1(X2)|op1(X1,X2)!=esk3_0|esk3_0!=unit1), inference(split_conjunct,[status(thm)],[c_0_24])).
cnf(c_0_60,negated_conjecture,(esk3_0=unit1), inference(rw,[status(thm)],[inference(rw,[status(thm)],[c_0_46, c_0_56]), c_0_34])).
cnf(c_0_61,negated_conjecture,(j(op2(esk2_0,esk2_0))=op1(unit1,unit1)), inference(cn,[status(thm)],[inference(rw,[status(thm)],[inference(spm,[status(thm)],[c_0_57, c_0_34]), c_0_20])])).
cnf(c_0_62,plain,(op2(X1,esk2_0)=X1|~sorti2(X1)), inference(rw,[status(thm)],[c_0_58, c_0_15])).
cnf(c_0_63,plain,(op1(X1,X2)!=unit1|~sorti1(X2)|~sorti1(X1)), inference(cn,[status(thm)],[inference(rw,[status(thm)],[inference(rw,[status(thm)],[c_0_59, c_0_60]), c_0_60])])).
cnf(c_0_64,negated_conjecture,(op1(unit1,unit1)=unit1), inference(cn,[status(thm)],[inference(rw,[status(thm)],[inference(rw,[status(thm)],[inference(spm,[status(thm)],[c_0_61, c_0_62]), c_0_34]), c_0_20])])).
cnf(c_0_65,negated_conjecture,($false), inference(cn,[status(thm)],[inference(rw,[status(thm)],[inference(spm,[status(thm)],[c_0_63, c_0_64]), c_0_23])]), ['proof']).
# SZS output end CNFRefutation.
EOF
