% Problem    : LCL526+1 : TPTP v6.1.0. Released v3.3.0.
% Command    : eprover --auto-schedule --tstp-format -s --proof-object --memory-limit=2048 --cpu-limit=%d %s
% Computer   : n189.star.cs.uiowa.edu
% Model      : x86_64 x86_64
% CPU        : Intel(R) Xeon(R) CPU E5-2609 0 @ 2.40GHz
% Memory     : 32286.75MB
% OS         : Linux 2.6.32-431.20.3.el6.x86_64
% CPULimit   : 300
% DateTime   : Sun Jul 20 04:04:46 CDT 2014
% CPUTime    : 
# No SInE strategy applied
# Trying AutoSched0 for 151 seconds
# AutoSched0-Mode selected heuristic H_____011_C18_F1_PI_AE_SP_S2S
# and selection function SelectNewComplexAHP.
#

# Proof found!
# SZS status Theorem
# SZS output start CNFRefutation.
fof(c_0_0, axiom, ((modus_ponens<=>![X1]:![X2]:((is_a_theorem(X1)&is_a_theorem(implies(X1,X2)))=>is_a_theorem(X2)))), file('/export/starexec/sandbox/benchmark/Axioms/LCL006+0.ax', modus_ponens)).
fof(c_0_1, axiom, ((and_2<=>![X1]:![X2]:is_a_theorem(implies(and(X1,X2),X2)))), file('/export/starexec/sandbox/benchmark/Axioms/LCL006+0.ax', and_2)).
fof(c_0_2, axiom, ((and_1<=>![X1]:![X2]:is_a_theorem(implies(and(X1,X2),X1)))), file('/export/starexec/sandbox/benchmark/Axioms/LCL006+0.ax', and_1)).
fof(c_0_3, axiom, ((and_3<=>![X1]:![X2]:is_a_theorem(implies(X1,implies(X2,and(X1,X2)))))), file('/export/starexec/sandbox/benchmark/Axioms/LCL006+0.ax', and_3)).
fof(c_0_4, axiom, ((axiom_M<=>![X1]:is_a_theorem(implies(necessarily(X1),X1)))), file('/export/starexec/sandbox/benchmark/Axioms/LCL007+0.ax', axiom_M)).
fof(c_0_5, axiom, (modus_ponens), file('/export/starexec/sandbox/benchmark/Axioms/LCL006+2.ax', hilbert_modus_ponens)).
fof(c_0_6, axiom, (and_2), file('/export/starexec/sandbox/benchmark/Axioms/LCL006+2.ax', hilbert_and_2)).
fof(c_0_7, axiom, ((op_strict_equiv=>![X1]:![X2]:strict_equiv(X1,X2)=and(strict_implies(X1,X2),strict_implies(X2,X1)))), file('/export/starexec/sandbox/benchmark/Axioms/LCL007+1.ax', op_strict_equiv)).
fof(c_0_8, axiom, (and_1), file('/export/starexec/sandbox/benchmark/Axioms/LCL006+2.ax', hilbert_and_1)).
fof(c_0_9, axiom, ((substitution_of_equivalents<=>![X1]:![X2]:(is_a_theorem(equiv(X1,X2))=>X1=X2))), file('/export/starexec/sandbox/benchmark/Axioms/LCL006+0.ax', substitution_of_equivalents)).
fof(c_0_10, axiom, ((op_equiv=>![X1]:![X2]:equiv(X1,X2)=and(implies(X1,X2),implies(X2,X1)))), file('/export/starexec/sandbox/benchmark/Axioms/LCL006+1.ax', op_equiv)).
fof(c_0_11, axiom, (and_3), file('/export/starexec/sandbox/benchmark/Axioms/LCL006+2.ax', hilbert_and_3)).
fof(c_0_12, axiom, (axiom_M), file('/export/starexec/sandbox/benchmark/Axioms/LCL007+2.ax', km5_axiom_M)).
fof(c_0_13, axiom, ((op_strict_implies=>![X1]:![X2]:strict_implies(X1,X2)=necessarily(implies(X1,X2)))), file('/export/starexec/sandbox/benchmark/Axioms/LCL007+1.ax', op_strict_implies)).
fof(c_0_14, axiom, (op_strict_equiv), file('/export/starexec/sandbox/benchmark/theBenchmark.p', s1_0_op_strict_equiv)).
fof(c_0_15, axiom, ((substitution_strict_equiv<=>![X1]:![X2]:(is_a_theorem(strict_equiv(X1,X2))=>X1=X2))), file('/export/starexec/sandbox/benchmark/Axioms/LCL007+0.ax', substitution_strict_equiv)).
fof(c_0_16, conjecture, (substitution_strict_equiv), file('/export/starexec/sandbox/benchmark/theBenchmark.p', s1_0_substitution_strict_equiv)).
fof(c_0_17, axiom, (substitution_of_equivalents), file('/export/starexec/sandbox/benchmark/Axioms/LCL006+2.ax', substitution_of_equivalents)).
fof(c_0_18, axiom, (op_equiv), file('/export/starexec/sandbox/benchmark/Axioms/LCL006+2.ax', hilbert_op_equiv)).
fof(c_0_19, axiom, (op_strict_implies), file('/export/starexec/sandbox/benchmark/theBenchmark.p', s1_0_op_strict_implies)).
fof(c_0_20, plain, (![X3]:![X4]:((~modus_ponens|((~is_a_theorem(X3)|~is_a_theorem(implies(X3,X4)))|is_a_theorem(X4)))&(((is_a_theorem(esk1_0)|modus_ponens)&(is_a_theorem(implies(esk1_0,esk2_0))|modus_ponens))&(~is_a_theorem(esk2_0)|modus_ponens)))), inference(distribute,[status(thm)],[inference(shift_quantors,[status(thm)],[inference(skolemize,[status(esa)],[inference(variable_rename,[status(thm)],[inference(fof_nnf,[status(thm)],[c_0_0])])])])])).
fof(c_0_21, plain, (![X3]:![X4]:((~and_2|is_a_theorem(implies(and(X3,X4),X4)))&(~is_a_theorem(implies(and(esk16_0,esk17_0),esk17_0))|and_2))), inference(shift_quantors,[status(thm)],[inference(skolemize,[status(esa)],[inference(variable_rename,[status(thm)],[inference(fof_nnf,[status(thm)],[c_0_1])])])])).
fof(c_0_22, plain, (![X3]:![X4]:((~and_1|is_a_theorem(implies(and(X3,X4),X3)))&(~is_a_theorem(implies(and(esk14_0,esk15_0),esk14_0))|and_1))), inference(shift_quantors,[status(thm)],[inference(skolemize,[status(esa)],[inference(variable_rename,[status(thm)],[inference(fof_nnf,[status(thm)],[c_0_2])])])])).
fof(c_0_23, plain, (![X3]:![X4]:((~and_3|is_a_theorem(implies(X3,implies(X4,and(X3,X4)))))&(~is_a_theorem(implies(esk18_0,implies(esk19_0,and(esk18_0,esk19_0))))|and_3))), inference(shift_quantors,[status(thm)],[inference(skolemize,[status(esa)],[inference(variable_rename,[status(thm)],[inference(fof_nnf,[status(thm)],[c_0_3])])])])).
fof(c_0_24, plain, (![X2]:((~axiom_M|is_a_theorem(implies(necessarily(X2),X2)))&(~is_a_theorem(implies(necessarily(esk65_0),esk65_0))|axiom_M))), inference(shift_quantors,[status(thm)],[inference(skolemize,[status(esa)],[inference(variable_rename,[status(thm)],[inference(fof_nnf,[status(thm)],[c_0_4])])])])).
cnf(c_0_25,plain,(is_a_theorem(X1)|~is_a_theorem(implies(X2,X1))|~is_a_theorem(X2)|~modus_ponens), inference(split_conjunct,[status(thm)],[c_0_20])).
cnf(c_0_26,plain,(modus_ponens), inference(split_conjunct,[status(thm)],[c_0_5])).
cnf(c_0_27,plain,(is_a_theorem(implies(and(X1,X2),X2))|~and_2), inference(split_conjunct,[status(thm)],[c_0_21])).
cnf(c_0_28,plain,(and_2), inference(split_conjunct,[status(thm)],[c_0_6])).
fof(c_0_29, plain, (![X3]:![X4]:(~op_strict_equiv|strict_equiv(X3,X4)=and(strict_implies(X3,X4),strict_implies(X4,X3)))), inference(shift_quantors,[status(thm)],[inference(variable_rename,[status(thm)],[inference(fof_nnf,[status(thm)],[c_0_7])])])).
cnf(c_0_30,plain,(is_a_theorem(implies(and(X1,X2),X1))|~and_1), inference(split_conjunct,[status(thm)],[c_0_22])).
cnf(c_0_31,plain,(and_1), inference(split_conjunct,[status(thm)],[c_0_8])).
fof(c_0_32, plain, (![X3]:![X4]:((~substitution_of_equivalents|(~is_a_theorem(equiv(X3,X4))|X3=X4))&((is_a_theorem(equiv(esk3_0,esk4_0))|substitution_of_equivalents)&(esk3_0!=esk4_0|substitution_of_equivalents)))), inference(distribute,[status(thm)],[inference(shift_quantors,[status(thm)],[inference(skolemize,[status(esa)],[inference(variable_rename,[status(thm)],[inference(fof_nnf,[status(thm)],[c_0_9])])])])])).
fof(c_0_33, plain, (![X3]:![X4]:(~op_equiv|equiv(X3,X4)=and(implies(X3,X4),implies(X4,X3)))), inference(shift_quantors,[status(thm)],[inference(variable_rename,[status(thm)],[inference(fof_nnf,[status(thm)],[c_0_10])])])).
cnf(c_0_34,plain,(is_a_theorem(implies(X1,implies(X2,and(X1,X2))))|~and_3), inference(split_conjunct,[status(thm)],[c_0_23])).
cnf(c_0_35,plain,(and_3), inference(split_conjunct,[status(thm)],[c_0_11])).
cnf(c_0_36,plain,(is_a_theorem(implies(necessarily(X1),X1))|~axiom_M), inference(split_conjunct,[status(thm)],[c_0_24])).
cnf(c_0_37,plain,(axiom_M), inference(split_conjunct,[status(thm)],[c_0_12])).
fof(c_0_38, plain, (![X3]:![X4]:(~op_strict_implies|strict_implies(X3,X4)=necessarily(implies(X3,X4)))), inference(shift_quantors,[status(thm)],[inference(variable_rename,[status(thm)],[inference(fof_nnf,[status(thm)],[c_0_13])])])).
cnf(c_0_39,plain,(is_a_theorem(X1)|~is_a_theorem(implies(X2,X1))|~is_a_theorem(X2)), inference(cn,[status(thm)],[inference(rw,[status(thm)],[c_0_25, c_0_26])])).
cnf(c_0_40,plain,(is_a_theorem(implies(and(X1,X2),X2))), inference(cn,[status(thm)],[inference(rw,[status(thm)],[c_0_27, c_0_28])])).
cnf(c_0_41,plain,(strict_equiv(X1,X2)=and(strict_implies(X1,X2),strict_implies(X2,X1))|~op_strict_equiv), inference(split_conjunct,[status(thm)],[c_0_29])).
cnf(c_0_42,plain,(op_strict_equiv), inference(split_conjunct,[status(thm)],[c_0_14])).
fof(c_0_43, plain, (![X3]:![X4]:((~substitution_strict_equiv|(~is_a_theorem(strict_equiv(X3,X4))|X3=X4))&((is_a_theorem(strict_equiv(esk61_0,esk62_0))|substitution_strict_equiv)&(esk61_0!=esk62_0|substitution_strict_equiv)))), inference(distribute,[status(thm)],[inference(shift_quantors,[status(thm)],[inference(skolemize,[status(esa)],[inference(variable_rename,[status(thm)],[inference(fof_nnf,[status(thm)],[c_0_15])])])])])).
fof(c_0_44, negated_conjecture, (~substitution_strict_equiv), inference(fof_simplification,[status(thm)],[inference(assume_negation,[status(cth)],[c_0_16])])).
cnf(c_0_45,plain,(is_a_theorem(implies(and(X1,X2),X1))), inference(cn,[status(thm)],[inference(rw,[status(thm)],[c_0_30, c_0_31])])).
cnf(c_0_46,plain,(X1=X2|~is_a_theorem(equiv(X1,X2))|~substitution_of_equivalents), inference(split_conjunct,[status(thm)],[c_0_32])).
cnf(c_0_47,plain,(substitution_of_equivalents), inference(split_conjunct,[status(thm)],[c_0_17])).
cnf(c_0_48,plain,(equiv(X1,X2)=and(implies(X1,X2),implies(X2,X1))|~op_equiv), inference(split_conjunct,[status(thm)],[c_0_33])).
cnf(c_0_49,plain,(op_equiv), inference(split_conjunct,[status(thm)],[c_0_18])).
cnf(c_0_50,plain,(is_a_theorem(implies(X1,implies(X2,and(X1,X2))))), inference(cn,[status(thm)],[inference(rw,[status(thm)],[c_0_34, c_0_35])])).
cnf(c_0_51,plain,(is_a_theorem(implies(necessarily(X1),X1))), inference(cn,[status(thm)],[inference(rw,[status(thm)],[c_0_36, c_0_37])])).
cnf(c_0_52,plain,(strict_implies(X1,X2)=necessarily(implies(X1,X2))|~op_strict_implies), inference(split_conjunct,[status(thm)],[c_0_38])).
cnf(c_0_53,plain,(op_strict_implies), inference(split_conjunct,[status(thm)],[c_0_19])).
cnf(c_0_54,plain,(is_a_theorem(X1)|~is_a_theorem(and(X2,X1))), inference(spm,[status(thm)],[c_0_39, c_0_40])).
cnf(c_0_55,plain,(and(strict_implies(X1,X2),strict_implies(X2,X1))=strict_equiv(X1,X2)), inference(cn,[status(thm)],[inference(rw,[status(thm)],[c_0_41, c_0_42])])).
cnf(c_0_56,plain,(substitution_strict_equiv|is_a_theorem(strict_equiv(esk61_0,esk62_0))), inference(split_conjunct,[status(thm)],[c_0_43])).
cnf(c_0_57,negated_conjecture,(~substitution_strict_equiv), inference(split_conjunct,[status(thm)],[c_0_44])).
cnf(c_0_58,plain,(is_a_theorem(X1)|~is_a_theorem(and(X1,X2))), inference(spm,[status(thm)],[c_0_39, c_0_45])).
cnf(c_0_59,plain,(X1=X2|~is_a_theorem(equiv(X1,X2))), inference(cn,[status(thm)],[inference(rw,[status(thm)],[c_0_46, c_0_47])])).
cnf(c_0_60,plain,(and(implies(X1,X2),implies(X2,X1))=equiv(X1,X2)), inference(cn,[status(thm)],[inference(rw,[status(thm)],[c_0_48, c_0_49])])).
cnf(c_0_61,plain,(is_a_theorem(implies(X1,and(X2,X1)))|~is_a_theorem(X2)), inference(spm,[status(thm)],[c_0_39, c_0_50])).
cnf(c_0_62,plain,(is_a_theorem(X1)|~is_a_theorem(necessarily(X1))), inference(spm,[status(thm)],[c_0_39, c_0_51])).
cnf(c_0_63,plain,(necessarily(implies(X1,X2))=strict_implies(X1,X2)), inference(cn,[status(thm)],[inference(rw,[status(thm)],[c_0_52, c_0_53])])).
cnf(c_0_64,plain,(is_a_theorem(strict_implies(X1,X2))|~is_a_theorem(strict_equiv(X2,X1))), inference(spm,[status(thm)],[c_0_54, c_0_55])).
cnf(c_0_65,plain,(is_a_theorem(strict_equiv(esk61_0,esk62_0))), inference(sr,[status(thm)],[c_0_56, c_0_57])).
cnf(c_0_66,plain,(is_a_theorem(strict_implies(X1,X2))|~is_a_theorem(strict_equiv(X1,X2))), inference(spm,[status(thm)],[c_0_58, c_0_55])).
cnf(c_0_67,plain,(X1=X2|~is_a_theorem(and(implies(X1,X2),implies(X2,X1)))), inference(spm,[status(thm)],[c_0_59, c_0_60])).
cnf(c_0_68,plain,(is_a_theorem(and(X1,X2))|~is_a_theorem(X2)|~is_a_theorem(X1)), inference(spm,[status(thm)],[c_0_39, c_0_61])).
cnf(c_0_69,plain,(is_a_theorem(implies(X1,X2))|~is_a_theorem(strict_implies(X1,X2))), inference(spm,[status(thm)],[c_0_62, c_0_63])).
cnf(c_0_70,plain,(is_a_theorem(strict_implies(esk62_0,esk61_0))), inference(spm,[status(thm)],[c_0_64, c_0_65])).
cnf(c_0_71,plain,(is_a_theorem(strict_implies(esk61_0,esk62_0))), inference(spm,[status(thm)],[c_0_66, c_0_65])).
cnf(c_0_72,plain,(substitution_strict_equiv|esk61_0!=esk62_0), inference(split_conjunct,[status(thm)],[c_0_43])).
cnf(c_0_73,plain,(X1=X2|~is_a_theorem(implies(X2,X1))|~is_a_theorem(implies(X1,X2))), inference(spm,[status(thm)],[c_0_67, c_0_68])).
cnf(c_0_74,plain,(is_a_theorem(implies(esk62_0,esk61_0))), inference(spm,[status(thm)],[c_0_69, c_0_70])).
cnf(c_0_75,plain,(is_a_theorem(implies(esk61_0,esk62_0))), inference(spm,[status(thm)],[c_0_69, c_0_71])).
cnf(c_0_76,plain,(esk62_0!=esk61_0), inference(sr,[status(thm)],[c_0_72, c_0_57])).
cnf(c_0_77,plain,($false), inference(sr,[status(thm)],[inference(cn,[status(thm)],[inference(rw,[status(thm)],[inference(spm,[status(thm)],[c_0_73, c_0_74]), c_0_75])]), c_0_76]), ['proof']).
# SZS output end CNFRefutation.
EOF
