% Problem    : HAL002+1 : TPTP v6.1.0. Released v2.6.0.
% Command    : eprover --auto-schedule --tstp-format -s --proof-object --memory-limit=2048 --cpu-limit=%d %s
% Computer   : n186.star.cs.uiowa.edu
% Model      : x86_64 x86_64
% CPU        : Intel(R) Xeon(R) CPU E5-2609 0 @ 2.40GHz
% Memory     : 32286.75MB
% OS         : Linux 2.6.32-431.20.3.el6.x86_64
% CPULimit   : 300
% DateTime   : Sun Jul 20 04:02:31 CDT 2014
% CPUTime    : 
# No SInE strategy applied
# Trying AutoSched0 for 151 seconds
# AutoSched0-Mode selected heuristic G_E___208_C48_F1_AE_CS_SP_PS_S0Y
# and selection function SelectMaxLComplexAvoidPosPred.
#
# Presaturation interreduction done

# Proof found!
# SZS status Theorem
# SZS output start CNFRefutation.
fof(c_0_0, axiom, (![X1]:![X2]:![X3]:((injection(X1)&morphism(X1,X2,X3))=>![X5]:![X6]:(((element(X5,X2)&element(X6,X2))&apply(X1,X5)=apply(X1,X6))=>X5=X6))), file('/export/starexec/sandbox/benchmark/Axioms/HAL001+0.ax', injection_properties)).
fof(c_0_1, axiom, (![X1]:![X2]:![X3]:(morphism(X1,X2,X3)=>(![X4]:(element(X4,X2)=>element(apply(X1,X4),X3))&apply(X1,zero(X2))=zero(X3)))), file('/export/starexec/sandbox/benchmark/Axioms/HAL001+0.ax', morphism)).
fof(c_0_2, axiom, (![X2]:![X5]:![X6]:((element(X5,X2)&element(X6,X2))=>element(subtract(X2,X5,X6),X2))), file('/export/starexec/sandbox/benchmark/Axioms/HAL001+0.ax', subtract_in_domain)).
fof(c_0_3, axiom, (![X2]:![X4]:(element(X4,X2)=>subtract(X2,X4,X4)=zero(X2))), file('/export/starexec/sandbox/benchmark/Axioms/HAL001+0.ax', subtract_to_0)).
fof(c_0_4, hypothesis, (morphism(x,any1,any2)), file('/export/starexec/sandbox/benchmark/theBenchmark.p', x_morphism)).
fof(c_0_5, conjecture, ((injection(x)<=>injection_2(x))), file('/export/starexec/sandbox/benchmark/theBenchmark.p', my)).
fof(c_0_6, axiom, (![X1]:![X2]:![X3]:((morphism(X1,X2,X3)&![X4]:((element(X4,X2)&apply(X1,X4)=zero(X3))=>X4=zero(X2)))=>injection_2(X1))), file('/export/starexec/sandbox/benchmark/theBenchmark.p', properties_for_injection_2)).
fof(c_0_7, axiom, (![X1]:![X2]:![X3]:((morphism(X1,X2,X3)&![X5]:![X6]:(((element(X5,X2)&element(X6,X2))&apply(X1,X5)=apply(X1,X6))=>X5=X6))=>injection(X1))), file('/export/starexec/sandbox/benchmark/Axioms/HAL001+0.ax', properties_for_injection)).
fof(c_0_8, axiom, (![X1]:![X2]:![X3]:(morphism(X1,X2,X3)=>![X5]:![X6]:((element(X5,X2)&element(X6,X2))=>apply(X1,subtract(X2,X5,X6))=subtract(X3,apply(X1,X5),apply(X1,X6))))), file('/export/starexec/sandbox/benchmark/Axioms/HAL001+0.ax', subtract_distribution)).
fof(c_0_9, axiom, (![X1]:![X2]:![X3]:((injection_2(X1)&morphism(X1,X2,X3))=>![X4]:((element(X4,X2)&apply(X1,X4)=zero(X3))=>X4=zero(X2)))), file('/export/starexec/sandbox/benchmark/theBenchmark.p', injection_properties_2)).
fof(c_0_10, axiom, (![X2]:![X5]:![X6]:((element(X5,X2)&element(X6,X2))=>subtract(X2,X5,subtract(X2,X5,X6))=X6)), file('/export/starexec/sandbox/benchmark/Axioms/HAL001+0.ax', subtract_cancellation)).
fof(c_0_11, plain, (![X7]:![X8]:![X9]:![X10]:![X11]:((~injection(X7)|~morphism(X7,X8,X9))|(((~element(X10,X8)|~element(X11,X8))|apply(X7,X10)!=apply(X7,X11))|X10=X11))), inference(shift_quantors,[status(thm)],[inference(variable_rename,[status(thm)],[inference(shift_quantors,[status(thm)],[inference(fof_nnf,[status(thm)],[c_0_0])])])])).
fof(c_0_12, plain, (![X5]:![X6]:![X7]:![X8]:(((~element(X8,X6)|element(apply(X5,X8),X7))|~morphism(X5,X6,X7))&(apply(X5,zero(X6))=zero(X7)|~morphism(X5,X6,X7)))), inference(distribute,[status(thm)],[inference(shift_quantors,[status(thm)],[inference(variable_rename,[status(thm)],[inference(fof_nnf,[status(thm)],[c_0_1])])])])).
fof(c_0_13, plain, (![X7]:![X8]:![X9]:((~element(X8,X7)|~element(X9,X7))|element(subtract(X7,X8,X9),X7))), inference(variable_rename,[status(thm)],[inference(fof_nnf,[status(thm)],[c_0_2])])).
fof(c_0_14, plain, (![X5]:![X6]:(~element(X6,X5)|subtract(X5,X6,X6)=zero(X5))), inference(variable_rename,[status(thm)],[inference(fof_nnf,[status(thm)],[c_0_3])])).
cnf(c_0_15,plain,(X1=X2|apply(X3,X1)!=apply(X3,X2)|~element(X2,X4)|~element(X1,X4)|~morphism(X3,X4,X5)|~injection(X3)), inference(split_conjunct,[status(thm)],[c_0_11])).
cnf(c_0_16,hypothesis,(morphism(x,any1,any2)), inference(split_conjunct,[status(thm)],[c_0_4])).
cnf(c_0_17,plain,(apply(X1,zero(X2))=zero(X3)|~morphism(X1,X2,X3)), inference(split_conjunct,[status(thm)],[c_0_12])).
cnf(c_0_18,plain,(element(subtract(X1,X2,X3),X1)|~element(X3,X1)|~element(X2,X1)), inference(split_conjunct,[status(thm)],[c_0_13])).
cnf(c_0_19,plain,(subtract(X1,X2,X2)=zero(X1)|~element(X2,X1)), inference(split_conjunct,[status(thm)],[c_0_14])).
fof(c_0_20, negated_conjecture, (~((injection(x)<=>injection_2(x)))), inference(assume_negation,[status(cth)],[c_0_5])).
cnf(c_0_21,hypothesis,(X1=X2|apply(x,X1)!=apply(x,X2)|~injection(x)|~element(X2,any1)|~element(X1,any1)), inference(spm,[status(thm)],[c_0_15, c_0_16])).
cnf(c_0_22,hypothesis,(apply(x,zero(any1))=zero(any2)), inference(spm,[status(thm)],[c_0_17, c_0_16])).
cnf(c_0_23,plain,(element(zero(X1),X1)|~element(X2,X1)), inference(spm,[status(thm)],[c_0_18, c_0_19])).
fof(c_0_24, plain, (![X5]:![X6]:![X7]:((((element(esk9_3(X5,X6,X7),X6)|~morphism(X5,X6,X7))|injection_2(X5))&((apply(X5,esk9_3(X5,X6,X7))=zero(X7)|~morphism(X5,X6,X7))|injection_2(X5)))&((esk9_3(X5,X6,X7)!=zero(X6)|~morphism(X5,X6,X7))|injection_2(X5)))), inference(distribute,[status(thm)],[inference(shift_quantors,[status(thm)],[inference(skolemize,[status(esa)],[inference(variable_rename,[status(thm)],[inference(shift_quantors,[status(thm)],[inference(fof_nnf,[status(thm)],[c_0_6])])])])])])).
fof(c_0_25, negated_conjecture, (((~injection(x)|~injection_2(x))&(injection(x)|injection_2(x)))), inference(fof_nnf,[status(thm)],[c_0_20])).
cnf(c_0_26,hypothesis,(X1=zero(any1)|apply(x,X1)!=zero(any2)|~injection(x)|~element(X1,any1)), inference(csr,[status(thm)],[inference(spm,[status(thm)],[c_0_21, c_0_22]), c_0_23])).
cnf(c_0_27,plain,(injection_2(X1)|apply(X1,esk9_3(X1,X2,X3))=zero(X3)|~morphism(X1,X2,X3)), inference(split_conjunct,[status(thm)],[c_0_24])).
cnf(c_0_28,negated_conjecture,(injection_2(x)|injection(x)), inference(split_conjunct,[status(thm)],[c_0_25])).
cnf(c_0_29,hypothesis,(esk9_3(x,X1,X2)=zero(any1)|injection_2(x)|zero(X2)!=zero(any2)|~element(esk9_3(x,X1,X2),any1)|~morphism(x,X1,X2)), inference(csr,[status(thm)],[inference(spm,[status(thm)],[c_0_26, c_0_27]), c_0_28])).
cnf(c_0_30,plain,(injection_2(X1)|element(esk9_3(X1,X2,X3),X2)|~morphism(X1,X2,X3)), inference(split_conjunct,[status(thm)],[c_0_24])).
cnf(c_0_31,plain,(injection_2(X1)|~morphism(X1,X2,X3)|esk9_3(X1,X2,X3)!=zero(X2)), inference(split_conjunct,[status(thm)],[c_0_24])).
fof(c_0_32, plain, (![X7]:![X8]:![X9]:(((((element(esk1_2(X7,X8),X8)|~morphism(X7,X8,X9))|injection(X7))&((element(esk2_2(X7,X8),X8)|~morphism(X7,X8,X9))|injection(X7)))&((apply(X7,esk1_2(X7,X8))=apply(X7,esk2_2(X7,X8))|~morphism(X7,X8,X9))|injection(X7)))&((esk1_2(X7,X8)!=esk2_2(X7,X8)|~morphism(X7,X8,X9))|injection(X7)))), inference(distribute,[status(thm)],[inference(shift_quantors,[status(thm)],[inference(skolemize,[status(esa)],[inference(variable_rename,[status(thm)],[inference(shift_quantors,[status(thm)],[inference(fof_nnf,[status(thm)],[c_0_7])])])])])])).
cnf(c_0_33,hypothesis,(injection_2(x)|zero(X1)!=zero(any2)|~morphism(x,any1,X1)), inference(csr,[status(thm)],[inference(spm,[status(thm)],[c_0_29, c_0_30]), c_0_31])).
fof(c_0_34, plain, (![X7]:![X8]:![X9]:![X10]:![X11]:(~morphism(X7,X8,X9)|((~element(X10,X8)|~element(X11,X8))|apply(X7,subtract(X8,X10,X11))=subtract(X9,apply(X7,X10),apply(X7,X11))))), inference(shift_quantors,[status(thm)],[inference(variable_rename,[status(thm)],[inference(fof_nnf,[status(thm)],[c_0_8])])])).
cnf(c_0_35,plain,(injection(X1)|apply(X1,esk1_2(X1,X2))=apply(X1,esk2_2(X1,X2))|~morphism(X1,X2,X3)), inference(split_conjunct,[status(thm)],[c_0_32])).
cnf(c_0_36,negated_conjecture,(~injection_2(x)|~injection(x)), inference(split_conjunct,[status(thm)],[c_0_25])).
cnf(c_0_37,hypothesis,(injection_2(x)), inference(spm,[status(thm)],[c_0_33, c_0_16])).
cnf(c_0_38,plain,(injection(X1)|element(esk2_2(X1,X2),X2)|~morphism(X1,X2,X3)), inference(split_conjunct,[status(thm)],[c_0_32])).
cnf(c_0_39,plain,(element(apply(X1,X4),X3)|~morphism(X1,X2,X3)|~element(X4,X2)), inference(split_conjunct,[status(thm)],[c_0_12])).
fof(c_0_40, plain, (![X5]:![X6]:![X7]:![X8]:((~injection_2(X5)|~morphism(X5,X6,X7))|((~element(X8,X6)|apply(X5,X8)!=zero(X7))|X8=zero(X6)))), inference(shift_quantors,[status(thm)],[inference(variable_rename,[status(thm)],[inference(fof_nnf,[status(thm)],[c_0_9])])])).
cnf(c_0_41,plain,(apply(X1,subtract(X2,X3,X4))=subtract(X5,apply(X1,X3),apply(X1,X4))|~element(X4,X2)|~element(X3,X2)|~morphism(X1,X2,X5)), inference(split_conjunct,[status(thm)],[c_0_34])).
cnf(c_0_42,hypothesis,(apply(x,esk2_2(x,any1))=apply(x,esk1_2(x,any1))|injection(x)), inference(spm,[status(thm)],[c_0_35, c_0_16])).
cnf(c_0_43,negated_conjecture,(~injection(x)), inference(cn,[status(thm)],[inference(rw,[status(thm)],[c_0_36, c_0_37])])).
cnf(c_0_44,hypothesis,(injection(x)|element(esk2_2(x,any1),any1)), inference(spm,[status(thm)],[c_0_38, c_0_16])).
cnf(c_0_45,hypothesis,(element(apply(x,X1),any2)|~element(X1,any1)), inference(spm,[status(thm)],[c_0_39, c_0_16])).
cnf(c_0_46,plain,(injection(X1)|element(esk1_2(X1,X2),X2)|~morphism(X1,X2,X3)), inference(split_conjunct,[status(thm)],[c_0_32])).
cnf(c_0_47,plain,(X1=zero(X2)|apply(X3,X1)!=zero(X4)|~element(X1,X2)|~morphism(X3,X2,X4)|~injection_2(X3)), inference(split_conjunct,[status(thm)],[c_0_40])).
cnf(c_0_48,hypothesis,(subtract(any2,apply(x,X1),apply(x,X2))=apply(x,subtract(any1,X1,X2))|~element(X2,any1)|~element(X1,any1)), inference(spm,[status(thm)],[c_0_41, c_0_16])).
cnf(c_0_49,hypothesis,(apply(x,esk2_2(x,any1))=apply(x,esk1_2(x,any1))), inference(sr,[status(thm)],[c_0_42, c_0_43])).
cnf(c_0_50,hypothesis,(element(esk2_2(x,any1),any1)), inference(sr,[status(thm)],[c_0_44, c_0_43])).
cnf(c_0_51,hypothesis,(injection(x)|element(apply(x,esk1_2(x,any1)),any2)), inference(csr,[status(thm)],[inference(spm,[status(thm)],[c_0_45, c_0_42]), c_0_44])).
cnf(c_0_52,hypothesis,(injection(x)|element(esk1_2(x,any1),any1)), inference(spm,[status(thm)],[c_0_46, c_0_16])).
cnf(c_0_53,hypothesis,(zero(any1)=X1|apply(x,X1)!=zero(any2)|~injection_2(x)|~element(X1,any1)), inference(spm,[status(thm)],[c_0_47, c_0_16])).
cnf(c_0_54,hypothesis,(subtract(any2,apply(x,esk1_2(x,any1)),apply(x,X1))=apply(x,subtract(any1,esk2_2(x,any1),X1))|~element(X1,any1)), inference(cn,[status(thm)],[inference(rw,[status(thm)],[inference(spm,[status(thm)],[c_0_48, c_0_49]), c_0_50])])).
cnf(c_0_55,hypothesis,(element(apply(x,esk1_2(x,any1)),any2)), inference(sr,[status(thm)],[c_0_51, c_0_43])).
cnf(c_0_56,hypothesis,(element(esk1_2(x,any1),any1)), inference(sr,[status(thm)],[c_0_52, c_0_43])).
cnf(c_0_57,hypothesis,(zero(any1)=X1|apply(x,X1)!=zero(any2)|~element(X1,any1)), inference(cn,[status(thm)],[inference(rw,[status(thm)],[c_0_53, c_0_37])])).
cnf(c_0_58,hypothesis,(apply(x,subtract(any1,esk2_2(x,any1),esk1_2(x,any1)))=zero(any2)), inference(cn,[status(thm)],[inference(rw,[status(thm)],[inference(rw,[status(thm)],[inference(spm,[status(thm)],[c_0_19, c_0_54]), c_0_55]), c_0_56])])).
fof(c_0_59, plain, (![X7]:![X8]:![X9]:((~element(X8,X7)|~element(X9,X7))|subtract(X7,X8,subtract(X7,X8,X9))=X9)), inference(variable_rename,[status(thm)],[inference(fof_nnf,[status(thm)],[c_0_10])])).
cnf(c_0_60,hypothesis,(subtract(any1,esk2_2(x,any1),esk1_2(x,any1))=zero(any1)|~element(subtract(any1,esk2_2(x,any1),esk1_2(x,any1)),any1)), inference(spm,[status(thm)],[c_0_57, c_0_58])).
cnf(c_0_61,plain,(subtract(X1,X2,subtract(X1,X2,X3))=X3|~element(X3,X1)|~element(X2,X1)), inference(split_conjunct,[status(thm)],[c_0_59])).
cnf(c_0_62,hypothesis,(subtract(any1,esk2_2(x,any1),esk1_2(x,any1))=zero(any1)), inference(cn,[status(thm)],[inference(rw,[status(thm)],[inference(rw,[status(thm)],[inference(spm,[status(thm)],[c_0_60, c_0_18]), c_0_56]), c_0_50])])).
cnf(c_0_63,plain,(injection(X1)|~morphism(X1,X2,X3)|esk1_2(X1,X2)!=esk2_2(X1,X2)), inference(split_conjunct,[status(thm)],[c_0_32])).
cnf(c_0_64,plain,(subtract(X1,X2,zero(X1))=X2|~element(X2,X1)), inference(spm,[status(thm)],[c_0_61, c_0_19])).
cnf(c_0_65,hypothesis,(subtract(any1,esk2_2(x,any1),zero(any1))=esk1_2(x,any1)), inference(cn,[status(thm)],[inference(rw,[status(thm)],[inference(rw,[status(thm)],[inference(spm,[status(thm)],[c_0_61, c_0_62]), c_0_56]), c_0_50])])).
cnf(c_0_66,hypothesis,(injection(x)|esk2_2(x,any1)!=esk1_2(x,any1)), inference(spm,[status(thm)],[c_0_63, c_0_16])).
cnf(c_0_67,hypothesis,(esk2_2(x,any1)=esk1_2(x,any1)), inference(cn,[status(thm)],[inference(rw,[status(thm)],[inference(spm,[status(thm)],[c_0_64, c_0_65]), c_0_50])])).
cnf(c_0_68,hypothesis,($false), inference(sr,[status(thm)],[inference(cn,[status(thm)],[inference(rw,[status(thm)],[c_0_66, c_0_67])]), c_0_43]), ['proof']).
# SZS output end CNFRefutation.
EOF
