% Problem    : KLE148+2 : TPTP v6.1.0. Released v4.0.0.
% Command    : eprover --auto-schedule --tstp-format -s --proof-object --memory-limit=2048 --cpu-limit=%d %s
% Computer   : n113.star.cs.uiowa.edu
% Model      : x86_64 x86_64
% CPU        : Intel(R) Xeon(R) CPU E5-2609 0 @ 2.40GHz
% Memory     : 32286.75MB
% OS         : Linux 2.6.32-431.20.3.el6.x86_64
% CPULimit   : 300
% DateTime   : Sun Jul 20 03:50:06 CDT 2014
% CPUTime    : 
# No SInE strategy applied
# Trying AutoSched0 for 151 seconds
# AutoSched0-Mode selected heuristic H_____102_C18_F1_PI_AE_Q4_CS_SP_S1S
# and selection function SelectComplexAHP.
#

# Proof found!
# SZS status Theorem
# SZS output start CNFRefutation.
fof(c_0_0, axiom, (![X3]:![X2]:![X1]:addition(X1,addition(X2,X3))=addition(addition(X1,X2),X3)), file('/export/starexec/sandbox/benchmark/Axioms/KLE004+0.ax', additive_associativity)).
fof(c_0_1, axiom, (![X1]:addition(X1,X1)=X1), file('/export/starexec/sandbox/benchmark/Axioms/KLE004+0.ax', idempotence)).
fof(c_0_2, axiom, (![X1]:![X2]:(leq(X1,X2)<=>addition(X1,X2)=X2)), file('/export/starexec/sandbox/benchmark/Axioms/KLE004+0.ax', order)).
fof(c_0_3, axiom, (![X1]:![X2]:![X3]:multiplication(X1,addition(X2,X3))=addition(multiplication(X1,X2),multiplication(X1,X3))), file('/export/starexec/sandbox/benchmark/Axioms/KLE004+0.ax', distributivity1)).
fof(c_0_4, axiom, (![X1]:multiplication(X1,one)=X1), file('/export/starexec/sandbox/benchmark/Axioms/KLE004+0.ax', multiplicative_right_identity)).
fof(c_0_5, axiom, (![X1]:![X2]:addition(X1,X2)=addition(X2,X1)), file('/export/starexec/sandbox/benchmark/Axioms/KLE004+0.ax', additive_commutativity)).
fof(c_0_6, axiom, (![X1]:strong_iteration(X1)=addition(multiplication(X1,strong_iteration(X1)),one)), file('/export/starexec/sandbox/benchmark/Axioms/KLE004+0.ax', infty_unfold1)).
fof(c_0_7, conjecture, (![X4]:![X5]:((multiplication(X4,X5)=zero=>leq(multiplication(X4,strong_iteration(X5)),X4))&leq(X4,multiplication(X4,strong_iteration(X5))))), file('/export/starexec/sandbox/benchmark/theBenchmark.p', goals)).
fof(c_0_8, axiom, (![X1]:![X2]:![X3]:multiplication(X1,multiplication(X2,X3))=multiplication(multiplication(X1,X2),X3)), file('/export/starexec/sandbox/benchmark/Axioms/KLE004+0.ax', multiplicative_associativity)).
fof(c_0_9, axiom, (![X1]:multiplication(zero,X1)=zero), file('/export/starexec/sandbox/benchmark/Axioms/KLE004+0.ax', left_annihilation)).
fof(c_0_10, axiom, (![X1]:addition(X1,zero)=X1), file('/export/starexec/sandbox/benchmark/Axioms/KLE004+0.ax', additive_identity)).
fof(c_0_11, plain, (![X4]:![X5]:![X6]:addition(X6,addition(X5,X4))=addition(addition(X6,X5),X4)), inference(variable_rename,[status(thm)],[c_0_0])).
fof(c_0_12, plain, (![X2]:addition(X2,X2)=X2), inference(variable_rename,[status(thm)],[c_0_1])).
fof(c_0_13, plain, (![X3]:![X4]:![X5]:![X6]:((~leq(X3,X4)|addition(X3,X4)=X4)&(addition(X5,X6)!=X6|leq(X5,X6)))), inference(shift_quantors,[status(thm)],[inference(variable_rename,[status(thm)],[inference(shift_quantors,[status(thm)],[inference(fof_nnf,[status(thm)],[c_0_2])])])])).
cnf(c_0_14,plain,(addition(X1,addition(X2,X3))=addition(addition(X1,X2),X3)), inference(split_conjunct,[status(thm)],[c_0_11])).
cnf(c_0_15,plain,(addition(X1,X1)=X1), inference(split_conjunct,[status(thm)],[c_0_12])).
fof(c_0_16, plain, (![X4]:![X5]:![X6]:multiplication(X4,addition(X5,X6))=addition(multiplication(X4,X5),multiplication(X4,X6))), inference(variable_rename,[status(thm)],[c_0_3])).
fof(c_0_17, plain, (![X2]:multiplication(X2,one)=X2), inference(variable_rename,[status(thm)],[c_0_4])).
fof(c_0_18, plain, (![X3]:![X4]:addition(X3,X4)=addition(X4,X3)), inference(variable_rename,[status(thm)],[c_0_5])).
cnf(c_0_19,plain,(leq(X1,X2)|addition(X1,X2)!=X2), inference(split_conjunct,[status(thm)],[c_0_13])).
cnf(c_0_20,plain,(addition(X1,addition(X1,X2))=addition(X1,X2)), inference(spm,[status(thm)],[c_0_14, c_0_15])).
cnf(c_0_21,plain,(multiplication(X1,addition(X2,X3))=addition(multiplication(X1,X2),multiplication(X1,X3))), inference(split_conjunct,[status(thm)],[c_0_16])).
cnf(c_0_22,plain,(multiplication(X1,one)=X1), inference(split_conjunct,[status(thm)],[c_0_17])).
cnf(c_0_23,plain,(addition(X1,X2)=addition(X2,X1)), inference(split_conjunct,[status(thm)],[c_0_18])).
fof(c_0_24, plain, (![X2]:strong_iteration(X2)=addition(multiplication(X2,strong_iteration(X2)),one)), inference(variable_rename,[status(thm)],[c_0_6])).
cnf(c_0_25,plain,(leq(X1,addition(X1,X2))), inference(spm,[status(thm)],[c_0_19, c_0_20])).
cnf(c_0_26,plain,(addition(X1,multiplication(X1,X2))=multiplication(X1,addition(X2,one))), inference(rw,[status(thm)],[inference(spm,[status(thm)],[c_0_21, c_0_22]), c_0_23])).
cnf(c_0_27,plain,(strong_iteration(X1)=addition(multiplication(X1,strong_iteration(X1)),one)), inference(split_conjunct,[status(thm)],[c_0_24])).
fof(c_0_28, negated_conjecture, (~(![X4]:![X5]:((multiplication(X4,X5)=zero=>leq(multiplication(X4,strong_iteration(X5)),X4))&leq(X4,multiplication(X4,strong_iteration(X5)))))), inference(assume_negation,[status(cth)],[c_0_7])).
cnf(c_0_29,plain,(leq(X1,multiplication(X1,addition(X2,one)))), inference(spm,[status(thm)],[c_0_25, c_0_26])).
cnf(c_0_30,plain,(addition(one,multiplication(X1,strong_iteration(X1)))=strong_iteration(X1)), inference(rw,[status(thm)],[c_0_27, c_0_23])).
fof(c_0_31, negated_conjecture, (((multiplication(esk1_0,esk2_0)=zero|~leq(esk3_0,multiplication(esk3_0,strong_iteration(esk4_0))))&(~leq(multiplication(esk1_0,strong_iteration(esk2_0)),esk1_0)|~leq(esk3_0,multiplication(esk3_0,strong_iteration(esk4_0)))))), inference(distribute,[status(thm)],[inference(skolemize,[status(esa)],[inference(variable_rename,[status(thm)],[inference(shift_quantors,[status(thm)],[inference(fof_nnf,[status(thm)],[c_0_28])])])])])).
cnf(c_0_32,plain,(leq(X1,multiplication(X1,addition(one,X2)))), inference(spm,[status(thm)],[c_0_29, c_0_23])).
cnf(c_0_33,plain,(addition(one,strong_iteration(X1))=strong_iteration(X1)), inference(spm,[status(thm)],[c_0_20, c_0_30])).
fof(c_0_34, plain, (![X4]:![X5]:![X6]:multiplication(X4,multiplication(X5,X6))=multiplication(multiplication(X4,X5),X6)), inference(variable_rename,[status(thm)],[c_0_8])).
cnf(c_0_35,negated_conjecture,(multiplication(esk1_0,esk2_0)=zero|~leq(esk3_0,multiplication(esk3_0,strong_iteration(esk4_0)))), inference(split_conjunct,[status(thm)],[c_0_31])).
cnf(c_0_36,plain,(leq(X1,multiplication(X1,strong_iteration(X2)))), inference(spm,[status(thm)],[c_0_32, c_0_33])).
fof(c_0_37, plain, (![X2]:multiplication(zero,X2)=zero), inference(variable_rename,[status(thm)],[c_0_9])).
cnf(c_0_38,plain,(multiplication(X1,multiplication(X2,X3))=multiplication(multiplication(X1,X2),X3)), inference(split_conjunct,[status(thm)],[c_0_34])).
cnf(c_0_39,negated_conjecture,(multiplication(esk1_0,esk2_0)=zero), inference(cn,[status(thm)],[inference(rw,[status(thm)],[c_0_35, c_0_36])])).
cnf(c_0_40,plain,(multiplication(zero,X1)=zero), inference(split_conjunct,[status(thm)],[c_0_37])).
fof(c_0_41, plain, (![X2]:addition(X2,zero)=X2), inference(variable_rename,[status(thm)],[c_0_10])).
cnf(c_0_42,negated_conjecture,(multiplication(esk1_0,multiplication(esk2_0,X1))=zero), inference(rw,[status(thm)],[inference(spm,[status(thm)],[c_0_38, c_0_39]), c_0_40])).
cnf(c_0_43,plain,(addition(X1,zero)=X1), inference(split_conjunct,[status(thm)],[c_0_41])).
cnf(c_0_44,negated_conjecture,(~leq(esk3_0,multiplication(esk3_0,strong_iteration(esk4_0)))|~leq(multiplication(esk1_0,strong_iteration(esk2_0)),esk1_0)), inference(split_conjunct,[status(thm)],[c_0_31])).
cnf(c_0_45,negated_conjecture,(multiplication(esk1_0,addition(one,multiplication(esk2_0,X1)))=esk1_0), inference(rw,[status(thm)],[inference(rw,[status(thm)],[inference(spm,[status(thm)],[c_0_26, c_0_42]), c_0_43]), c_0_23])).
cnf(c_0_46,negated_conjecture,(~leq(multiplication(esk1_0,strong_iteration(esk2_0)),esk1_0)), inference(cn,[status(thm)],[inference(rw,[status(thm)],[c_0_44, c_0_36])])).
cnf(c_0_47,negated_conjecture,(multiplication(esk1_0,strong_iteration(esk2_0))=esk1_0), inference(spm,[status(thm)],[c_0_45, c_0_30])).
cnf(c_0_48,plain,(leq(X1,X1)), inference(spm,[status(thm)],[c_0_19, c_0_15])).
cnf(c_0_49,negated_conjecture,($false), inference(cn,[status(thm)],[inference(rw,[status(thm)],[inference(rw,[status(thm)],[c_0_46, c_0_47]), c_0_48])]), ['proof']).
# SZS output end CNFRefutation.
EOF
