% Problem    : GRP646+1 : TPTP v6.1.0. Released v3.4.0.
% Command    : eprover --auto-schedule --tstp-format -s --proof-object --memory-limit=2048 --cpu-limit=%d %s
% Computer   : n144.star.cs.uiowa.edu
% Model      : x86_64 x86_64
% CPU        : Intel(R) Xeon(R) CPU E5-2609 0 @ 2.40GHz
% Memory     : 32286.75MB
% OS         : Linux 2.6.32-431.20.3.el6.x86_64
% CPULimit   : 300
% DateTime   : Sun Jul 20 06:50:01 CDT 2014
% CPUTime    : 
# No SInE strategy applied
# Trying AutoSched0 for 151 seconds
# AutoSched0-Mode selected heuristic G_E___107_B42_F1_PI_SE_Q4_CS_SP_PS_S0Y
# and selection function SelectMaxLComplexAvoidPosPred.
#
# Presaturation interreduction done
# No success with AutoSched0
# Trying AutoSched1 for 73 seconds
# AutoSched1-Mode selected heuristic G_E___200_B02_F1_AE_CS_SP_PI_S0S
# and selection function SelectComplexG.
#

# Proof found!
# SZS status Theorem
# SZS output start CNFRefutation.
fof(c_0_0, axiom, (![X1]:((((~(v3_struct_0(X1))&v3_group_1(X1))&v4_group_1(X1))&l1_group_1(X1))=>(v1_group_1(k5_group_2(X1))&m1_group_2(k5_group_2(X1),X1)))), file('/export/starexec/sandbox/benchmark/theBenchmark.p', dt_k5_group_2)).
fof(c_0_1, conjecture, (![X1]:((((~(v3_struct_0(X1))&v3_group_1(X1))&v4_group_1(X1))&l1_group_1(X1))=>![X2]:((~(v1_xboole_0(X2))&m1_subset_1(X2,k1_zfmisc_1(k1_group_3(X1))))=>(r2_hidden(k5_group_2(X1),X2)=>r1_group_2(X1,k2_latsubgr(X1,X2),k5_group_2(X1)))))), file('/export/starexec/sandbox/benchmark/theBenchmark.p', t25_latsubgr)).
fof(c_0_2, axiom, (![X1]:((((~(v3_struct_0(X1))&v3_group_1(X1))&v4_group_1(X1))&l1_group_1(X1))=>![X2]:(X2=k1_group_3(X1)<=>![X3]:(r2_hidden(X3,X2)<=>(v1_group_1(X3)&m1_group_2(X3,X1)))))), file('/export/starexec/sandbox/benchmark/theBenchmark.p', d1_group_3)).
fof(c_0_3, axiom, (![X1]:![X2]:((~(v1_xboole_0(X1))&m1_subset_1(X2,X1))=>m1_subset_1(k6_domain_1(X1,X2),k1_zfmisc_1(X1)))), file('/export/starexec/sandbox/benchmark/theBenchmark.p', dt_k6_domain_1)).
fof(c_0_4, axiom, (![X1]:![X2]:(r2_hidden(X1,X2)=>m1_subset_1(X1,X2))), file('/export/starexec/sandbox/benchmark/theBenchmark.p', t1_subset)).
fof(c_0_5, axiom, (![X1]:![X2]:~((r2_hidden(X1,X2)&v1_xboole_0(X2)))), file('/export/starexec/sandbox/benchmark/theBenchmark.p', t7_boole)).
fof(c_0_6, axiom, (![X1]:![X2]:((~(v1_xboole_0(X1))&m1_subset_1(X2,X1))=>k6_domain_1(X1,X2)=k1_tarski(X2))), file('/export/starexec/sandbox/benchmark/theBenchmark.p', redefinition_k6_domain_1)).
fof(c_0_7, axiom, (![X1]:![X2]:![X3]:((r2_hidden(X1,X2)&m1_subset_1(X2,k1_zfmisc_1(X3)))=>m1_subset_1(X1,X3))), file('/export/starexec/sandbox/benchmark/theBenchmark.p', t4_subset)).
fof(c_0_8, axiom, (![X1]:![X2]:(m1_subset_1(X1,X2)=>(v1_xboole_0(X2)|r2_hidden(X1,X2)))), file('/export/starexec/sandbox/benchmark/theBenchmark.p', t2_subset)).
fof(c_0_9, axiom, (![X1]:?[X2]:m1_subset_1(X2,X1)), file('/export/starexec/sandbox/benchmark/theBenchmark.p', existence_m1_subset_1)).
fof(c_0_10, axiom, (![X1]:~(v1_xboole_0(k1_tarski(X1)))), file('/export/starexec/sandbox/benchmark/theBenchmark.p', fc2_subset_1)).
fof(c_0_11, axiom, (![X1]:((((~(v3_struct_0(X1))&v3_group_1(X1))&v4_group_1(X1))&l1_group_1(X1))=>((v1_funct_1(k1_latsubgr(X1))&v1_funct_2(k1_latsubgr(X1),k1_group_3(X1),k1_zfmisc_1(u1_struct_0(X1))))&m2_relset_1(k1_latsubgr(X1),k1_group_3(X1),k1_zfmisc_1(u1_struct_0(X1)))))), file('/export/starexec/sandbox/benchmark/theBenchmark.p', dt_k1_latsubgr)).
fof(c_0_12, axiom, (![X1]:((((~(v3_struct_0(X1))&v3_group_1(X1))&v4_group_1(X1))&l1_group_1(X1))=>![X2]:(((v1_funct_1(X2)&v1_funct_2(X2,k1_group_3(X1),k1_zfmisc_1(u1_struct_0(X1))))&m2_relset_1(X2,k1_group_3(X1),k1_zfmisc_1(u1_struct_0(X1))))=>(X2=k1_latsubgr(X1)<=>![X3]:((v1_group_1(X3)&m1_group_2(X3,X1))=>k1_funct_1(X2,X3)=u1_struct_0(X3)))))), file('/export/starexec/sandbox/benchmark/theBenchmark.p', d1_latsubgr)).
fof(c_0_13, axiom, (![X1]:(((~(v3_struct_0(X1))&v3_group_1(X1))&l1_group_1(X1))=>![X2]:(((~(v3_struct_0(X2))&v3_group_1(X2))&l1_group_1(X2))=>(m1_group_2(X2,X1)<=>(r1_tarski(u1_struct_0(X2),u1_struct_0(X1))&u1_group_1(X2)=k1_realset1(u1_group_1(X1),u1_struct_0(X2))))))), file('/export/starexec/sandbox/benchmark/theBenchmark.p', d5_group_2)).
fof(c_0_14, axiom, (![X1]:(((~(v3_struct_0(X1))&v3_group_1(X1))&l1_group_1(X1))=>![X2]:(m1_group_2(X2,X1)=>((~(v3_struct_0(X2))&v3_group_1(X2))&l1_group_1(X2))))), file('/export/starexec/sandbox/benchmark/theBenchmark.p', dt_m1_group_2)).
fof(c_0_15, axiom, (![X1]:![X2]:((((((~(v3_struct_0(X1))&v3_group_1(X1))&v4_group_1(X1))&l1_group_1(X1))&~(v1_xboole_0(X2)))&m1_subset_1(X2,k1_zfmisc_1(k1_group_3(X1))))=>(v1_group_1(k2_latsubgr(X1,X2))&m1_group_2(k2_latsubgr(X1,X2),X1)))), file('/export/starexec/sandbox/benchmark/theBenchmark.p', dt_k2_latsubgr)).
fof(c_0_16, axiom, (![X1]:((((~(v3_struct_0(X1))&v3_group_1(X1))&v4_group_1(X1))&l1_group_1(X1))=>![X2]:((~(v1_xboole_0(X2))&m1_subset_1(X2,k1_zfmisc_1(k1_group_3(X1))))=>![X3]:((v1_group_1(X3)&m1_group_2(X3,X1))=>(X3=k2_latsubgr(X1,X2)<=>u1_struct_0(X3)=k6_setfam_1(u1_struct_0(X1),k2_funct_2(k1_group_3(X1),k1_zfmisc_1(u1_struct_0(X1)),k1_latsubgr(X1),X2))))))), file('/export/starexec/sandbox/benchmark/theBenchmark.p', d2_latsubgr)).
fof(c_0_17, axiom, (![X1]:![X2]:![X3]:(m2_relset_1(X3,X1,X2)<=>m1_relset_1(X3,X1,X2))), file('/export/starexec/sandbox/benchmark/theBenchmark.p', redefinition_m2_relset_1)).
fof(c_0_18, axiom, (![X1]:(v1_xboole_0(X1)=>X1=k1_xboole_0)), file('/export/starexec/sandbox/benchmark/theBenchmark.p', t6_boole)).
fof(c_0_19, axiom, (![X1]:?[X2]:(m1_subset_1(X2,k1_zfmisc_1(X1))&v1_xboole_0(X2))), file('/export/starexec/sandbox/benchmark/theBenchmark.p', rc2_subset_1)).
fof(c_0_20, axiom, (![X1]:![X2]:![X3]:![X4]:(((v1_funct_1(X4)&v1_funct_2(X4,X1,X2))&m2_relset_1(X4,X1,X2))=>(X2!=k1_xboole_0=>![X5]:(?[X6]:((r2_hidden(X6,X1)&r2_hidden(X6,X3))&X5=k1_funct_1(X4,X6))=>r2_hidden(X5,k9_relat_1(X4,X3)))))), file('/export/starexec/sandbox/benchmark/theBenchmark.p', t43_funct_2)).
fof(c_0_21, axiom, (![X1]:((((~(v3_struct_0(X1))&v3_group_1(X1))&v4_group_1(X1))&l1_group_1(X1))=>![X2]:(m1_group_2(X2,X1)=>m1_group_2(k5_group_2(X1),X2)))), file('/export/starexec/sandbox/benchmark/theBenchmark.p', t77_group_2)).
fof(c_0_22, axiom, (![X1]:![X2]:![X3]:![X4]:(((v1_funct_1(X3)&v1_funct_2(X3,X1,X2))&m1_relset_1(X3,X1,X2))=>k2_funct_2(X1,X2,X3,X4)=k9_relat_1(X3,X4))), file('/export/starexec/sandbox/benchmark/theBenchmark.p', redefinition_k2_funct_2)).
fof(c_0_23, axiom, (![X1]:![X2]:r1_tarski(X1,X1)), file('/export/starexec/sandbox/benchmark/theBenchmark.p', reflexivity_r1_tarski)).
fof(c_0_24, axiom, (![X1]:~(v1_xboole_0(k1_zfmisc_1(X1)))), file('/export/starexec/sandbox/benchmark/theBenchmark.p', fc1_subset_1)).
fof(c_0_25, axiom, (![X1]:((((~(v3_struct_0(X1))&v3_group_1(X1))&v4_group_1(X1))&l1_group_1(X1))=>![X2]:((v1_group_1(X2)&m1_group_2(X2,X1))=>(X2=k5_group_2(X1)<=>u1_struct_0(X2)=k6_domain_1(u1_struct_0(X1),k2_group_1(X1)))))), file('/export/starexec/sandbox/benchmark/theBenchmark.p', d7_group_2)).
fof(c_0_26, axiom, (![X1]:![X2]:(m1_subset_1(X1,k1_zfmisc_1(X2))<=>r1_tarski(X1,X2))), file('/export/starexec/sandbox/benchmark/theBenchmark.p', t3_subset)).
fof(c_0_27, axiom, (![X1]:![X2]:![X3]:![X4]:(((v1_funct_1(X3)&v1_funct_2(X3,X1,X2))&m1_relset_1(X3,X1,X2))=>m1_subset_1(k2_funct_2(X1,X2,X3,X4),k1_zfmisc_1(X2)))), file('/export/starexec/sandbox/benchmark/theBenchmark.p', dt_k2_funct_2)).
fof(c_0_28, axiom, (![X1]:![X2]:(r2_hidden(X1,X2)=>r1_tarski(k1_setfam_1(X2),X1))), file('/export/starexec/sandbox/benchmark/theBenchmark.p', t4_setfam_1)).
fof(c_0_29, axiom, (![X1]:![X2]:(m1_subset_1(X2,k1_zfmisc_1(k1_zfmisc_1(X1)))=>k6_setfam_1(X1,X2)=k1_setfam_1(X2))), file('/export/starexec/sandbox/benchmark/theBenchmark.p', redefinition_k6_setfam_1)).
fof(c_0_30, axiom, (![X1]:![X2]:(X1=X2<=>(r1_tarski(X1,X2)&r1_tarski(X2,X1)))), file('/export/starexec/sandbox/benchmark/theBenchmark.p', d10_xboole_0)).
fof(c_0_31, axiom, (![X1]:![X2]:![X3]:((((((((~(v3_struct_0(X1))&v3_group_1(X1))&v4_group_1(X1))&l1_group_1(X1))&v1_group_1(X2))&m1_group_2(X2,X1))&v1_group_1(X3))&m1_group_2(X3,X1))=>(r1_group_2(X1,X2,X3)<=>X2=X3))), file('/export/starexec/sandbox/benchmark/theBenchmark.p', redefinition_r1_group_2)).
fof(c_0_32, axiom, (![X1]:![X2]:![X3]:~(((r2_hidden(X1,X2)&m1_subset_1(X2,k1_zfmisc_1(X3)))&v1_xboole_0(X3)))), file('/export/starexec/sandbox/benchmark/theBenchmark.p', t5_subset)).
fof(c_0_33, axiom, (v1_xboole_0(k1_xboole_0)), file('/export/starexec/sandbox/benchmark/theBenchmark.p', fc1_xboole_0)).
fof(c_0_34, plain, (![X1]:((((~v3_struct_0(X1)&v3_group_1(X1))&v4_group_1(X1))&l1_group_1(X1))=>(v1_group_1(k5_group_2(X1))&m1_group_2(k5_group_2(X1),X1)))), inference(fof_simplification,[status(thm)],[c_0_0])).
fof(c_0_35, negated_conjecture, (~(![X1]:((((~v3_struct_0(X1)&v3_group_1(X1))&v4_group_1(X1))&l1_group_1(X1))=>![X2]:((~v1_xboole_0(X2)&m1_subset_1(X2,k1_zfmisc_1(k1_group_3(X1))))=>(r2_hidden(k5_group_2(X1),X2)=>r1_group_2(X1,k2_latsubgr(X1,X2),k5_group_2(X1))))))), inference(fof_simplification,[status(thm)],[inference(assume_negation,[status(cth)],[c_0_1])])).
fof(c_0_36, plain, (![X1]:((((~v3_struct_0(X1)&v3_group_1(X1))&v4_group_1(X1))&l1_group_1(X1))=>![X2]:(X2=k1_group_3(X1)<=>![X3]:(r2_hidden(X3,X2)<=>(v1_group_1(X3)&m1_group_2(X3,X1)))))), inference(fof_simplification,[status(thm)],[c_0_2])).
fof(c_0_37, plain, (![X2]:((v1_group_1(k5_group_2(X2))|(((v3_struct_0(X2)|~v3_group_1(X2))|~v4_group_1(X2))|~l1_group_1(X2)))&(m1_group_2(k5_group_2(X2),X2)|(((v3_struct_0(X2)|~v3_group_1(X2))|~v4_group_1(X2))|~l1_group_1(X2))))), inference(distribute,[status(thm)],[inference(variable_rename,[status(thm)],[inference(fof_nnf,[status(thm)],[c_0_34])])])).
fof(c_0_38, negated_conjecture, (((((~v3_struct_0(esk1_0)&v3_group_1(esk1_0))&v4_group_1(esk1_0))&l1_group_1(esk1_0))&((~v1_xboole_0(esk2_0)&m1_subset_1(esk2_0,k1_zfmisc_1(k1_group_3(esk1_0))))&(r2_hidden(k5_group_2(esk1_0),esk2_0)&~r1_group_2(esk1_0,k2_latsubgr(esk1_0,esk2_0),k5_group_2(esk1_0)))))), inference(skolemize,[status(esa)],[inference(variable_rename,[status(thm)],[inference(fof_nnf,[status(thm)],[c_0_35])])])).
fof(c_0_39, plain, (![X4]:![X5]:![X6]:![X7]:![X8]:((((((v1_group_1(X6)|~r2_hidden(X6,X5))|X5!=k1_group_3(X4))|(((v3_struct_0(X4)|~v3_group_1(X4))|~v4_group_1(X4))|~l1_group_1(X4)))&(((m1_group_2(X6,X4)|~r2_hidden(X6,X5))|X5!=k1_group_3(X4))|(((v3_struct_0(X4)|~v3_group_1(X4))|~v4_group_1(X4))|~l1_group_1(X4))))&((((~v1_group_1(X7)|~m1_group_2(X7,X4))|r2_hidden(X7,X5))|X5!=k1_group_3(X4))|(((v3_struct_0(X4)|~v3_group_1(X4))|~v4_group_1(X4))|~l1_group_1(X4))))&((((~r2_hidden(esk3_2(X4,X8),X8)|(~v1_group_1(esk3_2(X4,X8))|~m1_group_2(esk3_2(X4,X8),X4)))|X8=k1_group_3(X4))|(((v3_struct_0(X4)|~v3_group_1(X4))|~v4_group_1(X4))|~l1_group_1(X4)))&((((v1_group_1(esk3_2(X4,X8))|r2_hidden(esk3_2(X4,X8),X8))|X8=k1_group_3(X4))|(((v3_struct_0(X4)|~v3_group_1(X4))|~v4_group_1(X4))|~l1_group_1(X4)))&(((m1_group_2(esk3_2(X4,X8),X4)|r2_hidden(esk3_2(X4,X8),X8))|X8=k1_group_3(X4))|(((v3_struct_0(X4)|~v3_group_1(X4))|~v4_group_1(X4))|~l1_group_1(X4))))))), inference(distribute,[status(thm)],[inference(shift_quantors,[status(thm)],[inference(skolemize,[status(esa)],[inference(variable_rename,[status(thm)],[inference(shift_quantors,[status(thm)],[inference(fof_nnf,[status(thm)],[c_0_36])])])])])])).
cnf(c_0_40,plain,(v3_struct_0(X1)|m1_group_2(k5_group_2(X1),X1)|~l1_group_1(X1)|~v4_group_1(X1)|~v3_group_1(X1)), inference(split_conjunct,[status(thm)],[c_0_37])).
cnf(c_0_41,negated_conjecture,(l1_group_1(esk1_0)), inference(split_conjunct,[status(thm)],[c_0_38])).
cnf(c_0_42,negated_conjecture,(v4_group_1(esk1_0)), inference(split_conjunct,[status(thm)],[c_0_38])).
cnf(c_0_43,negated_conjecture,(v3_group_1(esk1_0)), inference(split_conjunct,[status(thm)],[c_0_38])).
cnf(c_0_44,negated_conjecture,(~v3_struct_0(esk1_0)), inference(split_conjunct,[status(thm)],[c_0_38])).
cnf(c_0_45,plain,(v3_struct_0(X1)|v1_group_1(k5_group_2(X1))|~l1_group_1(X1)|~v4_group_1(X1)|~v3_group_1(X1)), inference(split_conjunct,[status(thm)],[c_0_37])).
cnf(c_0_46,plain,(v3_struct_0(X1)|r2_hidden(X3,X2)|~l1_group_1(X1)|~v4_group_1(X1)|~v3_group_1(X1)|X2!=k1_group_3(X1)|~m1_group_2(X3,X1)|~v1_group_1(X3)), inference(split_conjunct,[status(thm)],[c_0_39])).
cnf(c_0_47,negated_conjecture,(m1_group_2(k5_group_2(esk1_0),esk1_0)), inference(sr,[status(thm)],[inference(cn,[status(thm)],[inference(rw,[status(thm)],[inference(rw,[status(thm)],[inference(spm,[status(thm)],[c_0_40, c_0_41]), c_0_42]), c_0_43])]), c_0_44])).
cnf(c_0_48,negated_conjecture,(v1_group_1(k5_group_2(esk1_0))), inference(sr,[status(thm)],[inference(cn,[status(thm)],[inference(rw,[status(thm)],[inference(rw,[status(thm)],[inference(spm,[status(thm)],[c_0_45, c_0_41]), c_0_42]), c_0_43])]), c_0_44])).
fof(c_0_49, plain, (![X1]:![X2]:((~v1_xboole_0(X1)&m1_subset_1(X2,X1))=>m1_subset_1(k6_domain_1(X1,X2),k1_zfmisc_1(X1)))), inference(fof_simplification,[status(thm)],[c_0_3])).
fof(c_0_50, plain, (![X3]:![X4]:(~r2_hidden(X3,X4)|m1_subset_1(X3,X4))), inference(variable_rename,[status(thm)],[inference(fof_nnf,[status(thm)],[c_0_4])])).
cnf(c_0_51,negated_conjecture,(r2_hidden(k5_group_2(esk1_0),X1)|k1_group_3(esk1_0)!=X1), inference(sr,[status(thm)],[inference(cn,[status(thm)],[inference(rw,[status(thm)],[inference(rw,[status(thm)],[inference(rw,[status(thm)],[inference(rw,[status(thm)],[inference(spm,[status(thm)],[c_0_46, c_0_47]), c_0_48]), c_0_41]), c_0_42]), c_0_43])]), c_0_44])).
fof(c_0_52, plain, (![X3]:![X4]:(~r2_hidden(X3,X4)|~v1_xboole_0(X4))), inference(variable_rename,[status(thm)],[inference(fof_nnf,[status(thm)],[c_0_5])])).
fof(c_0_53, plain, (![X1]:![X2]:((~v1_xboole_0(X1)&m1_subset_1(X2,X1))=>k6_domain_1(X1,X2)=k1_tarski(X2))), inference(fof_simplification,[status(thm)],[c_0_6])).
fof(c_0_54, plain, (![X3]:![X4]:((v1_xboole_0(X3)|~m1_subset_1(X4,X3))|m1_subset_1(k6_domain_1(X3,X4),k1_zfmisc_1(X3)))), inference(variable_rename,[status(thm)],[inference(fof_nnf,[status(thm)],[c_0_49])])).
cnf(c_0_55,plain,(m1_subset_1(X1,X2)|~r2_hidden(X1,X2)), inference(split_conjunct,[status(thm)],[c_0_50])).
cnf(c_0_56,negated_conjecture,(r2_hidden(k5_group_2(esk1_0),k1_group_3(esk1_0))), inference(er,[status(thm)],[c_0_51])).
cnf(c_0_57,plain,(~v1_xboole_0(X1)|~r2_hidden(X2,X1)), inference(split_conjunct,[status(thm)],[c_0_52])).
fof(c_0_58, plain, (![X3]:![X4]:((v1_xboole_0(X3)|~m1_subset_1(X4,X3))|k6_domain_1(X3,X4)=k1_tarski(X4))), inference(variable_rename,[status(thm)],[inference(fof_nnf,[status(thm)],[c_0_53])])).
cnf(c_0_59,plain,(m1_subset_1(k6_domain_1(X1,X2),k1_zfmisc_1(X1))|v1_xboole_0(X1)|~m1_subset_1(X2,X1)), inference(split_conjunct,[status(thm)],[c_0_54])).
cnf(c_0_60,negated_conjecture,(m1_subset_1(k5_group_2(esk1_0),k1_group_3(esk1_0))), inference(spm,[status(thm)],[c_0_55, c_0_56])).
cnf(c_0_61,negated_conjecture,(~v1_xboole_0(k1_group_3(esk1_0))), inference(spm,[status(thm)],[c_0_57, c_0_56])).
cnf(c_0_62,plain,(k6_domain_1(X1,X2)=k1_tarski(X2)|v1_xboole_0(X1)|~m1_subset_1(X2,X1)), inference(split_conjunct,[status(thm)],[c_0_58])).
fof(c_0_63, plain, (![X4]:![X5]:![X6]:((~r2_hidden(X4,X5)|~m1_subset_1(X5,k1_zfmisc_1(X6)))|m1_subset_1(X4,X6))), inference(variable_rename,[status(thm)],[inference(fof_nnf,[status(thm)],[c_0_7])])).
cnf(c_0_64,negated_conjecture,(m1_subset_1(k6_domain_1(k1_group_3(esk1_0),k5_group_2(esk1_0)),k1_zfmisc_1(k1_group_3(esk1_0)))), inference(sr,[status(thm)],[inference(spm,[status(thm)],[c_0_59, c_0_60]), c_0_61])).
cnf(c_0_65,negated_conjecture,(k6_domain_1(k1_group_3(esk1_0),k5_group_2(esk1_0))=k1_tarski(k5_group_2(esk1_0))), inference(sr,[status(thm)],[inference(spm,[status(thm)],[c_0_62, c_0_60]), c_0_61])).
fof(c_0_66, plain, (![X3]:![X4]:(~m1_subset_1(X3,X4)|(v1_xboole_0(X4)|r2_hidden(X3,X4)))), inference(variable_rename,[status(thm)],[inference(fof_nnf,[status(thm)],[c_0_8])])).
fof(c_0_67, plain, (![X3]:m1_subset_1(esk10_1(X3),X3)), inference(skolemize,[status(esa)],[inference(variable_rename,[status(thm)],[c_0_9])])).
fof(c_0_68, plain, (![X1]:~v1_xboole_0(k1_tarski(X1))), inference(fof_simplification,[status(thm)],[c_0_10])).
cnf(c_0_69,plain,(m1_subset_1(X1,X2)|~m1_subset_1(X3,k1_zfmisc_1(X2))|~r2_hidden(X1,X3)), inference(split_conjunct,[status(thm)],[c_0_63])).
cnf(c_0_70,negated_conjecture,(m1_subset_1(k1_tarski(k5_group_2(esk1_0)),k1_zfmisc_1(k1_group_3(esk1_0)))), inference(rw,[status(thm)],[c_0_64, c_0_65])).
cnf(c_0_71,plain,(r2_hidden(X1,X2)|v1_xboole_0(X2)|~m1_subset_1(X1,X2)), inference(split_conjunct,[status(thm)],[c_0_66])).
cnf(c_0_72,plain,(m1_subset_1(esk10_1(X1),X1)), inference(split_conjunct,[status(thm)],[c_0_67])).
fof(c_0_73, plain, (![X2]:~v1_xboole_0(k1_tarski(X2))), inference(variable_rename,[status(thm)],[c_0_68])).
fof(c_0_74, plain, (![X1]:((((~v3_struct_0(X1)&v3_group_1(X1))&v4_group_1(X1))&l1_group_1(X1))=>((v1_funct_1(k1_latsubgr(X1))&v1_funct_2(k1_latsubgr(X1),k1_group_3(X1),k1_zfmisc_1(u1_struct_0(X1))))&m2_relset_1(k1_latsubgr(X1),k1_group_3(X1),k1_zfmisc_1(u1_struct_0(X1)))))), inference(fof_simplification,[status(thm)],[c_0_11])).
cnf(c_0_75,negated_conjecture,(m1_subset_1(X1,k1_group_3(esk1_0))|~r2_hidden(X1,k1_tarski(k5_group_2(esk1_0)))), inference(spm,[status(thm)],[c_0_69, c_0_70])).
cnf(c_0_76,plain,(r2_hidden(esk10_1(X1),X1)|v1_xboole_0(X1)), inference(spm,[status(thm)],[c_0_71, c_0_72])).
cnf(c_0_77,plain,(~v1_xboole_0(k1_tarski(X1))), inference(split_conjunct,[status(thm)],[c_0_73])).
fof(c_0_78, plain, (![X1]:((((~v3_struct_0(X1)&v3_group_1(X1))&v4_group_1(X1))&l1_group_1(X1))=>![X2]:(((v1_funct_1(X2)&v1_funct_2(X2,k1_group_3(X1),k1_zfmisc_1(u1_struct_0(X1))))&m2_relset_1(X2,k1_group_3(X1),k1_zfmisc_1(u1_struct_0(X1))))=>(X2=k1_latsubgr(X1)<=>![X3]:((v1_group_1(X3)&m1_group_2(X3,X1))=>k1_funct_1(X2,X3)=u1_struct_0(X3)))))), inference(fof_simplification,[status(thm)],[c_0_12])).
fof(c_0_79, plain, (![X2]:(((v1_funct_1(k1_latsubgr(X2))|(((v3_struct_0(X2)|~v3_group_1(X2))|~v4_group_1(X2))|~l1_group_1(X2)))&(v1_funct_2(k1_latsubgr(X2),k1_group_3(X2),k1_zfmisc_1(u1_struct_0(X2)))|(((v3_struct_0(X2)|~v3_group_1(X2))|~v4_group_1(X2))|~l1_group_1(X2))))&(m2_relset_1(k1_latsubgr(X2),k1_group_3(X2),k1_zfmisc_1(u1_struct_0(X2)))|(((v3_struct_0(X2)|~v3_group_1(X2))|~v4_group_1(X2))|~l1_group_1(X2))))), inference(distribute,[status(thm)],[inference(variable_rename,[status(thm)],[inference(fof_nnf,[status(thm)],[c_0_74])])])).
fof(c_0_80, plain, (![X1]:(((~v3_struct_0(X1)&v3_group_1(X1))&l1_group_1(X1))=>![X2]:(((~v3_struct_0(X2)&v3_group_1(X2))&l1_group_1(X2))=>(m1_group_2(X2,X1)<=>(r1_tarski(u1_struct_0(X2),u1_struct_0(X1))&u1_group_1(X2)=k1_realset1(u1_group_1(X1),u1_struct_0(X2))))))), inference(fof_simplification,[status(thm)],[c_0_13])).
fof(c_0_81, plain, (![X1]:(((~v3_struct_0(X1)&v3_group_1(X1))&l1_group_1(X1))=>![X2]:(m1_group_2(X2,X1)=>((~v3_struct_0(X2)&v3_group_1(X2))&l1_group_1(X2))))), inference(fof_simplification,[status(thm)],[c_0_14])).
cnf(c_0_82,negated_conjecture,(m1_subset_1(esk10_1(k1_tarski(k5_group_2(esk1_0))),k1_group_3(esk1_0))), inference(sr,[status(thm)],[inference(spm,[status(thm)],[c_0_75, c_0_76]), c_0_77])).
fof(c_0_83, plain, (![X4]:![X5]:![X6]:((((X5!=k1_latsubgr(X4)|((~v1_group_1(X6)|~m1_group_2(X6,X4))|k1_funct_1(X5,X6)=u1_struct_0(X6)))|((~v1_funct_1(X5)|~v1_funct_2(X5,k1_group_3(X4),k1_zfmisc_1(u1_struct_0(X4))))|~m2_relset_1(X5,k1_group_3(X4),k1_zfmisc_1(u1_struct_0(X4)))))|(((v3_struct_0(X4)|~v3_group_1(X4))|~v4_group_1(X4))|~l1_group_1(X4)))&(((((v1_group_1(esk4_2(X4,X5))|X5=k1_latsubgr(X4))|((~v1_funct_1(X5)|~v1_funct_2(X5,k1_group_3(X4),k1_zfmisc_1(u1_struct_0(X4))))|~m2_relset_1(X5,k1_group_3(X4),k1_zfmisc_1(u1_struct_0(X4)))))|(((v3_struct_0(X4)|~v3_group_1(X4))|~v4_group_1(X4))|~l1_group_1(X4)))&(((m1_group_2(esk4_2(X4,X5),X4)|X5=k1_latsubgr(X4))|((~v1_funct_1(X5)|~v1_funct_2(X5,k1_group_3(X4),k1_zfmisc_1(u1_struct_0(X4))))|~m2_relset_1(X5,k1_group_3(X4),k1_zfmisc_1(u1_struct_0(X4)))))|(((v3_struct_0(X4)|~v3_group_1(X4))|~v4_group_1(X4))|~l1_group_1(X4))))&(((k1_funct_1(X5,esk4_2(X4,X5))!=u1_struct_0(esk4_2(X4,X5))|X5=k1_latsubgr(X4))|((~v1_funct_1(X5)|~v1_funct_2(X5,k1_group_3(X4),k1_zfmisc_1(u1_struct_0(X4))))|~m2_relset_1(X5,k1_group_3(X4),k1_zfmisc_1(u1_struct_0(X4)))))|(((v3_struct_0(X4)|~v3_group_1(X4))|~v4_group_1(X4))|~l1_group_1(X4)))))), inference(distribute,[status(thm)],[inference(shift_quantors,[status(thm)],[inference(skolemize,[status(esa)],[inference(variable_rename,[status(thm)],[inference(fof_nnf,[status(thm)],[c_0_78])])])])])).
cnf(c_0_84,plain,(v3_struct_0(X1)|m2_relset_1(k1_latsubgr(X1),k1_group_3(X1),k1_zfmisc_1(u1_struct_0(X1)))|~l1_group_1(X1)|~v4_group_1(X1)|~v3_group_1(X1)), inference(split_conjunct,[status(thm)],[c_0_79])).
cnf(c_0_85,plain,(v3_struct_0(X1)|v1_funct_2(k1_latsubgr(X1),k1_group_3(X1),k1_zfmisc_1(u1_struct_0(X1)))|~l1_group_1(X1)|~v4_group_1(X1)|~v3_group_1(X1)), inference(split_conjunct,[status(thm)],[c_0_79])).
cnf(c_0_86,plain,(v3_struct_0(X1)|v1_funct_1(k1_latsubgr(X1))|~l1_group_1(X1)|~v4_group_1(X1)|~v3_group_1(X1)), inference(split_conjunct,[status(thm)],[c_0_79])).
fof(c_0_87, plain, (![X1]:![X2]:((((((~v3_struct_0(X1)&v3_group_1(X1))&v4_group_1(X1))&l1_group_1(X1))&~v1_xboole_0(X2))&m1_subset_1(X2,k1_zfmisc_1(k1_group_3(X1))))=>(v1_group_1(k2_latsubgr(X1,X2))&m1_group_2(k2_latsubgr(X1,X2),X1)))), inference(fof_simplification,[status(thm)],[c_0_15])).
fof(c_0_88, plain, (![X1]:((((~v3_struct_0(X1)&v3_group_1(X1))&v4_group_1(X1))&l1_group_1(X1))=>![X2]:((~v1_xboole_0(X2)&m1_subset_1(X2,k1_zfmisc_1(k1_group_3(X1))))=>![X3]:((v1_group_1(X3)&m1_group_2(X3,X1))=>(X3=k2_latsubgr(X1,X2)<=>u1_struct_0(X3)=k6_setfam_1(u1_struct_0(X1),k2_funct_2(k1_group_3(X1),k1_zfmisc_1(u1_struct_0(X1)),k1_latsubgr(X1),X2))))))), inference(fof_simplification,[status(thm)],[c_0_16])).
fof(c_0_89, plain, (![X4]:![X5]:![X6]:![X7]:![X8]:![X9]:((~m2_relset_1(X6,X4,X5)|m1_relset_1(X6,X4,X5))&(~m1_relset_1(X9,X7,X8)|m2_relset_1(X9,X7,X8)))), inference(shift_quantors,[status(thm)],[inference(variable_rename,[status(thm)],[inference(shift_quantors,[status(thm)],[inference(fof_nnf,[status(thm)],[c_0_17])])])])).
fof(c_0_90, plain, (![X2]:(~v1_xboole_0(X2)|X2=k1_xboole_0)), inference(variable_rename,[status(thm)],[inference(fof_nnf,[status(thm)],[c_0_18])])).
fof(c_0_91, plain, (![X3]:(m1_subset_1(esk16_1(X3),k1_zfmisc_1(X3))&v1_xboole_0(esk16_1(X3)))), inference(skolemize,[status(esa)],[inference(variable_rename,[status(thm)],[c_0_19])])).
fof(c_0_92, plain, (![X3]:![X4]:(((((r1_tarski(u1_struct_0(X4),u1_struct_0(X3))|~m1_group_2(X4,X3))|((v3_struct_0(X4)|~v3_group_1(X4))|~l1_group_1(X4)))|((v3_struct_0(X3)|~v3_group_1(X3))|~l1_group_1(X3)))&(((u1_group_1(X4)=k1_realset1(u1_group_1(X3),u1_struct_0(X4))|~m1_group_2(X4,X3))|((v3_struct_0(X4)|~v3_group_1(X4))|~l1_group_1(X4)))|((v3_struct_0(X3)|~v3_group_1(X3))|~l1_group_1(X3))))&((((~r1_tarski(u1_struct_0(X4),u1_struct_0(X3))|u1_group_1(X4)!=k1_realset1(u1_group_1(X3),u1_struct_0(X4)))|m1_group_2(X4,X3))|((v3_struct_0(X4)|~v3_group_1(X4))|~l1_group_1(X4)))|((v3_struct_0(X3)|~v3_group_1(X3))|~l1_group_1(X3))))), inference(distribute,[status(thm)],[inference(shift_quantors,[status(thm)],[inference(variable_rename,[status(thm)],[inference(fof_nnf,[status(thm)],[c_0_80])])])])).
fof(c_0_93, plain, (![X3]:![X4]:((((~v3_struct_0(X4)|~m1_group_2(X4,X3))|((v3_struct_0(X3)|~v3_group_1(X3))|~l1_group_1(X3)))&((v3_group_1(X4)|~m1_group_2(X4,X3))|((v3_struct_0(X3)|~v3_group_1(X3))|~l1_group_1(X3))))&((l1_group_1(X4)|~m1_group_2(X4,X3))|((v3_struct_0(X3)|~v3_group_1(X3))|~l1_group_1(X3))))), inference(distribute,[status(thm)],[inference(shift_quantors,[status(thm)],[inference(variable_rename,[status(thm)],[inference(fof_nnf,[status(thm)],[c_0_81])])])])).
cnf(c_0_94,plain,(v3_struct_0(X1)|m1_group_2(X3,X1)|~l1_group_1(X1)|~v4_group_1(X1)|~v3_group_1(X1)|X2!=k1_group_3(X1)|~r2_hidden(X3,X2)), inference(split_conjunct,[status(thm)],[c_0_39])).
cnf(c_0_95,negated_conjecture,(r2_hidden(esk10_1(k1_tarski(k5_group_2(esk1_0))),k1_group_3(esk1_0))), inference(sr,[status(thm)],[inference(spm,[status(thm)],[c_0_71, c_0_82]), c_0_61])).
fof(c_0_96, plain, (![X7]:![X8]:![X9]:![X10]:![X11]:![X12]:(((~v1_funct_1(X10)|~v1_funct_2(X10,X7,X8))|~m2_relset_1(X10,X7,X8))|(X8=k1_xboole_0|(((~r2_hidden(X12,X7)|~r2_hidden(X12,X9))|X11!=k1_funct_1(X10,X12))|r2_hidden(X11,k9_relat_1(X10,X9)))))), inference(shift_quantors,[status(thm)],[inference(variable_rename,[status(thm)],[inference(fof_nnf,[status(thm)],[c_0_20])])])).
cnf(c_0_97,plain,(v3_struct_0(X1)|k1_funct_1(X2,X3)=u1_struct_0(X3)|~l1_group_1(X1)|~v4_group_1(X1)|~v3_group_1(X1)|~m2_relset_1(X2,k1_group_3(X1),k1_zfmisc_1(u1_struct_0(X1)))|~v1_funct_2(X2,k1_group_3(X1),k1_zfmisc_1(u1_struct_0(X1)))|~v1_funct_1(X2)|~m1_group_2(X3,X1)|~v1_group_1(X3)|X2!=k1_latsubgr(X1)), inference(split_conjunct,[status(thm)],[c_0_83])).
cnf(c_0_98,negated_conjecture,(m2_relset_1(k1_latsubgr(esk1_0),k1_group_3(esk1_0),k1_zfmisc_1(u1_struct_0(esk1_0)))), inference(sr,[status(thm)],[inference(cn,[status(thm)],[inference(rw,[status(thm)],[inference(rw,[status(thm)],[inference(spm,[status(thm)],[c_0_84, c_0_41]), c_0_42]), c_0_43])]), c_0_44])).
cnf(c_0_99,negated_conjecture,(v1_funct_2(k1_latsubgr(esk1_0),k1_group_3(esk1_0),k1_zfmisc_1(u1_struct_0(esk1_0)))), inference(sr,[status(thm)],[inference(cn,[status(thm)],[inference(rw,[status(thm)],[inference(rw,[status(thm)],[inference(spm,[status(thm)],[c_0_85, c_0_41]), c_0_42]), c_0_43])]), c_0_44])).
cnf(c_0_100,negated_conjecture,(v1_funct_1(k1_latsubgr(esk1_0))), inference(sr,[status(thm)],[inference(cn,[status(thm)],[inference(rw,[status(thm)],[inference(rw,[status(thm)],[inference(spm,[status(thm)],[c_0_86, c_0_41]), c_0_42]), c_0_43])]), c_0_44])).
fof(c_0_101, plain, (![X1]:((((~v3_struct_0(X1)&v3_group_1(X1))&v4_group_1(X1))&l1_group_1(X1))=>![X2]:(m1_group_2(X2,X1)=>m1_group_2(k5_group_2(X1),X2)))), inference(fof_simplification,[status(thm)],[c_0_21])).
fof(c_0_102, plain, (![X3]:![X4]:((v1_group_1(k2_latsubgr(X3,X4))|(((((v3_struct_0(X3)|~v3_group_1(X3))|~v4_group_1(X3))|~l1_group_1(X3))|v1_xboole_0(X4))|~m1_subset_1(X4,k1_zfmisc_1(k1_group_3(X3)))))&(m1_group_2(k2_latsubgr(X3,X4),X3)|(((((v3_struct_0(X3)|~v3_group_1(X3))|~v4_group_1(X3))|~l1_group_1(X3))|v1_xboole_0(X4))|~m1_subset_1(X4,k1_zfmisc_1(k1_group_3(X3))))))), inference(distribute,[status(thm)],[inference(variable_rename,[status(thm)],[inference(fof_nnf,[status(thm)],[c_0_87])])])).
fof(c_0_103, plain, (![X4]:![X5]:![X6]:(((((X6!=k2_latsubgr(X4,X5)|u1_struct_0(X6)=k6_setfam_1(u1_struct_0(X4),k2_funct_2(k1_group_3(X4),k1_zfmisc_1(u1_struct_0(X4)),k1_latsubgr(X4),X5)))|(~v1_group_1(X6)|~m1_group_2(X6,X4)))|(v1_xboole_0(X5)|~m1_subset_1(X5,k1_zfmisc_1(k1_group_3(X4)))))|(((v3_struct_0(X4)|~v3_group_1(X4))|~v4_group_1(X4))|~l1_group_1(X4)))&((((u1_struct_0(X6)!=k6_setfam_1(u1_struct_0(X4),k2_funct_2(k1_group_3(X4),k1_zfmisc_1(u1_struct_0(X4)),k1_latsubgr(X4),X5))|X6=k2_latsubgr(X4,X5))|(~v1_group_1(X6)|~m1_group_2(X6,X4)))|(v1_xboole_0(X5)|~m1_subset_1(X5,k1_zfmisc_1(k1_group_3(X4)))))|(((v3_struct_0(X4)|~v3_group_1(X4))|~v4_group_1(X4))|~l1_group_1(X4))))), inference(distribute,[status(thm)],[inference(shift_quantors,[status(thm)],[inference(variable_rename,[status(thm)],[inference(fof_nnf,[status(thm)],[c_0_88])])])])).
fof(c_0_104, plain, (![X5]:![X6]:![X7]:![X8]:(((~v1_funct_1(X7)|~v1_funct_2(X7,X5,X6))|~m1_relset_1(X7,X5,X6))|k2_funct_2(X5,X6,X7,X8)=k9_relat_1(X7,X8))), inference(shift_quantors,[status(thm)],[inference(variable_rename,[status(thm)],[inference(shift_quantors,[status(thm)],[inference(fof_nnf,[status(thm)],[c_0_22])])])])).
cnf(c_0_105,plain,(m1_relset_1(X1,X2,X3)|~m2_relset_1(X1,X2,X3)), inference(split_conjunct,[status(thm)],[c_0_89])).
fof(c_0_106, plain, (![X1]:r1_tarski(X1,X1)), inference(fof_simplification,[status(thm)],[c_0_23])).
cnf(c_0_107,plain,(X1=k1_xboole_0|~v1_xboole_0(X1)), inference(split_conjunct,[status(thm)],[c_0_90])).
cnf(c_0_108,plain,(v1_xboole_0(esk16_1(X1))), inference(split_conjunct,[status(thm)],[c_0_91])).
fof(c_0_109, plain, (![X1]:~v1_xboole_0(k1_zfmisc_1(X1))), inference(fof_simplification,[status(thm)],[c_0_24])).
cnf(c_0_110,plain,(v3_struct_0(X1)|v3_struct_0(X2)|r1_tarski(u1_struct_0(X2),u1_struct_0(X1))|~l1_group_1(X1)|~v3_group_1(X1)|~l1_group_1(X2)|~v3_group_1(X2)|~m1_group_2(X2,X1)), inference(split_conjunct,[status(thm)],[c_0_92])).
cnf(c_0_111,plain,(v3_struct_0(X1)|l1_group_1(X2)|~l1_group_1(X1)|~v3_group_1(X1)|~m1_group_2(X2,X1)), inference(split_conjunct,[status(thm)],[c_0_93])).
cnf(c_0_112,plain,(v3_struct_0(X1)|v3_group_1(X2)|~l1_group_1(X1)|~v3_group_1(X1)|~m1_group_2(X2,X1)), inference(split_conjunct,[status(thm)],[c_0_93])).
cnf(c_0_113,plain,(v3_struct_0(X1)|~l1_group_1(X1)|~v3_group_1(X1)|~m1_group_2(X2,X1)|~v3_struct_0(X2)), inference(split_conjunct,[status(thm)],[c_0_93])).
cnf(c_0_114,negated_conjecture,(m1_group_2(esk10_1(k1_tarski(k5_group_2(esk1_0))),X1)|v3_struct_0(X1)|k1_group_3(X1)!=k1_group_3(esk1_0)|~l1_group_1(X1)|~v4_group_1(X1)|~v3_group_1(X1)), inference(spm,[status(thm)],[c_0_94, c_0_95])).
fof(c_0_115, plain, (![X1]:((((~v3_struct_0(X1)&v3_group_1(X1))&v4_group_1(X1))&l1_group_1(X1))=>![X2]:((v1_group_1(X2)&m1_group_2(X2,X1))=>(X2=k5_group_2(X1)<=>u1_struct_0(X2)=k6_domain_1(u1_struct_0(X1),k2_group_1(X1)))))), inference(fof_simplification,[status(thm)],[c_0_25])).
cnf(c_0_116,plain,(r2_hidden(X1,k9_relat_1(X2,X3))|X6=k1_xboole_0|X1!=k1_funct_1(X2,X4)|~r2_hidden(X4,X3)|~r2_hidden(X4,X5)|~m2_relset_1(X2,X5,X6)|~v1_funct_2(X2,X5,X6)|~v1_funct_1(X2)), inference(split_conjunct,[status(thm)],[c_0_96])).
cnf(c_0_117,negated_conjecture,(k1_funct_1(k1_latsubgr(esk1_0),X1)=u1_struct_0(X1)|~m1_group_2(X1,esk1_0)|~v1_group_1(X1)), inference(sr,[status(thm)],[inference(cn,[status(thm)],[inference(rw,[status(thm)],[inference(rw,[status(thm)],[inference(rw,[status(thm)],[inference(rw,[status(thm)],[inference(rw,[status(thm)],[inference(spm,[status(thm)],[c_0_97, c_0_98]), c_0_99]), c_0_100]), c_0_41]), c_0_42]), c_0_43])]), c_0_44])).
fof(c_0_118, plain, (![X3]:![X4]:((((v3_struct_0(X3)|~v3_group_1(X3))|~v4_group_1(X3))|~l1_group_1(X3))|(~m1_group_2(X4,X3)|m1_group_2(k5_group_2(X3),X4)))), inference(shift_quantors,[status(thm)],[inference(variable_rename,[status(thm)],[inference(fof_nnf,[status(thm)],[c_0_101])])])).
cnf(c_0_119,plain,(v1_xboole_0(X1)|v3_struct_0(X2)|m1_group_2(k2_latsubgr(X2,X1),X2)|~m1_subset_1(X1,k1_zfmisc_1(k1_group_3(X2)))|~l1_group_1(X2)|~v4_group_1(X2)|~v3_group_1(X2)), inference(split_conjunct,[status(thm)],[c_0_102])).
cnf(c_0_120,negated_conjecture,(m1_subset_1(esk2_0,k1_zfmisc_1(k1_group_3(esk1_0)))), inference(split_conjunct,[status(thm)],[c_0_38])).
cnf(c_0_121,negated_conjecture,(~v1_xboole_0(esk2_0)), inference(split_conjunct,[status(thm)],[c_0_38])).
cnf(c_0_122,plain,(v3_struct_0(X1)|v1_xboole_0(X2)|u1_struct_0(X3)=k6_setfam_1(u1_struct_0(X1),k2_funct_2(k1_group_3(X1),k1_zfmisc_1(u1_struct_0(X1)),k1_latsubgr(X1),X2))|~l1_group_1(X1)|~v4_group_1(X1)|~v3_group_1(X1)|~m1_subset_1(X2,k1_zfmisc_1(k1_group_3(X1)))|~m1_group_2(X3,X1)|~v1_group_1(X3)|X3!=k2_latsubgr(X1,X2)), inference(split_conjunct,[status(thm)],[c_0_103])).
cnf(c_0_123,plain,(k2_funct_2(X1,X2,X3,X4)=k9_relat_1(X3,X4)|~m1_relset_1(X3,X1,X2)|~v1_funct_2(X3,X1,X2)|~v1_funct_1(X3)), inference(split_conjunct,[status(thm)],[c_0_104])).
cnf(c_0_124,negated_conjecture,(m1_relset_1(k1_latsubgr(esk1_0),k1_group_3(esk1_0),k1_zfmisc_1(u1_struct_0(esk1_0)))), inference(spm,[status(thm)],[c_0_105, c_0_98])).
fof(c_0_125, plain, (![X3]:![X4]:![X5]:![X6]:((~m1_subset_1(X3,k1_zfmisc_1(X4))|r1_tarski(X3,X4))&(~r1_tarski(X5,X6)|m1_subset_1(X5,k1_zfmisc_1(X6))))), inference(shift_quantors,[status(thm)],[inference(variable_rename,[status(thm)],[inference(shift_quantors,[status(thm)],[inference(fof_nnf,[status(thm)],[c_0_26])])])])).
fof(c_0_126, plain, (![X2]:r1_tarski(X2,X2)), inference(variable_rename,[status(thm)],[c_0_106])).
cnf(c_0_127,plain,(m1_subset_1(esk16_1(X1),k1_zfmisc_1(X1))), inference(split_conjunct,[status(thm)],[c_0_91])).
cnf(c_0_128,plain,(esk16_1(X1)=k1_xboole_0), inference(spm,[status(thm)],[c_0_107, c_0_108])).
fof(c_0_129, plain, (![X2]:~v1_xboole_0(k1_zfmisc_1(X2))), inference(variable_rename,[status(thm)],[c_0_109])).
cnf(c_0_130,plain,(r1_tarski(u1_struct_0(X1),u1_struct_0(X2))|v3_struct_0(X2)|~m1_group_2(X1,X2)|~l1_group_1(X2)|~v3_group_1(X2)), inference(csr,[status(thm)],[inference(csr,[status(thm)],[inference(csr,[status(thm)],[c_0_110, c_0_111]), c_0_112]), c_0_113])).
cnf(c_0_131,negated_conjecture,(m1_group_2(esk10_1(k1_tarski(k5_group_2(esk1_0))),esk1_0)), inference(sr,[status(thm)],[inference(cn,[status(thm)],[inference(rw,[status(thm)],[inference(rw,[status(thm)],[inference(rw,[status(thm)],[inference(er,[status(thm)],[c_0_114]), c_0_41]), c_0_42]), c_0_43])]), c_0_44])).
fof(c_0_132, plain, (![X3]:![X4]:((((X4!=k5_group_2(X3)|u1_struct_0(X4)=k6_domain_1(u1_struct_0(X3),k2_group_1(X3)))|(~v1_group_1(X4)|~m1_group_2(X4,X3)))|(((v3_struct_0(X3)|~v3_group_1(X3))|~v4_group_1(X3))|~l1_group_1(X3)))&(((u1_struct_0(X4)!=k6_domain_1(u1_struct_0(X3),k2_group_1(X3))|X4=k5_group_2(X3))|(~v1_group_1(X4)|~m1_group_2(X4,X3)))|(((v3_struct_0(X3)|~v3_group_1(X3))|~v4_group_1(X3))|~l1_group_1(X3))))), inference(distribute,[status(thm)],[inference(shift_quantors,[status(thm)],[inference(variable_rename,[status(thm)],[inference(fof_nnf,[status(thm)],[c_0_115])])])])).
cnf(c_0_133,negated_conjecture,(k1_zfmisc_1(u1_struct_0(esk1_0))=k1_xboole_0|r2_hidden(X1,k9_relat_1(k1_latsubgr(esk1_0),X2))|k1_funct_1(k1_latsubgr(esk1_0),X3)!=X1|~r2_hidden(X3,k1_group_3(esk1_0))|~r2_hidden(X3,X2)), inference(cn,[status(thm)],[inference(rw,[status(thm)],[inference(rw,[status(thm)],[inference(spm,[status(thm)],[c_0_116, c_0_98]), c_0_99]), c_0_100])])).
cnf(c_0_134,negated_conjecture,(k1_funct_1(k1_latsubgr(esk1_0),k5_group_2(esk1_0))=u1_struct_0(k5_group_2(esk1_0))), inference(cn,[status(thm)],[inference(rw,[status(thm)],[inference(spm,[status(thm)],[c_0_117, c_0_47]), c_0_48])])).
cnf(c_0_135,plain,(m1_group_2(k5_group_2(X1),X2)|v3_struct_0(X1)|~m1_group_2(X2,X1)|~l1_group_1(X1)|~v4_group_1(X1)|~v3_group_1(X1)), inference(split_conjunct,[status(thm)],[c_0_118])).
cnf(c_0_136,negated_conjecture,(m1_group_2(k2_latsubgr(esk1_0,esk2_0),esk1_0)), inference(sr,[status(thm)],[inference(sr,[status(thm)],[inference(cn,[status(thm)],[inference(rw,[status(thm)],[inference(rw,[status(thm)],[inference(rw,[status(thm)],[inference(spm,[status(thm)],[c_0_119, c_0_120]), c_0_41]), c_0_42]), c_0_43])]), c_0_121]), c_0_44])).
cnf(c_0_137,negated_conjecture,(k6_setfam_1(u1_struct_0(esk1_0),k2_funct_2(k1_group_3(esk1_0),k1_zfmisc_1(u1_struct_0(esk1_0)),k1_latsubgr(esk1_0),esk2_0))=u1_struct_0(X1)|k2_latsubgr(esk1_0,esk2_0)!=X1|~m1_group_2(X1,esk1_0)|~v1_group_1(X1)), inference(sr,[status(thm)],[inference(sr,[status(thm)],[inference(cn,[status(thm)],[inference(rw,[status(thm)],[inference(rw,[status(thm)],[inference(rw,[status(thm)],[inference(spm,[status(thm)],[c_0_122, c_0_120]), c_0_41]), c_0_42]), c_0_43])]), c_0_121]), c_0_44])).
cnf(c_0_138,negated_conjecture,(k2_funct_2(k1_group_3(esk1_0),k1_zfmisc_1(u1_struct_0(esk1_0)),k1_latsubgr(esk1_0),X1)=k9_relat_1(k1_latsubgr(esk1_0),X1)), inference(cn,[status(thm)],[inference(rw,[status(thm)],[inference(cn,[status(thm)],[inference(rw,[status(thm)],[inference(spm,[status(thm)],[c_0_123, c_0_99]), c_0_100])]), c_0_124])])).
cnf(c_0_139,plain,(v1_xboole_0(X1)|v3_struct_0(X2)|v1_group_1(k2_latsubgr(X2,X1))|~m1_subset_1(X1,k1_zfmisc_1(k1_group_3(X2)))|~l1_group_1(X2)|~v4_group_1(X2)|~v3_group_1(X2)), inference(split_conjunct,[status(thm)],[c_0_102])).
fof(c_0_140, plain, (![X5]:![X6]:![X7]:![X8]:(((~v1_funct_1(X7)|~v1_funct_2(X7,X5,X6))|~m1_relset_1(X7,X5,X6))|m1_subset_1(k2_funct_2(X5,X6,X7,X8),k1_zfmisc_1(X6)))), inference(shift_quantors,[status(thm)],[inference(variable_rename,[status(thm)],[inference(shift_quantors,[status(thm)],[inference(fof_nnf,[status(thm)],[c_0_27])])])])).
cnf(c_0_141,plain,(m1_subset_1(X1,k1_zfmisc_1(X2))|~r1_tarski(X1,X2)), inference(split_conjunct,[status(thm)],[c_0_125])).
cnf(c_0_142,plain,(r1_tarski(X1,X1)), inference(split_conjunct,[status(thm)],[c_0_126])).
fof(c_0_143, plain, (![X3]:![X4]:(~r2_hidden(X3,X4)|r1_tarski(k1_setfam_1(X4),X3))), inference(variable_rename,[status(thm)],[inference(fof_nnf,[status(thm)],[c_0_28])])).
cnf(c_0_144,plain,(m1_subset_1(k1_xboole_0,k1_zfmisc_1(X1))), inference(rw,[status(thm)],[c_0_127, c_0_128])).
cnf(c_0_145,plain,(~v1_xboole_0(k1_zfmisc_1(X1))), inference(split_conjunct,[status(thm)],[c_0_129])).
cnf(c_0_146,negated_conjecture,(r1_tarski(u1_struct_0(esk10_1(k1_tarski(k5_group_2(esk1_0)))),u1_struct_0(esk1_0))), inference(sr,[status(thm)],[inference(cn,[status(thm)],[inference(rw,[status(thm)],[inference(rw,[status(thm)],[inference(spm,[status(thm)],[c_0_130, c_0_131]), c_0_41]), c_0_43])]), c_0_44])).
cnf(c_0_147,plain,(v3_struct_0(X1)|u1_struct_0(X2)=k6_domain_1(u1_struct_0(X1),k2_group_1(X1))|~l1_group_1(X1)|~v4_group_1(X1)|~v3_group_1(X1)|~m1_group_2(X2,X1)|~v1_group_1(X2)|X2!=k5_group_2(X1)), inference(split_conjunct,[status(thm)],[c_0_132])).
cnf(c_0_148,negated_conjecture,(k1_zfmisc_1(u1_struct_0(esk1_0))=k1_xboole_0|r2_hidden(X1,k9_relat_1(k1_latsubgr(esk1_0),X2))|u1_struct_0(k5_group_2(esk1_0))!=X1|~r2_hidden(k5_group_2(esk1_0),X2)), inference(cn,[status(thm)],[inference(rw,[status(thm)],[inference(spm,[status(thm)],[c_0_133, c_0_134]), c_0_56])])).
cnf(c_0_149,negated_conjecture,(r2_hidden(k5_group_2(esk1_0),esk2_0)), inference(split_conjunct,[status(thm)],[c_0_38])).
cnf(c_0_150,negated_conjecture,(m1_group_2(k5_group_2(esk1_0),k2_latsubgr(esk1_0,esk2_0))), inference(sr,[status(thm)],[inference(cn,[status(thm)],[inference(rw,[status(thm)],[inference(rw,[status(thm)],[inference(rw,[status(thm)],[inference(spm,[status(thm)],[c_0_135, c_0_136]), c_0_41]), c_0_42]), c_0_43])]), c_0_44])).
cnf(c_0_151,negated_conjecture,(l1_group_1(k2_latsubgr(esk1_0,esk2_0))), inference(sr,[status(thm)],[inference(cn,[status(thm)],[inference(rw,[status(thm)],[inference(rw,[status(thm)],[inference(spm,[status(thm)],[c_0_111, c_0_136]), c_0_41]), c_0_43])]), c_0_44])).
cnf(c_0_152,negated_conjecture,(v3_group_1(k2_latsubgr(esk1_0,esk2_0))), inference(sr,[status(thm)],[inference(cn,[status(thm)],[inference(rw,[status(thm)],[inference(rw,[status(thm)],[inference(spm,[status(thm)],[c_0_112, c_0_136]), c_0_41]), c_0_43])]), c_0_44])).
cnf(c_0_153,negated_conjecture,(~v3_struct_0(k2_latsubgr(esk1_0,esk2_0))), inference(sr,[status(thm)],[inference(cn,[status(thm)],[inference(rw,[status(thm)],[inference(rw,[status(thm)],[inference(spm,[status(thm)],[c_0_113, c_0_136]), c_0_41]), c_0_43])]), c_0_44])).
cnf(c_0_154,negated_conjecture,(k6_setfam_1(u1_struct_0(esk1_0),k9_relat_1(k1_latsubgr(esk1_0),esk2_0))=u1_struct_0(X1)|k2_latsubgr(esk1_0,esk2_0)!=X1|~m1_group_2(X1,esk1_0)|~v1_group_1(X1)), inference(rw,[status(thm)],[c_0_137, c_0_138])).
cnf(c_0_155,negated_conjecture,(v1_group_1(k2_latsubgr(esk1_0,esk2_0))), inference(sr,[status(thm)],[inference(sr,[status(thm)],[inference(cn,[status(thm)],[inference(rw,[status(thm)],[inference(rw,[status(thm)],[inference(rw,[status(thm)],[inference(spm,[status(thm)],[c_0_139, c_0_120]), c_0_41]), c_0_42]), c_0_43])]), c_0_121]), c_0_44])).
fof(c_0_156, plain, (![X3]:![X4]:(~m1_subset_1(X4,k1_zfmisc_1(k1_zfmisc_1(X3)))|k6_setfam_1(X3,X4)=k1_setfam_1(X4))), inference(variable_rename,[status(thm)],[inference(fof_nnf,[status(thm)],[c_0_29])])).
cnf(c_0_157,plain,(m1_subset_1(k2_funct_2(X1,X2,X3,X4),k1_zfmisc_1(X2))|~m1_relset_1(X3,X1,X2)|~v1_funct_2(X3,X1,X2)|~v1_funct_1(X3)), inference(split_conjunct,[status(thm)],[c_0_140])).
cnf(c_0_158,plain,(m1_subset_1(X1,k1_zfmisc_1(X1))), inference(spm,[status(thm)],[c_0_141, c_0_142])).
fof(c_0_159, plain, (![X3]:![X4]:![X5]:![X6]:(((r1_tarski(X3,X4)|X3!=X4)&(r1_tarski(X4,X3)|X3!=X4))&((~r1_tarski(X5,X6)|~r1_tarski(X6,X5))|X5=X6))), inference(distribute,[status(thm)],[inference(shift_quantors,[status(thm)],[inference(variable_rename,[status(thm)],[inference(shift_quantors,[status(thm)],[inference(fof_nnf,[status(thm)],[c_0_30])])])])])).
cnf(c_0_160,plain,(r1_tarski(k1_setfam_1(X1),X2)|~r2_hidden(X2,X1)), inference(split_conjunct,[status(thm)],[c_0_143])).
cnf(c_0_161,plain,(r2_hidden(k1_xboole_0,k1_zfmisc_1(X1))), inference(sr,[status(thm)],[inference(spm,[status(thm)],[c_0_71, c_0_144]), c_0_145])).
cnf(c_0_162,negated_conjecture,(m1_subset_1(u1_struct_0(esk10_1(k1_tarski(k5_group_2(esk1_0)))),k1_zfmisc_1(u1_struct_0(esk1_0)))), inference(spm,[status(thm)],[c_0_141, c_0_146])).
cnf(c_0_163,plain,(v3_struct_0(X1)|X2=k5_group_2(X1)|~l1_group_1(X1)|~v4_group_1(X1)|~v3_group_1(X1)|~m1_group_2(X2,X1)|~v1_group_1(X2)|u1_struct_0(X2)!=k6_domain_1(u1_struct_0(X1),k2_group_1(X1))), inference(split_conjunct,[status(thm)],[c_0_132])).
cnf(c_0_164,negated_conjecture,(k6_domain_1(u1_struct_0(esk1_0),k2_group_1(esk1_0))=u1_struct_0(k5_group_2(esk1_0))), inference(sr,[status(thm)],[inference(cn,[status(thm)],[inference(rw,[status(thm)],[inference(rw,[status(thm)],[inference(rw,[status(thm)],[inference(rw,[status(thm)],[inference(spm,[status(thm)],[c_0_147, c_0_47]), c_0_48]), c_0_41]), c_0_42]), c_0_43])]), c_0_44])).
cnf(c_0_165,negated_conjecture,(k1_zfmisc_1(u1_struct_0(esk1_0))=k1_xboole_0|r2_hidden(X1,k9_relat_1(k1_latsubgr(esk1_0),esk2_0))|u1_struct_0(k5_group_2(esk1_0))!=X1), inference(spm,[status(thm)],[c_0_148, c_0_149])).
cnf(c_0_166,negated_conjecture,(r1_tarski(u1_struct_0(k5_group_2(esk1_0)),u1_struct_0(k2_latsubgr(esk1_0,esk2_0)))), inference(sr,[status(thm)],[inference(cn,[status(thm)],[inference(rw,[status(thm)],[inference(rw,[status(thm)],[inference(spm,[status(thm)],[c_0_130, c_0_150]), c_0_151]), c_0_152])]), c_0_153])).
cnf(c_0_167,negated_conjecture,(u1_struct_0(k2_latsubgr(esk1_0,esk2_0))=k6_setfam_1(u1_struct_0(esk1_0),k9_relat_1(k1_latsubgr(esk1_0),esk2_0))), inference(cn,[status(thm)],[inference(rw,[status(thm)],[inference(rw,[status(thm)],[inference(er,[status(thm)],[c_0_154]), c_0_136]), c_0_155])])).
cnf(c_0_168,plain,(k6_setfam_1(X1,X2)=k1_setfam_1(X2)|~m1_subset_1(X2,k1_zfmisc_1(k1_zfmisc_1(X1)))), inference(split_conjunct,[status(thm)],[c_0_156])).
cnf(c_0_169,negated_conjecture,(m1_subset_1(k9_relat_1(k1_latsubgr(esk1_0),X1),k1_zfmisc_1(k1_zfmisc_1(u1_struct_0(esk1_0))))), inference(cn,[status(thm)],[inference(rw,[status(thm)],[inference(rw,[status(thm)],[inference(cn,[status(thm)],[inference(rw,[status(thm)],[inference(spm,[status(thm)],[c_0_157, c_0_99]), c_0_100])]), c_0_138]), c_0_124])])).
fof(c_0_170, plain, (![X1]:![X2]:![X3]:((((((((~v3_struct_0(X1)&v3_group_1(X1))&v4_group_1(X1))&l1_group_1(X1))&v1_group_1(X2))&m1_group_2(X2,X1))&v1_group_1(X3))&m1_group_2(X3,X1))=>(r1_group_2(X1,X2,X3)<=>X2=X3))), inference(fof_simplification,[status(thm)],[c_0_31])).
cnf(c_0_171,plain,(r2_hidden(X1,k1_zfmisc_1(X1))), inference(sr,[status(thm)],[inference(spm,[status(thm)],[c_0_71, c_0_158]), c_0_145])).
cnf(c_0_172,plain,(X1=X2|~r1_tarski(X2,X1)|~r1_tarski(X1,X2)), inference(split_conjunct,[status(thm)],[c_0_159])).
cnf(c_0_173,plain,(r1_tarski(k1_setfam_1(k1_zfmisc_1(X1)),k1_xboole_0)), inference(spm,[status(thm)],[c_0_160, c_0_161])).
cnf(c_0_174,plain,(r1_tarski(X1,X2)|~m1_subset_1(X1,k1_zfmisc_1(X2))), inference(split_conjunct,[status(thm)],[c_0_125])).
cnf(c_0_175,negated_conjecture,(k6_domain_1(k1_zfmisc_1(u1_struct_0(esk1_0)),u1_struct_0(esk10_1(k1_tarski(k5_group_2(esk1_0)))))=k1_tarski(u1_struct_0(esk10_1(k1_tarski(k5_group_2(esk1_0)))))), inference(sr,[status(thm)],[inference(spm,[status(thm)],[c_0_62, c_0_162]), c_0_145])).
cnf(c_0_176,negated_conjecture,(k5_group_2(esk1_0)=X1|u1_struct_0(k5_group_2(esk1_0))!=u1_struct_0(X1)|~m1_group_2(X1,esk1_0)|~v1_group_1(X1)), inference(sr,[status(thm)],[inference(cn,[status(thm)],[inference(rw,[status(thm)],[inference(rw,[status(thm)],[inference(rw,[status(thm)],[inference(spm,[status(thm)],[c_0_163, c_0_164]), c_0_41]), c_0_42]), c_0_43])]), c_0_44])).
cnf(c_0_177,negated_conjecture,(k1_zfmisc_1(u1_struct_0(esk1_0))=k1_xboole_0|r2_hidden(u1_struct_0(k5_group_2(esk1_0)),k9_relat_1(k1_latsubgr(esk1_0),esk2_0))), inference(er,[status(thm)],[c_0_165])).
cnf(c_0_178,negated_conjecture,(r1_tarski(u1_struct_0(k5_group_2(esk1_0)),k6_setfam_1(u1_struct_0(esk1_0),k9_relat_1(k1_latsubgr(esk1_0),esk2_0)))), inference(rw,[status(thm)],[c_0_166, c_0_167])).
cnf(c_0_179,negated_conjecture,(k6_setfam_1(u1_struct_0(esk1_0),k9_relat_1(k1_latsubgr(esk1_0),X1))=k1_setfam_1(k9_relat_1(k1_latsubgr(esk1_0),X1))), inference(spm,[status(thm)],[c_0_168, c_0_169])).
fof(c_0_180, plain, (![X4]:![X5]:![X6]:(((~r1_group_2(X4,X5,X6)|X5=X6)|(((((((v3_struct_0(X4)|~v3_group_1(X4))|~v4_group_1(X4))|~l1_group_1(X4))|~v1_group_1(X5))|~m1_group_2(X5,X4))|~v1_group_1(X6))|~m1_group_2(X6,X4)))&((X5!=X6|r1_group_2(X4,X5,X6))|(((((((v3_struct_0(X4)|~v3_group_1(X4))|~v4_group_1(X4))|~l1_group_1(X4))|~v1_group_1(X5))|~m1_group_2(X5,X4))|~v1_group_1(X6))|~m1_group_2(X6,X4))))), inference(distribute,[status(thm)],[inference(variable_rename,[status(thm)],[inference(fof_nnf,[status(thm)],[c_0_170])])])).
cnf(c_0_181,plain,(r1_tarski(k1_setfam_1(k1_zfmisc_1(X1)),X1)), inference(spm,[status(thm)],[c_0_160, c_0_171])).
cnf(c_0_182,plain,(k1_setfam_1(k1_zfmisc_1(X1))=k1_xboole_0|~r1_tarski(k1_xboole_0,k1_setfam_1(k1_zfmisc_1(X1)))), inference(spm,[status(thm)],[c_0_172, c_0_173])).
cnf(c_0_183,plain,(r1_tarski(k1_xboole_0,X1)), inference(spm,[status(thm)],[c_0_174, c_0_144])).
cnf(c_0_184,negated_conjecture,(m1_subset_1(k1_tarski(u1_struct_0(esk10_1(k1_tarski(k5_group_2(esk1_0))))),k1_zfmisc_1(k1_zfmisc_1(u1_struct_0(esk1_0))))), inference(rw,[status(thm)],[inference(sr,[status(thm)],[inference(spm,[status(thm)],[c_0_59, c_0_162]), c_0_145]), c_0_175])).
cnf(c_0_185,negated_conjecture,(k2_latsubgr(esk1_0,esk2_0)=k5_group_2(esk1_0)|k6_setfam_1(u1_struct_0(esk1_0),k9_relat_1(k1_latsubgr(esk1_0),esk2_0))!=u1_struct_0(k5_group_2(esk1_0))), inference(cn,[status(thm)],[inference(rw,[status(thm)],[inference(rw,[status(thm)],[inference(spm,[status(thm)],[c_0_176, c_0_167]), c_0_136]), c_0_155])])).
cnf(c_0_186,negated_conjecture,(k1_zfmisc_1(u1_struct_0(esk1_0))=k1_xboole_0|r1_tarski(k1_setfam_1(k9_relat_1(k1_latsubgr(esk1_0),esk2_0)),u1_struct_0(k5_group_2(esk1_0)))), inference(spm,[status(thm)],[c_0_160, c_0_177])).
cnf(c_0_187,negated_conjecture,(r1_tarski(u1_struct_0(k5_group_2(esk1_0)),k1_setfam_1(k9_relat_1(k1_latsubgr(esk1_0),esk2_0)))), inference(rw,[status(thm)],[c_0_178, c_0_179])).
cnf(c_0_188,plain,(v3_struct_0(X2)|r1_group_2(X2,X3,X1)|~m1_group_2(X1,X2)|~v1_group_1(X1)|~m1_group_2(X3,X2)|~v1_group_1(X3)|~l1_group_1(X2)|~v4_group_1(X2)|~v3_group_1(X2)|X3!=X1), inference(split_conjunct,[status(thm)],[c_0_180])).
fof(c_0_189, plain, (![X4]:![X5]:![X6]:((~r2_hidden(X4,X5)|~m1_subset_1(X5,k1_zfmisc_1(X6)))|~v1_xboole_0(X6))), inference(variable_rename,[status(thm)],[inference(fof_nnf,[status(thm)],[c_0_32])])).
cnf(c_0_190,plain,(k1_setfam_1(k1_zfmisc_1(X1))=X1|~r1_tarski(X1,k1_setfam_1(k1_zfmisc_1(X1)))), inference(spm,[status(thm)],[c_0_172, c_0_181])).
cnf(c_0_191,plain,(k1_setfam_1(k1_zfmisc_1(X1))=k1_xboole_0), inference(cn,[status(thm)],[inference(rw,[status(thm)],[c_0_182, c_0_183])])).
cnf(c_0_192,negated_conjecture,(m1_subset_1(X1,k1_zfmisc_1(u1_struct_0(esk1_0)))|~r2_hidden(X1,k1_tarski(u1_struct_0(esk10_1(k1_tarski(k5_group_2(esk1_0))))))), inference(spm,[status(thm)],[c_0_69, c_0_184])).
cnf(c_0_193,negated_conjecture,(k2_latsubgr(esk1_0,esk2_0)=k5_group_2(esk1_0)|k1_setfam_1(k9_relat_1(k1_latsubgr(esk1_0),esk2_0))!=u1_struct_0(k5_group_2(esk1_0))), inference(rw,[status(thm)],[c_0_185, c_0_179])).
cnf(c_0_194,negated_conjecture,(k1_setfam_1(k9_relat_1(k1_latsubgr(esk1_0),esk2_0))=u1_struct_0(k5_group_2(esk1_0))|k1_zfmisc_1(u1_struct_0(esk1_0))=k1_xboole_0), inference(cn,[status(thm)],[inference(rw,[status(thm)],[inference(spm,[status(thm)],[c_0_172, c_0_186]), c_0_187])])).
cnf(c_0_195,plain,(r1_group_2(X1,X2,X2)|v3_struct_0(X1)|~m1_group_2(X2,X1)|~v1_group_1(X2)|~l1_group_1(X1)|~v4_group_1(X1)|~v3_group_1(X1)), inference(er,[status(thm)],[c_0_188])).
cnf(c_0_196,plain,(~v1_xboole_0(X1)|~m1_subset_1(X2,k1_zfmisc_1(X1))|~r2_hidden(X3,X2)), inference(split_conjunct,[status(thm)],[c_0_189])).
cnf(c_0_197,plain,(k1_xboole_0=X1|~r1_tarski(X1,k1_xboole_0)), inference(rw,[status(thm)],[inference(rw,[status(thm)],[c_0_190, c_0_191]), c_0_191])).
cnf(c_0_198,plain,(r1_tarski(esk10_1(k1_zfmisc_1(X1)),X1)), inference(spm,[status(thm)],[c_0_174, c_0_72])).
cnf(c_0_199,negated_conjecture,(m1_subset_1(esk10_1(k1_tarski(u1_struct_0(esk10_1(k1_tarski(k5_group_2(esk1_0)))))),k1_zfmisc_1(u1_struct_0(esk1_0)))), inference(sr,[status(thm)],[inference(spm,[status(thm)],[c_0_192, c_0_76]), c_0_77])).
cnf(c_0_200,negated_conjecture,(~r1_group_2(esk1_0,k2_latsubgr(esk1_0,esk2_0),k5_group_2(esk1_0))), inference(split_conjunct,[status(thm)],[c_0_38])).
cnf(c_0_201,negated_conjecture,(k2_latsubgr(esk1_0,esk2_0)=k5_group_2(esk1_0)|k1_zfmisc_1(u1_struct_0(esk1_0))=k1_xboole_0), inference(spm,[status(thm)],[c_0_193, c_0_194])).
cnf(c_0_202,negated_conjecture,(r1_group_2(esk1_0,k5_group_2(esk1_0),k5_group_2(esk1_0))), inference(sr,[status(thm)],[inference(cn,[status(thm)],[inference(rw,[status(thm)],[inference(rw,[status(thm)],[inference(rw,[status(thm)],[inference(rw,[status(thm)],[inference(spm,[status(thm)],[c_0_195, c_0_47]), c_0_48]), c_0_41]), c_0_42]), c_0_43])]), c_0_44])).
cnf(c_0_203,plain,(~r2_hidden(X1,esk10_1(k1_zfmisc_1(X2)))|~v1_xboole_0(X2)), inference(spm,[status(thm)],[c_0_196, c_0_72])).
cnf(c_0_204,plain,(esk10_1(k1_zfmisc_1(k1_xboole_0))=k1_xboole_0), inference(spm,[status(thm)],[c_0_197, c_0_198])).
cnf(c_0_205,plain,(v1_xboole_0(k1_xboole_0)), inference(split_conjunct,[status(thm)],[c_0_33])).
cnf(c_0_206,negated_conjecture,(r2_hidden(esk10_1(k1_tarski(u1_struct_0(esk10_1(k1_tarski(k5_group_2(esk1_0)))))),k1_zfmisc_1(u1_struct_0(esk1_0)))), inference(sr,[status(thm)],[inference(spm,[status(thm)],[c_0_71, c_0_199]), c_0_145])).
cnf(c_0_207,negated_conjecture,(k1_zfmisc_1(u1_struct_0(esk1_0))=k1_xboole_0), inference(cn,[status(thm)],[inference(rw,[status(thm)],[inference(spm,[status(thm)],[c_0_200, c_0_201]), c_0_202])])).
cnf(c_0_208,plain,(~r2_hidden(X1,k1_xboole_0)), inference(cn,[status(thm)],[inference(rw,[status(thm)],[inference(spm,[status(thm)],[c_0_203, c_0_204]), c_0_205])])).
cnf(c_0_209,negated_conjecture,($false), inference(sr,[status(thm)],[inference(rw,[status(thm)],[c_0_206, c_0_207]), c_0_208]), ['proof']).
# SZS output end CNFRefutation.
EOF
