% Problem    : SWB064+1 : TPTP v6.1.0. Released v5.2.0.
% Command    : eprover --auto-schedule --tstp-format -s --proof-object --memory-limit=2048 --cpu-limit=%d %s
% Computer   : n115.star.cs.uiowa.edu
% Model      : x86_64 x86_64
% CPU        : Intel(R) Xeon(R) CPU E5-2609 0 @ 2.40GHz
% Memory     : 32286.75MB
% OS         : Linux 2.6.32-431.20.3.el6.x86_64
% CPULimit   : 300
% DateTime   : Sun Jul 20 06:32:01 CDT 2014
% CPUTime    : 
# No SInE strategy applied
# Trying AutoSched0 for 151 seconds
# AutoSched0-Mode selected heuristic H_____047_C45_F1_AE_R8_CS_SP_S2S
# and selection function SelectNewComplexAHP.
#

# Proof found!
# SZS status Theorem
# SZS output start CNFRefutation.
fof(c_0_0, axiom, (![X11]:![X12]:![X21]:((iext(uri_rdf_first,X12,X21)&iext(uri_rdf_rest,X12,uri_rdf_nil))=>(iext(uri_owl_oneOf,X11,X12)<=>(ic(X11)&![X4]:(icext(X11,X4)<=>X4=X21))))), file('/export/starexec/sandbox/benchmark/Axioms/SWB001+0.ax', owl_enum_class_001)).
fof(c_0_1, axiom, (?[X37]:?[X42]:(((((((((((iext(uri_rdfs_domain,uri_ex_p1,uri_ex_x)&iext(uri_rdfs_range,uri_ex_p1,uri_ex_y))&iext(uri_ex_p1,uri_ex_s,uri_ex_o))&iext(uri_ex_p2,uri_ex_s,uri_ex_o))&iext(uri_owl_oneOf,uri_ex_x,X42))&iext(uri_rdfs_domain,uri_ex_p2,uri_ex_x))&iext(uri_rdfs_range,uri_ex_p2,uri_ex_y))&iext(uri_rdf_first,X42,uri_ex_s))&iext(uri_rdf_rest,X42,uri_rdf_nil))&iext(uri_owl_oneOf,uri_ex_y,X37))&iext(uri_rdf_first,X37,uri_ex_o))&iext(uri_rdf_rest,X37,uri_rdf_nil))), file('/export/starexec/sandbox/benchmark/theBenchmark.p', premise_rdfbased_sem_eqdis_eqprop_ext)).
fof(c_0_2, axiom, (![X2]:![X5]:(iext(uri_rdfs_range,X2,X5)<=>((ip(X2)&ip(X5))&![X4]:![X7]:(iext(X2,X4,X7)=>icext(X5,X7))))), file('/export/starexec/sandbox/benchmark/Axioms/SWB001+0.ax', owl_rdfsext_range)).
fof(c_0_3, axiom, (![X2]:![X5]:(iext(uri_rdfs_domain,X2,X5)<=>((ip(X2)&ic(X5))&![X4]:![X7]:(iext(X2,X4,X7)=>icext(X5,X4))))), file('/export/starexec/sandbox/benchmark/Axioms/SWB001+0.ax', owl_rdfsext_domain)).
fof(c_0_4, axiom, (![X33]:![X34]:(iext(uri_owl_equivalentProperty,X33,X34)<=>((ip(X33)&ip(X34))&![X4]:![X7]:(iext(X33,X4,X7)<=>iext(X34,X4,X7))))), file('/export/starexec/sandbox/benchmark/Axioms/SWB001+0.ax', owl_eqdis_equivalentproperty)).
fof(c_0_5, conjecture, (iext(uri_owl_equivalentProperty,uri_ex_p1,uri_ex_p2)), file('/export/starexec/sandbox/benchmark/theBenchmark.p', conclusion_rdfbased_sem_eqdis_eqprop_ext)).
fof(c_0_6, axiom, (![X1]:![X2]:![X3]:(iext(X2,X1,X3)=>ip(X2))), file('/export/starexec/sandbox/benchmark/Axioms/SWB001+0.ax', simple_iext_property)).
fof(c_0_7, plain, (![X22]:![X23]:![X24]:![X25]:![X26]:((((ic(X22)|~iext(uri_owl_oneOf,X22,X23))|(~iext(uri_rdf_first,X23,X24)|~iext(uri_rdf_rest,X23,uri_rdf_nil)))&((((~icext(X22,X25)|X25=X24)|~iext(uri_owl_oneOf,X22,X23))|(~iext(uri_rdf_first,X23,X24)|~iext(uri_rdf_rest,X23,uri_rdf_nil)))&(((X26!=X24|icext(X22,X26))|~iext(uri_owl_oneOf,X22,X23))|(~iext(uri_rdf_first,X23,X24)|~iext(uri_rdf_rest,X23,uri_rdf_nil)))))&(((((~icext(X22,esk11_3(X22,X23,X24))|esk11_3(X22,X23,X24)!=X24)|~ic(X22))|iext(uri_owl_oneOf,X22,X23))|(~iext(uri_rdf_first,X23,X24)|~iext(uri_rdf_rest,X23,uri_rdf_nil)))&((((icext(X22,esk11_3(X22,X23,X24))|esk11_3(X22,X23,X24)=X24)|~ic(X22))|iext(uri_owl_oneOf,X22,X23))|(~iext(uri_rdf_first,X23,X24)|~iext(uri_rdf_rest,X23,uri_rdf_nil)))))), inference(distribute,[status(thm)],[inference(shift_quantors,[status(thm)],[inference(skolemize,[status(esa)],[inference(variable_rename,[status(thm)],[inference(shift_quantors,[status(thm)],[inference(fof_nnf,[status(thm)],[c_0_0])])])])])])).
fof(c_0_8, plain, ((((((((((((iext(uri_rdfs_domain,uri_ex_p1,uri_ex_x)&iext(uri_rdfs_range,uri_ex_p1,uri_ex_y))&iext(uri_ex_p1,uri_ex_s,uri_ex_o))&iext(uri_ex_p2,uri_ex_s,uri_ex_o))&iext(uri_owl_oneOf,uri_ex_x,esk193_0))&iext(uri_rdfs_domain,uri_ex_p2,uri_ex_x))&iext(uri_rdfs_range,uri_ex_p2,uri_ex_y))&iext(uri_rdf_first,esk193_0,uri_ex_s))&iext(uri_rdf_rest,esk193_0,uri_rdf_nil))&iext(uri_owl_oneOf,uri_ex_y,esk192_0))&iext(uri_rdf_first,esk192_0,uri_ex_o))&iext(uri_rdf_rest,esk192_0,uri_rdf_nil))), inference(skolemize,[status(esa)],[inference(variable_rename,[status(thm)],[inference(shift_quantors,[status(thm)],[c_0_1])])])).
fof(c_0_9, plain, (![X8]:![X9]:![X10]:![X11]:![X12]:![X13]:((((ip(X8)|~iext(uri_rdfs_range,X8,X9))&(ip(X9)|~iext(uri_rdfs_range,X8,X9)))&((~iext(X8,X10,X11)|icext(X9,X11))|~iext(uri_rdfs_range,X8,X9)))&(((iext(X12,esk107_2(X12,X13),esk108_2(X12,X13))|(~ip(X12)|~ip(X13)))|iext(uri_rdfs_range,X12,X13))&((~icext(X13,esk108_2(X12,X13))|(~ip(X12)|~ip(X13)))|iext(uri_rdfs_range,X12,X13))))), inference(distribute,[status(thm)],[inference(shift_quantors,[status(thm)],[inference(skolemize,[status(esa)],[inference(variable_rename,[status(thm)],[inference(shift_quantors,[status(thm)],[inference(fof_nnf,[status(thm)],[c_0_2])])])])])])).
fof(c_0_10, plain, (![X8]:![X9]:![X10]:![X11]:![X12]:![X13]:((((ip(X8)|~iext(uri_rdfs_domain,X8,X9))&(ic(X9)|~iext(uri_rdfs_domain,X8,X9)))&((~iext(X8,X10,X11)|icext(X9,X10))|~iext(uri_rdfs_domain,X8,X9)))&(((iext(X12,esk105_2(X12,X13),esk106_2(X12,X13))|(~ip(X12)|~ic(X13)))|iext(uri_rdfs_domain,X12,X13))&((~icext(X13,esk105_2(X12,X13))|(~ip(X12)|~ic(X13)))|iext(uri_rdfs_domain,X12,X13))))), inference(distribute,[status(thm)],[inference(shift_quantors,[status(thm)],[inference(skolemize,[status(esa)],[inference(variable_rename,[status(thm)],[inference(shift_quantors,[status(thm)],[inference(fof_nnf,[status(thm)],[c_0_3])])])])])])).
cnf(c_0_11,plain,(X4=X2|~iext(uri_rdf_rest,X1,uri_rdf_nil)|~iext(uri_rdf_first,X1,X2)|~iext(uri_owl_oneOf,X3,X1)|~icext(X3,X4)), inference(split_conjunct,[status(thm)],[c_0_7])).
cnf(c_0_12,plain,(iext(uri_rdf_rest,esk192_0,uri_rdf_nil)), inference(split_conjunct,[status(thm)],[c_0_8])).
cnf(c_0_13,plain,(icext(X2,X3)|~iext(uri_rdfs_range,X1,X2)|~iext(X1,X4,X3)), inference(split_conjunct,[status(thm)],[c_0_9])).
cnf(c_0_14,plain,(iext(uri_rdfs_range,uri_ex_p2,uri_ex_y)), inference(split_conjunct,[status(thm)],[c_0_8])).
fof(c_0_15, plain, (![X35]:![X36]:![X37]:![X38]:![X39]:![X40]:![X41]:![X42]:((((ip(X35)|~iext(uri_owl_equivalentProperty,X35,X36))&(ip(X36)|~iext(uri_owl_equivalentProperty,X35,X36)))&(((~iext(X35,X37,X38)|iext(X36,X37,X38))|~iext(uri_owl_equivalentProperty,X35,X36))&((~iext(X36,X39,X40)|iext(X35,X39,X40))|~iext(uri_owl_equivalentProperty,X35,X36))))&((((~iext(X41,esk117_2(X41,X42),esk118_2(X41,X42))|~iext(X42,esk117_2(X41,X42),esk118_2(X41,X42)))|(~ip(X41)|~ip(X42)))|iext(uri_owl_equivalentProperty,X41,X42))&(((iext(X41,esk117_2(X41,X42),esk118_2(X41,X42))|iext(X42,esk117_2(X41,X42),esk118_2(X41,X42)))|(~ip(X41)|~ip(X42)))|iext(uri_owl_equivalentProperty,X41,X42))))), inference(distribute,[status(thm)],[inference(shift_quantors,[status(thm)],[inference(skolemize,[status(esa)],[inference(variable_rename,[status(thm)],[inference(shift_quantors,[status(thm)],[inference(fof_nnf,[status(thm)],[c_0_4])])])])])])).
cnf(c_0_16,plain,(ip(X1)|~iext(uri_rdfs_domain,X1,X2)), inference(split_conjunct,[status(thm)],[c_0_10])).
cnf(c_0_17,plain,(iext(uri_rdfs_domain,uri_ex_p2,uri_ex_x)), inference(split_conjunct,[status(thm)],[c_0_8])).
cnf(c_0_18,plain,(X1=X2|~icext(X3,X2)|~iext(uri_rdf_first,esk192_0,X1)|~iext(uri_owl_oneOf,X3,esk192_0)), inference(spm,[status(thm)],[c_0_11, c_0_12])).
cnf(c_0_19,plain,(iext(uri_rdf_first,esk192_0,uri_ex_o)), inference(split_conjunct,[status(thm)],[c_0_8])).
cnf(c_0_20,plain,(iext(uri_rdfs_range,uri_ex_p1,uri_ex_y)), inference(split_conjunct,[status(thm)],[c_0_8])).
cnf(c_0_21,plain,(icext(uri_ex_y,X1)|~iext(uri_ex_p2,X2,X1)), inference(spm,[status(thm)],[c_0_13, c_0_14])).
cnf(c_0_22,plain,(iext(uri_owl_equivalentProperty,X1,X2)|iext(X2,esk117_2(X1,X2),esk118_2(X1,X2))|iext(X1,esk117_2(X1,X2),esk118_2(X1,X2))|~ip(X2)|~ip(X1)), inference(split_conjunct,[status(thm)],[c_0_15])).
cnf(c_0_23,plain,(ip(uri_ex_p2)), inference(spm,[status(thm)],[c_0_16, c_0_17])).
cnf(c_0_24,plain,(iext(uri_rdfs_domain,uri_ex_p1,uri_ex_x)), inference(split_conjunct,[status(thm)],[c_0_8])).
fof(c_0_25, negated_conjecture, (~iext(uri_owl_equivalentProperty,uri_ex_p1,uri_ex_p2)), inference(fof_simplification,[status(thm)],[inference(assume_negation,[status(cth)],[c_0_5])])).
cnf(c_0_26,plain,(iext(uri_rdf_rest,esk193_0,uri_rdf_nil)), inference(split_conjunct,[status(thm)],[c_0_8])).
cnf(c_0_27,plain,(icext(X2,X3)|~iext(uri_rdfs_domain,X1,X2)|~iext(X1,X3,X4)), inference(split_conjunct,[status(thm)],[c_0_10])).
fof(c_0_28, plain, (![X4]:![X5]:![X6]:(~iext(X5,X4,X6)|ip(X5))), inference(shift_quantors,[status(thm)],[inference(variable_rename,[status(thm)],[inference(shift_quantors,[status(thm)],[inference(fof_nnf,[status(thm)],[c_0_6])])])])).
cnf(c_0_29,plain,(uri_ex_o=X1|~icext(X2,X1)|~iext(uri_owl_oneOf,X2,esk192_0)), inference(spm,[status(thm)],[c_0_18, c_0_19])).
cnf(c_0_30,plain,(iext(uri_owl_oneOf,uri_ex_y,esk192_0)), inference(split_conjunct,[status(thm)],[c_0_8])).
cnf(c_0_31,plain,(icext(uri_ex_y,X1)|~iext(uri_ex_p1,X2,X1)), inference(spm,[status(thm)],[c_0_13, c_0_20])).
cnf(c_0_32,plain,(icext(uri_ex_y,esk118_2(X1,uri_ex_p2))|iext(X1,esk117_2(X1,uri_ex_p2),esk118_2(X1,uri_ex_p2))|iext(uri_owl_equivalentProperty,X1,uri_ex_p2)|~ip(X1)), inference(cn,[status(thm)],[inference(rw,[status(thm)],[inference(spm,[status(thm)],[c_0_21, c_0_22]), c_0_23])])).
cnf(c_0_33,plain,(ip(uri_ex_p1)), inference(spm,[status(thm)],[c_0_16, c_0_24])).
cnf(c_0_34,negated_conjecture,(~iext(uri_owl_equivalentProperty,uri_ex_p1,uri_ex_p2)), inference(split_conjunct,[status(thm)],[c_0_25])).
cnf(c_0_35,plain,(X1=X2|~icext(X3,X2)|~iext(uri_rdf_first,esk193_0,X1)|~iext(uri_owl_oneOf,X3,esk193_0)), inference(spm,[status(thm)],[c_0_11, c_0_26])).
cnf(c_0_36,plain,(iext(uri_rdf_first,esk193_0,uri_ex_s)), inference(split_conjunct,[status(thm)],[c_0_8])).
cnf(c_0_37,plain,(icext(uri_ex_x,X1)|~iext(uri_ex_p2,X1,X2)), inference(spm,[status(thm)],[c_0_27, c_0_17])).
cnf(c_0_38,plain,(iext(uri_owl_equivalentProperty,X1,X2)|~ip(X2)|~ip(X1)|~iext(X2,esk117_2(X1,X2),esk118_2(X1,X2))|~iext(X1,esk117_2(X1,X2),esk118_2(X1,X2))), inference(split_conjunct,[status(thm)],[c_0_15])).
cnf(c_0_39,plain,(ip(X1)|~iext(X1,X2,X3)), inference(split_conjunct,[status(thm)],[c_0_28])).
cnf(c_0_40,plain,(uri_ex_o=X1|~icext(uri_ex_y,X1)), inference(spm,[status(thm)],[c_0_29, c_0_30])).
cnf(c_0_41,plain,(icext(uri_ex_y,esk118_2(uri_ex_p1,uri_ex_p2))), inference(sr,[status(thm)],[inference(cn,[status(thm)],[inference(rw,[status(thm)],[inference(spm,[status(thm)],[c_0_31, c_0_32]), c_0_33])]), c_0_34])).
cnf(c_0_42,plain,(uri_ex_s=X1|~icext(X2,X1)|~iext(uri_owl_oneOf,X2,esk193_0)), inference(spm,[status(thm)],[c_0_35, c_0_36])).
cnf(c_0_43,plain,(iext(uri_owl_oneOf,uri_ex_x,esk193_0)), inference(split_conjunct,[status(thm)],[c_0_8])).
cnf(c_0_44,plain,(icext(uri_ex_x,X1)|~iext(uri_ex_p1,X1,X2)), inference(spm,[status(thm)],[c_0_27, c_0_24])).
cnf(c_0_45,plain,(icext(uri_ex_x,esk117_2(X1,uri_ex_p2))|iext(X1,esk117_2(X1,uri_ex_p2),esk118_2(X1,uri_ex_p2))|iext(uri_owl_equivalentProperty,X1,uri_ex_p2)|~ip(X1)), inference(cn,[status(thm)],[inference(rw,[status(thm)],[inference(spm,[status(thm)],[c_0_37, c_0_22]), c_0_23])])).
cnf(c_0_46,plain,(iext(uri_owl_equivalentProperty,X1,X2)|~iext(X2,esk117_2(X1,X2),esk118_2(X1,X2))|~iext(X1,esk117_2(X1,X2),esk118_2(X1,X2))), inference(csr,[status(thm)],[inference(csr,[status(thm)],[c_0_38, c_0_39]), c_0_39])).
cnf(c_0_47,plain,(esk118_2(uri_ex_p1,uri_ex_p2)=uri_ex_o), inference(spm,[status(thm)],[c_0_40, c_0_41])).
cnf(c_0_48,plain,(uri_ex_s=X1|~icext(uri_ex_x,X1)), inference(spm,[status(thm)],[c_0_42, c_0_43])).
cnf(c_0_49,plain,(icext(uri_ex_x,esk117_2(uri_ex_p1,uri_ex_p2))), inference(sr,[status(thm)],[inference(cn,[status(thm)],[inference(rw,[status(thm)],[inference(spm,[status(thm)],[c_0_44, c_0_45]), c_0_33])]), c_0_34])).
cnf(c_0_50,plain,(~iext(uri_ex_p2,esk117_2(uri_ex_p1,uri_ex_p2),uri_ex_o)|~iext(uri_ex_p1,esk117_2(uri_ex_p1,uri_ex_p2),uri_ex_o)), inference(sr,[status(thm)],[inference(spm,[status(thm)],[c_0_46, c_0_47]), c_0_34])).
cnf(c_0_51,plain,(esk117_2(uri_ex_p1,uri_ex_p2)=uri_ex_s), inference(spm,[status(thm)],[c_0_48, c_0_49])).
cnf(c_0_52,plain,(iext(uri_ex_p2,uri_ex_s,uri_ex_o)), inference(split_conjunct,[status(thm)],[c_0_8])).
cnf(c_0_53,plain,(iext(uri_ex_p1,uri_ex_s,uri_ex_o)), inference(split_conjunct,[status(thm)],[c_0_8])).
cnf(c_0_54,plain,($false), inference(cn,[status(thm)],[inference(rw,[status(thm)],[inference(rw,[status(thm)],[inference(rw,[status(thm)],[inference(rw,[status(thm)],[c_0_50, c_0_51]), c_0_52]), c_0_51]), c_0_53])]), ['proof']).
# SZS output end CNFRefutation.
EOF
