% Problem    : MGT039+2 : TPTP v6.1.0. Released v2.0.0.
% Command    : eprover --auto-schedule --tstp-format -s --proof-object --memory-limit=2048 --cpu-limit=%d %s
% Computer   : n101.star.cs.uiowa.edu
% Model      : x86_64 x86_64
% CPU        : Intel(R) Xeon(R) CPU E5-2609 0 @ 2.40GHz
% Memory     : 32286.75MB
% OS         : Linux 2.6.32-431.20.3.el6.x86_64
% CPULimit   : 300
% DateTime   : Sun Jul 20 03:24:16 CDT 2014
% CPUTime    : 
# No SInE strategy applied
# Trying AutoSched0 for 151 seconds
# AutoSched0-Mode selected heuristic G_E___107_B42_F1_PI_SE_Q4_CS_SP_PS_S0Y
# and selection function SelectMaxLComplexAvoidPosPred.
#
# Presaturation interreduction done

# Proof found!
# SZS status Theorem
# SZS output start CNFRefutation.
fof(c_0_0, axiom, (![X6]:![X7]:(greater_or_equal(X6,X7)<=>(greater(X6,X7)|X6=X7))), file('/export/starexec/sandbox/benchmark/theBenchmark.p', mp_greater_or_equal)).
fof(c_0_1, axiom, (![X1]:(environment(X1)=>greater_or_equal(critical_point(X1),start_time(X1)))), file('/export/starexec/sandbox/benchmark/theBenchmark.p', mp_time_of_critical_point)).
fof(c_0_2, conjecture, (![X5]:((observational_period(X5)&slow_change(X5))=>selection_favors(efficient_producers,first_movers,X5))), file('/export/starexec/sandbox/benchmark/theBenchmark.p', prove_t8)).
fof(c_0_3, axiom, (![X6]:![X7]:![X8]:((greater(X6,X7)&greater(X7,X8))=>greater(X6,X8))), file('/export/starexec/sandbox/benchmark/theBenchmark.p', mp_greater_transitivity)).
fof(c_0_4, axiom, (![X5]:((observational_period(X5)&slow_change(X5))=>![X1]:((environment(X1)&in_environment(X5,X1))=>?[X4]:(in_environment(X1,X4)&greater(X4,critical_point(X1)))))), file('/export/starexec/sandbox/benchmark/theBenchmark.p', mp4_critical_point)).
fof(c_0_5, axiom, (![X1]:![X4]:((environment(X1)&in_environment(X1,X4))=>greater_or_equal(end_time(X1),X4))), file('/export/starexec/sandbox/benchmark/theBenchmark.p', mp_environment_end_point)).
fof(c_0_6, axiom, (![X1]:![X4]:(((environment(X1)&greater_or_equal(X4,start_time(X1)))&greater_or_equal(end_time(X1),X4))=>in_environment(X1,X4))), file('/export/starexec/sandbox/benchmark/theBenchmark.p', mp_time_in_environment)).
fof(c_0_7, axiom, (![X5]:((((observational_period(X5)&propagation_strategy(first_movers))&propagation_strategy(efficient_producers))&![X1]:((environment(X1)&in_environment(X5,X1))=>selection_favors(efficient_producers,first_movers,end_time(X1))))=>selection_favors(efficient_producers,first_movers,X5))), file('/export/starexec/sandbox/benchmark/theBenchmark.p', mp3_favoured_trategy)).
fof(c_0_8, axiom, (![X1]:(environment(X1)=>greater_or_equal(critical_point(X1),appear(efficient_producers,X1)))), file('/export/starexec/sandbox/benchmark/theBenchmark.p', mp_critical_point_after_EP)).
fof(c_0_9, axiom, (propagation_strategy(first_movers)), file('/export/starexec/sandbox/benchmark/theBenchmark.p', mp_organizational_sets1)).
fof(c_0_10, axiom, (propagation_strategy(efficient_producers)), file('/export/starexec/sandbox/benchmark/theBenchmark.p', mp_organizational_sets2)).
fof(c_0_11, hypothesis, (![X1]:![X4]:(((environment(X1)&in_environment(X1,X4))&greater_or_equal(X4,appear(efficient_producers,X1)))=>greater(cardinality_at_time(efficient_producers,X4),zero))), file('/export/starexec/sandbox/benchmark/theBenchmark.p', t6)).
fof(c_0_12, hypothesis, (![X1]:![X9]:((environment(X1)&X9=critical_point(X1))=>(~(greater(growth_rate(efficient_producers,X9),growth_rate(first_movers,X9)))&![X4]:((subpopulations(first_movers,efficient_producers,X1,X4)&greater(X4,X9))=>greater(growth_rate(efficient_producers,X4),growth_rate(first_movers,X4)))))), file('/export/starexec/sandbox/benchmark/theBenchmark.p', d1)).
fof(c_0_13, axiom, (![X1]:![X2]:![X3]:![X4]:(((((environment(X1)&subpopulation(X2,X1,X4))&subpopulation(X3,X1,X4))&greater(cardinality_at_time(X2,X4),zero))&cardinality_at_time(X3,X4)=zero)=>selection_favors(X2,X3,X4))), file('/export/starexec/sandbox/benchmark/theBenchmark.p', mp2_favour_members)).
fof(c_0_14, axiom, (![X1]:![X4]:((environment(X1)&in_environment(X1,X4))=>(subpopulation(first_movers,X1,X4)&subpopulation(efficient_producers,X1,X4)))), file('/export/starexec/sandbox/benchmark/theBenchmark.p', mp_subpopulations)).
fof(c_0_15, axiom, (![X1]:![X4]:((((environment(X1)&in_environment(X1,X4))&greater(cardinality_at_time(first_movers,X4),zero))&greater(cardinality_at_time(efficient_producers,X4),zero))=>subpopulations(first_movers,efficient_producers,X1,X4))), file('/export/starexec/sandbox/benchmark/theBenchmark.p', mp_contains_FM_and_EP)).
fof(c_0_16, axiom, (![X1]:![X4]:((environment(X1)&in_environment(X1,X4))=>greater_or_equal(cardinality_at_time(first_movers,X4),zero))), file('/export/starexec/sandbox/benchmark/theBenchmark.p', mp_first_movers_exist)).
fof(c_0_17, axiom, (![X1]:![X2]:![X3]:![X4]:(((environment(X1)&subpopulations(X2,X3,X1,X4))&greater(growth_rate(X3,X4),growth_rate(X2,X4)))=>selection_favors(X3,X2,X4))), file('/export/starexec/sandbox/benchmark/theBenchmark.p', mp1_high_growth_rates)).
fof(c_0_18, plain, (![X8]:![X9]:![X10]:![X11]:((~greater_or_equal(X8,X9)|(greater(X8,X9)|X8=X9))&((~greater(X10,X11)|greater_or_equal(X10,X11))&(X10!=X11|greater_or_equal(X10,X11))))), inference(distribute,[status(thm)],[inference(shift_quantors,[status(thm)],[inference(variable_rename,[status(thm)],[inference(shift_quantors,[status(thm)],[inference(fof_nnf,[status(thm)],[c_0_0])])])])])).
fof(c_0_19, plain, (![X2]:(~environment(X2)|greater_or_equal(critical_point(X2),start_time(X2)))), inference(variable_rename,[status(thm)],[inference(fof_nnf,[status(thm)],[c_0_1])])).
fof(c_0_20, negated_conjecture, (~(![X5]:((observational_period(X5)&slow_change(X5))=>selection_favors(efficient_producers,first_movers,X5)))), inference(assume_negation,[status(cth)],[c_0_2])).
fof(c_0_21, plain, (![X9]:![X10]:![X11]:((~greater(X9,X10)|~greater(X10,X11))|greater(X9,X11))), inference(variable_rename,[status(thm)],[inference(fof_nnf,[status(thm)],[c_0_3])])).
cnf(c_0_22,plain,(X1=X2|greater(X1,X2)|~greater_or_equal(X1,X2)), inference(split_conjunct,[status(thm)],[c_0_18])).
cnf(c_0_23,plain,(greater_or_equal(critical_point(X1),start_time(X1))|~environment(X1)), inference(split_conjunct,[status(thm)],[c_0_19])).
fof(c_0_24, plain, (![X6]:![X7]:(((in_environment(X7,esk2_2(X6,X7))|(~environment(X7)|~in_environment(X6,X7)))|(~observational_period(X6)|~slow_change(X6)))&((greater(esk2_2(X6,X7),critical_point(X7))|(~environment(X7)|~in_environment(X6,X7)))|(~observational_period(X6)|~slow_change(X6))))), inference(distribute,[status(thm)],[inference(shift_quantors,[status(thm)],[inference(skolemize,[status(esa)],[inference(variable_rename,[status(thm)],[inference(fof_nnf,[status(thm)],[c_0_4])])])])])).
fof(c_0_25, negated_conjecture, (((observational_period(esk3_0)&slow_change(esk3_0))&~selection_favors(efficient_producers,first_movers,esk3_0))), inference(skolemize,[status(esa)],[inference(variable_rename,[status(thm)],[inference(fof_nnf,[status(thm)],[c_0_20])])])).
cnf(c_0_26,plain,(greater(X1,X2)|~greater(X3,X2)|~greater(X1,X3)), inference(split_conjunct,[status(thm)],[c_0_21])).
cnf(c_0_27,plain,(start_time(X1)=critical_point(X1)|greater(critical_point(X1),start_time(X1))|~environment(X1)), inference(spm,[status(thm)],[c_0_22, c_0_23])).
fof(c_0_28, plain, (![X5]:![X6]:((~environment(X5)|~in_environment(X5,X6))|greater_or_equal(end_time(X5),X6))), inference(variable_rename,[status(thm)],[inference(fof_nnf,[status(thm)],[c_0_5])])).
cnf(c_0_29,plain,(in_environment(X2,esk2_2(X1,X2))|~slow_change(X1)|~observational_period(X1)|~in_environment(X1,X2)|~environment(X2)), inference(split_conjunct,[status(thm)],[c_0_24])).
cnf(c_0_30,negated_conjecture,(slow_change(esk3_0)), inference(split_conjunct,[status(thm)],[c_0_25])).
cnf(c_0_31,negated_conjecture,(observational_period(esk3_0)), inference(split_conjunct,[status(thm)],[c_0_25])).
cnf(c_0_32,plain,(start_time(X1)=critical_point(X1)|greater(X2,start_time(X1))|~greater(X2,critical_point(X1))|~environment(X1)), inference(spm,[status(thm)],[c_0_26, c_0_27])).
cnf(c_0_33,plain,(greater(esk2_2(X1,X2),critical_point(X2))|~slow_change(X1)|~observational_period(X1)|~in_environment(X1,X2)|~environment(X2)), inference(split_conjunct,[status(thm)],[c_0_24])).
cnf(c_0_34,plain,(greater_or_equal(end_time(X1),X2)|~in_environment(X1,X2)|~environment(X1)), inference(split_conjunct,[status(thm)],[c_0_28])).
cnf(c_0_35,negated_conjecture,(in_environment(X1,esk2_2(esk3_0,X1))|~in_environment(esk3_0,X1)|~environment(X1)), inference(cn,[status(thm)],[inference(rw,[status(thm)],[inference(spm,[status(thm)],[c_0_29, c_0_30]), c_0_31])])).
fof(c_0_36, plain, (![X5]:![X6]:(((~environment(X5)|~greater_or_equal(X6,start_time(X5)))|~greater_or_equal(end_time(X5),X6))|in_environment(X5,X6))), inference(variable_rename,[status(thm)],[inference(fof_nnf,[status(thm)],[c_0_6])])).
cnf(c_0_37,plain,(start_time(X1)=critical_point(X1)|greater(X2,start_time(X1))|~greater(X3,critical_point(X1))|~greater(X2,X3)|~environment(X1)), inference(spm,[status(thm)],[c_0_26, c_0_32])).
cnf(c_0_38,negated_conjecture,(greater(esk2_2(esk3_0,X1),critical_point(X1))|~in_environment(esk3_0,X1)|~environment(X1)), inference(cn,[status(thm)],[inference(rw,[status(thm)],[inference(spm,[status(thm)],[c_0_33, c_0_30]), c_0_31])])).
cnf(c_0_39,negated_conjecture,(greater_or_equal(end_time(X1),esk2_2(esk3_0,X1))|~in_environment(esk3_0,X1)|~environment(X1)), inference(spm,[status(thm)],[c_0_34, c_0_35])).
cnf(c_0_40,plain,(in_environment(X1,X2)|~greater_or_equal(end_time(X1),X2)|~greater_or_equal(X2,start_time(X1))|~environment(X1)), inference(split_conjunct,[status(thm)],[c_0_36])).
cnf(c_0_41,plain,(greater_or_equal(X1,X2)|~greater(X1,X2)), inference(split_conjunct,[status(thm)],[c_0_18])).
cnf(c_0_42,plain,(greater_or_equal(X1,X2)|X1!=X2), inference(split_conjunct,[status(thm)],[c_0_18])).
fof(c_0_43, plain, (![X6]:((((environment(esk1_1(X6))|((~observational_period(X6)|~propagation_strategy(first_movers))|~propagation_strategy(efficient_producers)))|selection_favors(efficient_producers,first_movers,X6))&((in_environment(X6,esk1_1(X6))|((~observational_period(X6)|~propagation_strategy(first_movers))|~propagation_strategy(efficient_producers)))|selection_favors(efficient_producers,first_movers,X6)))&((~selection_favors(efficient_producers,first_movers,end_time(esk1_1(X6)))|((~observational_period(X6)|~propagation_strategy(first_movers))|~propagation_strategy(efficient_producers)))|selection_favors(efficient_producers,first_movers,X6)))), inference(distribute,[status(thm)],[inference(skolemize,[status(esa)],[inference(variable_rename,[status(thm)],[inference(fof_nnf,[status(thm)],[c_0_7])])])])).
fof(c_0_44, plain, (![X2]:(~environment(X2)|greater_or_equal(critical_point(X2),appear(efficient_producers,X2)))), inference(variable_rename,[status(thm)],[inference(fof_nnf,[status(thm)],[c_0_8])])).
cnf(c_0_45,negated_conjecture,(start_time(X1)=critical_point(X1)|greater(X2,start_time(X1))|~in_environment(esk3_0,X1)|~greater(X2,esk2_2(esk3_0,X1))|~environment(X1)), inference(spm,[status(thm)],[c_0_37, c_0_38])).
cnf(c_0_46,negated_conjecture,(esk2_2(esk3_0,X1)=end_time(X1)|greater(end_time(X1),esk2_2(esk3_0,X1))|~in_environment(esk3_0,X1)|~environment(X1)), inference(spm,[status(thm)],[c_0_22, c_0_39])).
cnf(c_0_47,plain,(in_environment(X1,X2)|~greater_or_equal(end_time(X1),X2)|~greater(X2,start_time(X1))|~environment(X1)), inference(spm,[status(thm)],[c_0_40, c_0_41])).
cnf(c_0_48,plain,(greater_or_equal(X1,X1)), inference(er,[status(thm)],[c_0_42])).
cnf(c_0_49,plain,(selection_favors(efficient_producers,first_movers,X1)|in_environment(X1,esk1_1(X1))|~propagation_strategy(efficient_producers)|~propagation_strategy(first_movers)|~observational_period(X1)), inference(split_conjunct,[status(thm)],[c_0_43])).
cnf(c_0_50,plain,(propagation_strategy(first_movers)), inference(split_conjunct,[status(thm)],[c_0_9])).
cnf(c_0_51,plain,(propagation_strategy(efficient_producers)), inference(split_conjunct,[status(thm)],[c_0_10])).
cnf(c_0_52,plain,(selection_favors(efficient_producers,first_movers,X1)|environment(esk1_1(X1))|~propagation_strategy(efficient_producers)|~propagation_strategy(first_movers)|~observational_period(X1)), inference(split_conjunct,[status(thm)],[c_0_43])).
cnf(c_0_53,negated_conjecture,(greater(X1,critical_point(X2))|~in_environment(esk3_0,X2)|~greater(X1,esk2_2(esk3_0,X2))|~environment(X2)), inference(spm,[status(thm)],[c_0_26, c_0_38])).
fof(c_0_54, hypothesis, (![X5]:![X6]:(((~environment(X5)|~in_environment(X5,X6))|~greater_or_equal(X6,appear(efficient_producers,X5)))|greater(cardinality_at_time(efficient_producers,X6),zero))), inference(variable_rename,[status(thm)],[inference(fof_nnf,[status(thm)],[c_0_11])])).
cnf(c_0_55,plain,(greater_or_equal(critical_point(X1),appear(efficient_producers,X1))|~environment(X1)), inference(split_conjunct,[status(thm)],[c_0_44])).
cnf(c_0_56,negated_conjecture,(esk2_2(esk3_0,X1)=end_time(X1)|start_time(X1)=critical_point(X1)|greater(end_time(X1),start_time(X1))|~in_environment(esk3_0,X1)|~environment(X1)), inference(spm,[status(thm)],[c_0_45, c_0_46])).
cnf(c_0_57,plain,(in_environment(X1,end_time(X1))|~greater(end_time(X1),start_time(X1))|~environment(X1)), inference(spm,[status(thm)],[c_0_47, c_0_48])).
cnf(c_0_58,plain,(in_environment(X1,esk1_1(X1))|selection_favors(efficient_producers,first_movers,X1)|~observational_period(X1)), inference(cn,[status(thm)],[inference(rw,[status(thm)],[inference(rw,[status(thm)],[c_0_49, c_0_50]), c_0_51])])).
cnf(c_0_59,negated_conjecture,(~selection_favors(efficient_producers,first_movers,esk3_0)), inference(split_conjunct,[status(thm)],[c_0_25])).
cnf(c_0_60,plain,(selection_favors(efficient_producers,first_movers,X1)|environment(esk1_1(X1))|~observational_period(X1)), inference(cn,[status(thm)],[inference(rw,[status(thm)],[inference(rw,[status(thm)],[c_0_52, c_0_50]), c_0_51])])).
cnf(c_0_61,negated_conjecture,(esk2_2(esk3_0,X1)=end_time(X1)|greater(end_time(X1),critical_point(X1))|~in_environment(esk3_0,X1)|~environment(X1)), inference(spm,[status(thm)],[c_0_53, c_0_46])).
cnf(c_0_62,hypothesis,(greater(cardinality_at_time(efficient_producers,X1),zero)|~greater_or_equal(X1,appear(efficient_producers,X2))|~in_environment(X2,X1)|~environment(X2)), inference(split_conjunct,[status(thm)],[c_0_54])).
cnf(c_0_63,plain,(appear(efficient_producers,X1)=critical_point(X1)|greater(critical_point(X1),appear(efficient_producers,X1))|~environment(X1)), inference(spm,[status(thm)],[c_0_22, c_0_55])).
cnf(c_0_64,negated_conjecture,(start_time(X1)=critical_point(X1)|in_environment(X1,end_time(X1))|~in_environment(esk3_0,X1)|~environment(X1)), inference(csr,[status(thm)],[inference(spm,[status(thm)],[c_0_35, c_0_56]), c_0_57])).
cnf(c_0_65,negated_conjecture,(in_environment(esk3_0,esk1_1(esk3_0))), inference(sr,[status(thm)],[inference(spm,[status(thm)],[c_0_58, c_0_31]), c_0_59])).
cnf(c_0_66,negated_conjecture,(environment(esk1_1(esk3_0))), inference(sr,[status(thm)],[inference(spm,[status(thm)],[c_0_60, c_0_31]), c_0_59])).
cnf(c_0_67,negated_conjecture,(greater(end_time(X1),critical_point(X1))|~in_environment(esk3_0,X1)|~environment(X1)), inference(spm,[status(thm)],[c_0_38, c_0_61])).
fof(c_0_68, hypothesis, (![X1]:![X9]:((environment(X1)&X9=critical_point(X1))=>(~greater(growth_rate(efficient_producers,X9),growth_rate(first_movers,X9))&![X4]:((subpopulations(first_movers,efficient_producers,X1,X4)&greater(X4,X9))=>greater(growth_rate(efficient_producers,X4),growth_rate(first_movers,X4)))))), inference(fof_simplification,[status(thm)],[c_0_12])).
fof(c_0_69, plain, (![X5]:![X6]:![X7]:![X8]:(((((~environment(X5)|~subpopulation(X6,X5,X8))|~subpopulation(X7,X5,X8))|~greater(cardinality_at_time(X6,X8),zero))|cardinality_at_time(X7,X8)!=zero)|selection_favors(X6,X7,X8))), inference(variable_rename,[status(thm)],[inference(fof_nnf,[status(thm)],[c_0_13])])).
fof(c_0_70, plain, (![X5]:![X6]:((subpopulation(first_movers,X5,X6)|(~environment(X5)|~in_environment(X5,X6)))&(subpopulation(efficient_producers,X5,X6)|(~environment(X5)|~in_environment(X5,X6))))), inference(distribute,[status(thm)],[inference(variable_rename,[status(thm)],[inference(fof_nnf,[status(thm)],[c_0_14])])])).
cnf(c_0_71,hypothesis,(greater(cardinality_at_time(efficient_producers,X1),zero)|~in_environment(X2,X1)|~greater(X1,appear(efficient_producers,X2))|~environment(X2)), inference(spm,[status(thm)],[c_0_62, c_0_41])).
cnf(c_0_72,plain,(appear(efficient_producers,X1)=critical_point(X1)|greater(X2,appear(efficient_producers,X1))|~greater(X2,critical_point(X1))|~environment(X1)), inference(spm,[status(thm)],[c_0_26, c_0_63])).
cnf(c_0_73,negated_conjecture,(start_time(esk1_1(esk3_0))=critical_point(esk1_1(esk3_0))|in_environment(esk1_1(esk3_0),end_time(esk1_1(esk3_0)))), inference(cn,[status(thm)],[inference(rw,[status(thm)],[inference(spm,[status(thm)],[c_0_64, c_0_65]), c_0_66])])).
cnf(c_0_74,negated_conjecture,(greater(end_time(esk1_1(esk3_0)),critical_point(esk1_1(esk3_0)))), inference(cn,[status(thm)],[inference(rw,[status(thm)],[inference(spm,[status(thm)],[c_0_67, c_0_65]), c_0_66])])).
fof(c_0_75, hypothesis, (![X10]:![X11]:![X12]:((~greater(growth_rate(efficient_producers,X11),growth_rate(first_movers,X11))|(~environment(X10)|X11!=critical_point(X10)))&(((~subpopulations(first_movers,efficient_producers,X10,X12)|~greater(X12,X11))|greater(growth_rate(efficient_producers,X12),growth_rate(first_movers,X12)))|(~environment(X10)|X11!=critical_point(X10))))), inference(distribute,[status(thm)],[inference(shift_quantors,[status(thm)],[inference(variable_rename,[status(thm)],[inference(fof_nnf,[status(thm)],[c_0_68])])])])).
cnf(c_0_76,plain,(selection_favors(X1,X2,X3)|cardinality_at_time(X2,X3)!=zero|~greater(cardinality_at_time(X1,X3),zero)|~subpopulation(X2,X4,X3)|~subpopulation(X1,X4,X3)|~environment(X4)), inference(split_conjunct,[status(thm)],[c_0_69])).
cnf(c_0_77,plain,(subpopulation(first_movers,X1,X2)|~in_environment(X1,X2)|~environment(X1)), inference(split_conjunct,[status(thm)],[c_0_70])).
cnf(c_0_78,plain,(selection_favors(efficient_producers,first_movers,X1)|~propagation_strategy(efficient_producers)|~propagation_strategy(first_movers)|~observational_period(X1)|~selection_favors(efficient_producers,first_movers,end_time(esk1_1(X1)))), inference(split_conjunct,[status(thm)],[c_0_43])).
cnf(c_0_79,hypothesis,(appear(efficient_producers,X1)=critical_point(X1)|greater(cardinality_at_time(efficient_producers,X2),zero)|~in_environment(X1,X2)|~greater(X2,critical_point(X1))|~environment(X1)), inference(spm,[status(thm)],[c_0_71, c_0_72])).
cnf(c_0_80,negated_conjecture,(in_environment(esk1_1(esk3_0),end_time(esk1_1(esk3_0)))), inference(cn,[status(thm)],[inference(rw,[status(thm)],[inference(rw,[status(thm)],[inference(spm,[status(thm)],[c_0_57, c_0_73]), c_0_74]), c_0_66])])).
cnf(c_0_81,hypothesis,(greater(growth_rate(efficient_producers,X3),growth_rate(first_movers,X3))|X1!=critical_point(X2)|~environment(X2)|~greater(X3,X1)|~subpopulations(first_movers,efficient_producers,X2,X3)), inference(split_conjunct,[status(thm)],[c_0_75])).
fof(c_0_82, plain, (![X5]:![X6]:((((~environment(X5)|~in_environment(X5,X6))|~greater(cardinality_at_time(first_movers,X6),zero))|~greater(cardinality_at_time(efficient_producers,X6),zero))|subpopulations(first_movers,efficient_producers,X5,X6))), inference(variable_rename,[status(thm)],[inference(fof_nnf,[status(thm)],[c_0_15])])).
fof(c_0_83, plain, (![X5]:![X6]:((~environment(X5)|~in_environment(X5,X6))|greater_or_equal(cardinality_at_time(first_movers,X6),zero))), inference(variable_rename,[status(thm)],[inference(fof_nnf,[status(thm)],[c_0_16])])).
cnf(c_0_84,plain,(selection_favors(X1,first_movers,X2)|cardinality_at_time(first_movers,X2)!=zero|~in_environment(X3,X2)|~subpopulation(X1,X3,X2)|~greater(cardinality_at_time(X1,X2),zero)|~environment(X3)), inference(spm,[status(thm)],[c_0_76, c_0_77])).
cnf(c_0_85,plain,(subpopulation(efficient_producers,X1,X2)|~in_environment(X1,X2)|~environment(X1)), inference(split_conjunct,[status(thm)],[c_0_70])).
cnf(c_0_86,plain,(selection_favors(efficient_producers,first_movers,X1)|~observational_period(X1)|~selection_favors(efficient_producers,first_movers,end_time(esk1_1(X1)))), inference(cn,[status(thm)],[inference(rw,[status(thm)],[inference(rw,[status(thm)],[c_0_78, c_0_50]), c_0_51])])).
cnf(c_0_87,negated_conjecture,(appear(efficient_producers,esk1_1(esk3_0))=critical_point(esk1_1(esk3_0))|greater(cardinality_at_time(efficient_producers,end_time(esk1_1(esk3_0))),zero)), inference(cn,[status(thm)],[inference(rw,[status(thm)],[inference(rw,[status(thm)],[inference(spm,[status(thm)],[c_0_79, c_0_74]), c_0_80]), c_0_66])])).
cnf(c_0_88,hypothesis,(greater(growth_rate(efficient_producers,X1),growth_rate(first_movers,X1))|~greater(X1,critical_point(X2))|~subpopulations(first_movers,efficient_producers,X2,X1)|~environment(X2)), inference(er,[status(thm)],[c_0_81])).
cnf(c_0_89,plain,(subpopulations(first_movers,efficient_producers,X1,X2)|~greater(cardinality_at_time(efficient_producers,X2),zero)|~greater(cardinality_at_time(first_movers,X2),zero)|~in_environment(X1,X2)|~environment(X1)), inference(split_conjunct,[status(thm)],[c_0_82])).
cnf(c_0_90,plain,(greater_or_equal(cardinality_at_time(first_movers,X1),zero)|~in_environment(X2,X1)|~environment(X2)), inference(split_conjunct,[status(thm)],[c_0_83])).
cnf(c_0_91,plain,(selection_favors(efficient_producers,first_movers,X1)|cardinality_at_time(first_movers,X1)!=zero|~in_environment(X2,X1)|~greater(cardinality_at_time(efficient_producers,X1),zero)|~environment(X2)), inference(spm,[status(thm)],[c_0_84, c_0_85])).
cnf(c_0_92,negated_conjecture,(~selection_favors(efficient_producers,first_movers,end_time(esk1_1(esk3_0)))), inference(sr,[status(thm)],[inference(spm,[status(thm)],[c_0_86, c_0_31]), c_0_59])).
cnf(c_0_93,hypothesis,(greater(cardinality_at_time(efficient_producers,end_time(esk1_1(esk3_0))),zero)|greater(cardinality_at_time(efficient_producers,X1),zero)|~in_environment(esk1_1(esk3_0),X1)|~greater(X1,critical_point(esk1_1(esk3_0)))), inference(cn,[status(thm)],[inference(rw,[status(thm)],[inference(spm,[status(thm)],[c_0_71, c_0_87]), c_0_66])])).
cnf(c_0_94,hypothesis,(greater(growth_rate(efficient_producers,X1),growth_rate(first_movers,X1))|~in_environment(X2,X1)|~greater(cardinality_at_time(first_movers,X1),zero)|~greater(cardinality_at_time(efficient_producers,X1),zero)|~greater(X1,critical_point(X2))|~environment(X2)), inference(spm,[status(thm)],[c_0_88, c_0_89])).
cnf(c_0_95,negated_conjecture,(greater_or_equal(cardinality_at_time(first_movers,end_time(esk1_1(esk3_0))),zero)), inference(cn,[status(thm)],[inference(rw,[status(thm)],[inference(spm,[status(thm)],[c_0_90, c_0_80]), c_0_66])])).
cnf(c_0_96,negated_conjecture,(cardinality_at_time(first_movers,end_time(esk1_1(esk3_0)))!=zero|~greater(cardinality_at_time(efficient_producers,end_time(esk1_1(esk3_0))),zero)), inference(sr,[status(thm)],[inference(cn,[status(thm)],[inference(rw,[status(thm)],[inference(spm,[status(thm)],[c_0_91, c_0_80]), c_0_66])]), c_0_92])).
cnf(c_0_97,negated_conjecture,(greater(cardinality_at_time(efficient_producers,end_time(esk1_1(esk3_0))),zero)), inference(cn,[status(thm)],[inference(rw,[status(thm)],[inference(spm,[status(thm)],[c_0_93, c_0_74]), c_0_80])])).
fof(c_0_98, plain, (![X5]:![X6]:![X7]:![X8]:(((~environment(X5)|~subpopulations(X6,X7,X5,X8))|~greater(growth_rate(X7,X8),growth_rate(X6,X8)))|selection_favors(X7,X6,X8))), inference(variable_rename,[status(thm)],[inference(fof_nnf,[status(thm)],[c_0_17])])).
cnf(c_0_99,hypothesis,(greater(growth_rate(efficient_producers,end_time(esk1_1(esk3_0))),growth_rate(first_movers,end_time(esk1_1(esk3_0))))|~in_environment(esk1_1(esk3_0),end_time(esk1_1(esk3_0)))|~greater(cardinality_at_time(first_movers,end_time(esk1_1(esk3_0))),zero)|~greater(cardinality_at_time(efficient_producers,end_time(esk1_1(esk3_0))),zero)), inference(cn,[status(thm)],[inference(rw,[status(thm)],[inference(spm,[status(thm)],[c_0_94, c_0_74]), c_0_66])])).
cnf(c_0_100,negated_conjecture,(cardinality_at_time(first_movers,end_time(esk1_1(esk3_0)))=zero|greater(cardinality_at_time(first_movers,end_time(esk1_1(esk3_0))),zero)), inference(spm,[status(thm)],[c_0_22, c_0_95])).
cnf(c_0_101,negated_conjecture,(cardinality_at_time(first_movers,end_time(esk1_1(esk3_0)))!=zero), inference(cn,[status(thm)],[inference(rw,[status(thm)],[c_0_96, c_0_97])])).
cnf(c_0_102,plain,(selection_favors(X1,X2,X3)|~greater(growth_rate(X1,X3),growth_rate(X2,X3))|~subpopulations(X2,X1,X4,X3)|~environment(X4)), inference(split_conjunct,[status(thm)],[c_0_98])).
cnf(c_0_103,hypothesis,(greater(growth_rate(efficient_producers,end_time(esk1_1(esk3_0))),growth_rate(first_movers,end_time(esk1_1(esk3_0))))|~greater(cardinality_at_time(first_movers,end_time(esk1_1(esk3_0))),zero)|~greater(cardinality_at_time(efficient_producers,end_time(esk1_1(esk3_0))),zero)), inference(cn,[status(thm)],[inference(rw,[status(thm)],[c_0_99, c_0_80])])).
cnf(c_0_104,negated_conjecture,(greater(cardinality_at_time(first_movers,end_time(esk1_1(esk3_0))),zero)), inference(sr,[status(thm)],[c_0_100, c_0_101])).
cnf(c_0_105,plain,(selection_favors(efficient_producers,first_movers,X1)|~in_environment(X2,X1)|~greater(growth_rate(efficient_producers,X1),growth_rate(first_movers,X1))|~greater(cardinality_at_time(first_movers,X1),zero)|~greater(cardinality_at_time(efficient_producers,X1),zero)|~environment(X2)), inference(spm,[status(thm)],[c_0_102, c_0_89])).
cnf(c_0_106,hypothesis,(greater(growth_rate(efficient_producers,end_time(esk1_1(esk3_0))),growth_rate(first_movers,end_time(esk1_1(esk3_0))))), inference(cn,[status(thm)],[inference(rw,[status(thm)],[inference(cn,[status(thm)],[inference(rw,[status(thm)],[c_0_103, c_0_97])]), c_0_104])])).
cnf(c_0_107,negated_conjecture,($false), inference(cn,[status(thm)],[inference(rw,[status(thm)],[inference(rw,[status(thm)],[inference(rw,[status(thm)],[inference(sr,[status(thm)],[inference(cn,[status(thm)],[inference(rw,[status(thm)],[inference(spm,[status(thm)],[c_0_105, c_0_80]), c_0_66])]), c_0_92]), c_0_106]), c_0_104]), c_0_97])]), ['proof']).
# SZS output end CNFRefutation.
EOF
