% Problem    : SWV162+1 : TPTP v6.1.0. Bugfixed v3.3.0.
% Command    : eprover --auto-schedule --tstp-format -s --proof-object --memory-limit=2048 --cpu-limit=%d %s
% Computer   : n179.star.cs.uiowa.edu
% Model      : x86_64 x86_64
% CPU        : Intel(R) Xeon(R) CPU E5-2609 0 @ 2.40GHz
% Memory     : 32286.75MB
% OS         : Linux 2.6.32-431.20.3.el6.x86_64
% CPULimit   : 300
% DateTime   : Sun Jul 20 03:57:06 CDT 2014
% CPUTime    : 
# No SInE strategy applied
# Trying AutoSched0 for 151 seconds
# AutoSched0-Mode selected heuristic G_E___207_C18_F1_AE_CS_SP_PI_S0Y
# and selection function SelectMaxLComplexAvoidPosPred.
#

# Proof found!
# SZS status Theorem
# SZS output start CNFRefutation.
fof(c_0_0, conjecture, (((((sum(n0,n4,a_select3(q,pv10,tptp_sum_index))=n1&leq(n0,pv10))&leq(pv10,n135299))&![X14]:((leq(n0,X14)&leq(X14,pred(pv10)))=>sum(n0,n4,a_select3(q,X14,tptp_sum_index))=n1))=>![X18]:((leq(n0,X18)&leq(X18,pv10))=>sum(n0,n4,a_select3(q,X18,tptp_sum_index))=n1))), file('/export/starexec/sandbox/benchmark/theBenchmark.p', cl5_nebula_norm_0012)).
fof(c_0_1, axiom, (![X1]:minus(X1,n1)=pred(X1)), file('/export/starexec/sandbox/benchmark/Axioms/SWV003+0.ax', pred_minus_1)).
fof(c_0_2, axiom, (![X1]:![X2]:(leq(X1,pred(X2))<=>gt(X2,X1))), file('/export/starexec/sandbox/benchmark/Axioms/SWV003+0.ax', leq_gt_pred)).
fof(c_0_3, axiom, (![X1]:![X2]:((leq(X1,X2)&X1!=X2)=>gt(X2,X1))), file('/export/starexec/sandbox/benchmark/Axioms/SWV003+0.ax', leq_gt2)).
fof(c_0_4, negated_conjecture, (~(((((sum(n0,n4,a_select3(q,pv10,tptp_sum_index))=n1&leq(n0,pv10))&leq(pv10,n135299))&![X14]:((leq(n0,X14)&leq(X14,pred(pv10)))=>sum(n0,n4,a_select3(q,X14,tptp_sum_index))=n1))=>![X18]:((leq(n0,X18)&leq(X18,pv10))=>sum(n0,n4,a_select3(q,X18,tptp_sum_index))=n1)))), inference(assume_negation,[status(cth)],[c_0_0])).
fof(c_0_5, negated_conjecture, (![X19]:((((sum(n0,n4,a_select3(q,pv10,tptp_sum_index))=n1&leq(n0,pv10))&leq(pv10,n135299))&((~leq(n0,X19)|~leq(X19,pred(pv10)))|sum(n0,n4,a_select3(q,X19,tptp_sum_index))=n1))&((leq(n0,esk24_0)&leq(esk24_0,pv10))&sum(n0,n4,a_select3(q,esk24_0,tptp_sum_index))!=n1))), inference(shift_quantors,[status(thm)],[inference(skolemize,[status(esa)],[inference(variable_rename,[status(thm)],[inference(fof_nnf,[status(thm)],[c_0_4])])])])).
fof(c_0_6, plain, (![X2]:minus(X2,n1)=pred(X2)), inference(variable_rename,[status(thm)],[c_0_1])).
cnf(c_0_7,negated_conjecture,(sum(n0,n4,a_select3(q,X1,tptp_sum_index))=n1|~leq(X1,pred(pv10))|~leq(n0,X1)), inference(split_conjunct,[status(thm)],[c_0_5])).
cnf(c_0_8,plain,(minus(X1,n1)=pred(X1)), inference(split_conjunct,[status(thm)],[c_0_6])).
fof(c_0_9, plain, (![X3]:![X4]:![X5]:![X6]:((~leq(X3,pred(X4))|gt(X4,X3))&(~gt(X6,X5)|leq(X5,pred(X6))))), inference(shift_quantors,[status(thm)],[inference(variable_rename,[status(thm)],[inference(shift_quantors,[status(thm)],[inference(fof_nnf,[status(thm)],[c_0_2])])])])).
cnf(c_0_10,negated_conjecture,(sum(n0,n4,a_select3(q,esk24_0,tptp_sum_index))!=n1), inference(split_conjunct,[status(thm)],[c_0_5])).
cnf(c_0_11,negated_conjecture,(sum(n0,n4,a_select3(q,X1,tptp_sum_index))=n1|~leq(n0,X1)|~leq(X1,minus(pv10,n1))), inference(rw,[status(thm)],[c_0_7, c_0_8])).
cnf(c_0_12,negated_conjecture,(leq(n0,esk24_0)), inference(split_conjunct,[status(thm)],[c_0_5])).
cnf(c_0_13,plain,(leq(X1,pred(X2))|~gt(X2,X1)), inference(split_conjunct,[status(thm)],[c_0_9])).
cnf(c_0_14,negated_conjecture,(~leq(esk24_0,minus(pv10,n1))), inference(cn,[status(thm)],[inference(rw,[status(thm)],[inference(spm,[status(thm)],[c_0_10, c_0_11]), c_0_12])])).
cnf(c_0_15,plain,(leq(X1,minus(X2,n1))|~gt(X2,X1)), inference(rw,[status(thm)],[c_0_13, c_0_8])).
fof(c_0_16, plain, (![X3]:![X4]:((~leq(X3,X4)|X3=X4)|gt(X4,X3))), inference(variable_rename,[status(thm)],[inference(fof_nnf,[status(thm)],[c_0_3])])).
cnf(c_0_17,negated_conjecture,(~gt(pv10,esk24_0)), inference(spm,[status(thm)],[c_0_14, c_0_15])).
cnf(c_0_18,plain,(gt(X1,X2)|X2=X1|~leq(X2,X1)), inference(split_conjunct,[status(thm)],[c_0_16])).
cnf(c_0_19,negated_conjecture,(leq(esk24_0,pv10)), inference(split_conjunct,[status(thm)],[c_0_5])).
cnf(c_0_20,negated_conjecture,(esk24_0=pv10), inference(cn,[status(thm)],[inference(rw,[status(thm)],[inference(spm,[status(thm)],[c_0_17, c_0_18]), c_0_19])])).
cnf(c_0_21,negated_conjecture,(sum(n0,n4,a_select3(q,pv10,tptp_sum_index))=n1), inference(split_conjunct,[status(thm)],[c_0_5])).
cnf(c_0_22,negated_conjecture,($false), inference(cn,[status(thm)],[inference(rw,[status(thm)],[inference(rw,[status(thm)],[c_0_10, c_0_20]), c_0_21])]), ['proof']).
# SZS output end CNFRefutation.
EOF
