% Problem    : SEU218+1 : TPTP v6.1.0. Released v3.3.0.
% Command    : eprover --auto-schedule --tstp-format -s --proof-object --memory-limit=2048 --cpu-limit=%d %s
% Computer   : n122.star.cs.uiowa.edu
% Model      : x86_64 x86_64
% CPU        : Intel(R) Xeon(R) CPU E5-2609 0 @ 2.40GHz
% Memory     : 32286.75MB
% OS         : Linux 2.6.32-431.20.3.el6.x86_64
% CPULimit   : 300
% DateTime   : Sun Jul 20 06:36:16 CDT 2014
% CPUTime    : 
# No SInE strategy applied
# Trying AutoSched0 for 151 seconds
# AutoSched0-Mode selected heuristic G_E___207_C18_F1_AE_CS_SP_PI_PS_S0i
# and selection function SelectDiffNegLit.
#
# Presaturation interreduction done

# Proof found!
# SZS status Theorem
# SZS output start CNFRefutation.
fof(c_0_0, axiom, (![X1]:(relation(X1)=>![X2]:(relation(X2)=>(X2=relation_inverse(X1)<=>![X3]:![X4]:(in(ordered_pair(X3,X4),X2)<=>in(ordered_pair(X4,X3),X1)))))), file('/export/starexec/sandbox/benchmark/theBenchmark.p', d7_relat_1)).
fof(c_0_1, axiom, (![X1]:![X2]:ordered_pair(X1,X2)=unordered_pair(unordered_pair(X1,X2),singleton(X1))), file('/export/starexec/sandbox/benchmark/theBenchmark.p', d5_tarski)).
fof(c_0_2, conjecture, (![X1]:((relation(X1)&function(X1))=>(one_to_one(X1)=>![X2]:((relation(X2)&function(X2))=>(X2=function_inverse(X1)<=>(relation_dom(X2)=relation_rng(X1)&![X3]:![X4]:(((in(X3,relation_rng(X1))&X4=apply(X2,X3))=>(in(X4,relation_dom(X1))&X3=apply(X1,X4)))&((in(X4,relation_dom(X1))&X3=apply(X1,X4))=>(in(X3,relation_rng(X1))&X4=apply(X2,X3)))))))))), file('/export/starexec/sandbox/benchmark/theBenchmark.p', t54_funct_1)).
fof(c_0_3, axiom, (![X1]:(relation(X1)=>![X2]:(X2=relation_rng(X1)<=>![X3]:(in(X3,X2)<=>?[X4]:in(ordered_pair(X4,X3),X1))))), file('/export/starexec/sandbox/benchmark/theBenchmark.p', d5_relat_1)).
fof(c_0_4, axiom, (![X1]:![X2]:unordered_pair(X1,X2)=unordered_pair(X2,X1)), file('/export/starexec/sandbox/benchmark/theBenchmark.p', commutativity_k2_tarski)).
fof(c_0_5, axiom, (![X1]:((relation(X1)&function(X1))=>(one_to_one(X1)=>function_inverse(X1)=relation_inverse(X1)))), file('/export/starexec/sandbox/benchmark/theBenchmark.p', d9_funct_1)).
fof(c_0_6, axiom, (![X1]:(relation(X1)=>(relation_rng(X1)=relation_dom(relation_inverse(X1))&relation_dom(X1)=relation_rng(relation_inverse(X1))))), file('/export/starexec/sandbox/benchmark/theBenchmark.p', t37_relat_1)).
fof(c_0_7, axiom, (![X1]:(relation(X1)=>![X2]:(X2=relation_dom(X1)<=>![X3]:(in(X3,X2)<=>?[X4]:in(ordered_pair(X3,X4),X1))))), file('/export/starexec/sandbox/benchmark/theBenchmark.p', d4_relat_1)).
fof(c_0_8, axiom, (![X1]:((relation(X1)&function(X1))=>![X2]:![X3]:((in(X2,relation_dom(X1))=>(X3=apply(X1,X2)<=>in(ordered_pair(X2,X3),X1)))&(~(in(X2,relation_dom(X1)))=>(X3=apply(X1,X2)<=>X3=empty_set))))), file('/export/starexec/sandbox/benchmark/theBenchmark.p', d4_funct_1)).
fof(c_0_9, axiom, (![X1]:(relation(X1)=>relation_inverse(relation_inverse(X1))=X1)), file('/export/starexec/sandbox/benchmark/theBenchmark.p', involutiveness_k4_relat_1)).
fof(c_0_10, axiom, (![X1]:((relation(X1)&function(X1))=>(relation(function_inverse(X1))&function(function_inverse(X1))))), file('/export/starexec/sandbox/benchmark/theBenchmark.p', dt_k2_funct_1)).
fof(c_0_11, plain, (![X5]:![X6]:![X7]:![X8]:![X9]:![X10]:((((((~in(ordered_pair(X7,X8),X6)|in(ordered_pair(X8,X7),X5))|X6!=relation_inverse(X5))|~relation(X6))|~relation(X5))&((((~in(ordered_pair(X10,X9),X5)|in(ordered_pair(X9,X10),X6))|X6!=relation_inverse(X5))|~relation(X6))|~relation(X5)))&(((((~in(ordered_pair(esk9_2(X5,X6),esk10_2(X5,X6)),X6)|~in(ordered_pair(esk10_2(X5,X6),esk9_2(X5,X6)),X5))|X6=relation_inverse(X5))|~relation(X6))|~relation(X5))&((((in(ordered_pair(esk9_2(X5,X6),esk10_2(X5,X6)),X6)|in(ordered_pair(esk10_2(X5,X6),esk9_2(X5,X6)),X5))|X6=relation_inverse(X5))|~relation(X6))|~relation(X5))))), inference(distribute,[status(thm)],[inference(shift_quantors,[status(thm)],[inference(skolemize,[status(esa)],[inference(variable_rename,[status(thm)],[inference(shift_quantors,[status(thm)],[inference(fof_nnf,[status(thm)],[c_0_0])])])])])])).
fof(c_0_12, plain, (![X3]:![X4]:ordered_pair(X3,X4)=unordered_pair(unordered_pair(X3,X4),singleton(X3))), inference(variable_rename,[status(thm)],[c_0_1])).
fof(c_0_13, negated_conjecture, (~(![X1]:((relation(X1)&function(X1))=>(one_to_one(X1)=>![X2]:((relation(X2)&function(X2))=>(X2=function_inverse(X1)<=>(relation_dom(X2)=relation_rng(X1)&![X3]:![X4]:(((in(X3,relation_rng(X1))&X4=apply(X2,X3))=>(in(X4,relation_dom(X1))&X3=apply(X1,X4)))&((in(X4,relation_dom(X1))&X3=apply(X1,X4))=>(in(X3,relation_rng(X1))&X4=apply(X2,X3))))))))))), inference(assume_negation,[status(cth)],[c_0_2])).
fof(c_0_14, plain, (![X5]:![X6]:![X7]:![X9]:![X10]:![X11]:![X13]:(((((~in(X7,X6)|in(ordered_pair(esk6_3(X5,X6,X7),X7),X5))|X6!=relation_rng(X5))|~relation(X5))&(((~in(ordered_pair(X10,X9),X5)|in(X9,X6))|X6!=relation_rng(X5))|~relation(X5)))&((((~in(esk7_2(X5,X11),X11)|~in(ordered_pair(X13,esk7_2(X5,X11)),X5))|X11=relation_rng(X5))|~relation(X5))&(((in(esk7_2(X5,X11),X11)|in(ordered_pair(esk8_2(X5,X11),esk7_2(X5,X11)),X5))|X11=relation_rng(X5))|~relation(X5))))), inference(distribute,[status(thm)],[inference(shift_quantors,[status(thm)],[inference(skolemize,[status(esa)],[inference(variable_rename,[status(thm)],[inference(shift_quantors,[status(thm)],[inference(fof_nnf,[status(thm)],[c_0_3])])])])])])).
cnf(c_0_15,plain,(X2=relation_inverse(X1)|in(ordered_pair(esk10_2(X1,X2),esk9_2(X1,X2)),X1)|in(ordered_pair(esk9_2(X1,X2),esk10_2(X1,X2)),X2)|~relation(X1)|~relation(X2)), inference(split_conjunct,[status(thm)],[c_0_11])).
cnf(c_0_16,plain,(ordered_pair(X1,X2)=unordered_pair(unordered_pair(X1,X2),singleton(X1))), inference(split_conjunct,[status(thm)],[c_0_12])).
fof(c_0_17, plain, (![X3]:![X4]:unordered_pair(X3,X4)=unordered_pair(X4,X3)), inference(variable_rename,[status(thm)],[c_0_4])).
fof(c_0_18, plain, (![X2]:((~relation(X2)|~function(X2))|(~one_to_one(X2)|function_inverse(X2)=relation_inverse(X2)))), inference(variable_rename,[status(thm)],[inference(fof_nnf,[status(thm)],[c_0_5])])).
fof(c_0_19, negated_conjecture, (![X11]:![X12]:![X13]:![X14]:((relation(esk20_0)&function(esk20_0))&(one_to_one(esk20_0)&((relation(esk21_0)&function(esk21_0))&((((((((in(esk25_0,relation_dom(esk20_0))|in(esk22_0,relation_rng(esk20_0)))|relation_dom(esk21_0)!=relation_rng(esk20_0))|esk21_0!=function_inverse(esk20_0))&(((esk24_0=apply(esk20_0,esk25_0)|in(esk22_0,relation_rng(esk20_0)))|relation_dom(esk21_0)!=relation_rng(esk20_0))|esk21_0!=function_inverse(esk20_0)))&((((~in(esk24_0,relation_rng(esk20_0))|esk25_0!=apply(esk21_0,esk24_0))|in(esk22_0,relation_rng(esk20_0)))|relation_dom(esk21_0)!=relation_rng(esk20_0))|esk21_0!=function_inverse(esk20_0)))&(((((in(esk25_0,relation_dom(esk20_0))|esk23_0=apply(esk21_0,esk22_0))|relation_dom(esk21_0)!=relation_rng(esk20_0))|esk21_0!=function_inverse(esk20_0))&(((esk24_0=apply(esk20_0,esk25_0)|esk23_0=apply(esk21_0,esk22_0))|relation_dom(esk21_0)!=relation_rng(esk20_0))|esk21_0!=function_inverse(esk20_0)))&((((~in(esk24_0,relation_rng(esk20_0))|esk25_0!=apply(esk21_0,esk24_0))|esk23_0=apply(esk21_0,esk22_0))|relation_dom(esk21_0)!=relation_rng(esk20_0))|esk21_0!=function_inverse(esk20_0))))&(((((in(esk25_0,relation_dom(esk20_0))|(~in(esk23_0,relation_dom(esk20_0))|esk22_0!=apply(esk20_0,esk23_0)))|relation_dom(esk21_0)!=relation_rng(esk20_0))|esk21_0!=function_inverse(esk20_0))&(((esk24_0=apply(esk20_0,esk25_0)|(~in(esk23_0,relation_dom(esk20_0))|esk22_0!=apply(esk20_0,esk23_0)))|relation_dom(esk21_0)!=relation_rng(esk20_0))|esk21_0!=function_inverse(esk20_0)))&((((~in(esk24_0,relation_rng(esk20_0))|esk25_0!=apply(esk21_0,esk24_0))|(~in(esk23_0,relation_dom(esk20_0))|esk22_0!=apply(esk20_0,esk23_0)))|relation_dom(esk21_0)!=relation_rng(esk20_0))|esk21_0!=function_inverse(esk20_0))))&((relation_dom(esk21_0)=relation_rng(esk20_0)|esk21_0=function_inverse(esk20_0))&((((in(X12,relation_dom(esk20_0))|(~in(X11,relation_rng(esk20_0))|X12!=apply(esk21_0,X11)))|esk21_0=function_inverse(esk20_0))&((X11=apply(esk20_0,X12)|(~in(X11,relation_rng(esk20_0))|X12!=apply(esk21_0,X11)))|esk21_0=function_inverse(esk20_0)))&(((in(X13,relation_rng(esk20_0))|(~in(X14,relation_dom(esk20_0))|X13!=apply(esk20_0,X14)))|esk21_0=function_inverse(esk20_0))&((X14=apply(esk21_0,X13)|(~in(X14,relation_dom(esk20_0))|X13!=apply(esk20_0,X14)))|esk21_0=function_inverse(esk20_0)))))))))), inference(distribute,[status(thm)],[inference(shift_quantors,[status(thm)],[inference(skolemize,[status(esa)],[inference(variable_rename,[status(thm)],[inference(shift_quantors,[status(thm)],[inference(fof_nnf,[status(thm)],[c_0_13])])])])])])).
cnf(c_0_20,plain,(in(X3,X2)|~relation(X1)|X2!=relation_rng(X1)|~in(ordered_pair(X4,X3),X1)), inference(split_conjunct,[status(thm)],[c_0_14])).
cnf(c_0_21,plain,(relation_inverse(X1)=X2|in(unordered_pair(unordered_pair(esk9_2(X1,X2),esk10_2(X1,X2)),singleton(esk9_2(X1,X2))),X2)|in(unordered_pair(unordered_pair(esk10_2(X1,X2),esk9_2(X1,X2)),singleton(esk10_2(X1,X2))),X1)|~relation(X2)|~relation(X1)), inference(rw,[status(thm)],[inference(rw,[status(thm)],[c_0_15, c_0_16]), c_0_16])).
cnf(c_0_22,plain,(unordered_pair(X1,X2)=unordered_pair(X2,X1)), inference(split_conjunct,[status(thm)],[c_0_17])).
fof(c_0_23, plain, (![X2]:((relation_rng(X2)=relation_dom(relation_inverse(X2))|~relation(X2))&(relation_dom(X2)=relation_rng(relation_inverse(X2))|~relation(X2)))), inference(distribute,[status(thm)],[inference(variable_rename,[status(thm)],[inference(fof_nnf,[status(thm)],[c_0_6])])])).
cnf(c_0_24,plain,(function_inverse(X1)=relation_inverse(X1)|~one_to_one(X1)|~function(X1)|~relation(X1)), inference(split_conjunct,[status(thm)],[c_0_18])).
cnf(c_0_25,negated_conjecture,(one_to_one(esk20_0)), inference(split_conjunct,[status(thm)],[c_0_19])).
cnf(c_0_26,negated_conjecture,(relation(esk20_0)), inference(split_conjunct,[status(thm)],[c_0_19])).
cnf(c_0_27,negated_conjecture,(function(esk20_0)), inference(split_conjunct,[status(thm)],[c_0_19])).
fof(c_0_28, plain, (![X5]:![X6]:![X7]:![X9]:![X10]:![X11]:![X13]:(((((~in(X7,X6)|in(ordered_pair(X7,esk3_3(X5,X6,X7)),X5))|X6!=relation_dom(X5))|~relation(X5))&(((~in(ordered_pair(X9,X10),X5)|in(X9,X6))|X6!=relation_dom(X5))|~relation(X5)))&((((~in(esk4_2(X5,X11),X11)|~in(ordered_pair(esk4_2(X5,X11),X13),X5))|X11=relation_dom(X5))|~relation(X5))&(((in(esk4_2(X5,X11),X11)|in(ordered_pair(esk4_2(X5,X11),esk5_2(X5,X11)),X5))|X11=relation_dom(X5))|~relation(X5))))), inference(distribute,[status(thm)],[inference(shift_quantors,[status(thm)],[inference(skolemize,[status(esa)],[inference(variable_rename,[status(thm)],[inference(shift_quantors,[status(thm)],[inference(fof_nnf,[status(thm)],[c_0_7])])])])])])).
cnf(c_0_29,plain,(in(X3,X2)|relation_rng(X1)!=X2|~relation(X1)|~in(unordered_pair(unordered_pair(X4,X3),singleton(X4)),X1)), inference(rw,[status(thm)],[c_0_20, c_0_16])).
cnf(c_0_30,plain,(relation_inverse(X1)=X2|in(unordered_pair(singleton(esk10_2(X1,X2)),unordered_pair(esk9_2(X1,X2),esk10_2(X1,X2))),X1)|in(unordered_pair(singleton(esk9_2(X1,X2)),unordered_pair(esk9_2(X1,X2),esk10_2(X1,X2))),X2)|~relation(X2)|~relation(X1)), inference(rw,[status(thm)],[inference(rw,[status(thm)],[inference(rw,[status(thm)],[c_0_21, c_0_22]), c_0_22]), c_0_22])).
cnf(c_0_31,negated_conjecture,(relation(esk21_0)), inference(split_conjunct,[status(thm)],[c_0_19])).
cnf(c_0_32,plain,(relation_rng(X1)=relation_dom(relation_inverse(X1))|~relation(X1)), inference(split_conjunct,[status(thm)],[c_0_23])).
cnf(c_0_33,negated_conjecture,(relation_inverse(esk20_0)=function_inverse(esk20_0)), inference(cn,[status(thm)],[inference(rw,[status(thm)],[inference(rw,[status(thm)],[inference(spm,[status(thm)],[c_0_24, c_0_25]), c_0_26]), c_0_27])])).
cnf(c_0_34,plain,(in(X3,X2)|~relation(X1)|X2!=relation_dom(X1)|~in(ordered_pair(X3,X4),X1)), inference(split_conjunct,[status(thm)],[c_0_28])).
cnf(c_0_35,plain,(in(X1,X2)|relation_rng(X3)!=X2|~relation(X3)|~in(unordered_pair(unordered_pair(X1,X4),singleton(X4)),X3)), inference(spm,[status(thm)],[c_0_29, c_0_22])).
cnf(c_0_36,negated_conjecture,(relation_inverse(X1)=esk21_0|in(unordered_pair(singleton(esk9_2(X1,esk21_0)),unordered_pair(esk9_2(X1,esk21_0),esk10_2(X1,esk21_0))),esk21_0)|in(unordered_pair(singleton(esk10_2(X1,esk21_0)),unordered_pair(esk9_2(X1,esk21_0),esk10_2(X1,esk21_0))),X1)|~relation(X1)), inference(spm,[status(thm)],[c_0_30, c_0_31])).
cnf(c_0_37,negated_conjecture,(relation_dom(function_inverse(esk20_0))=relation_rng(esk20_0)), inference(rw,[status(thm)],[inference(spm,[status(thm)],[c_0_32, c_0_26]), c_0_33])).
cnf(c_0_38,negated_conjecture,(esk21_0=function_inverse(esk20_0)|relation_dom(esk21_0)=relation_rng(esk20_0)), inference(split_conjunct,[status(thm)],[c_0_19])).
cnf(c_0_39,plain,(in(X3,X2)|relation_dom(X1)!=X2|~relation(X1)|~in(unordered_pair(unordered_pair(X3,X4),singleton(X3)),X1)), inference(rw,[status(thm)],[c_0_34, c_0_16])).
cnf(c_0_40,plain,(in(X1,X2)|relation_rng(X3)!=X2|~relation(X3)|~in(unordered_pair(singleton(X4),unordered_pair(X1,X4)),X3)), inference(spm,[status(thm)],[c_0_35, c_0_22])).
cnf(c_0_41,negated_conjecture,(function_inverse(esk20_0)=esk21_0|in(unordered_pair(singleton(esk10_2(esk20_0,esk21_0)),unordered_pair(esk9_2(esk20_0,esk21_0),esk10_2(esk20_0,esk21_0))),esk20_0)|in(unordered_pair(singleton(esk9_2(esk20_0,esk21_0)),unordered_pair(esk9_2(esk20_0,esk21_0),esk10_2(esk20_0,esk21_0))),esk21_0)), inference(rw,[status(thm)],[inference(spm,[status(thm)],[c_0_36, c_0_26]), c_0_33])).
cnf(c_0_42,negated_conjecture,(relation_rng(esk20_0)=relation_dom(esk21_0)), inference(spm,[status(thm)],[c_0_37, c_0_38])).
cnf(c_0_43,plain,(in(X1,X2)|relation_dom(X3)!=X2|~relation(X3)|~in(unordered_pair(unordered_pair(X4,X1),singleton(X1)),X3)), inference(spm,[status(thm)],[c_0_39, c_0_22])).
cnf(c_0_44,negated_conjecture,(function_inverse(esk20_0)=esk21_0|in(unordered_pair(singleton(esk9_2(esk20_0,esk21_0)),unordered_pair(esk9_2(esk20_0,esk21_0),esk10_2(esk20_0,esk21_0))),esk21_0)|in(esk9_2(esk20_0,esk21_0),X1)|relation_dom(esk21_0)!=X1), inference(cn,[status(thm)],[inference(rw,[status(thm)],[inference(rw,[status(thm)],[inference(spm,[status(thm)],[c_0_40, c_0_41]), c_0_42]), c_0_26])])).
fof(c_0_45, plain, (![X1]:((relation(X1)&function(X1))=>![X2]:![X3]:((in(X2,relation_dom(X1))=>(X3=apply(X1,X2)<=>in(ordered_pair(X2,X3),X1)))&(~in(X2,relation_dom(X1))=>(X3=apply(X1,X2)<=>X3=empty_set))))), inference(fof_simplification,[status(thm)],[c_0_8])).
cnf(c_0_46,plain,(in(X1,X2)|relation_dom(X3)!=X2|~relation(X3)|~in(unordered_pair(singleton(X1),unordered_pair(X4,X1)),X3)), inference(spm,[status(thm)],[c_0_43, c_0_22])).
cnf(c_0_47,plain,(in(X1,X2)|relation_dom(X3)!=X2|~relation(X3)|~in(unordered_pair(singleton(X1),unordered_pair(X1,X4)),X3)), inference(spm,[status(thm)],[c_0_39, c_0_22])).
cnf(c_0_48,negated_conjecture,(function_inverse(esk20_0)=esk21_0|in(unordered_pair(singleton(esk9_2(esk20_0,esk21_0)),unordered_pair(esk9_2(esk20_0,esk21_0),esk10_2(esk20_0,esk21_0))),esk21_0)|in(esk9_2(esk20_0,esk21_0),relation_dom(esk21_0))), inference(er,[status(thm)],[c_0_44])).
fof(c_0_49, plain, (![X4]:![X5]:![X6]:![X7]:![X8]:![X9]:![X10]:(((((X6!=apply(X4,X5)|in(ordered_pair(X5,X6),X4))|~in(X5,relation_dom(X4)))|(~relation(X4)|~function(X4)))&(((~in(ordered_pair(X5,X7),X4)|X7=apply(X4,X5))|~in(X5,relation_dom(X4)))|(~relation(X4)|~function(X4))))&((((X9!=apply(X4,X8)|X9=empty_set)|in(X8,relation_dom(X4)))|(~relation(X4)|~function(X4)))&(((X10!=empty_set|X10=apply(X4,X8))|in(X8,relation_dom(X4)))|(~relation(X4)|~function(X4)))))), inference(distribute,[status(thm)],[inference(shift_quantors,[status(thm)],[inference(variable_rename,[status(thm)],[inference(shift_quantors,[status(thm)],[inference(fof_nnf,[status(thm)],[c_0_45])])])])])).
cnf(c_0_50,negated_conjecture,(function_inverse(esk20_0)=esk21_0|in(unordered_pair(singleton(esk9_2(esk20_0,esk21_0)),unordered_pair(esk9_2(esk20_0,esk21_0),esk10_2(esk20_0,esk21_0))),esk21_0)|in(esk10_2(esk20_0,esk21_0),X1)|relation_dom(esk20_0)!=X1), inference(cn,[status(thm)],[inference(rw,[status(thm)],[inference(spm,[status(thm)],[c_0_46, c_0_41]), c_0_26])])).
cnf(c_0_51,negated_conjecture,(esk21_0=function_inverse(esk20_0)|in(X1,relation_dom(esk20_0))|X1!=apply(esk21_0,X2)|~in(X2,relation_rng(esk20_0))), inference(split_conjunct,[status(thm)],[c_0_19])).
cnf(c_0_52,negated_conjecture,(function_inverse(esk20_0)=esk21_0|in(esk9_2(esk20_0,esk21_0),relation_dom(esk21_0))|in(esk9_2(esk20_0,esk21_0),X1)|relation_dom(esk21_0)!=X1), inference(cn,[status(thm)],[inference(rw,[status(thm)],[inference(spm,[status(thm)],[c_0_47, c_0_48]), c_0_31])])).
cnf(c_0_53,plain,(X3=apply(X1,X2)|~function(X1)|~relation(X1)|~in(X2,relation_dom(X1))|~in(ordered_pair(X2,X3),X1)), inference(split_conjunct,[status(thm)],[c_0_49])).
cnf(c_0_54,negated_conjecture,(function_inverse(esk20_0)=esk21_0|in(unordered_pair(singleton(esk9_2(esk20_0,esk21_0)),unordered_pair(esk9_2(esk20_0,esk21_0),esk10_2(esk20_0,esk21_0))),esk21_0)|in(esk10_2(esk20_0,esk21_0),relation_dom(esk20_0))), inference(er,[status(thm)],[c_0_50])).
cnf(c_0_55,negated_conjecture,(function_inverse(esk20_0)=esk21_0|in(X1,relation_dom(esk20_0))|apply(esk21_0,X2)!=X1|~in(X2,relation_dom(esk21_0))), inference(rw,[status(thm)],[c_0_51, c_0_42])).
cnf(c_0_56,negated_conjecture,(function_inverse(esk20_0)=esk21_0|in(esk9_2(esk20_0,esk21_0),relation_dom(esk21_0))), inference(er,[status(thm)],[c_0_52])).
cnf(c_0_57,plain,(apply(X1,X2)=X3|~function(X1)|~relation(X1)|~in(X2,relation_dom(X1))|~in(unordered_pair(unordered_pair(X2,X3),singleton(X2)),X1)), inference(rw,[status(thm)],[c_0_53, c_0_16])).
cnf(c_0_58,negated_conjecture,(function_inverse(esk20_0)=esk21_0|in(esk10_2(esk20_0,esk21_0),relation_dom(esk20_0))|in(esk9_2(esk20_0,esk21_0),X1)|relation_dom(esk21_0)!=X1), inference(cn,[status(thm)],[inference(rw,[status(thm)],[inference(spm,[status(thm)],[c_0_47, c_0_54]), c_0_31])])).
cnf(c_0_59,negated_conjecture,(esk21_0=function_inverse(esk20_0)|X2=apply(esk20_0,X1)|X1!=apply(esk21_0,X2)|~in(X2,relation_rng(esk20_0))), inference(split_conjunct,[status(thm)],[c_0_19])).
cnf(c_0_60,negated_conjecture,(function_inverse(esk20_0)=esk21_0|in(X1,relation_dom(esk20_0))|apply(esk21_0,esk9_2(esk20_0,esk21_0))!=X1), inference(spm,[status(thm)],[c_0_55, c_0_56])).
cnf(c_0_61,plain,(apply(X1,X2)=X3|~relation(X1)|~function(X1)|~in(unordered_pair(singleton(X2),unordered_pair(X2,X3)),X1)|~in(X2,relation_dom(X1))), inference(spm,[status(thm)],[c_0_57, c_0_22])).
cnf(c_0_62,negated_conjecture,(function(esk21_0)), inference(split_conjunct,[status(thm)],[c_0_19])).
cnf(c_0_63,negated_conjecture,(function_inverse(esk20_0)=esk21_0|in(esk9_2(esk20_0,esk21_0),relation_dom(esk21_0))|in(esk10_2(esk20_0,esk21_0),relation_dom(esk20_0))), inference(er,[status(thm)],[c_0_58])).
cnf(c_0_64,plain,(in(ordered_pair(X2,X3),X1)|~function(X1)|~relation(X1)|~in(X2,relation_dom(X1))|X3!=apply(X1,X2)), inference(split_conjunct,[status(thm)],[c_0_49])).
cnf(c_0_65,negated_conjecture,(apply(esk20_0,X1)=X2|function_inverse(esk20_0)=esk21_0|apply(esk21_0,X2)!=X1|~in(X2,relation_dom(esk21_0))), inference(rw,[status(thm)],[c_0_59, c_0_42])).
cnf(c_0_66,plain,(apply(X1,X2)=X3|~relation(X1)|~function(X1)|~in(unordered_pair(unordered_pair(X3,X2),singleton(X2)),X1)|~in(X2,relation_dom(X1))), inference(spm,[status(thm)],[c_0_57, c_0_22])).
cnf(c_0_67,negated_conjecture,(function_inverse(esk20_0)=esk21_0|in(apply(esk21_0,esk9_2(esk20_0,esk21_0)),relation_dom(esk20_0))), inference(er,[status(thm)],[c_0_60])).
cnf(c_0_68,negated_conjecture,(apply(esk21_0,esk9_2(esk20_0,esk21_0))=esk10_2(esk20_0,esk21_0)|function_inverse(esk20_0)=esk21_0|in(esk10_2(esk20_0,esk21_0),relation_dom(esk20_0))), inference(csr,[status(thm)],[inference(cn,[status(thm)],[inference(rw,[status(thm)],[inference(rw,[status(thm)],[inference(spm,[status(thm)],[c_0_61, c_0_54]), c_0_31]), c_0_62])]), c_0_63])).
cnf(c_0_69,plain,(in(unordered_pair(unordered_pair(X2,X3),singleton(X2)),X1)|apply(X1,X2)!=X3|~function(X1)|~relation(X1)|~in(X2,relation_dom(X1))), inference(rw,[status(thm)],[c_0_64, c_0_16])).
cnf(c_0_70,negated_conjecture,(apply(esk20_0,X1)=esk9_2(esk20_0,esk21_0)|function_inverse(esk20_0)=esk21_0|apply(esk21_0,esk9_2(esk20_0,esk21_0))!=X1), inference(spm,[status(thm)],[c_0_65, c_0_56])).
cnf(c_0_71,plain,(apply(X1,X2)=X3|~relation(X1)|~function(X1)|~in(unordered_pair(singleton(X2),unordered_pair(X3,X2)),X1)|~in(X2,relation_dom(X1))), inference(spm,[status(thm)],[c_0_66, c_0_22])).
cnf(c_0_72,negated_conjecture,(function_inverse(esk20_0)=esk21_0|in(esk10_2(esk20_0,esk21_0),relation_dom(esk20_0))), inference(spm,[status(thm)],[c_0_67, c_0_68])).
cnf(c_0_73,negated_conjecture,(esk21_0=function_inverse(esk20_0)|X2=apply(esk21_0,X1)|X1!=apply(esk20_0,X2)|~in(X2,relation_dom(esk20_0))), inference(split_conjunct,[status(thm)],[c_0_19])).
cnf(c_0_74,negated_conjecture,(function_inverse(esk20_0)=esk21_0|in(unordered_pair(unordered_pair(apply(esk21_0,esk9_2(esk20_0,esk21_0)),X1),singleton(apply(esk21_0,esk9_2(esk20_0,esk21_0)))),esk20_0)|apply(esk20_0,apply(esk21_0,esk9_2(esk20_0,esk21_0)))!=X1), inference(cn,[status(thm)],[inference(rw,[status(thm)],[inference(rw,[status(thm)],[inference(spm,[status(thm)],[c_0_69, c_0_67]), c_0_26]), c_0_27])])).
cnf(c_0_75,negated_conjecture,(apply(esk20_0,apply(esk21_0,esk9_2(esk20_0,esk21_0)))=esk9_2(esk20_0,esk21_0)|function_inverse(esk20_0)=esk21_0), inference(er,[status(thm)],[c_0_70])).
cnf(c_0_76,plain,(X2=relation_inverse(X1)|~relation(X1)|~relation(X2)|~in(ordered_pair(esk10_2(X1,X2),esk9_2(X1,X2)),X1)|~in(ordered_pair(esk9_2(X1,X2),esk10_2(X1,X2)),X2)), inference(split_conjunct,[status(thm)],[c_0_11])).
cnf(c_0_77,negated_conjecture,(function_inverse(esk20_0)=esk21_0|in(unordered_pair(unordered_pair(esk9_2(esk20_0,esk21_0),X1),singleton(esk9_2(esk20_0,esk21_0))),esk21_0)|apply(esk21_0,esk9_2(esk20_0,esk21_0))!=X1), inference(cn,[status(thm)],[inference(rw,[status(thm)],[inference(rw,[status(thm)],[inference(spm,[status(thm)],[c_0_69, c_0_56]), c_0_31]), c_0_62])])).
cnf(c_0_78,negated_conjecture,(apply(esk20_0,esk10_2(esk20_0,esk21_0))=esk9_2(esk20_0,esk21_0)|function_inverse(esk20_0)=esk21_0|in(unordered_pair(singleton(esk9_2(esk20_0,esk21_0)),unordered_pair(esk9_2(esk20_0,esk21_0),esk10_2(esk20_0,esk21_0))),esk21_0)), inference(csr,[status(thm)],[inference(cn,[status(thm)],[inference(rw,[status(thm)],[inference(rw,[status(thm)],[inference(spm,[status(thm)],[c_0_71, c_0_41]), c_0_26]), c_0_27])]), c_0_72])).
cnf(c_0_79,negated_conjecture,(apply(esk21_0,X1)=esk10_2(esk20_0,esk21_0)|function_inverse(esk20_0)=esk21_0|apply(esk20_0,esk10_2(esk20_0,esk21_0))!=X1), inference(spm,[status(thm)],[c_0_73, c_0_72])).
cnf(c_0_80,negated_conjecture,(function_inverse(esk20_0)=esk21_0|in(unordered_pair(unordered_pair(apply(esk21_0,esk9_2(esk20_0,esk21_0)),X1),singleton(apply(esk21_0,esk9_2(esk20_0,esk21_0)))),esk20_0)|esk9_2(esk20_0,esk21_0)!=X1), inference(spm,[status(thm)],[c_0_74, c_0_75])).
cnf(c_0_81,plain,(relation_inverse(X1)=X2|~relation(X2)|~relation(X1)|~in(unordered_pair(unordered_pair(esk9_2(X1,X2),esk10_2(X1,X2)),singleton(esk9_2(X1,X2))),X2)|~in(unordered_pair(unordered_pair(esk10_2(X1,X2),esk9_2(X1,X2)),singleton(esk10_2(X1,X2))),X1)), inference(rw,[status(thm)],[inference(rw,[status(thm)],[c_0_76, c_0_16]), c_0_16])).
cnf(c_0_82,negated_conjecture,(function_inverse(esk20_0)=esk21_0|in(unordered_pair(singleton(esk9_2(esk20_0,esk21_0)),unordered_pair(esk9_2(esk20_0,esk21_0),apply(esk21_0,esk9_2(esk20_0,esk21_0)))),esk21_0)), inference(rw,[status(thm)],[inference(er,[status(thm)],[c_0_77]), c_0_22])).
cnf(c_0_83,negated_conjecture,(apply(esk21_0,esk9_2(esk20_0,esk21_0))=esk10_2(esk20_0,esk21_0)|function_inverse(esk20_0)=esk21_0), inference(csr,[status(thm)],[inference(csr,[status(thm)],[inference(cn,[status(thm)],[inference(rw,[status(thm)],[inference(rw,[status(thm)],[inference(spm,[status(thm)],[c_0_61, c_0_78]), c_0_31]), c_0_62])]), c_0_56]), c_0_79])).
cnf(c_0_84,negated_conjecture,(function_inverse(esk20_0)=esk21_0|in(unordered_pair(singleton(apply(esk21_0,esk9_2(esk20_0,esk21_0))),unordered_pair(esk9_2(esk20_0,esk21_0),apply(esk21_0,esk9_2(esk20_0,esk21_0)))),esk20_0)), inference(rw,[status(thm)],[inference(rw,[status(thm)],[inference(er,[status(thm)],[c_0_80]), c_0_22]), c_0_22])).
cnf(c_0_85,negated_conjecture,(in(esk22_0,relation_rng(esk20_0))|in(esk25_0,relation_dom(esk20_0))|esk21_0!=function_inverse(esk20_0)|relation_dom(esk21_0)!=relation_rng(esk20_0)), inference(split_conjunct,[status(thm)],[c_0_19])).
cnf(c_0_86,plain,(relation_inverse(X1)=X2|~relation(X2)|~relation(X1)|~in(unordered_pair(singleton(esk9_2(X1,X2)),unordered_pair(esk9_2(X1,X2),esk10_2(X1,X2))),X2)|~in(unordered_pair(singleton(esk10_2(X1,X2)),unordered_pair(esk9_2(X1,X2),esk10_2(X1,X2))),X1)), inference(rw,[status(thm)],[inference(rw,[status(thm)],[inference(rw,[status(thm)],[c_0_81, c_0_22]), c_0_22]), c_0_22])).
cnf(c_0_87,negated_conjecture,(function_inverse(esk20_0)=esk21_0|in(unordered_pair(singleton(esk9_2(esk20_0,esk21_0)),unordered_pair(esk9_2(esk20_0,esk21_0),esk10_2(esk20_0,esk21_0))),esk21_0)), inference(spm,[status(thm)],[c_0_82, c_0_83])).
cnf(c_0_88,negated_conjecture,(function_inverse(esk20_0)=esk21_0|in(unordered_pair(singleton(esk10_2(esk20_0,esk21_0)),unordered_pair(esk9_2(esk20_0,esk21_0),esk10_2(esk20_0,esk21_0))),esk20_0)), inference(spm,[status(thm)],[c_0_84, c_0_83])).
cnf(c_0_89,negated_conjecture,(in(esk25_0,relation_dom(esk20_0))|in(esk22_0,relation_dom(esk21_0))|function_inverse(esk20_0)!=esk21_0), inference(cn,[status(thm)],[inference(rw,[status(thm)],[inference(rw,[status(thm)],[c_0_85, c_0_42]), c_0_42])])).
cnf(c_0_90,negated_conjecture,(function_inverse(esk20_0)=esk21_0), inference(csr,[status(thm)],[inference(cn,[status(thm)],[inference(rw,[status(thm)],[inference(rw,[status(thm)],[inference(rw,[status(thm)],[inference(spm,[status(thm)],[c_0_86, c_0_87]), c_0_33]), c_0_31]), c_0_26])]), c_0_88])).
cnf(c_0_91,negated_conjecture,(esk23_0=apply(esk21_0,esk22_0)|in(esk25_0,relation_dom(esk20_0))|esk21_0!=function_inverse(esk20_0)|relation_dom(esk21_0)!=relation_rng(esk20_0)), inference(split_conjunct,[status(thm)],[c_0_19])).
cnf(c_0_92,negated_conjecture,(in(esk22_0,relation_dom(esk21_0))|in(esk25_0,relation_dom(esk20_0))), inference(cn,[status(thm)],[inference(rw,[status(thm)],[c_0_89, c_0_90])])).
cnf(c_0_93,negated_conjecture,(apply(esk21_0,esk22_0)=esk23_0|in(esk25_0,relation_dom(esk20_0))|function_inverse(esk20_0)!=esk21_0), inference(cn,[status(thm)],[inference(rw,[status(thm)],[c_0_91, c_0_42])])).
fof(c_0_94, plain, (![X2]:(~relation(X2)|relation_inverse(relation_inverse(X2))=X2)), inference(variable_rename,[status(thm)],[inference(fof_nnf,[status(thm)],[c_0_9])])).
cnf(c_0_95,negated_conjecture,(in(unordered_pair(unordered_pair(esk22_0,X1),singleton(esk22_0)),esk21_0)|in(esk25_0,relation_dom(esk20_0))|apply(esk21_0,esk22_0)!=X1), inference(cn,[status(thm)],[inference(rw,[status(thm)],[inference(rw,[status(thm)],[inference(spm,[status(thm)],[c_0_69, c_0_92]), c_0_31]), c_0_62])])).
cnf(c_0_96,negated_conjecture,(apply(esk21_0,esk22_0)=esk23_0|in(esk25_0,relation_dom(esk20_0))), inference(cn,[status(thm)],[inference(rw,[status(thm)],[c_0_93, c_0_90])])).
cnf(c_0_97,plain,(relation_dom(X1)=relation_rng(relation_inverse(X1))|~relation(X1)), inference(split_conjunct,[status(thm)],[c_0_23])).
cnf(c_0_98,plain,(relation_inverse(relation_inverse(X1))=X1|~relation(X1)), inference(split_conjunct,[status(thm)],[c_0_94])).
cnf(c_0_99,negated_conjecture,(in(unordered_pair(unordered_pair(esk22_0,X1),singleton(esk22_0)),esk21_0)|in(esk25_0,relation_dom(esk20_0))|esk23_0!=X1), inference(spm,[status(thm)],[c_0_95, c_0_96])).
cnf(c_0_100,negated_conjecture,(relation_rng(function_inverse(esk20_0))=relation_dom(esk20_0)), inference(rw,[status(thm)],[inference(spm,[status(thm)],[c_0_97, c_0_26]), c_0_33])).
cnf(c_0_101,plain,(in(ordered_pair(X3,X4),X2)|~relation(X1)|~relation(X2)|X2!=relation_inverse(X1)|~in(ordered_pair(X4,X3),X1)), inference(split_conjunct,[status(thm)],[c_0_11])).
cnf(c_0_102,negated_conjecture,(relation_inverse(function_inverse(esk20_0))=esk20_0), inference(rw,[status(thm)],[inference(spm,[status(thm)],[c_0_98, c_0_26]), c_0_33])).
cnf(c_0_103,negated_conjecture,(in(esk25_0,relation_dom(esk20_0))|esk21_0!=function_inverse(esk20_0)|relation_dom(esk21_0)!=relation_rng(esk20_0)|esk22_0!=apply(esk20_0,esk23_0)|~in(esk23_0,relation_dom(esk20_0))), inference(split_conjunct,[status(thm)],[c_0_19])).
cnf(c_0_104,negated_conjecture,(in(unordered_pair(unordered_pair(esk22_0,esk23_0),singleton(esk22_0)),esk21_0)|in(esk25_0,relation_dom(esk20_0))), inference(er,[status(thm)],[c_0_99])).
cnf(c_0_105,negated_conjecture,(relation_rng(esk21_0)=relation_dom(esk20_0)), inference(rw,[status(thm)],[c_0_100, c_0_90])).
cnf(c_0_106,plain,(in(unordered_pair(unordered_pair(X3,X4),singleton(X3)),X2)|relation_inverse(X1)!=X2|~relation(X2)|~relation(X1)|~in(unordered_pair(unordered_pair(X4,X3),singleton(X4)),X1)), inference(rw,[status(thm)],[inference(rw,[status(thm)],[c_0_101, c_0_16]), c_0_16])).
cnf(c_0_107,negated_conjecture,(relation_inverse(esk21_0)=esk20_0), inference(rw,[status(thm)],[c_0_102, c_0_90])).
cnf(c_0_108,negated_conjecture,(in(esk25_0,relation_dom(esk20_0))|apply(esk20_0,esk23_0)!=esk22_0|function_inverse(esk20_0)!=esk21_0|~in(esk23_0,relation_dom(esk20_0))), inference(cn,[status(thm)],[inference(rw,[status(thm)],[c_0_103, c_0_42])])).
cnf(c_0_109,negated_conjecture,(in(esk25_0,relation_dom(esk20_0))|in(esk23_0,X1)|relation_dom(esk20_0)!=X1), inference(cn,[status(thm)],[inference(rw,[status(thm)],[inference(rw,[status(thm)],[inference(spm,[status(thm)],[c_0_29, c_0_104]), c_0_105]), c_0_31])])).
cnf(c_0_110,negated_conjecture,(in(unordered_pair(unordered_pair(esk22_0,esk23_0),singleton(esk23_0)),X1)|in(esk25_0,relation_dom(esk20_0))|esk20_0!=X1|~relation(X1)), inference(rw,[status(thm)],[inference(cn,[status(thm)],[inference(rw,[status(thm)],[inference(rw,[status(thm)],[inference(spm,[status(thm)],[c_0_106, c_0_104]), c_0_107]), c_0_31])]), c_0_22])).
cnf(c_0_111,negated_conjecture,(in(esk25_0,relation_dom(esk20_0))|apply(esk20_0,esk23_0)!=esk22_0|~in(esk23_0,relation_dom(esk20_0))), inference(cn,[status(thm)],[inference(rw,[status(thm)],[c_0_108, c_0_90])])).
cnf(c_0_112,negated_conjecture,(in(esk23_0,relation_dom(esk20_0))|in(esk25_0,relation_dom(esk20_0))), inference(er,[status(thm)],[c_0_109])).
cnf(c_0_113,negated_conjecture,(in(unordered_pair(unordered_pair(esk22_0,esk23_0),singleton(esk23_0)),esk20_0)|in(esk25_0,relation_dom(esk20_0))), inference(spm,[status(thm)],[c_0_110, c_0_26])).
cnf(c_0_114,negated_conjecture,(in(esk25_0,relation_dom(esk20_0))|apply(esk20_0,esk23_0)!=esk22_0), inference(spm,[status(thm)],[c_0_111, c_0_112])).
fof(c_0_115, plain, (![X2]:((relation(function_inverse(X2))|(~relation(X2)|~function(X2)))&(function(function_inverse(X2))|(~relation(X2)|~function(X2))))), inference(distribute,[status(thm)],[inference(variable_rename,[status(thm)],[inference(fof_nnf,[status(thm)],[c_0_10])])])).
cnf(c_0_116,negated_conjecture,(in(esk25_0,relation_dom(esk20_0))), inference(csr,[status(thm)],[inference(csr,[status(thm)],[inference(cn,[status(thm)],[inference(rw,[status(thm)],[inference(rw,[status(thm)],[inference(spm,[status(thm)],[c_0_66, c_0_113]), c_0_26]), c_0_27])]), c_0_112]), c_0_114])).
cnf(c_0_117,plain,(relation(function_inverse(X1))|~function(X1)|~relation(X1)), inference(split_conjunct,[status(thm)],[c_0_115])).
cnf(c_0_118,plain,(function(function_inverse(X1))|~function(X1)|~relation(X1)), inference(split_conjunct,[status(thm)],[c_0_115])).
cnf(c_0_119,negated_conjecture,(in(unordered_pair(unordered_pair(esk25_0,X1),singleton(esk25_0)),esk20_0)|apply(esk20_0,esk25_0)!=X1), inference(cn,[status(thm)],[inference(rw,[status(thm)],[inference(rw,[status(thm)],[inference(spm,[status(thm)],[c_0_69, c_0_116]), c_0_26]), c_0_27])])).
cnf(c_0_120,negated_conjecture,(relation_dom(function_inverse(esk20_0))=relation_dom(esk21_0)), inference(rw,[status(thm)],[c_0_37, c_0_42])).
cnf(c_0_121,negated_conjecture,(relation(function_inverse(esk20_0))), inference(cn,[status(thm)],[inference(rw,[status(thm)],[inference(spm,[status(thm)],[c_0_117, c_0_26]), c_0_27])])).
cnf(c_0_122,negated_conjecture,(function(function_inverse(esk20_0))), inference(cn,[status(thm)],[inference(rw,[status(thm)],[inference(spm,[status(thm)],[c_0_118, c_0_26]), c_0_27])])).
cnf(c_0_123,plain,(in(X1,X2)|relation_rng(X3)!=X2|~relation(X3)|~in(unordered_pair(singleton(X4),unordered_pair(X4,X1)),X3)), inference(spm,[status(thm)],[c_0_29, c_0_22])).
cnf(c_0_124,negated_conjecture,(in(unordered_pair(singleton(esk25_0),unordered_pair(esk25_0,apply(esk20_0,esk25_0))),esk20_0)), inference(rw,[status(thm)],[inference(er,[status(thm)],[c_0_119]), c_0_22])).
cnf(c_0_125,negated_conjecture,(in(esk22_0,relation_rng(esk20_0))|esk24_0=apply(esk20_0,esk25_0)|esk21_0!=function_inverse(esk20_0)|relation_dom(esk21_0)!=relation_rng(esk20_0)), inference(split_conjunct,[status(thm)],[c_0_19])).
cnf(c_0_126,negated_conjecture,(in(unordered_pair(unordered_pair(X1,X2),singleton(X1)),function_inverse(esk20_0))|apply(function_inverse(esk20_0),X1)!=X2|~in(X1,relation_dom(esk21_0))), inference(cn,[status(thm)],[inference(rw,[status(thm)],[inference(rw,[status(thm)],[inference(spm,[status(thm)],[c_0_69, c_0_120]), c_0_121]), c_0_122])])).
cnf(c_0_127,negated_conjecture,(in(apply(esk20_0,esk25_0),X1)|relation_dom(esk21_0)!=X1), inference(cn,[status(thm)],[inference(rw,[status(thm)],[inference(rw,[status(thm)],[inference(spm,[status(thm)],[c_0_123, c_0_124]), c_0_42]), c_0_26])])).
cnf(c_0_128,negated_conjecture,(apply(esk20_0,esk25_0)=esk24_0|in(esk22_0,relation_dom(esk21_0))|function_inverse(esk20_0)!=esk21_0), inference(cn,[status(thm)],[inference(rw,[status(thm)],[inference(rw,[status(thm)],[c_0_125, c_0_42]), c_0_42])])).
cnf(c_0_129,negated_conjecture,(in(unordered_pair(singleton(X1),unordered_pair(X1,apply(function_inverse(esk20_0),X1))),function_inverse(esk20_0))|~in(X1,relation_dom(esk21_0))), inference(rw,[status(thm)],[inference(er,[status(thm)],[c_0_126]), c_0_22])).
cnf(c_0_130,negated_conjecture,(in(apply(esk20_0,esk25_0),relation_dom(esk21_0))), inference(er,[status(thm)],[c_0_127])).
cnf(c_0_131,negated_conjecture,(apply(esk20_0,esk25_0)=esk24_0|in(esk22_0,relation_dom(esk21_0))), inference(cn,[status(thm)],[inference(rw,[status(thm)],[c_0_128, c_0_90])])).
cnf(c_0_132,negated_conjecture,(in(unordered_pair(singleton(X1),unordered_pair(X1,apply(esk21_0,X1))),esk21_0)|~in(X1,relation_dom(esk21_0))), inference(rw,[status(thm)],[inference(rw,[status(thm)],[c_0_129, c_0_90]), c_0_90])).
cnf(c_0_133,negated_conjecture,(in(esk22_0,relation_dom(esk21_0))|in(esk24_0,relation_dom(esk21_0))), inference(spm,[status(thm)],[c_0_130, c_0_131])).
cnf(c_0_134,negated_conjecture,(esk23_0=apply(esk21_0,esk22_0)|esk24_0=apply(esk20_0,esk25_0)|esk21_0!=function_inverse(esk20_0)|relation_dom(esk21_0)!=relation_rng(esk20_0)), inference(split_conjunct,[status(thm)],[c_0_19])).
cnf(c_0_135,negated_conjecture,(in(unordered_pair(singleton(esk22_0),unordered_pair(esk22_0,apply(esk21_0,esk22_0))),esk21_0)|in(esk24_0,relation_dom(esk21_0))), inference(spm,[status(thm)],[c_0_132, c_0_133])).
cnf(c_0_136,negated_conjecture,(apply(esk21_0,esk22_0)=esk23_0|apply(esk20_0,esk25_0)=esk24_0|function_inverse(esk20_0)!=esk21_0), inference(cn,[status(thm)],[inference(rw,[status(thm)],[c_0_134, c_0_42])])).
cnf(c_0_137,negated_conjecture,(in(apply(esk21_0,esk22_0),X1)|in(esk24_0,relation_dom(esk21_0))|relation_dom(esk20_0)!=X1), inference(cn,[status(thm)],[inference(rw,[status(thm)],[inference(rw,[status(thm)],[inference(spm,[status(thm)],[c_0_123, c_0_135]), c_0_105]), c_0_31])])).
cnf(c_0_138,negated_conjecture,(apply(esk20_0,esk25_0)=esk24_0|apply(esk21_0,esk22_0)=esk23_0), inference(cn,[status(thm)],[inference(rw,[status(thm)],[c_0_136, c_0_90])])).
cnf(c_0_139,negated_conjecture,(esk24_0=apply(esk20_0,esk25_0)|esk21_0!=function_inverse(esk20_0)|relation_dom(esk21_0)!=relation_rng(esk20_0)|esk22_0!=apply(esk20_0,esk23_0)|~in(esk23_0,relation_dom(esk20_0))), inference(split_conjunct,[status(thm)],[c_0_19])).
cnf(c_0_140,negated_conjecture,(in(apply(esk21_0,esk22_0),relation_dom(esk20_0))|in(esk24_0,relation_dom(esk21_0))), inference(er,[status(thm)],[c_0_137])).
cnf(c_0_141,negated_conjecture,(apply(esk20_0,esk25_0)=esk24_0|in(unordered_pair(unordered_pair(esk22_0,esk23_0),singleton(esk22_0)),esk21_0)|in(esk24_0,relation_dom(esk21_0))), inference(rw,[status(thm)],[inference(spm,[status(thm)],[c_0_135, c_0_138]), c_0_22])).
cnf(c_0_142,negated_conjecture,(apply(esk20_0,esk25_0)=esk24_0|apply(esk20_0,esk23_0)!=esk22_0|function_inverse(esk20_0)!=esk21_0|~in(esk23_0,relation_dom(esk20_0))), inference(cn,[status(thm)],[inference(rw,[status(thm)],[c_0_139, c_0_42])])).
cnf(c_0_143,negated_conjecture,(apply(esk20_0,esk25_0)=esk24_0|in(esk24_0,relation_dom(esk21_0))|in(esk23_0,relation_dom(esk20_0))), inference(spm,[status(thm)],[c_0_140, c_0_138])).
cnf(c_0_144,plain,(in(unordered_pair(unordered_pair(X1,X2),singleton(X1)),X3)|relation_inverse(X4)!=X3|~relation(X3)|~relation(X4)|~in(unordered_pair(singleton(X2),unordered_pair(X2,X1)),X4)), inference(spm,[status(thm)],[c_0_106, c_0_22])).
cnf(c_0_145,negated_conjecture,(apply(esk20_0,esk25_0)=esk24_0|in(unordered_pair(unordered_pair(esk22_0,esk23_0),singleton(esk23_0)),X1)|in(esk24_0,relation_dom(esk21_0))|esk20_0!=X1|~relation(X1)), inference(cn,[status(thm)],[inference(rw,[status(thm)],[inference(rw,[status(thm)],[inference(rw,[status(thm)],[inference(spm,[status(thm)],[c_0_106, c_0_141]), c_0_22]), c_0_107]), c_0_31])])).
cnf(c_0_146,negated_conjecture,(apply(esk20_0,esk25_0)=esk24_0|apply(esk20_0,esk23_0)!=esk22_0|~in(esk23_0,relation_dom(esk20_0))), inference(cn,[status(thm)],[inference(rw,[status(thm)],[c_0_142, c_0_90])])).
cnf(c_0_147,negated_conjecture,(in(esk23_0,relation_dom(esk20_0))|in(esk24_0,relation_dom(esk21_0))), inference(spm,[status(thm)],[c_0_130, c_0_143])).
cnf(c_0_148,negated_conjecture,(in(unordered_pair(unordered_pair(esk25_0,apply(esk20_0,esk25_0)),singleton(apply(esk20_0,esk25_0))),X1)|esk21_0!=X1|~relation(X1)), inference(rw,[status(thm)],[inference(cn,[status(thm)],[inference(rw,[status(thm)],[inference(rw,[status(thm)],[inference(rw,[status(thm)],[inference(spm,[status(thm)],[c_0_144, c_0_124]), c_0_33]), c_0_90]), c_0_26])]), c_0_22])).
cnf(c_0_149,negated_conjecture,(in(esk22_0,relation_rng(esk20_0))|esk21_0!=function_inverse(esk20_0)|relation_dom(esk21_0)!=relation_rng(esk20_0)|esk25_0!=apply(esk21_0,esk24_0)|~in(esk24_0,relation_rng(esk20_0))), inference(split_conjunct,[status(thm)],[c_0_19])).
cnf(c_0_150,negated_conjecture,(apply(esk20_0,esk25_0)=esk24_0|in(unordered_pair(unordered_pair(esk22_0,esk23_0),singleton(esk23_0)),esk20_0)|in(esk24_0,relation_dom(esk21_0))), inference(spm,[status(thm)],[c_0_145, c_0_26])).
cnf(c_0_151,negated_conjecture,(apply(esk20_0,esk25_0)=esk24_0|in(esk24_0,relation_dom(esk21_0))|apply(esk20_0,esk23_0)!=esk22_0), inference(spm,[status(thm)],[c_0_146, c_0_147])).
cnf(c_0_152,negated_conjecture,(in(unordered_pair(unordered_pair(esk25_0,apply(esk20_0,esk25_0)),singleton(apply(esk20_0,esk25_0))),esk21_0)), inference(spm,[status(thm)],[c_0_148, c_0_31])).
cnf(c_0_153,negated_conjecture,(in(esk22_0,relation_dom(esk21_0))|apply(esk21_0,esk24_0)!=esk25_0|function_inverse(esk20_0)!=esk21_0|~in(esk24_0,relation_dom(esk21_0))), inference(cn,[status(thm)],[inference(rw,[status(thm)],[inference(rw,[status(thm)],[inference(rw,[status(thm)],[c_0_149, c_0_42]), c_0_42]), c_0_42])])).
cnf(c_0_154,negated_conjecture,(apply(esk20_0,esk25_0)=esk24_0|in(esk24_0,relation_dom(esk21_0))), inference(csr,[status(thm)],[inference(csr,[status(thm)],[inference(cn,[status(thm)],[inference(rw,[status(thm)],[inference(rw,[status(thm)],[inference(spm,[status(thm)],[c_0_66, c_0_150]), c_0_26]), c_0_27])]), c_0_147]), c_0_151])).
cnf(c_0_155,negated_conjecture,(apply(esk21_0,apply(esk20_0,esk25_0))=esk25_0), inference(cn,[status(thm)],[inference(rw,[status(thm)],[inference(rw,[status(thm)],[inference(rw,[status(thm)],[inference(spm,[status(thm)],[c_0_66, c_0_152]), c_0_31]), c_0_62]), c_0_130])])).
cnf(c_0_156,negated_conjecture,(in(esk22_0,relation_dom(esk21_0))|apply(esk21_0,esk24_0)!=esk25_0|~in(esk24_0,relation_dom(esk21_0))), inference(cn,[status(thm)],[inference(rw,[status(thm)],[c_0_153, c_0_90])])).
cnf(c_0_157,negated_conjecture,(in(esk24_0,relation_dom(esk21_0))), inference(spm,[status(thm)],[c_0_130, c_0_154])).
cnf(c_0_158,negated_conjecture,(apply(esk21_0,esk24_0)=esk25_0|in(esk22_0,relation_dom(esk21_0))), inference(spm,[status(thm)],[c_0_155, c_0_131])).
cnf(c_0_159,negated_conjecture,(in(esk22_0,relation_dom(esk21_0))), inference(csr,[status(thm)],[inference(cn,[status(thm)],[inference(rw,[status(thm)],[c_0_156, c_0_157])]), c_0_158])).
cnf(c_0_160,negated_conjecture,(in(unordered_pair(singleton(esk22_0),unordered_pair(esk22_0,apply(esk21_0,esk22_0))),esk21_0)), inference(spm,[status(thm)],[c_0_132, c_0_159])).
cnf(c_0_161,negated_conjecture,(esk23_0=apply(esk21_0,esk22_0)|esk21_0!=function_inverse(esk20_0)|relation_dom(esk21_0)!=relation_rng(esk20_0)|esk25_0!=apply(esk21_0,esk24_0)|~in(esk24_0,relation_rng(esk20_0))), inference(split_conjunct,[status(thm)],[c_0_19])).
cnf(c_0_162,negated_conjecture,(in(apply(esk21_0,esk22_0),X1)|relation_dom(esk20_0)!=X1), inference(cn,[status(thm)],[inference(rw,[status(thm)],[inference(rw,[status(thm)],[inference(spm,[status(thm)],[c_0_123, c_0_160]), c_0_105]), c_0_31])])).
cnf(c_0_163,negated_conjecture,(apply(esk21_0,esk22_0)=esk23_0|apply(esk21_0,esk24_0)!=esk25_0|function_inverse(esk20_0)!=esk21_0|~in(esk24_0,relation_dom(esk21_0))), inference(cn,[status(thm)],[inference(rw,[status(thm)],[inference(rw,[status(thm)],[c_0_161, c_0_42]), c_0_42])])).
cnf(c_0_164,negated_conjecture,(in(apply(esk21_0,esk22_0),relation_dom(esk20_0))), inference(er,[status(thm)],[c_0_162])).
cnf(c_0_165,negated_conjecture,(apply(esk21_0,esk22_0)=esk23_0|apply(esk21_0,esk24_0)!=esk25_0|~in(esk24_0,relation_dom(esk21_0))), inference(cn,[status(thm)],[inference(rw,[status(thm)],[c_0_163, c_0_90])])).
cnf(c_0_166,negated_conjecture,(apply(esk20_0,esk25_0)=esk24_0|in(esk23_0,relation_dom(esk20_0))), inference(spm,[status(thm)],[c_0_164, c_0_138])).
cnf(c_0_167,negated_conjecture,(apply(esk21_0,esk22_0)=esk23_0|apply(esk21_0,esk24_0)!=esk25_0), inference(cn,[status(thm)],[inference(rw,[status(thm)],[c_0_165, c_0_157])])).
cnf(c_0_168,negated_conjecture,(apply(esk21_0,esk24_0)=esk25_0|in(esk23_0,relation_dom(esk20_0))), inference(spm,[status(thm)],[c_0_155, c_0_166])).
cnf(c_0_169,negated_conjecture,(apply(esk20_0,esk25_0)=esk24_0|in(unordered_pair(unordered_pair(esk22_0,esk23_0),singleton(esk22_0)),esk21_0)), inference(rw,[status(thm)],[inference(spm,[status(thm)],[c_0_160, c_0_138]), c_0_22])).
cnf(c_0_170,negated_conjecture,(apply(esk21_0,esk22_0)=esk23_0|in(esk23_0,relation_dom(esk20_0))), inference(spm,[status(thm)],[c_0_167, c_0_168])).
cnf(c_0_171,negated_conjecture,(apply(esk20_0,esk25_0)=esk24_0|in(unordered_pair(unordered_pair(esk22_0,esk23_0),singleton(esk23_0)),X1)|esk20_0!=X1|~relation(X1)), inference(cn,[status(thm)],[inference(rw,[status(thm)],[inference(rw,[status(thm)],[inference(rw,[status(thm)],[inference(spm,[status(thm)],[c_0_106, c_0_169]), c_0_22]), c_0_107]), c_0_31])])).
cnf(c_0_172,negated_conjecture,(in(esk23_0,relation_dom(esk20_0))), inference(spm,[status(thm)],[c_0_164, c_0_170])).
cnf(c_0_173,negated_conjecture,(apply(esk20_0,esk25_0)=esk24_0|in(unordered_pair(unordered_pair(esk22_0,esk23_0),singleton(esk23_0)),esk20_0)), inference(spm,[status(thm)],[c_0_171, c_0_26])).
cnf(c_0_174,negated_conjecture,(apply(esk20_0,esk25_0)=esk24_0|apply(esk20_0,esk23_0)!=esk22_0), inference(cn,[status(thm)],[inference(rw,[status(thm)],[c_0_146, c_0_172])])).
cnf(c_0_175,negated_conjecture,(apply(esk20_0,esk25_0)=esk24_0), inference(csr,[status(thm)],[inference(cn,[status(thm)],[inference(rw,[status(thm)],[inference(rw,[status(thm)],[inference(rw,[status(thm)],[inference(spm,[status(thm)],[c_0_66, c_0_173]), c_0_26]), c_0_27]), c_0_172])]), c_0_174])).
cnf(c_0_176,negated_conjecture,(esk21_0!=function_inverse(esk20_0)|relation_dom(esk21_0)!=relation_rng(esk20_0)|esk22_0!=apply(esk20_0,esk23_0)|~in(esk23_0,relation_dom(esk20_0))|esk25_0!=apply(esk21_0,esk24_0)|~in(esk24_0,relation_rng(esk20_0))), inference(split_conjunct,[status(thm)],[c_0_19])).
cnf(c_0_177,negated_conjecture,(apply(esk21_0,esk24_0)=esk25_0), inference(rw,[status(thm)],[c_0_155, c_0_175])).
cnf(c_0_178,negated_conjecture,(apply(esk20_0,esk23_0)!=esk22_0|apply(esk21_0,esk24_0)!=esk25_0|function_inverse(esk20_0)!=esk21_0|~in(esk23_0,relation_dom(esk20_0))|~in(esk24_0,relation_dom(esk21_0))), inference(cn,[status(thm)],[inference(rw,[status(thm)],[inference(rw,[status(thm)],[c_0_176, c_0_42]), c_0_42])])).
cnf(c_0_179,negated_conjecture,(apply(esk21_0,esk22_0)=esk23_0), inference(cn,[status(thm)],[inference(rw,[status(thm)],[c_0_167, c_0_177])])).
cnf(c_0_180,negated_conjecture,(apply(esk20_0,esk23_0)!=esk22_0|apply(esk21_0,esk24_0)!=esk25_0|~in(esk23_0,relation_dom(esk20_0))|~in(esk24_0,relation_dom(esk21_0))), inference(cn,[status(thm)],[inference(rw,[status(thm)],[c_0_178, c_0_90])])).
cnf(c_0_181,negated_conjecture,(in(unordered_pair(unordered_pair(esk22_0,esk23_0),singleton(esk22_0)),esk21_0)), inference(rw,[status(thm)],[inference(rw,[status(thm)],[c_0_160, c_0_179]), c_0_22])).
cnf(c_0_182,negated_conjecture,(apply(esk20_0,esk23_0)!=esk22_0|apply(esk21_0,esk24_0)!=esk25_0|~in(esk23_0,relation_dom(esk20_0))), inference(cn,[status(thm)],[inference(rw,[status(thm)],[c_0_180, c_0_157])])).
cnf(c_0_183,negated_conjecture,(in(unordered_pair(unordered_pair(esk22_0,esk23_0),singleton(esk23_0)),X1)|esk20_0!=X1|~relation(X1)), inference(cn,[status(thm)],[inference(rw,[status(thm)],[inference(rw,[status(thm)],[inference(rw,[status(thm)],[inference(spm,[status(thm)],[c_0_106, c_0_181]), c_0_22]), c_0_107]), c_0_31])])).
cnf(c_0_184,negated_conjecture,(apply(esk20_0,esk23_0)!=esk22_0|apply(esk21_0,esk24_0)!=esk25_0), inference(cn,[status(thm)],[inference(rw,[status(thm)],[c_0_182, c_0_172])])).
cnf(c_0_185,negated_conjecture,(in(unordered_pair(unordered_pair(esk22_0,esk23_0),singleton(esk23_0)),esk20_0)), inference(spm,[status(thm)],[c_0_183, c_0_26])).
cnf(c_0_186,negated_conjecture,(apply(esk20_0,esk23_0)!=esk22_0), inference(cn,[status(thm)],[inference(rw,[status(thm)],[c_0_184, c_0_177])])).
cnf(c_0_187,negated_conjecture,($false), inference(sr,[status(thm)],[inference(cn,[status(thm)],[inference(rw,[status(thm)],[inference(rw,[status(thm)],[inference(rw,[status(thm)],[inference(spm,[status(thm)],[c_0_66, c_0_185]), c_0_26]), c_0_27]), c_0_172])]), c_0_186]), ['proof']).
# SZS output end CNFRefutation.
EOF
