% Problem    : SEU430+3 : TPTP v6.1.0. Released v3.4.0.
% Command    : eprover --auto-schedule --tstp-format -s --proof-object --memory-limit=2048 --cpu-limit=%d %s
% Computer   : n108.star.cs.uiowa.edu
% Model      : x86_64 x86_64
% CPU        : Intel(R) Xeon(R) CPU E5-2609 0 @ 2.40GHz
% Memory     : 32286.75MB
% OS         : Linux 2.6.32-431.20.3.el6.x86_64
% CPULimit   : 300
% DateTime   : Sun Jul 20 06:56:42 CDT 2014
% CPUTime    : 
# SinE strategy is gf120_h_gu_RUU_F100_L00500
# Trying AutoSched0 for 151 seconds
# AutoSched0-Mode selected heuristic G_E___208_C18_F1_SE_CS_SP_PS_S0YP
# and selection function SelectMaxLComplexAvoidPosPred.
#
# Presaturation interreduction done

# Proof found!
# SZS status Theorem
# SZS output start CNFRefutation.
fof(c_0_0, conjecture, (![X1]:![X2]:(m1_subset_1(X2,k1_zfmisc_1(k1_zfmisc_1(X1)))=>(k5_setfam_1(X1,X2)=k1_xboole_0<=>![X3]:(r2_hidden(X3,X2)=>X3=k1_xboole_0)))), file('/export/starexec/sandbox/benchmark/theBenchmark.p', t30_relset_2)).
fof(c_0_1, axiom, (![X1]:(~((?[X2]:(X2!=k1_xboole_0&r2_hidden(X2,X1))&k3_tarski(X1)=k1_xboole_0))&~((k3_tarski(X1)!=k1_xboole_0&![X2]:~((X2!=k1_xboole_0&r2_hidden(X2,X1))))))), file('/export/starexec/sandbox/benchmark/Axioms/SET007/SET007+59.ax', t91_orders_1)).
fof(c_0_2, axiom, (![X1]:![X2]:(m1_subset_1(X2,k1_zfmisc_1(k1_zfmisc_1(X1)))=>k5_setfam_1(X1,X2)=k3_tarski(X2))), file('/export/starexec/sandbox/benchmark/Axioms/SET007/SET007+8.ax', redefinition_k5_setfam_1)).
fof(c_0_3, axiom, (![X1]:u1_struct_0(k3_yellow_1(X1))=k1_zfmisc_1(X1)), file('/export/starexec/sandbox/benchmark/Axioms/SET007/SET007+497.ax', t4_waybel_7)).
fof(c_0_4, negated_conjecture, (~(![X1]:![X2]:(m1_subset_1(X2,k1_zfmisc_1(k1_zfmisc_1(X1)))=>(k5_setfam_1(X1,X2)=k1_xboole_0<=>![X3]:(r2_hidden(X3,X2)=>X3=k1_xboole_0))))), inference(assume_negation,[status(cth)],[c_0_0])).
fof(c_0_5, negated_conjecture, (![X7]:(m1_subset_1(esk2_0,k1_zfmisc_1(k1_zfmisc_1(esk1_0)))&(((r2_hidden(esk3_0,esk2_0)|k5_setfam_1(esk1_0,esk2_0)!=k1_xboole_0)&(esk3_0!=k1_xboole_0|k5_setfam_1(esk1_0,esk2_0)!=k1_xboole_0))&(k5_setfam_1(esk1_0,esk2_0)=k1_xboole_0|(~r2_hidden(X7,esk2_0)|X7=k1_xboole_0))))), inference(distribute,[status(thm)],[inference(shift_quantors,[status(thm)],[inference(skolemize,[status(esa)],[inference(variable_rename,[status(thm)],[inference(fof_nnf,[status(thm)],[c_0_4])])])])])).
fof(c_0_6, plain, (![X3]:![X4]:![X5]:(((X4=k1_xboole_0|~r2_hidden(X4,X3))|k3_tarski(X3)!=k1_xboole_0)&((esk51_1(X5)!=k1_xboole_0|k3_tarski(X5)=k1_xboole_0)&(r2_hidden(esk51_1(X5),X5)|k3_tarski(X5)=k1_xboole_0)))), inference(distribute,[status(thm)],[inference(shift_quantors,[status(thm)],[inference(skolemize,[status(esa)],[inference(variable_rename,[status(thm)],[inference(shift_quantors,[status(thm)],[inference(fof_nnf,[status(thm)],[c_0_1])])])])])])).
fof(c_0_7, plain, (![X3]:![X4]:(~m1_subset_1(X4,k1_zfmisc_1(k1_zfmisc_1(X3)))|k5_setfam_1(X3,X4)=k3_tarski(X4))), inference(variable_rename,[status(thm)],[inference(fof_nnf,[status(thm)],[c_0_2])])).
fof(c_0_8, plain, (![X2]:u1_struct_0(k3_yellow_1(X2))=k1_zfmisc_1(X2)), inference(variable_rename,[status(thm)],[c_0_3])).
cnf(c_0_9,negated_conjecture,(X1=k1_xboole_0|k5_setfam_1(esk1_0,esk2_0)=k1_xboole_0|~r2_hidden(X1,esk2_0)), inference(split_conjunct,[status(thm)],[c_0_5])).
cnf(c_0_10,plain,(k3_tarski(X1)=k1_xboole_0|r2_hidden(esk51_1(X1),X1)), inference(split_conjunct,[status(thm)],[c_0_6])).
cnf(c_0_11,plain,(k3_tarski(X1)=k1_xboole_0|esk51_1(X1)!=k1_xboole_0), inference(split_conjunct,[status(thm)],[c_0_6])).
cnf(c_0_12,plain,(k5_setfam_1(X1,X2)=k3_tarski(X2)|~m1_subset_1(X2,k1_zfmisc_1(k1_zfmisc_1(X1)))), inference(split_conjunct,[status(thm)],[c_0_7])).
cnf(c_0_13,plain,(u1_struct_0(k3_yellow_1(X1))=k1_zfmisc_1(X1)), inference(split_conjunct,[status(thm)],[c_0_8])).
cnf(c_0_14,negated_conjecture,(m1_subset_1(esk2_0,k1_zfmisc_1(k1_zfmisc_1(esk1_0)))), inference(split_conjunct,[status(thm)],[c_0_5])).
cnf(c_0_15,negated_conjecture,(k5_setfam_1(esk1_0,esk2_0)=k1_xboole_0|k3_tarski(esk2_0)=k1_xboole_0), inference(csr,[status(thm)],[inference(spm,[status(thm)],[c_0_9, c_0_10]), c_0_11])).
cnf(c_0_16,plain,(k5_setfam_1(X1,X2)=k3_tarski(X2)|~m1_subset_1(X2,u1_struct_0(k3_yellow_1(u1_struct_0(k3_yellow_1(X1)))))), inference(rw,[status(thm)],[inference(rw,[status(thm)],[c_0_12, c_0_13]), c_0_13])).
cnf(c_0_17,negated_conjecture,(m1_subset_1(esk2_0,u1_struct_0(k3_yellow_1(u1_struct_0(k3_yellow_1(esk1_0)))))), inference(rw,[status(thm)],[inference(rw,[status(thm)],[c_0_14, c_0_13]), c_0_13])).
cnf(c_0_18,negated_conjecture,(r2_hidden(esk3_0,esk2_0)|k5_setfam_1(esk1_0,esk2_0)!=k1_xboole_0), inference(split_conjunct,[status(thm)],[c_0_5])).
cnf(c_0_19,negated_conjecture,(k3_tarski(esk2_0)=k1_xboole_0), inference(cn,[status(thm)],[inference(rw,[status(thm)],[inference(spm,[status(thm)],[c_0_15, c_0_16]), c_0_17])])).
cnf(c_0_20,negated_conjecture,(k5_setfam_1(esk1_0,esk2_0)!=k1_xboole_0|esk3_0!=k1_xboole_0), inference(split_conjunct,[status(thm)],[c_0_5])).
cnf(c_0_21,plain,(X2=k1_xboole_0|k3_tarski(X1)!=k1_xboole_0|~r2_hidden(X2,X1)), inference(split_conjunct,[status(thm)],[c_0_6])).
cnf(c_0_22,negated_conjecture,(r2_hidden(esk3_0,esk2_0)), inference(cn,[status(thm)],[inference(rw,[status(thm)],[inference(cn,[status(thm)],[inference(rw,[status(thm)],[inference(spm,[status(thm)],[c_0_18, c_0_16]), c_0_17])]), c_0_19])])).
cnf(c_0_23,negated_conjecture,(esk3_0!=k1_xboole_0), inference(cn,[status(thm)],[inference(rw,[status(thm)],[inference(cn,[status(thm)],[inference(rw,[status(thm)],[inference(spm,[status(thm)],[c_0_20, c_0_16]), c_0_17])]), c_0_19])])).
cnf(c_0_24,negated_conjecture,($false), inference(sr,[status(thm)],[inference(cn,[status(thm)],[inference(rw,[status(thm)],[inference(spm,[status(thm)],[c_0_21, c_0_22]), c_0_19])]), c_0_23]), ['proof']).
# SZS output end CNFRefutation.
EOF
