% Problem    : NUM925+3 : TPTP v6.1.0. Released v5.3.0.
% Command    : eprover --auto-schedule --tstp-format -s --proof-object --memory-limit=2048 --cpu-limit=%d %s
% Computer   : n123.star.cs.uiowa.edu
% Model      : x86_64 x86_64
% CPU        : Intel(R) Xeon(R) CPU E5-2609 0 @ 2.40GHz
% Memory     : 32286.75MB
% OS         : Linux 2.6.32-431.20.3.el6.x86_64
% CPULimit   : 300
% DateTime   : Sun Jul 20 03:46:26 CDT 2014
% CPUTime    : 
# No SInE strategy applied
# Trying AutoSched0 for 151 seconds
# AutoSched0-Mode selected heuristic G_E___208_C18_F1_SE_CS_SP_PS_S0Y
# and selection function SelectMaxLComplexAvoidPosPred.
#
# Presaturation interreduction done

# Proof found!
# SZS status Theorem
# SZS output start CNFRefutation.
fof(c_0_0, axiom, (![X22]:succ(bit0(X22))=bit1(X22)), file('/export/starexec/sandbox/benchmark/theBenchmark.p', fact_809_succ__Bit0)).
fof(c_0_1, axiom, (![X22]:bit0(X22)=plus_plus_int(X22,X22)), file('/export/starexec/sandbox/benchmark/theBenchmark.p', fact_103_Bit0__def)).
fof(c_0_2, axiom, (![X22]:minus_minus_int(X22,min)=succ(X22)), file('/export/starexec/sandbox/benchmark/theBenchmark.p', fact_1021_diff__bin__simps_I2_J)).
fof(c_0_3, axiom, (plus_plus_int(one_one_int,one_one_int)=number_number_of_int(bit0(bit1(pls)))), file('/export/starexec/sandbox/benchmark/theBenchmark.p', fact_16_one__add__one__is__two)).
fof(c_0_4, axiom, (bit0(pls)=pls), file('/export/starexec/sandbox/benchmark/theBenchmark.p', fact_97_Bit0__Pls)).
fof(c_0_5, axiom, (![X22]:succ(X22)=plus_plus_int(X22,one_one_int)), file('/export/starexec/sandbox/benchmark/theBenchmark.p', fact_814_succ__def)).
fof(c_0_6, conjecture, (hAPP_nat_int(power_power_int(plus_plus_int(one_one_int,hAPP_nat_int(semiri1621563631at_int,n))),number_number_of_nat(bit0(bit1(pls))))!=zero_zero_int), file('/export/starexec/sandbox/benchmark/theBenchmark.p', conj_0)).
fof(c_0_7, axiom, (![X15]:nat(number_number_of_int(X15))=number_number_of_nat(X15)), file('/export/starexec/sandbox/benchmark/theBenchmark.p', fact_766_nat__number__of)).
fof(c_0_8, axiom, (![X79]:![X80]:(hBOOL(hAPP_int_bool(hAPP_i1948725293t_bool(ord_less_int,zero_zero_int),X80))=>hBOOL(hAPP_int_bool(hAPP_i1948725293t_bool(ord_less_int,zero_zero_int),hAPP_nat_int(power_power_int(X80),X79))))), file('/export/starexec/sandbox/benchmark/theBenchmark.p', fact_266_zero__less__power)).
fof(c_0_9, axiom, (~(hBOOL(hAPP_int_bool(hAPP_i1948725293t_bool(ord_less_int,pls),zero_zero_int)))), file('/export/starexec/sandbox/benchmark/theBenchmark.p', fact_79_bin__less__0__simps_I1_J)).
fof(c_0_10, axiom, (pls=zero_zero_int), file('/export/starexec/sandbox/benchmark/theBenchmark.p', fact_98_Pls__def)).
fof(c_0_11, axiom, (hBOOL(hAPP_int_bool(hAPP_i1948725293t_bool(ord_less_int,zero_zero_int),plus_plus_int(one_one_int,hAPP_nat_int(semiri1621563631at_int,n))))), file('/export/starexec/sandbox/benchmark/theBenchmark.p', fact_0_n1pos)).
fof(c_0_12, plain, (![X23]:succ(bit0(X23))=bit1(X23)), inference(variable_rename,[status(thm)],[c_0_0])).
fof(c_0_13, plain, (![X23]:bit0(X23)=plus_plus_int(X23,X23)), inference(variable_rename,[status(thm)],[c_0_1])).
cnf(c_0_14,plain,(succ(bit0(X1))=bit1(X1)), inference(split_conjunct,[status(thm)],[c_0_12])).
cnf(c_0_15,plain,(bit0(X1)=plus_plus_int(X1,X1)), inference(split_conjunct,[status(thm)],[c_0_13])).
fof(c_0_16, plain, (![X23]:minus_minus_int(X23,min)=succ(X23)), inference(variable_rename,[status(thm)],[c_0_2])).
cnf(c_0_17,plain,(plus_plus_int(one_one_int,one_one_int)=number_number_of_int(bit0(bit1(pls)))), inference(split_conjunct,[status(thm)],[c_0_3])).
cnf(c_0_18,plain,(succ(plus_plus_int(X1,X1))=bit1(X1)), inference(rw,[status(thm)],[c_0_14, c_0_15])).
cnf(c_0_19,plain,(minus_minus_int(X1,min)=succ(X1)), inference(split_conjunct,[status(thm)],[c_0_16])).
cnf(c_0_20,plain,(bit0(pls)=pls), inference(split_conjunct,[status(thm)],[c_0_4])).
fof(c_0_21, plain, (![X23]:succ(X23)=plus_plus_int(X23,one_one_int)), inference(variable_rename,[status(thm)],[c_0_5])).
fof(c_0_22, negated_conjecture, (hAPP_nat_int(power_power_int(plus_plus_int(one_one_int,hAPP_nat_int(semiri1621563631at_int,n))),number_number_of_nat(bit0(bit1(pls))))=zero_zero_int), inference(fof_simplification,[status(thm)],[inference(assume_negation,[status(cth)],[c_0_6])])).
fof(c_0_23, plain, (![X16]:nat(number_number_of_int(X16))=number_number_of_nat(X16)), inference(variable_rename,[status(thm)],[c_0_7])).
cnf(c_0_24,plain,(number_number_of_int(plus_plus_int(minus_minus_int(plus_plus_int(pls,pls),min),minus_minus_int(plus_plus_int(pls,pls),min)))=plus_plus_int(one_one_int,one_one_int)), inference(rw,[status(thm)],[inference(rw,[status(thm)],[inference(rw,[status(thm)],[inference(rw,[status(thm)],[inference(rw,[status(thm)],[c_0_17, c_0_15]), c_0_18]), c_0_18]), c_0_19]), c_0_19])).
cnf(c_0_25,plain,(plus_plus_int(pls,pls)=pls), inference(rw,[status(thm)],[c_0_20, c_0_15])).
cnf(c_0_26,plain,(succ(X1)=plus_plus_int(X1,one_one_int)), inference(split_conjunct,[status(thm)],[c_0_21])).
fof(c_0_27, plain, (![X81]:![X82]:(~hBOOL(hAPP_int_bool(hAPP_i1948725293t_bool(ord_less_int,zero_zero_int),X82))|hBOOL(hAPP_int_bool(hAPP_i1948725293t_bool(ord_less_int,zero_zero_int),hAPP_nat_int(power_power_int(X82),X81))))), inference(variable_rename,[status(thm)],[inference(fof_nnf,[status(thm)],[c_0_8])])).
cnf(c_0_28,negated_conjecture,(hAPP_nat_int(power_power_int(plus_plus_int(one_one_int,hAPP_nat_int(semiri1621563631at_int,n))),number_number_of_nat(bit0(bit1(pls))))=zero_zero_int), inference(split_conjunct,[status(thm)],[c_0_22])).
cnf(c_0_29,plain,(nat(number_number_of_int(X1))=number_number_of_nat(X1)), inference(split_conjunct,[status(thm)],[c_0_23])).
cnf(c_0_30,plain,(number_number_of_int(plus_plus_int(minus_minus_int(pls,min),minus_minus_int(pls,min)))=plus_plus_int(one_one_int,one_one_int)), inference(rw,[status(thm)],[inference(rw,[status(thm)],[c_0_24, c_0_25]), c_0_25])).
cnf(c_0_31,plain,(plus_plus_int(X1,one_one_int)=minus_minus_int(X1,min)), inference(rw,[status(thm)],[c_0_26, c_0_19])).
fof(c_0_32, plain, (~hBOOL(hAPP_int_bool(hAPP_i1948725293t_bool(ord_less_int,pls),zero_zero_int))), inference(fof_simplification,[status(thm)],[c_0_9])).
cnf(c_0_33,plain,(hBOOL(hAPP_int_bool(hAPP_i1948725293t_bool(ord_less_int,zero_zero_int),hAPP_nat_int(power_power_int(X1),X2)))|~hBOOL(hAPP_int_bool(hAPP_i1948725293t_bool(ord_less_int,zero_zero_int),X1))), inference(split_conjunct,[status(thm)],[c_0_27])).
cnf(c_0_34,plain,(pls=zero_zero_int), inference(split_conjunct,[status(thm)],[c_0_10])).
cnf(c_0_35,negated_conjecture,(hAPP_nat_int(power_power_int(plus_plus_int(one_one_int,hAPP_nat_int(semiri1621563631at_int,n))),nat(number_number_of_int(plus_plus_int(minus_minus_int(plus_plus_int(pls,pls),min),minus_minus_int(plus_plus_int(pls,pls),min)))))=zero_zero_int), inference(rw,[status(thm)],[inference(rw,[status(thm)],[inference(rw,[status(thm)],[inference(rw,[status(thm)],[inference(rw,[status(thm)],[inference(rw,[status(thm)],[c_0_28, c_0_15]), c_0_18]), c_0_18]), c_0_29]), c_0_19]), c_0_19])).
cnf(c_0_36,plain,(number_number_of_int(plus_plus_int(plus_plus_int(pls,one_one_int),plus_plus_int(pls,one_one_int)))=plus_plus_int(one_one_int,one_one_int)), inference(rw,[status(thm)],[inference(rw,[status(thm)],[c_0_30, c_0_31]), c_0_31])).
cnf(c_0_37,plain,(hBOOL(hAPP_int_bool(hAPP_i1948725293t_bool(ord_less_int,zero_zero_int),plus_plus_int(one_one_int,hAPP_nat_int(semiri1621563631at_int,n))))), inference(split_conjunct,[status(thm)],[c_0_11])).
cnf(c_0_38,plain,(~hBOOL(hAPP_int_bool(hAPP_i1948725293t_bool(ord_less_int,pls),zero_zero_int))), inference(split_conjunct,[status(thm)],[c_0_32])).
cnf(c_0_39,plain,(hBOOL(hAPP_int_bool(hAPP_i1948725293t_bool(ord_less_int,pls),hAPP_nat_int(power_power_int(X1),X2)))|~hBOOL(hAPP_int_bool(hAPP_i1948725293t_bool(ord_less_int,pls),X1))), inference(rw,[status(thm)],[inference(rw,[status(thm)],[c_0_33, c_0_34]), c_0_34])).
cnf(c_0_40,negated_conjecture,(hAPP_nat_int(power_power_int(plus_plus_int(one_one_int,hAPP_nat_int(semiri1621563631at_int,n))),nat(plus_plus_int(one_one_int,one_one_int)))=pls), inference(rw,[status(thm)],[inference(rw,[status(thm)],[inference(rw,[status(thm)],[inference(rw,[status(thm)],[inference(rw,[status(thm)],[inference(rw,[status(thm)],[c_0_35, c_0_25]), c_0_31]), c_0_25]), c_0_31]), c_0_36]), c_0_34])).
cnf(c_0_41,plain,(hBOOL(hAPP_int_bool(hAPP_i1948725293t_bool(ord_less_int,pls),plus_plus_int(one_one_int,hAPP_nat_int(semiri1621563631at_int,n))))), inference(rw,[status(thm)],[c_0_37, c_0_34])).
cnf(c_0_42,plain,(~hBOOL(hAPP_int_bool(hAPP_i1948725293t_bool(ord_less_int,pls),pls))), inference(rw,[status(thm)],[c_0_38, c_0_34])).
cnf(c_0_43,negated_conjecture,($false), inference(sr,[status(thm)],[inference(cn,[status(thm)],[inference(rw,[status(thm)],[inference(spm,[status(thm)],[c_0_39, c_0_40]), c_0_41])]), c_0_42]), ['proof']).
# SZS output end CNFRefutation.
EOF
