% Problem    : SWW385+1 : TPTP v6.1.0. Released v5.2.0.
% Command    : eprover --auto-schedule --tstp-format -s --proof-object --memory-limit=2048 --cpu-limit=%d %s
% Computer   : n116.star.cs.uiowa.edu
% Model      : x86_64 x86_64
% CPU        : Intel(R) Xeon(R) CPU E5-2609 0 @ 2.40GHz
% Memory     : 32286.75MB
% OS         : Linux 2.6.32-431.20.3.el6.x86_64
% CPULimit   : 300
% DateTime   : Sun Jul 20 06:40:16 CDT 2014
% CPUTime    : 
# No SInE strategy applied
# Trying AutoSched0 for 151 seconds
# AutoSched0-Mode selected heuristic G_E___207_C18_F1_AE_CS_SP_PS_S0Y
# and selection function SelectMaxLComplexAvoidPosPred.
#
# Presaturation interreduction done

# Proof found!
# SZS status Theorem
# SZS output start CNFRefutation.
fof(c_0_0, conjecture, (![X3]:(hBOOL(hAPP(hAPP(c_member(tc_Com_Opname),X3),c_Map_Odom(tc_Com_Opname,tc_Com_Ocom,c_Com_Obody)))=>c_Hoare__Mirabelle_Ohoare__derivs(tc_Com_Ostate,c_Orderings_Obot__class_Obot(tc_fun(tc_Hoare__Mirabelle_Otriple(tc_Com_Ostate),tc_HOL_Obool)),hAPP(hAPP(c_Set_Oinsert(tc_Hoare__Mirabelle_Otriple(tc_Com_Ostate)),hAPP(c_Hoare__Mirabelle_OMGT,hAPP(c_Com_Ocom_OBODY,X3))),c_Orderings_Obot__class_Obot(tc_fun(tc_Hoare__Mirabelle_Otriple(tc_Com_Ostate),tc_HOL_Obool)))))), file('/export/starexec/sandbox/benchmark/theBenchmark.p', conj_3)).
fof(c_0_1, axiom, (![X6]:![X5]:hAPP(c_Set_OCollect(X5),hAPP(c_fequal,X6))=hAPP(hAPP(c_Set_Oinsert(X5),X6),c_Orderings_Obot__class_Obot(tc_fun(X5,tc_HOL_Obool)))), file('/export/starexec/sandbox/benchmark/theBenchmark.p', fact_singleton__conv2)).
fof(c_0_2, axiom, (![X20]:![X5]:hAPP(c_Set_OCollect(X5),X20)=X20), file('/export/starexec/sandbox/benchmark/theBenchmark.p', fact_Collect__def)).
fof(c_0_3, axiom, (![X7]:(c_Hoare__Mirabelle_Ostate__not__singleton=>(c_Com_OWT__bodies=>(hBOOL(hAPP(c_Com_OWT,X7))=>c_Hoare__Mirabelle_Ohoare__derivs(tc_Com_Ostate,c_Orderings_Obot__class_Obot(tc_fun(tc_Hoare__Mirabelle_Otriple(tc_Com_Ostate),tc_HOL_Obool)),hAPP(hAPP(c_Set_Oinsert(tc_Hoare__Mirabelle_Otriple(tc_Com_Ostate)),hAPP(c_Hoare__Mirabelle_OMGT,X7)),c_Orderings_Obot__class_Obot(tc_fun(tc_Hoare__Mirabelle_Otriple(tc_Com_Ostate),tc_HOL_Obool)))))))), file('/export/starexec/sandbox/benchmark/theBenchmark.p', fact_MGF)).
fof(c_0_4, hypothesis, (c_Hoare__Mirabelle_Ostate__not__singleton), file('/export/starexec/sandbox/benchmark/theBenchmark.p', conj_0)).
fof(c_0_5, hypothesis, (c_Com_OWT__bodies), file('/export/starexec/sandbox/benchmark/theBenchmark.p', conj_1)).
fof(c_0_6, axiom, (![X94]:![X16]:![X6]:![X5]:(hBOOL(hAPP(hAPP(c_member(X5),X6),c_Map_Odom(X5,X16,X94)))<=>hAPP(X94,X6)!=c_Option_Ooption_ONone(X16))), file('/export/starexec/sandbox/benchmark/theBenchmark.p', fact_domIff)).
fof(c_0_7, axiom, (![X37]:(hAPP(c_Com_Obody,X37)!=c_Option_Ooption_ONone(tc_Com_Ocom)=>hBOOL(hAPP(c_Com_OWT,hAPP(c_Com_Ocom_OBODY,X37))))), file('/export/starexec/sandbox/benchmark/theBenchmark.p', fact_WT_OBody)).
fof(c_0_8, negated_conjecture, (~(![X3]:(hBOOL(hAPP(hAPP(c_member(tc_Com_Opname),X3),c_Map_Odom(tc_Com_Opname,tc_Com_Ocom,c_Com_Obody)))=>c_Hoare__Mirabelle_Ohoare__derivs(tc_Com_Ostate,c_Orderings_Obot__class_Obot(tc_fun(tc_Hoare__Mirabelle_Otriple(tc_Com_Ostate),tc_HOL_Obool)),hAPP(hAPP(c_Set_Oinsert(tc_Hoare__Mirabelle_Otriple(tc_Com_Ostate)),hAPP(c_Hoare__Mirabelle_OMGT,hAPP(c_Com_Ocom_OBODY,X3))),c_Orderings_Obot__class_Obot(tc_fun(tc_Hoare__Mirabelle_Otriple(tc_Com_Ostate),tc_HOL_Obool))))))), inference(assume_negation,[status(cth)],[c_0_0])).
fof(c_0_9, plain, (![X7]:![X8]:hAPP(c_Set_OCollect(X8),hAPP(c_fequal,X7))=hAPP(hAPP(c_Set_Oinsert(X8),X7),c_Orderings_Obot__class_Obot(tc_fun(X8,tc_HOL_Obool)))), inference(variable_rename,[status(thm)],[c_0_1])).
fof(c_0_10, plain, (![X21]:![X22]:hAPP(c_Set_OCollect(X22),X21)=X21), inference(variable_rename,[status(thm)],[c_0_2])).
fof(c_0_11, plain, (![X8]:(~c_Hoare__Mirabelle_Ostate__not__singleton|(~c_Com_OWT__bodies|(~hBOOL(hAPP(c_Com_OWT,X8))|c_Hoare__Mirabelle_Ohoare__derivs(tc_Com_Ostate,c_Orderings_Obot__class_Obot(tc_fun(tc_Hoare__Mirabelle_Otriple(tc_Com_Ostate),tc_HOL_Obool)),hAPP(hAPP(c_Set_Oinsert(tc_Hoare__Mirabelle_Otriple(tc_Com_Ostate)),hAPP(c_Hoare__Mirabelle_OMGT,X8)),c_Orderings_Obot__class_Obot(tc_fun(tc_Hoare__Mirabelle_Otriple(tc_Com_Ostate),tc_HOL_Obool)))))))), inference(shift_quantors,[status(thm)],[inference(variable_rename,[status(thm)],[inference(shift_quantors,[status(thm)],[inference(fof_nnf,[status(thm)],[c_0_3])])])])).
fof(c_0_12, negated_conjecture, ((hBOOL(hAPP(hAPP(c_member(tc_Com_Opname),esk532_0),c_Map_Odom(tc_Com_Opname,tc_Com_Ocom,c_Com_Obody)))&~c_Hoare__Mirabelle_Ohoare__derivs(tc_Com_Ostate,c_Orderings_Obot__class_Obot(tc_fun(tc_Hoare__Mirabelle_Otriple(tc_Com_Ostate),tc_HOL_Obool)),hAPP(hAPP(c_Set_Oinsert(tc_Hoare__Mirabelle_Otriple(tc_Com_Ostate)),hAPP(c_Hoare__Mirabelle_OMGT,hAPP(c_Com_Ocom_OBODY,esk532_0))),c_Orderings_Obot__class_Obot(tc_fun(tc_Hoare__Mirabelle_Otriple(tc_Com_Ostate),tc_HOL_Obool)))))), inference(skolemize,[status(esa)],[inference(variable_rename,[status(thm)],[inference(fof_nnf,[status(thm)],[c_0_8])])])).
cnf(c_0_13,plain,(hAPP(c_Set_OCollect(X1),hAPP(c_fequal,X2))=hAPP(hAPP(c_Set_Oinsert(X1),X2),c_Orderings_Obot__class_Obot(tc_fun(X1,tc_HOL_Obool)))), inference(split_conjunct,[status(thm)],[c_0_9])).
cnf(c_0_14,plain,(hAPP(c_Set_OCollect(X1),X2)=X2), inference(split_conjunct,[status(thm)],[c_0_10])).
cnf(c_0_15,plain,(c_Hoare__Mirabelle_Ohoare__derivs(tc_Com_Ostate,c_Orderings_Obot__class_Obot(tc_fun(tc_Hoare__Mirabelle_Otriple(tc_Com_Ostate),tc_HOL_Obool)),hAPP(hAPP(c_Set_Oinsert(tc_Hoare__Mirabelle_Otriple(tc_Com_Ostate)),hAPP(c_Hoare__Mirabelle_OMGT,X1)),c_Orderings_Obot__class_Obot(tc_fun(tc_Hoare__Mirabelle_Otriple(tc_Com_Ostate),tc_HOL_Obool))))|~hBOOL(hAPP(c_Com_OWT,X1))|~c_Com_OWT__bodies|~c_Hoare__Mirabelle_Ostate__not__singleton), inference(split_conjunct,[status(thm)],[c_0_11])).
cnf(c_0_16,hypothesis,(c_Hoare__Mirabelle_Ostate__not__singleton), inference(split_conjunct,[status(thm)],[c_0_4])).
cnf(c_0_17,hypothesis,(c_Com_OWT__bodies), inference(split_conjunct,[status(thm)],[c_0_5])).
fof(c_0_18, plain, (![X95]:![X96]:![X97]:![X98]:![X99]:![X100]:![X101]:![X102]:((~hBOOL(hAPP(hAPP(c_member(X98),X97),c_Map_Odom(X98,X96,X95)))|hAPP(X95,X97)!=c_Option_Ooption_ONone(X96))&(hAPP(X99,X101)=c_Option_Ooption_ONone(X100)|hBOOL(hAPP(hAPP(c_member(X102),X101),c_Map_Odom(X102,X100,X99)))))), inference(shift_quantors,[status(thm)],[inference(variable_rename,[status(thm)],[inference(shift_quantors,[status(thm)],[inference(fof_nnf,[status(thm)],[c_0_6])])])])).
cnf(c_0_19,negated_conjecture,(~c_Hoare__Mirabelle_Ohoare__derivs(tc_Com_Ostate,c_Orderings_Obot__class_Obot(tc_fun(tc_Hoare__Mirabelle_Otriple(tc_Com_Ostate),tc_HOL_Obool)),hAPP(hAPP(c_Set_Oinsert(tc_Hoare__Mirabelle_Otriple(tc_Com_Ostate)),hAPP(c_Hoare__Mirabelle_OMGT,hAPP(c_Com_Ocom_OBODY,esk532_0))),c_Orderings_Obot__class_Obot(tc_fun(tc_Hoare__Mirabelle_Otriple(tc_Com_Ostate),tc_HOL_Obool))))), inference(split_conjunct,[status(thm)],[c_0_12])).
cnf(c_0_20,plain,(hAPP(hAPP(c_Set_Oinsert(X1),X2),c_Orderings_Obot__class_Obot(tc_fun(X1,tc_HOL_Obool)))=hAPP(c_fequal,X2)), inference(rw,[status(thm)],[c_0_13, c_0_14])).
cnf(c_0_21,plain,(c_Hoare__Mirabelle_Ohoare__derivs(tc_Com_Ostate,c_Orderings_Obot__class_Obot(tc_fun(tc_Hoare__Mirabelle_Otriple(tc_Com_Ostate),tc_HOL_Obool)),hAPP(hAPP(c_Set_Oinsert(tc_Hoare__Mirabelle_Otriple(tc_Com_Ostate)),hAPP(c_Hoare__Mirabelle_OMGT,X1)),c_Orderings_Obot__class_Obot(tc_fun(tc_Hoare__Mirabelle_Otriple(tc_Com_Ostate),tc_HOL_Obool))))|~hBOOL(hAPP(c_Com_OWT,X1))), inference(cn,[status(thm)],[inference(rw,[status(thm)],[inference(rw,[status(thm)],[c_0_15, c_0_16]), c_0_17])])).
cnf(c_0_22,plain,(hAPP(X1,X2)!=c_Option_Ooption_ONone(X3)|~hBOOL(hAPP(hAPP(c_member(X4),X2),c_Map_Odom(X4,X3,X1)))), inference(split_conjunct,[status(thm)],[c_0_18])).
cnf(c_0_23,negated_conjecture,(hBOOL(hAPP(hAPP(c_member(tc_Com_Opname),esk532_0),c_Map_Odom(tc_Com_Opname,tc_Com_Ocom,c_Com_Obody)))), inference(split_conjunct,[status(thm)],[c_0_12])).
fof(c_0_24, plain, (![X38]:(hAPP(c_Com_Obody,X38)=c_Option_Ooption_ONone(tc_Com_Ocom)|hBOOL(hAPP(c_Com_OWT,hAPP(c_Com_Ocom_OBODY,X38))))), inference(variable_rename,[status(thm)],[inference(fof_nnf,[status(thm)],[c_0_7])])).
cnf(c_0_25,negated_conjecture,(~c_Hoare__Mirabelle_Ohoare__derivs(tc_Com_Ostate,c_Orderings_Obot__class_Obot(tc_fun(tc_Hoare__Mirabelle_Otriple(tc_Com_Ostate),tc_HOL_Obool)),hAPP(c_fequal,hAPP(c_Hoare__Mirabelle_OMGT,hAPP(c_Com_Ocom_OBODY,esk532_0))))), inference(rw,[status(thm)],[c_0_19, c_0_20])).
cnf(c_0_26,plain,(c_Hoare__Mirabelle_Ohoare__derivs(tc_Com_Ostate,c_Orderings_Obot__class_Obot(tc_fun(tc_Hoare__Mirabelle_Otriple(tc_Com_Ostate),tc_HOL_Obool)),hAPP(c_fequal,hAPP(c_Hoare__Mirabelle_OMGT,X1)))|~hBOOL(hAPP(c_Com_OWT,X1))), inference(rw,[status(thm)],[c_0_21, c_0_20])).
cnf(c_0_27,negated_conjecture,(c_Option_Ooption_ONone(tc_Com_Ocom)!=hAPP(c_Com_Obody,esk532_0)), inference(spm,[status(thm)],[c_0_22, c_0_23])).
cnf(c_0_28,plain,(hBOOL(hAPP(c_Com_OWT,hAPP(c_Com_Ocom_OBODY,X1)))|hAPP(c_Com_Obody,X1)=c_Option_Ooption_ONone(tc_Com_Ocom)), inference(split_conjunct,[status(thm)],[c_0_24])).
cnf(c_0_29,negated_conjecture,(~hBOOL(hAPP(c_Com_OWT,hAPP(c_Com_Ocom_OBODY,esk532_0)))), inference(spm,[status(thm)],[c_0_25, c_0_26])).
cnf(c_0_30,negated_conjecture,(hBOOL(hAPP(c_Com_OWT,hAPP(c_Com_Ocom_OBODY,X1)))|hAPP(c_Com_Obody,X1)!=hAPP(c_Com_Obody,esk532_0)), inference(spm,[status(thm)],[c_0_27, c_0_28])).
cnf(c_0_31,negated_conjecture,($false), inference(spm,[status(thm)],[c_0_29, c_0_30]), ['proof']).
# SZS output end CNFRefutation.
EOF
