% Problem    : SWW299+1 : TPTP v6.1.0. Released v5.2.0.
% Command    : eprover --auto-schedule --tstp-format -s --proof-object --memory-limit=2048 --cpu-limit=%d %s
% Computer   : n134.star.cs.uiowa.edu
% Model      : x86_64 x86_64
% CPU        : Intel(R) Xeon(R) CPU E5-2609 0 @ 2.40GHz
% Memory     : 32286.75MB
% OS         : Linux 2.6.32-431.20.3.el6.x86_64
% CPULimit   : 300
% DateTime   : Sun Jul 20 06:24:06 CDT 2014
% CPUTime    : 
# No SInE strategy applied
# Trying AutoSched0 for 151 seconds
# AutoSched0-Mode selected heuristic G_E___207_C18_F1_AE_CS_SP_PS_S0Y
# and selection function SelectMaxLComplexAvoidPosPred.
#
# Presaturation interreduction done

# Proof found!
# SZS status Theorem
# SZS output start CNFRefutation.
fof(c_0_0, axiom, (![X23]:![X5]:(?[X3]:(hBOOL(hAPP(hAPP(c_member(X5),X3),c_Orderings_Otop__class_Otop(tc_fun(X5,tc_HOL_Obool))))&hBOOL(hAPP(X23,X3)))<=>?[X142]:hBOOL(hAPP(X23,X142)))), file('/export/starexec/sandbox/benchmark/theBenchmark.p', fact_bex__UNIV)).
fof(c_0_1, axiom, (![X22]:![X5]:hBOOL(hAPP(hAPP(c_member(X5),X22),c_Orderings_Otop__class_Otop(tc_fun(X5,tc_HOL_Obool))))), file('/export/starexec/sandbox/benchmark/theBenchmark.p', fact_UNIV__I)).
fof(c_0_2, axiom, (![X23]:(~(~(hBOOL(X23)))|hBOOL(hAPP(c_fNot,X23)))), file('/export/starexec/sandbox/benchmark/theBenchmark.p', help_c__fNot__2)).
fof(c_0_3, axiom, (![X23]:![X5]:(c_Orderings_Obot__class_Obot(tc_fun(X5,tc_HOL_Obool))=hAPP(c_Set_OCollect(X5),X23)<=>![X3]:~(hBOOL(hAPP(X23,X3))))), file('/export/starexec/sandbox/benchmark/theBenchmark.p', fact_empty__Collect__eq)).
fof(c_0_4, axiom, (![X5]:c_Orderings_Obot__class_Obot(tc_fun(X5,tc_HOL_Obool))=hAPP(c_Set_OCollect(X5),hAPP(c_COMBK(tc_HOL_Obool,X5),c_fFalse))), file('/export/starexec/sandbox/benchmark/theBenchmark.p', fact_empty__def)).
fof(c_0_5, axiom, (![X23]:![X5]:hAPP(c_Set_OCollect(X5),X23)=X23), file('/export/starexec/sandbox/benchmark/theBenchmark.p', fact_Collect__def)).
fof(c_0_6, axiom, (![X22]:![X18]:(c_Nat__Transfer_Onat__set(X18)=>(hBOOL(hAPP(hAPP(c_member(tc_Int_Oint),X22),X18))=>c_Nat__Transfer_Ois__nat(X22)))), file('/export/starexec/sandbox/benchmark/theBenchmark.p', fact_Nat__Transfer_Otransfer__int__nat__set__function__closures_I6_J)).
fof(c_0_7, axiom, (![X18]:![X22]:![X5]:(hBOOL(hAPP(hAPP(c_member(X5),X22),X18))<=>hBOOL(hAPP(X18,X22)))), file('/export/starexec/sandbox/benchmark/theBenchmark.p', fact_mem__def)).
fof(c_0_8, axiom, (![X72]:hAPP(c_Int_Onumber__class_Onumber__of(tc_Int_Oint),X72)=X72), file('/export/starexec/sandbox/benchmark/theBenchmark.p', fact_number__of__is__id)).
fof(c_0_9, axiom, (![X23]:![X5]:hAPP(c_Set_OCollect(X5),hAPP(hAPP(c_COMBB(tc_HOL_Obool,tc_HOL_Obool,X5),c_fNot),X23))=hAPP(c_Groups_Ouminus__class_Ouminus(tc_fun(X5,tc_HOL_Obool)),hAPP(c_Set_OCollect(X5),X23))), file('/export/starexec/sandbox/benchmark/theBenchmark.p', fact_Collect__neg__eq)).
fof(c_0_10, axiom, (![X299]:![X298]:![X5]:![X38]:hAPP(hAPP(c_COMBK(X38,X5),X298),X299)=X298), file('/export/starexec/sandbox/benchmark/theBenchmark.p', help_c__COMBK__1)).
fof(c_0_11, axiom, (![X22]:(c_Nat__Transfer_Ois__nat(X22)<=>hBOOL(hAPP(hAPP(c_Orderings_Oord__class_Oless__eq(tc_Int_Oint),c_Groups_Ozero__class_Ozero(tc_Int_Oint)),X22)))), file('/export/starexec/sandbox/benchmark/theBenchmark.p', fact_is__nat__def)).
fof(c_0_12, axiom, (hBOOL(hAPP(c_Nat__Numeral_Oneg,hAPP(c_Int_Onumber__class_Onumber__of(tc_Int_Oint),c_Int_OMin)))), file('/export/starexec/sandbox/benchmark/theBenchmark.p', fact_neg__number__of__Min)).
fof(c_0_13, axiom, (![X18]:![X5]:hAPP(c_Groups_Ouminus__class_Ouminus(tc_fun(X5,tc_HOL_Obool)),hAPP(c_Groups_Ouminus__class_Ouminus(tc_fun(X5,tc_HOL_Obool)),X18))=X18), file('/export/starexec/sandbox/benchmark/theBenchmark.p', fact_double__complement)).
fof(c_0_14, axiom, (![X23]:(~(hBOOL(hAPP(c_fNot,X23)))|~(hBOOL(X23)))), file('/export/starexec/sandbox/benchmark/theBenchmark.p', help_c__fNot__1)).
fof(c_0_15, axiom, (![X5]:c_Orderings_Otop__class_Otop(tc_fun(X5,tc_HOL_Obool))=hAPP(c_Set_OCollect(X5),hAPP(c_COMBK(tc_HOL_Obool,X5),c_fTrue))), file('/export/starexec/sandbox/benchmark/theBenchmark.p', fact_UNIV__def)).
fof(c_0_16, axiom, (![X5]:![X23]:(hBOOL(hAPP(X23,c_Hilbert__Choice_OEps(X5,X23)))<=>?[X142]:hBOOL(hAPP(X23,X142)))), file('/export/starexec/sandbox/benchmark/theBenchmark.p', fact_some__eq__ex)).
fof(c_0_17, axiom, (c_Int_OPls=c_Groups_Ozero__class_Ozero(tc_Int_Oint)), file('/export/starexec/sandbox/benchmark/theBenchmark.p', fact_Pls__def)).
fof(c_0_18, axiom, (~(hBOOL(hAPP(hAPP(c_Orderings_Oord__class_Oless__eq(tc_Int_Oint),c_Int_OPls),c_Int_OMin)))), file('/export/starexec/sandbox/benchmark/theBenchmark.p', fact_rel__simps_I20_J)).
fof(c_0_19, axiom, (![X18]:![X5]:(?[X3]:hBOOL(hAPP(hAPP(c_member(X5),X3),X18))<=>X18!=c_Orderings_Obot__class_Obot(tc_fun(X5,tc_HOL_Obool)))), file('/export/starexec/sandbox/benchmark/theBenchmark.p', fact_ex__in__conv)).
fof(c_0_20, axiom, (![X84]:(c_Nat__Transfer_Onat__set(X84)<=>![X3]:(hBOOL(hAPP(hAPP(c_member(tc_Int_Oint),X3),X84))=>hBOOL(hAPP(hAPP(c_Orderings_Oord__class_Oless__eq(tc_Int_Oint),c_Groups_Ozero__class_Ozero(tc_Int_Oint)),X3))))), file('/export/starexec/sandbox/benchmark/theBenchmark.p', fact_nat__set__def)).
fof(c_0_21, axiom, (![X1]:![X2]:(![X3]:hAPP(X2,X3)=hAPP(X1,X3)=>X2=X1)), file('/export/starexec/sandbox/benchmark/theBenchmark.p', fact_ext)).
fof(c_0_22, axiom, (![X26]:![X27]:![X23]:![X126]:![X5]:![X17]:hAPP(hAPP(hAPP(c_COMBB(X17,X5,X126),X23),X27),X26)=hAPP(X23,hAPP(X27,X26))), file('/export/starexec/sandbox/benchmark/theBenchmark.p', help_c__COMBB__1)).
fof(c_0_23, axiom, (![X5]:hAPP(c_Groups_Ouminus__class_Ouminus(tc_fun(X5,tc_HOL_Obool)),c_Orderings_Obot__class_Obot(tc_fun(X5,tc_HOL_Obool)))=c_Orderings_Otop__class_Otop(tc_fun(X5,tc_HOL_Obool))), file('/export/starexec/sandbox/benchmark/theBenchmark.p', fact_Compl__empty__eq)).
fof(c_0_24, axiom, (![X222]:![X38]:hAPP(c_List_Orev(X38),hAPP(c_List_Orev(X38),X222))=X222), file('/export/starexec/sandbox/benchmark/theBenchmark.p', fact_rev__rev__ident)).
fof(c_0_25, axiom, (![X38]:(class_Lattices_Oboolean__algebra(X38)=>hAPP(c_Groups_Ouminus__class_Ouminus(X38),c_Orderings_Obot__class_Obot(X38))=c_Orderings_Otop__class_Otop(X38))), file('/export/starexec/sandbox/benchmark/theBenchmark.p', fact_compl__bot__eq)).
fof(c_0_26, axiom, (![X22]:![X17]:![X5]:(class_Orderings_Obot(X5)=>hAPP(c_Orderings_Obot__class_Obot(tc_fun(X17,X5)),X22)=c_Orderings_Obot__class_Obot(X5))), file('/export/starexec/sandbox/benchmark/theBenchmark.p', fact_bot__apply)).
fof(c_0_27, axiom, (class_Lattices_Oboolean__algebra(tc_HOL_Obool)), file('/export/starexec/sandbox/benchmark/theBenchmark.p', arity_HOL__Obool__Lattices_Oboolean__algebra)).
fof(c_0_28, axiom, (class_Orderings_Obot(tc_HOL_Obool)), file('/export/starexec/sandbox/benchmark/theBenchmark.p', arity_HOL__Obool__Orderings_Obot)).
fof(c_0_29, axiom, (![X5]:![X20]:![X23]:(?[X142]:hBOOL(hAPP(X23,X142))=>(X20=c_Hilbert__Choice_OEps(X5,X23)=>hBOOL(hAPP(X23,X20))))), file('/export/starexec/sandbox/benchmark/theBenchmark.p', fact_exE__some)).
fof(c_0_30, axiom, (![X38]:(class_Lattices_Oboolean__algebra(X38)=>hAPP(c_Groups_Ouminus__class_Ouminus(X38),c_Orderings_Otop__class_Otop(X38))=c_Orderings_Obot__class_Obot(X38))), file('/export/starexec/sandbox/benchmark/theBenchmark.p', fact_compl__top__eq)).
fof(c_0_31, axiom, (![X22]:![X17]:![X5]:(class_Orderings_Otop(X5)=>hAPP(c_Orderings_Otop__class_Otop(tc_fun(X17,X5)),X22)=c_Orderings_Otop__class_Otop(X5))), file('/export/starexec/sandbox/benchmark/theBenchmark.p', fact_top__apply)).
fof(c_0_32, axiom, (hBOOL(c_fTrue)), file('/export/starexec/sandbox/benchmark/theBenchmark.p', help_c__fTrue__1)).
fof(c_0_33, axiom, (![X18]:![X5]:(class_Finite__Set_Ofinite(X5)=>hBOOL(hAPP(c_Finite__Set_Ofinite(X5),X18)))), file('/export/starexec/sandbox/benchmark/theBenchmark.p', fact_finite)).
fof(c_0_34, axiom, (class_Orderings_Otop(tc_HOL_Obool)), file('/export/starexec/sandbox/benchmark/theBenchmark.p', arity_HOL__Obool__Orderings_Otop)).
fof(c_0_35, axiom, (![X5]:hBOOL(hAPP(c_Finite__Set_Ofinite(X5),c_Orderings_Obot__class_Obot(tc_fun(X5,tc_HOL_Obool))))), file('/export/starexec/sandbox/benchmark/theBenchmark.p', fact_finite_OemptyI)).
fof(c_0_36, axiom, (class_Finite__Set_Ofinite(tc_HOL_Obool)), file('/export/starexec/sandbox/benchmark/theBenchmark.p', arity_HOL__Obool__Finite__Set_Ofinite)).
fof(c_0_37, axiom, (![X5]:c_Complete__Lattice_OInf__class_OInf(tc_fun(X5,tc_HOL_Obool),c_Orderings_Otop__class_Otop(tc_fun(tc_fun(X5,tc_HOL_Obool),tc_HOL_Obool)))=c_Orderings_Obot__class_Obot(tc_fun(X5,tc_HOL_Obool))), file('/export/starexec/sandbox/benchmark/theBenchmark.p', fact_Inter__UNIV)).
fof(c_0_38, axiom, (~(hBOOL(hAPP(c_Nat__Numeral_Oneg,c_Groups_Ozero__class_Ozero(tc_Int_Oint))))), file('/export/starexec/sandbox/benchmark/theBenchmark.p', fact_not__neg__0)).
fof(c_0_39, plain, (![X143]:![X144]:![X145]:![X147]:![X148]:![X149]:(((~hBOOL(hAPP(hAPP(c_member(X144),X145),c_Orderings_Otop__class_Otop(tc_fun(X144,tc_HOL_Obool))))|~hBOOL(hAPP(X143,X145)))|hBOOL(hAPP(X143,esk504_1(X143))))&((hBOOL(hAPP(hAPP(c_member(X149),esk505_2(X147,X149)),c_Orderings_Otop__class_Otop(tc_fun(X149,tc_HOL_Obool))))|~hBOOL(hAPP(X147,X148)))&(hBOOL(hAPP(X147,esk505_2(X147,X149)))|~hBOOL(hAPP(X147,X148)))))), inference(distribute,[status(thm)],[inference(shift_quantors,[status(thm)],[inference(skolemize,[status(esa)],[inference(variable_rename,[status(thm)],[inference(shift_quantors,[status(thm)],[inference(fof_nnf,[status(thm)],[c_0_0])])])])])])).
fof(c_0_40, plain, (![X23]:![X24]:hBOOL(hAPP(hAPP(c_member(X24),X23),c_Orderings_Otop__class_Otop(tc_fun(X24,tc_HOL_Obool))))), inference(variable_rename,[status(thm)],[c_0_1])).
fof(c_0_41, plain, (![X23]:(hBOOL(X23)|hBOOL(hAPP(c_fNot,X23)))), inference(fof_simplification,[status(thm)],[c_0_2])).
fof(c_0_42, plain, (![X23]:![X5]:(c_Orderings_Obot__class_Obot(tc_fun(X5,tc_HOL_Obool))=hAPP(c_Set_OCollect(X5),X23)<=>![X3]:~hBOOL(hAPP(X23,X3)))), inference(fof_simplification,[status(thm)],[c_0_3])).
fof(c_0_43, plain, (![X6]:c_Orderings_Obot__class_Obot(tc_fun(X6,tc_HOL_Obool))=hAPP(c_Set_OCollect(X6),hAPP(c_COMBK(tc_HOL_Obool,X6),c_fFalse))), inference(variable_rename,[status(thm)],[c_0_4])).
fof(c_0_44, plain, (![X24]:![X25]:hAPP(c_Set_OCollect(X25),X24)=X24), inference(variable_rename,[status(thm)],[c_0_5])).
cnf(c_0_45,plain,(hBOOL(hAPP(X1,esk504_1(X1)))|~hBOOL(hAPP(X1,X2))|~hBOOL(hAPP(hAPP(c_member(X3),X2),c_Orderings_Otop__class_Otop(tc_fun(X3,tc_HOL_Obool))))), inference(split_conjunct,[status(thm)],[c_0_39])).
cnf(c_0_46,plain,(hBOOL(hAPP(hAPP(c_member(X1),X2),c_Orderings_Otop__class_Otop(tc_fun(X1,tc_HOL_Obool))))), inference(split_conjunct,[status(thm)],[c_0_40])).
fof(c_0_47, plain, (![X24]:(hBOOL(X24)|hBOOL(hAPP(c_fNot,X24)))), inference(variable_rename,[status(thm)],[c_0_41])).
fof(c_0_48, plain, (![X23]:![X24]:(~c_Nat__Transfer_Onat__set(X24)|(~hBOOL(hAPP(hAPP(c_member(tc_Int_Oint),X23),X24))|c_Nat__Transfer_Ois__nat(X23)))), inference(variable_rename,[status(thm)],[inference(fof_nnf,[status(thm)],[c_0_6])])).
fof(c_0_49, plain, (![X23]:![X24]:![X25]:![X26]:![X27]:![X28]:((~hBOOL(hAPP(hAPP(c_member(X25),X24),X23))|hBOOL(hAPP(X23,X24)))&(~hBOOL(hAPP(X26,X27))|hBOOL(hAPP(hAPP(c_member(X28),X27),X26))))), inference(shift_quantors,[status(thm)],[inference(variable_rename,[status(thm)],[inference(shift_quantors,[status(thm)],[inference(fof_nnf,[status(thm)],[c_0_7])])])])).
fof(c_0_50, plain, (![X73]:hAPP(c_Int_Onumber__class_Onumber__of(tc_Int_Oint),X73)=X73), inference(variable_rename,[status(thm)],[c_0_8])).
fof(c_0_51, plain, (![X24]:![X25]:hAPP(c_Set_OCollect(X25),hAPP(hAPP(c_COMBB(tc_HOL_Obool,tc_HOL_Obool,X25),c_fNot),X24))=hAPP(c_Groups_Ouminus__class_Ouminus(tc_fun(X25,tc_HOL_Obool)),hAPP(c_Set_OCollect(X25),X24))), inference(variable_rename,[status(thm)],[c_0_9])).
fof(c_0_52, plain, (![X24]:![X25]:![X26]:![X27]:![X29]:((c_Orderings_Obot__class_Obot(tc_fun(X25,tc_HOL_Obool))!=hAPP(c_Set_OCollect(X25),X24)|~hBOOL(hAPP(X24,X26)))&(hBOOL(hAPP(X27,esk289_1(X27)))|c_Orderings_Obot__class_Obot(tc_fun(X29,tc_HOL_Obool))=hAPP(c_Set_OCollect(X29),X27)))), inference(shift_quantors,[status(thm)],[inference(skolemize,[status(esa)],[inference(variable_rename,[status(thm)],[inference(shift_quantors,[status(thm)],[inference(fof_nnf,[status(thm)],[c_0_42])])])])])).
fof(c_0_53, plain, (![X300]:![X301]:![X302]:![X303]:hAPP(hAPP(c_COMBK(X303,X302),X301),X300)=X301), inference(variable_rename,[status(thm)],[c_0_10])).
cnf(c_0_54,plain,(c_Orderings_Obot__class_Obot(tc_fun(X1,tc_HOL_Obool))=hAPP(c_Set_OCollect(X1),hAPP(c_COMBK(tc_HOL_Obool,X1),c_fFalse))), inference(split_conjunct,[status(thm)],[c_0_43])).
cnf(c_0_55,plain,(hAPP(c_Set_OCollect(X1),X2)=X2), inference(split_conjunct,[status(thm)],[c_0_44])).
cnf(c_0_56,plain,(hBOOL(hAPP(X1,esk504_1(X1)))|~hBOOL(hAPP(X1,X2))), inference(cn,[status(thm)],[inference(rw,[status(thm)],[c_0_45, c_0_46])])).
cnf(c_0_57,plain,(hBOOL(hAPP(c_fNot,X1))|hBOOL(X1)), inference(split_conjunct,[status(thm)],[c_0_47])).
fof(c_0_58, plain, (![X23]:![X24]:((~c_Nat__Transfer_Ois__nat(X23)|hBOOL(hAPP(hAPP(c_Orderings_Oord__class_Oless__eq(tc_Int_Oint),c_Groups_Ozero__class_Ozero(tc_Int_Oint)),X23)))&(~hBOOL(hAPP(hAPP(c_Orderings_Oord__class_Oless__eq(tc_Int_Oint),c_Groups_Ozero__class_Ozero(tc_Int_Oint)),X24))|c_Nat__Transfer_Ois__nat(X24)))), inference(shift_quantors,[status(thm)],[inference(variable_rename,[status(thm)],[inference(shift_quantors,[status(thm)],[inference(fof_nnf,[status(thm)],[c_0_11])])])])).
cnf(c_0_59,plain,(c_Nat__Transfer_Ois__nat(X1)|~hBOOL(hAPP(hAPP(c_member(tc_Int_Oint),X1),X2))|~c_Nat__Transfer_Onat__set(X2)), inference(split_conjunct,[status(thm)],[c_0_48])).
cnf(c_0_60,plain,(hBOOL(hAPP(hAPP(c_member(X1),X2),X3))|~hBOOL(hAPP(X3,X2))), inference(split_conjunct,[status(thm)],[c_0_49])).
cnf(c_0_61,plain,(hBOOL(hAPP(c_Nat__Numeral_Oneg,hAPP(c_Int_Onumber__class_Onumber__of(tc_Int_Oint),c_Int_OMin)))), inference(split_conjunct,[status(thm)],[c_0_12])).
cnf(c_0_62,plain,(hAPP(c_Int_Onumber__class_Onumber__of(tc_Int_Oint),X1)=X1), inference(split_conjunct,[status(thm)],[c_0_50])).
fof(c_0_63, plain, (![X19]:![X20]:hAPP(c_Groups_Ouminus__class_Ouminus(tc_fun(X20,tc_HOL_Obool)),hAPP(c_Groups_Ouminus__class_Ouminus(tc_fun(X20,tc_HOL_Obool)),X19))=X19), inference(variable_rename,[status(thm)],[c_0_13])).
cnf(c_0_64,plain,(hAPP(c_Set_OCollect(X1),hAPP(hAPP(c_COMBB(tc_HOL_Obool,tc_HOL_Obool,X1),c_fNot),X2))=hAPP(c_Groups_Ouminus__class_Ouminus(tc_fun(X1,tc_HOL_Obool)),hAPP(c_Set_OCollect(X1),X2))), inference(split_conjunct,[status(thm)],[c_0_51])).
fof(c_0_65, plain, (![X23]:(~hBOOL(hAPP(c_fNot,X23))|~hBOOL(X23))), inference(fof_simplification,[status(thm)],[c_0_14])).
cnf(c_0_66,plain,(c_Orderings_Obot__class_Obot(tc_fun(X1,tc_HOL_Obool))=hAPP(c_Set_OCollect(X1),X2)|hBOOL(hAPP(X2,esk289_1(X2)))), inference(split_conjunct,[status(thm)],[c_0_52])).
cnf(c_0_67,plain,(hAPP(hAPP(c_COMBK(X1,X2),X3),X4)=X3), inference(split_conjunct,[status(thm)],[c_0_53])).
cnf(c_0_68,plain,(hAPP(c_COMBK(tc_HOL_Obool,X1),c_fFalse)=c_Orderings_Obot__class_Obot(tc_fun(X1,tc_HOL_Obool))), inference(rw,[status(thm)],[c_0_54, c_0_55])).
fof(c_0_69, plain, (![X6]:c_Orderings_Otop__class_Otop(tc_fun(X6,tc_HOL_Obool))=hAPP(c_Set_OCollect(X6),hAPP(c_COMBK(tc_HOL_Obool,X6),c_fTrue))), inference(variable_rename,[status(thm)],[c_0_15])).
fof(c_0_70, plain, (![X143]:![X144]:![X146]:![X147]:![X148]:((~hBOOL(hAPP(X144,c_Hilbert__Choice_OEps(X143,X144)))|hBOOL(hAPP(X144,esk329_2(X143,X144))))&(~hBOOL(hAPP(X147,X148))|hBOOL(hAPP(X147,c_Hilbert__Choice_OEps(X146,X147)))))), inference(shift_quantors,[status(thm)],[inference(skolemize,[status(esa)],[inference(variable_rename,[status(thm)],[inference(shift_quantors,[status(thm)],[inference(fof_nnf,[status(thm)],[c_0_16])])])])])).
cnf(c_0_71,plain,(hBOOL(hAPP(c_fNot,esk504_1(c_fNot)))|hBOOL(X1)), inference(spm,[status(thm)],[c_0_56, c_0_57])).
cnf(c_0_72,plain,(hBOOL(hAPP(hAPP(c_Orderings_Oord__class_Oless__eq(tc_Int_Oint),c_Groups_Ozero__class_Ozero(tc_Int_Oint)),X1))|~c_Nat__Transfer_Ois__nat(X1)), inference(split_conjunct,[status(thm)],[c_0_58])).
cnf(c_0_73,plain,(c_Int_OPls=c_Groups_Ozero__class_Ozero(tc_Int_Oint)), inference(split_conjunct,[status(thm)],[c_0_17])).
cnf(c_0_74,plain,(c_Nat__Transfer_Ois__nat(X1)|~c_Nat__Transfer_Onat__set(X2)|~hBOOL(hAPP(X2,X1))), inference(spm,[status(thm)],[c_0_59, c_0_60])).
cnf(c_0_75,plain,(hBOOL(hAPP(c_Nat__Numeral_Oneg,c_Int_OMin))), inference(rw,[status(thm)],[c_0_61, c_0_62])).
fof(c_0_76, plain, (~hBOOL(hAPP(hAPP(c_Orderings_Oord__class_Oless__eq(tc_Int_Oint),c_Int_OPls),c_Int_OMin))), inference(fof_simplification,[status(thm)],[c_0_18])).
fof(c_0_77, plain, (![X19]:![X20]:![X21]:![X22]:![X23]:((~hBOOL(hAPP(hAPP(c_member(X20),X21),X19))|X19!=c_Orderings_Obot__class_Obot(tc_fun(X20,tc_HOL_Obool)))&(X22=c_Orderings_Obot__class_Obot(tc_fun(X23,tc_HOL_Obool))|hBOOL(hAPP(hAPP(c_member(X23),esk10_2(X22,X23)),X22))))), inference(shift_quantors,[status(thm)],[inference(skolemize,[status(esa)],[inference(variable_rename,[status(thm)],[inference(shift_quantors,[status(thm)],[inference(fof_nnf,[status(thm)],[c_0_19])])])])])).
fof(c_0_78, plain, (![X85]:![X86]:![X87]:((~c_Nat__Transfer_Onat__set(X85)|(~hBOOL(hAPP(hAPP(c_member(tc_Int_Oint),X86),X85))|hBOOL(hAPP(hAPP(c_Orderings_Oord__class_Oless__eq(tc_Int_Oint),c_Groups_Ozero__class_Ozero(tc_Int_Oint)),X86))))&((hBOOL(hAPP(hAPP(c_member(tc_Int_Oint),esk232_1(X87)),X87))|c_Nat__Transfer_Onat__set(X87))&(~hBOOL(hAPP(hAPP(c_Orderings_Oord__class_Oless__eq(tc_Int_Oint),c_Groups_Ozero__class_Ozero(tc_Int_Oint)),esk232_1(X87)))|c_Nat__Transfer_Onat__set(X87))))), inference(distribute,[status(thm)],[inference(shift_quantors,[status(thm)],[inference(skolemize,[status(esa)],[inference(variable_rename,[status(thm)],[inference(shift_quantors,[status(thm)],[inference(fof_nnf,[status(thm)],[c_0_20])])])])])])).
fof(c_0_79, plain, (![X4]:![X5]:(hAPP(X5,esk1_2(X4,X5))!=hAPP(X4,esk1_2(X4,X5))|X5=X4)), inference(skolemize,[status(esa)],[inference(variable_rename,[status(thm)],[inference(fof_nnf,[status(thm)],[c_0_21])])])).
fof(c_0_80, plain, (![X127]:![X128]:![X129]:![X130]:![X131]:![X132]:hAPP(hAPP(hAPP(c_COMBB(X132,X131,X130),X129),X128),X127)=hAPP(X129,hAPP(X128,X127))), inference(variable_rename,[status(thm)],[c_0_22])).
cnf(c_0_81,plain,(hAPP(c_Groups_Ouminus__class_Ouminus(tc_fun(X1,tc_HOL_Obool)),hAPP(c_Groups_Ouminus__class_Ouminus(tc_fun(X1,tc_HOL_Obool)),X2))=X2), inference(split_conjunct,[status(thm)],[c_0_63])).
cnf(c_0_82,plain,(hAPP(c_Groups_Ouminus__class_Ouminus(tc_fun(X1,tc_HOL_Obool)),X2)=hAPP(hAPP(c_COMBB(tc_HOL_Obool,tc_HOL_Obool,X1),c_fNot),X2)), inference(rw,[status(thm)],[inference(rw,[status(thm)],[c_0_64, c_0_55]), c_0_55])).
fof(c_0_83, plain, (![X24]:(~hBOOL(hAPP(c_fNot,X24))|~hBOOL(X24))), inference(variable_rename,[status(thm)],[c_0_65])).
cnf(c_0_84,plain,(X1=c_Orderings_Obot__class_Obot(tc_fun(X2,tc_HOL_Obool))|hBOOL(hAPP(X1,esk289_1(X1)))), inference(rw,[status(thm)],[c_0_66, c_0_55])).
cnf(c_0_85,plain,(hAPP(c_Orderings_Obot__class_Obot(tc_fun(X1,tc_HOL_Obool)),X2)=c_fFalse), inference(spm,[status(thm)],[c_0_67, c_0_68])).
fof(c_0_86, plain, (![X6]:hAPP(c_Groups_Ouminus__class_Ouminus(tc_fun(X6,tc_HOL_Obool)),c_Orderings_Obot__class_Obot(tc_fun(X6,tc_HOL_Obool)))=c_Orderings_Otop__class_Otop(tc_fun(X6,tc_HOL_Obool))), inference(variable_rename,[status(thm)],[c_0_23])).
cnf(c_0_87,plain,(c_Orderings_Otop__class_Otop(tc_fun(X1,tc_HOL_Obool))=hAPP(c_Set_OCollect(X1),hAPP(c_COMBK(tc_HOL_Obool,X1),c_fTrue))), inference(split_conjunct,[status(thm)],[c_0_69])).
cnf(c_0_88,plain,(hBOOL(hAPP(X1,c_Hilbert__Choice_OEps(X2,X1)))|~hBOOL(hAPP(X1,X3))), inference(split_conjunct,[status(thm)],[c_0_70])).
cnf(c_0_89,plain,(hBOOL(hAPP(c_fNot,esk504_1(c_fNot)))), inference(ef,[status(thm)],[c_0_71])).
cnf(c_0_90,plain,(hBOOL(hAPP(hAPP(c_Orderings_Oord__class_Oless__eq(tc_Int_Oint),c_Int_OPls),X1))|~c_Nat__Transfer_Ois__nat(X1)), inference(rw,[status(thm)],[c_0_72, c_0_73])).
cnf(c_0_91,plain,(c_Nat__Transfer_Ois__nat(c_Int_OMin)|~c_Nat__Transfer_Onat__set(c_Nat__Numeral_Oneg)), inference(spm,[status(thm)],[c_0_74, c_0_75])).
cnf(c_0_92,plain,(~hBOOL(hAPP(hAPP(c_Orderings_Oord__class_Oless__eq(tc_Int_Oint),c_Int_OPls),c_Int_OMin))), inference(split_conjunct,[status(thm)],[c_0_76])).
cnf(c_0_93,plain,(X1!=c_Orderings_Obot__class_Obot(tc_fun(X2,tc_HOL_Obool))|~hBOOL(hAPP(hAPP(c_member(X2),X3),X1))), inference(split_conjunct,[status(thm)],[c_0_77])).
cnf(c_0_94,plain,(c_Nat__Transfer_Onat__set(X1)|hBOOL(hAPP(hAPP(c_member(tc_Int_Oint),esk232_1(X1)),X1))), inference(split_conjunct,[status(thm)],[c_0_78])).
cnf(c_0_95,plain,(X1=X2|hAPP(X1,esk1_2(X2,X1))!=hAPP(X2,esk1_2(X2,X1))), inference(split_conjunct,[status(thm)],[c_0_79])).
cnf(c_0_96,plain,(hAPP(hAPP(hAPP(c_COMBB(X1,X2,X3),X4),X5),X6)=hAPP(X4,hAPP(X5,X6))), inference(split_conjunct,[status(thm)],[c_0_80])).
cnf(c_0_97,plain,(hAPP(hAPP(c_COMBB(tc_HOL_Obool,tc_HOL_Obool,X1),c_fNot),hAPP(hAPP(c_COMBB(tc_HOL_Obool,tc_HOL_Obool,X1),c_fNot),X2))=X2), inference(rw,[status(thm)],[inference(rw,[status(thm)],[c_0_81, c_0_82]), c_0_82])).
fof(c_0_98, plain, (![X223]:![X224]:hAPP(c_List_Orev(X224),hAPP(c_List_Orev(X224),X223))=X223), inference(variable_rename,[status(thm)],[c_0_24])).
cnf(c_0_99,plain,(~hBOOL(X1)|~hBOOL(hAPP(c_fNot,X1))), inference(split_conjunct,[status(thm)],[c_0_83])).
cnf(c_0_100,plain,(c_fFalse=X1|hBOOL(X1)), inference(rw,[status(thm)],[inference(rw,[status(thm)],[inference(spm,[status(thm)],[c_0_67, c_0_84]), c_0_85]), c_0_67])).
cnf(c_0_101,plain,(hAPP(c_Groups_Ouminus__class_Ouminus(tc_fun(X1,tc_HOL_Obool)),c_Orderings_Obot__class_Obot(tc_fun(X1,tc_HOL_Obool)))=c_Orderings_Otop__class_Otop(tc_fun(X1,tc_HOL_Obool))), inference(split_conjunct,[status(thm)],[c_0_86])).
cnf(c_0_102,plain,(hAPP(c_COMBK(tc_HOL_Obool,X1),c_fTrue)=c_Orderings_Otop__class_Otop(tc_fun(X1,tc_HOL_Obool))), inference(rw,[status(thm)],[c_0_87, c_0_55])).
fof(c_0_103, plain, (![X39]:(~class_Lattices_Oboolean__algebra(X39)|hAPP(c_Groups_Ouminus__class_Ouminus(X39),c_Orderings_Obot__class_Obot(X39))=c_Orderings_Otop__class_Otop(X39))), inference(variable_rename,[status(thm)],[inference(fof_nnf,[status(thm)],[c_0_25])])).
fof(c_0_104, plain, (![X23]:![X24]:![X25]:(~class_Orderings_Obot(X25)|hAPP(c_Orderings_Obot__class_Obot(tc_fun(X24,X25)),X23)=c_Orderings_Obot__class_Obot(X25))), inference(variable_rename,[status(thm)],[inference(fof_nnf,[status(thm)],[c_0_26])])).
cnf(c_0_105,plain,(hBOOL(hAPP(c_fNot,c_Hilbert__Choice_OEps(X1,c_fNot)))), inference(spm,[status(thm)],[c_0_88, c_0_89])).
cnf(c_0_106,plain,(~c_Nat__Transfer_Onat__set(c_Nat__Numeral_Oneg)), inference(sr,[status(thm)],[inference(spm,[status(thm)],[c_0_90, c_0_91]), c_0_92])).
cnf(c_0_107,plain,(c_Nat__Transfer_Onat__set(X1)|c_Orderings_Obot__class_Obot(tc_fun(tc_Int_Oint,tc_HOL_Obool))!=X1), inference(spm,[status(thm)],[c_0_93, c_0_94])).
cnf(c_0_108,plain,(X1=c_Orderings_Obot__class_Obot(tc_fun(X2,tc_HOL_Obool))|hAPP(X1,esk1_2(c_Orderings_Obot__class_Obot(tc_fun(X2,tc_HOL_Obool)),X1))!=c_fFalse), inference(spm,[status(thm)],[c_0_95, c_0_85])).
cnf(c_0_109,plain,(hAPP(c_fNot,hAPP(c_fNot,hAPP(X1,X2)))=hAPP(X1,X2)), inference(rw,[status(thm)],[inference(spm,[status(thm)],[c_0_96, c_0_97]), c_0_96])).
cnf(c_0_110,plain,(hAPP(c_List_Orev(X1),hAPP(c_List_Orev(X1),X2))=X2), inference(split_conjunct,[status(thm)],[c_0_98])).
cnf(c_0_111,plain,(hAPP(c_fNot,X1)=c_fFalse|~hBOOL(X1)), inference(spm,[status(thm)],[c_0_99, c_0_100])).
cnf(c_0_112,plain,(hAPP(hAPP(c_COMBB(tc_HOL_Obool,tc_HOL_Obool,X1),c_fNot),c_Orderings_Obot__class_Obot(tc_fun(X1,tc_HOL_Obool)))=c_Orderings_Otop__class_Otop(tc_fun(X1,tc_HOL_Obool))), inference(rw,[status(thm)],[c_0_101, c_0_82])).
cnf(c_0_113,plain,(hAPP(c_Orderings_Otop__class_Otop(tc_fun(X1,tc_HOL_Obool)),X2)=c_fTrue), inference(spm,[status(thm)],[c_0_67, c_0_102])).
cnf(c_0_114,plain,(hAPP(c_Groups_Ouminus__class_Ouminus(X1),c_Orderings_Obot__class_Obot(X1))=c_Orderings_Otop__class_Otop(X1)|~class_Lattices_Oboolean__algebra(X1)), inference(split_conjunct,[status(thm)],[c_0_103])).
cnf(c_0_115,plain,(class_Lattices_Oboolean__algebra(tc_HOL_Obool)), inference(split_conjunct,[status(thm)],[c_0_27])).
cnf(c_0_116,plain,(hAPP(c_Orderings_Obot__class_Obot(tc_fun(X1,X2)),X3)=c_Orderings_Obot__class_Obot(X2)|~class_Orderings_Obot(X2)), inference(split_conjunct,[status(thm)],[c_0_104])).
cnf(c_0_117,plain,(class_Orderings_Obot(tc_HOL_Obool)), inference(split_conjunct,[status(thm)],[c_0_28])).
fof(c_0_118, plain, (![X143]:![X144]:![X145]:![X146]:(~hBOOL(hAPP(X145,X146))|(X144!=c_Hilbert__Choice_OEps(X143,X145)|hBOOL(hAPP(X145,X144))))), inference(shift_quantors,[status(thm)],[inference(variable_rename,[status(thm)],[inference(fof_nnf,[status(thm)],[c_0_29])])])).
cnf(c_0_119,plain,(~hBOOL(c_Hilbert__Choice_OEps(X1,c_fNot))), inference(spm,[status(thm)],[c_0_99, c_0_105])).
cnf(c_0_120,plain,(c_Orderings_Obot__class_Obot(tc_fun(tc_Int_Oint,tc_HOL_Obool))!=c_Nat__Numeral_Oneg), inference(spm,[status(thm)],[c_0_106, c_0_107])).
cnf(c_0_121,plain,(c_Orderings_Obot__class_Obot(tc_fun(X1,tc_HOL_Obool))=c_Orderings_Obot__class_Obot(tc_fun(X2,tc_HOL_Obool))), inference(spm,[status(thm)],[c_0_108, c_0_85])).
cnf(c_0_122,plain,(hAPP(c_fNot,hAPP(c_fNot,X1))=X1), inference(spm,[status(thm)],[c_0_109, c_0_110])).
cnf(c_0_123,plain,(hAPP(c_fNot,X1)=c_fFalse|c_fFalse=X1), inference(spm,[status(thm)],[c_0_111, c_0_100])).
cnf(c_0_124,plain,(hAPP(c_fNot,c_fFalse)=c_fTrue), inference(rw,[status(thm)],[inference(rw,[status(thm)],[inference(spm,[status(thm)],[c_0_96, c_0_112]), c_0_113]), c_0_85])).
fof(c_0_125, plain, (![X39]:(~class_Lattices_Oboolean__algebra(X39)|hAPP(c_Groups_Ouminus__class_Ouminus(X39),c_Orderings_Otop__class_Otop(X39))=c_Orderings_Obot__class_Obot(X39))), inference(variable_rename,[status(thm)],[inference(fof_nnf,[status(thm)],[c_0_30])])).
cnf(c_0_126,plain,(hAPP(c_Groups_Ouminus__class_Ouminus(tc_HOL_Obool),c_Orderings_Obot__class_Obot(tc_HOL_Obool))=c_Orderings_Otop__class_Otop(tc_HOL_Obool)), inference(spm,[status(thm)],[c_0_114, c_0_115])).
cnf(c_0_127,plain,(c_Orderings_Obot__class_Obot(tc_HOL_Obool)=c_fFalse), inference(rw,[status(thm)],[inference(spm,[status(thm)],[c_0_116, c_0_117]), c_0_85])).
fof(c_0_128, plain, (![X23]:![X24]:![X25]:(~class_Orderings_Otop(X25)|hAPP(c_Orderings_Otop__class_Otop(tc_fun(X24,X25)),X23)=c_Orderings_Otop__class_Otop(X25))), inference(variable_rename,[status(thm)],[inference(fof_nnf,[status(thm)],[c_0_31])])).
cnf(c_0_129,plain,(hBOOL(hAPP(X1,X2))|X2!=c_Hilbert__Choice_OEps(X3,X1)|~hBOOL(hAPP(X1,X4))), inference(split_conjunct,[status(thm)],[c_0_118])).
cnf(c_0_130,plain,(c_Hilbert__Choice_OEps(X1,c_fNot)=c_fFalse), inference(spm,[status(thm)],[c_0_119, c_0_100])).
cnf(c_0_131,plain,(hBOOL(c_fTrue)), inference(split_conjunct,[status(thm)],[c_0_32])).
fof(c_0_132, plain, (![X19]:![X20]:(~class_Finite__Set_Ofinite(X20)|hBOOL(hAPP(c_Finite__Set_Ofinite(X20),X19)))), inference(variable_rename,[status(thm)],[inference(fof_nnf,[status(thm)],[c_0_33])])).
cnf(c_0_133,plain,(~hBOOL(hAPP(X1,X2))|c_Orderings_Obot__class_Obot(tc_fun(X3,tc_HOL_Obool))!=hAPP(c_Set_OCollect(X3),X1)), inference(split_conjunct,[status(thm)],[c_0_52])).
cnf(c_0_134,plain,(c_Orderings_Obot__class_Obot(tc_fun(X1,tc_HOL_Obool))!=c_Nat__Numeral_Oneg), inference(spm,[status(thm)],[c_0_120, c_0_121])).
cnf(c_0_135,plain,(c_fFalse=X1|c_fTrue=X1), inference(rw,[status(thm)],[inference(spm,[status(thm)],[c_0_122, c_0_123]), c_0_124])).
cnf(c_0_136,plain,(hAPP(c_Groups_Ouminus__class_Ouminus(X1),c_Orderings_Otop__class_Otop(X1))=c_Orderings_Obot__class_Obot(X1)|~class_Lattices_Oboolean__algebra(X1)), inference(split_conjunct,[status(thm)],[c_0_125])).
cnf(c_0_137,plain,(c_Orderings_Otop__class_Otop(tc_HOL_Obool)=hAPP(c_Groups_Ouminus__class_Ouminus(tc_HOL_Obool),c_fFalse)), inference(rw,[status(thm)],[c_0_126, c_0_127])).
cnf(c_0_138,plain,(hAPP(c_Orderings_Otop__class_Otop(tc_fun(X1,X2)),X3)=c_Orderings_Otop__class_Otop(X2)|~class_Orderings_Otop(X2)), inference(split_conjunct,[status(thm)],[c_0_128])).
cnf(c_0_139,plain,(class_Orderings_Otop(tc_HOL_Obool)), inference(split_conjunct,[status(thm)],[c_0_34])).
fof(c_0_140, plain, (![X6]:hBOOL(hAPP(c_Finite__Set_Ofinite(X6),c_Orderings_Obot__class_Obot(tc_fun(X6,tc_HOL_Obool))))), inference(variable_rename,[status(thm)],[c_0_35])).
cnf(c_0_141,plain,(hBOOL(hAPP(c_fNot,X1))|c_fFalse!=X1), inference(cn,[status(thm)],[inference(rw,[status(thm)],[inference(rw,[status(thm)],[inference(spm,[status(thm)],[c_0_129, c_0_124]), c_0_130]), c_0_131])])).
cnf(c_0_142,plain,(hBOOL(hAPP(c_Finite__Set_Ofinite(X1),X2))|~class_Finite__Set_Ofinite(X1)), inference(split_conjunct,[status(thm)],[c_0_132])).
cnf(c_0_143,plain,(class_Finite__Set_Ofinite(tc_HOL_Obool)), inference(split_conjunct,[status(thm)],[c_0_36])).
cnf(c_0_144,plain,(X1!=c_Orderings_Obot__class_Obot(tc_fun(X2,tc_HOL_Obool))|~hBOOL(hAPP(X1,X3))), inference(rw,[status(thm)],[c_0_133, c_0_55])).
cnf(c_0_145,plain,(c_Orderings_Obot__class_Obot(tc_fun(X1,tc_HOL_Obool))=c_fFalse|c_fTrue!=c_Nat__Numeral_Oneg), inference(spm,[status(thm)],[c_0_134, c_0_135])).
cnf(c_0_146,plain,(hAPP(c_Groups_Ouminus__class_Ouminus(tc_HOL_Obool),hAPP(c_Groups_Ouminus__class_Ouminus(tc_HOL_Obool),c_fFalse))=c_fFalse), inference(rw,[status(thm)],[inference(rw,[status(thm)],[inference(spm,[status(thm)],[c_0_136, c_0_115]), c_0_137]), c_0_127])).
cnf(c_0_147,plain,(hAPP(c_Groups_Ouminus__class_Ouminus(tc_HOL_Obool),c_fFalse)=c_fTrue), inference(rw,[status(thm)],[inference(rw,[status(thm)],[inference(spm,[status(thm)],[c_0_138, c_0_139]), c_0_113]), c_0_137])).
cnf(c_0_148,plain,(hBOOL(hAPP(c_Finite__Set_Ofinite(X1),c_Orderings_Obot__class_Obot(tc_fun(X1,tc_HOL_Obool))))), inference(split_conjunct,[status(thm)],[c_0_140])).
cnf(c_0_149,plain,(c_fFalse!=X1|~hBOOL(X1)), inference(spm,[status(thm)],[c_0_99, c_0_141])).
cnf(c_0_150,plain,(hBOOL(hAPP(c_Finite__Set_Ofinite(tc_HOL_Obool),X1))), inference(spm,[status(thm)],[c_0_142, c_0_143])).
cnf(c_0_151,plain,(c_fTrue!=c_Nat__Numeral_Oneg|X1!=c_fFalse|~hBOOL(hAPP(X1,X2))), inference(spm,[status(thm)],[c_0_144, c_0_145])).
cnf(c_0_152,plain,(hAPP(c_Groups_Ouminus__class_Ouminus(tc_HOL_Obool),c_fTrue)=c_fFalse), inference(rw,[status(thm)],[c_0_146, c_0_147])).
cnf(c_0_153,plain,(hBOOL(hAPP(X1,esk505_2(X1,X3)))|~hBOOL(hAPP(X1,X2))), inference(split_conjunct,[status(thm)],[c_0_39])).
cnf(c_0_154,plain,(hBOOL(hAPP(c_Finite__Set_Ofinite(X1),esk504_1(c_Finite__Set_Ofinite(X1))))), inference(spm,[status(thm)],[c_0_56, c_0_148])).
cnf(c_0_155,plain,(hAPP(c_Finite__Set_Ofinite(tc_HOL_Obool),X1)!=c_fFalse), inference(spm,[status(thm)],[c_0_149, c_0_150])).
cnf(c_0_156,plain,(c_Groups_Ouminus__class_Ouminus(tc_HOL_Obool)!=c_fFalse|c_fTrue!=c_Nat__Numeral_Oneg), inference(cn,[status(thm)],[inference(rw,[status(thm)],[inference(spm,[status(thm)],[c_0_151, c_0_147]), c_0_131])])).
cnf(c_0_157,plain,(hAPP(c_fTrue,c_fTrue)=c_fFalse|c_Groups_Ouminus__class_Ouminus(tc_HOL_Obool)=c_fFalse), inference(spm,[status(thm)],[c_0_152, c_0_135])).
cnf(c_0_158,plain,(hBOOL(hAPP(c_Finite__Set_Ofinite(X1),esk505_2(c_Finite__Set_Ofinite(X1),X2)))), inference(spm,[status(thm)],[c_0_153, c_0_154])).
cnf(c_0_159,plain,(c_Finite__Set_Ofinite(tc_HOL_Obool)=c_fFalse|hAPP(c_fTrue,X1)!=c_fFalse), inference(spm,[status(thm)],[c_0_155, c_0_135])).
cnf(c_0_160,plain,(hAPP(c_fTrue,c_fTrue)=c_fFalse|c_fTrue!=c_Nat__Numeral_Oneg), inference(spm,[status(thm)],[c_0_156, c_0_157])).
cnf(c_0_161,plain,(c_Finite__Set_Ofinite(X1)!=c_fFalse|c_fTrue!=c_Nat__Numeral_Oneg), inference(spm,[status(thm)],[c_0_151, c_0_158])).
cnf(c_0_162,plain,(c_fTrue!=c_Nat__Numeral_Oneg), inference(csr,[status(thm)],[inference(spm,[status(thm)],[c_0_159, c_0_160]), c_0_161])).
cnf(c_0_163,plain,(c_fFalse=X1|X1!=c_Nat__Numeral_Oneg), inference(spm,[status(thm)],[c_0_162, c_0_135])).
fof(c_0_164, plain, (![X6]:c_Complete__Lattice_OInf__class_OInf(tc_fun(X6,tc_HOL_Obool),c_Orderings_Otop__class_Otop(tc_fun(tc_fun(X6,tc_HOL_Obool),tc_HOL_Obool)))=c_Orderings_Obot__class_Obot(tc_fun(X6,tc_HOL_Obool))), inference(variable_rename,[status(thm)],[c_0_37])).
cnf(c_0_165,plain,(c_fFalse=c_Nat__Numeral_Oneg), inference(er,[status(thm)],[c_0_163])).
cnf(c_0_166,plain,(c_Complete__Lattice_OInf__class_OInf(tc_fun(X1,tc_HOL_Obool),c_Orderings_Otop__class_Otop(tc_fun(tc_fun(X1,tc_HOL_Obool),tc_HOL_Obool)))=c_Orderings_Obot__class_Obot(tc_fun(X1,tc_HOL_Obool))), inference(split_conjunct,[status(thm)],[c_0_164])).
cnf(c_0_167,plain,(c_fTrue=X1|c_Nat__Numeral_Oneg=X1), inference(rw,[status(thm)],[c_0_135, c_0_165])).
fof(c_0_168, plain, (~hBOOL(hAPP(c_Nat__Numeral_Oneg,c_Groups_Ozero__class_Ozero(tc_Int_Oint)))), inference(fof_simplification,[status(thm)],[c_0_38])).
cnf(c_0_169,plain,(c_Orderings_Obot__class_Obot(tc_fun(X1,tc_HOL_Obool))=c_fTrue), inference(sr,[status(thm)],[inference(rw,[status(thm)],[inference(spm,[status(thm)],[c_0_166, c_0_167]), c_0_166]), c_0_134])).
cnf(c_0_170,plain,(~hBOOL(hAPP(c_Nat__Numeral_Oneg,c_Groups_Ozero__class_Ozero(tc_Int_Oint)))), inference(split_conjunct,[status(thm)],[c_0_168])).
cnf(c_0_171,plain,(X1!=c_fTrue|~hBOOL(hAPP(X1,X2))), inference(rw,[status(thm)],[c_0_144, c_0_169])).
cnf(c_0_172,plain,(~hBOOL(hAPP(c_Nat__Numeral_Oneg,c_Int_OPls))), inference(rw,[status(thm)],[c_0_170, c_0_73])).
cnf(c_0_173,plain,(c_Finite__Set_Ofinite(tc_HOL_Obool)!=c_fTrue), inference(spm,[status(thm)],[c_0_171, c_0_150])).
cnf(c_0_174,plain,(hAPP(c_Nat__Numeral_Oneg,c_Int_OPls)=c_fFalse), inference(spm,[status(thm)],[c_0_172, c_0_100])).
cnf(c_0_175,plain,(hAPP(c_Finite__Set_Ofinite(tc_HOL_Obool),X1)!=c_Nat__Numeral_Oneg), inference(rw,[status(thm)],[c_0_155, c_0_165])).
cnf(c_0_176,plain,(c_Finite__Set_Ofinite(tc_HOL_Obool)=c_Nat__Numeral_Oneg), inference(spm,[status(thm)],[c_0_173, c_0_167])).
cnf(c_0_177,plain,(hAPP(c_Nat__Numeral_Oneg,c_Int_OPls)=c_Nat__Numeral_Oneg), inference(rw,[status(thm)],[c_0_174, c_0_165])).
cnf(c_0_178,plain,(hAPP(c_Nat__Numeral_Oneg,X1)!=c_Nat__Numeral_Oneg), inference(rw,[status(thm)],[c_0_175, c_0_176])).
cnf(c_0_179,plain,($false), inference(sr,[status(thm)],[c_0_177, c_0_178]), ['proof']).
# SZS output end CNFRefutation.
EOF
