% Problem    : SWV235+1 : TPTP v6.1.0. Released v3.2.0.
% Command    : eprover --auto-schedule --tstp-format -s --proof-object --memory-limit=2048 --cpu-limit=%d %s
% Computer   : n101.star.cs.uiowa.edu
% Model      : x86_64 x86_64
% CPU        : Intel(R) Xeon(R) CPU E5-2609 0 @ 2.40GHz
% Memory     : 32286.75MB
% OS         : Linux 2.6.32-431.20.3.el6.x86_64
% CPULimit   : 300
% DateTime   : Sun Jul 20 04:51:26 CDT 2014
% CPUTime    : 
# No SInE strategy applied
# Trying AutoSched0 for 151 seconds
# AutoSched0-Mode selected heuristic G_E___215_C46_F1_AE_CS_SP_PS_S0Y
# and selection function SelectMaxLComplexAvoidPosPred.
#
# Presaturation interreduction done

# Proof found!
# SZS status Theorem
# SZS output start CNFRefutation.
fof(c_0_0, axiom, (![X1]:xor(X1,id)=X1), file('/export/starexec/sandbox/benchmark/theBenchmark.p', xor_rules_1)).
fof(c_0_1, axiom, (![X1]:![X2]:xor(X1,X2)=xor(X2,X1)), file('/export/starexec/sandbox/benchmark/theBenchmark.p', xor_commutative)).
fof(c_0_2, axiom, (![X1]:![X2]:![X3]:xor(X1,xor(X2,X3))=xor(xor(X1,X2),X3)), file('/export/starexec/sandbox/benchmark/theBenchmark.p', xor_associative)).
fof(c_0_3, axiom, (![X1]:xor(X1,X1)=id), file('/export/starexec/sandbox/benchmark/theBenchmark.p', xor_rules_2)).
fof(c_0_4, axiom, (![X10]:![X9]:((p(X10)&p(X9))=>p(crypt(xor(km,xor(kp,X9)),X10)))), file('/export/starexec/sandbox/benchmark/theBenchmark.p', key_part_import___part_1)).
fof(c_0_5, axiom, (![X1]:![X2]:((p(X1)&p(X2))=>p(xor(X1,X2)))), file('/export/starexec/sandbox/benchmark/theBenchmark.p', combine_with_XOR)).
fof(c_0_6, axiom, (![X9]:![X6]:![X4]:(((p(crypt(xor(km,X9),X6))&p(X9))&p(crypt(xor(km,exp),X4)))=>p(crypt(xor(X4,X9),X6)))), file('/export/starexec/sandbox/benchmark/theBenchmark.p', key_export)).
fof(c_0_7, axiom, (p(kp)), file('/export/starexec/sandbox/benchmark/theBenchmark.p', initial_knowledge_of_intruder_1)).
fof(c_0_8, axiom, (p(exp)), file('/export/starexec/sandbox/benchmark/theBenchmark.p', initial_knowledge_of_intruder_11)).
fof(c_0_9, axiom, (p(crypt(xor(km,pin),pp))), file('/export/starexec/sandbox/benchmark/theBenchmark.p', initial_knowledge_of_intruder_6)).
fof(c_0_10, axiom, (p(pin)), file('/export/starexec/sandbox/benchmark/theBenchmark.p', initial_knowledge_of_intruder_5)).
fof(c_0_11, conjecture, (p(crypt(pp,a))), file('/export/starexec/sandbox/benchmark/theBenchmark.p', find_pin)).
fof(c_0_12, axiom, (![X1]:![X2]:((p(X2)&p(X1))=>p(crypt(X1,X2)))), file('/export/starexec/sandbox/benchmark/theBenchmark.p', encrypt_knowledge)).
fof(c_0_13, axiom, (![X1]:![X2]:((p(crypt(X1,X2))&p(X1))=>p(X2))), file('/export/starexec/sandbox/benchmark/theBenchmark.p', decrypt_knowledge)).
fof(c_0_14, axiom, (p(id)), file('/export/starexec/sandbox/benchmark/theBenchmark.p', initial_knowledge_of_intruder_4)).
fof(c_0_15, axiom, (p(a)), file('/export/starexec/sandbox/benchmark/theBenchmark.p', an_account_number)).
fof(c_0_16, plain, (![X2]:xor(X2,id)=X2), inference(variable_rename,[status(thm)],[c_0_0])).
fof(c_0_17, plain, (![X3]:![X4]:xor(X3,X4)=xor(X4,X3)), inference(variable_rename,[status(thm)],[c_0_1])).
fof(c_0_18, plain, (![X4]:![X5]:![X6]:xor(X4,xor(X5,X6))=xor(xor(X4,X5),X6)), inference(variable_rename,[status(thm)],[c_0_2])).
fof(c_0_19, plain, (![X2]:xor(X2,X2)=id), inference(variable_rename,[status(thm)],[c_0_3])).
cnf(c_0_20,plain,(xor(X1,id)=X1), inference(split_conjunct,[status(thm)],[c_0_16])).
cnf(c_0_21,plain,(xor(X1,X2)=xor(X2,X1)), inference(split_conjunct,[status(thm)],[c_0_17])).
cnf(c_0_22,plain,(xor(X1,xor(X2,X3))=xor(xor(X1,X2),X3)), inference(split_conjunct,[status(thm)],[c_0_18])).
cnf(c_0_23,plain,(xor(X1,X1)=id), inference(split_conjunct,[status(thm)],[c_0_19])).
cnf(c_0_24,plain,(xor(id,X1)=X1), inference(spm,[status(thm)],[c_0_20, c_0_21])).
fof(c_0_25, plain, (![X11]:![X12]:((~p(X11)|~p(X12))|p(crypt(xor(km,xor(kp,X12)),X11)))), inference(variable_rename,[status(thm)],[inference(fof_nnf,[status(thm)],[c_0_4])])).
cnf(c_0_26,plain,(xor(X1,xor(X1,X2))=X2), inference(rw,[status(thm)],[inference(spm,[status(thm)],[c_0_22, c_0_23]), c_0_24])).
cnf(c_0_27,plain,(p(crypt(xor(km,xor(kp,X1)),X2))|~p(X1)|~p(X2)), inference(split_conjunct,[status(thm)],[c_0_25])).
cnf(c_0_28,plain,(xor(X1,xor(X2,xor(X1,xor(X2,X3))))=X3), inference(rw,[status(thm)],[inference(spm,[status(thm)],[c_0_22, c_0_26]), c_0_22])).
fof(c_0_29, plain, (![X3]:![X4]:((~p(X3)|~p(X4))|p(xor(X3,X4)))), inference(variable_rename,[status(thm)],[inference(fof_nnf,[status(thm)],[c_0_5])])).
cnf(c_0_30,plain,(p(crypt(X1,X2))|~p(xor(km,xor(kp,X1)))|~p(X2)), inference(spm,[status(thm)],[c_0_27, c_0_28])).
cnf(c_0_31,plain,(p(xor(X1,X2))|~p(X2)|~p(X1)), inference(split_conjunct,[status(thm)],[c_0_29])).
fof(c_0_32, plain, (![X10]:![X11]:![X12]:(((~p(crypt(xor(km,X10),X11))|~p(X10))|~p(crypt(xor(km,exp),X12)))|p(crypt(xor(X12,X10),X11)))), inference(variable_rename,[status(thm)],[inference(fof_nnf,[status(thm)],[c_0_6])])).
cnf(c_0_33,plain,(p(crypt(X1,X2))|~p(xor(km,xor(X1,kp)))|~p(X2)), inference(spm,[status(thm)],[c_0_30, c_0_21])).
cnf(c_0_34,plain,(p(xor(X1,xor(X2,X3)))|~p(xor(X1,X2))|~p(X3)), inference(spm,[status(thm)],[c_0_31, c_0_22])).
cnf(c_0_35,plain,(p(kp)), inference(split_conjunct,[status(thm)],[c_0_7])).
cnf(c_0_36,plain,(p(crypt(xor(X1,X2),X3))|~p(crypt(xor(km,exp),X1))|~p(X2)|~p(crypt(xor(km,X2),X3))), inference(split_conjunct,[status(thm)],[c_0_32])).
cnf(c_0_37,plain,(p(crypt(X1,X2))|~p(xor(km,X1))|~p(X2)), inference(cn,[status(thm)],[inference(rw,[status(thm)],[inference(spm,[status(thm)],[c_0_33, c_0_34]), c_0_35])])).
cnf(c_0_38,plain,(p(exp)), inference(split_conjunct,[status(thm)],[c_0_8])).
cnf(c_0_39,plain,(p(crypt(xor(X1,X2),X3))|~p(crypt(xor(km,X2),X3))|~p(X2)|~p(X1)), inference(cn,[status(thm)],[inference(rw,[status(thm)],[inference(rw,[status(thm)],[inference(spm,[status(thm)],[c_0_36, c_0_37]), c_0_26]), c_0_38])])).
cnf(c_0_40,plain,(p(crypt(xor(km,pin),pp))), inference(split_conjunct,[status(thm)],[c_0_9])).
cnf(c_0_41,plain,(p(pin)), inference(split_conjunct,[status(thm)],[c_0_10])).
fof(c_0_42, negated_conjecture, (~p(crypt(pp,a))), inference(fof_simplification,[status(thm)],[inference(assume_negation,[status(cth)],[c_0_11])])).
fof(c_0_43, plain, (![X3]:![X4]:((~p(X4)|~p(X3))|p(crypt(X3,X4)))), inference(variable_rename,[status(thm)],[inference(fof_nnf,[status(thm)],[c_0_12])])).
fof(c_0_44, plain, (![X3]:![X4]:((~p(crypt(X3,X4))|~p(X3))|p(X4))), inference(variable_rename,[status(thm)],[inference(fof_nnf,[status(thm)],[c_0_13])])).
cnf(c_0_45,plain,(p(crypt(xor(X1,pin),pp))|~p(X1)), inference(cn,[status(thm)],[inference(rw,[status(thm)],[inference(spm,[status(thm)],[c_0_39, c_0_40]), c_0_41])])).
cnf(c_0_46,plain,(p(id)), inference(split_conjunct,[status(thm)],[c_0_14])).
cnf(c_0_47,negated_conjecture,(~p(crypt(pp,a))), inference(split_conjunct,[status(thm)],[c_0_42])).
cnf(c_0_48,plain,(p(crypt(X1,X2))|~p(X1)|~p(X2)), inference(split_conjunct,[status(thm)],[c_0_43])).
cnf(c_0_49,plain,(p(a)), inference(split_conjunct,[status(thm)],[c_0_15])).
cnf(c_0_50,plain,(p(X1)|~p(X2)|~p(crypt(X2,X1))), inference(split_conjunct,[status(thm)],[c_0_44])).
cnf(c_0_51,plain,(p(crypt(pin,pp))), inference(cn,[status(thm)],[inference(rw,[status(thm)],[inference(spm,[status(thm)],[c_0_45, c_0_24]), c_0_46])])).
cnf(c_0_52,negated_conjecture,(~p(pp)), inference(cn,[status(thm)],[inference(rw,[status(thm)],[inference(spm,[status(thm)],[c_0_47, c_0_48]), c_0_49])])).
cnf(c_0_53,plain,($false), inference(sr,[status(thm)],[inference(cn,[status(thm)],[inference(rw,[status(thm)],[inference(spm,[status(thm)],[c_0_50, c_0_51]), c_0_41])]), c_0_52]), ['proof']).
# SZS output end CNFRefutation.
EOF
