% Problem    : KLE170+1.004 : TPTP v6.1.0. Released v5.2.0.
% Command    : eprover --auto-schedule --tstp-format -s --proof-object --memory-limit=2048 --cpu-limit=%d %s
% Computer   : n099.star.cs.uiowa.edu
% Model      : x86_64 x86_64
% CPU        : Intel(R) Xeon(R) CPU E5-2609 0 @ 2.40GHz
% Memory     : 32286.75MB
% OS         : Linux 2.6.32-431.20.3.el6.x86_64
% CPULimit   : 300
% DateTime   : Sun Jul 20 05:05:31 CDT 2014
% CPUTime    : 
# No SInE strategy applied
# Trying AutoSched0 for 151 seconds
# AutoSched0-Mode selected heuristic H_____102_C18_F1_PI_AE_Q4_CS_SP_S1S
# and selection function SelectComplexAHP.
#

# Proof found!
# SZS status Theorem
# SZS output start CNFRefutation.
fof(c_0_0, axiom, (![X1]:leq(addition(one,multiplication(X1,star(X1))),star(X1))), file('/export/starexec/sandbox/benchmark/Axioms/KLE002+0.ax', star_unfold_right)).
fof(c_0_1, axiom, (![X1]:multiplication(one,X1)=X1), file('/export/starexec/sandbox/benchmark/Axioms/KLE002+0.ax', multiplicative_left_identity)).
fof(c_0_2, axiom, (![X1]:![X2]:(leq(X1,X2)<=>addition(X1,X2)=X2)), file('/export/starexec/sandbox/benchmark/Axioms/KLE002+0.ax', order)).
fof(c_0_3, axiom, (![X3]:![X2]:![X1]:addition(X1,addition(X2,X3))=addition(addition(X1,X2),X3)), file('/export/starexec/sandbox/benchmark/Axioms/KLE002+0.ax', additive_associativity)).
fof(c_0_4, axiom, (![X1]:addition(X1,X1)=X1), file('/export/starexec/sandbox/benchmark/Axioms/KLE002+0.ax', additive_idempotence)).
fof(c_0_5, axiom, (![X1]:![X2]:![X3]:(leq(addition(multiplication(X1,X2),X3),X1)=>leq(multiplication(X3,star(X2)),X1))), file('/export/starexec/sandbox/benchmark/Axioms/KLE002+0.ax', star_induction_right)).
fof(c_0_6, axiom, (![X1]:multiplication(X1,one)=X1), file('/export/starexec/sandbox/benchmark/Axioms/KLE002+0.ax', multiplicative_right_identity)).
fof(c_0_7, axiom, (![X1]:![X2]:addition(X1,X2)=addition(X2,X1)), file('/export/starexec/sandbox/benchmark/Axioms/KLE002+0.ax', additive_commutativity)).
fof(c_0_8, axiom, (![X1]:![X2]:![X3]:multiplication(X1,addition(X2,X3))=addition(multiplication(X1,X2),multiplication(X1,X3))), file('/export/starexec/sandbox/benchmark/Axioms/KLE002+0.ax', right_distributivity)).
fof(c_0_9, axiom, (![X1]:leq(addition(one,multiplication(star(X1),X1)),star(X1))), file('/export/starexec/sandbox/benchmark/Axioms/KLE002+0.ax', star_unfold_left)).
fof(c_0_10, axiom, (![X1]:![X2]:![X3]:multiplication(addition(X1,X2),X3)=addition(multiplication(X1,X3),multiplication(X2,X3))), file('/export/starexec/sandbox/benchmark/Axioms/KLE002+0.ax', left_distributivity)).
fof(c_0_11, axiom, (![X1]:![X2]:![X3]:multiplication(X1,multiplication(X2,X3))=multiplication(multiplication(X1,X2),X3)), file('/export/starexec/sandbox/benchmark/Axioms/KLE002+0.ax', multiplicative_associativity)).
fof(c_0_12, axiom, (![X1]:![X2]:![X3]:(leq(addition(multiplication(X1,X2),X3),X2)=>leq(multiplication(star(X1),X3),X2))), file('/export/starexec/sandbox/benchmark/Axioms/KLE002+0.ax', star_induction_left)).
fof(c_0_13, conjecture, (leq(multiplication(a,multiplication(a,multiplication(a,a))),star(a))), file('/export/starexec/sandbox/benchmark/theBenchmark.p', a)).
fof(c_0_14, plain, (![X2]:leq(addition(one,multiplication(X2,star(X2))),star(X2))), inference(variable_rename,[status(thm)],[c_0_0])).
fof(c_0_15, plain, (![X2]:multiplication(one,X2)=X2), inference(variable_rename,[status(thm)],[c_0_1])).
fof(c_0_16, plain, (![X3]:![X4]:![X5]:![X6]:((~leq(X3,X4)|addition(X3,X4)=X4)&(addition(X5,X6)!=X6|leq(X5,X6)))), inference(shift_quantors,[status(thm)],[inference(variable_rename,[status(thm)],[inference(shift_quantors,[status(thm)],[inference(fof_nnf,[status(thm)],[c_0_2])])])])).
cnf(c_0_17,plain,(leq(addition(one,multiplication(X1,star(X1))),star(X1))), inference(split_conjunct,[status(thm)],[c_0_14])).
cnf(c_0_18,plain,(multiplication(one,X1)=X1), inference(split_conjunct,[status(thm)],[c_0_15])).
fof(c_0_19, plain, (![X4]:![X5]:![X6]:addition(X6,addition(X5,X4))=addition(addition(X6,X5),X4)), inference(variable_rename,[status(thm)],[c_0_3])).
fof(c_0_20, plain, (![X2]:addition(X2,X2)=X2), inference(variable_rename,[status(thm)],[c_0_4])).
cnf(c_0_21,plain,(addition(X1,X2)=X2|~leq(X1,X2)), inference(split_conjunct,[status(thm)],[c_0_16])).
cnf(c_0_22,plain,(leq(addition(one,star(one)),star(one))), inference(spm,[status(thm)],[c_0_17, c_0_18])).
cnf(c_0_23,plain,(addition(X1,addition(X2,X3))=addition(addition(X1,X2),X3)), inference(split_conjunct,[status(thm)],[c_0_19])).
cnf(c_0_24,plain,(addition(X1,X1)=X1), inference(split_conjunct,[status(thm)],[c_0_20])).
fof(c_0_25, plain, (![X4]:![X5]:![X6]:(~leq(addition(multiplication(X4,X5),X6),X4)|leq(multiplication(X6,star(X5)),X4))), inference(variable_rename,[status(thm)],[inference(fof_nnf,[status(thm)],[c_0_5])])).
fof(c_0_26, plain, (![X2]:multiplication(X2,one)=X2), inference(variable_rename,[status(thm)],[c_0_6])).
cnf(c_0_27,plain,(addition(one,star(one))=star(one)), inference(rw,[status(thm)],[inference(rw,[status(thm)],[inference(spm,[status(thm)],[c_0_21, c_0_22]), c_0_23]), c_0_24])).
cnf(c_0_28,plain,(leq(multiplication(X1,star(X2)),X3)|~leq(addition(multiplication(X3,X2),X1),X3)), inference(split_conjunct,[status(thm)],[c_0_25])).
cnf(c_0_29,plain,(multiplication(X1,one)=X1), inference(split_conjunct,[status(thm)],[c_0_26])).
cnf(c_0_30,plain,(leq(X1,X2)|addition(X1,X2)!=X2), inference(split_conjunct,[status(thm)],[c_0_16])).
fof(c_0_31, plain, (![X3]:![X4]:addition(X3,X4)=addition(X4,X3)), inference(variable_rename,[status(thm)],[c_0_7])).
cnf(c_0_32,plain,(addition(one,addition(star(one),X1))=addition(star(one),X1)), inference(spm,[status(thm)],[c_0_23, c_0_27])).
cnf(c_0_33,plain,(leq(multiplication(X1,star(one)),X2)|~leq(addition(X2,X1),X2)), inference(spm,[status(thm)],[c_0_28, c_0_29])).
cnf(c_0_34,plain,(leq(X1,X1)), inference(spm,[status(thm)],[c_0_30, c_0_24])).
cnf(c_0_35,plain,(addition(X1,X2)=addition(X2,X1)), inference(split_conjunct,[status(thm)],[c_0_31])).
cnf(c_0_36,plain,(leq(one,addition(star(one),X1))), inference(spm,[status(thm)],[c_0_30, c_0_32])).
cnf(c_0_37,plain,(leq(multiplication(X1,star(one)),X1)), inference(cn,[status(thm)],[inference(rw,[status(thm)],[inference(spm,[status(thm)],[c_0_33, c_0_24]), c_0_34])])).
cnf(c_0_38,plain,(addition(X1,addition(X1,X2))=addition(X1,X2)), inference(spm,[status(thm)],[c_0_23, c_0_24])).
cnf(c_0_39,plain,(addition(one,addition(star(X1),multiplication(X1,star(X1))))=star(X1)), inference(rw,[status(thm)],[inference(rw,[status(thm)],[inference(spm,[status(thm)],[c_0_21, c_0_17]), c_0_23]), c_0_35])).
cnf(c_0_40,plain,(leq(one,addition(X1,star(one)))), inference(spm,[status(thm)],[c_0_36, c_0_35])).
cnf(c_0_41,plain,(leq(star(one),one)), inference(spm,[status(thm)],[c_0_37, c_0_18])).
cnf(c_0_42,plain,(addition(one,star(X1))=star(X1)), inference(spm,[status(thm)],[c_0_38, c_0_39])).
cnf(c_0_43,plain,(leq(one,addition(X1,addition(X2,star(one))))), inference(spm,[status(thm)],[c_0_40, c_0_23])).
cnf(c_0_44,plain,(star(one)=one), inference(rw,[status(thm)],[inference(rw,[status(thm)],[inference(spm,[status(thm)],[c_0_21, c_0_41]), c_0_35]), c_0_42])).
cnf(c_0_45,plain,(leq(one,addition(X1,addition(X2,one)))), inference(rw,[status(thm)],[c_0_43, c_0_44])).
cnf(c_0_46,plain,(leq(one,addition(X1,addition(one,X2)))), inference(spm,[status(thm)],[c_0_45, c_0_35])).
fof(c_0_47, plain, (![X4]:![X5]:![X6]:multiplication(X4,addition(X5,X6))=addition(multiplication(X4,X5),multiplication(X4,X6))), inference(variable_rename,[status(thm)],[c_0_8])).
cnf(c_0_48,plain,(leq(one,addition(X1,star(X2)))), inference(spm,[status(thm)],[c_0_46, c_0_42])).
cnf(c_0_49,plain,(multiplication(X1,addition(X2,X3))=addition(multiplication(X1,X2),multiplication(X1,X3))), inference(split_conjunct,[status(thm)],[c_0_47])).
fof(c_0_50, plain, (![X2]:leq(addition(one,multiplication(star(X2),X2)),star(X2))), inference(variable_rename,[status(thm)],[c_0_9])).
cnf(c_0_51,plain,(leq(one,addition(star(X1),X2))), inference(spm,[status(thm)],[c_0_48, c_0_35])).
cnf(c_0_52,plain,(addition(X1,multiplication(X1,X2))=multiplication(X1,addition(X2,one))), inference(rw,[status(thm)],[inference(spm,[status(thm)],[c_0_49, c_0_29]), c_0_35])).
fof(c_0_53, plain, (![X4]:![X5]:![X6]:multiplication(addition(X4,X5),X6)=addition(multiplication(X4,X6),multiplication(X5,X6))), inference(variable_rename,[status(thm)],[c_0_10])).
cnf(c_0_54,plain,(leq(addition(one,multiplication(star(X1),X1)),star(X1))), inference(split_conjunct,[status(thm)],[c_0_50])).
cnf(c_0_55,plain,(leq(one,multiplication(star(X1),addition(X2,one)))), inference(spm,[status(thm)],[c_0_51, c_0_52])).
cnf(c_0_56,plain,(multiplication(addition(X1,X2),X3)=addition(multiplication(X1,X3),multiplication(X2,X3))), inference(split_conjunct,[status(thm)],[c_0_53])).
cnf(c_0_57,plain,(addition(one,multiplication(star(X1),addition(X1,one)))=star(X1)), inference(rw,[status(thm)],[inference(rw,[status(thm)],[inference(rw,[status(thm)],[inference(spm,[status(thm)],[c_0_21, c_0_54]), c_0_23]), c_0_35]), c_0_52])).
cnf(c_0_58,plain,(addition(one,multiplication(star(X1),addition(X2,one)))=multiplication(star(X1),addition(X2,one))), inference(spm,[status(thm)],[c_0_21, c_0_55])).
cnf(c_0_59,plain,(leq(X1,addition(X1,X2))), inference(spm,[status(thm)],[c_0_30, c_0_38])).
cnf(c_0_60,plain,(addition(X1,addition(X2,X3))=addition(X3,addition(X1,X2))), inference(spm,[status(thm)],[c_0_35, c_0_23])).
cnf(c_0_61,plain,(addition(X1,multiplication(X2,X1))=multiplication(addition(X2,one),X1)), inference(rw,[status(thm)],[inference(spm,[status(thm)],[c_0_56, c_0_18]), c_0_35])).
cnf(c_0_62,plain,(multiplication(star(X1),addition(X1,one))=star(X1)), inference(rw,[status(thm)],[c_0_57, c_0_58])).
cnf(c_0_63,plain,(leq(X1,addition(X2,addition(X1,X3)))), inference(spm,[status(thm)],[c_0_59, c_0_60])).
cnf(c_0_64,plain,(addition(X1,star(X1))=star(X1)), inference(rw,[status(thm)],[inference(rw,[status(thm)],[inference(rw,[status(thm)],[inference(rw,[status(thm)],[inference(rw,[status(thm)],[inference(spm,[status(thm)],[c_0_61, c_0_62]), c_0_23]), c_0_42]), c_0_35]), c_0_42]), c_0_62])).
cnf(c_0_65,plain,(leq(X1,addition(X2,star(X1)))), inference(spm,[status(thm)],[c_0_63, c_0_64])).
cnf(c_0_66,plain,(leq(X1,addition(star(X1),X2))), inference(spm,[status(thm)],[c_0_65, c_0_35])).
cnf(c_0_67,plain,(leq(X1,multiplication(star(X1),addition(X2,one)))), inference(spm,[status(thm)],[c_0_66, c_0_52])).
cnf(c_0_68,plain,(leq(X1,multiplication(star(X1),addition(one,X2)))), inference(spm,[status(thm)],[c_0_67, c_0_35])).
fof(c_0_69, plain, (![X4]:![X5]:![X6]:multiplication(X4,multiplication(X5,X6))=multiplication(multiplication(X4,X5),X6)), inference(variable_rename,[status(thm)],[c_0_11])).
cnf(c_0_70,plain,(leq(X1,addition(X2,multiplication(X1,addition(X3,one))))), inference(spm,[status(thm)],[c_0_63, c_0_52])).
cnf(c_0_71,plain,(leq(X1,multiplication(star(X1),star(X2)))), inference(spm,[status(thm)],[c_0_68, c_0_42])).
cnf(c_0_72,plain,(multiplication(X1,multiplication(X2,X3))=multiplication(multiplication(X1,X2),X3)), inference(split_conjunct,[status(thm)],[c_0_69])).
cnf(c_0_73,plain,(leq(one,multiplication(star(X1),addition(one,X2)))), inference(spm,[status(thm)],[c_0_55, c_0_35])).
fof(c_0_74, plain, (![X4]:![X5]:![X6]:(~leq(addition(multiplication(X4,X5),X6),X5)|leq(multiplication(star(X4),X6),X5))), inference(variable_rename,[status(thm)],[inference(fof_nnf,[status(thm)],[c_0_12])])).
cnf(c_0_75,plain,(leq(X1,addition(X2,multiplication(X1,addition(one,X3))))), inference(spm,[status(thm)],[c_0_70, c_0_35])).
cnf(c_0_76,plain,(addition(X1,multiplication(star(X1),star(X2)))=multiplication(star(X1),star(X2))), inference(spm,[status(thm)],[c_0_21, c_0_71])).
cnf(c_0_77,plain,(leq(multiplication(X1,multiplication(X2,star(X3))),X1)|~leq(multiplication(X1,addition(X3,X2)),X1)), inference(rw,[status(thm)],[inference(spm,[status(thm)],[c_0_28, c_0_49]), c_0_72])).
cnf(c_0_78,plain,(addition(one,multiplication(addition(X1,one),star(X1)))=star(X1)), inference(rw,[status(thm)],[c_0_39, c_0_61])).
cnf(c_0_79,plain,(leq(one,multiplication(star(X1),star(X2)))), inference(spm,[status(thm)],[c_0_73, c_0_42])).
cnf(c_0_80,plain,(leq(multiplication(star(X1),X2),X3)|~leq(addition(multiplication(X1,X3),X2),X3)), inference(split_conjunct,[status(thm)],[c_0_74])).
cnf(c_0_81,plain,(leq(X1,addition(X2,multiplication(X1,star(X3))))), inference(rw,[status(thm)],[inference(rw,[status(thm)],[inference(spm,[status(thm)],[c_0_75, c_0_76]), c_0_44]), c_0_18])).
cnf(c_0_82,plain,(leq(multiplication(star(X1),star(X1)),star(X1))), inference(cn,[status(thm)],[inference(rw,[status(thm)],[inference(rw,[status(thm)],[inference(spm,[status(thm)],[c_0_77, c_0_62]), c_0_18]), c_0_34])])).
cnf(c_0_83,plain,(addition(one,multiplication(addition(one,X1),star(X1)))=star(X1)), inference(spm,[status(thm)],[c_0_78, c_0_35])).
cnf(c_0_84,plain,(addition(one,multiplication(star(X1),star(X2)))=multiplication(star(X1),star(X2))), inference(spm,[status(thm)],[c_0_21, c_0_79])).
cnf(c_0_85,plain,(leq(multiplication(star(X1),X2),X3)|~leq(addition(X2,multiplication(X1,X3)),X3)), inference(spm,[status(thm)],[c_0_80, c_0_35])).
cnf(c_0_86,plain,(leq(X1,addition(multiplication(X1,star(X2)),X3))), inference(spm,[status(thm)],[c_0_81, c_0_35])).
cnf(c_0_87,plain,(leq(multiplication(X1,multiplication(X2,star(X2))),X1)|~leq(multiplication(X1,X2),X1)), inference(rw,[status(thm)],[inference(spm,[status(thm)],[c_0_28, c_0_24]), c_0_72])).
cnf(c_0_88,plain,(multiplication(star(X1),star(X1))=star(X1)), inference(rw,[status(thm)],[inference(rw,[status(thm)],[inference(rw,[status(thm)],[inference(rw,[status(thm)],[inference(spm,[status(thm)],[c_0_21, c_0_82]), c_0_35]), c_0_52]), c_0_35]), c_0_42])).
cnf(c_0_89,plain,(multiplication(star(X1),star(star(X1)))=star(star(X1))), inference(rw,[status(thm)],[inference(spm,[status(thm)],[c_0_83, c_0_42]), c_0_84])).
cnf(c_0_90,plain,(leq(star(addition(X1,one)),star(X1))), inference(cn,[status(thm)],[inference(rw,[status(thm)],[inference(rw,[status(thm)],[inference(spm,[status(thm)],[c_0_85, c_0_78]), c_0_29]), c_0_34])])).
cnf(c_0_91,plain,(leq(one,multiplication(addition(X1,one),star(X2)))), inference(spm,[status(thm)],[c_0_51, c_0_61])).
cnf(c_0_92,plain,(leq(X1,addition(X2,multiplication(addition(X3,one),X1)))), inference(spm,[status(thm)],[c_0_63, c_0_61])).
cnf(c_0_93,plain,(leq(X1,star(multiplication(X1,star(X2))))), inference(spm,[status(thm)],[c_0_86, c_0_64])).
cnf(c_0_94,plain,(leq(star(star(X1)),star(X1))), inference(cn,[status(thm)],[inference(rw,[status(thm)],[inference(rw,[status(thm)],[inference(rw,[status(thm)],[inference(spm,[status(thm)],[c_0_87, c_0_88]), c_0_89]), c_0_89]), c_0_34])])).
cnf(c_0_95,plain,(leq(multiplication(X1,star(X2)),X3)|~leq(addition(X1,multiplication(X3,X2)),X3)), inference(spm,[status(thm)],[c_0_28, c_0_35])).
cnf(c_0_96,plain,(multiplication(star(X1),addition(one,X1))=star(X1)), inference(spm,[status(thm)],[c_0_62, c_0_35])).
cnf(c_0_97,plain,(addition(X1,addition(X2,X1))=addition(X2,X1)), inference(spm,[status(thm)],[c_0_38, c_0_35])).
cnf(c_0_98,plain,(multiplication(addition(star(X1),X2),star(X1))=multiplication(addition(X2,one),star(X1))), inference(rw,[status(thm)],[inference(spm,[status(thm)],[c_0_56, c_0_88]), c_0_61])).
cnf(c_0_99,plain,(addition(star(X1),star(addition(X1,one)))=star(X1)), inference(rw,[status(thm)],[inference(spm,[status(thm)],[c_0_21, c_0_90]), c_0_35])).
cnf(c_0_100,plain,(leq(multiplication(X1,X2),multiplication(X1,X3))|multiplication(X1,addition(X2,X3))!=multiplication(X1,X3)), inference(spm,[status(thm)],[c_0_30, c_0_49])).
cnf(c_0_101,plain,(addition(one,multiplication(addition(X1,one),star(X2)))=multiplication(addition(X1,one),star(X2))), inference(spm,[status(thm)],[c_0_21, c_0_91])).
cnf(c_0_102,plain,(leq(X1,addition(X2,multiplication(addition(one,X3),X1)))), inference(spm,[status(thm)],[c_0_92, c_0_35])).
cnf(c_0_103,plain,(addition(X1,star(multiplication(X1,star(X2))))=star(multiplication(X1,star(X2)))), inference(spm,[status(thm)],[c_0_21, c_0_93])).
cnf(c_0_104,plain,(star(star(X1))=star(X1)), inference(rw,[status(thm)],[inference(rw,[status(thm)],[inference(spm,[status(thm)],[c_0_21, c_0_94]), c_0_35]), c_0_64])).
cnf(c_0_105,plain,(leq(multiplication(X1,star(X2)),X1)|~leq(multiplication(X1,addition(X2,one)),X1)), inference(spm,[status(thm)],[c_0_95, c_0_52])).
cnf(c_0_106,plain,(multiplication(star(addition(X1,one)),addition(X1,one))=star(addition(X1,one))), inference(spm,[status(thm)],[c_0_96, c_0_97])).
cnf(c_0_107,plain,(multiplication(star(addition(X1,one)),star(X1))=star(X1)), inference(rw,[status(thm)],[inference(rw,[status(thm)],[inference(rw,[status(thm)],[inference(spm,[status(thm)],[c_0_98, c_0_99]), c_0_88]), c_0_35]), c_0_42])).
cnf(c_0_108,plain,(leq(multiplication(X1,X2),multiplication(X1,star(X2)))), inference(spm,[status(thm)],[c_0_100, c_0_64])).
cnf(c_0_109,plain,(multiplication(addition(X1,one),star(X1))=star(X1)), inference(rw,[status(thm)],[c_0_78, c_0_101])).
cnf(c_0_110,plain,(multiplication(addition(X1,one),X1)=multiplication(X1,addition(X1,one))), inference(spm,[status(thm)],[c_0_52, c_0_61])).
cnf(c_0_111,plain,(leq(X1,addition(X2,multiplication(star(X3),X1)))), inference(rw,[status(thm)],[inference(rw,[status(thm)],[inference(spm,[status(thm)],[c_0_102, c_0_103]), c_0_18]), c_0_104])).
cnf(c_0_112,plain,(leq(star(X1),star(addition(X1,one)))), inference(cn,[status(thm)],[inference(rw,[status(thm)],[inference(rw,[status(thm)],[inference(spm,[status(thm)],[c_0_105, c_0_106]), c_0_107]), c_0_34])])).
cnf(c_0_113,plain,(leq(multiplication(X1,addition(X1,one)),star(X1))), inference(rw,[status(thm)],[inference(spm,[status(thm)],[c_0_108, c_0_109]), c_0_110])).
cnf(c_0_114,plain,(addition(X1,addition(X2,X3))=addition(X2,addition(X1,X3))), inference(rw,[status(thm)],[inference(spm,[status(thm)],[c_0_23, c_0_35]), c_0_23])).
cnf(c_0_115,plain,(leq(X1,addition(multiplication(star(X2),X1),X3))), inference(spm,[status(thm)],[c_0_111, c_0_35])).
cnf(c_0_116,plain,(star(addition(X1,one))=star(X1)), inference(rw,[status(thm)],[inference(spm,[status(thm)],[c_0_21, c_0_112]), c_0_99])).
cnf(c_0_117,plain,(multiplication(star(X1),addition(X2,addition(one,X1)))=multiplication(star(X1),addition(X2,one))), inference(rw,[status(thm)],[inference(rw,[status(thm)],[inference(spm,[status(thm)],[c_0_49, c_0_96]), c_0_35]), c_0_52])).
cnf(c_0_118,plain,(addition(X1,addition(X2,addition(X3,X1)))=addition(X2,addition(X3,X1))), inference(spm,[status(thm)],[c_0_38, c_0_60])).
cnf(c_0_119,plain,(addition(X1,addition(multiplication(X1,X2),X3))=addition(X3,multiplication(X1,addition(X2,one)))), inference(spm,[status(thm)],[c_0_60, c_0_52])).
cnf(c_0_120,plain,(addition(star(X1),multiplication(X1,addition(X1,one)))=star(X1)), inference(rw,[status(thm)],[inference(spm,[status(thm)],[c_0_21, c_0_113]), c_0_35])).
cnf(c_0_121,plain,(addition(X1,addition(X2,star(X1)))=addition(X2,star(X1))), inference(spm,[status(thm)],[c_0_114, c_0_64])).
cnf(c_0_122,plain,(leq(X1,star(multiplication(star(X2),X1)))), inference(spm,[status(thm)],[c_0_115, c_0_64])).
cnf(c_0_123,plain,(leq(star(X1),star(X2))|~leq(multiplication(star(X2),addition(X1,one)),star(X2))), inference(rw,[status(thm)],[inference(rw,[status(thm)],[inference(spm,[status(thm)],[c_0_95, c_0_58]), c_0_18]), c_0_116])).
cnf(c_0_124,plain,(multiplication(star(addition(X1,X2)),addition(X2,one))=star(addition(X1,X2))), inference(rw,[status(thm)],[inference(spm,[status(thm)],[c_0_117, c_0_118]), c_0_96])).
cnf(c_0_125,plain,(addition(multiplication(X1,X1),star(X1))=star(X1)), inference(rw,[status(thm)],[inference(spm,[status(thm)],[c_0_119, c_0_120]), c_0_121])).
cnf(c_0_126,plain,(leq(X1,addition(X2,X3))|addition(X3,addition(X1,X2))!=addition(X2,X3)), inference(spm,[status(thm)],[c_0_30, c_0_60])).
cnf(c_0_127,plain,(addition(X1,X2)=addition(X2,X1)), c_0_35).
cnf(c_0_128,plain,(addition(addition(X1,X2),X3)=addition(X1,addition(X2,X3))), c_0_23).
cnf(c_0_129,plain,(multiplication(multiplication(X1,X2),X3)=multiplication(X1,multiplication(X2,X3))), c_0_72).
cnf(c_0_130,plain,(addition(X1,star(multiplication(star(X2),X1)))=star(multiplication(star(X2),X1))), inference(spm,[status(thm)],[c_0_21, c_0_122])).
cnf(c_0_131,plain,(leq(star(X1),star(addition(X2,X1)))), inference(cn,[status(thm)],[inference(rw,[status(thm)],[inference(spm,[status(thm)],[c_0_123, c_0_124]), c_0_34])])).
cnf(c_0_132,plain,(addition(star(X1),multiplication(X1,X1))=star(X1)), inference(spm,[status(thm)],[c_0_35, c_0_125])).
cnf(c_0_133,plain,(leq(multiplication(X1,X1),addition(star(X1),X2))), inference(ar,[status(thm)],[inference(spm,[status(thm)],[c_0_126, c_0_125]), c_0_127, c_0_128, c_0_129])).
cnf(c_0_134,plain,(addition(X1,star(addition(X2,X1)))=star(addition(X2,X1))), inference(rw,[status(thm)],[inference(rw,[status(thm)],[inference(rw,[status(thm)],[inference(rw,[status(thm)],[inference(spm,[status(thm)],[c_0_130, c_0_124]), c_0_104]), c_0_23]), c_0_42]), c_0_104])).
cnf(c_0_135,plain,(leq(star(multiplication(X1,X1)),star(X1))), inference(rw,[status(thm)],[inference(spm,[status(thm)],[c_0_131, c_0_132]), c_0_104])).
fof(c_0_136, negated_conjecture, (~leq(multiplication(a,multiplication(a,multiplication(a,a))),star(a))), inference(fof_simplification,[status(thm)],[inference(assume_negation,[status(cth)],[c_0_13])])).
cnf(c_0_137,plain,(leq(multiplication(X1,X1),star(addition(X2,star(X1))))), inference(spm,[status(thm)],[c_0_133, c_0_134])).
cnf(c_0_138,plain,(addition(star(X1),star(multiplication(X1,X1)))=star(X1)), inference(rw,[status(thm)],[inference(spm,[status(thm)],[c_0_21, c_0_135]), c_0_35])).
cnf(c_0_139,negated_conjecture,(~leq(multiplication(a,multiplication(a,multiplication(a,a))),star(a))), inference(split_conjunct,[status(thm)],[c_0_136])).
cnf(c_0_140,plain,(leq(multiplication(X1,multiplication(X1,multiplication(X1,X1))),star(X1))), inference(rw,[status(thm)],[inference(rw,[status(thm)],[inference(spm,[status(thm)],[c_0_137, c_0_138]), c_0_72]), c_0_104])).
cnf(c_0_141,negated_conjecture,($false), inference(cn,[status(thm)],[inference(rw,[status(thm)],[c_0_139, c_0_140])]), ['proof']).
# SZS output end CNFRefutation.
EOF
