% Problem    : SWW387+1 : TPTP v6.1.0. Released v5.2.0.
% Command    : eprover --auto-schedule --tstp-format -s --proof-object --memory-limit=2048 --cpu-limit=%d %s
% Computer   : n118.star.cs.uiowa.edu
% Model      : x86_64 x86_64
% CPU        : Intel(R) Xeon(R) CPU E5-2609 0 @ 2.40GHz
% Memory     : 32286.75MB
% OS         : Linux 2.6.32-431.20.3.el6.x86_64
% CPULimit   : 300
% DateTime   : Sun Jul 20 06:25:06 CDT 2014
% CPUTime    : 
# No SInE strategy applied
# Trying AutoSched0 for 151 seconds
# AutoSched0-Mode selected heuristic G_E___207_C18_F1_AE_CS_SP_PS_S0Y
# and selection function SelectMaxLComplexAvoidPosPred.
#
# Presaturation interreduction done

# Proof found!
# SZS status Theorem
# SZS output start CNFRefutation.
fof(c_0_0, axiom, (![X6]:![X5]:hAPP(c_Set_OCollect(X5),hAPP(c_fequal,X6))=hAPP(hAPP(c_Set_Oinsert(X5),X6),c_Orderings_Obot__class_Obot(tc_fun(X5,tc_HOL_Obool)))), file('/export/starexec/sandbox/benchmark/theBenchmark.p', fact_singleton__conv2)).
fof(c_0_1, axiom, (![X29]:![X5]:hAPP(c_Set_OCollect(X5),X29)=X29), file('/export/starexec/sandbox/benchmark/theBenchmark.p', fact_Collect__def)).
fof(c_0_2, axiom, (![X7]:(c_Hoare__Mirabelle_Ostate__not__singleton=>(c_Com_OWT__bodies=>(hBOOL(hAPP(c_Com_OWT,X7))=>c_Hoare__Mirabelle_Ohoare__derivs(tc_Com_Ostate,c_Orderings_Obot__class_Obot(tc_fun(tc_Hoare__Mirabelle_Otriple(tc_Com_Ostate),tc_HOL_Obool)),hAPP(hAPP(c_Set_Oinsert(tc_Hoare__Mirabelle_Otriple(tc_Com_Ostate)),hAPP(c_Hoare__Mirabelle_OMGT,X7)),c_Orderings_Obot__class_Obot(tc_fun(tc_Hoare__Mirabelle_Otriple(tc_Com_Ostate),tc_HOL_Obool)))))))), file('/export/starexec/sandbox/benchmark/theBenchmark.p', fact_MGF)).
fof(c_0_3, axiom, (![X5]:![X17]:(![X13]:X17!=hAPP(c_Option_Ooption_OSome(X5),X13)<=>X17=c_Option_Ooption_ONone(X5))), file('/export/starexec/sandbox/benchmark/theBenchmark.p', fact_not__Some__eq)).
fof(c_0_4, conjecture, (c_Hoare__Mirabelle_Ohoare__derivs(tc_Com_Ostate,c_Orderings_Obot__class_Obot(tc_fun(tc_Hoare__Mirabelle_Otriple(tc_Com_Ostate),tc_HOL_Obool)),hAPP(hAPP(c_Set_Oinsert(tc_Hoare__Mirabelle_Otriple(tc_Com_Ostate)),hAPP(c_Hoare__Mirabelle_OMGT,hAPP(c_Com_Ocom_OBODY,v_pn))),c_Orderings_Obot__class_Obot(tc_fun(tc_Hoare__Mirabelle_Otriple(tc_Com_Ostate),tc_HOL_Obool))))), file('/export/starexec/sandbox/benchmark/theBenchmark.p', conj_5)).
fof(c_0_5, hypothesis, (c_Hoare__Mirabelle_Ostate__not__singleton), file('/export/starexec/sandbox/benchmark/theBenchmark.p', conj_0)).
fof(c_0_6, hypothesis, (c_Com_OWT__bodies), file('/export/starexec/sandbox/benchmark/theBenchmark.p', conj_1)).
fof(c_0_7, hypothesis, (hAPP(c_Com_Obody,v_pn)=hAPP(c_Option_Ooption_OSome(tc_Com_Ocom),v_y)), file('/export/starexec/sandbox/benchmark/theBenchmark.p', conj_3)).
fof(c_0_8, axiom, (![X12]:(hAPP(c_Com_Obody,X12)!=c_Option_Ooption_ONone(tc_Com_Ocom)=>hBOOL(hAPP(c_Com_OWT,hAPP(c_Com_Ocom_OBODY,X12))))), file('/export/starexec/sandbox/benchmark/theBenchmark.p', fact_WT_OBody)).
fof(c_0_9, plain, (![X7]:![X8]:hAPP(c_Set_OCollect(X8),hAPP(c_fequal,X7))=hAPP(hAPP(c_Set_Oinsert(X8),X7),c_Orderings_Obot__class_Obot(tc_fun(X8,tc_HOL_Obool)))), inference(variable_rename,[status(thm)],[c_0_0])).
fof(c_0_10, plain, (![X30]:![X31]:hAPP(c_Set_OCollect(X31),X30)=X30), inference(variable_rename,[status(thm)],[c_0_1])).
fof(c_0_11, plain, (![X8]:(~c_Hoare__Mirabelle_Ostate__not__singleton|(~c_Com_OWT__bodies|(~hBOOL(hAPP(c_Com_OWT,X8))|c_Hoare__Mirabelle_Ohoare__derivs(tc_Com_Ostate,c_Orderings_Obot__class_Obot(tc_fun(tc_Hoare__Mirabelle_Otriple(tc_Com_Ostate),tc_HOL_Obool)),hAPP(hAPP(c_Set_Oinsert(tc_Hoare__Mirabelle_Otriple(tc_Com_Ostate)),hAPP(c_Hoare__Mirabelle_OMGT,X8)),c_Orderings_Obot__class_Obot(tc_fun(tc_Hoare__Mirabelle_Otriple(tc_Com_Ostate),tc_HOL_Obool)))))))), inference(shift_quantors,[status(thm)],[inference(variable_rename,[status(thm)],[inference(shift_quantors,[status(thm)],[inference(fof_nnf,[status(thm)],[c_0_2])])])])).
fof(c_0_12, plain, (![X18]:![X19]:![X21]:![X22]:![X23]:((X19=hAPP(c_Option_Ooption_OSome(X18),esk43_2(X18,X19))|X19=c_Option_Ooption_ONone(X18))&(X22!=c_Option_Ooption_ONone(X21)|X22!=hAPP(c_Option_Ooption_OSome(X21),X23)))), inference(shift_quantors,[status(thm)],[inference(skolemize,[status(esa)],[inference(variable_rename,[status(thm)],[inference(shift_quantors,[status(thm)],[inference(fof_nnf,[status(thm)],[c_0_3])])])])])).
fof(c_0_13, negated_conjecture, (~c_Hoare__Mirabelle_Ohoare__derivs(tc_Com_Ostate,c_Orderings_Obot__class_Obot(tc_fun(tc_Hoare__Mirabelle_Otriple(tc_Com_Ostate),tc_HOL_Obool)),hAPP(hAPP(c_Set_Oinsert(tc_Hoare__Mirabelle_Otriple(tc_Com_Ostate)),hAPP(c_Hoare__Mirabelle_OMGT,hAPP(c_Com_Ocom_OBODY,v_pn))),c_Orderings_Obot__class_Obot(tc_fun(tc_Hoare__Mirabelle_Otriple(tc_Com_Ostate),tc_HOL_Obool))))), inference(fof_simplification,[status(thm)],[inference(assume_negation,[status(cth)],[c_0_4])])).
cnf(c_0_14,plain,(hAPP(c_Set_OCollect(X1),hAPP(c_fequal,X2))=hAPP(hAPP(c_Set_Oinsert(X1),X2),c_Orderings_Obot__class_Obot(tc_fun(X1,tc_HOL_Obool)))), inference(split_conjunct,[status(thm)],[c_0_9])).
cnf(c_0_15,plain,(hAPP(c_Set_OCollect(X1),X2)=X2), inference(split_conjunct,[status(thm)],[c_0_10])).
cnf(c_0_16,plain,(c_Hoare__Mirabelle_Ohoare__derivs(tc_Com_Ostate,c_Orderings_Obot__class_Obot(tc_fun(tc_Hoare__Mirabelle_Otriple(tc_Com_Ostate),tc_HOL_Obool)),hAPP(hAPP(c_Set_Oinsert(tc_Hoare__Mirabelle_Otriple(tc_Com_Ostate)),hAPP(c_Hoare__Mirabelle_OMGT,X1)),c_Orderings_Obot__class_Obot(tc_fun(tc_Hoare__Mirabelle_Otriple(tc_Com_Ostate),tc_HOL_Obool))))|~hBOOL(hAPP(c_Com_OWT,X1))|~c_Com_OWT__bodies|~c_Hoare__Mirabelle_Ostate__not__singleton), inference(split_conjunct,[status(thm)],[c_0_11])).
cnf(c_0_17,hypothesis,(c_Hoare__Mirabelle_Ostate__not__singleton), inference(split_conjunct,[status(thm)],[c_0_5])).
cnf(c_0_18,hypothesis,(c_Com_OWT__bodies), inference(split_conjunct,[status(thm)],[c_0_6])).
cnf(c_0_19,plain,(X1!=hAPP(c_Option_Ooption_OSome(X2),X3)|X1!=c_Option_Ooption_ONone(X2)), inference(split_conjunct,[status(thm)],[c_0_12])).
cnf(c_0_20,hypothesis,(hAPP(c_Com_Obody,v_pn)=hAPP(c_Option_Ooption_OSome(tc_Com_Ocom),v_y)), inference(split_conjunct,[status(thm)],[c_0_7])).
cnf(c_0_21,negated_conjecture,(~c_Hoare__Mirabelle_Ohoare__derivs(tc_Com_Ostate,c_Orderings_Obot__class_Obot(tc_fun(tc_Hoare__Mirabelle_Otriple(tc_Com_Ostate),tc_HOL_Obool)),hAPP(hAPP(c_Set_Oinsert(tc_Hoare__Mirabelle_Otriple(tc_Com_Ostate)),hAPP(c_Hoare__Mirabelle_OMGT,hAPP(c_Com_Ocom_OBODY,v_pn))),c_Orderings_Obot__class_Obot(tc_fun(tc_Hoare__Mirabelle_Otriple(tc_Com_Ostate),tc_HOL_Obool))))), inference(split_conjunct,[status(thm)],[c_0_13])).
cnf(c_0_22,plain,(hAPP(hAPP(c_Set_Oinsert(X1),X2),c_Orderings_Obot__class_Obot(tc_fun(X1,tc_HOL_Obool)))=hAPP(c_fequal,X2)), inference(rw,[status(thm)],[c_0_14, c_0_15])).
cnf(c_0_23,plain,(c_Hoare__Mirabelle_Ohoare__derivs(tc_Com_Ostate,c_Orderings_Obot__class_Obot(tc_fun(tc_Hoare__Mirabelle_Otriple(tc_Com_Ostate),tc_HOL_Obool)),hAPP(hAPP(c_Set_Oinsert(tc_Hoare__Mirabelle_Otriple(tc_Com_Ostate)),hAPP(c_Hoare__Mirabelle_OMGT,X1)),c_Orderings_Obot__class_Obot(tc_fun(tc_Hoare__Mirabelle_Otriple(tc_Com_Ostate),tc_HOL_Obool))))|~hBOOL(hAPP(c_Com_OWT,X1))), inference(cn,[status(thm)],[inference(rw,[status(thm)],[inference(rw,[status(thm)],[c_0_16, c_0_17]), c_0_18])])).
cnf(c_0_24,hypothesis,(hAPP(c_Com_Obody,v_pn)!=X1|c_Option_Ooption_ONone(tc_Com_Ocom)!=X1), inference(spm,[status(thm)],[c_0_19, c_0_20])).
fof(c_0_25, plain, (![X13]:(hAPP(c_Com_Obody,X13)=c_Option_Ooption_ONone(tc_Com_Ocom)|hBOOL(hAPP(c_Com_OWT,hAPP(c_Com_Ocom_OBODY,X13))))), inference(variable_rename,[status(thm)],[inference(fof_nnf,[status(thm)],[c_0_8])])).
cnf(c_0_26,negated_conjecture,(~c_Hoare__Mirabelle_Ohoare__derivs(tc_Com_Ostate,c_Orderings_Obot__class_Obot(tc_fun(tc_Hoare__Mirabelle_Otriple(tc_Com_Ostate),tc_HOL_Obool)),hAPP(c_fequal,hAPP(c_Hoare__Mirabelle_OMGT,hAPP(c_Com_Ocom_OBODY,v_pn))))), inference(rw,[status(thm)],[c_0_21, c_0_22])).
cnf(c_0_27,plain,(c_Hoare__Mirabelle_Ohoare__derivs(tc_Com_Ostate,c_Orderings_Obot__class_Obot(tc_fun(tc_Hoare__Mirabelle_Otriple(tc_Com_Ostate),tc_HOL_Obool)),hAPP(c_fequal,hAPP(c_Hoare__Mirabelle_OMGT,X1)))|~hBOOL(hAPP(c_Com_OWT,X1))), inference(rw,[status(thm)],[c_0_23, c_0_22])).
cnf(c_0_28,hypothesis,(c_Option_Ooption_ONone(tc_Com_Ocom)!=hAPP(c_Com_Obody,v_pn)), inference(er,[status(thm)],[c_0_24])).
cnf(c_0_29,plain,(hBOOL(hAPP(c_Com_OWT,hAPP(c_Com_Ocom_OBODY,X1)))|hAPP(c_Com_Obody,X1)=c_Option_Ooption_ONone(tc_Com_Ocom)), inference(split_conjunct,[status(thm)],[c_0_25])).
cnf(c_0_30,negated_conjecture,(~hBOOL(hAPP(c_Com_OWT,hAPP(c_Com_Ocom_OBODY,v_pn)))), inference(spm,[status(thm)],[c_0_26, c_0_27])).
cnf(c_0_31,hypothesis,(hBOOL(hAPP(c_Com_OWT,hAPP(c_Com_Ocom_OBODY,X1)))|hAPP(c_Com_Obody,X1)!=hAPP(c_Com_Obody,v_pn)), inference(spm,[status(thm)],[c_0_28, c_0_29])).
cnf(c_0_32,negated_conjecture,($false), inference(spm,[status(thm)],[c_0_30, c_0_31]), ['proof']).
# SZS output end CNFRefutation.
EOF
