% Problem    : SWV473+1 : TPTP v6.1.0. Released v4.0.0.
% Command    : eprover --auto-schedule --tstp-format -s --proof-object --memory-limit=2048 --cpu-limit=%d %s
% Computer   : n142.star.cs.uiowa.edu
% Model      : x86_64 x86_64
% CPU        : Intel(R) Xeon(R) CPU E5-2609 0 @ 2.40GHz
% Memory     : 32286.75MB
% OS         : Linux 2.6.32-431.20.3.el6.x86_64
% CPULimit   : 300
% DateTime   : Sun Jul 20 05:00:11 CDT 2014
% CPUTime    : 
# No SInE strategy applied
# Trying AutoSched0 for 151 seconds
# AutoSched0-Mode selected heuristic G_E___207_C18_F1_SE_CS_SP_PI_PS_S0Y
# and selection function SelectMaxLComplexAvoidPosPred.
#
# Presaturation interreduction done
# No success with AutoSched0
# Trying AutoSched1 for 73 seconds
# AutoSched1-Mode selected heuristic G_E___208_C18_F1_SE_CS_SP_PS_S2f
# and selection function SelectCQIAr.
#
# Presaturation interreduction done

# Proof found!
# SZS status Theorem
# SZS output start CNFRefutation.
fof(c_0_0, conjecture, (![X12]:![X13]:![X5]:![X6]:(((((((((((![X7]:![X14]:(elem(m_Ldr(X14),queue(host(X7)))=>~(leq(host(X7),host(X14))))&![X7]:![X14]:(elem(m_Down(X14),queue(host(X7)))=>host(X14)!=host(X7)))&![X7]:![X14]:(host(X14)=nbr_proc=>~(elem(m_NotNorm(X7),queue(host(X14))))))&![X7]:![X14]:((X14!=X7&host(X14)=host(X7))=>(~(setIn(X7,alive))|~(setIn(X14,alive)))))&![X7]:(((index(status,host(X7))=elec_1|index(status,host(X7))=elec_2)&setIn(X7,alive))=>index(elid,host(X7))=X7))&![X7]:![X15]:![X14]:(((((host(X14)!=host(X15)&setIn(X14,alive))&host(X14)=host(X7))&index(status,host(X14))=norm)&index(ldr,host(X14))=host(X15))=>~(elem(m_Down(X7),queue(host(X15))))))&![X7]:![X15]:![X14]:(((((host(X14)!=host(X15)&setIn(X14,alive))&host(X14)=host(X7))&index(status,host(X14))=wait)&host(index(elid,host(X14)))=host(X15))=>~(elem(m_Down(X7),queue(host(X15))))))&![X7]:![X16]:![X15]:![X14]:(((((host(X15)!=host(X7)&setIn(X7,alive))&setIn(X15,alive))&host(X16)=host(X7))&host(X14)=host(X15))=>~((elem(m_Down(X14),queue(host(X7)))&elem(m_Down(X16),queue(host(X15)))))))&![X7]:![X16]:![X15]:![X14]:(((((host(X15)!=host(X7)&setIn(X7,alive))&setIn(X15,alive))&host(X16)=host(X7))&host(X14)=host(X15))=>~((elem(m_Down(X14),queue(host(X7)))&setIn(host(X16),index(down,host(X15)))))))&![X7]:![X16]:![X15]:![X14]:(((((![X17]:((~(leq(host(X14),X17))&leq(s(zero),X17))=>(setIn(X17,index(down,host(X14)))|X17=host(X15)))&elem(m_Down(X15),queue(host(X14))))&host(X14)=nbr_proc)&host(X14)=host(X16))&index(status,host(X14))=elec_1)=>~((setIn(X7,alive)&elem(m_Down(X16),queue(host(X7)))))))&queue(host(X5))=cons(m_Ack(X13,X6),X12))=>(setIn(X5,alive)=>(~(((index(elid,host(X5))=X13&index(status,host(X5))=elec_2)&host(X6)=index(pendack,host(X5))))=>![X7]:(host(X5)!=host(X7)=>![X18]:![X19]:![X20]:(host(X5)=host(X20)=>(((((![X17]:((~(leq(host(X20),X17))&leq(s(zero),X17))=>(setIn(X17,index(down,host(X20)))|X17=host(X19)))&elem(m_Down(X19),X12))&host(X20)=host(X18))&host(X20)=nbr_proc)&index(status,host(X20))=elec_1)=>~((setIn(X7,alive)&elem(m_Down(X18),queue(host(X7)))))))))))), file('/export/starexec/sandbox/benchmark/theBenchmark.p', conj)).
fof(c_0_1, axiom, (![X5]:![X6]:![X4]:(elem(X5,cons(X6,X4))<=>(X5=X6|elem(X5,X4)))), file('/export/starexec/sandbox/benchmark/Axioms/SWV011+0.ax', axiom_46)).
fof(c_0_2, axiom, (![X3]:leq(s(zero),host(X3))), file('/export/starexec/sandbox/benchmark/Axioms/SWV011+0.ax', axiom_02)).
fof(c_0_3, axiom, (![X5]:![X6]:((leq(X5,X6)&leq(X6,X5))<=>X5=X6)), file('/export/starexec/sandbox/benchmark/Axioms/SWV011+0.ax', axiom_61)).
fof(c_0_4, axiom, (![X3]:leq(host(X3),nbr_proc)), file('/export/starexec/sandbox/benchmark/Axioms/SWV011+0.ax', axiom_04)).
fof(c_0_5, plain, (![X13]:![X12]:![X6]:![X5]:(epred1_4(X5,X6,X12,X13)<=>((((((((((![X7]:![X14]:(elem(m_Ldr(X14),queue(host(X7)))=>~leq(host(X7),host(X14)))&![X7]:![X14]:(elem(m_Down(X14),queue(host(X7)))=>host(X14)!=host(X7)))&![X7]:![X14]:(host(X14)=nbr_proc=>~elem(m_NotNorm(X7),queue(host(X14)))))&![X7]:![X14]:((X14!=X7&host(X14)=host(X7))=>(~setIn(X7,alive)|~setIn(X14,alive))))&![X7]:(((index(status,host(X7))=elec_1|index(status,host(X7))=elec_2)&setIn(X7,alive))=>index(elid,host(X7))=X7))&![X7]:![X15]:![X14]:(((((host(X14)!=host(X15)&setIn(X14,alive))&host(X14)=host(X7))&index(status,host(X14))=norm)&index(ldr,host(X14))=host(X15))=>~elem(m_Down(X7),queue(host(X15)))))&![X7]:![X15]:![X14]:(((((host(X14)!=host(X15)&setIn(X14,alive))&host(X14)=host(X7))&index(status,host(X14))=wait)&host(index(elid,host(X14)))=host(X15))=>~elem(m_Down(X7),queue(host(X15)))))&![X7]:![X16]:![X15]:![X14]:(((((host(X15)!=host(X7)&setIn(X7,alive))&setIn(X15,alive))&host(X16)=host(X7))&host(X14)=host(X15))=>~((elem(m_Down(X14),queue(host(X7)))&elem(m_Down(X16),queue(host(X15)))))))&![X7]:![X16]:![X15]:![X14]:(((((host(X15)!=host(X7)&setIn(X7,alive))&setIn(X15,alive))&host(X16)=host(X7))&host(X14)=host(X15))=>~((elem(m_Down(X14),queue(host(X7)))&setIn(host(X16),index(down,host(X15)))))))&![X7]:![X16]:![X15]:![X14]:(((((![X17]:((~leq(host(X14),X17)&leq(s(zero),X17))=>(setIn(X17,index(down,host(X14)))|X17=host(X15)))&elem(m_Down(X15),queue(host(X14))))&host(X14)=nbr_proc)&host(X14)=host(X16))&index(status,host(X14))=elec_1)=>~((setIn(X7,alive)&elem(m_Down(X16),queue(host(X7)))))))&queue(host(X5))=cons(m_Ack(X13,X6),X12)))), introduced(definition)).
fof(c_0_6, negated_conjecture, (~(![X12]:![X13]:![X5]:![X6]:(epred1_4(X5,X6,X12,X13)=>(setIn(X5,alive)=>(~(((index(elid,host(X5))=X13&index(status,host(X5))=elec_2)&host(X6)=index(pendack,host(X5))))=>![X7]:(host(X5)!=host(X7)=>![X18]:![X19]:![X20]:(host(X5)=host(X20)=>(((((![X17]:((~leq(host(X20),X17)&leq(s(zero),X17))=>(setIn(X17,index(down,host(X20)))|X17=host(X19)))&elem(m_Down(X19),X12))&host(X20)=host(X18))&host(X20)=nbr_proc)&index(status,host(X20))=elec_1)=>~((setIn(X7,alive)&elem(m_Down(X18),queue(host(X7))))))))))))), inference(apply_def,[status(thm)],[inference(fof_simplification,[status(thm)],[inference(assume_negation,[status(cth)],[c_0_0])]), c_0_5])).
fof(c_0_7, plain, (![X13]:![X12]:![X6]:![X5]:(epred1_4(X5,X6,X12,X13)=>((((((((((![X7]:![X14]:(elem(m_Ldr(X14),queue(host(X7)))=>~leq(host(X7),host(X14)))&![X7]:![X14]:(elem(m_Down(X14),queue(host(X7)))=>host(X14)!=host(X7)))&![X7]:![X14]:(host(X14)=nbr_proc=>~elem(m_NotNorm(X7),queue(host(X14)))))&![X7]:![X14]:((X14!=X7&host(X14)=host(X7))=>(~setIn(X7,alive)|~setIn(X14,alive))))&![X7]:(((index(status,host(X7))=elec_1|index(status,host(X7))=elec_2)&setIn(X7,alive))=>index(elid,host(X7))=X7))&![X7]:![X15]:![X14]:(((((host(X14)!=host(X15)&setIn(X14,alive))&host(X14)=host(X7))&index(status,host(X14))=norm)&index(ldr,host(X14))=host(X15))=>~elem(m_Down(X7),queue(host(X15)))))&![X7]:![X15]:![X14]:(((((host(X14)!=host(X15)&setIn(X14,alive))&host(X14)=host(X7))&index(status,host(X14))=wait)&host(index(elid,host(X14)))=host(X15))=>~elem(m_Down(X7),queue(host(X15)))))&![X7]:![X16]:![X15]:![X14]:(((((host(X15)!=host(X7)&setIn(X7,alive))&setIn(X15,alive))&host(X16)=host(X7))&host(X14)=host(X15))=>~((elem(m_Down(X14),queue(host(X7)))&elem(m_Down(X16),queue(host(X15)))))))&![X7]:![X16]:![X15]:![X14]:(((((host(X15)!=host(X7)&setIn(X7,alive))&setIn(X15,alive))&host(X16)=host(X7))&host(X14)=host(X15))=>~((elem(m_Down(X14),queue(host(X7)))&setIn(host(X16),index(down,host(X15)))))))&![X7]:![X16]:![X15]:![X14]:(((((![X17]:((~leq(host(X14),X17)&leq(s(zero),X17))=>(setIn(X17,index(down,host(X14)))|X17=host(X15)))&elem(m_Down(X15),queue(host(X14))))&host(X14)=nbr_proc)&host(X14)=host(X16))&index(status,host(X14))=elec_1)=>~((setIn(X7,alive)&elem(m_Down(X16),queue(host(X7)))))))&queue(host(X5))=cons(m_Ack(X13,X6),X12)))), inference(split_equiv,[status(thm)],[c_0_5])).
fof(c_0_8, negated_conjecture, (![X29]:(epred1_4(esk7_0,esk8_0,esk5_0,esk6_0)&(setIn(esk7_0,alive)&(((index(elid,host(esk7_0))!=esk6_0|index(status,host(esk7_0))!=elec_2)|host(esk8_0)!=index(pendack,host(esk7_0)))&(host(esk7_0)!=host(esk9_0)&(host(esk7_0)=host(esk12_0)&(((((((leq(host(esk12_0),X29)|~leq(s(zero),X29))|(setIn(X29,index(down,host(esk12_0)))|X29=host(esk11_0)))&elem(m_Down(esk11_0),esk5_0))&host(esk12_0)=host(esk10_0))&host(esk12_0)=nbr_proc)&index(status,host(esk12_0))=elec_1)&(setIn(esk9_0,alive)&elem(m_Down(esk10_0),queue(host(esk9_0))))))))))), inference(shift_quantors,[status(thm)],[inference(skolemize,[status(esa)],[inference(variable_rename,[status(thm)],[inference(fof_nnf,[status(thm)],[c_0_6])])])])).
fof(c_0_9, plain, (![X18]:![X19]:![X20]:![X21]:![X22]:![X23]:![X24]:![X25]:![X26]:![X27]:![X28]:![X29]:![X30]:![X31]:![X32]:![X33]:![X34]:![X35]:![X36]:![X37]:![X38]:![X39]:![X40]:![X41]:![X42]:![X43]:![X44]:![X45]:![X46]:![X47]:![X48]:((((((((((((~elem(m_Ldr(X23),queue(host(X22)))|~leq(host(X22),host(X23)))|~epred1_4(X21,X20,X19,X18))&((~elem(m_Down(X25),queue(host(X24)))|host(X25)!=host(X24))|~epred1_4(X21,X20,X19,X18)))&((host(X27)!=nbr_proc|~elem(m_NotNorm(X26),queue(host(X27))))|~epred1_4(X21,X20,X19,X18)))&(((X29=X28|host(X29)!=host(X28))|(~setIn(X28,alive)|~setIn(X29,alive)))|~epred1_4(X21,X20,X19,X18)))&((((index(status,host(X30))!=elec_1|~setIn(X30,alive))|index(elid,host(X30))=X30)|~epred1_4(X21,X20,X19,X18))&(((index(status,host(X30))!=elec_2|~setIn(X30,alive))|index(elid,host(X30))=X30)|~epred1_4(X21,X20,X19,X18))))&((((((host(X33)=host(X32)|~setIn(X33,alive))|host(X33)!=host(X31))|index(status,host(X33))!=norm)|index(ldr,host(X33))!=host(X32))|~elem(m_Down(X31),queue(host(X32))))|~epred1_4(X21,X20,X19,X18)))&((((((host(X36)=host(X35)|~setIn(X36,alive))|host(X36)!=host(X34))|index(status,host(X36))!=wait)|host(index(elid,host(X36)))!=host(X35))|~elem(m_Down(X34),queue(host(X35))))|~epred1_4(X21,X20,X19,X18)))&((((((host(X39)=host(X37)|~setIn(X37,alive))|~setIn(X39,alive))|host(X38)!=host(X37))|host(X40)!=host(X39))|(~elem(m_Down(X40),queue(host(X37)))|~elem(m_Down(X38),queue(host(X39)))))|~epred1_4(X21,X20,X19,X18)))&((((((host(X43)=host(X41)|~setIn(X41,alive))|~setIn(X43,alive))|host(X42)!=host(X41))|host(X44)!=host(X43))|(~elem(m_Down(X44),queue(host(X41)))|~setIn(host(X42),index(down,host(X43)))))|~epred1_4(X21,X20,X19,X18)))&((((((((~leq(host(X48),esk13_8(X18,X19,X20,X21,X45,X46,X47,X48))|~elem(m_Down(X47),queue(host(X48))))|host(X48)!=nbr_proc)|host(X48)!=host(X46))|index(status,host(X48))!=elec_1)|(~setIn(X45,alive)|~elem(m_Down(X46),queue(host(X45)))))|~epred1_4(X21,X20,X19,X18))&((((((leq(s(zero),esk13_8(X18,X19,X20,X21,X45,X46,X47,X48))|~elem(m_Down(X47),queue(host(X48))))|host(X48)!=nbr_proc)|host(X48)!=host(X46))|index(status,host(X48))!=elec_1)|(~setIn(X45,alive)|~elem(m_Down(X46),queue(host(X45)))))|~epred1_4(X21,X20,X19,X18)))&(((((((~setIn(esk13_8(X18,X19,X20,X21,X45,X46,X47,X48),index(down,host(X48)))|~elem(m_Down(X47),queue(host(X48))))|host(X48)!=nbr_proc)|host(X48)!=host(X46))|index(status,host(X48))!=elec_1)|(~setIn(X45,alive)|~elem(m_Down(X46),queue(host(X45)))))|~epred1_4(X21,X20,X19,X18))&((((((esk13_8(X18,X19,X20,X21,X45,X46,X47,X48)!=host(X47)|~elem(m_Down(X47),queue(host(X48))))|host(X48)!=nbr_proc)|host(X48)!=host(X46))|index(status,host(X48))!=elec_1)|(~setIn(X45,alive)|~elem(m_Down(X46),queue(host(X45)))))|~epred1_4(X21,X20,X19,X18)))))&(queue(host(X21))=cons(m_Ack(X18,X20),X19)|~epred1_4(X21,X20,X19,X18)))), inference(distribute,[status(thm)],[inference(shift_quantors,[status(thm)],[inference(skolemize,[status(esa)],[inference(variable_rename,[status(thm)],[inference(shift_quantors,[status(thm)],[inference(fof_nnf,[status(thm)],[c_0_7])])])])])])).
cnf(c_0_10,negated_conjecture,(host(esk12_0)=host(esk10_0)), inference(split_conjunct,[status(thm)],[c_0_8])).
cnf(c_0_11,negated_conjecture,(host(esk12_0)=nbr_proc), inference(split_conjunct,[status(thm)],[c_0_8])).
cnf(c_0_12,negated_conjecture,(host(esk7_0)=host(esk12_0)), inference(split_conjunct,[status(thm)],[c_0_8])).
fof(c_0_13, plain, (![X7]:![X8]:![X9]:![X10]:![X11]:![X12]:((~elem(X7,cons(X8,X9))|(X7=X8|elem(X7,X9)))&((X10!=X11|elem(X10,cons(X11,X12)))&(~elem(X10,X12)|elem(X10,cons(X11,X12)))))), inference(distribute,[status(thm)],[inference(shift_quantors,[status(thm)],[inference(variable_rename,[status(thm)],[inference(shift_quantors,[status(thm)],[inference(fof_nnf,[status(thm)],[c_0_1])])])])])).
cnf(c_0_14,plain,(host(X6)=host(X8)|~epred1_4(X1,X2,X3,X4)|~setIn(host(X5),index(down,host(X6)))|~elem(m_Down(X7),queue(host(X8)))|host(X7)!=host(X6)|host(X5)!=host(X8)|~setIn(X6,alive)|~setIn(X8,alive)), inference(split_conjunct,[status(thm)],[c_0_9])).
cnf(c_0_15,negated_conjecture,(elem(m_Down(esk10_0),queue(host(esk9_0)))), inference(split_conjunct,[status(thm)],[c_0_8])).
cnf(c_0_16,negated_conjecture,(host(esk10_0)=nbr_proc), inference(rw,[status(thm)],[c_0_10, c_0_11])).
cnf(c_0_17,negated_conjecture,(setIn(esk9_0,alive)), inference(split_conjunct,[status(thm)],[c_0_8])).
cnf(c_0_18,negated_conjecture,(host(esk7_0)!=host(esk9_0)), inference(split_conjunct,[status(thm)],[c_0_8])).
cnf(c_0_19,negated_conjecture,(host(esk7_0)=nbr_proc), inference(rw,[status(thm)],[c_0_12, c_0_11])).
cnf(c_0_20,plain,(host(X6)=host(X8)|~epred1_4(X1,X2,X3,X4)|~elem(m_Down(X5),queue(host(X6)))|~elem(m_Down(X7),queue(host(X8)))|host(X7)!=host(X6)|host(X5)!=host(X8)|~setIn(X6,alive)|~setIn(X8,alive)), inference(split_conjunct,[status(thm)],[c_0_9])).
cnf(c_0_21,plain,(elem(X1,cons(X2,X3))|~elem(X1,X3)), inference(split_conjunct,[status(thm)],[c_0_13])).
cnf(c_0_22,negated_conjecture,(elem(m_Down(esk11_0),esk5_0)), inference(split_conjunct,[status(thm)],[c_0_8])).
cnf(c_0_23,plain,(queue(host(X1))=cons(m_Ack(X4,X2),X3)|~epred1_4(X1,X2,X3,X4)), inference(split_conjunct,[status(thm)],[c_0_9])).
cnf(c_0_24,negated_conjecture,(epred1_4(esk7_0,esk8_0,esk5_0,esk6_0)), inference(split_conjunct,[status(thm)],[c_0_8])).
cnf(c_0_25,negated_conjecture,(host(X1)=host(esk9_0)|host(X2)!=host(esk9_0)|host(X1)!=nbr_proc|~epred1_4(X3,X4,X5,X6)|~setIn(host(X2),index(down,host(X1)))|~setIn(X1,alive)), inference(cn,[status(thm)],[inference(rw,[status(thm)],[inference(rw,[status(thm)],[inference(spm,[status(thm)],[c_0_14, c_0_15]), c_0_16]), c_0_17])])).
cnf(c_0_26,negated_conjecture,(setIn(esk7_0,alive)), inference(split_conjunct,[status(thm)],[c_0_8])).
cnf(c_0_27,negated_conjecture,(host(esk9_0)!=nbr_proc), inference(rw,[status(thm)],[c_0_18, c_0_19])).
cnf(c_0_28,negated_conjecture,(X1=host(esk11_0)|setIn(X1,index(down,host(esk12_0)))|leq(host(esk12_0),X1)|~leq(s(zero),X1)), inference(split_conjunct,[status(thm)],[c_0_8])).
fof(c_0_29, plain, (![X4]:leq(s(zero),host(X4))), inference(variable_rename,[status(thm)],[c_0_2])).
cnf(c_0_30,negated_conjecture,(host(X1)=host(esk9_0)|host(X2)!=host(esk9_0)|host(X1)!=nbr_proc|~epred1_4(X3,X4,X5,X6)|~setIn(X1,alive)|~elem(m_Down(X2),queue(host(X1)))), inference(cn,[status(thm)],[inference(rw,[status(thm)],[inference(rw,[status(thm)],[inference(spm,[status(thm)],[c_0_20, c_0_15]), c_0_16]), c_0_17])])).
cnf(c_0_31,negated_conjecture,(elem(m_Down(esk11_0),cons(X1,esk5_0))), inference(spm,[status(thm)],[c_0_21, c_0_22])).
cnf(c_0_32,negated_conjecture,(cons(m_Ack(esk6_0,esk8_0),esk5_0)=queue(nbr_proc)), inference(rw,[status(thm)],[inference(spm,[status(thm)],[c_0_23, c_0_24]), c_0_19])).
cnf(c_0_33,negated_conjecture,(host(X1)!=host(esk9_0)|~epred1_4(X2,X3,X4,X5)|~setIn(host(X1),index(down,nbr_proc))), inference(sr,[status(thm)],[inference(cn,[status(thm)],[inference(rw,[status(thm)],[inference(spm,[status(thm)],[c_0_25, c_0_19]), c_0_26])]), c_0_27])).
cnf(c_0_34,negated_conjecture,(host(esk11_0)=X1|leq(nbr_proc,X1)|setIn(X1,index(down,nbr_proc))|~leq(s(zero),X1)), inference(rw,[status(thm)],[inference(rw,[status(thm)],[c_0_28, c_0_11]), c_0_11])).
cnf(c_0_35,plain,(leq(s(zero),host(X1))), inference(split_conjunct,[status(thm)],[c_0_29])).
cnf(c_0_36,negated_conjecture,(host(X1)!=host(esk9_0)|~epred1_4(X2,X3,X4,X5)|~elem(m_Down(X1),queue(nbr_proc))), inference(sr,[status(thm)],[inference(cn,[status(thm)],[inference(rw,[status(thm)],[inference(spm,[status(thm)],[c_0_30, c_0_19]), c_0_26])]), c_0_27])).
cnf(c_0_37,negated_conjecture,(elem(m_Down(esk11_0),queue(nbr_proc))), inference(spm,[status(thm)],[c_0_31, c_0_32])).
cnf(c_0_38,negated_conjecture,(~epred1_4(X1,X2,X3,X4)|~setIn(host(esk9_0),index(down,nbr_proc))), inference(er,[status(thm)],[c_0_33])).
cnf(c_0_39,negated_conjecture,(host(esk11_0)=host(X1)|leq(nbr_proc,host(X1))|setIn(host(X1),index(down,nbr_proc))), inference(spm,[status(thm)],[c_0_34, c_0_35])).
cnf(c_0_40,negated_conjecture,(host(esk11_0)!=host(esk9_0)|~epred1_4(X1,X2,X3,X4)), inference(spm,[status(thm)],[c_0_36, c_0_37])).
fof(c_0_41, plain, (![X7]:![X8]:![X9]:![X10]:(((~leq(X7,X8)|~leq(X8,X7))|X7=X8)&((leq(X9,X10)|X9!=X10)&(leq(X10,X9)|X9!=X10)))), inference(distribute,[status(thm)],[inference(shift_quantors,[status(thm)],[inference(variable_rename,[status(thm)],[inference(shift_quantors,[status(thm)],[inference(fof_nnf,[status(thm)],[c_0_3])])])])])).
cnf(c_0_42,negated_conjecture,(leq(nbr_proc,host(esk9_0))|~epred1_4(X1,X2,X3,X4)), inference(csr,[status(thm)],[inference(spm,[status(thm)],[c_0_38, c_0_39]), c_0_40])).
fof(c_0_43, plain, (![X4]:leq(host(X4),nbr_proc)), inference(variable_rename,[status(thm)],[c_0_4])).
cnf(c_0_44,plain,(X1=X2|~leq(X2,X1)|~leq(X1,X2)), inference(split_conjunct,[status(thm)],[c_0_41])).
cnf(c_0_45,negated_conjecture,(leq(nbr_proc,host(esk9_0))), inference(spm,[status(thm)],[c_0_42, c_0_24])).
cnf(c_0_46,plain,(leq(host(X1),nbr_proc)), inference(split_conjunct,[status(thm)],[c_0_43])).
cnf(c_0_47,negated_conjecture,($false), inference(sr,[status(thm)],[inference(cn,[status(thm)],[inference(rw,[status(thm)],[inference(spm,[status(thm)],[c_0_44, c_0_45]), c_0_46])]), c_0_27]), ['proof']).
# SZS output end CNFRefutation.
EOF
