% Problem    : LCL889+1 : TPTP v6.1.0. Released v5.5.0.
% Command    : eprover --auto-schedule --tstp-format -s --proof-object --memory-limit=2048 --cpu-limit=%d %s
% Computer   : n138.star.cs.uiowa.edu
% Model      : x86_64 x86_64
% CPU        : Intel(R) Xeon(R) CPU E5-2609 0 @ 2.40GHz
% Memory     : 32286.75MB
% OS         : Linux 2.6.32-431.20.3.el6.x86_64
% CPULimit   : 300
% DateTime   : Sun Jul 20 06:42:21 CDT 2014
% CPUTime    : 
# No SInE strategy applied
# Trying AutoSched0 for 151 seconds
# AutoSched0-Mode selected heuristic H_____047_C45_F1_AE_R8_CS_SP_S2S
# and selection function SelectNewComplexAHP.
#

# Proof found!
# SZS status Theorem
# SZS output start CNFRefutation.
fof(c_0_0, axiom, (![X9]:![X10]:![X11]:('>='('+'(X9,X10),X11)<=>'>='(X10,'==>'(X9,X11)))), file('/export/starexec/sandbox/benchmark/theBenchmark.p', sos_07)).
fof(c_0_1, axiom, (![X1]:'+'(X1,'0')=X1), file('/export/starexec/sandbox/benchmark/theBenchmark.p', sos_03)).
fof(c_0_2, axiom, (![X1]:'>='(X1,X1)), file('/export/starexec/sandbox/benchmark/theBenchmark.p', sos_04)).
fof(c_0_3, axiom, (![X7]:![X8]:(('>='(X7,X8)&'>='(X8,X7))=>X7=X8)), file('/export/starexec/sandbox/benchmark/theBenchmark.p', sos_06)).
fof(c_0_4, axiom, (![X1]:'>='(X1,'0')), file('/export/starexec/sandbox/benchmark/theBenchmark.p', sos_08)).
fof(c_0_5, axiom, (![X1]:![X2]:'+'(X1,X2)='+'(X2,X1)), file('/export/starexec/sandbox/benchmark/theBenchmark.p', sos_02)).
fof(c_0_6, axiom, (![X18]:![X19]:![X20]:('>='(X18,X19)=>'>='('==>'(X20,X18),'==>'(X20,X19)))), file('/export/starexec/sandbox/benchmark/theBenchmark.p', sos_11)).
fof(c_0_7, conjecture, (![X21]:![X22]:![X23]:(('>='(X21,'==>'(X21,X22))&X23='==>'(X23,X22))=>'>='(X21,X23))), file('/export/starexec/sandbox/benchmark/theBenchmark.p', goals_13)).
fof(c_0_8, axiom, (![X1]:![X2]:![X3]:'+'('+'(X1,X2),X3)='+'(X1,'+'(X2,X3))), file('/export/starexec/sandbox/benchmark/theBenchmark.p', sos_01)).
fof(c_0_9, axiom, (![X1]:![X2]:'+'(X1,'==>'(X1,X2))='+'(X2,'==>'(X2,X1))), file('/export/starexec/sandbox/benchmark/theBenchmark.p', sos_12)).
fof(c_0_10, axiom, (![X4]:![X5]:![X6]:(('>='(X4,X5)&'>='(X5,X6))=>'>='(X4,X6))), file('/export/starexec/sandbox/benchmark/theBenchmark.p', sos_05)).
fof(c_0_11, axiom, (![X15]:![X16]:![X17]:('>='(X15,X16)=>'>='('==>'(X16,X17),'==>'(X15,X17)))), file('/export/starexec/sandbox/benchmark/theBenchmark.p', sos_10)).
fof(c_0_12, axiom, (![X12]:![X13]:![X14]:('>='(X12,X13)=>'>='('+'(X12,X14),'+'(X13,X14)))), file('/export/starexec/sandbox/benchmark/theBenchmark.p', sos_09)).
fof(c_0_13, plain, (![X12]:![X13]:![X14]:![X15]:![X16]:![X17]:((~'>='('+'(X12,X13),X14)|'>='(X13,'==>'(X12,X14)))&(~'>='(X16,'==>'(X15,X17))|'>='('+'(X15,X16),X17)))), inference(shift_quantors,[status(thm)],[inference(variable_rename,[status(thm)],[inference(shift_quantors,[status(thm)],[inference(fof_nnf,[status(thm)],[c_0_0])])])])).
fof(c_0_14, plain, (![X2]:'+'(X2,'0')=X2), inference(variable_rename,[status(thm)],[c_0_1])).
cnf(c_0_15,plain,('>='(X1,'==>'(X2,X3))|~'>='('+'(X2,X1),X3)), inference(split_conjunct,[status(thm)],[c_0_13])).
cnf(c_0_16,plain,('+'(X1,'0')=X1), inference(split_conjunct,[status(thm)],[c_0_14])).
fof(c_0_17, plain, (![X2]:'>='(X2,X2)), inference(variable_rename,[status(thm)],[c_0_2])).
fof(c_0_18, plain, (![X9]:![X10]:((~'>='(X9,X10)|~'>='(X10,X9))|X9=X10)), inference(variable_rename,[status(thm)],[inference(fof_nnf,[status(thm)],[c_0_3])])).
cnf(c_0_19,plain,('>='('0','==>'(X1,X2))|~'>='(X1,X2)), inference(spm,[status(thm)],[c_0_15, c_0_16])).
cnf(c_0_20,plain,('>='(X1,X1)), inference(split_conjunct,[status(thm)],[c_0_17])).
fof(c_0_21, plain, (![X2]:'>='(X2,'0')), inference(variable_rename,[status(thm)],[c_0_4])).
cnf(c_0_22,plain,(X1=X2|~'>='(X2,X1)|~'>='(X1,X2)), inference(split_conjunct,[status(thm)],[c_0_18])).
cnf(c_0_23,plain,('>='('0','==>'(X1,X1))), inference(spm,[status(thm)],[c_0_19, c_0_20])).
cnf(c_0_24,plain,('>='(X1,'0')), inference(split_conjunct,[status(thm)],[c_0_21])).
cnf(c_0_25,plain,('>='('+'(X1,X2),X3)|~'>='(X2,'==>'(X1,X3))), inference(split_conjunct,[status(thm)],[c_0_13])).
cnf(c_0_26,plain,('==>'(X1,X1)='0'), inference(cn,[status(thm)],[inference(rw,[status(thm)],[inference(spm,[status(thm)],[c_0_22, c_0_23]), c_0_24])])).
fof(c_0_27, plain, (![X3]:![X4]:'+'(X3,X4)='+'(X4,X3)), inference(variable_rename,[status(thm)],[c_0_5])).
fof(c_0_28, plain, (![X21]:![X22]:![X23]:(~'>='(X21,X22)|'>='('==>'(X23,X21),'==>'(X23,X22)))), inference(shift_quantors,[status(thm)],[inference(variable_rename,[status(thm)],[inference(shift_quantors,[status(thm)],[inference(fof_nnf,[status(thm)],[c_0_6])])])])).
fof(c_0_29, negated_conjecture, (~(![X21]:![X22]:![X23]:(('>='(X21,'==>'(X21,X22))&X23='==>'(X23,X22))=>'>='(X21,X23)))), inference(assume_negation,[status(cth)],[c_0_7])).
cnf(c_0_30,plain,('>='('+'(X1,X2),X1)), inference(cn,[status(thm)],[inference(rw,[status(thm)],[inference(spm,[status(thm)],[c_0_25, c_0_26]), c_0_24])])).
cnf(c_0_31,plain,('+'(X1,X2)='+'(X2,X1)), inference(split_conjunct,[status(thm)],[c_0_27])).
cnf(c_0_32,plain,('>='('==>'(X1,X2),'==>'(X1,X3))|~'>='(X2,X3)), inference(split_conjunct,[status(thm)],[c_0_28])).
fof(c_0_33, negated_conjecture, ((('>='(esk1_0,'==>'(esk1_0,esk2_0))&esk3_0='==>'(esk3_0,esk2_0))&~'>='(esk1_0,esk3_0))), inference(skolemize,[status(esa)],[inference(variable_rename,[status(thm)],[inference(fof_nnf,[status(thm)],[c_0_29])])])).
fof(c_0_34, plain, (![X4]:![X5]:![X6]:'+'('+'(X4,X5),X6)='+'(X4,'+'(X5,X6))), inference(variable_rename,[status(thm)],[c_0_8])).
fof(c_0_35, plain, (![X3]:![X4]:'+'(X3,'==>'(X3,X4))='+'(X4,'==>'(X4,X3))), inference(variable_rename,[status(thm)],[c_0_9])).
cnf(c_0_36,plain,('>='('+'(X1,X2),X2)), inference(spm,[status(thm)],[c_0_30, c_0_31])).
fof(c_0_37, plain, (![X7]:![X8]:![X9]:((~'>='(X7,X8)|~'>='(X8,X9))|'>='(X7,X9))), inference(variable_rename,[status(thm)],[inference(fof_nnf,[status(thm)],[c_0_10])])).
cnf(c_0_38,plain,('>='('==>'(X1,'+'(X2,X3)),'==>'(X1,X2))), inference(spm,[status(thm)],[c_0_32, c_0_30])).
cnf(c_0_39,negated_conjecture,(esk3_0='==>'(esk3_0,esk2_0)), inference(split_conjunct,[status(thm)],[c_0_33])).
cnf(c_0_40,plain,('+'('+'(X1,X2),X3)='+'(X1,'+'(X2,X3))), inference(split_conjunct,[status(thm)],[c_0_34])).
cnf(c_0_41,plain,('+'(X1,'==>'(X1,X2))='+'(X2,'==>'(X2,X1))), inference(split_conjunct,[status(thm)],[c_0_35])).
cnf(c_0_42,plain,('>='(X1,'==>'(X2,X1))), inference(spm,[status(thm)],[c_0_15, c_0_36])).
cnf(c_0_43,plain,('>='('+'(X1,'==>'(X1,X2)),X2)), inference(spm,[status(thm)],[c_0_25, c_0_20])).
cnf(c_0_44,plain,('>='(X1,X2)|~'>='(X3,X2)|~'>='(X1,X3)), inference(split_conjunct,[status(thm)],[c_0_37])).
cnf(c_0_45,negated_conjecture,('>='('==>'(esk3_0,'+'(esk2_0,X1)),esk3_0)), inference(spm,[status(thm)],[c_0_38, c_0_39])).
cnf(c_0_46,plain,('>='(X1,'==>'(X2,'+'(X2,X1)))), inference(spm,[status(thm)],[c_0_15, c_0_20])).
cnf(c_0_47,plain,('+'(X1,'==>'(X1,'+'(X2,X3)))='+'(X2,'+'(X3,'==>'('+'(X2,X3),X1)))), inference(spm,[status(thm)],[c_0_40, c_0_41])).
fof(c_0_48, plain, (![X18]:![X19]:![X20]:(~'>='(X18,X19)|'>='('==>'(X19,X20),'==>'(X18,X20)))), inference(shift_quantors,[status(thm)],[inference(variable_rename,[status(thm)],[inference(shift_quantors,[status(thm)],[inference(fof_nnf,[status(thm)],[c_0_11])])])])).
fof(c_0_49, plain, (![X15]:![X16]:![X17]:(~'>='(X15,X16)|'>='('+'(X15,X17),'+'(X16,X17)))), inference(shift_quantors,[status(thm)],[inference(variable_rename,[status(thm)],[inference(shift_quantors,[status(thm)],[inference(fof_nnf,[status(thm)],[c_0_12])])])])).
cnf(c_0_50,negated_conjecture,('>='(esk2_0,esk3_0)), inference(spm,[status(thm)],[c_0_42, c_0_39])).
cnf(c_0_51,plain,('>='(X1,'==>'('+'(X2,X3),X4))|~'>='('+'(X2,'+'(X3,X1)),X4)), inference(spm,[status(thm)],[c_0_15, c_0_40])).
cnf(c_0_52,plain,('>='('+'(X1,'+'(X2,'==>'(X2,'==>'(X1,X3)))),X3)), inference(spm,[status(thm)],[c_0_25, c_0_43])).
cnf(c_0_53,negated_conjecture,('>='(X1,esk3_0)|~'>='(X1,'==>'(esk3_0,'+'(esk2_0,X2)))), inference(spm,[status(thm)],[c_0_44, c_0_45])).
cnf(c_0_54,plain,('>='('+'(X1,'==>'('+'(X2,X1),X3)),'==>'(X2,'+'(X3,'==>'(X3,'+'(X2,X1)))))), inference(spm,[status(thm)],[c_0_46, c_0_47])).
cnf(c_0_55,negated_conjecture,('>='(esk1_0,'==>'(esk1_0,esk2_0))), inference(split_conjunct,[status(thm)],[c_0_33])).
cnf(c_0_56,plain,('>='('==>'(X1,X2),'==>'(X3,X2))|~'>='(X3,X1)), inference(split_conjunct,[status(thm)],[c_0_48])).
cnf(c_0_57,plain,('>='('+'(X1,X2),'+'(X3,X2))|~'>='(X1,X3)), inference(split_conjunct,[status(thm)],[c_0_49])).
cnf(c_0_58,negated_conjecture,('>='('0','==>'(esk2_0,esk3_0))), inference(spm,[status(thm)],[c_0_19, c_0_50])).
cnf(c_0_59,plain,('>='('==>'(X1,'==>'(X2,X3)),'==>'('+'(X2,X1),X3))), inference(spm,[status(thm)],[c_0_51, c_0_52])).
cnf(c_0_60,negated_conjecture,('>='('+'(X1,'==>'('+'(esk3_0,X1),esk2_0)),esk3_0)), inference(spm,[status(thm)],[c_0_53, c_0_54])).
cnf(c_0_61,negated_conjecture,('>='(X1,'==>'(esk1_0,esk2_0))|~'>='(X1,esk1_0)), inference(spm,[status(thm)],[c_0_44, c_0_55])).
cnf(c_0_62,plain,('>='('==>'('==>'(X1,X2),X3),'==>'(X2,X3))), inference(spm,[status(thm)],[c_0_56, c_0_42])).
cnf(c_0_63,plain,('>='('+'(X1,'+'('==>'(X1,X2),X3)),'+'(X2,X3))), inference(rw,[status(thm)],[inference(spm,[status(thm)],[c_0_57, c_0_43]), c_0_40])).
cnf(c_0_64,negated_conjecture,('==>'(esk2_0,esk3_0)='0'), inference(cn,[status(thm)],[inference(rw,[status(thm)],[inference(spm,[status(thm)],[c_0_22, c_0_58]), c_0_24])])).
cnf(c_0_65,negated_conjecture,('>='('==>'(X1,esk3_0),'==>'('+'(esk3_0,X1),esk2_0))), inference(spm,[status(thm)],[c_0_59, c_0_39])).
cnf(c_0_66,negated_conjecture,('>='('==>'('+'(esk3_0,X1),esk2_0),'==>'(X1,esk3_0))), inference(spm,[status(thm)],[c_0_15, c_0_60])).
cnf(c_0_67,negated_conjecture,('>='('+'(X1,esk1_0),'==>'(esk1_0,esk2_0))), inference(spm,[status(thm)],[c_0_61, c_0_36])).
cnf(c_0_68,negated_conjecture,('>='('==>'('==>'(X1,esk3_0),esk2_0),esk3_0)), inference(spm,[status(thm)],[c_0_62, c_0_39])).
cnf(c_0_69,plain,('>='('+'('==>'(X1,X2),X3),'==>'(X1,'+'(X2,X3)))), inference(spm,[status(thm)],[c_0_15, c_0_63])).
cnf(c_0_70,negated_conjecture,('+'(esk3_0,esk3_0)=esk2_0), inference(rw,[status(thm)],[inference(rw,[status(thm)],[inference(spm,[status(thm)],[c_0_41, c_0_64]), c_0_16]), c_0_39])).
cnf(c_0_71,negated_conjecture,('==>'('+'(esk3_0,X1),esk2_0)='==>'(X1,esk3_0)), inference(cn,[status(thm)],[inference(rw,[status(thm)],[inference(spm,[status(thm)],[c_0_22, c_0_65]), c_0_66])])).
cnf(c_0_72,negated_conjecture,('>='('+'(esk1_0,'+'(X1,esk1_0)),esk2_0)), inference(spm,[status(thm)],[c_0_25, c_0_67])).
cnf(c_0_73,plain,('+'(X1,'+'('==>'(X1,X2),X3))='+'(X2,'+'('==>'(X2,X1),X3))), inference(rw,[status(thm)],[inference(spm,[status(thm)],[c_0_40, c_0_41]), c_0_40])).
cnf(c_0_74,negated_conjecture,('>='('0','==>'('==>'('==>'(X1,esk3_0),esk2_0),esk3_0))), inference(spm,[status(thm)],[c_0_19, c_0_68])).
cnf(c_0_75,negated_conjecture,('>='('+'(esk3_0,'==>'(X1,esk3_0)),'==>'(X1,esk2_0))), inference(rw,[status(thm)],[inference(spm,[status(thm)],[c_0_69, c_0_70]), c_0_31])).
cnf(c_0_76,negated_conjecture,('==>'('+'(X1,esk3_0),esk2_0)='==>'(X1,esk3_0)), inference(spm,[status(thm)],[c_0_71, c_0_31])).
cnf(c_0_77,negated_conjecture,('>='('+'(X1,'+'(esk1_0,'==>'(X1,esk1_0))),esk2_0)), inference(rw,[status(thm)],[inference(spm,[status(thm)],[c_0_72, c_0_73]), c_0_31])).
cnf(c_0_78,plain,('>='('0','==>'('+'(X1,X2),X1))), inference(spm,[status(thm)],[c_0_19, c_0_30])).
cnf(c_0_79,negated_conjecture,('==>'('==>'('==>'(X1,esk3_0),esk2_0),esk3_0)='0'), inference(cn,[status(thm)],[inference(rw,[status(thm)],[inference(spm,[status(thm)],[c_0_22, c_0_74]), c_0_24])])).
cnf(c_0_80,negated_conjecture,('>='('==>'(X1,esk3_0),'==>'(esk3_0,'==>'(X1,esk2_0)))), inference(spm,[status(thm)],[c_0_15, c_0_75])).
cnf(c_0_81,negated_conjecture,('>='('==>'(esk3_0,'==>'(X1,esk2_0)),'==>'(X1,esk3_0))), inference(spm,[status(thm)],[c_0_59, c_0_76])).
cnf(c_0_82,negated_conjecture,('>='('+'(esk1_0,'==>'(X1,esk1_0)),'==>'(X1,esk2_0))), inference(spm,[status(thm)],[c_0_15, c_0_77])).
cnf(c_0_83,plain,('==>'('+'(X1,X2),X1)='0'), inference(cn,[status(thm)],[inference(rw,[status(thm)],[inference(spm,[status(thm)],[c_0_22, c_0_78]), c_0_24])])).
cnf(c_0_84,plain,('+'(X1,'+'(X2,X3))='+'(X3,'+'(X1,X2))), inference(spm,[status(thm)],[c_0_31, c_0_40])).
cnf(c_0_85,negated_conjecture,('+'(esk3_0,'+'(esk3_0,X1))='+'(esk2_0,X1)), inference(spm,[status(thm)],[c_0_40, c_0_70])).
cnf(c_0_86,negated_conjecture,('+'(esk3_0,'==>'(esk3_0,'==>'('==>'(X1,esk3_0),esk2_0)))='==>'('==>'(X1,esk3_0),esk2_0)), inference(rw,[status(thm)],[inference(spm,[status(thm)],[c_0_41, c_0_79]), c_0_16])).
cnf(c_0_87,negated_conjecture,('==>'(esk3_0,'==>'(X1,esk2_0))='==>'(X1,esk3_0)), inference(cn,[status(thm)],[inference(rw,[status(thm)],[inference(spm,[status(thm)],[c_0_22, c_0_80]), c_0_81])])).
cnf(c_0_88,negated_conjecture,('>='('+'(esk1_0,'==>'(esk3_0,esk1_0)),esk3_0)), inference(spm,[status(thm)],[c_0_82, c_0_39])).
cnf(c_0_89,plain,('==>'('+'(X1,'+'(X2,X3)),X2)='0'), inference(spm,[status(thm)],[c_0_83, c_0_84])).
cnf(c_0_90,negated_conjecture,('+'(esk3_0,'+'(X1,'==>'(X1,esk3_0)))='+'(esk2_0,'==>'(esk3_0,X1))), inference(spm,[status(thm)],[c_0_85, c_0_41])).
cnf(c_0_91,plain,('+'(X1,'+'(X2,X3))='+'(X2,'+'(X1,X3))), inference(rw,[status(thm)],[inference(spm,[status(thm)],[c_0_40, c_0_31]), c_0_40])).
cnf(c_0_92,negated_conjecture,('+'(esk3_0,'==>'('==>'(X1,esk3_0),esk3_0))='==>'('==>'(X1,esk3_0),esk2_0)), inference(rw,[status(thm)],[c_0_86, c_0_87])).
cnf(c_0_93,plain,('>='('0','==>'(X1,'==>'(X2,X1)))), inference(spm,[status(thm)],[c_0_19, c_0_42])).
cnf(c_0_94,negated_conjecture,('>='('==>'(esk3_0,esk1_0),'==>'(esk1_0,esk3_0))), inference(spm,[status(thm)],[c_0_15, c_0_88])).
cnf(c_0_95,negated_conjecture,('==>'('+'(esk2_0,'==>'(esk3_0,X1)),X1)='0'), inference(spm,[status(thm)],[c_0_89, c_0_90])).
cnf(c_0_96,negated_conjecture,('+'(esk3_0,'+'(X1,'==>'('==>'(X2,esk3_0),esk3_0)))='+'(X1,'==>'('==>'(X2,esk3_0),esk2_0))), inference(spm,[status(thm)],[c_0_91, c_0_92])).
cnf(c_0_97,plain,('+'(X1,'+'('==>'(X1,X2),'==>'('==>'(X2,X1),X3)))='+'(X2,'+'(X3,'==>'(X3,'==>'(X2,X1))))), inference(spm,[status(thm)],[c_0_73, c_0_41])).
cnf(c_0_98,plain,('==>'(X1,'==>'(X2,X1))='0'), inference(cn,[status(thm)],[inference(rw,[status(thm)],[inference(spm,[status(thm)],[c_0_22, c_0_93]), c_0_24])])).
cnf(c_0_99,negated_conjecture,('>='('+'('==>'(esk3_0,esk1_0),X1),'+'('==>'(esk1_0,esk3_0),X1))), inference(spm,[status(thm)],[c_0_57, c_0_94])).
cnf(c_0_100,negated_conjecture,('+'(X1,'==>'(X1,'+'(esk2_0,'==>'(esk3_0,X1))))='+'(esk2_0,'==>'(esk3_0,X1))), inference(rw,[status(thm)],[inference(rw,[status(thm)],[inference(spm,[status(thm)],[c_0_41, c_0_95]), c_0_40]), c_0_16])).
cnf(c_0_101,negated_conjecture,('+'('==>'(esk3_0,X1),'==>'('==>'(X1,esk3_0),esk2_0))='+'(X1,esk3_0)), inference(rw,[status(thm)],[inference(rw,[status(thm)],[inference(spm,[status(thm)],[c_0_96, c_0_97]), c_0_98]), c_0_16])).
cnf(c_0_102,negated_conjecture,('>='('+'(esk3_0,esk1_0),esk2_0)), inference(rw,[status(thm)],[inference(rw,[status(thm)],[inference(rw,[status(thm)],[inference(rw,[status(thm)],[inference(rw,[status(thm)],[inference(rw,[status(thm)],[inference(spm,[status(thm)],[c_0_99, c_0_100]), c_0_98]), c_0_16]), c_0_101]), c_0_31]), c_0_98]), c_0_16])).
cnf(c_0_103,negated_conjecture,(~'>='(esk1_0,esk3_0)), inference(split_conjunct,[status(thm)],[c_0_33])).
cnf(c_0_104,negated_conjecture,($false), inference(sr,[status(thm)],[inference(rw,[status(thm)],[inference(spm,[status(thm)],[c_0_15, c_0_102]), c_0_39]), c_0_103]), ['proof']).
# SZS output end CNFRefutation.
EOF
