% Problem    : SWV221+1 : TPTP v6.1.0. Bugfixed v3.3.0.
% Command    : eprover --auto-schedule --tstp-format -s --proof-object --memory-limit=2048 --cpu-limit=%d %s
% Computer   : n091.star.cs.uiowa.edu
% Model      : x86_64 x86_64
% CPU        : Intel(R) Xeon(R) CPU E5-2609 0 @ 2.40GHz
% Memory     : 32286.75MB
% OS         : Linux 2.6.32-431.20.3.el6.x86_64
% CPULimit   : 300
% DateTime   : Sun Jul 20 03:32:26 CDT 2014
% CPUTime    : 
# No SInE strategy applied
# Trying AutoSched0 for 151 seconds
# AutoSched0-Mode selected heuristic G_E___207_C18_F1_AE_CS_SP_PI_S0Y
# and selection function SelectMaxLComplexAvoidPosPred.
#

# Proof found!
# SZS status Theorem
# SZS output start CNFRefutation.
fof(c_0_0, axiom, (![X1]:minus(X1,n1)=pred(X1)), file('/export/starexec/sandbox/benchmark/Axioms/SWV003+0.ax', pred_minus_1)).
fof(c_0_1, conjecture, (((((((((((((leq(n0,pv5)&leq(n0,pv57))&leq(pv5,n998))&leq(pv57,n5))&leq(pv58,n5))&gt(pv58,pv57))&![X14]:![X18]:((((leq(n0,X14)&leq(n0,X18))&leq(X14,n5))&leq(X18,n5))=>a_select3(q_ds1_filter,X14,X18)=a_select3(q_ds1_filter,X18,X14)))&![X4]:![X20]:((((leq(n0,X4)&leq(n0,X20))&leq(X4,n2))&leq(X20,n2))=>a_select3(r_ds1_filter,X4,X20)=a_select3(r_ds1_filter,X20,X4)))&![X21]:![X22]:((((leq(n0,X21)&leq(n0,X22))&leq(X21,n5))&leq(X22,n5))=>a_select3(pminus_ds1_filter,X21,X22)=a_select3(pminus_ds1_filter,X22,X21)))&![X28]:![X29]:((((leq(n0,X28)&leq(n0,X29))&leq(X28,n5))&leq(X29,n5))=>((X28=pv57&gt(pv58,X29))=>a_select3(id_ds1_filter,X28,X29)=a_select3(id_ds1_filter,X29,X28))))&![X5]:![X11]:((((leq(n0,X5)&leq(n0,X11))&leq(X5,n5))&leq(X11,n5))=>(gt(pv57,X5)=>a_select3(id_ds1_filter,X5,X11)=a_select3(id_ds1_filter,X11,X5))))&![X16]:((leq(n0,X16)&leq(X16,pred(pv57)))=>![X6]:((leq(n0,X6)&leq(X6,n5))=>a_select3(id_ds1_filter,X16,X6)=a_select3(id_ds1_filter,X6,X16))))=>![X19]:((leq(n0,X19)&leq(X19,pred(pv57)))=>![X15]:((leq(n0,X15)&leq(X15,n5))=>((~((pv57=X15&X15=X19))&pv57!=X19)=>a_select3(id_ds1_filter,X19,X15)=a_select3(id_ds1_filter,X15,X19)))))), file('/export/starexec/sandbox/benchmark/theBenchmark.p', quaternion_ds1_symm_0401)).
fof(c_0_2, plain, ((epred2_0<=>(((((((((((leq(n0,pv5)&leq(n0,pv57))&leq(pv5,n998))&leq(pv57,n5))&leq(pv58,n5))&gt(pv58,pv57))&![X14]:![X18]:((((leq(n0,X14)&leq(n0,X18))&leq(X14,n5))&leq(X18,n5))=>a_select3(q_ds1_filter,X14,X18)=a_select3(q_ds1_filter,X18,X14)))&![X4]:![X20]:((((leq(n0,X4)&leq(n0,X20))&leq(X4,n2))&leq(X20,n2))=>a_select3(r_ds1_filter,X4,X20)=a_select3(r_ds1_filter,X20,X4)))&![X21]:![X22]:((((leq(n0,X21)&leq(n0,X22))&leq(X21,n5))&leq(X22,n5))=>a_select3(pminus_ds1_filter,X21,X22)=a_select3(pminus_ds1_filter,X22,X21)))&![X28]:![X29]:((((leq(n0,X28)&leq(n0,X29))&leq(X28,n5))&leq(X29,n5))=>((X28=pv57&gt(pv58,X29))=>a_select3(id_ds1_filter,X28,X29)=a_select3(id_ds1_filter,X29,X28))))&![X5]:![X11]:((((leq(n0,X5)&leq(n0,X11))&leq(X5,n5))&leq(X11,n5))=>(gt(pv57,X5)=>a_select3(id_ds1_filter,X5,X11)=a_select3(id_ds1_filter,X11,X5))))&![X16]:((leq(n0,X16)&leq(X16,pred(pv57)))=>![X6]:((leq(n0,X6)&leq(X6,n5))=>a_select3(id_ds1_filter,X16,X6)=a_select3(id_ds1_filter,X6,X16)))))), introduced(definition)).
fof(c_0_3, plain, ((epred2_0=>(((((((((((leq(n0,pv5)&leq(n0,pv57))&leq(pv5,n998))&leq(pv57,n5))&leq(pv58,n5))&gt(pv58,pv57))&![X14]:![X18]:((((leq(n0,X14)&leq(n0,X18))&leq(X14,n5))&leq(X18,n5))=>a_select3(q_ds1_filter,X14,X18)=a_select3(q_ds1_filter,X18,X14)))&![X4]:![X20]:((((leq(n0,X4)&leq(n0,X20))&leq(X4,n2))&leq(X20,n2))=>a_select3(r_ds1_filter,X4,X20)=a_select3(r_ds1_filter,X20,X4)))&![X21]:![X22]:((((leq(n0,X21)&leq(n0,X22))&leq(X21,n5))&leq(X22,n5))=>a_select3(pminus_ds1_filter,X21,X22)=a_select3(pminus_ds1_filter,X22,X21)))&![X28]:![X29]:((((leq(n0,X28)&leq(n0,X29))&leq(X28,n5))&leq(X29,n5))=>((X28=pv57&gt(pv58,X29))=>a_select3(id_ds1_filter,X28,X29)=a_select3(id_ds1_filter,X29,X28))))&![X5]:![X11]:((((leq(n0,X5)&leq(n0,X11))&leq(X5,n5))&leq(X11,n5))=>(gt(pv57,X5)=>a_select3(id_ds1_filter,X5,X11)=a_select3(id_ds1_filter,X11,X5))))&![X16]:((leq(n0,X16)&leq(X16,pred(pv57)))=>![X6]:((leq(n0,X6)&leq(X6,n5))=>a_select3(id_ds1_filter,X16,X6)=a_select3(id_ds1_filter,X6,X16)))))), inference(split_equiv,[status(thm)],[c_0_2])).
fof(c_0_4, plain, (![X30]:![X31]:![X32]:![X33]:![X34]:![X35]:![X36]:![X37]:![X38]:![X39]:![X40]:![X41]:((((((((((((leq(n0,pv5)|~epred2_0)&(leq(n0,pv57)|~epred2_0))&(leq(pv5,n998)|~epred2_0))&(leq(pv57,n5)|~epred2_0))&(leq(pv58,n5)|~epred2_0))&(gt(pv58,pv57)|~epred2_0))&(((((~leq(n0,X30)|~leq(n0,X31))|~leq(X30,n5))|~leq(X31,n5))|a_select3(q_ds1_filter,X30,X31)=a_select3(q_ds1_filter,X31,X30))|~epred2_0))&(((((~leq(n0,X32)|~leq(n0,X33))|~leq(X32,n2))|~leq(X33,n2))|a_select3(r_ds1_filter,X32,X33)=a_select3(r_ds1_filter,X33,X32))|~epred2_0))&(((((~leq(n0,X34)|~leq(n0,X35))|~leq(X34,n5))|~leq(X35,n5))|a_select3(pminus_ds1_filter,X34,X35)=a_select3(pminus_ds1_filter,X35,X34))|~epred2_0))&(((((~leq(n0,X36)|~leq(n0,X37))|~leq(X36,n5))|~leq(X37,n5))|((X36!=pv57|~gt(pv58,X37))|a_select3(id_ds1_filter,X36,X37)=a_select3(id_ds1_filter,X37,X36)))|~epred2_0))&(((((~leq(n0,X38)|~leq(n0,X39))|~leq(X38,n5))|~leq(X39,n5))|(~gt(pv57,X38)|a_select3(id_ds1_filter,X38,X39)=a_select3(id_ds1_filter,X39,X38)))|~epred2_0))&(((~leq(n0,X40)|~leq(X40,pred(pv57)))|((~leq(n0,X41)|~leq(X41,n5))|a_select3(id_ds1_filter,X40,X41)=a_select3(id_ds1_filter,X41,X40)))|~epred2_0))), inference(distribute,[status(thm)],[inference(shift_quantors,[status(thm)],[inference(variable_rename,[status(thm)],[inference(fof_nnf,[status(thm)],[c_0_3])])])])).
fof(c_0_5, plain, (![X2]:minus(X2,n1)=pred(X2)), inference(variable_rename,[status(thm)],[c_0_0])).
fof(c_0_6, negated_conjecture, (~((epred2_0=>![X19]:((leq(n0,X19)&leq(X19,pred(pv57)))=>![X15]:((leq(n0,X15)&leq(X15,n5))=>((~((pv57=X15&X15=X19))&pv57!=X19)=>a_select3(id_ds1_filter,X19,X15)=a_select3(id_ds1_filter,X15,X19))))))), inference(apply_def,[status(thm)],[inference(assume_negation,[status(cth)],[c_0_1]), c_0_2])).
cnf(c_0_7,plain,(a_select3(id_ds1_filter,X1,X2)=a_select3(id_ds1_filter,X2,X1)|~epred2_0|~leq(X2,n5)|~leq(n0,X2)|~leq(X1,pred(pv57))|~leq(n0,X1)), inference(split_conjunct,[status(thm)],[c_0_4])).
cnf(c_0_8,plain,(minus(X1,n1)=pred(X1)), inference(split_conjunct,[status(thm)],[c_0_5])).
fof(c_0_9, negated_conjecture, ((epred2_0&((leq(n0,esk24_0)&leq(esk24_0,pred(pv57)))&((leq(n0,esk25_0)&leq(esk25_0,n5))&(((pv57!=esk25_0|esk25_0!=esk24_0)&pv57!=esk24_0)&a_select3(id_ds1_filter,esk24_0,esk25_0)!=a_select3(id_ds1_filter,esk25_0,esk24_0)))))), inference(skolemize,[status(esa)],[inference(variable_rename,[status(thm)],[inference(fof_nnf,[status(thm)],[c_0_6])])])).
cnf(c_0_10,plain,(a_select3(id_ds1_filter,X1,X2)=a_select3(id_ds1_filter,X2,X1)|~epred2_0|~leq(X2,n5)|~leq(n0,X2)|~leq(n0,X1)|~leq(X1,minus(pv57,n1))), inference(rw,[status(thm)],[c_0_7, c_0_8])).
cnf(c_0_11,negated_conjecture,(epred2_0), inference(split_conjunct,[status(thm)],[c_0_9])).
cnf(c_0_12,negated_conjecture,(leq(esk24_0,pred(pv57))), inference(split_conjunct,[status(thm)],[c_0_9])).
cnf(c_0_13,plain,(a_select3(id_ds1_filter,X1,X2)=a_select3(id_ds1_filter,X2,X1)|~leq(X1,minus(pv57,n1))|~leq(X2,n5)|~leq(n0,X2)|~leq(n0,X1)), inference(cn,[status(thm)],[inference(rw,[status(thm)],[c_0_10, c_0_11])])).
cnf(c_0_14,negated_conjecture,(leq(esk24_0,minus(pv57,n1))), inference(rw,[status(thm)],[c_0_12, c_0_8])).
cnf(c_0_15,negated_conjecture,(leq(n0,esk24_0)), inference(split_conjunct,[status(thm)],[c_0_9])).
cnf(c_0_16,negated_conjecture,(a_select3(id_ds1_filter,esk24_0,esk25_0)!=a_select3(id_ds1_filter,esk25_0,esk24_0)), inference(split_conjunct,[status(thm)],[c_0_9])).
cnf(c_0_17,negated_conjecture,(a_select3(id_ds1_filter,esk24_0,X1)=a_select3(id_ds1_filter,X1,esk24_0)|~leq(X1,n5)|~leq(n0,X1)), inference(cn,[status(thm)],[inference(rw,[status(thm)],[inference(spm,[status(thm)],[c_0_13, c_0_14]), c_0_15])])).
cnf(c_0_18,negated_conjecture,(leq(esk25_0,n5)), inference(split_conjunct,[status(thm)],[c_0_9])).
cnf(c_0_19,negated_conjecture,(leq(n0,esk25_0)), inference(split_conjunct,[status(thm)],[c_0_9])).
cnf(c_0_20,negated_conjecture,($false), inference(cn,[status(thm)],[inference(rw,[status(thm)],[inference(rw,[status(thm)],[inference(spm,[status(thm)],[c_0_16, c_0_17]), c_0_18]), c_0_19])]), ['proof']).
# SZS output end CNFRefutation.
EOF
