% Problem    : GEO316+1 : TPTP v6.1.0. Released v4.1.0.
% Command    : eprover --auto-schedule --tstp-format -s --proof-object --memory-limit=2048 --cpu-limit=%d %s
% Computer   : n155.star.cs.uiowa.edu
% Model      : x86_64 x86_64
% CPU        : Intel(R) Xeon(R) CPU E5-2609 0 @ 2.40GHz
% Memory     : 32286.75MB
% OS         : Linux 2.6.32-431.20.3.el6.x86_64
% CPULimit   : 300
% DateTime   : Sun Jul 20 07:31:26 CDT 2014
% CPUTime    : 
# No SInE strategy applied
# Trying AutoSched0 for 151 seconds
# AutoSched0-Mode selected heuristic G_E___100_C18_F1_PI_AE_Q4_CS_SP_PS_S0Y
# and selection function SelectMaxLComplexAvoidPosPred.
#
# Presaturation interreduction done

# Proof found!
# SZS status Theorem
# SZS output start CNFRefutation.
fof(c_0_0, axiom, (![X117]:![X118]:![X119]:((((rR(X118,X117,X119)&?[X120]:(X119=X120&rpoint(X120)))&?[X121]:(X118=X121&rpoint(X121)))&?[X122]:(X117=X122&rpoint(X122)))=>(((~(rR(X117,X118,X119))&X117!=X119)&X117!=X118)&rR(X118,X119,X117)))), file('/export/starexec/sandbox/benchmark/theBenchmark.p', 'qu(cond(axiom(81), 0), imp(cond(axiom(81), 0)))')).
fof(c_0_1, axiom, (((((((vf(vd1287,vd1288)=vf(vd1287,vd1289)&vd1288!=vd1289)&vd1287!=vd1289)&vd1287!=vd1288)&?[X26]:(vd1289=X26&rpoint(X26)))&?[X27]:(vd1288=X27&rpoint(X27)))&?[X28]:(vd1287=X28&rpoint(X28)))), file('/export/starexec/sandbox/benchmark/theBenchmark.p', 'and(holds(conjunct2(345), 1294, 0), and(pred(conjunct1(345), 9), and(pred(conjunct1(345), 8), and(pred(conjunct1(345), 7), and(qe(s3(plural(345))), and(qe(s2(plural(345))), qe(s1(plural(345)))))))))')).
fof(c_0_2, axiom, (![X184]:![X185]:((X184=X185&rreal(X185))=>~(rless(X184,X184)))), file('/export/starexec/sandbox/benchmark/theBenchmark.p', 'qu(cond(axiom(149), 0), imp(cond(axiom(149), 0)))')).
fof(c_0_3, axiom, (![X305]:![X306]:![X307]:![X308]:![X309]:![X310]:(((((((rless(X305,X307)&X309=X310)&rreal(X310))&X307=X308)&rreal(X308))&X305=X306)&rreal(X306))=>rless(vplus(X305,X309),vplus(X307,X309)))), file('/export/starexec/sandbox/benchmark/theBenchmark.p', 'qu(cond(axiom(153), 0), imp(cond(axiom(153), 0)))')).
fof(c_0_4, axiom, (![X245]:![X246]:((X245=X246&rreal(X246))=>vplus(X245,v0)=X245)), file('/export/starexec/sandbox/benchmark/theBenchmark.p', 'qu(cond(axiom(141), 0), imp(cond(axiom(141), 0)))')).
fof(c_0_5, axiom, (![X101]:![X102]:![X103]:![X104]:((((((rR(X103,X102,X104)&rR(X102,X101,X103))&?[X105]:(X104=X105&rpoint(X105)))&?[X106]:(X103=X106&rpoint(X106)))&?[X107]:(X102=X107&rpoint(X107)))&?[X108]:(X101=X108&rpoint(X108)))=>rR(X102,X101,X104))), file('/export/starexec/sandbox/benchmark/theBenchmark.p', 'qu(cond(axiom(89), 0), imp(cond(axiom(89), 0)))')).
fof(c_0_6, axiom, (![X47]:![X48]:![X49]:![X50]:![X51]:![X52]:![X53]:![X54]:((((((((((((ron(X49,X53)&ron(X47,X53))&X47!=X51)&X47!=X49)&X53=X54)&rline(X54))&X51=X52)&rpoint(X52))&X49=X50)&rpoint(X50))&X47=X48)&rpoint(X48))=>((~(rR(X47,X49,X51))&ron(X51,X53))<=>vangle(X49,X47,X51)=v0))), file('/export/starexec/sandbox/benchmark/theBenchmark.p', 'qu(cond(axiom(188), 0), imp(cond(axiom(188), 0)))')).
fof(c_0_7, axiom, (![X109]:![X110]:![X111]:![X112]:![X113]:((((((((X112=X113&ron(X110,X112))&ron(X109,X112))&rR(X110,X109,X111))&rline(X113))&?[X114]:(X111=X114&rpoint(X114)))&?[X115]:(X110=X115&rpoint(X115)))&?[X116]:(X109=X116&rpoint(X116)))=>ron(X111,X112))), file('/export/starexec/sandbox/benchmark/theBenchmark.p', 'qu(cond(axiom(83), 0), imp(cond(axiom(83), 0)))')).
fof(c_0_8, axiom, ((((vd1302=vd1303&rR(vd1289,vd1287,vd1302))&rpoint(vd1303))&rR(vd1288,vd1287,vd1299))), file('/export/starexec/sandbox/benchmark/theBenchmark.p', 'and(pred(conjunct2(348), 4), and(holds(conjunct2(348), 1304, 0), and(pred(conjunct2(348), 1), holds(conjunct1(348), 1301, 0))))')).
fof(c_0_9, axiom, (rreal(vd684)), file('/export/starexec/sandbox/benchmark/theBenchmark.p', 'pred(axiom(137), 1)')).
fof(c_0_10, axiom, (v0=vd684), file('/export/starexec/sandbox/benchmark/theBenchmark.p', 'pred(axiom(137), 2)')).
fof(c_0_11, axiom, (![X179]:![X180]:((?[X181]:(X180=X181&rpoint(X181))&?[X182]:(X179=X182&rpoint(X182)))=>?[X183]:(vf(X179,X180)=X183&rreal(X183)))), file('/export/starexec/sandbox/benchmark/theBenchmark.p', 'qu(cond(axiom(160), 0), imp(cond(axiom(160), 0)))')).
fof(c_0_12, axiom, (![X362]:![X363]:![X364]:![X365]:![X366]:((((((((rR(X364,X362,X363)&~(rinside(X364,X365)))&(ron(X362,X365)|rinside(X362,X365)))&X365=X366)&rcircle(X366))&?[X367]:(X364=X367&rpoint(X367)))&?[X368]:(X363=X368&rpoint(X368)))&?[X369]:(X362=X369&rpoint(X369)))=>(~(ron(X363,X365))&~(ron(X363,X365))))), file('/export/starexec/sandbox/benchmark/theBenchmark.p', 'qu(cond(axiom(123), 0), imp(cond(axiom(123), 0)))')).
fof(c_0_13, axiom, (![X133]:![X134]:(((X133!=X134&?[X135]:(X134=X135&rpoint(X135)))&?[X136]:(X133=X136&rpoint(X136)))=>?[X137]:((ron(X134,X137)&ron(X133,X137))&rline(X137)))), file('/export/starexec/sandbox/benchmark/theBenchmark.p', 'qu(cond(axiom(51), 0), imp(cond(axiom(51), 0)))')).
fof(c_0_14, axiom, (![X317]:![X318]:![X319]:![X320]:((((X319=X320&rreal(X320))&X317=X318)&rreal(X318))=>((rless(X317,X319)|X317=X319)|rless(X319,X317)))), file('/export/starexec/sandbox/benchmark/theBenchmark.p', 'qu(cond(axiom(145), 0), imp(cond(axiom(145), 0)))')).
fof(c_0_15, axiom, (![X321]:![X322]:![X323]:![X324]:((((X323=X324&rreal(X324))&X321=X322)&rreal(X322))=>?[X325]:(vplus(X321,X323)=X325&rreal(X325)))), file('/export/starexec/sandbox/benchmark/theBenchmark.p', 'qu(cond(axiom(139), 0), imp(cond(axiom(139), 0)))')).
fof(c_0_16, axiom, (![X241]:![X242]:![X243]:![X244]:((((X243=X244&rreal(X244))&X241=X242)&rreal(X242))=>vplus(X241,X243)=vplus(X243,X241))), file('/export/starexec/sandbox/benchmark/theBenchmark.p', 'qu(cond(axiom(143), 0), imp(cond(axiom(143), 0)))')).
fof(c_0_17, axiom, (rpoint(vd1300)), file('/export/starexec/sandbox/benchmark/theBenchmark.p', 'pred(348, 1)')).
fof(c_0_18, axiom, (vd1299=vd1300), file('/export/starexec/sandbox/benchmark/theBenchmark.p', 'pred(348, 4)')).
fof(c_0_19, axiom, (![X285]:![X286]:![X287]:((((rR(X286,X285,X287)&?[X288]:(X287=X288&rpoint(X288)))&?[X289]:(X286=X289&rpoint(X289)))&?[X290]:(X285=X290&rpoint(X290)))=>vplus(vf(X285,X286),vf(X286,X287))=vf(X285,X287))), file('/export/starexec/sandbox/benchmark/theBenchmark.p', 'qu(cond(axiom(180), 0), imp(cond(axiom(180), 0)))')).
fof(c_0_20, axiom, (![X261]:![X262]:![X263]:![X264]:(((((rinside(X261,X263)&X263=X264)&rcircle(X264))&X261=X262)&rpoint(X262))=>~(ron(X261,X263)))), file('/export/starexec/sandbox/benchmark/theBenchmark.p', 'qu(cond(axiom(79), 0), imp(cond(axiom(79), 0)))')).
fof(c_0_21, axiom, (![X696]:![X697]:![X698]:![X699]:![X700]:((((((((ron(X697,X699)&ron(X696,X699))&X696!=X697)&X699=X700)&rline(X700))&?[X701]:(X698=X701&rpoint(X701)))&?[X702]:(X697=X702&rpoint(X702)))&?[X703]:(X696=X703&rpoint(X703)))=>(vg(X696,X697,X698)=v0<=>ron(X698,X699)))), file('/export/starexec/sandbox/benchmark/theBenchmark.p', 'qu(cond(axiom(200), 0), imp(cond(axiom(200), 0)))')).
fof(c_0_22, axiom, (![X487]:![X488]:![X489]:![X490]:((((((rR(X490,X487,X488)&rR(X488,X487,X489))&?[X491]:(X490=X491&rpoint(X491)))&?[X492]:(X489=X492&rpoint(X492)))&?[X493]:(X488=X493&rpoint(X493)))&?[X494]:(X487=X494&rpoint(X494)))=>rR(X490,X487,X489))), file('/export/starexec/sandbox/benchmark/theBenchmark.p', 'qu(cond(axiom(87), 0), imp(cond(axiom(87), 0)))')).
fof(c_0_23, axiom, (![X479]:![X480]:![X481]:![X482]:((((((rR(X480,X479,X482)&rR(X480,X479,X481))&?[X483]:(X482=X483&rpoint(X483)))&?[X484]:(X481=X484&rpoint(X484)))&?[X485]:(X480=X485&rpoint(X485)))&?[X486]:(X479=X486&rpoint(X486)))=>~(rR(X480,X481,X482)))), file('/export/starexec/sandbox/benchmark/theBenchmark.p', 'qu(cond(axiom(93), 0), imp(cond(axiom(93), 0)))')).
fof(c_0_24, axiom, (ron(vd1289,vd1297)), file('/export/starexec/sandbox/benchmark/theBenchmark.p', 'pred(s2(plural(347)), 0)')).
fof(c_0_25, axiom, (rline(vd1297)), file('/export/starexec/sandbox/benchmark/theBenchmark.p', 'pred(347, 0)')).
fof(c_0_26, axiom, (![X43]:![X44]:((?[X45]:(X44=X45&rpoint(X45))&?[X46]:(X43=X46&rpoint(X46)))=>vf(X43,X44)=vf(X44,X43))), file('/export/starexec/sandbox/benchmark/theBenchmark.p', 'qu(cond(axiom(166), 0), imp(cond(axiom(166), 0)))')).
fof(c_0_27, axiom, (![X280]:![X281]:(((X280!=X281&?[X282]:(X281=X282&rpoint(X282)))&?[X283]:(X280=X283&rpoint(X283)))=>?[X284]:((ron(X281,X284)&rcenter(X280,X284))&rcircle(X284)))), file('/export/starexec/sandbox/benchmark/theBenchmark.p', 'qu(cond(axiom(53), 0), imp(cond(axiom(53), 0)))')).
fof(c_0_28, axiom, (![X295]:![X296]:![X297]:![X298]:![X299]:![X300]:(((((((((((((~(ron(X298,X299))&X299=X300)&rline(X300))&X297!=X298)&X296!=X298)&X296!=X297)&X295!=X298)&X295!=X297)&X295!=X296)&?[X301]:(X298=X301&rpoint(X301)))&?[X302]:(X297=X302&rpoint(X302)))&?[X303]:(X296=X303&rpoint(X303)))&?[X304]:(X295=X304&rpoint(X304)))=>(rR(X297,X295,X296)<=>vplus(vg(X295,X297,X298),vg(X298,X297,X296))=vg(X295,X298,X296)))), file('/export/starexec/sandbox/benchmark/theBenchmark.p', 'qu(cond(axiom(202), 0), imp(cond(axiom(202), 0)))')).
fof(c_0_29, axiom, (ron(vd1287,vd1297)), file('/export/starexec/sandbox/benchmark/theBenchmark.p', 'pred(s1(plural(347)), 0)')).
fof(c_0_30, axiom, (![X495]:![X496]:(rcenter(X495,X496)=>rinside(X495,X496))), file('/export/starexec/sandbox/benchmark/theBenchmark.p', 'qu(cond(axiom(77), 0), imp(cond(axiom(77), 0)))')).
fof(c_0_31, axiom, (![X123]:![X124]:![X125]:![X126]:![X127]:![X128]:((((((ron(X127,X126)&X127=X128)&rpoint(X128))&rcenter(X125,X126))&X123=X124)&rpoint(X124))=>(vf(X125,X123)=vf(X125,X127)<=>ron(X123,X126)))), file('/export/starexec/sandbox/benchmark/theBenchmark.p', 'qu(cond(axiom(184), 0), imp(cond(axiom(184), 0)))')).
fof(c_0_32, axiom, (![X220]:![X221]:![X222]:![X223]:(((((((((ron(X221,X223)&ron(X221,X222))&ron(X220,X223))&ron(X220,X222))&?[X224]:(X223=X224&rline(X224)))&?[X225]:(X222=X225&rline(X225)))&X220!=X221)&?[X226]:(X221=X226&rpoint(X226)))&?[X227]:(X220=X227&rpoint(X227)))=>X222=X223)), file('/export/starexec/sandbox/benchmark/theBenchmark.p', 'qu(cond(axiom(73), 0), imp(cond(axiom(73), 0)))')).
fof(c_0_33, axiom, (rR(vd1306,vd1287,vd1302)), file('/export/starexec/sandbox/benchmark/theBenchmark.p', 'holds(conjunct1(352), 1307, 0)')).
fof(c_0_34, axiom, (rpoint(vd1306)), file('/export/starexec/sandbox/benchmark/theBenchmark.p', 'pred(352, 0)')).
fof(c_0_35, axiom, (vf(vd1287,vd1299)=vf(vd1287,vd1306)), file('/export/starexec/sandbox/benchmark/theBenchmark.p', 'holds(conjunct2(352), 1308, 0)')).
fof(c_0_36, axiom, (ron(vd1306,vd1297)), file('/export/starexec/sandbox/benchmark/theBenchmark.p', 'pred(conjunct1(conjunct2(conjunct2(conjunct2(354)))), 0)')).
fof(c_0_37, axiom, (ron(vd1302,vd1297)), file('/export/starexec/sandbox/benchmark/theBenchmark.p', 'pred(conjunct2(349), 0)')).
fof(c_0_38, axiom, (vd1306!=vd1302), file('/export/starexec/sandbox/benchmark/theBenchmark.p', 'holds(conjunct1(conjunct2(conjunct2(353))), 1310, 0)')).
fof(c_0_39, axiom, (vd1306!=vd1287), file('/export/starexec/sandbox/benchmark/theBenchmark.p', 'holds(conjunct2(conjunct2(conjunct2(355))), 1309, 0)')).
fof(c_0_40, axiom, (vf(vd1288,vd1299)=vf(vd1289,vd1306)), file('/export/starexec/sandbox/benchmark/theBenchmark.p', 'holds(361, 1323, 0)')).
fof(c_0_41, axiom, (ron(vd1287,vd1295)), file('/export/starexec/sandbox/benchmark/theBenchmark.p', 'pred(s1(plural(346)), 0)')).
fof(c_0_42, axiom, (rline(vd1295)), file('/export/starexec/sandbox/benchmark/theBenchmark.p', 'pred(346, 0)')).
fof(c_0_43, axiom, (![X235]:![X236]:![X237]:![X238]:![X239]:![X240]:(((((((vplus(X235,X239)=vplus(X237,X239)&X239=X240)&rreal(X240))&X237=X238)&rreal(X238))&X235=X236)&rreal(X236))=>X235=X237)), file('/export/starexec/sandbox/benchmark/theBenchmark.p', 'ass(cond(156, 0), 0)')).
fof(c_0_44, axiom, (![X204]:![X205]:![X206]:![X207]:![X208]:(((((((((((X207=X208&ron(X206,X207))&ron(X205,X207))&ron(X204,X207))&rline(X208))&X205!=X206)&X204!=X206)&X204!=X205)&?[X209]:(X206=X209&rpoint(X209)))&?[X210]:(X205=X210&rpoint(X210)))&?[X211]:(X204=X211&rpoint(X211)))=>((rR(X205,X204,X206)|rR(X204,X205,X206))|rR(X206,X204,X205)))), file('/export/starexec/sandbox/benchmark/theBenchmark.p', 'qu(cond(axiom(91), 0), imp(cond(axiom(91), 0)))')).
fof(c_0_45, axiom, (ron(vd1288,vd1295)), file('/export/starexec/sandbox/benchmark/theBenchmark.p', 'pred(s2(plural(346)), 0)')).
fof(c_0_46, axiom, (![X129]:![X130]:((?[X131]:(X130=X131&rpoint(X131))&?[X132]:(X129=X132&rpoint(X132)))=>(vf(X129,X130)=v0<=>X129=X130))), file('/export/starexec/sandbox/benchmark/theBenchmark.p', 'qu(cond(axiom(162), 0), imp(cond(axiom(162), 0)))')).
fof(c_0_47, conjecture, (vplus(vangle(vd1288,vd1289,vd1299),vangle(vd1287,vd1289,vd1288))=vangle(vd1287,vd1289,vd1299)), file('/export/starexec/sandbox/benchmark/theBenchmark.p', 'holds(363, 1326, 0)')).
fof(c_0_48, axiom, (ron(vd1299,vd1295)), file('/export/starexec/sandbox/benchmark/theBenchmark.p', 'pred(conjunct1(349), 0)')).
fof(c_0_49, axiom, (vangle(vd1288,vd1289,vd1299)=vangle(vd1289,vd1288,vd1306)), file('/export/starexec/sandbox/benchmark/theBenchmark.p', 'holds(conjunct2(362), 1325, 0)')).
fof(c_0_50, axiom, (vd1299!=vd1287), file('/export/starexec/sandbox/benchmark/theBenchmark.p', 'holds(conjunct1(conjunct2(conjunct2(355))), 1311, 0)')).
fof(c_0_51, plain, (![X117]:![X118]:![X119]:((((rR(X118,X117,X119)&?[X120]:(X119=X120&rpoint(X120)))&?[X121]:(X118=X121&rpoint(X121)))&?[X122]:(X117=X122&rpoint(X122)))=>(((~rR(X117,X118,X119)&X117!=X119)&X117!=X118)&rR(X118,X119,X117)))), inference(fof_simplification,[status(thm)],[c_0_0])).
fof(c_0_52, plain, (![X123]:![X124]:![X125]:![X126]:![X127]:![X128]:((((~rR(X123,X124,X125)|(((~rR(X124,X123,X125)|(X125!=X126|~rpoint(X126)))|(X124!=X127|~rpoint(X127)))|(X123!=X128|~rpoint(X128))))&(X123!=X125|(((~rR(X124,X123,X125)|(X125!=X126|~rpoint(X126)))|(X124!=X127|~rpoint(X127)))|(X123!=X128|~rpoint(X128)))))&(X123!=X124|(((~rR(X124,X123,X125)|(X125!=X126|~rpoint(X126)))|(X124!=X127|~rpoint(X127)))|(X123!=X128|~rpoint(X128)))))&(rR(X124,X125,X123)|(((~rR(X124,X123,X125)|(X125!=X126|~rpoint(X126)))|(X124!=X127|~rpoint(X127)))|(X123!=X128|~rpoint(X128)))))), inference(distribute,[status(thm)],[inference(shift_quantors,[status(thm)],[inference(variable_rename,[status(thm)],[inference(fof_nnf,[status(thm)],[c_0_51])])])])).
fof(c_0_53, plain, (((((((vf(vd1287,vd1288)=vf(vd1287,vd1289)&vd1288!=vd1289)&vd1287!=vd1289)&vd1287!=vd1288)&(vd1289=esk4_0&rpoint(esk4_0)))&(vd1288=esk5_0&rpoint(esk5_0)))&(vd1287=esk6_0&rpoint(esk6_0)))), inference(skolemize,[status(esa)],[inference(variable_rename,[status(thm)],[c_0_1])])).
fof(c_0_54, plain, (![X184]:![X185]:((X184=X185&rreal(X185))=>~rless(X184,X184))), inference(fof_simplification,[status(thm)],[c_0_2])).
fof(c_0_55, plain, (![X311]:![X312]:![X313]:![X314]:![X315]:![X316]:(((((((~rless(X311,X313)|X315!=X316)|~rreal(X316))|X313!=X314)|~rreal(X314))|X311!=X312)|~rreal(X312))|rless(vplus(X311,X315),vplus(X313,X315)))), inference(shift_quantors,[status(thm)],[inference(variable_rename,[status(thm)],[inference(shift_quantors,[status(thm)],[inference(fof_nnf,[status(thm)],[c_0_3])])])])).
fof(c_0_56, plain, (![X247]:![X248]:((X247!=X248|~rreal(X248))|vplus(X247,v0)=X247)), inference(shift_quantors,[status(thm)],[inference(variable_rename,[status(thm)],[inference(shift_quantors,[status(thm)],[inference(fof_nnf,[status(thm)],[c_0_4])])])])).
fof(c_0_57, plain, (![X109]:![X110]:![X111]:![X112]:![X113]:![X114]:![X115]:![X116]:((((((~rR(X111,X110,X112)|~rR(X110,X109,X111))|(X112!=X113|~rpoint(X113)))|(X111!=X114|~rpoint(X114)))|(X110!=X115|~rpoint(X115)))|(X109!=X116|~rpoint(X116)))|rR(X110,X109,X112))), inference(shift_quantors,[status(thm)],[inference(variable_rename,[status(thm)],[inference(fof_nnf,[status(thm)],[c_0_5])])])).
fof(c_0_58, plain, (![X47]:![X48]:![X49]:![X50]:![X51]:![X52]:![X53]:![X54]:((((((((((((ron(X49,X53)&ron(X47,X53))&X47!=X51)&X47!=X49)&X53=X54)&rline(X54))&X51=X52)&rpoint(X52))&X49=X50)&rpoint(X50))&X47=X48)&rpoint(X48))=>((~rR(X47,X49,X51)&ron(X51,X53))<=>vangle(X49,X47,X51)=v0))), inference(fof_simplification,[status(thm)],[c_0_6])).
fof(c_0_59, plain, (![X117]:![X118]:![X119]:![X120]:![X121]:![X122]:![X123]:![X124]:((((((((X120!=X121|~ron(X118,X120))|~ron(X117,X120))|~rR(X118,X117,X119))|~rline(X121))|(X119!=X122|~rpoint(X122)))|(X118!=X123|~rpoint(X123)))|(X117!=X124|~rpoint(X124)))|ron(X119,X120))), inference(shift_quantors,[status(thm)],[inference(variable_rename,[status(thm)],[inference(shift_quantors,[status(thm)],[inference(fof_nnf,[status(thm)],[c_0_7])])])])).
cnf(c_0_60,plain,(rR(X4,X6,X2)|~rpoint(X1)|X2!=X1|~rpoint(X3)|X4!=X3|~rpoint(X5)|X6!=X5|~rR(X4,X2,X6)), inference(split_conjunct,[status(thm)],[c_0_52])).
cnf(c_0_61,plain,(rpoint(vd1303)), inference(split_conjunct,[status(thm)],[c_0_8])).
cnf(c_0_62,plain,(vd1302=vd1303), inference(split_conjunct,[status(thm)],[c_0_8])).
cnf(c_0_63,plain,(rpoint(esk4_0)), inference(split_conjunct,[status(thm)],[c_0_53])).
cnf(c_0_64,plain,(vd1289=esk4_0), inference(split_conjunct,[status(thm)],[c_0_53])).
cnf(c_0_65,plain,(rpoint(esk6_0)), inference(split_conjunct,[status(thm)],[c_0_53])).
cnf(c_0_66,plain,(vd1287=esk6_0), inference(split_conjunct,[status(thm)],[c_0_53])).
fof(c_0_67, plain, (![X186]:![X187]:((X186!=X187|~rreal(X187))|~rless(X186,X186))), inference(shift_quantors,[status(thm)],[inference(variable_rename,[status(thm)],[inference(shift_quantors,[status(thm)],[inference(fof_nnf,[status(thm)],[c_0_54])])])])).
cnf(c_0_68,plain,(rless(vplus(X1,X2),vplus(X3,X2))|~rreal(X4)|X1!=X4|~rreal(X5)|X3!=X5|~rreal(X6)|X2!=X6|~rless(X1,X3)), inference(split_conjunct,[status(thm)],[c_0_55])).
cnf(c_0_69,plain,(vplus(X1,v0)=X1|~rreal(X2)|X1!=X2), inference(split_conjunct,[status(thm)],[c_0_56])).
cnf(c_0_70,plain,(rreal(vd684)), inference(split_conjunct,[status(thm)],[c_0_9])).
cnf(c_0_71,plain,(v0=vd684), inference(split_conjunct,[status(thm)],[c_0_10])).
cnf(c_0_72,plain,(rR(X1,X2,X3)|~rpoint(X4)|X2!=X4|~rpoint(X5)|X1!=X5|~rpoint(X6)|X7!=X6|~rpoint(X8)|X3!=X8|~rR(X1,X2,X7)|~rR(X7,X1,X3)), inference(split_conjunct,[status(thm)],[c_0_57])).
fof(c_0_73, plain, (![X55]:![X56]:![X57]:![X58]:![X59]:![X60]:![X61]:![X62]:((((rR(X55,X57,X59)|~ron(X59,X61))|vangle(X57,X55,X59)=v0)|(((((((((((~ron(X57,X61)|~ron(X55,X61))|X55=X59)|X55=X57)|X61!=X62)|~rline(X62))|X59!=X60)|~rpoint(X60))|X57!=X58)|~rpoint(X58))|X55!=X56)|~rpoint(X56)))&(((~rR(X55,X57,X59)|vangle(X57,X55,X59)!=v0)|(((((((((((~ron(X57,X61)|~ron(X55,X61))|X55=X59)|X55=X57)|X61!=X62)|~rline(X62))|X59!=X60)|~rpoint(X60))|X57!=X58)|~rpoint(X58))|X55!=X56)|~rpoint(X56)))&((ron(X59,X61)|vangle(X57,X55,X59)!=v0)|(((((((((((~ron(X57,X61)|~ron(X55,X61))|X55=X59)|X55=X57)|X61!=X62)|~rline(X62))|X59!=X60)|~rpoint(X60))|X57!=X58)|~rpoint(X58))|X55!=X56)|~rpoint(X56)))))), inference(distribute,[status(thm)],[inference(shift_quantors,[status(thm)],[inference(variable_rename,[status(thm)],[inference(shift_quantors,[status(thm)],[inference(fof_nnf,[status(thm)],[c_0_58])])])])])).
fof(c_0_74, plain, (![X184]:![X185]:![X186]:![X187]:((vf(X184,X185)=esk11_2(X184,X185)|((X185!=X186|~rpoint(X186))|(X184!=X187|~rpoint(X187))))&(rreal(esk11_2(X184,X185))|((X185!=X186|~rpoint(X186))|(X184!=X187|~rpoint(X187)))))), inference(distribute,[status(thm)],[inference(shift_quantors,[status(thm)],[inference(skolemize,[status(esa)],[inference(variable_rename,[status(thm)],[inference(fof_nnf,[status(thm)],[c_0_11])])])])])).
fof(c_0_75, plain, (![X362]:![X363]:![X364]:![X365]:![X366]:((((((((rR(X364,X362,X363)&~rinside(X364,X365))&(ron(X362,X365)|rinside(X362,X365)))&X365=X366)&rcircle(X366))&?[X367]:(X364=X367&rpoint(X367)))&?[X368]:(X363=X368&rpoint(X368)))&?[X369]:(X362=X369&rpoint(X369)))=>~ron(X363,X365))), inference(fof_simplification,[status(thm)],[c_0_12])).
cnf(c_0_76,plain,(ron(X1,X2)|~rpoint(X3)|X4!=X3|~rpoint(X5)|X6!=X5|~rpoint(X7)|X1!=X7|~rline(X8)|~rR(X6,X4,X1)|~ron(X4,X2)|~ron(X6,X2)|X2!=X8), inference(split_conjunct,[status(thm)],[c_0_59])).
cnf(c_0_77,plain,(rR(X1,X2,X3)|~rR(X1,X3,X2)|~rpoint(X2)|~rpoint(X1)|~rpoint(X3)), inference(er,[status(thm)],[inference(er,[status(thm)],[inference(er,[status(thm)],[c_0_60])])])).
cnf(c_0_78,plain,(rR(vd1289,vd1287,vd1302)), inference(split_conjunct,[status(thm)],[c_0_8])).
cnf(c_0_79,plain,(rpoint(vd1302)), inference(rw,[status(thm)],[c_0_61, c_0_62])).
cnf(c_0_80,plain,(rpoint(vd1289)), inference(rw,[status(thm)],[c_0_63, c_0_64])).
cnf(c_0_81,plain,(rpoint(vd1287)), inference(rw,[status(thm)],[c_0_65, c_0_66])).
fof(c_0_82, plain, (![X138]:![X139]:![X140]:![X141]:(((ron(X139,esk7_2(X138,X139))|((X138=X139|(X139!=X140|~rpoint(X140)))|(X138!=X141|~rpoint(X141))))&(ron(X138,esk7_2(X138,X139))|((X138=X139|(X139!=X140|~rpoint(X140)))|(X138!=X141|~rpoint(X141)))))&(rline(esk7_2(X138,X139))|((X138=X139|(X139!=X140|~rpoint(X140)))|(X138!=X141|~rpoint(X141)))))), inference(distribute,[status(thm)],[inference(shift_quantors,[status(thm)],[inference(skolemize,[status(esa)],[inference(variable_rename,[status(thm)],[inference(fof_nnf,[status(thm)],[c_0_13])])])])])).
fof(c_0_83, plain, (![X321]:![X322]:![X323]:![X324]:((((X323!=X324|~rreal(X324))|X321!=X322)|~rreal(X322))|((rless(X321,X323)|X321=X323)|rless(X323,X321)))), inference(shift_quantors,[status(thm)],[inference(variable_rename,[status(thm)],[inference(shift_quantors,[status(thm)],[inference(fof_nnf,[status(thm)],[c_0_14])])])])).
fof(c_0_84, plain, (![X326]:![X327]:![X328]:![X329]:((vplus(X326,X328)=esk18_3(X326,X327,X328)|(((X328!=X329|~rreal(X329))|X326!=X327)|~rreal(X327)))&(rreal(esk18_3(X326,X327,X328))|(((X328!=X329|~rreal(X329))|X326!=X327)|~rreal(X327))))), inference(distribute,[status(thm)],[inference(shift_quantors,[status(thm)],[inference(skolemize,[status(esa)],[inference(variable_rename,[status(thm)],[inference(shift_quantors,[status(thm)],[inference(fof_nnf,[status(thm)],[c_0_15])])])])])])).
cnf(c_0_85,plain,(~rless(X1,X1)|~rreal(X2)|X1!=X2), inference(split_conjunct,[status(thm)],[c_0_67])).
cnf(c_0_86,plain,(rless(vplus(X1,X2),vplus(X3,X2))|~rreal(X2)|~rreal(X3)|~rreal(X1)|~rless(X1,X3)), inference(er,[status(thm)],[inference(er,[status(thm)],[inference(er,[status(thm)],[c_0_68])])])).
cnf(c_0_87,plain,(vplus(X1,v0)=X1|~rreal(X1)), inference(er,[status(thm)],[c_0_69])).
cnf(c_0_88,plain,(rreal(v0)), inference(rw,[status(thm)],[c_0_70, c_0_71])).
fof(c_0_89, plain, (![X245]:![X246]:![X247]:![X248]:((((X247!=X248|~rreal(X248))|X245!=X246)|~rreal(X246))|vplus(X245,X247)=vplus(X247,X245))), inference(shift_quantors,[status(thm)],[inference(variable_rename,[status(thm)],[inference(shift_quantors,[status(thm)],[inference(fof_nnf,[status(thm)],[c_0_16])])])])).
cnf(c_0_90,plain,(rpoint(vd1300)), inference(split_conjunct,[status(thm)],[c_0_17])).
cnf(c_0_91,plain,(vd1299=vd1300), inference(split_conjunct,[status(thm)],[c_0_18])).
cnf(c_0_92,plain,(rpoint(esk5_0)), inference(split_conjunct,[status(thm)],[c_0_53])).
cnf(c_0_93,plain,(vd1288=esk5_0), inference(split_conjunct,[status(thm)],[c_0_53])).
cnf(c_0_94,plain,(rR(X1,X2,X3)|~rR(X4,X1,X3)|~rR(X1,X2,X4)|~rpoint(X3)|~rpoint(X4)|~rpoint(X1)|~rpoint(X2)), inference(er,[status(thm)],[inference(er,[status(thm)],[inference(er,[status(thm)],[inference(er,[status(thm)],[c_0_72])])])])).
cnf(c_0_95,plain,(X2=X4|X2=X6|vangle(X4,X2,X6)=v0|rR(X2,X4,X6)|~rpoint(X1)|X2!=X1|~rpoint(X3)|X4!=X3|~rpoint(X5)|X6!=X5|~rline(X7)|X8!=X7|~ron(X2,X8)|~ron(X4,X8)|~ron(X6,X8)), inference(split_conjunct,[status(thm)],[c_0_73])).
fof(c_0_96, plain, (![X291]:![X292]:![X293]:![X294]:![X295]:![X296]:((((~rR(X292,X291,X293)|(X293!=X294|~rpoint(X294)))|(X292!=X295|~rpoint(X295)))|(X291!=X296|~rpoint(X296)))|vplus(vf(X291,X292),vf(X292,X293))=vf(X291,X293))), inference(shift_quantors,[status(thm)],[inference(variable_rename,[status(thm)],[inference(fof_nnf,[status(thm)],[c_0_19])])])).
cnf(c_0_97,plain,(rreal(esk11_2(X2,X4))|~rpoint(X1)|X2!=X1|~rpoint(X3)|X4!=X3), inference(split_conjunct,[status(thm)],[c_0_74])).
cnf(c_0_98,plain,(vf(X2,X4)=esk11_2(X2,X4)|~rpoint(X1)|X2!=X1|~rpoint(X3)|X4!=X3), inference(split_conjunct,[status(thm)],[c_0_74])).
fof(c_0_99, plain, (![X261]:![X262]:![X263]:![X264]:(((((rinside(X261,X263)&X263=X264)&rcircle(X264))&X261=X262)&rpoint(X262))=>~ron(X261,X263))), inference(fof_simplification,[status(thm)],[c_0_20])).
fof(c_0_100, plain, (![X370]:![X371]:![X372]:![X373]:![X374]:![X375]:![X376]:![X377]:((((((((~ron(X370,X373)|(~rR(X372,X370,X371)|rinside(X372,X373)))|X373!=X374)|~rcircle(X374))|(X372!=X375|~rpoint(X375)))|(X371!=X376|~rpoint(X376)))|(X370!=X377|~rpoint(X377)))|~ron(X371,X373))&(((((((~rinside(X370,X373)|(~rR(X372,X370,X371)|rinside(X372,X373)))|X373!=X374)|~rcircle(X374))|(X372!=X375|~rpoint(X375)))|(X371!=X376|~rpoint(X376)))|(X370!=X377|~rpoint(X377)))|~ron(X371,X373)))), inference(distribute,[status(thm)],[inference(shift_quantors,[status(thm)],[inference(variable_rename,[status(thm)],[inference(shift_quantors,[status(thm)],[inference(fof_nnf,[status(thm)],[c_0_75])])])])])).
fof(c_0_101, plain, (![X704]:![X705]:![X706]:![X707]:![X708]:![X709]:![X710]:![X711]:(((vg(X704,X705,X706)!=v0|ron(X706,X707))|(((((((~ron(X705,X707)|~ron(X704,X707))|X704=X705)|X707!=X708)|~rline(X708))|(X706!=X709|~rpoint(X709)))|(X705!=X710|~rpoint(X710)))|(X704!=X711|~rpoint(X711))))&((~ron(X706,X707)|vg(X704,X705,X706)=v0)|(((((((~ron(X705,X707)|~ron(X704,X707))|X704=X705)|X707!=X708)|~rline(X708))|(X706!=X709|~rpoint(X709)))|(X705!=X710|~rpoint(X710)))|(X704!=X711|~rpoint(X711)))))), inference(distribute,[status(thm)],[inference(shift_quantors,[status(thm)],[inference(variable_rename,[status(thm)],[inference(shift_quantors,[status(thm)],[inference(fof_nnf,[status(thm)],[c_0_21])])])])])).
cnf(c_0_102,plain,(ron(X1,X2)|~rR(X3,X4,X1)|~rpoint(X1)|~rpoint(X3)|~rpoint(X4)|~rline(X2)|~ron(X3,X2)|~ron(X4,X2)), inference(er,[status(thm)],[inference(er,[status(thm)],[inference(er,[status(thm)],[inference(er,[status(thm)],[c_0_76])])])])).
cnf(c_0_103,plain,(rR(vd1289,vd1302,vd1287)), inference(cn,[status(thm)],[inference(rw,[status(thm)],[inference(rw,[status(thm)],[inference(rw,[status(thm)],[inference(spm,[status(thm)],[c_0_77, c_0_78]), c_0_79]), c_0_80]), c_0_81])])).
cnf(c_0_104,plain,(X2=X4|rline(esk7_2(X2,X4))|~rpoint(X1)|X2!=X1|~rpoint(X3)|X4!=X3), inference(split_conjunct,[status(thm)],[c_0_82])).
cnf(c_0_105,plain,(rless(X1,X2)|X2=X1|rless(X2,X1)|~rreal(X3)|X2!=X3|~rreal(X4)|X1!=X4), inference(split_conjunct,[status(thm)],[c_0_83])).
cnf(c_0_106,plain,(rreal(esk18_3(X2,X1,X4))|~rreal(X1)|X2!=X1|~rreal(X3)|X4!=X3), inference(split_conjunct,[status(thm)],[c_0_84])).
cnf(c_0_107,plain,(vplus(X2,X4)=esk18_3(X2,X1,X4)|~rreal(X1)|X2!=X1|~rreal(X3)|X4!=X3), inference(split_conjunct,[status(thm)],[c_0_84])).
cnf(c_0_108,plain,(~rreal(X1)|~rless(X1,X1)), inference(er,[status(thm)],[c_0_85])).
cnf(c_0_109,plain,(rless(vplus(X1,v0),X2)|~rreal(X2)|~rreal(X1)|~rless(X1,X2)), inference(cn,[status(thm)],[inference(rw,[status(thm)],[inference(spm,[status(thm)],[c_0_86, c_0_87]), c_0_88])])).
cnf(c_0_110,plain,(vplus(X1,X2)=vplus(X2,X1)|~rreal(X3)|X1!=X3|~rreal(X4)|X2!=X4), inference(split_conjunct,[status(thm)],[c_0_89])).
fof(c_0_111, plain, (![X495]:![X496]:![X497]:![X498]:![X499]:![X500]:![X501]:![X502]:((((((~rR(X498,X495,X496)|~rR(X496,X495,X497))|(X498!=X499|~rpoint(X499)))|(X497!=X500|~rpoint(X500)))|(X496!=X501|~rpoint(X501)))|(X495!=X502|~rpoint(X502)))|rR(X498,X495,X497))), inference(shift_quantors,[status(thm)],[inference(variable_rename,[status(thm)],[inference(fof_nnf,[status(thm)],[c_0_22])])])).
fof(c_0_112, plain, (![X479]:![X480]:![X481]:![X482]:((((((rR(X480,X479,X482)&rR(X480,X479,X481))&?[X483]:(X482=X483&rpoint(X483)))&?[X484]:(X481=X484&rpoint(X484)))&?[X485]:(X480=X485&rpoint(X485)))&?[X486]:(X479=X486&rpoint(X486)))=>~rR(X480,X481,X482))), inference(fof_simplification,[status(thm)],[c_0_23])).
cnf(c_0_113,plain,(rR(vd1288,vd1287,vd1299)), inference(split_conjunct,[status(thm)],[c_0_8])).
cnf(c_0_114,plain,(rpoint(vd1299)), inference(rw,[status(thm)],[c_0_90, c_0_91])).
cnf(c_0_115,plain,(rpoint(vd1288)), inference(rw,[status(thm)],[c_0_92, c_0_93])).
cnf(c_0_116,plain,(rR(vd1287,X1,vd1302)|~rR(vd1287,X1,vd1289)|~rpoint(X1)), inference(cn,[status(thm)],[inference(rw,[status(thm)],[inference(rw,[status(thm)],[inference(rw,[status(thm)],[inference(spm,[status(thm)],[c_0_94, c_0_78]), c_0_79]), c_0_80]), c_0_81])])).
cnf(c_0_117,plain,(vangle(X1,X2,X3)=v0|X2=X3|X2=X1|rR(X2,X1,X3)|~rpoint(X3)|~rpoint(X1)|~rpoint(X2)|~rline(X4)|~ron(X3,X4)|~ron(X1,X4)|~ron(X2,X4)), inference(er,[status(thm)],[inference(er,[status(thm)],[inference(er,[status(thm)],[inference(er,[status(thm)],[c_0_95])])])])).
cnf(c_0_118,plain,(ron(vd1289,vd1297)), inference(split_conjunct,[status(thm)],[c_0_24])).
cnf(c_0_119,plain,(rline(vd1297)), inference(split_conjunct,[status(thm)],[c_0_25])).
fof(c_0_120, plain, (![X47]:![X48]:![X49]:![X50]:(((X48!=X49|~rpoint(X49))|(X47!=X50|~rpoint(X50)))|vf(X47,X48)=vf(X48,X47))), inference(shift_quantors,[status(thm)],[inference(variable_rename,[status(thm)],[inference(fof_nnf,[status(thm)],[c_0_26])])])).
cnf(c_0_121,plain,(vplus(vf(X1,X2),vf(X2,X3))=vf(X1,X3)|~rpoint(X4)|X1!=X4|~rpoint(X5)|X2!=X5|~rpoint(X6)|X3!=X6|~rR(X2,X1,X3)), inference(split_conjunct,[status(thm)],[c_0_96])).
cnf(c_0_122,plain,(rreal(esk11_2(X1,X2))|~rpoint(X2)|~rpoint(X1)), inference(er,[status(thm)],[inference(er,[status(thm)],[c_0_97])])).
cnf(c_0_123,plain,(esk11_2(X1,X2)=vf(X1,X2)|~rpoint(X2)|~rpoint(X1)), inference(er,[status(thm)],[inference(er,[status(thm)],[c_0_98])])).
fof(c_0_124, plain, (![X265]:![X266]:![X267]:![X268]:(((((~rinside(X265,X267)|X267!=X268)|~rcircle(X268))|X265!=X266)|~rpoint(X266))|~ron(X265,X267))), inference(shift_quantors,[status(thm)],[inference(variable_rename,[status(thm)],[inference(shift_quantors,[status(thm)],[inference(fof_nnf,[status(thm)],[c_0_99])])])])).
cnf(c_0_125,plain,(rinside(X7,X2)|~ron(X1,X2)|~rpoint(X3)|X4!=X3|~rpoint(X5)|X1!=X5|~rpoint(X6)|X7!=X6|~rcircle(X8)|X2!=X8|~rR(X7,X4,X1)|~rinside(X4,X2)), inference(split_conjunct,[status(thm)],[c_0_100])).
fof(c_0_126, plain, (![X285]:![X286]:![X287]:![X288]:(((ron(X286,esk15_2(X285,X286))|((X285=X286|(X286!=X287|~rpoint(X287)))|(X285!=X288|~rpoint(X288))))&(rcenter(X285,esk15_2(X285,X286))|((X285=X286|(X286!=X287|~rpoint(X287)))|(X285!=X288|~rpoint(X288)))))&(rcircle(esk15_2(X285,X286))|((X285=X286|(X286!=X287|~rpoint(X287)))|(X285!=X288|~rpoint(X288)))))), inference(distribute,[status(thm)],[inference(shift_quantors,[status(thm)],[inference(skolemize,[status(esa)],[inference(variable_rename,[status(thm)],[inference(fof_nnf,[status(thm)],[c_0_27])])])])])).
fof(c_0_127, plain, (![X295]:![X296]:![X297]:![X298]:![X299]:![X300]:(((((((((((((~ron(X298,X299)&X299=X300)&rline(X300))&X297!=X298)&X296!=X298)&X296!=X297)&X295!=X298)&X295!=X297)&X295!=X296)&?[X301]:(X298=X301&rpoint(X301)))&?[X302]:(X297=X302&rpoint(X302)))&?[X303]:(X296=X303&rpoint(X303)))&?[X304]:(X295=X304&rpoint(X304)))=>(rR(X297,X295,X296)<=>vplus(vg(X295,X297,X298),vg(X298,X297,X296))=vg(X295,X298,X296)))), inference(fof_simplification,[status(thm)],[c_0_28])).
cnf(c_0_128,plain,(X2=X4|vg(X2,X4,X6)=v0|~rpoint(X1)|X2!=X1|~rpoint(X3)|X4!=X3|~rpoint(X5)|X6!=X5|~rline(X7)|X8!=X7|~ron(X2,X8)|~ron(X4,X8)|~ron(X6,X8)), inference(split_conjunct,[status(thm)],[c_0_101])).
cnf(c_0_129,plain,(X2=X4|ron(X4,esk7_2(X2,X4))|~rpoint(X1)|X2!=X1|~rpoint(X3)|X4!=X3), inference(split_conjunct,[status(thm)],[c_0_82])).
cnf(c_0_130,plain,(ron(vd1287,X1)|~rline(X1)|~ron(vd1289,X1)|~ron(vd1302,X1)), inference(cn,[status(thm)],[inference(rw,[status(thm)],[inference(rw,[status(thm)],[inference(rw,[status(thm)],[inference(spm,[status(thm)],[c_0_102, c_0_103]), c_0_81]), c_0_80]), c_0_79])])).
cnf(c_0_131,plain,(X1=X2|rline(esk7_2(X1,X2))|~rpoint(X2)|~rpoint(X1)), inference(er,[status(thm)],[inference(er,[status(thm)],[c_0_104])])).
cnf(c_0_132,plain,(X2=X4|ron(X2,esk7_2(X2,X4))|~rpoint(X1)|X2!=X1|~rpoint(X3)|X4!=X3), inference(split_conjunct,[status(thm)],[c_0_82])).
cnf(c_0_133,plain,(rless(X1,vplus(X2,v0))|~rreal(X2)|~rreal(X1)|~rless(X1,X2)), inference(cn,[status(thm)],[inference(rw,[status(thm)],[inference(spm,[status(thm)],[c_0_86, c_0_87]), c_0_88])])).
cnf(c_0_134,plain,(X1=X2|rless(X2,X1)|rless(X1,X2)|~rreal(X1)|~rreal(X2)), inference(er,[status(thm)],[inference(er,[status(thm)],[c_0_105])])).
cnf(c_0_135,plain,(rreal(esk18_3(X1,X1,X2))|~rreal(X2)|~rreal(X1)), inference(er,[status(thm)],[inference(er,[status(thm)],[c_0_106])])).
cnf(c_0_136,plain,(esk18_3(X1,X1,X2)=vplus(X1,X2)|~rreal(X2)|~rreal(X1)), inference(er,[status(thm)],[inference(er,[status(thm)],[c_0_107])])).
cnf(c_0_137,plain,(~rreal(vplus(X1,v0))|~rreal(X1)|~rless(X1,vplus(X1,v0))), inference(spm,[status(thm)],[c_0_108, c_0_109])).
cnf(c_0_138,plain,(vplus(X1,X2)=vplus(X2,X1)|~rreal(X2)|~rreal(X1)), inference(er,[status(thm)],[inference(er,[status(thm)],[c_0_110])])).
cnf(c_0_139,plain,(rR(X1,X2,X3)|~rpoint(X4)|X2!=X4|~rpoint(X5)|X6!=X5|~rpoint(X7)|X3!=X7|~rpoint(X8)|X1!=X8|~rR(X6,X2,X3)|~rR(X1,X2,X6)), inference(split_conjunct,[status(thm)],[c_0_111])).
fof(c_0_140, plain, (![X487]:![X488]:![X489]:![X490]:![X491]:![X492]:![X493]:![X494]:((((((~rR(X488,X487,X490)|~rR(X488,X487,X489))|(X490!=X491|~rpoint(X491)))|(X489!=X492|~rpoint(X492)))|(X488!=X493|~rpoint(X493)))|(X487!=X494|~rpoint(X494)))|~rR(X488,X489,X490))), inference(shift_quantors,[status(thm)],[inference(variable_rename,[status(thm)],[inference(fof_nnf,[status(thm)],[c_0_112])])])).
cnf(c_0_141,plain,(rR(vd1287,X1,vd1299)|~rR(vd1287,X1,vd1288)|~rpoint(X1)), inference(cn,[status(thm)],[inference(rw,[status(thm)],[inference(rw,[status(thm)],[inference(rw,[status(thm)],[inference(spm,[status(thm)],[c_0_94, c_0_113]), c_0_114]), c_0_115]), c_0_81])])).
cnf(c_0_142,plain,(rR(vd1287,vd1302,X1)|~rR(vd1287,X1,vd1289)|~rpoint(X1)), inference(cn,[status(thm)],[inference(rw,[status(thm)],[inference(rw,[status(thm)],[inference(spm,[status(thm)],[c_0_77, c_0_116]), c_0_79]), c_0_81])])).
cnf(c_0_143,plain,(vangle(X1,X2,vd1289)=v0|X2=vd1289|X2=X1|rR(X2,X1,vd1289)|~rpoint(X1)|~rpoint(X2)|~ron(X1,vd1297)|~ron(X2,vd1297)), inference(cn,[status(thm)],[inference(rw,[status(thm)],[inference(rw,[status(thm)],[inference(spm,[status(thm)],[c_0_117, c_0_118]), c_0_80]), c_0_119])])).
cnf(c_0_144,plain,(ron(vd1287,vd1297)), inference(split_conjunct,[status(thm)],[c_0_29])).
cnf(c_0_145,plain,(vd1287!=vd1289), inference(split_conjunct,[status(thm)],[c_0_53])).
cnf(c_0_146,plain,(vf(X1,X2)=vf(X2,X1)|~rpoint(X3)|X1!=X3|~rpoint(X4)|X2!=X4), inference(split_conjunct,[status(thm)],[c_0_120])).
cnf(c_0_147,plain,(vplus(vf(X1,X2),vf(X2,X3))=vf(X1,X3)|~rR(X2,X1,X3)|~rpoint(X3)|~rpoint(X2)|~rpoint(X1)), inference(er,[status(thm)],[inference(er,[status(thm)],[inference(er,[status(thm)],[c_0_121])])])).
cnf(c_0_148,plain,(rreal(vf(X1,X2))|~rpoint(X2)|~rpoint(X1)), inference(spm,[status(thm)],[c_0_122, c_0_123])).
cnf(c_0_149,plain,(~ron(X1,X2)|~rpoint(X3)|X1!=X3|~rcircle(X4)|X2!=X4|~rinside(X1,X2)), inference(split_conjunct,[status(thm)],[c_0_124])).
cnf(c_0_150,plain,(rinside(X1,X2)|~rcircle(X2)|~rinside(X3,X2)|~rR(X1,X3,X4)|~rpoint(X1)|~rpoint(X4)|~rpoint(X3)|~ron(X4,X2)), inference(er,[status(thm)],[inference(er,[status(thm)],[inference(er,[status(thm)],[inference(er,[status(thm)],[c_0_125])])])])).
fof(c_0_151, plain, (![X497]:![X498]:(~rcenter(X497,X498)|rinside(X497,X498))), inference(variable_rename,[status(thm)],[inference(fof_nnf,[status(thm)],[c_0_30])])).
cnf(c_0_152,plain,(X2=X4|rcenter(X2,esk15_2(X2,X4))|~rpoint(X1)|X2!=X1|~rpoint(X3)|X4!=X3), inference(split_conjunct,[status(thm)],[c_0_126])).
fof(c_0_153, plain, (![X129]:![X130]:![X131]:![X132]:![X133]:![X134]:(((vf(X131,X129)!=vf(X131,X133)|ron(X129,X132))|(((((~ron(X133,X132)|X133!=X134)|~rpoint(X134))|~rcenter(X131,X132))|X129!=X130)|~rpoint(X130)))&((~ron(X129,X132)|vf(X131,X129)=vf(X131,X133))|(((((~ron(X133,X132)|X133!=X134)|~rpoint(X134))|~rcenter(X131,X132))|X129!=X130)|~rpoint(X130))))), inference(distribute,[status(thm)],[inference(shift_quantors,[status(thm)],[inference(variable_rename,[status(thm)],[inference(shift_quantors,[status(thm)],[inference(fof_nnf,[status(thm)],[c_0_31])])])])])).
fof(c_0_154, plain, (![X228]:![X229]:![X230]:![X231]:![X232]:![X233]:![X234]:![X235]:(((((((((~ron(X229,X231)|~ron(X229,X230))|~ron(X228,X231))|~ron(X228,X230))|(X231!=X232|~rline(X232)))|(X230!=X233|~rline(X233)))|X228=X229)|(X229!=X234|~rpoint(X234)))|(X228!=X235|~rpoint(X235)))|X230=X231)), inference(shift_quantors,[status(thm)],[inference(variable_rename,[status(thm)],[inference(fof_nnf,[status(thm)],[c_0_32])])])).
fof(c_0_155, plain, (![X305]:![X306]:![X307]:![X308]:![X309]:![X310]:![X311]:![X312]:![X313]:![X314]:(((~rR(X307,X305,X306)|vplus(vg(X305,X307,X308),vg(X308,X307,X306))=vg(X305,X308,X306))|((((((((((((ron(X308,X309)|X309!=X310)|~rline(X310))|X307=X308)|X306=X308)|X306=X307)|X305=X308)|X305=X307)|X305=X306)|(X308!=X311|~rpoint(X311)))|(X307!=X312|~rpoint(X312)))|(X306!=X313|~rpoint(X313)))|(X305!=X314|~rpoint(X314))))&((vplus(vg(X305,X307,X308),vg(X308,X307,X306))!=vg(X305,X308,X306)|rR(X307,X305,X306))|((((((((((((ron(X308,X309)|X309!=X310)|~rline(X310))|X307=X308)|X306=X308)|X306=X307)|X305=X308)|X305=X307)|X305=X306)|(X308!=X311|~rpoint(X311)))|(X307!=X312|~rpoint(X312)))|(X306!=X313|~rpoint(X313)))|(X305!=X314|~rpoint(X314)))))), inference(distribute,[status(thm)],[inference(shift_quantors,[status(thm)],[inference(variable_rename,[status(thm)],[inference(shift_quantors,[status(thm)],[inference(fof_nnf,[status(thm)],[c_0_127])])])])])).
cnf(c_0_156,plain,(vg(X1,X2,X3)=v0|X1=X2|~rpoint(X3)|~rpoint(X2)|~rpoint(X1)|~rline(X4)|~ron(X3,X4)|~ron(X2,X4)|~ron(X1,X4)), inference(er,[status(thm)],[inference(er,[status(thm)],[inference(er,[status(thm)],[inference(er,[status(thm)],[c_0_128])])])])).
cnf(c_0_157,plain,(X1=X2|ron(X2,esk7_2(X1,X2))|~rpoint(X2)|~rpoint(X1)), inference(er,[status(thm)],[inference(er,[status(thm)],[c_0_129])])).
cnf(c_0_158,plain,(X1=X2|ron(vd1287,esk7_2(X1,X2))|~rpoint(X2)|~rpoint(X1)|~ron(vd1289,esk7_2(X1,X2))|~ron(vd1302,esk7_2(X1,X2))), inference(spm,[status(thm)],[c_0_130, c_0_131])).
cnf(c_0_159,plain,(X1=X2|ron(X1,esk7_2(X1,X2))|~rpoint(X2)|~rpoint(X1)), inference(er,[status(thm)],[inference(er,[status(thm)],[c_0_132])])).
cnf(c_0_160,plain,(~rreal(vplus(X1,v0))|~rreal(X1)|~rless(vplus(X1,v0),X1)), inference(spm,[status(thm)],[c_0_108, c_0_133])).
cnf(c_0_161,plain,(v0=X1|rless(X1,v0)|rless(v0,X1)|~rreal(X1)), inference(spm,[status(thm)],[c_0_134, c_0_88])).
cnf(c_0_162,plain,(rreal(vplus(X1,X2))|~rreal(X2)|~rreal(X1)), inference(spm,[status(thm)],[c_0_135, c_0_136])).
cnf(c_0_163,plain,(~rreal(vplus(vplus(X1,v0),v0))|~rreal(vplus(X1,v0))|~rreal(X1)|~rless(X1,vplus(vplus(X1,v0),v0))), inference(spm,[status(thm)],[c_0_137, c_0_109])).
cnf(c_0_164,plain,(vplus(v0,X1)=X1|~rreal(X1)), inference(cn,[status(thm)],[inference(rw,[status(thm)],[inference(spm,[status(thm)],[c_0_87, c_0_138]), c_0_88])])).
cnf(c_0_165,plain,(rR(X1,X2,X3)|~rR(X4,X2,X3)|~rR(X1,X2,X4)|~rpoint(X1)|~rpoint(X3)|~rpoint(X4)|~rpoint(X2)), inference(er,[status(thm)],[inference(er,[status(thm)],[inference(er,[status(thm)],[inference(er,[status(thm)],[c_0_139])])])])).
cnf(c_0_166,plain,(rR(vd1306,vd1287,vd1302)), inference(split_conjunct,[status(thm)],[c_0_33])).
cnf(c_0_167,plain,(rpoint(vd1306)), inference(split_conjunct,[status(thm)],[c_0_34])).
cnf(c_0_168,plain,(~rR(X1,X2,X3)|~rpoint(X4)|X5!=X4|~rpoint(X6)|X1!=X6|~rpoint(X7)|X2!=X7|~rpoint(X8)|X3!=X8|~rR(X1,X5,X2)|~rR(X1,X5,X3)), inference(split_conjunct,[status(thm)],[c_0_140])).
cnf(c_0_169,plain,(rR(vd1287,vd1299,X1)|~rR(vd1287,X1,vd1288)|~rpoint(X1)), inference(cn,[status(thm)],[inference(rw,[status(thm)],[inference(rw,[status(thm)],[inference(spm,[status(thm)],[c_0_77, c_0_141]), c_0_114]), c_0_81])])).
cnf(c_0_170,plain,(vangle(X1,vd1287,vd1289)=v0|vd1287=X1|rR(vd1287,vd1302,X1)|~rpoint(X1)|~ron(X1,vd1297)), inference(sr,[status(thm)],[inference(cn,[status(thm)],[inference(rw,[status(thm)],[inference(rw,[status(thm)],[inference(spm,[status(thm)],[c_0_142, c_0_143]), c_0_81]), c_0_144])]), c_0_145])).
cnf(c_0_171,plain,(vd1287!=vd1288), inference(split_conjunct,[status(thm)],[c_0_53])).
cnf(c_0_172,plain,(vf(X1,X2)=vf(X2,X1)|~rpoint(X2)|~rpoint(X1)), inference(er,[status(thm)],[inference(er,[status(thm)],[c_0_146])])).
cnf(c_0_173,plain,(vplus(vf(X1,X2),vf(X3,X1))=vf(X3,X2)|~rR(X1,X3,X2)|~rpoint(X2)|~rpoint(X1)|~rpoint(X3)), inference(csr,[status(thm)],[inference(csr,[status(thm)],[inference(spm,[status(thm)],[c_0_138, c_0_147]), c_0_148]), c_0_148])).
cnf(c_0_174,plain,(vf(vd1287,vd1299)=vf(vd1287,vd1306)), inference(split_conjunct,[status(thm)],[c_0_35])).
cnf(c_0_175,plain,(~rcircle(X1)|~rinside(X2,X1)|~rpoint(X2)|~ron(X2,X1)), inference(er,[status(thm)],[inference(er,[status(thm)],[c_0_149])])).
cnf(c_0_176,plain,(rinside(vd1289,X1)|~rcircle(X1)|~rinside(vd1287,X1)|~ron(vd1302,X1)), inference(cn,[status(thm)],[inference(rw,[status(thm)],[inference(rw,[status(thm)],[inference(rw,[status(thm)],[inference(spm,[status(thm)],[c_0_150, c_0_78]), c_0_80]), c_0_79]), c_0_81])])).
cnf(c_0_177,plain,(rinside(X1,X2)|~rcenter(X1,X2)), inference(split_conjunct,[status(thm)],[c_0_151])).
cnf(c_0_178,plain,(X1=X2|rcenter(X1,esk15_2(X1,X2))|~rpoint(X2)|~rpoint(X1)), inference(er,[status(thm)],[inference(er,[status(thm)],[c_0_152])])).
cnf(c_0_179,plain,(ron(X2,X4)|~rpoint(X1)|X2!=X1|~rcenter(X3,X4)|~rpoint(X5)|X6!=X5|~ron(X6,X4)|vf(X3,X2)!=vf(X3,X6)), inference(split_conjunct,[status(thm)],[c_0_153])).
cnf(c_0_180,plain,(X1=X2|X4=X6|~rpoint(X3)|X4!=X3|~rpoint(X5)|X6!=X5|~rline(X7)|X1!=X7|~rline(X8)|X2!=X8|~ron(X4,X1)|~ron(X4,X2)|~ron(X6,X1)|~ron(X6,X2)), inference(split_conjunct,[status(thm)],[c_0_154])).
cnf(c_0_181,plain,(X2=X4|X2=X6|X2=X8|X4=X6|X4=X8|X6=X8|ron(X8,X10)|rR(X6,X2,X4)|~rpoint(X1)|X2!=X1|~rpoint(X3)|X4!=X3|~rpoint(X5)|X6!=X5|~rpoint(X7)|X8!=X7|~rline(X9)|X10!=X9|vplus(vg(X2,X6,X8),vg(X8,X6,X4))!=vg(X2,X8,X4)), inference(split_conjunct,[status(thm)],[c_0_155])).
cnf(c_0_182,plain,(ron(vd1306,vd1297)), inference(split_conjunct,[status(thm)],[c_0_36])).
cnf(c_0_183,plain,(vg(X1,X2,X3)=v0|X4=X3|X1=X2|~rpoint(X3)|~rpoint(X2)|~rpoint(X1)|~rpoint(X4)|~ron(X2,esk7_2(X4,X3))|~ron(X1,esk7_2(X4,X3))), inference(csr,[status(thm)],[inference(spm,[status(thm)],[c_0_156, c_0_157]), c_0_131])).
cnf(c_0_184,plain,(vd1302=X1|ron(vd1287,esk7_2(vd1302,X1))|~rpoint(X1)|~ron(vd1289,esk7_2(vd1302,X1))), inference(cn,[status(thm)],[inference(rw,[status(thm)],[inference(spm,[status(thm)],[c_0_158, c_0_159]), c_0_79])])).
cnf(c_0_185,plain,(~rreal(vplus(v0,X1))|~rreal(X1)|~rless(vplus(v0,X1),X1)), inference(cn,[status(thm)],[inference(rw,[status(thm)],[inference(spm,[status(thm)],[c_0_160, c_0_138]), c_0_88])])).
cnf(c_0_186,plain,(vplus(X1,X2)=v0|rless(v0,vplus(X1,X2))|rless(vplus(X1,X2),v0)|~rreal(X2)|~rreal(X1)), inference(spm,[status(thm)],[c_0_161, c_0_162])).
cnf(c_0_187,plain,(~rreal(vplus(v0,v0))|~rless(v0,vplus(v0,v0))), inference(cn,[status(thm)],[inference(rw,[status(thm)],[inference(spm,[status(thm)],[c_0_163, c_0_164]), c_0_88])])).
cnf(c_0_188,plain,(~rpoint(X1)|X2!=X1|~rpoint(X3)|X4!=X3|~rpoint(X5)|X6!=X5|~rR(X4,X2,X6)|X2!=X4), inference(split_conjunct,[status(thm)],[c_0_52])).
cnf(c_0_189,plain,(rR(X1,vd1287,vd1302)|~rR(X1,vd1287,vd1306)|~rpoint(X1)), inference(cn,[status(thm)],[inference(rw,[status(thm)],[inference(rw,[status(thm)],[inference(rw,[status(thm)],[inference(spm,[status(thm)],[c_0_165, c_0_166]), c_0_79]), c_0_167]), c_0_81])])).
cnf(c_0_190,plain,(~rR(X1,X2,X3)|~rR(X1,X2,X4)|~rR(X1,X4,X3)|~rpoint(X3)|~rpoint(X4)|~rpoint(X1)|~rpoint(X2)), inference(er,[status(thm)],[inference(er,[status(thm)],[inference(er,[status(thm)],[inference(er,[status(thm)],[c_0_168])])])])).
cnf(c_0_191,plain,(rR(vd1288,vd1299,vd1287)), inference(cn,[status(thm)],[inference(rw,[status(thm)],[inference(rw,[status(thm)],[inference(rw,[status(thm)],[inference(spm,[status(thm)],[c_0_77, c_0_113]), c_0_114]), c_0_115]), c_0_81])])).
cnf(c_0_192,plain,(vangle(vd1288,vd1287,vd1289)=v0|rR(vd1287,vd1299,vd1302)|~ron(vd1288,vd1297)), inference(sr,[status(thm)],[inference(cn,[status(thm)],[inference(rw,[status(thm)],[inference(rw,[status(thm)],[inference(spm,[status(thm)],[c_0_169, c_0_170]), c_0_79]), c_0_115])]), c_0_171])).
cnf(c_0_193,plain,(vplus(vf(X1,X2),vf(X3,X2))=vf(X1,X3)|~rR(X2,X1,X3)|~rpoint(X3)|~rpoint(X2)|~rpoint(X1)), inference(spm,[status(thm)],[c_0_147, c_0_172])).
cnf(c_0_194,plain,(vplus(vf(vd1306,X1),vf(vd1287,vd1299))=vf(vd1287,X1)|~rR(vd1306,vd1287,X1)|~rpoint(X1)), inference(cn,[status(thm)],[inference(rw,[status(thm)],[inference(rw,[status(thm)],[inference(spm,[status(thm)],[c_0_173, c_0_174]), c_0_167]), c_0_81])])).
cnf(c_0_195,plain,(~rcircle(X1)|~rinside(vd1287,X1)|~ron(vd1289,X1)|~ron(vd1302,X1)), inference(cn,[status(thm)],[inference(rw,[status(thm)],[inference(spm,[status(thm)],[c_0_175, c_0_176]), c_0_80])])).
cnf(c_0_196,plain,(X1=X2|rinside(X1,esk15_2(X1,X2))|~rpoint(X2)|~rpoint(X1)), inference(spm,[status(thm)],[c_0_177, c_0_178])).
cnf(c_0_197,plain,(X2=X4|rcircle(esk15_2(X2,X4))|~rpoint(X1)|X2!=X1|~rpoint(X3)|X4!=X3), inference(split_conjunct,[status(thm)],[c_0_126])).
cnf(c_0_198,plain,(ron(X1,X2)|vf(X3,X1)!=vf(X3,X4)|~rcenter(X3,X2)|~rpoint(X4)|~rpoint(X1)|~ron(X4,X2)), inference(er,[status(thm)],[inference(er,[status(thm)],[c_0_179])])).
cnf(c_0_199,plain,(X2=X4|ron(X4,esk15_2(X2,X4))|~rpoint(X1)|X2!=X1|~rpoint(X3)|X4!=X3), inference(split_conjunct,[status(thm)],[c_0_126])).
cnf(c_0_200,plain,(X1=X2|X3=X4|~rpoint(X2)|~rpoint(X1)|~rline(X4)|~rline(X3)|~ron(X2,X4)|~ron(X2,X3)|~ron(X1,X4)|~ron(X1,X3)), inference(er,[status(thm)],[inference(er,[status(thm)],[inference(er,[status(thm)],[inference(er,[status(thm)],[c_0_180])])])])).
cnf(c_0_201,plain,(X1=X2|X3=X2|X3=X1|X4=X2|X4=X1|X4=X3|rR(X1,X4,X3)|ron(X2,X5)|vplus(vg(X4,X1,X2),vg(X2,X1,X3))!=vg(X4,X2,X3)|~rpoint(X2)|~rpoint(X1)|~rpoint(X3)|~rpoint(X4)|~rline(X5)), inference(er,[status(thm)],[inference(er,[status(thm)],[inference(er,[status(thm)],[inference(er,[status(thm)],[inference(er,[status(thm)],[c_0_181])])])])])).
cnf(c_0_202,plain,(vg(X1,X2,vd1306)=v0|X1=X2|~rpoint(X2)|~rpoint(X1)|~ron(X2,vd1297)|~ron(X1,vd1297)), inference(cn,[status(thm)],[inference(rw,[status(thm)],[inference(rw,[status(thm)],[inference(spm,[status(thm)],[c_0_156, c_0_182]), c_0_167]), c_0_119])])).
cnf(c_0_203,plain,(vg(X1,X2,X3)=v0|X1=X2|X2=X3|~rpoint(X3)|~rpoint(X2)|~rpoint(X1)|~ron(X1,esk7_2(X2,X3))), inference(spm,[status(thm)],[c_0_183, c_0_159])).
cnf(c_0_204,plain,(vd1302=vd1289|ron(vd1287,esk7_2(vd1302,vd1289))), inference(cn,[status(thm)],[inference(rw,[status(thm)],[inference(rw,[status(thm)],[inference(spm,[status(thm)],[c_0_184, c_0_157]), c_0_80]), c_0_79])])).
cnf(c_0_205,plain,(vplus(v0,v0)=v0|~rreal(vplus(v0,v0))), inference(csr,[status(thm)],[inference(cn,[status(thm)],[inference(rw,[status(thm)],[inference(spm,[status(thm)],[c_0_185, c_0_186]), c_0_88])]), c_0_187])).
cnf(c_0_206,plain,(~rR(X1,X1,X2)|~rpoint(X2)|~rpoint(X1)), inference(er,[status(thm)],[inference(er,[status(thm)],[inference(er,[status(thm)],[inference(er,[status(thm)],[c_0_188])])])])).
cnf(c_0_207,plain,(rR(X1,vd1302,vd1287)|~rR(X1,vd1287,vd1306)|~rpoint(X1)), inference(cn,[status(thm)],[inference(rw,[status(thm)],[inference(rw,[status(thm)],[inference(spm,[status(thm)],[c_0_77, c_0_189]), c_0_79]), c_0_81])])).
cnf(c_0_208,plain,(vf(vd1287,vd1288)=vf(vd1287,vd1289)), inference(split_conjunct,[status(thm)],[c_0_53])).
cnf(c_0_209,plain,(~rR(vd1288,vd1299,X1)|~rR(vd1288,X1,vd1287)|~rpoint(X1)), inference(cn,[status(thm)],[inference(rw,[status(thm)],[inference(rw,[status(thm)],[inference(rw,[status(thm)],[inference(spm,[status(thm)],[c_0_190, c_0_191]), c_0_81]), c_0_115]), c_0_114])])).
cnf(c_0_210,plain,(vangle(vd1288,vd1287,vd1289)=v0|rR(X1,vd1299,vd1302)|~rR(X1,vd1299,vd1287)|~rpoint(X1)|~ron(vd1288,vd1297)), inference(cn,[status(thm)],[inference(rw,[status(thm)],[inference(rw,[status(thm)],[inference(rw,[status(thm)],[inference(spm,[status(thm)],[c_0_165, c_0_192]), c_0_79]), c_0_81]), c_0_114])])).
cnf(c_0_211,plain,(rR(X1,vd1287,vd1302)|~rR(X1,vd1287,vd1289)|~rpoint(X1)), inference(cn,[status(thm)],[inference(rw,[status(thm)],[inference(rw,[status(thm)],[inference(rw,[status(thm)],[inference(spm,[status(thm)],[c_0_165, c_0_78]), c_0_79]), c_0_80]), c_0_81])])).
cnf(c_0_212,plain,(vplus(vf(X1,vd1306),vf(vd1287,vd1299))=vf(X1,vd1287)|~rR(vd1306,X1,vd1287)|~rpoint(X1)), inference(cn,[status(thm)],[inference(rw,[status(thm)],[inference(rw,[status(thm)],[inference(spm,[status(thm)],[c_0_193, c_0_174]), c_0_81]), c_0_167])])).
cnf(c_0_213,plain,(vplus(vf(X1,vd1306),vf(vd1287,vd1299))=vf(vd1287,X1)|~rR(vd1306,vd1287,X1)|~rpoint(X1)), inference(cn,[status(thm)],[inference(rw,[status(thm)],[inference(spm,[status(thm)],[c_0_194, c_0_172]), c_0_167])])).
cnf(c_0_214,plain,(vd1287=X1|~rcircle(esk15_2(vd1287,X1))|~rpoint(X1)|~ron(vd1289,esk15_2(vd1287,X1))|~ron(vd1302,esk15_2(vd1287,X1))), inference(cn,[status(thm)],[inference(rw,[status(thm)],[inference(spm,[status(thm)],[c_0_195, c_0_196]), c_0_81])])).
cnf(c_0_215,plain,(X1=X2|rcircle(esk15_2(X1,X2))|~rpoint(X2)|~rpoint(X1)), inference(er,[status(thm)],[inference(er,[status(thm)],[c_0_197])])).
cnf(c_0_216,plain,(X1=X2|ron(X3,esk15_2(X1,X2))|vf(X1,X3)!=vf(X1,X4)|~rpoint(X4)|~rpoint(X3)|~rpoint(X2)|~rpoint(X1)|~ron(X4,esk15_2(X1,X2))), inference(spm,[status(thm)],[c_0_198, c_0_178])).
cnf(c_0_217,plain,(X1=X2|ron(X2,esk15_2(X1,X2))|~rpoint(X2)|~rpoint(X1)), inference(er,[status(thm)],[inference(er,[status(thm)],[c_0_199])])).
cnf(c_0_218,plain,(X1=esk7_2(X2,X3)|X2=X3|X4=X3|~rpoint(X3)|~rpoint(X4)|~rpoint(X2)|~rline(X1)|~ron(X4,esk7_2(X2,X3))|~ron(X3,X1)|~ron(X4,X1)), inference(csr,[status(thm)],[inference(spm,[status(thm)],[c_0_200, c_0_157]), c_0_131])).
cnf(c_0_219,plain,(vd1306=X1|vd1306=X2|X3=vd1306|X2=X1|X3=X1|X3=X2|rR(X2,X3,vd1306)|ron(X1,X4)|vplus(vg(X3,X2,X1),v0)!=vg(X3,X1,vd1306)|~rpoint(X1)|~rpoint(X2)|~rpoint(X3)|~rline(X4)|~ron(X2,vd1297)|~ron(X1,vd1297)), inference(cn,[status(thm)],[inference(rw,[status(thm)],[inference(spm,[status(thm)],[c_0_201, c_0_202]), c_0_167])])).
cnf(c_0_220,plain,(vg(vd1287,vd1302,vd1289)=v0|vd1302=vd1289|vd1302=vd1287), inference(cn,[status(thm)],[inference(rw,[status(thm)],[inference(rw,[status(thm)],[inference(rw,[status(thm)],[inference(spm,[status(thm)],[c_0_203, c_0_204]), c_0_80]), c_0_79]), c_0_81])])).
cnf(c_0_221,plain,(vplus(v0,v0)=v0), inference(cn,[status(thm)],[inference(rw,[status(thm)],[inference(spm,[status(thm)],[c_0_205, c_0_162]), c_0_88])])).
cnf(c_0_222,plain,(ron(vd1302,vd1297)), inference(split_conjunct,[status(thm)],[c_0_37])).
cnf(c_0_223,plain,(vd1306!=vd1302), inference(split_conjunct,[status(thm)],[c_0_38])).
cnf(c_0_224,plain,(vd1306!=vd1287), inference(split_conjunct,[status(thm)],[c_0_39])).
cnf(c_0_225,plain,(~rR(vd1302,vd1287,vd1306)), inference(cn,[status(thm)],[inference(rw,[status(thm)],[inference(rw,[status(thm)],[inference(spm,[status(thm)],[c_0_206, c_0_207]), c_0_81]), c_0_79])])).
cnf(c_0_226,plain,(vplus(vf(vd1287,vd1289),vf(vd1288,X1))=vf(vd1287,X1)|~rR(vd1288,vd1287,X1)|~rpoint(X1)), inference(cn,[status(thm)],[inference(rw,[status(thm)],[inference(rw,[status(thm)],[inference(spm,[status(thm)],[c_0_147, c_0_208]), c_0_115]), c_0_81])])).
cnf(c_0_227,plain,(vf(vd1288,vd1299)=vf(vd1289,vd1306)), inference(split_conjunct,[status(thm)],[c_0_40])).
cnf(c_0_228,plain,(vangle(vd1288,vd1287,vd1289)=v0|~rR(vd1288,vd1302,vd1287)|~ron(vd1288,vd1297)), inference(cn,[status(thm)],[inference(rw,[status(thm)],[inference(rw,[status(thm)],[inference(rw,[status(thm)],[inference(spm,[status(thm)],[c_0_209, c_0_210]), c_0_79]), c_0_191]), c_0_115])])).
cnf(c_0_229,plain,(rR(X1,vd1302,vd1287)|~rR(X1,vd1287,vd1289)|~rpoint(X1)), inference(cn,[status(thm)],[inference(rw,[status(thm)],[inference(rw,[status(thm)],[inference(spm,[status(thm)],[c_0_77, c_0_211]), c_0_79]), c_0_81])])).
cnf(c_0_230,plain,(vf(vd1287,X1)=vf(X1,vd1287)|~rR(vd1306,X1,vd1287)|~rR(vd1306,vd1287,X1)|~rpoint(X1)), inference(spm,[status(thm)],[c_0_212, c_0_213])).
cnf(c_0_231,plain,(rR(vd1306,vd1302,vd1287)), inference(cn,[status(thm)],[inference(rw,[status(thm)],[inference(rw,[status(thm)],[inference(rw,[status(thm)],[inference(spm,[status(thm)],[c_0_77, c_0_166]), c_0_79]), c_0_167]), c_0_81])])).
cnf(c_0_232,plain,(vd1287=X1|~rpoint(X1)|~ron(vd1289,esk15_2(vd1287,X1))|~ron(vd1302,esk15_2(vd1287,X1))), inference(cn,[status(thm)],[inference(rw,[status(thm)],[inference(spm,[status(thm)],[c_0_214, c_0_215]), c_0_81])])).
cnf(c_0_233,plain,(X1=X2|ron(X3,esk15_2(X1,X2))|vf(X1,X3)!=vf(X1,X2)|~rpoint(X2)|~rpoint(X3)|~rpoint(X1)), inference(spm,[status(thm)],[c_0_216, c_0_217])).
cnf(c_0_234,plain,(X1=esk7_2(X2,X3)|X2=X3|~rpoint(X3)|~rpoint(X2)|~rline(X1)|~ron(X3,X1)|~ron(X2,X1)), inference(spm,[status(thm)],[c_0_218, c_0_159])).
cnf(c_0_235,plain,(ron(vd1287,vd1295)), inference(split_conjunct,[status(thm)],[c_0_41])).
cnf(c_0_236,plain,(rline(vd1295)), inference(split_conjunct,[status(thm)],[c_0_42])).
cnf(c_0_237,plain,(vd1302=vd1287|vd1302=vd1289|vd1306=vd1289|ron(vd1289,X1)|vg(vd1287,vd1289,vd1306)!=v0|~rline(X1)), inference(sr,[status(thm)],[inference(sr,[status(thm)],[inference(sr,[status(thm)],[inference(sr,[status(thm)],[inference(cn,[status(thm)],[inference(rw,[status(thm)],[inference(rw,[status(thm)],[inference(rw,[status(thm)],[inference(rw,[status(thm)],[inference(rw,[status(thm)],[inference(rw,[status(thm)],[inference(spm,[status(thm)],[c_0_219, c_0_220]), c_0_221]), c_0_80]), c_0_79]), c_0_81]), c_0_222]), c_0_118])]), c_0_223]), c_0_224]), c_0_145]), c_0_225])).
cnf(c_0_238,plain,(vplus(vf(vd1287,vd1289),vf(vd1289,vd1306))=vf(vd1287,vd1299)), inference(cn,[status(thm)],[inference(rw,[status(thm)],[inference(rw,[status(thm)],[inference(spm,[status(thm)],[c_0_226, c_0_227]), c_0_113]), c_0_114])])).
cnf(c_0_239,plain,(rreal(vf(vd1289,vd1306))), inference(cn,[status(thm)],[inference(rw,[status(thm)],[inference(rw,[status(thm)],[inference(spm,[status(thm)],[c_0_148, c_0_227]), c_0_114]), c_0_115])])).
cnf(c_0_240,plain,(rreal(vf(vd1287,vd1289))), inference(cn,[status(thm)],[inference(rw,[status(thm)],[inference(rw,[status(thm)],[inference(spm,[status(thm)],[c_0_148, c_0_208]), c_0_115]), c_0_81])])).
cnf(c_0_241,plain,(X2=X4|X2=X6|ron(X6,X8)|~rpoint(X1)|X2!=X1|~rpoint(X3)|X4!=X3|~rpoint(X5)|X6!=X5|~rline(X7)|X8!=X7|~ron(X2,X8)|~ron(X4,X8)|vangle(X4,X2,X6)!=v0), inference(split_conjunct,[status(thm)],[c_0_73])).
cnf(c_0_242,plain,(vangle(vd1288,vd1287,vd1289)=v0|~rR(vd1288,vd1287,vd1289)|~ron(vd1288,vd1297)), inference(cn,[status(thm)],[inference(rw,[status(thm)],[inference(spm,[status(thm)],[c_0_228, c_0_229]), c_0_115])])).
cnf(c_0_243,plain,(vd1288!=vd1289), inference(split_conjunct,[status(thm)],[c_0_53])).
cnf(c_0_244,plain,(vf(vd1302,vd1287)=vf(vd1287,vd1302)), inference(cn,[status(thm)],[inference(rw,[status(thm)],[inference(rw,[status(thm)],[inference(spm,[status(thm)],[c_0_230, c_0_231]), c_0_166]), c_0_79])])).
cnf(c_0_245,plain,(vd1287=X1|vf(vd1287,vd1302)!=vf(vd1287,X1)|~rpoint(X1)|~ron(vd1289,esk15_2(vd1287,X1))), inference(cn,[status(thm)],[inference(rw,[status(thm)],[inference(rw,[status(thm)],[inference(spm,[status(thm)],[c_0_232, c_0_233]), c_0_79]), c_0_81])])).
cnf(c_0_246,plain,(esk7_2(X1,vd1287)=vd1295|X1=vd1287|~rpoint(X1)|~ron(X1,vd1295)), inference(cn,[status(thm)],[inference(rw,[status(thm)],[inference(rw,[status(thm)],[inference(spm,[status(thm)],[c_0_234, c_0_235]), c_0_81]), c_0_236])])).
cnf(c_0_247,plain,(esk7_2(X1,vd1287)=vd1297|X1=vd1287|~rpoint(X1)|~ron(X1,vd1297)), inference(cn,[status(thm)],[inference(rw,[status(thm)],[inference(rw,[status(thm)],[inference(spm,[status(thm)],[c_0_234, c_0_144]), c_0_81]), c_0_119])])).
cnf(c_0_248,plain,(vd1306=vd1289|vd1302=vd1289|vd1302=vd1287|ron(vd1289,X1)|~rline(X1)), inference(sr,[status(thm)],[inference(cn,[status(thm)],[inference(rw,[status(thm)],[inference(rw,[status(thm)],[inference(rw,[status(thm)],[inference(rw,[status(thm)],[inference(spm,[status(thm)],[c_0_237, c_0_202]), c_0_80]), c_0_81]), c_0_118]), c_0_144])]), c_0_145])).
cnf(c_0_249,plain,(rless(vf(vd1287,vd1299),vplus(X1,vf(vd1289,vd1306)))|~rreal(X1)|~rless(vf(vd1287,vd1289),X1)), inference(cn,[status(thm)],[inference(rw,[status(thm)],[inference(rw,[status(thm)],[inference(spm,[status(thm)],[c_0_86, c_0_238]), c_0_239]), c_0_240])])).
cnf(c_0_250,plain,(X1=X2|X1=X3|ron(X2,X4)|vangle(X3,X1,X2)!=v0|~rpoint(X2)|~rpoint(X3)|~rpoint(X1)|~rline(X4)|~ron(X3,X4)|~ron(X1,X4)), inference(er,[status(thm)],[inference(er,[status(thm)],[inference(er,[status(thm)],[inference(er,[status(thm)],[c_0_241])])])])).
cnf(c_0_251,plain,(vangle(vd1287,vd1288,vd1289)=v0|vangle(vd1288,vd1287,vd1289)=v0|~ron(vd1288,vd1297)), inference(sr,[status(thm)],[inference(sr,[status(thm)],[inference(cn,[status(thm)],[inference(rw,[status(thm)],[inference(rw,[status(thm)],[inference(rw,[status(thm)],[inference(spm,[status(thm)],[c_0_242, c_0_143]), c_0_81]), c_0_115]), c_0_144])]), c_0_243]), c_0_171])).
cnf(c_0_252,plain,(vf(vd1287,vd1289)=X1|rless(X1,vf(vd1287,vd1289))|rless(vf(vd1287,vd1289),X1)|~rreal(X1)), inference(spm,[status(thm)],[c_0_134, c_0_240])).
cnf(c_0_253,plain,(rreal(vf(vd1287,vd1302))), inference(cn,[status(thm)],[inference(rw,[status(thm)],[inference(rw,[status(thm)],[inference(spm,[status(thm)],[c_0_148, c_0_244]), c_0_81]), c_0_79])])).
cnf(c_0_254,plain,(vf(vd1287,vd1302)!=vf(vd1287,vd1289)), inference(sr,[status(thm)],[inference(cn,[status(thm)],[inference(rw,[status(thm)],[inference(rw,[status(thm)],[inference(spm,[status(thm)],[c_0_245, c_0_217]), c_0_80]), c_0_81])]), c_0_145])).
cnf(c_0_255,plain,(vd1295=vd1297|X1=vd1287|~rpoint(X1)|~ron(X1,vd1295)|~ron(X1,vd1297)), inference(spm,[status(thm)],[c_0_246, c_0_247])).
cnf(c_0_256,plain,(vd1302=vd1287|vd1302=vd1289|vd1306=vd1289|ron(vd1289,vd1295)), inference(spm,[status(thm)],[c_0_248, c_0_236])).
cnf(c_0_257,plain,(rless(vf(vd1287,vd1299),vf(vd1287,vd1299))|~rless(vf(vd1287,vd1289),vf(vd1287,vd1289))), inference(cn,[status(thm)],[inference(rw,[status(thm)],[inference(spm,[status(thm)],[c_0_249, c_0_238]), c_0_240])])).
cnf(c_0_258,plain,(rreal(vf(vd1287,vd1299))), inference(cn,[status(thm)],[inference(rw,[status(thm)],[inference(rw,[status(thm)],[inference(spm,[status(thm)],[c_0_148, c_0_174]), c_0_167]), c_0_81])])).
fof(c_0_259, plain, (![X241]:![X242]:![X243]:![X244]:![X245]:![X246]:(((((((vplus(X241,X245)!=vplus(X243,X245)|X245!=X246)|~rreal(X246))|X243!=X244)|~rreal(X244))|X241!=X242)|~rreal(X242))|X241=X243)), inference(shift_quantors,[status(thm)],[inference(variable_rename,[status(thm)],[inference(shift_quantors,[status(thm)],[inference(fof_nnf,[status(thm)],[c_0_43])])])])).
fof(c_0_260, plain, (![X212]:![X213]:![X214]:![X215]:![X216]:![X217]:![X218]:![X219]:(((((((((((X215!=X216|~ron(X214,X215))|~ron(X213,X215))|~ron(X212,X215))|~rline(X216))|X213=X214)|X212=X214)|X212=X213)|(X214!=X217|~rpoint(X217)))|(X213!=X218|~rpoint(X218)))|(X212!=X219|~rpoint(X219)))|((rR(X213,X212,X214)|rR(X212,X213,X214))|rR(X214,X212,X213)))), inference(shift_quantors,[status(thm)],[inference(variable_rename,[status(thm)],[inference(shift_quantors,[status(thm)],[inference(fof_nnf,[status(thm)],[c_0_44])])])])).
cnf(c_0_261,plain,(vangle(vd1287,vd1288,vd1289)=v0|ron(vd1289,X1)|~rline(X1)|~ron(vd1288,vd1297)|~ron(vd1288,X1)|~ron(vd1287,X1)), inference(sr,[status(thm)],[inference(sr,[status(thm)],[inference(cn,[status(thm)],[inference(rw,[status(thm)],[inference(rw,[status(thm)],[inference(rw,[status(thm)],[inference(spm,[status(thm)],[c_0_250, c_0_251]), c_0_80]), c_0_115]), c_0_81])]), c_0_171]), c_0_145])).
cnf(c_0_262,plain,(ron(vd1288,vd1295)), inference(split_conjunct,[status(thm)],[c_0_45])).
cnf(c_0_263,plain,(rless(vf(vd1287,vd1289),vf(vd1287,vd1302))|rless(vf(vd1287,vd1302),vf(vd1287,vd1289))), inference(sr,[status(thm)],[inference(spm,[status(thm)],[c_0_252, c_0_253]), c_0_254])).
cnf(c_0_264,plain,(vd1306=vd1289|vd1302=vd1289|vd1302=vd1287|vd1295=vd1297), inference(sr,[status(thm)],[inference(cn,[status(thm)],[inference(rw,[status(thm)],[inference(rw,[status(thm)],[inference(spm,[status(thm)],[c_0_255, c_0_256]), c_0_80]), c_0_118])]), c_0_145])).
cnf(c_0_265,plain,(~rless(vf(vd1287,vd1289),vf(vd1287,vd1289))), inference(cn,[status(thm)],[inference(rw,[status(thm)],[inference(spm,[status(thm)],[c_0_108, c_0_257]), c_0_258])])).
cnf(c_0_266,plain,(~rR(vd1306,vd1302,X1)|~rR(vd1306,X1,vd1287)|~rpoint(X1)), inference(cn,[status(thm)],[inference(rw,[status(thm)],[inference(rw,[status(thm)],[inference(rw,[status(thm)],[inference(spm,[status(thm)],[c_0_190, c_0_231]), c_0_81]), c_0_167]), c_0_79])])).
cnf(c_0_267,plain,(X1=X2|~rreal(X3)|X1!=X3|~rreal(X4)|X2!=X4|~rreal(X5)|X6!=X5|vplus(X1,X6)!=vplus(X2,X6)), inference(split_conjunct,[status(thm)],[c_0_259])).
cnf(c_0_268,plain,(rR(X1,X2,X3)|rR(X2,X3,X1)|rR(X3,X2,X1)|X2=X3|X2=X1|X3=X1|~rpoint(X4)|X2!=X4|~rpoint(X5)|X3!=X5|~rpoint(X6)|X1!=X6|~rline(X7)|~ron(X2,X8)|~ron(X3,X8)|~ron(X1,X8)|X8!=X7), inference(split_conjunct,[status(thm)],[c_0_260])).
cnf(c_0_269,plain,(vangle(vd1287,vd1288,vd1289)=v0|ron(vd1289,vd1295)|~ron(vd1288,vd1297)), inference(cn,[status(thm)],[inference(rw,[status(thm)],[inference(rw,[status(thm)],[inference(spm,[status(thm)],[c_0_261, c_0_236]), c_0_262]), c_0_235])])).
cnf(c_0_270,plain,(vd1295=vd1297|vd1302=vd1287|vd1306=vd1289), inference(sr,[status(thm)],[inference(spm,[status(thm)],[c_0_263, c_0_264]), c_0_265])).
cnf(c_0_271,plain,(~rR(vd1306,vd1287,vd1287)), inference(cn,[status(thm)],[inference(rw,[status(thm)],[inference(spm,[status(thm)],[c_0_266, c_0_231]), c_0_81])])).
cnf(c_0_272,plain,(X1=X2|vplus(X1,X3)!=vplus(X2,X3)|~rreal(X3)|~rreal(X2)|~rreal(X1)), inference(er,[status(thm)],[inference(er,[status(thm)],[inference(er,[status(thm)],[c_0_267])])])).
cnf(c_0_273,plain,(X1=X2|X3=X2|X3=X1|rR(X2,X1,X3)|rR(X1,X2,X3)|rR(X3,X1,X2)|~rpoint(X3)|~rpoint(X2)|~rpoint(X1)|~rline(X4)|~ron(X2,X4)|~ron(X1,X4)|~ron(X3,X4)), inference(er,[status(thm)],[inference(er,[status(thm)],[inference(er,[status(thm)],[inference(er,[status(thm)],[c_0_268])])])])).
cnf(c_0_274,plain,(ron(vd1289,vd1295)|ron(vd1289,X1)|~rline(X1)|~ron(vd1288,vd1297)|~ron(vd1287,X1)|~ron(vd1288,X1)), inference(sr,[status(thm)],[inference(sr,[status(thm)],[inference(cn,[status(thm)],[inference(rw,[status(thm)],[inference(rw,[status(thm)],[inference(rw,[status(thm)],[inference(spm,[status(thm)],[c_0_250, c_0_269]), c_0_80]), c_0_81]), c_0_115])]), c_0_171]), c_0_243])).
cnf(c_0_275,plain,(vd1306=vd1289|vd1295=vd1297), inference(sr,[status(thm)],[inference(spm,[status(thm)],[c_0_231, c_0_270]), c_0_271])).
cnf(c_0_276,plain,(v0=X1|vplus(X1,X2)!=X2|~rreal(X2)|~rreal(X1)), inference(cn,[status(thm)],[inference(rw,[status(thm)],[inference(spm,[status(thm)],[c_0_272, c_0_164]), c_0_88])])).
cnf(c_0_277,plain,(X1=vd1287|X2=vd1287|X2=X1|rR(vd1287,X1,X2)|rR(X1,vd1287,X2)|rR(X2,X1,vd1287)|~rpoint(X2)|~rpoint(X1)|~ron(X1,vd1295)|~ron(X2,vd1295)), inference(cn,[status(thm)],[inference(rw,[status(thm)],[inference(rw,[status(thm)],[inference(spm,[status(thm)],[c_0_273, c_0_235]), c_0_81]), c_0_236])])).
cnf(c_0_278,plain,(ron(vd1289,vd1295)|~ron(vd1288,vd1297)), inference(cn,[status(thm)],[inference(rw,[status(thm)],[inference(rw,[status(thm)],[inference(spm,[status(thm)],[c_0_274, c_0_236]), c_0_235]), c_0_262])])).
cnf(c_0_279,plain,(vd1306=vd1289|ron(vd1288,vd1297)), inference(spm,[status(thm)],[c_0_262, c_0_275])).
cnf(c_0_280,plain,(v0=X1|vplus(X2,X1)!=X2|~rreal(X2)|~rreal(X1)), inference(spm,[status(thm)],[c_0_276, c_0_138])).
cnf(c_0_281,plain,(X1=vd1288|X1=vd1287|rR(X1,vd1288,vd1287)|rR(vd1288,vd1287,X1)|rR(vd1287,vd1288,X1)|~rpoint(X1)|~ron(X1,vd1295)), inference(sr,[status(thm)],[inference(cn,[status(thm)],[inference(rw,[status(thm)],[inference(spm,[status(thm)],[c_0_277, c_0_262]), c_0_115])]), c_0_171])).
cnf(c_0_282,plain,(vd1306=vd1289|ron(vd1289,vd1295)), inference(spm,[status(thm)],[c_0_278, c_0_279])).
fof(c_0_283, plain, (![X133]:![X134]:![X135]:![X136]:(((vf(X133,X134)!=v0|X133=X134)|((X134!=X135|~rpoint(X135))|(X133!=X136|~rpoint(X136))))&((X133!=X134|vf(X133,X134)=v0)|((X134!=X135|~rpoint(X135))|(X133!=X136|~rpoint(X136)))))), inference(distribute,[status(thm)],[inference(shift_quantors,[status(thm)],[inference(variable_rename,[status(thm)],[inference(fof_nnf,[status(thm)],[c_0_46])])])])).
cnf(c_0_284,plain,(vf(X1,X2)=v0|vf(X3,X2)!=vf(X3,X1)|~rR(X1,X3,X2)|~rpoint(X2)|~rpoint(X1)|~rpoint(X3)), inference(csr,[status(thm)],[inference(csr,[status(thm)],[inference(spm,[status(thm)],[c_0_280, c_0_147]), c_0_148]), c_0_148])).
cnf(c_0_285,plain,(vd1306=vd1289|rR(vd1287,vd1288,vd1289)|rR(vd1288,vd1287,vd1289)|rR(vd1289,vd1288,vd1287)), inference(sr,[status(thm)],[inference(sr,[status(thm)],[inference(cn,[status(thm)],[inference(rw,[status(thm)],[inference(spm,[status(thm)],[c_0_281, c_0_282]), c_0_80])]), c_0_243]), c_0_145])).
cnf(c_0_286,plain,(X2=X4|~rpoint(X1)|X2!=X1|~rpoint(X3)|X4!=X3|vf(X2,X4)!=v0), inference(split_conjunct,[status(thm)],[c_0_283])).
cnf(c_0_287,plain,(vf(vd1288,vd1289)=v0|vd1306=vd1289|rR(vd1289,vd1288,vd1287)|rR(vd1287,vd1288,vd1289)), inference(cn,[status(thm)],[inference(rw,[status(thm)],[inference(rw,[status(thm)],[inference(rw,[status(thm)],[inference(rw,[status(thm)],[inference(spm,[status(thm)],[c_0_284, c_0_285]), c_0_208]), c_0_80]), c_0_115]), c_0_81])])).
cnf(c_0_288,plain,(vplus(vf(X1,vd1288),vf(vd1287,vd1289))=vf(X1,vd1287)|~rR(vd1288,X1,vd1287)|~rpoint(X1)), inference(cn,[status(thm)],[inference(rw,[status(thm)],[inference(rw,[status(thm)],[inference(spm,[status(thm)],[c_0_193, c_0_208]), c_0_81]), c_0_115])])).
cnf(c_0_289,plain,(X1=X2|vf(X1,X2)!=v0|~rpoint(X2)|~rpoint(X1)), inference(er,[status(thm)],[inference(er,[status(thm)],[c_0_286])])).
cnf(c_0_290,plain,(vplus(vf(X1,vd1287),vf(vd1287,vd1289))=vf(X1,vd1288)|~rR(vd1287,X1,vd1288)|~rpoint(X1)), inference(cn,[status(thm)],[inference(rw,[status(thm)],[inference(rw,[status(thm)],[inference(spm,[status(thm)],[c_0_147, c_0_208]), c_0_115]), c_0_81])])).
cnf(c_0_291,plain,(vplus(vf(X1,X2),vf(X1,X3))=vf(X2,X3)|~rR(X1,X2,X3)|~rpoint(X3)|~rpoint(X1)|~rpoint(X2)), inference(spm,[status(thm)],[c_0_147, c_0_172])).
cnf(c_0_292,plain,(vf(X1,X2)=v0|vf(X3,X1)!=vf(X3,X2)|~rR(X2,X3,X1)|~rpoint(X1)|~rpoint(X2)|~rpoint(X3)), inference(csr,[status(thm)],[inference(csr,[status(thm)],[inference(spm,[status(thm)],[c_0_280, c_0_193]), c_0_148]), c_0_148])).
cnf(c_0_293,plain,(vf(vd1288,vd1289)=v0|vd1306=vd1289|rR(vd1287,vd1288,vd1289)|rR(vd1289,vd1287,vd1288)), inference(cn,[status(thm)],[inference(rw,[status(thm)],[inference(rw,[status(thm)],[inference(rw,[status(thm)],[inference(spm,[status(thm)],[c_0_77, c_0_287]), c_0_81]), c_0_80]), c_0_115])])).
cnf(c_0_294,plain,(vplus(vf(vd1288,X1),vf(vd1287,vd1289))=vf(X1,vd1287)|~rR(vd1288,X1,vd1287)|~rpoint(X1)), inference(cn,[status(thm)],[inference(rw,[status(thm)],[inference(spm,[status(thm)],[c_0_288, c_0_172]), c_0_115])])).
cnf(c_0_295,plain,(vf(vd1287,vd1289)!=v0), inference(sr,[status(thm)],[inference(cn,[status(thm)],[inference(rw,[status(thm)],[inference(rw,[status(thm)],[inference(spm,[status(thm)],[c_0_289, c_0_208]), c_0_115]), c_0_81])]), c_0_171])).
cnf(c_0_296,plain,(vplus(vf(vd1287,X1),vf(vd1287,vd1289))=vf(X1,vd1288)|~rR(vd1287,X1,vd1288)|~rpoint(X1)), inference(cn,[status(thm)],[inference(rw,[status(thm)],[inference(spm,[status(thm)],[c_0_290, c_0_172]), c_0_81])])).
cnf(c_0_297,plain,(vplus(vf(vd1287,vd1289),vf(vd1287,X1))=vf(vd1288,X1)|~rR(vd1287,vd1288,X1)|~rpoint(X1)), inference(cn,[status(thm)],[inference(rw,[status(thm)],[inference(rw,[status(thm)],[inference(spm,[status(thm)],[c_0_291, c_0_208]), c_0_81]), c_0_115])])).
cnf(c_0_298,plain,(vf(vd1288,vd1289)=v0|vd1306=vd1289|rR(vd1287,vd1288,vd1289)), inference(cn,[status(thm)],[inference(rw,[status(thm)],[inference(rw,[status(thm)],[inference(rw,[status(thm)],[inference(rw,[status(thm)],[inference(spm,[status(thm)],[c_0_292, c_0_293]), c_0_208]), c_0_115]), c_0_80]), c_0_81])])).
cnf(c_0_299,plain,(vf(X1,vd1287)!=vf(vd1288,X1)|~rreal(vf(vd1288,X1))|~rR(vd1288,X1,vd1287)|~rpoint(X1)), inference(sr,[status(thm)],[inference(cn,[status(thm)],[inference(rw,[status(thm)],[inference(spm,[status(thm)],[c_0_280, c_0_294]), c_0_240])]), c_0_295])).
cnf(c_0_300,plain,(vf(vd1288,vd1289)=vf(vd1289,vd1288)|~rR(vd1287,vd1289,vd1288)|~rR(vd1287,vd1288,vd1289)), inference(cn,[status(thm)],[inference(rw,[status(thm)],[inference(spm,[status(thm)],[c_0_296, c_0_297]), c_0_80])])).
cnf(c_0_301,plain,(vf(vd1288,vd1289)=v0|vd1306=vd1289|rR(vd1287,vd1289,vd1288)), inference(cn,[status(thm)],[inference(rw,[status(thm)],[inference(rw,[status(thm)],[inference(rw,[status(thm)],[inference(spm,[status(thm)],[c_0_77, c_0_298]), c_0_80]), c_0_81]), c_0_115])])).
cnf(c_0_302,plain,(vf(X1,vd1287)!=vf(vd1288,X1)|~rR(vd1288,X1,vd1287)|~rpoint(X1)), inference(cn,[status(thm)],[inference(rw,[status(thm)],[inference(spm,[status(thm)],[c_0_299, c_0_148]), c_0_115])])).
cnf(c_0_303,plain,(vd1306=vd1289|rR(vd1289,vd1288,vd1287)|rR(vd1287,vd1288,vd1289)|rR(vd1288,vd1289,vd1287)), inference(cn,[status(thm)],[inference(rw,[status(thm)],[inference(rw,[status(thm)],[inference(rw,[status(thm)],[inference(spm,[status(thm)],[c_0_77, c_0_285]), c_0_80]), c_0_115]), c_0_81])])).
cnf(c_0_304,plain,(vf(vd1289,vd1288)=v0|vd1306=vd1289|rR(vd1289,vd1288,vd1287)|rR(vd1287,vd1288,vd1289)), inference(cn,[status(thm)],[inference(rw,[status(thm)],[inference(rw,[status(thm)],[inference(rw,[status(thm)],[inference(rw,[status(thm)],[inference(spm,[status(thm)],[c_0_292, c_0_285]), c_0_208]), c_0_80]), c_0_115]), c_0_81])])).
cnf(c_0_305,plain,(vf(vd1288,vd1289)=vf(vd1289,vd1288)|vf(vd1288,vd1289)=v0|vd1306=vd1289), inference(csr,[status(thm)],[inference(spm,[status(thm)],[c_0_300, c_0_298]), c_0_301])).
cnf(c_0_306,plain,(vd1306=vd1289|rR(vd1287,vd1288,vd1289)|rR(vd1289,vd1288,vd1287)|vf(vd1288,vd1289)!=vf(vd1289,vd1287)), inference(cn,[status(thm)],[inference(rw,[status(thm)],[inference(spm,[status(thm)],[c_0_302, c_0_303]), c_0_80])])).
cnf(c_0_307,plain,(vf(vd1289,vd1288)=v0|vd1306=vd1289|rR(vd1287,vd1288,vd1289)|rR(vd1289,vd1287,vd1288)), inference(cn,[status(thm)],[inference(rw,[status(thm)],[inference(rw,[status(thm)],[inference(rw,[status(thm)],[inference(spm,[status(thm)],[c_0_77, c_0_304]), c_0_81]), c_0_80]), c_0_115])])).
cnf(c_0_308,plain,(vf(vd1288,vd1289)=v0|vd1306=vd1289|vf(vd1289,vd1288)!=v0), inference(ef,[status(thm)],[c_0_305])).
cnf(c_0_309,plain,(vd1306=vd1289|rR(vd1287,vd1288,vd1289)|rR(vd1289,vd1287,vd1288)|vf(vd1288,vd1289)!=vf(vd1289,vd1287)), inference(cn,[status(thm)],[inference(rw,[status(thm)],[inference(rw,[status(thm)],[inference(rw,[status(thm)],[inference(spm,[status(thm)],[c_0_77, c_0_306]), c_0_81]), c_0_80]), c_0_115])])).
cnf(c_0_310,plain,(vf(vd1289,vd1288)=v0|vd1306=vd1289|rR(vd1287,vd1288,vd1289)), inference(cn,[status(thm)],[inference(rw,[status(thm)],[inference(rw,[status(thm)],[inference(rw,[status(thm)],[inference(rw,[status(thm)],[inference(spm,[status(thm)],[c_0_284, c_0_307]), c_0_208]), c_0_115]), c_0_80]), c_0_81])])).
cnf(c_0_311,plain,(vd1306=vd1289|vf(vd1289,vd1288)!=v0), inference(sr,[status(thm)],[inference(cn,[status(thm)],[inference(rw,[status(thm)],[inference(rw,[status(thm)],[inference(spm,[status(thm)],[c_0_289, c_0_308]), c_0_80]), c_0_115])]), c_0_243])).
cnf(c_0_312,plain,(vd1306=vd1289|rR(vd1287,vd1288,vd1289)), inference(csr,[status(thm)],[inference(csr,[status(thm)],[inference(cn,[status(thm)],[inference(rw,[status(thm)],[inference(rw,[status(thm)],[inference(rw,[status(thm)],[inference(rw,[status(thm)],[inference(spm,[status(thm)],[c_0_284, c_0_309]), c_0_208]), c_0_115]), c_0_80]), c_0_81])]), c_0_310]), c_0_311])).
cnf(c_0_313,plain,(~rpoint(X1)|X2!=X1|~rpoint(X3)|X4!=X3|~rpoint(X5)|X6!=X5|~rR(X4,X2,X6)|~rR(X2,X4,X6)), inference(split_conjunct,[status(thm)],[c_0_52])).
cnf(c_0_314,plain,(vd1306=vd1289|rR(vd1288,X1,vd1289)|~rR(vd1288,X1,vd1287)|~rpoint(X1)), inference(cn,[status(thm)],[inference(rw,[status(thm)],[inference(rw,[status(thm)],[inference(rw,[status(thm)],[inference(spm,[status(thm)],[c_0_94, c_0_312]), c_0_80]), c_0_81]), c_0_115])])).
cnf(c_0_315,plain,(rinside(vd1288,X1)|~rcircle(X1)|~rinside(vd1287,X1)|~ron(vd1299,X1)), inference(cn,[status(thm)],[inference(rw,[status(thm)],[inference(rw,[status(thm)],[inference(rw,[status(thm)],[inference(spm,[status(thm)],[c_0_150, c_0_113]), c_0_115]), c_0_114]), c_0_81])])).
fof(c_0_316, negated_conjecture, (vplus(vangle(vd1288,vd1289,vd1299),vangle(vd1287,vd1289,vd1288))!=vangle(vd1287,vd1289,vd1299)), inference(fof_simplification,[status(thm)],[inference(assume_negation,[status(cth)],[c_0_47])])).
cnf(c_0_317,plain,(~rR(X1,X2,X3)|~rR(X2,X1,X3)|~rpoint(X3)|~rpoint(X1)|~rpoint(X2)), inference(er,[status(thm)],[inference(er,[status(thm)],[inference(er,[status(thm)],[c_0_313])])])).
cnf(c_0_318,plain,(vd1306=vd1289|rR(vd1287,vd1289,vd1288)), inference(cn,[status(thm)],[inference(rw,[status(thm)],[inference(rw,[status(thm)],[inference(rw,[status(thm)],[inference(spm,[status(thm)],[c_0_77, c_0_312]), c_0_80]), c_0_81]), c_0_115])])).
cnf(c_0_319,plain,(vd1306=vd1289|rR(vd1288,vd1289,X1)|~rR(vd1288,X1,vd1287)|~rpoint(X1)), inference(cn,[status(thm)],[inference(rw,[status(thm)],[inference(rw,[status(thm)],[inference(spm,[status(thm)],[c_0_77, c_0_314]), c_0_80]), c_0_115])])).
cnf(c_0_320,plain,(ron(vd1299,vd1295)), inference(split_conjunct,[status(thm)],[c_0_48])).
cnf(c_0_321,plain,(~rcircle(X1)|~rinside(vd1287,X1)|~ron(vd1288,X1)|~ron(vd1299,X1)), inference(cn,[status(thm)],[inference(rw,[status(thm)],[inference(spm,[status(thm)],[c_0_175, c_0_315]), c_0_115])])).
cnf(c_0_322,negated_conjecture,(vplus(vangle(vd1288,vd1289,vd1299),vangle(vd1287,vd1289,vd1288))!=vangle(vd1287,vd1289,vd1299)), inference(split_conjunct,[status(thm)],[c_0_316])).
cnf(c_0_323,plain,(vangle(vd1288,vd1289,vd1299)=vangle(vd1289,vd1288,vd1306)), inference(split_conjunct,[status(thm)],[c_0_49])).
cnf(c_0_324,plain,(vd1306=vd1289|~rR(vd1289,vd1287,vd1288)), inference(cn,[status(thm)],[inference(rw,[status(thm)],[inference(rw,[status(thm)],[inference(rw,[status(thm)],[inference(spm,[status(thm)],[c_0_317, c_0_318]), c_0_115]), c_0_81]), c_0_80])])).
cnf(c_0_325,plain,(vangle(X1,X2,vd1288)=v0|X2=vd1288|X2=X1|rR(X2,X1,vd1288)|~rpoint(X1)|~rpoint(X2)|~ron(X1,vd1295)|~ron(X2,vd1295)), inference(cn,[status(thm)],[inference(rw,[status(thm)],[inference(rw,[status(thm)],[inference(spm,[status(thm)],[c_0_117, c_0_262]), c_0_115]), c_0_236])])).
cnf(c_0_326,plain,(vd1306=vd1289|rR(vd1288,vd1289,vd1299)), inference(cn,[status(thm)],[inference(rw,[status(thm)],[inference(spm,[status(thm)],[c_0_319, c_0_191]), c_0_114])])).
cnf(c_0_327,plain,(~rR(X1,vd1287,vd1299)|~rR(vd1287,X1,vd1288)|~rpoint(X1)), inference(cn,[status(thm)],[inference(rw,[status(thm)],[inference(rw,[status(thm)],[inference(spm,[status(thm)],[c_0_317, c_0_141]), c_0_114]), c_0_81])])).
cnf(c_0_328,plain,(vangle(X1,X2,vd1299)=v0|X2=vd1299|X2=X1|rR(X2,X1,vd1299)|~rpoint(X1)|~rpoint(X2)|~ron(X1,vd1295)|~ron(X2,vd1295)), inference(cn,[status(thm)],[inference(rw,[status(thm)],[inference(rw,[status(thm)],[inference(spm,[status(thm)],[c_0_117, c_0_320]), c_0_114]), c_0_236])])).
cnf(c_0_329,plain,(vd1287=X1|~rcircle(esk15_2(vd1287,X1))|~rpoint(X1)|~ron(vd1288,esk15_2(vd1287,X1))|~ron(vd1299,esk15_2(vd1287,X1))), inference(cn,[status(thm)],[inference(rw,[status(thm)],[inference(spm,[status(thm)],[c_0_321, c_0_196]), c_0_81])])).
cnf(c_0_330,negated_conjecture,(vplus(vangle(vd1289,vd1288,vd1306),vangle(vd1287,vd1289,vd1288))!=vangle(vd1287,vd1289,vd1299)), inference(rw,[status(thm)],[c_0_322, c_0_323])).
cnf(c_0_331,plain,(vangle(vd1287,vd1289,vd1288)=v0|vd1306=vd1289), inference(csr,[status(thm)],[inference(sr,[status(thm)],[inference(sr,[status(thm)],[inference(cn,[status(thm)],[inference(rw,[status(thm)],[inference(rw,[status(thm)],[inference(rw,[status(thm)],[inference(spm,[status(thm)],[c_0_324, c_0_325]), c_0_81]), c_0_80]), c_0_235])]), c_0_243]), c_0_145]), c_0_282])).
cnf(c_0_332,plain,(vd1306=vd1289|~rR(vd1289,vd1288,vd1299)), inference(cn,[status(thm)],[inference(rw,[status(thm)],[inference(rw,[status(thm)],[inference(rw,[status(thm)],[inference(spm,[status(thm)],[c_0_317, c_0_326]), c_0_114]), c_0_115]), c_0_80])])).
cnf(c_0_333,plain,(vangle(vd1287,X1,vd1299)=v0|X1=vd1287|X1=vd1299|~rR(vd1287,X1,vd1288)|~rpoint(X1)|~ron(X1,vd1295)), inference(cn,[status(thm)],[inference(rw,[status(thm)],[inference(rw,[status(thm)],[inference(spm,[status(thm)],[c_0_327, c_0_328]), c_0_81]), c_0_235])])).
cnf(c_0_334,plain,(vd1287=X1|~rpoint(X1)|~ron(vd1288,esk15_2(vd1287,X1))|~ron(vd1299,esk15_2(vd1287,X1))), inference(cn,[status(thm)],[inference(rw,[status(thm)],[inference(spm,[status(thm)],[c_0_329, c_0_215]), c_0_81])])).
cnf(c_0_335,plain,(vd1299!=vd1287), inference(split_conjunct,[status(thm)],[c_0_50])).
cnf(c_0_336,negated_conjecture,(vd1306=vd1289|vplus(vangle(vd1289,vd1288,vd1306),v0)!=vangle(vd1287,vd1289,vd1299)), inference(spm,[status(thm)],[c_0_330, c_0_331])).
cnf(c_0_337,plain,(vangle(vd1289,vd1288,vd1306)=v0|vd1299=vd1289|vd1306=vd1289), inference(csr,[status(thm)],[inference(sr,[status(thm)],[inference(cn,[status(thm)],[inference(rw,[status(thm)],[inference(rw,[status(thm)],[inference(rw,[status(thm)],[inference(rw,[status(thm)],[inference(spm,[status(thm)],[c_0_332, c_0_328]), c_0_323]), c_0_115]), c_0_80]), c_0_262])]), c_0_243]), c_0_282])).
cnf(c_0_338,plain,(vangle(vd1287,vd1289,vd1299)=v0|vd1306=vd1289|vd1299=vd1289), inference(csr,[status(thm)],[inference(sr,[status(thm)],[inference(cn,[status(thm)],[inference(rw,[status(thm)],[inference(spm,[status(thm)],[c_0_333, c_0_318]), c_0_80])]), c_0_145]), c_0_282])).
cnf(c_0_339,plain,(~ron(vd1288,esk15_2(vd1287,vd1299))), inference(sr,[status(thm)],[inference(cn,[status(thm)],[inference(rw,[status(thm)],[inference(rw,[status(thm)],[inference(spm,[status(thm)],[c_0_334, c_0_217]), c_0_114]), c_0_81])]), c_0_335])).
cnf(c_0_340,negated_conjecture,(vd1299=vd1289|vd1306=vd1289), inference(csr,[status(thm)],[inference(rw,[status(thm)],[inference(spm,[status(thm)],[c_0_336, c_0_337]), c_0_221]), c_0_338])).
cnf(c_0_341,plain,(vf(vd1287,vd1299)!=vf(vd1287,vd1289)), inference(sr,[status(thm)],[inference(cn,[status(thm)],[inference(rw,[status(thm)],[inference(rw,[status(thm)],[inference(rw,[status(thm)],[inference(rw,[status(thm)],[inference(spm,[status(thm)],[c_0_339, c_0_233]), c_0_208]), c_0_114]), c_0_115]), c_0_81])]), c_0_335])).
cnf(c_0_342,negated_conjecture,(vd1299=vd1289), inference(sr,[status(thm)],[inference(spm,[status(thm)],[c_0_174, c_0_340]), c_0_341])).
cnf(c_0_343,plain,($false), inference(cn,[status(thm)],[inference(rw,[status(thm)],[c_0_341, c_0_342])]), ['proof']).
# SZS output end CNFRefutation.
EOF
