% Problem    : SWB021+2 : TPTP v6.1.0. Released v5.2.0.
% Command    : eprover --auto-schedule --tstp-format -s --proof-object --memory-limit=2048 --cpu-limit=%d %s
% Computer   : n116.star.cs.uiowa.edu
% Model      : x86_64 x86_64
% CPU        : Intel(R) Xeon(R) CPU E5-2609 0 @ 2.40GHz
% Memory     : 32286.75MB
% OS         : Linux 2.6.32-431.20.3.el6.x86_64
% CPULimit   : 300
% DateTime   : Sun Jul 20 04:22:11 CDT 2014
% CPUTime    : 
# No SInE strategy applied
# Trying AutoSched0 for 151 seconds
# AutoSched0-Mode selected heuristic G_E___208_C48_F1_AE_CS_SP_PS_S0Y
# and selection function SelectMaxLComplexAvoidPosPred.
#
# Presaturation interreduction done

# Proof found!
# SZS status Theorem
# SZS output start CNFRefutation.
fof(c_0_0, axiom, (![X3]:![X4]:![X8]:![X6]:![X9]:((((iext(uri_rdf_first,X4,X8)&iext(uri_rdf_rest,X4,X6))&iext(uri_rdf_first,X6,X9))&iext(uri_rdf_rest,X6,uri_rdf_nil))=>(iext(uri_owl_oneOf,X3,X4)<=>(ic(X3)&![X1]:(icext(X3,X1)<=>(X1=X8|X1=X9)))))), file('/export/starexec/sandbox/benchmark/theBenchmark.p', owl_enum_class_002)).
fof(c_0_1, axiom, (?[X12]:?[X13]:?[X14]:?[X15]:?[X16]:?[X17]:?[X18]:?[X19]:?[X20]:(((((((((((((((((((((iext(uri_owl_oneOf,uri_ex_c1,X12)&iext(uri_rdf_first,X12,uri_ex_w1))&iext(uri_rdf_rest,X12,X13))&iext(uri_rdf_first,X13,uri_ex_w2))&iext(uri_rdf_rest,X13,uri_rdf_nil))&iext(uri_owl_oneOf,uri_ex_c2,X14))&iext(uri_rdf_first,X14,uri_ex_w2))&iext(uri_rdf_rest,X14,X15))&iext(uri_rdf_first,X15,uri_ex_w3))&iext(uri_rdf_rest,X15,uri_rdf_nil))&iext(uri_owl_oneOf,uri_ex_c3,X16))&iext(uri_rdf_first,X16,uri_ex_w1))&iext(uri_rdf_rest,X16,X17))&iext(uri_rdf_first,X17,uri_ex_w2))&iext(uri_rdf_rest,X17,X18))&iext(uri_rdf_first,X18,uri_ex_w3))&iext(uri_rdf_rest,X18,uri_rdf_nil))&iext(uri_owl_unionOf,uri_ex_c4,X19))&iext(uri_rdf_first,X19,uri_ex_c1))&iext(uri_rdf_rest,X19,X20))&iext(uri_rdf_first,X20,uri_ex_c2))&iext(uri_rdf_rest,X20,uri_rdf_nil))), file('/export/starexec/sandbox/benchmark/theBenchmark.p', testcase_premise_fullish_021_Composite_Enumerations)).
fof(c_0_2, axiom, (![X3]:![X4]:![X5]:![X6]:![X7]:((((iext(uri_rdf_first,X4,X5)&iext(uri_rdf_rest,X4,X6))&iext(uri_rdf_first,X6,X7))&iext(uri_rdf_rest,X6,uri_rdf_nil))=>(iext(uri_owl_unionOf,X3,X4)<=>(((ic(X3)&ic(X5))&ic(X7))&![X1]:(icext(X3,X1)<=>(icext(X5,X1)|icext(X7,X1))))))), file('/export/starexec/sandbox/benchmark/theBenchmark.p', owl_bool_unionof_class_002)).
fof(c_0_3, axiom, (![X3]:![X4]:![X8]:![X6]:![X9]:![X10]:![X11]:((((((iext(uri_rdf_first,X4,X8)&iext(uri_rdf_rest,X4,X6))&iext(uri_rdf_first,X6,X9))&iext(uri_rdf_rest,X6,X10))&iext(uri_rdf_first,X10,X11))&iext(uri_rdf_rest,X10,uri_rdf_nil))=>(iext(uri_owl_oneOf,X3,X4)<=>(ic(X3)&![X1]:(icext(X3,X1)<=>((X1=X8|X1=X9)|X1=X11)))))), file('/export/starexec/sandbox/benchmark/theBenchmark.p', owl_enum_class_003)).
fof(c_0_4, axiom, (![X1]:![X2]:(iext(uri_owl_unionOf,X1,X2)=>(ic(X1)&icext(uri_rdf_List,X2)))), file('/export/starexec/sandbox/benchmark/theBenchmark.p', owl_prop_unionof_ext)).
fof(c_0_5, axiom, (![X5]:![X7]:(iext(uri_owl_equivalentClass,X5,X7)<=>((ic(X5)&ic(X7))&![X1]:(icext(X5,X1)<=>icext(X7,X1))))), file('/export/starexec/sandbox/benchmark/theBenchmark.p', owl_eqdis_equivalentclass)).
fof(c_0_6, axiom, (![X1]:![X2]:(iext(uri_owl_oneOf,X1,X2)=>(ic(X1)&icext(uri_rdf_List,X2)))), file('/export/starexec/sandbox/benchmark/theBenchmark.p', owl_prop_oneof_ext)).
fof(c_0_7, conjecture, (iext(uri_owl_equivalentClass,uri_ex_c3,uri_ex_c4)), file('/export/starexec/sandbox/benchmark/theBenchmark.p', testcase_conclusion_fullish_021_Composite_Enumerations)).
fof(c_0_8, plain, (![X10]:![X11]:![X12]:![X13]:![X14]:![X15]:![X16]:((((ic(X10)|~iext(uri_owl_oneOf,X10,X11))|(((~iext(uri_rdf_first,X11,X12)|~iext(uri_rdf_rest,X11,X13))|~iext(uri_rdf_first,X13,X14))|~iext(uri_rdf_rest,X13,uri_rdf_nil)))&((((~icext(X10,X15)|(X15=X12|X15=X14))|~iext(uri_owl_oneOf,X10,X11))|(((~iext(uri_rdf_first,X11,X12)|~iext(uri_rdf_rest,X11,X13))|~iext(uri_rdf_first,X13,X14))|~iext(uri_rdf_rest,X13,uri_rdf_nil)))&((((X16!=X12|icext(X10,X16))|~iext(uri_owl_oneOf,X10,X11))|(((~iext(uri_rdf_first,X11,X12)|~iext(uri_rdf_rest,X11,X13))|~iext(uri_rdf_first,X13,X14))|~iext(uri_rdf_rest,X13,uri_rdf_nil)))&(((X16!=X14|icext(X10,X16))|~iext(uri_owl_oneOf,X10,X11))|(((~iext(uri_rdf_first,X11,X12)|~iext(uri_rdf_rest,X11,X13))|~iext(uri_rdf_first,X13,X14))|~iext(uri_rdf_rest,X13,uri_rdf_nil))))))&((((((esk2_5(X10,X11,X12,X13,X14)!=X12|~icext(X10,esk2_5(X10,X11,X12,X13,X14)))|~ic(X10))|iext(uri_owl_oneOf,X10,X11))|(((~iext(uri_rdf_first,X11,X12)|~iext(uri_rdf_rest,X11,X13))|~iext(uri_rdf_first,X13,X14))|~iext(uri_rdf_rest,X13,uri_rdf_nil)))&((((esk2_5(X10,X11,X12,X13,X14)!=X14|~icext(X10,esk2_5(X10,X11,X12,X13,X14)))|~ic(X10))|iext(uri_owl_oneOf,X10,X11))|(((~iext(uri_rdf_first,X11,X12)|~iext(uri_rdf_rest,X11,X13))|~iext(uri_rdf_first,X13,X14))|~iext(uri_rdf_rest,X13,uri_rdf_nil))))&((((icext(X10,esk2_5(X10,X11,X12,X13,X14))|(esk2_5(X10,X11,X12,X13,X14)=X12|esk2_5(X10,X11,X12,X13,X14)=X14))|~ic(X10))|iext(uri_owl_oneOf,X10,X11))|(((~iext(uri_rdf_first,X11,X12)|~iext(uri_rdf_rest,X11,X13))|~iext(uri_rdf_first,X13,X14))|~iext(uri_rdf_rest,X13,uri_rdf_nil)))))), inference(distribute,[status(thm)],[inference(shift_quantors,[status(thm)],[inference(skolemize,[status(esa)],[inference(variable_rename,[status(thm)],[inference(shift_quantors,[status(thm)],[inference(fof_nnf,[status(thm)],[c_0_0])])])])])])).
fof(c_0_9, plain, ((((((((((((((((((((((iext(uri_owl_oneOf,uri_ex_c1,esk5_0)&iext(uri_rdf_first,esk5_0,uri_ex_w1))&iext(uri_rdf_rest,esk5_0,esk6_0))&iext(uri_rdf_first,esk6_0,uri_ex_w2))&iext(uri_rdf_rest,esk6_0,uri_rdf_nil))&iext(uri_owl_oneOf,uri_ex_c2,esk7_0))&iext(uri_rdf_first,esk7_0,uri_ex_w2))&iext(uri_rdf_rest,esk7_0,esk8_0))&iext(uri_rdf_first,esk8_0,uri_ex_w3))&iext(uri_rdf_rest,esk8_0,uri_rdf_nil))&iext(uri_owl_oneOf,uri_ex_c3,esk9_0))&iext(uri_rdf_first,esk9_0,uri_ex_w1))&iext(uri_rdf_rest,esk9_0,esk10_0))&iext(uri_rdf_first,esk10_0,uri_ex_w2))&iext(uri_rdf_rest,esk10_0,esk11_0))&iext(uri_rdf_first,esk11_0,uri_ex_w3))&iext(uri_rdf_rest,esk11_0,uri_rdf_nil))&iext(uri_owl_unionOf,uri_ex_c4,esk12_0))&iext(uri_rdf_first,esk12_0,uri_ex_c1))&iext(uri_rdf_rest,esk12_0,esk13_0))&iext(uri_rdf_first,esk13_0,uri_ex_c2))&iext(uri_rdf_rest,esk13_0,uri_rdf_nil))), inference(skolemize,[status(esa)],[inference(variable_rename,[status(thm)],[c_0_1])])).
fof(c_0_10, plain, (![X8]:![X9]:![X10]:![X11]:![X12]:![X13]:![X14]:((((((ic(X8)|~iext(uri_owl_unionOf,X8,X9))|(((~iext(uri_rdf_first,X9,X10)|~iext(uri_rdf_rest,X9,X11))|~iext(uri_rdf_first,X11,X12))|~iext(uri_rdf_rest,X11,uri_rdf_nil)))&((ic(X10)|~iext(uri_owl_unionOf,X8,X9))|(((~iext(uri_rdf_first,X9,X10)|~iext(uri_rdf_rest,X9,X11))|~iext(uri_rdf_first,X11,X12))|~iext(uri_rdf_rest,X11,uri_rdf_nil))))&((ic(X12)|~iext(uri_owl_unionOf,X8,X9))|(((~iext(uri_rdf_first,X9,X10)|~iext(uri_rdf_rest,X9,X11))|~iext(uri_rdf_first,X11,X12))|~iext(uri_rdf_rest,X11,uri_rdf_nil))))&((((~icext(X8,X13)|(icext(X10,X13)|icext(X12,X13)))|~iext(uri_owl_unionOf,X8,X9))|(((~iext(uri_rdf_first,X9,X10)|~iext(uri_rdf_rest,X9,X11))|~iext(uri_rdf_first,X11,X12))|~iext(uri_rdf_rest,X11,uri_rdf_nil)))&((((~icext(X10,X14)|icext(X8,X14))|~iext(uri_owl_unionOf,X8,X9))|(((~iext(uri_rdf_first,X9,X10)|~iext(uri_rdf_rest,X9,X11))|~iext(uri_rdf_first,X11,X12))|~iext(uri_rdf_rest,X11,uri_rdf_nil)))&(((~icext(X12,X14)|icext(X8,X14))|~iext(uri_owl_unionOf,X8,X9))|(((~iext(uri_rdf_first,X9,X10)|~iext(uri_rdf_rest,X9,X11))|~iext(uri_rdf_first,X11,X12))|~iext(uri_rdf_rest,X11,uri_rdf_nil))))))&((((((~icext(X10,esk1_5(X8,X9,X10,X11,X12))|~icext(X8,esk1_5(X8,X9,X10,X11,X12)))|((~ic(X8)|~ic(X10))|~ic(X12)))|iext(uri_owl_unionOf,X8,X9))|(((~iext(uri_rdf_first,X9,X10)|~iext(uri_rdf_rest,X9,X11))|~iext(uri_rdf_first,X11,X12))|~iext(uri_rdf_rest,X11,uri_rdf_nil)))&((((~icext(X12,esk1_5(X8,X9,X10,X11,X12))|~icext(X8,esk1_5(X8,X9,X10,X11,X12)))|((~ic(X8)|~ic(X10))|~ic(X12)))|iext(uri_owl_unionOf,X8,X9))|(((~iext(uri_rdf_first,X9,X10)|~iext(uri_rdf_rest,X9,X11))|~iext(uri_rdf_first,X11,X12))|~iext(uri_rdf_rest,X11,uri_rdf_nil))))&((((icext(X8,esk1_5(X8,X9,X10,X11,X12))|(icext(X10,esk1_5(X8,X9,X10,X11,X12))|icext(X12,esk1_5(X8,X9,X10,X11,X12))))|((~ic(X8)|~ic(X10))|~ic(X12)))|iext(uri_owl_unionOf,X8,X9))|(((~iext(uri_rdf_first,X9,X10)|~iext(uri_rdf_rest,X9,X11))|~iext(uri_rdf_first,X11,X12))|~iext(uri_rdf_rest,X11,uri_rdf_nil)))))), inference(distribute,[status(thm)],[inference(shift_quantors,[status(thm)],[inference(skolemize,[status(esa)],[inference(variable_rename,[status(thm)],[inference(shift_quantors,[status(thm)],[inference(fof_nnf,[status(thm)],[c_0_2])])])])])])).
fof(c_0_11, plain, (![X12]:![X13]:![X14]:![X15]:![X16]:![X17]:![X18]:![X19]:![X20]:((((ic(X12)|~iext(uri_owl_oneOf,X12,X13))|(((((~iext(uri_rdf_first,X13,X14)|~iext(uri_rdf_rest,X13,X15))|~iext(uri_rdf_first,X15,X16))|~iext(uri_rdf_rest,X15,X17))|~iext(uri_rdf_first,X17,X18))|~iext(uri_rdf_rest,X17,uri_rdf_nil)))&((((~icext(X12,X19)|((X19=X14|X19=X16)|X19=X18))|~iext(uri_owl_oneOf,X12,X13))|(((((~iext(uri_rdf_first,X13,X14)|~iext(uri_rdf_rest,X13,X15))|~iext(uri_rdf_first,X15,X16))|~iext(uri_rdf_rest,X15,X17))|~iext(uri_rdf_first,X17,X18))|~iext(uri_rdf_rest,X17,uri_rdf_nil)))&(((((X20!=X14|icext(X12,X20))|~iext(uri_owl_oneOf,X12,X13))|(((((~iext(uri_rdf_first,X13,X14)|~iext(uri_rdf_rest,X13,X15))|~iext(uri_rdf_first,X15,X16))|~iext(uri_rdf_rest,X15,X17))|~iext(uri_rdf_first,X17,X18))|~iext(uri_rdf_rest,X17,uri_rdf_nil)))&(((X20!=X16|icext(X12,X20))|~iext(uri_owl_oneOf,X12,X13))|(((((~iext(uri_rdf_first,X13,X14)|~iext(uri_rdf_rest,X13,X15))|~iext(uri_rdf_first,X15,X16))|~iext(uri_rdf_rest,X15,X17))|~iext(uri_rdf_first,X17,X18))|~iext(uri_rdf_rest,X17,uri_rdf_nil))))&(((X20!=X18|icext(X12,X20))|~iext(uri_owl_oneOf,X12,X13))|(((((~iext(uri_rdf_first,X13,X14)|~iext(uri_rdf_rest,X13,X15))|~iext(uri_rdf_first,X15,X16))|~iext(uri_rdf_rest,X15,X17))|~iext(uri_rdf_first,X17,X18))|~iext(uri_rdf_rest,X17,uri_rdf_nil))))))&(((((((esk3_7(X12,X13,X14,X15,X16,X17,X18)!=X14|~icext(X12,esk3_7(X12,X13,X14,X15,X16,X17,X18)))|~ic(X12))|iext(uri_owl_oneOf,X12,X13))|(((((~iext(uri_rdf_first,X13,X14)|~iext(uri_rdf_rest,X13,X15))|~iext(uri_rdf_first,X15,X16))|~iext(uri_rdf_rest,X15,X17))|~iext(uri_rdf_first,X17,X18))|~iext(uri_rdf_rest,X17,uri_rdf_nil)))&((((esk3_7(X12,X13,X14,X15,X16,X17,X18)!=X16|~icext(X12,esk3_7(X12,X13,X14,X15,X16,X17,X18)))|~ic(X12))|iext(uri_owl_oneOf,X12,X13))|(((((~iext(uri_rdf_first,X13,X14)|~iext(uri_rdf_rest,X13,X15))|~iext(uri_rdf_first,X15,X16))|~iext(uri_rdf_rest,X15,X17))|~iext(uri_rdf_first,X17,X18))|~iext(uri_rdf_rest,X17,uri_rdf_nil))))&((((esk3_7(X12,X13,X14,X15,X16,X17,X18)!=X18|~icext(X12,esk3_7(X12,X13,X14,X15,X16,X17,X18)))|~ic(X12))|iext(uri_owl_oneOf,X12,X13))|(((((~iext(uri_rdf_first,X13,X14)|~iext(uri_rdf_rest,X13,X15))|~iext(uri_rdf_first,X15,X16))|~iext(uri_rdf_rest,X15,X17))|~iext(uri_rdf_first,X17,X18))|~iext(uri_rdf_rest,X17,uri_rdf_nil))))&((((icext(X12,esk3_7(X12,X13,X14,X15,X16,X17,X18))|((esk3_7(X12,X13,X14,X15,X16,X17,X18)=X14|esk3_7(X12,X13,X14,X15,X16,X17,X18)=X16)|esk3_7(X12,X13,X14,X15,X16,X17,X18)=X18))|~ic(X12))|iext(uri_owl_oneOf,X12,X13))|(((((~iext(uri_rdf_first,X13,X14)|~iext(uri_rdf_rest,X13,X15))|~iext(uri_rdf_first,X15,X16))|~iext(uri_rdf_rest,X15,X17))|~iext(uri_rdf_first,X17,X18))|~iext(uri_rdf_rest,X17,uri_rdf_nil)))))), inference(distribute,[status(thm)],[inference(shift_quantors,[status(thm)],[inference(skolemize,[status(esa)],[inference(variable_rename,[status(thm)],[inference(shift_quantors,[status(thm)],[inference(fof_nnf,[status(thm)],[c_0_3])])])])])])).
cnf(c_0_12,plain,(X6=X2|X6=X4|~iext(uri_rdf_rest,X1,uri_rdf_nil)|~iext(uri_rdf_first,X1,X2)|~iext(uri_rdf_rest,X3,X1)|~iext(uri_rdf_first,X3,X4)|~iext(uri_owl_oneOf,X5,X3)|~icext(X5,X6)), inference(split_conjunct,[status(thm)],[c_0_8])).
cnf(c_0_13,plain,(iext(uri_rdf_rest,esk8_0,uri_rdf_nil)), inference(split_conjunct,[status(thm)],[c_0_9])).
cnf(c_0_14,plain,(icext(X2,X6)|icext(X4,X6)|~iext(uri_rdf_rest,X1,uri_rdf_nil)|~iext(uri_rdf_first,X1,X2)|~iext(uri_rdf_rest,X3,X1)|~iext(uri_rdf_first,X3,X4)|~iext(uri_owl_unionOf,X5,X3)|~icext(X5,X6)), inference(split_conjunct,[status(thm)],[c_0_10])).
cnf(c_0_15,plain,(iext(uri_rdf_rest,esk13_0,uri_rdf_nil)), inference(split_conjunct,[status(thm)],[c_0_9])).
cnf(c_0_16,plain,(X8=X2|X8=X4|X8=X6|~iext(uri_rdf_rest,X1,uri_rdf_nil)|~iext(uri_rdf_first,X1,X2)|~iext(uri_rdf_rest,X3,X1)|~iext(uri_rdf_first,X3,X4)|~iext(uri_rdf_rest,X5,X3)|~iext(uri_rdf_first,X5,X6)|~iext(uri_owl_oneOf,X7,X5)|~icext(X7,X8)), inference(split_conjunct,[status(thm)],[c_0_11])).
cnf(c_0_17,plain,(iext(uri_rdf_rest,esk11_0,uri_rdf_nil)), inference(split_conjunct,[status(thm)],[c_0_9])).
cnf(c_0_18,plain,(iext(uri_rdf_rest,esk6_0,uri_rdf_nil)), inference(split_conjunct,[status(thm)],[c_0_9])).
cnf(c_0_19,plain,(X1=X2|X3=X2|~icext(X4,X2)|~iext(uri_rdf_first,esk8_0,X1)|~iext(uri_rdf_rest,X5,esk8_0)|~iext(uri_owl_oneOf,X4,X5)|~iext(uri_rdf_first,X5,X3)), inference(spm,[status(thm)],[c_0_12, c_0_13])).
cnf(c_0_20,plain,(iext(uri_rdf_first,esk8_0,uri_ex_w3)), inference(split_conjunct,[status(thm)],[c_0_9])).
cnf(c_0_21,plain,(icext(X1,X2)|icext(X3,X2)|~icext(X4,X2)|~iext(uri_rdf_first,esk13_0,X1)|~iext(uri_rdf_rest,X5,esk13_0)|~iext(uri_owl_unionOf,X4,X5)|~iext(uri_rdf_first,X5,X3)), inference(spm,[status(thm)],[c_0_14, c_0_15])).
cnf(c_0_22,plain,(iext(uri_rdf_first,esk13_0,uri_ex_c2)), inference(split_conjunct,[status(thm)],[c_0_9])).
cnf(c_0_23,plain,(icext(X7,X8)|~iext(uri_rdf_rest,X1,uri_rdf_nil)|~iext(uri_rdf_first,X1,X2)|~iext(uri_rdf_rest,X3,X1)|~iext(uri_rdf_first,X3,X4)|~iext(uri_rdf_rest,X5,X3)|~iext(uri_rdf_first,X5,X6)|~iext(uri_owl_oneOf,X7,X5)|X8!=X2), inference(split_conjunct,[status(thm)],[c_0_11])).
cnf(c_0_24,plain,(X1=X2|X3=X2|X4=X2|~icext(X5,X2)|~iext(uri_rdf_first,esk11_0,X1)|~iext(uri_rdf_rest,X6,esk11_0)|~iext(uri_owl_oneOf,X5,X7)|~iext(uri_rdf_first,X7,X4)|~iext(uri_rdf_first,X6,X3)|~iext(uri_rdf_rest,X7,X6)), inference(spm,[status(thm)],[c_0_16, c_0_17])).
cnf(c_0_25,plain,(iext(uri_rdf_first,esk11_0,uri_ex_w3)), inference(split_conjunct,[status(thm)],[c_0_9])).
cnf(c_0_26,plain,(X1=X2|X3=X2|~icext(X4,X2)|~iext(uri_rdf_first,esk6_0,X1)|~iext(uri_rdf_rest,X5,esk6_0)|~iext(uri_owl_oneOf,X4,X5)|~iext(uri_rdf_first,X5,X3)), inference(spm,[status(thm)],[c_0_12, c_0_18])).
cnf(c_0_27,plain,(iext(uri_rdf_first,esk6_0,uri_ex_w2)), inference(split_conjunct,[status(thm)],[c_0_9])).
cnf(c_0_28,plain,(uri_ex_w3=X1|X2=X1|~icext(X3,X1)|~iext(uri_rdf_rest,X4,esk8_0)|~iext(uri_owl_oneOf,X3,X4)|~iext(uri_rdf_first,X4,X2)), inference(spm,[status(thm)],[c_0_19, c_0_20])).
cnf(c_0_29,plain,(iext(uri_owl_oneOf,uri_ex_c2,esk7_0)), inference(split_conjunct,[status(thm)],[c_0_9])).
cnf(c_0_30,plain,(iext(uri_rdf_rest,esk7_0,esk8_0)), inference(split_conjunct,[status(thm)],[c_0_9])).
cnf(c_0_31,plain,(icext(uri_ex_c2,X1)|icext(X2,X1)|~icext(X3,X1)|~iext(uri_rdf_rest,X4,esk13_0)|~iext(uri_owl_unionOf,X3,X4)|~iext(uri_rdf_first,X4,X2)), inference(spm,[status(thm)],[c_0_21, c_0_22])).
cnf(c_0_32,plain,(iext(uri_owl_unionOf,uri_ex_c4,esk12_0)), inference(split_conjunct,[status(thm)],[c_0_9])).
cnf(c_0_33,plain,(iext(uri_rdf_rest,esk12_0,esk13_0)), inference(split_conjunct,[status(thm)],[c_0_9])).
fof(c_0_34, plain, (![X3]:![X4]:((ic(X3)|~iext(uri_owl_unionOf,X3,X4))&(icext(uri_rdf_List,X4)|~iext(uri_owl_unionOf,X3,X4)))), inference(distribute,[status(thm)],[inference(variable_rename,[status(thm)],[inference(fof_nnf,[status(thm)],[c_0_4])])])).
cnf(c_0_35,plain,(icext(X5,X6)|~iext(uri_rdf_rest,X1,uri_rdf_nil)|~iext(uri_rdf_first,X1,X2)|~iext(uri_rdf_rest,X3,X1)|~iext(uri_rdf_first,X3,X4)|~iext(uri_owl_oneOf,X5,X3)|X6!=X2), inference(split_conjunct,[status(thm)],[c_0_8])).
cnf(c_0_36,plain,(icext(X1,X2)|~iext(uri_rdf_rest,X3,uri_rdf_nil)|~iext(uri_owl_oneOf,X1,X4)|~iext(uri_rdf_first,X4,X5)|~iext(uri_rdf_first,X6,X7)|~iext(uri_rdf_first,X3,X2)|~iext(uri_rdf_rest,X4,X6)|~iext(uri_rdf_rest,X6,X3)), inference(er,[status(thm)],[c_0_23])).
cnf(c_0_37,plain,(icext(X7,X8)|~iext(uri_rdf_rest,X1,uri_rdf_nil)|~iext(uri_rdf_first,X1,X2)|~iext(uri_rdf_rest,X3,X1)|~iext(uri_rdf_first,X3,X4)|~iext(uri_rdf_rest,X5,X3)|~iext(uri_rdf_first,X5,X6)|~iext(uri_owl_oneOf,X7,X5)|X8!=X6), inference(split_conjunct,[status(thm)],[c_0_11])).
cnf(c_0_38,plain,(uri_ex_w3=X1|X2=X1|X3=X1|~icext(X4,X1)|~iext(uri_rdf_rest,X5,esk11_0)|~iext(uri_owl_oneOf,X4,X6)|~iext(uri_rdf_first,X6,X2)|~iext(uri_rdf_first,X5,X3)|~iext(uri_rdf_rest,X6,X5)), inference(spm,[status(thm)],[c_0_24, c_0_25])).
cnf(c_0_39,plain,(iext(uri_rdf_rest,esk10_0,esk11_0)), inference(split_conjunct,[status(thm)],[c_0_9])).
cnf(c_0_40,plain,(uri_ex_w2=X1|X2=X1|~icext(X3,X1)|~iext(uri_rdf_rest,X4,esk6_0)|~iext(uri_owl_oneOf,X3,X4)|~iext(uri_rdf_first,X4,X2)), inference(spm,[status(thm)],[c_0_26, c_0_27])).
cnf(c_0_41,plain,(iext(uri_owl_oneOf,uri_ex_c1,esk5_0)), inference(split_conjunct,[status(thm)],[c_0_9])).
cnf(c_0_42,plain,(iext(uri_rdf_rest,esk5_0,esk6_0)), inference(split_conjunct,[status(thm)],[c_0_9])).
cnf(c_0_43,plain,(uri_ex_w3=X1|X2=X1|~icext(uri_ex_c2,X1)|~iext(uri_rdf_first,esk7_0,X2)), inference(cn,[status(thm)],[inference(rw,[status(thm)],[inference(spm,[status(thm)],[c_0_28, c_0_29]), c_0_30])])).
cnf(c_0_44,plain,(iext(uri_rdf_first,esk7_0,uri_ex_w2)), inference(split_conjunct,[status(thm)],[c_0_9])).
cnf(c_0_45,plain,(icext(uri_ex_c2,X1)|icext(X2,X1)|~icext(uri_ex_c4,X1)|~iext(uri_rdf_first,esk12_0,X2)), inference(cn,[status(thm)],[inference(rw,[status(thm)],[inference(spm,[status(thm)],[c_0_31, c_0_32]), c_0_33])])).
cnf(c_0_46,plain,(iext(uri_rdf_first,esk12_0,uri_ex_c1)), inference(split_conjunct,[status(thm)],[c_0_9])).
fof(c_0_47, plain, (![X8]:![X9]:![X10]:![X11]:![X12]:![X13]:((((ic(X8)|~iext(uri_owl_equivalentClass,X8,X9))&(ic(X9)|~iext(uri_owl_equivalentClass,X8,X9)))&(((~icext(X8,X10)|icext(X9,X10))|~iext(uri_owl_equivalentClass,X8,X9))&((~icext(X9,X11)|icext(X8,X11))|~iext(uri_owl_equivalentClass,X8,X9))))&((((~icext(X12,esk4_2(X12,X13))|~icext(X13,esk4_2(X12,X13)))|(~ic(X12)|~ic(X13)))|iext(uri_owl_equivalentClass,X12,X13))&(((icext(X12,esk4_2(X12,X13))|icext(X13,esk4_2(X12,X13)))|(~ic(X12)|~ic(X13)))|iext(uri_owl_equivalentClass,X12,X13))))), inference(distribute,[status(thm)],[inference(shift_quantors,[status(thm)],[inference(skolemize,[status(esa)],[inference(variable_rename,[status(thm)],[inference(shift_quantors,[status(thm)],[inference(fof_nnf,[status(thm)],[c_0_5])])])])])])).
cnf(c_0_48,plain,(ic(X1)|~iext(uri_owl_unionOf,X1,X2)), inference(split_conjunct,[status(thm)],[c_0_34])).
fof(c_0_49, plain, (![X3]:![X4]:((ic(X3)|~iext(uri_owl_oneOf,X3,X4))&(icext(uri_rdf_List,X4)|~iext(uri_owl_oneOf,X3,X4)))), inference(distribute,[status(thm)],[inference(variable_rename,[status(thm)],[inference(fof_nnf,[status(thm)],[c_0_6])])])).
cnf(c_0_50,plain,(icext(X5,X6)|~iext(uri_rdf_rest,X1,uri_rdf_nil)|~iext(uri_rdf_first,X1,X2)|~iext(uri_rdf_rest,X3,X1)|~iext(uri_rdf_first,X3,X4)|~iext(uri_owl_unionOf,X5,X3)|~icext(X2,X6)), inference(split_conjunct,[status(thm)],[c_0_10])).
cnf(c_0_51,plain,(icext(X1,X2)|~iext(uri_rdf_rest,X3,uri_rdf_nil)|~iext(uri_owl_oneOf,X1,X4)|~iext(uri_rdf_first,X4,X5)|~iext(uri_rdf_first,X3,X2)|~iext(uri_rdf_rest,X4,X3)), inference(er,[status(thm)],[c_0_35])).
cnf(c_0_52,plain,(icext(X1,X2)|~iext(uri_rdf_first,esk11_0,X2)|~iext(uri_rdf_rest,X3,esk11_0)|~iext(uri_owl_oneOf,X1,X4)|~iext(uri_rdf_first,X4,X5)|~iext(uri_rdf_first,X3,X6)|~iext(uri_rdf_rest,X4,X3)), inference(spm,[status(thm)],[c_0_36, c_0_17])).
cnf(c_0_53,plain,(icext(X5,X6)|~iext(uri_rdf_rest,X1,uri_rdf_nil)|~iext(uri_rdf_first,X1,X2)|~iext(uri_rdf_rest,X3,X1)|~iext(uri_rdf_first,X3,X4)|~iext(uri_owl_oneOf,X5,X3)|X6!=X4), inference(split_conjunct,[status(thm)],[c_0_8])).
cnf(c_0_54,plain,(icext(X1,X2)|~iext(uri_rdf_rest,X3,uri_rdf_nil)|~iext(uri_owl_oneOf,X1,X4)|~iext(uri_rdf_first,X4,X2)|~iext(uri_rdf_first,X5,X6)|~iext(uri_rdf_first,X3,X7)|~iext(uri_rdf_rest,X4,X5)|~iext(uri_rdf_rest,X5,X3)), inference(er,[status(thm)],[c_0_37])).
cnf(c_0_55,plain,(icext(X7,X8)|~iext(uri_rdf_rest,X1,uri_rdf_nil)|~iext(uri_rdf_first,X1,X2)|~iext(uri_rdf_rest,X3,X1)|~iext(uri_rdf_first,X3,X4)|~iext(uri_rdf_rest,X5,X3)|~iext(uri_rdf_first,X5,X6)|~iext(uri_owl_oneOf,X7,X5)|X8!=X4), inference(split_conjunct,[status(thm)],[c_0_11])).
cnf(c_0_56,plain,(uri_ex_w3=X1|X2=X1|X3=X1|~icext(X4,X1)|~iext(uri_rdf_first,esk10_0,X2)|~iext(uri_rdf_rest,X5,esk10_0)|~iext(uri_owl_oneOf,X4,X5)|~iext(uri_rdf_first,X5,X3)), inference(spm,[status(thm)],[c_0_38, c_0_39])).
cnf(c_0_57,plain,(iext(uri_rdf_first,esk10_0,uri_ex_w2)), inference(split_conjunct,[status(thm)],[c_0_9])).
cnf(c_0_58,plain,(uri_ex_w2=X1|X2=X1|~icext(uri_ex_c1,X1)|~iext(uri_rdf_first,esk5_0,X2)), inference(cn,[status(thm)],[inference(rw,[status(thm)],[inference(spm,[status(thm)],[c_0_40, c_0_41]), c_0_42])])).
cnf(c_0_59,plain,(iext(uri_rdf_first,esk5_0,uri_ex_w1)), inference(split_conjunct,[status(thm)],[c_0_9])).
cnf(c_0_60,plain,(uri_ex_w2=X1|uri_ex_w3=X1|~icext(uri_ex_c2,X1)), inference(spm,[status(thm)],[c_0_43, c_0_44])).
cnf(c_0_61,plain,(icext(uri_ex_c1,X1)|icext(uri_ex_c2,X1)|~icext(uri_ex_c4,X1)), inference(spm,[status(thm)],[c_0_45, c_0_46])).
cnf(c_0_62,plain,(iext(uri_owl_equivalentClass,X1,X2)|icext(X2,esk4_2(X1,X2))|icext(X1,esk4_2(X1,X2))|~ic(X2)|~ic(X1)), inference(split_conjunct,[status(thm)],[c_0_47])).
cnf(c_0_63,plain,(ic(uri_ex_c4)), inference(spm,[status(thm)],[c_0_48, c_0_32])).
cnf(c_0_64,plain,(ic(X1)|~iext(uri_owl_oneOf,X1,X2)), inference(split_conjunct,[status(thm)],[c_0_49])).
cnf(c_0_65,plain,(iext(uri_owl_oneOf,uri_ex_c3,esk9_0)), inference(split_conjunct,[status(thm)],[c_0_9])).
fof(c_0_66, negated_conjecture, (~iext(uri_owl_equivalentClass,uri_ex_c3,uri_ex_c4)), inference(fof_simplification,[status(thm)],[inference(assume_negation,[status(cth)],[c_0_7])])).
cnf(c_0_67,plain,(icext(X1,X2)|~icext(X3,X2)|~iext(uri_rdf_first,esk13_0,X3)|~iext(uri_rdf_rest,X4,esk13_0)|~iext(uri_owl_unionOf,X1,X4)|~iext(uri_rdf_first,X4,X5)), inference(spm,[status(thm)],[c_0_50, c_0_15])).
cnf(c_0_68,plain,(icext(X1,X2)|~iext(uri_rdf_first,esk8_0,X2)|~iext(uri_rdf_rest,X3,esk8_0)|~iext(uri_owl_oneOf,X1,X3)|~iext(uri_rdf_first,X3,X4)), inference(spm,[status(thm)],[c_0_51, c_0_13])).
cnf(c_0_69,plain,(icext(X1,uri_ex_w3)|~iext(uri_rdf_rest,X2,esk11_0)|~iext(uri_owl_oneOf,X1,X3)|~iext(uri_rdf_first,X3,X4)|~iext(uri_rdf_first,X2,X5)|~iext(uri_rdf_rest,X3,X2)), inference(spm,[status(thm)],[c_0_52, c_0_25])).
cnf(c_0_70,plain,(icext(X5,X6)|~iext(uri_rdf_rest,X1,uri_rdf_nil)|~iext(uri_rdf_first,X1,X2)|~iext(uri_rdf_rest,X3,X1)|~iext(uri_rdf_first,X3,X4)|~iext(uri_owl_unionOf,X5,X3)|~icext(X4,X6)), inference(split_conjunct,[status(thm)],[c_0_10])).
cnf(c_0_71,plain,(icext(X1,X2)|~iext(uri_rdf_rest,X3,uri_rdf_nil)|~iext(uri_owl_oneOf,X1,X4)|~iext(uri_rdf_first,X4,X2)|~iext(uri_rdf_first,X3,X5)|~iext(uri_rdf_rest,X4,X3)), inference(er,[status(thm)],[c_0_53])).
cnf(c_0_72,plain,(icext(X1,X2)|~iext(uri_rdf_first,esk11_0,X3)|~iext(uri_rdf_rest,X4,esk11_0)|~iext(uri_owl_oneOf,X1,X5)|~iext(uri_rdf_first,X5,X2)|~iext(uri_rdf_first,X4,X6)|~iext(uri_rdf_rest,X5,X4)), inference(spm,[status(thm)],[c_0_54, c_0_17])).
cnf(c_0_73,plain,(icext(X1,X2)|~iext(uri_rdf_rest,X3,uri_rdf_nil)|~iext(uri_owl_oneOf,X1,X4)|~iext(uri_rdf_first,X4,X5)|~iext(uri_rdf_first,X6,X2)|~iext(uri_rdf_first,X3,X7)|~iext(uri_rdf_rest,X4,X6)|~iext(uri_rdf_rest,X6,X3)), inference(er,[status(thm)],[c_0_55])).
cnf(c_0_74,plain,(uri_ex_w2=X1|uri_ex_w3=X1|X2=X1|~icext(X3,X1)|~iext(uri_rdf_rest,X4,esk10_0)|~iext(uri_owl_oneOf,X3,X4)|~iext(uri_rdf_first,X4,X2)), inference(spm,[status(thm)],[c_0_56, c_0_57])).
cnf(c_0_75,plain,(iext(uri_rdf_rest,esk9_0,esk10_0)), inference(split_conjunct,[status(thm)],[c_0_9])).
cnf(c_0_76,plain,(uri_ex_w1=X1|uri_ex_w2=X1|~icext(uri_ex_c1,X1)), inference(spm,[status(thm)],[c_0_58, c_0_59])).
cnf(c_0_77,plain,(uri_ex_w3=X1|uri_ex_w2=X1|icext(uri_ex_c1,X1)|~icext(uri_ex_c4,X1)), inference(spm,[status(thm)],[c_0_60, c_0_61])).
cnf(c_0_78,plain,(icext(uri_ex_c4,esk4_2(X1,uri_ex_c4))|icext(X1,esk4_2(X1,uri_ex_c4))|iext(uri_owl_equivalentClass,X1,uri_ex_c4)|~ic(X1)), inference(spm,[status(thm)],[c_0_62, c_0_63])).
cnf(c_0_79,plain,(ic(uri_ex_c3)), inference(spm,[status(thm)],[c_0_64, c_0_65])).
cnf(c_0_80,negated_conjecture,(~iext(uri_owl_equivalentClass,uri_ex_c3,uri_ex_c4)), inference(split_conjunct,[status(thm)],[c_0_66])).
cnf(c_0_81,plain,(icext(X1,X2)|~icext(uri_ex_c2,X2)|~iext(uri_rdf_rest,X3,esk13_0)|~iext(uri_owl_unionOf,X1,X3)|~iext(uri_rdf_first,X3,X4)), inference(spm,[status(thm)],[c_0_67, c_0_22])).
cnf(c_0_82,plain,(icext(X1,uri_ex_w3)|~iext(uri_rdf_rest,X2,esk8_0)|~iext(uri_owl_oneOf,X1,X2)|~iext(uri_rdf_first,X2,X3)), inference(spm,[status(thm)],[c_0_68, c_0_20])).
cnf(c_0_83,plain,(icext(X1,uri_ex_w3)|~iext(uri_rdf_first,esk10_0,X2)|~iext(uri_rdf_rest,X3,esk10_0)|~iext(uri_owl_oneOf,X1,X3)|~iext(uri_rdf_first,X3,X4)), inference(spm,[status(thm)],[c_0_69, c_0_39])).
cnf(c_0_84,plain,(icext(X1,X2)|~icext(X3,X2)|~iext(uri_rdf_first,esk13_0,X4)|~iext(uri_rdf_rest,X5,esk13_0)|~iext(uri_owl_unionOf,X1,X5)|~iext(uri_rdf_first,X5,X3)), inference(spm,[status(thm)],[c_0_70, c_0_15])).
cnf(c_0_85,plain,(icext(X1,X2)|~iext(uri_rdf_first,esk6_0,X3)|~iext(uri_rdf_rest,X4,esk6_0)|~iext(uri_owl_oneOf,X1,X4)|~iext(uri_rdf_first,X4,X2)), inference(spm,[status(thm)],[c_0_71, c_0_18])).
cnf(c_0_86,plain,(icext(X1,X2)|~iext(uri_rdf_rest,X3,esk11_0)|~iext(uri_owl_oneOf,X1,X4)|~iext(uri_rdf_first,X4,X2)|~iext(uri_rdf_first,X3,X5)|~iext(uri_rdf_rest,X4,X3)), inference(spm,[status(thm)],[c_0_72, c_0_25])).
cnf(c_0_87,plain,(icext(X1,X2)|~iext(uri_rdf_first,esk11_0,X3)|~iext(uri_rdf_rest,X4,esk11_0)|~iext(uri_owl_oneOf,X1,X5)|~iext(uri_rdf_first,X5,X6)|~iext(uri_rdf_first,X4,X2)|~iext(uri_rdf_rest,X5,X4)), inference(spm,[status(thm)],[c_0_73, c_0_17])).
cnf(c_0_88,plain,(uri_ex_w3=X1|uri_ex_w2=X1|X2=X1|~icext(uri_ex_c3,X1)|~iext(uri_rdf_first,esk9_0,X2)), inference(cn,[status(thm)],[inference(rw,[status(thm)],[inference(spm,[status(thm)],[c_0_74, c_0_65]), c_0_75])])).
cnf(c_0_89,plain,(iext(uri_rdf_first,esk9_0,uri_ex_w1)), inference(split_conjunct,[status(thm)],[c_0_9])).
cnf(c_0_90,plain,(uri_ex_w3=X1|uri_ex_w2=X1|uri_ex_w1=X1|~icext(uri_ex_c4,X1)), inference(spm,[status(thm)],[c_0_76, c_0_77])).
cnf(c_0_91,plain,(icext(uri_ex_c3,esk4_2(uri_ex_c3,uri_ex_c4))|icext(uri_ex_c4,esk4_2(uri_ex_c3,uri_ex_c4))), inference(sr,[status(thm)],[inference(spm,[status(thm)],[c_0_78, c_0_79]), c_0_80])).
cnf(c_0_92,plain,(icext(uri_ex_c4,X1)|~icext(uri_ex_c2,X1)|~iext(uri_rdf_first,esk12_0,X2)), inference(cn,[status(thm)],[inference(rw,[status(thm)],[inference(spm,[status(thm)],[c_0_81, c_0_32]), c_0_33])])).
cnf(c_0_93,plain,(icext(uri_ex_c2,uri_ex_w3)|~iext(uri_rdf_first,esk7_0,X1)), inference(cn,[status(thm)],[inference(rw,[status(thm)],[inference(spm,[status(thm)],[c_0_82, c_0_29]), c_0_30])])).
cnf(c_0_94,plain,(icext(X1,uri_ex_w3)|~iext(uri_rdf_rest,X2,esk10_0)|~iext(uri_owl_oneOf,X1,X2)|~iext(uri_rdf_first,X2,X3)), inference(spm,[status(thm)],[c_0_83, c_0_57])).
cnf(c_0_95,plain,(icext(X1,X2)|~icext(X3,X2)|~iext(uri_rdf_rest,X4,esk13_0)|~iext(uri_owl_unionOf,X1,X4)|~iext(uri_rdf_first,X4,X3)), inference(spm,[status(thm)],[c_0_84, c_0_22])).
cnf(c_0_96,plain,(icext(X1,X2)|~iext(uri_rdf_rest,X3,esk6_0)|~iext(uri_owl_oneOf,X1,X3)|~iext(uri_rdf_first,X3,X2)), inference(spm,[status(thm)],[c_0_85, c_0_27])).
cnf(c_0_97,plain,(icext(X1,X2)|~iext(uri_rdf_first,esk10_0,X3)|~iext(uri_rdf_rest,X4,esk10_0)|~iext(uri_owl_oneOf,X1,X4)|~iext(uri_rdf_first,X4,X2)), inference(spm,[status(thm)],[c_0_86, c_0_39])).
cnf(c_0_98,plain,(icext(X1,X2)|~iext(uri_rdf_first,esk6_0,X2)|~iext(uri_rdf_rest,X3,esk6_0)|~iext(uri_owl_oneOf,X1,X3)|~iext(uri_rdf_first,X3,X4)), inference(spm,[status(thm)],[c_0_51, c_0_18])).
cnf(c_0_99,plain,(icext(X1,X2)|~iext(uri_rdf_rest,X3,esk11_0)|~iext(uri_owl_oneOf,X1,X4)|~iext(uri_rdf_first,X4,X5)|~iext(uri_rdf_first,X3,X2)|~iext(uri_rdf_rest,X4,X3)), inference(spm,[status(thm)],[c_0_87, c_0_25])).
cnf(c_0_100,plain,(uri_ex_w1=X1|uri_ex_w2=X1|uri_ex_w3=X1|~icext(uri_ex_c3,X1)), inference(spm,[status(thm)],[c_0_88, c_0_89])).
cnf(c_0_101,plain,(esk4_2(uri_ex_c3,uri_ex_c4)=uri_ex_w1|esk4_2(uri_ex_c3,uri_ex_c4)=uri_ex_w2|esk4_2(uri_ex_c3,uri_ex_c4)=uri_ex_w3|icext(uri_ex_c3,esk4_2(uri_ex_c3,uri_ex_c4))), inference(spm,[status(thm)],[c_0_90, c_0_91])).
cnf(c_0_102,plain,(icext(uri_ex_c4,X1)|~icext(uri_ex_c2,X1)), inference(spm,[status(thm)],[c_0_92, c_0_46])).
cnf(c_0_103,plain,(icext(uri_ex_c2,uri_ex_w3)), inference(spm,[status(thm)],[c_0_93, c_0_44])).
cnf(c_0_104,plain,(icext(uri_ex_c3,uri_ex_w3)|~iext(uri_rdf_first,esk9_0,X1)), inference(cn,[status(thm)],[inference(rw,[status(thm)],[inference(spm,[status(thm)],[c_0_94, c_0_65]), c_0_75])])).
cnf(c_0_105,plain,(icext(uri_ex_c4,X1)|~icext(X2,X1)|~iext(uri_rdf_first,esk12_0,X2)), inference(cn,[status(thm)],[inference(rw,[status(thm)],[inference(spm,[status(thm)],[c_0_95, c_0_32]), c_0_33])])).
cnf(c_0_106,plain,(icext(uri_ex_c1,X1)|~iext(uri_rdf_first,esk5_0,X1)), inference(cn,[status(thm)],[inference(rw,[status(thm)],[inference(spm,[status(thm)],[c_0_96, c_0_41]), c_0_42])])).
cnf(c_0_107,plain,(icext(X1,X2)|~iext(uri_rdf_rest,X3,esk10_0)|~iext(uri_owl_oneOf,X1,X3)|~iext(uri_rdf_first,X3,X2)), inference(spm,[status(thm)],[c_0_97, c_0_57])).
cnf(c_0_108,plain,(icext(X1,uri_ex_w2)|~iext(uri_rdf_rest,X2,esk6_0)|~iext(uri_owl_oneOf,X1,X2)|~iext(uri_rdf_first,X2,X3)), inference(spm,[status(thm)],[c_0_98, c_0_27])).
cnf(c_0_109,plain,(icext(X1,X2)|~iext(uri_rdf_first,esk10_0,X2)|~iext(uri_rdf_rest,X3,esk10_0)|~iext(uri_owl_oneOf,X1,X3)|~iext(uri_rdf_first,X3,X4)), inference(spm,[status(thm)],[c_0_99, c_0_39])).
cnf(c_0_110,plain,(iext(uri_owl_equivalentClass,X1,X2)|~ic(X2)|~ic(X1)|~icext(X2,esk4_2(X1,X2))|~icext(X1,esk4_2(X1,X2))), inference(split_conjunct,[status(thm)],[c_0_47])).
cnf(c_0_111,plain,(esk4_2(uri_ex_c3,uri_ex_c4)=uri_ex_w3|esk4_2(uri_ex_c3,uri_ex_c4)=uri_ex_w2|esk4_2(uri_ex_c3,uri_ex_c4)=uri_ex_w1), inference(spm,[status(thm)],[c_0_100, c_0_101])).
cnf(c_0_112,plain,(icext(uri_ex_c4,uri_ex_w3)), inference(spm,[status(thm)],[c_0_102, c_0_103])).
cnf(c_0_113,plain,(icext(uri_ex_c3,uri_ex_w3)), inference(spm,[status(thm)],[c_0_104, c_0_89])).
cnf(c_0_114,plain,(icext(uri_ex_c4,X1)|~icext(uri_ex_c1,X1)), inference(spm,[status(thm)],[c_0_105, c_0_46])).
cnf(c_0_115,plain,(icext(uri_ex_c1,uri_ex_w1)), inference(spm,[status(thm)],[c_0_106, c_0_59])).
cnf(c_0_116,plain,(icext(uri_ex_c3,X1)|~iext(uri_rdf_first,esk9_0,X1)), inference(cn,[status(thm)],[inference(rw,[status(thm)],[inference(spm,[status(thm)],[c_0_107, c_0_65]), c_0_75])])).
cnf(c_0_117,plain,(icext(uri_ex_c1,uri_ex_w2)|~iext(uri_rdf_first,esk5_0,X1)), inference(cn,[status(thm)],[inference(rw,[status(thm)],[inference(spm,[status(thm)],[c_0_108, c_0_41]), c_0_42])])).
cnf(c_0_118,plain,(icext(X1,uri_ex_w2)|~iext(uri_rdf_rest,X2,esk10_0)|~iext(uri_owl_oneOf,X1,X2)|~iext(uri_rdf_first,X2,X3)), inference(spm,[status(thm)],[c_0_109, c_0_57])).
cnf(c_0_119,plain,(esk4_2(uri_ex_c3,uri_ex_c4)=uri_ex_w1|esk4_2(uri_ex_c3,uri_ex_c4)=uri_ex_w2), inference(sr,[status(thm)],[inference(cn,[status(thm)],[inference(rw,[status(thm)],[inference(rw,[status(thm)],[inference(rw,[status(thm)],[inference(rw,[status(thm)],[inference(spm,[status(thm)],[c_0_110, c_0_111]), c_0_112]), c_0_113]), c_0_63]), c_0_79])]), c_0_80])).
cnf(c_0_120,plain,(icext(uri_ex_c4,uri_ex_w1)), inference(spm,[status(thm)],[c_0_114, c_0_115])).
cnf(c_0_121,plain,(icext(uri_ex_c3,uri_ex_w1)), inference(spm,[status(thm)],[c_0_116, c_0_89])).
cnf(c_0_122,plain,(icext(uri_ex_c1,uri_ex_w2)), inference(spm,[status(thm)],[c_0_117, c_0_59])).
cnf(c_0_123,plain,(icext(uri_ex_c3,uri_ex_w2)|~iext(uri_rdf_first,esk9_0,X1)), inference(cn,[status(thm)],[inference(rw,[status(thm)],[inference(spm,[status(thm)],[c_0_118, c_0_65]), c_0_75])])).
cnf(c_0_124,plain,(esk4_2(uri_ex_c3,uri_ex_c4)=uri_ex_w2), inference(sr,[status(thm)],[inference(cn,[status(thm)],[inference(rw,[status(thm)],[inference(rw,[status(thm)],[inference(rw,[status(thm)],[inference(rw,[status(thm)],[inference(spm,[status(thm)],[c_0_110, c_0_119]), c_0_120]), c_0_121]), c_0_63]), c_0_79])]), c_0_80])).
cnf(c_0_125,plain,(icext(uri_ex_c4,uri_ex_w2)), inference(spm,[status(thm)],[c_0_114, c_0_122])).
cnf(c_0_126,plain,(icext(uri_ex_c3,uri_ex_w2)), inference(spm,[status(thm)],[c_0_123, c_0_89])).
cnf(c_0_127,plain,($false), inference(sr,[status(thm)],[inference(cn,[status(thm)],[inference(rw,[status(thm)],[inference(rw,[status(thm)],[inference(rw,[status(thm)],[inference(rw,[status(thm)],[inference(spm,[status(thm)],[c_0_110, c_0_124]), c_0_125]), c_0_126]), c_0_63]), c_0_79])]), c_0_80]), ['proof']).
# SZS output end CNFRefutation.
EOF
