% Problem    : GEO275+1 : TPTP v6.1.0. Released v4.1.0.
% Command    : eprover --auto-schedule --tstp-format -s --proof-object --memory-limit=2048 --cpu-limit=%d %s
% Computer   : n192.star.cs.uiowa.edu
% Model      : x86_64 x86_64
% CPU        : Intel(R) Xeon(R) CPU E5-2609 0 @ 2.40GHz
% Memory     : 32286.75MB
% OS         : Linux 2.6.32-431.20.3.el6.x86_64
% CPULimit   : 300
% DateTime   : Sun Jul 20 03:58:11 CDT 2014
% CPUTime    : 
# No SInE strategy applied
# Trying AutoSched0 for 151 seconds
# AutoSched0-Mode selected heuristic G_E___100_C18_F1_PI_AE_Q4_CS_SP_PS_S0Y
# and selection function SelectMaxLComplexAvoidPosPred.
#
# Presaturation interreduction done

# Proof found!
# SZS status Theorem
# SZS output start CNFRefutation.
fof(c_0_0, axiom, (![X608]:![X609]:![X610]:![X611]:![X612]:(((((((vf(X610,X608)=vf(X610,X609)&ron(X609,X612))&ron(X608,X611))&rcenter(X610,X612))&rcenter(X610,X611))&?[X613]:(X609=X613&rpoint(X613)))&?[X614]:(X608=X614&rpoint(X614)))=>X611=X612)), file('/export/starexec/sandbox/benchmark/theBenchmark.p', 'qu(cond(axiom(182), 0), imp(cond(axiom(182), 0)))')).
fof(c_0_1, conjecture, (![X1]:(((ron(vd1081,X1)&rcenter(vd1080,X1))&rcircle(X1))=>X1=vd1095)), file('/export/starexec/sandbox/benchmark/theBenchmark.p', 'qu(theu(the(228), 1), imp(the(228)))')).
fof(c_0_2, axiom, (((ron(vd1081,vd1095)&rcenter(vd1080,vd1095))&rcircle(vd1095))), file('/export/starexec/sandbox/benchmark/theBenchmark.p', 'and(pred(comma_conjunct2(the(228)), 0), and(pred(comma_conjunct1(the(228)), 0), pred(the(228), 0)))')).
fof(c_0_3, axiom, (?[X2]:(vd1081=X2&rpoint(X2))), file('/export/starexec/sandbox/benchmark/theBenchmark.p', 'qe(s2(plural(224)))')).
fof(c_0_4, plain, (![X615]:![X616]:![X617]:![X618]:![X619]:![X620]:![X621]:(((((((vf(X617,X615)!=vf(X617,X616)|~ron(X616,X619))|~ron(X615,X618))|~rcenter(X617,X619))|~rcenter(X617,X618))|(X616!=X620|~rpoint(X620)))|(X615!=X621|~rpoint(X621)))|X618=X619)), inference(shift_quantors,[status(thm)],[inference(variable_rename,[status(thm)],[inference(fof_nnf,[status(thm)],[c_0_0])])])).
fof(c_0_5, negated_conjecture, (~(![X1]:(((ron(vd1081,X1)&rcenter(vd1080,X1))&rcircle(X1))=>X1=vd1095))), inference(assume_negation,[status(cth)],[c_0_1])).
cnf(c_0_6,plain,(X1=X2|~rpoint(X3)|X4!=X3|~rpoint(X5)|X6!=X5|~rcenter(X7,X1)|~rcenter(X7,X2)|~ron(X4,X1)|~ron(X6,X2)|vf(X7,X4)!=vf(X7,X6)), inference(split_conjunct,[status(thm)],[c_0_4])).
fof(c_0_7, negated_conjecture, ((((ron(vd1081,esk1_0)&rcenter(vd1080,esk1_0))&rcircle(esk1_0))&esk1_0!=vd1095)), inference(skolemize,[status(esa)],[inference(variable_rename,[status(thm)],[inference(fof_nnf,[status(thm)],[c_0_5])])])).
cnf(c_0_8,plain,(X1=X2|vf(X3,X4)!=vf(X3,X5)|~rpoint(X5)|~rpoint(X4)|~rcenter(X3,X2)|~rcenter(X3,X1)|~ron(X5,X2)|~ron(X4,X1)), inference(er,[status(thm)],[inference(er,[status(thm)],[c_0_6])])).
cnf(c_0_9,negated_conjecture,(rcenter(vd1080,esk1_0)), inference(split_conjunct,[status(thm)],[c_0_7])).
cnf(c_0_10,negated_conjecture,(X1=esk1_0|vf(vd1080,X2)!=vf(vd1080,X3)|~rpoint(X3)|~rpoint(X2)|~rcenter(vd1080,X1)|~ron(X3,esk1_0)|~ron(X2,X1)), inference(spm,[status(thm)],[c_0_8, c_0_9])).
cnf(c_0_11,plain,(rcenter(vd1080,vd1095)), inference(split_conjunct,[status(thm)],[c_0_2])).
cnf(c_0_12,negated_conjecture,(esk1_0!=vd1095), inference(split_conjunct,[status(thm)],[c_0_7])).
fof(c_0_13, plain, ((vd1081=esk2_0&rpoint(esk2_0))), inference(skolemize,[status(esa)],[inference(variable_rename,[status(thm)],[c_0_3])])).
cnf(c_0_14,negated_conjecture,(vf(vd1080,X1)!=vf(vd1080,X2)|~rpoint(X2)|~rpoint(X1)|~ron(X2,esk1_0)|~ron(X1,vd1095)), inference(sr,[status(thm)],[inference(spm,[status(thm)],[c_0_10, c_0_11]), c_0_12])).
cnf(c_0_15,plain,(rpoint(esk2_0)), inference(split_conjunct,[status(thm)],[c_0_13])).
cnf(c_0_16,plain,(vd1081=esk2_0), inference(split_conjunct,[status(thm)],[c_0_13])).
cnf(c_0_17,negated_conjecture,(~rpoint(X1)|~ron(X1,esk1_0)|~ron(X1,vd1095)), inference(er,[status(thm)],[c_0_14])).
cnf(c_0_18,negated_conjecture,(ron(vd1081,esk1_0)), inference(split_conjunct,[status(thm)],[c_0_7])).
cnf(c_0_19,plain,(rpoint(vd1081)), inference(rw,[status(thm)],[c_0_15, c_0_16])).
cnf(c_0_20,plain,(ron(vd1081,vd1095)), inference(split_conjunct,[status(thm)],[c_0_2])).
cnf(c_0_21,negated_conjecture,($false), inference(cn,[status(thm)],[inference(rw,[status(thm)],[inference(rw,[status(thm)],[inference(spm,[status(thm)],[c_0_17, c_0_18]), c_0_19]), c_0_20])]), ['proof']).
# SZS output end CNFRefutation.
EOF
