% Problem    : SWW349+1 : TPTP v6.1.0. Released v5.2.0.
% Command    : eprover --auto-schedule --tstp-format -s --proof-object --memory-limit=2048 --cpu-limit=%d %s
% Computer   : n095.star.cs.uiowa.edu
% Model      : x86_64 x86_64
% CPU        : Intel(R) Xeon(R) CPU E5-2609 0 @ 2.40GHz
% Memory     : 32286.75MB
% OS         : Linux 2.6.32-431.20.3.el6.x86_64
% CPULimit   : 300
% DateTime   : Sun Jul 20 07:11:21 CDT 2014
% CPUTime    : 
# No SInE strategy applied
# Trying AutoSched0 for 151 seconds
# AutoSched0-Mode selected heuristic G_E___207_C18_F1_AE_CS_SP_PS_S0Y
# and selection function SelectMaxLComplexAvoidPosPred.
#
# Presaturation interreduction done

# Proof found!
# SZS status Theorem
# SZS output start CNFRefutation.
fof(c_0_0, axiom, ((c_Hoare__Mirabelle_Ostate__not__singleton=>![X9]:~(![X8]:X8=X9))), file('/export/starexec/sandbox/benchmark/theBenchmark.p', fact_single__stateE)).
fof(c_0_1, axiom, (![X51]:![X82]:![X59]:(hBOOL(hAPP(X59,X82))=>hBOOL(hAPP(X59,c_Hilbert__Choice_OEps(X51,X59))))), file('/export/starexec/sandbox/benchmark/theBenchmark.p', fact_someI)).
fof(c_0_2, hypothesis, (![X333]:(![X30]:(hBOOL(hAPP(hAPP(c_Natural_Oevalc(v_c),v_Z),X30))=>X333=X30)=>X333=v_s_H)), file('/export/starexec/sandbox/benchmark/theBenchmark.p', conj_1)).
fof(c_0_3, hypothesis, (c_Hoare__Mirabelle_Ostate__not__singleton), file('/export/starexec/sandbox/benchmark/theBenchmark.p', conj_0)).
fof(c_0_4, axiom, (![X4]:![X5]:![X6]:![X7]:(hBOOL(hAPP(hAPP(c_Natural_Oevalc(X7),X6),X5))=>(hBOOL(hAPP(hAPP(c_Natural_Oevalc(X7),X6),X4))=>X4=X5))), file('/export/starexec/sandbox/benchmark/theBenchmark.p', fact_com__det)).
fof(c_0_5, conjecture, (hBOOL(hAPP(hAPP(c_Natural_Oevalc(v_c),v_Z),v_s_H))), file('/export/starexec/sandbox/benchmark/theBenchmark.p', conj_2)).
fof(c_0_6, plain, (![X10]:(~c_Hoare__Mirabelle_Ostate__not__singleton|esk4_1(X10)!=X10)), inference(shift_quantors,[status(thm)],[inference(skolemize,[status(esa)],[inference(variable_rename,[status(thm)],[inference(fof_nnf,[status(thm)],[c_0_0])])])])).
fof(c_0_7, plain, (![X83]:![X84]:![X85]:(~hBOOL(hAPP(X85,X84))|hBOOL(hAPP(X85,c_Hilbert__Choice_OEps(X83,X85))))), inference(variable_rename,[status(thm)],[inference(fof_nnf,[status(thm)],[c_0_1])])).
fof(c_0_8, hypothesis, (![X334]:((hBOOL(hAPP(hAPP(c_Natural_Oevalc(v_c),v_Z),esk522_1(X334)))|X334=v_s_H)&(X334!=esk522_1(X334)|X334=v_s_H))), inference(distribute,[status(thm)],[inference(skolemize,[status(esa)],[inference(variable_rename,[status(thm)],[inference(fof_nnf,[status(thm)],[c_0_2])])])])).
cnf(c_0_9,plain,(esk4_1(X1)!=X1|~c_Hoare__Mirabelle_Ostate__not__singleton), inference(split_conjunct,[status(thm)],[c_0_6])).
cnf(c_0_10,hypothesis,(c_Hoare__Mirabelle_Ostate__not__singleton), inference(split_conjunct,[status(thm)],[c_0_3])).
cnf(c_0_11,plain,(hBOOL(hAPP(X1,c_Hilbert__Choice_OEps(X2,X1)))|~hBOOL(hAPP(X1,X3))), inference(split_conjunct,[status(thm)],[c_0_7])).
cnf(c_0_12,hypothesis,(X1=v_s_H|hBOOL(hAPP(hAPP(c_Natural_Oevalc(v_c),v_Z),esk522_1(X1)))), inference(split_conjunct,[status(thm)],[c_0_8])).
fof(c_0_13, plain, (![X8]:![X9]:![X10]:![X11]:(~hBOOL(hAPP(hAPP(c_Natural_Oevalc(X11),X10),X9))|(~hBOOL(hAPP(hAPP(c_Natural_Oevalc(X11),X10),X8))|X8=X9))), inference(variable_rename,[status(thm)],[inference(fof_nnf,[status(thm)],[c_0_4])])).
cnf(c_0_14,plain,(esk4_1(X1)!=X1), inference(cn,[status(thm)],[inference(rw,[status(thm)],[c_0_9, c_0_10])])).
cnf(c_0_15,hypothesis,(v_s_H=X1|hBOOL(hAPP(hAPP(c_Natural_Oevalc(v_c),v_Z),c_Hilbert__Choice_OEps(X2,hAPP(c_Natural_Oevalc(v_c),v_Z))))), inference(spm,[status(thm)],[c_0_11, c_0_12])).
cnf(c_0_16,plain,(X1=X2|~hBOOL(hAPP(hAPP(c_Natural_Oevalc(X3),X4),X1))|~hBOOL(hAPP(hAPP(c_Natural_Oevalc(X3),X4),X2))), inference(split_conjunct,[status(thm)],[c_0_13])).
cnf(c_0_17,hypothesis,(hBOOL(hAPP(hAPP(c_Natural_Oevalc(v_c),v_Z),c_Hilbert__Choice_OEps(X1,hAPP(c_Natural_Oevalc(v_c),v_Z))))), inference(csr,[status(thm)],[inference(spm,[status(thm)],[c_0_14, c_0_15]), c_0_15])).
cnf(c_0_18,hypothesis,(X1=c_Hilbert__Choice_OEps(X2,hAPP(c_Natural_Oevalc(v_c),v_Z))|~hBOOL(hAPP(hAPP(c_Natural_Oevalc(v_c),v_Z),X1))), inference(spm,[status(thm)],[c_0_16, c_0_17])).
cnf(c_0_19,hypothesis,(X1=v_s_H|X1!=esk522_1(X1)), inference(split_conjunct,[status(thm)],[c_0_8])).
cnf(c_0_20,hypothesis,(esk522_1(X1)=c_Hilbert__Choice_OEps(X2,hAPP(c_Natural_Oevalc(v_c),v_Z))|v_s_H=X1), inference(spm,[status(thm)],[c_0_18, c_0_12])).
cnf(c_0_21,hypothesis,(v_s_H=X1|c_Hilbert__Choice_OEps(X2,hAPP(c_Natural_Oevalc(v_c),v_Z))!=X1), inference(spm,[status(thm)],[c_0_19, c_0_20])).
fof(c_0_22, negated_conjecture, (~hBOOL(hAPP(hAPP(c_Natural_Oevalc(v_c),v_Z),v_s_H))), inference(fof_simplification,[status(thm)],[inference(assume_negation,[status(cth)],[c_0_5])])).
cnf(c_0_23,hypothesis,(c_Hilbert__Choice_OEps(X1,hAPP(c_Natural_Oevalc(v_c),v_Z))=v_s_H), inference(er,[status(thm)],[c_0_21])).
cnf(c_0_24,negated_conjecture,(~hBOOL(hAPP(hAPP(c_Natural_Oevalc(v_c),v_Z),v_s_H))), inference(split_conjunct,[status(thm)],[c_0_22])).
cnf(c_0_25,hypothesis,($false), inference(sr,[status(thm)],[inference(rw,[status(thm)],[c_0_17, c_0_23]), c_0_24]), ['proof']).
# SZS output end CNFRefutation.
EOF
