% Problem    : SET681+3 : TPTP v6.1.0. Released v2.2.0.
% Command    : eprover --auto-schedule --tstp-format -s --proof-object --memory-limit=2048 --cpu-limit=%d %s
% Computer   : n146.star.cs.uiowa.edu
% Model      : x86_64 x86_64
% CPU        : Intel(R) Xeon(R) CPU E5-2609 0 @ 2.40GHz
% Memory     : 32286.75MB
% OS         : Linux 2.6.32-431.20.3.el6.x86_64
% CPULimit   : 300
% DateTime   : Sun Jul 20 03:51:06 CDT 2014
% CPUTime    : 
# No SInE strategy applied
# Trying AutoSched0 for 151 seconds
# AutoSched0-Mode selected heuristic G_E___008_C45_F1_PI_AE_CS_SP_CO_S4S
# and selection function SelectNewComplexAHPNS.
#

# Proof found!
# SZS status Theorem
# SZS output start CNFRefutation.
fof(c_0_0, axiom, (![X1]:(ilf_type(X1,set_type)=>![X2]:(ilf_type(X2,set_type)=>(![X3]:(ilf_type(X3,subset_type(cross_product(X1,X2)))=>ilf_type(X3,relation_type(X1,X2)))&![X4]:(ilf_type(X4,relation_type(X1,X2))=>ilf_type(X4,subset_type(cross_product(X1,X2)))))))), file('/export/starexec/sandbox/benchmark/theBenchmark.p', p6)).
fof(c_0_1, axiom, (![X1]:ilf_type(X1,set_type)), file('/export/starexec/sandbox/benchmark/theBenchmark.p', p31)).
fof(c_0_2, conjecture, (![X1]:((~(empty(X1))&ilf_type(X1,set_type))=>![X2]:((~(empty(X2))&ilf_type(X2,set_type))=>![X3]:(ilf_type(X3,relation_type(X2,X1))=>![X4]:(ilf_type(X4,member_type(X1))=>(member(X4,range(X2,X1,X3))<=>?[X5]:(ilf_type(X5,member_type(X2))&member(ordered_pair(X5,X4),X3)))))))), file('/export/starexec/sandbox/benchmark/theBenchmark.p', prove_relset_1_48)).
fof(c_0_3, axiom, (![X1]:(ilf_type(X1,set_type)=>(ilf_type(X1,binary_relation_type)<=>(relation_like(X1)&ilf_type(X1,set_type))))), file('/export/starexec/sandbox/benchmark/theBenchmark.p', p17)).
fof(c_0_4, axiom, (![X1]:(ilf_type(X1,set_type)=>![X2]:(ilf_type(X2,set_type)=>![X3]:(ilf_type(X3,subset_type(cross_product(X1,X2)))=>relation_like(X3))))), file('/export/starexec/sandbox/benchmark/theBenchmark.p', p26)).
fof(c_0_5, axiom, (![X1]:(ilf_type(X1,set_type)=>![X2]:(ilf_type(X2,set_type)=>![X3]:(ilf_type(X3,relation_type(X1,X2))=>range(X1,X2,X3)=range_of(X3))))), file('/export/starexec/sandbox/benchmark/theBenchmark.p', p29)).
fof(c_0_6, axiom, (![X1]:(ilf_type(X1,set_type)=>![X2]:(ilf_type(X2,binary_relation_type)=>(member(X1,range_of(X2))<=>?[X3]:(ilf_type(X3,set_type)&member(ordered_pair(X3,X1),X2)))))), file('/export/starexec/sandbox/benchmark/theBenchmark.p', p1)).
fof(c_0_7, axiom, (![X1]:(ilf_type(X1,set_type)=>![X2]:(ilf_type(X2,set_type)=>![X3]:(ilf_type(X3,binary_relation_type)=>(member(ordered_pair(X1,X2),X3)=>(member(X1,domain_of(X3))&member(X2,range_of(X3)))))))), file('/export/starexec/sandbox/benchmark/theBenchmark.p', p2)).
fof(c_0_8, axiom, (![X1]:(ilf_type(X1,set_type)=>(empty(X1)<=>![X2]:(ilf_type(X2,set_type)=>~(member(X2,X1)))))), file('/export/starexec/sandbox/benchmark/theBenchmark.p', p10)).
fof(c_0_9, axiom, (![X1]:(ilf_type(X1,set_type)=>![X2]:(ilf_type(X2,set_type)=>![X3]:(ilf_type(X3,set_type)=>![X4]:(ilf_type(X4,set_type)=>![X5]:(ilf_type(X5,relation_type(X1,X2))=>(member(ordered_pair(X3,X4),X5)=>(member(X3,X1)&member(X4,X2))))))))), file('/export/starexec/sandbox/benchmark/theBenchmark.p', p3)).
fof(c_0_10, axiom, (![X1]:(ilf_type(X1,set_type)=>![X2]:((~(empty(X2))&ilf_type(X2,set_type))=>(ilf_type(X1,member_type(X2))<=>member(X1,X2))))), file('/export/starexec/sandbox/benchmark/theBenchmark.p', p8)).
fof(c_0_11, plain, (![X5]:![X6]:![X7]:![X8]:((((~ilf_type(X7,subset_type(cross_product(X5,X6)))|ilf_type(X7,relation_type(X5,X6)))|~ilf_type(X6,set_type))|~ilf_type(X5,set_type))&(((~ilf_type(X8,relation_type(X5,X6))|ilf_type(X8,subset_type(cross_product(X5,X6))))|~ilf_type(X6,set_type))|~ilf_type(X5,set_type)))), inference(distribute,[status(thm)],[inference(shift_quantors,[status(thm)],[inference(variable_rename,[status(thm)],[inference(fof_nnf,[status(thm)],[c_0_0])])])])).
fof(c_0_12, plain, (![X2]:ilf_type(X2,set_type)), inference(variable_rename,[status(thm)],[c_0_1])).
fof(c_0_13, negated_conjecture, (~(![X1]:((~empty(X1)&ilf_type(X1,set_type))=>![X2]:((~empty(X2)&ilf_type(X2,set_type))=>![X3]:(ilf_type(X3,relation_type(X2,X1))=>![X4]:(ilf_type(X4,member_type(X1))=>(member(X4,range(X2,X1,X3))<=>?[X5]:(ilf_type(X5,member_type(X2))&member(ordered_pair(X5,X4),X3))))))))), inference(fof_simplification,[status(thm)],[inference(assume_negation,[status(cth)],[c_0_2])])).
fof(c_0_14, plain, (![X2]:((((relation_like(X2)|~ilf_type(X2,binary_relation_type))|~ilf_type(X2,set_type))&((ilf_type(X2,set_type)|~ilf_type(X2,binary_relation_type))|~ilf_type(X2,set_type)))&(((~relation_like(X2)|~ilf_type(X2,set_type))|ilf_type(X2,binary_relation_type))|~ilf_type(X2,set_type)))), inference(distribute,[status(thm)],[inference(variable_rename,[status(thm)],[inference(fof_nnf,[status(thm)],[c_0_3])])])).
fof(c_0_15, plain, (![X4]:![X5]:![X6]:(~ilf_type(X4,set_type)|(~ilf_type(X5,set_type)|(~ilf_type(X6,subset_type(cross_product(X4,X5)))|relation_like(X6))))), inference(shift_quantors,[status(thm)],[inference(variable_rename,[status(thm)],[inference(fof_nnf,[status(thm)],[c_0_4])])])).
cnf(c_0_16,plain,(ilf_type(X3,subset_type(cross_product(X1,X2)))|~ilf_type(X1,set_type)|~ilf_type(X2,set_type)|~ilf_type(X3,relation_type(X1,X2))), inference(split_conjunct,[status(thm)],[c_0_11])).
cnf(c_0_17,plain,(ilf_type(X1,set_type)), inference(split_conjunct,[status(thm)],[c_0_12])).
fof(c_0_18, negated_conjecture, (![X10]:((~empty(esk12_0)&ilf_type(esk12_0,set_type))&((~empty(esk13_0)&ilf_type(esk13_0,set_type))&(ilf_type(esk14_0,relation_type(esk13_0,esk12_0))&(ilf_type(esk15_0,member_type(esk12_0))&((~member(esk15_0,range(esk13_0,esk12_0,esk14_0))|(~ilf_type(X10,member_type(esk13_0))|~member(ordered_pair(X10,esk15_0),esk14_0)))&((ilf_type(esk16_0,member_type(esk13_0))|member(esk15_0,range(esk13_0,esk12_0,esk14_0)))&(member(ordered_pair(esk16_0,esk15_0),esk14_0)|member(esk15_0,range(esk13_0,esk12_0,esk14_0)))))))))), inference(distribute,[status(thm)],[inference(shift_quantors,[status(thm)],[inference(skolemize,[status(esa)],[inference(variable_rename,[status(thm)],[inference(fof_nnf,[status(thm)],[c_0_13])])])])])).
cnf(c_0_19,plain,(ilf_type(X1,binary_relation_type)|~ilf_type(X1,set_type)|~ilf_type(X1,set_type)|~relation_like(X1)), inference(split_conjunct,[status(thm)],[c_0_14])).
cnf(c_0_20,plain,(relation_like(X1)|~ilf_type(X1,subset_type(cross_product(X2,X3)))|~ilf_type(X3,set_type)|~ilf_type(X2,set_type)), inference(split_conjunct,[status(thm)],[c_0_15])).
cnf(c_0_21,plain,(ilf_type(X1,subset_type(cross_product(X2,X3)))|~ilf_type(X1,relation_type(X2,X3))), inference(cn,[status(thm)],[inference(rw,[status(thm)],[inference(rw,[status(thm)],[c_0_16, c_0_17]), c_0_17])])).
cnf(c_0_22,negated_conjecture,(ilf_type(esk14_0,relation_type(esk13_0,esk12_0))), inference(split_conjunct,[status(thm)],[c_0_18])).
fof(c_0_23, plain, (![X4]:![X5]:![X6]:(~ilf_type(X4,set_type)|(~ilf_type(X5,set_type)|(~ilf_type(X6,relation_type(X4,X5))|range(X4,X5,X6)=range_of(X6))))), inference(shift_quantors,[status(thm)],[inference(variable_rename,[status(thm)],[inference(fof_nnf,[status(thm)],[c_0_5])])])).
fof(c_0_24, plain, (![X4]:![X5]:![X7]:(((((ilf_type(esk1_2(X4,X5),set_type)|~member(X4,range_of(X5)))|~ilf_type(X5,binary_relation_type))|~ilf_type(X4,set_type))&(((member(ordered_pair(esk1_2(X4,X5),X4),X5)|~member(X4,range_of(X5)))|~ilf_type(X5,binary_relation_type))|~ilf_type(X4,set_type)))&((((~ilf_type(X7,set_type)|~member(ordered_pair(X7,X4),X5))|member(X4,range_of(X5)))|~ilf_type(X5,binary_relation_type))|~ilf_type(X4,set_type)))), inference(distribute,[status(thm)],[inference(shift_quantors,[status(thm)],[inference(skolemize,[status(esa)],[inference(variable_rename,[status(thm)],[inference(fof_nnf,[status(thm)],[c_0_6])])])])])).
cnf(c_0_25,plain,(ilf_type(X1,binary_relation_type)|~relation_like(X1)|~ilf_type(X1,set_type)), inference(cn,[status(thm)],[c_0_19])).
cnf(c_0_26,plain,(relation_like(X1)|~ilf_type(X1,subset_type(cross_product(X2,X3)))), inference(cn,[status(thm)],[inference(rw,[status(thm)],[inference(rw,[status(thm)],[c_0_20, c_0_17]), c_0_17])])).
cnf(c_0_27,negated_conjecture,(ilf_type(esk14_0,subset_type(cross_product(esk13_0,esk12_0)))), inference(spm,[status(thm)],[c_0_21, c_0_22])).
cnf(c_0_28,plain,(range(X1,X2,X3)=range_of(X3)|~ilf_type(X3,relation_type(X1,X2))|~ilf_type(X2,set_type)|~ilf_type(X1,set_type)), inference(split_conjunct,[status(thm)],[c_0_23])).
fof(c_0_29, plain, (![X4]:![X5]:![X6]:(((((member(X4,domain_of(X6))|~member(ordered_pair(X4,X5),X6))|~ilf_type(X6,binary_relation_type))|~ilf_type(X5,set_type))|~ilf_type(X4,set_type))&((((member(X5,range_of(X6))|~member(ordered_pair(X4,X5),X6))|~ilf_type(X6,binary_relation_type))|~ilf_type(X5,set_type))|~ilf_type(X4,set_type)))), inference(distribute,[status(thm)],[inference(shift_quantors,[status(thm)],[inference(variable_rename,[status(thm)],[inference(fof_nnf,[status(thm)],[c_0_7])])])])).
cnf(c_0_30,plain,(member(ordered_pair(esk1_2(X1,X2),X1),X2)|~ilf_type(X1,set_type)|~ilf_type(X2,binary_relation_type)|~member(X1,range_of(X2))), inference(split_conjunct,[status(thm)],[c_0_24])).
cnf(c_0_31,plain,(ilf_type(X1,binary_relation_type)|~relation_like(X1)), inference(cn,[status(thm)],[inference(rw,[status(thm)],[c_0_25, c_0_17])])).
cnf(c_0_32,negated_conjecture,(relation_like(esk14_0)), inference(spm,[status(thm)],[c_0_26, c_0_27])).
cnf(c_0_33,plain,(range(X1,X2,X3)=range_of(X3)|~ilf_type(X3,relation_type(X1,X2))), inference(cn,[status(thm)],[inference(rw,[status(thm)],[inference(rw,[status(thm)],[c_0_28, c_0_17]), c_0_17])])).
cnf(c_0_34,plain,(member(X2,range_of(X3))|~ilf_type(X1,set_type)|~ilf_type(X2,set_type)|~ilf_type(X3,binary_relation_type)|~member(ordered_pair(X1,X2),X3)), inference(split_conjunct,[status(thm)],[c_0_29])).
cnf(c_0_35,plain,(member(ordered_pair(esk1_2(X1,X2),X1),X2)|~member(X1,range_of(X2))|~ilf_type(X2,binary_relation_type)), inference(cn,[status(thm)],[inference(rw,[status(thm)],[c_0_30, c_0_17])])).
cnf(c_0_36,negated_conjecture,(ilf_type(esk14_0,binary_relation_type)), inference(spm,[status(thm)],[c_0_31, c_0_32])).
cnf(c_0_37,negated_conjecture,(member(esk15_0,range(esk13_0,esk12_0,esk14_0))|member(ordered_pair(esk16_0,esk15_0),esk14_0)), inference(split_conjunct,[status(thm)],[c_0_18])).
cnf(c_0_38,negated_conjecture,(range(esk13_0,esk12_0,esk14_0)=range_of(esk14_0)), inference(spm,[status(thm)],[c_0_33, c_0_22])).
fof(c_0_39, plain, (![X1]:(ilf_type(X1,set_type)=>(empty(X1)<=>![X2]:(ilf_type(X2,set_type)=>~member(X2,X1))))), inference(fof_simplification,[status(thm)],[c_0_8])).
fof(c_0_40, plain, (![X6]:![X7]:![X8]:![X9]:![X10]:(((((((member(X8,X6)|~member(ordered_pair(X8,X9),X10))|~ilf_type(X10,relation_type(X6,X7)))|~ilf_type(X9,set_type))|~ilf_type(X8,set_type))|~ilf_type(X7,set_type))|~ilf_type(X6,set_type))&((((((member(X9,X7)|~member(ordered_pair(X8,X9),X10))|~ilf_type(X10,relation_type(X6,X7)))|~ilf_type(X9,set_type))|~ilf_type(X8,set_type))|~ilf_type(X7,set_type))|~ilf_type(X6,set_type)))), inference(distribute,[status(thm)],[inference(shift_quantors,[status(thm)],[inference(variable_rename,[status(thm)],[inference(fof_nnf,[status(thm)],[c_0_9])])])])).
cnf(c_0_41,plain,(member(X1,range_of(X2))|~member(ordered_pair(X3,X1),X2)|~ilf_type(X2,binary_relation_type)), inference(cn,[status(thm)],[inference(rw,[status(thm)],[inference(rw,[status(thm)],[c_0_34, c_0_17]), c_0_17])])).
cnf(c_0_42,negated_conjecture,(member(ordered_pair(esk1_2(X1,esk14_0),X1),esk14_0)|~member(X1,range_of(esk14_0))), inference(spm,[status(thm)],[c_0_35, c_0_36])).
cnf(c_0_43,negated_conjecture,(member(ordered_pair(esk16_0,esk15_0),esk14_0)|member(esk15_0,range_of(esk14_0))), inference(rw,[status(thm)],[c_0_37, c_0_38])).
fof(c_0_44, plain, (![X1]:(ilf_type(X1,set_type)=>![X2]:((~empty(X2)&ilf_type(X2,set_type))=>(ilf_type(X1,member_type(X2))<=>member(X1,X2))))), inference(fof_simplification,[status(thm)],[c_0_10])).
fof(c_0_45, plain, (![X3]:![X4]:(((~empty(X3)|(~ilf_type(X4,set_type)|~member(X4,X3)))|~ilf_type(X3,set_type))&(((ilf_type(esk4_1(X3),set_type)|empty(X3))|~ilf_type(X3,set_type))&((member(esk4_1(X3),X3)|empty(X3))|~ilf_type(X3,set_type))))), inference(distribute,[status(thm)],[inference(shift_quantors,[status(thm)],[inference(skolemize,[status(esa)],[inference(variable_rename,[status(thm)],[inference(fof_nnf,[status(thm)],[c_0_39])])])])])).
cnf(c_0_46,plain,(member(X3,X1)|~ilf_type(X1,set_type)|~ilf_type(X2,set_type)|~ilf_type(X3,set_type)|~ilf_type(X4,set_type)|~ilf_type(X5,relation_type(X1,X2))|~member(ordered_pair(X3,X4),X5)), inference(split_conjunct,[status(thm)],[c_0_40])).
cnf(c_0_47,negated_conjecture,(member(X1,range_of(esk14_0))|~member(ordered_pair(X2,X1),esk14_0)), inference(spm,[status(thm)],[c_0_41, c_0_36])).
cnf(c_0_48,negated_conjecture,(member(ordered_pair(esk1_2(esk15_0,esk14_0),esk15_0),esk14_0)|member(ordered_pair(esk16_0,esk15_0),esk14_0)), inference(spm,[status(thm)],[c_0_42, c_0_43])).
fof(c_0_49, plain, (![X3]:![X4]:((((~ilf_type(X3,member_type(X4))|member(X3,X4))|(empty(X4)|~ilf_type(X4,set_type)))|~ilf_type(X3,set_type))&(((~member(X3,X4)|ilf_type(X3,member_type(X4)))|(empty(X4)|~ilf_type(X4,set_type)))|~ilf_type(X3,set_type)))), inference(distribute,[status(thm)],[inference(shift_quantors,[status(thm)],[inference(variable_rename,[status(thm)],[inference(fof_nnf,[status(thm)],[c_0_44])])])])).
cnf(c_0_50,plain,(~ilf_type(X1,set_type)|~member(X2,X1)|~ilf_type(X2,set_type)|~empty(X1)), inference(split_conjunct,[status(thm)],[c_0_45])).
cnf(c_0_51,plain,(member(X1,X2)|~member(ordered_pair(X1,X3),X4)|~ilf_type(X4,relation_type(X2,X5))), inference(cn,[status(thm)],[inference(rw,[status(thm)],[inference(rw,[status(thm)],[inference(rw,[status(thm)],[inference(rw,[status(thm)],[c_0_46, c_0_17]), c_0_17]), c_0_17]), c_0_17])])).
cnf(c_0_52,negated_conjecture,(member(esk15_0,range_of(esk14_0))), inference(csr,[status(thm)],[inference(spm,[status(thm)],[c_0_47, c_0_48]), c_0_47])).
cnf(c_0_53,negated_conjecture,(~member(ordered_pair(X1,esk15_0),esk14_0)|~ilf_type(X1,member_type(esk13_0))|~member(esk15_0,range(esk13_0,esk12_0,esk14_0))), inference(split_conjunct,[status(thm)],[c_0_18])).
cnf(c_0_54,plain,(empty(X2)|ilf_type(X1,member_type(X2))|~ilf_type(X1,set_type)|~ilf_type(X2,set_type)|~member(X1,X2)), inference(split_conjunct,[status(thm)],[c_0_49])).
cnf(c_0_55,plain,(~empty(X1)|~member(X2,X1)), inference(cn,[status(thm)],[inference(rw,[status(thm)],[inference(rw,[status(thm)],[c_0_50, c_0_17]), c_0_17])])).
cnf(c_0_56,negated_conjecture,(member(X1,esk13_0)|~member(ordered_pair(X1,X2),esk14_0)), inference(spm,[status(thm)],[c_0_51, c_0_22])).
cnf(c_0_57,negated_conjecture,(member(ordered_pair(esk1_2(esk15_0,esk14_0),esk15_0),esk14_0)), inference(spm,[status(thm)],[c_0_42, c_0_52])).
cnf(c_0_58,negated_conjecture,(~member(ordered_pair(X1,esk15_0),esk14_0)|~member(esk15_0,range_of(esk14_0))|~ilf_type(X1,member_type(esk13_0))), inference(rw,[status(thm)],[c_0_53, c_0_38])).
cnf(c_0_59,plain,(ilf_type(X1,member_type(X2))|~member(X1,X2)), inference(csr,[status(thm)],[inference(cn,[status(thm)],[inference(rw,[status(thm)],[inference(rw,[status(thm)],[c_0_54, c_0_17]), c_0_17])]), c_0_55])).
cnf(c_0_60,negated_conjecture,(member(esk1_2(esk15_0,esk14_0),esk13_0)), inference(spm,[status(thm)],[c_0_56, c_0_57])).
cnf(c_0_61,negated_conjecture,(~member(ordered_pair(X1,esk15_0),esk14_0)|~ilf_type(X1,member_type(esk13_0))), inference(cn,[status(thm)],[inference(rw,[status(thm)],[c_0_58, c_0_52])])).
cnf(c_0_62,negated_conjecture,(ilf_type(esk1_2(esk15_0,esk14_0),member_type(esk13_0))), inference(spm,[status(thm)],[c_0_59, c_0_60])).
cnf(c_0_63,negated_conjecture,($false), inference(cn,[status(thm)],[inference(rw,[status(thm)],[inference(spm,[status(thm)],[c_0_61, c_0_62]), c_0_57])]), ['proof']).
# SZS output end CNFRefutation.
EOF
