% Problem    : SWW307+1 : TPTP v6.1.0. Released v5.2.0.
% Command    : eprover --auto-schedule --tstp-format -s --proof-object --memory-limit=2048 --cpu-limit=%d %s
% Computer   : n192.star.cs.uiowa.edu
% Model      : x86_64 x86_64
% CPU        : Intel(R) Xeon(R) CPU E5-2609 0 @ 2.40GHz
% Memory     : 32286.75MB
% OS         : Linux 2.6.32-431.20.3.el6.x86_64
% CPULimit   : 300
% DateTime   : Sun Jul 20 07:05:46 CDT 2014
% CPUTime    : 
# No SInE strategy applied
# Trying AutoSched0 for 151 seconds
# AutoSched0-Mode selected heuristic G_E___207_C18_F1_AE_CS_SP_PS_S0Y
# and selection function SelectMaxLComplexAvoidPosPred.
#
# Presaturation interreduction done

# Proof found!
# SZS status Theorem
# SZS output start CNFRefutation.
fof(c_0_0, axiom, (![X5]:c_Orderings_Obot__class_Obot(tc_fun(X5,tc_HOL_Obool))=hAPP(c_Set_OCollect(X5),hAPP(c_COMBK(tc_HOL_Obool,X5),c_fFalse))), file('/export/starexec/sandbox/benchmark/theBenchmark.p', fact_empty__def)).
fof(c_0_1, axiom, (![X24]:![X5]:hAPP(c_Set_OCollect(X5),X24)=X24), file('/export/starexec/sandbox/benchmark/theBenchmark.p', fact_Collect__def)).
fof(c_0_2, axiom, (![X16]:![X17]:![X5]:(class_Orderings_Obot(X5)=>hAPP(c_Orderings_Obot__class_Obot(tc_fun(X17,X5)),X16)=c_Orderings_Obot__class_Obot(X5))), file('/export/starexec/sandbox/benchmark/theBenchmark.p', fact_bot__fun__def)).
fof(c_0_3, axiom, (![X311]:![X310]:![X5]:![X54]:hAPP(hAPP(c_COMBK(X54,X5),X310),X311)=X310), file('/export/starexec/sandbox/benchmark/theBenchmark.p', help_c__COMBK__1)).
fof(c_0_4, axiom, (class_Orderings_Obot(tc_HOL_Obool)), file('/export/starexec/sandbox/benchmark/theBenchmark.p', arity_HOL__Obool__Orderings_Obot)).
fof(c_0_5, axiom, (![X24]:![X5]:(c_Orderings_Obot__class_Obot(tc_fun(X5,tc_HOL_Obool))=hAPP(c_Set_OCollect(X5),X24)<=>![X3]:~(hBOOL(hAPP(X24,X3))))), file('/export/starexec/sandbox/benchmark/theBenchmark.p', fact_empty__Collect__eq)).
fof(c_0_6, axiom, (![X24]:![X5]:hAPP(c_Set_OCollect(X5),hAPP(hAPP(c_COMBB(tc_HOL_Obool,tc_HOL_Obool,X5),c_fNot),X24))=hAPP(c_Groups_Ouminus__class_Ouminus(tc_fun(X5,tc_HOL_Obool)),hAPP(c_Set_OCollect(X5),X24))), file('/export/starexec/sandbox/benchmark/theBenchmark.p', fact_Collect__neg__eq)).
fof(c_0_7, axiom, (![X1]:![X2]:(![X3]:hAPP(X2,X3)=hAPP(X1,X3)=>X2=X1)), file('/export/starexec/sandbox/benchmark/theBenchmark.p', fact_ext)).
fof(c_0_8, axiom, (![X19]:![X5]:hAPP(c_Groups_Ouminus__class_Ouminus(tc_fun(X5,tc_HOL_Obool)),hAPP(c_Groups_Ouminus__class_Ouminus(tc_fun(X5,tc_HOL_Obool)),X19))=X19), file('/export/starexec/sandbox/benchmark/theBenchmark.p', fact_double__complement)).
fof(c_0_9, axiom, (![X24]:(~(hBOOL(hAPP(c_fNot,X24)))|~(hBOOL(X24)))), file('/export/starexec/sandbox/benchmark/theBenchmark.p', help_c__fNot__1)).
fof(c_0_10, axiom, (![X5]:hAPP(c_Groups_Ouminus__class_Ouminus(tc_fun(X5,tc_HOL_Obool)),c_Orderings_Obot__class_Obot(tc_fun(X5,tc_HOL_Obool)))=c_Orderings_Otop__class_Otop(tc_fun(X5,tc_HOL_Obool))), file('/export/starexec/sandbox/benchmark/theBenchmark.p', fact_Compl__empty__eq)).
fof(c_0_11, axiom, (![X5]:c_Orderings_Otop__class_Otop(tc_fun(X5,tc_HOL_Obool))=hAPP(c_Set_OCollect(X5),hAPP(c_COMBK(tc_HOL_Obool,X5),c_fTrue))), file('/export/starexec/sandbox/benchmark/theBenchmark.p', fact_UNIV__def)).
fof(c_0_12, axiom, (![X98]:![X99]:(hAPP(hAPP(c_Groups_Oplus__class_Oplus(tc_Nat_Onat),X99),X98)=X99=>X98=c_Groups_Ozero__class_Ozero(tc_Nat_Onat))), file('/export/starexec/sandbox/benchmark/theBenchmark.p', fact_add__eq__self__zero)).
fof(c_0_13, axiom, (hAPP(c_Int_Onat,c_Groups_Ozero__class_Ozero(tc_Int_Oint))=c_Groups_Ozero__class_Ozero(tc_Nat_Onat)), file('/export/starexec/sandbox/benchmark/theBenchmark.p', fact_nat__0)).
fof(c_0_14, axiom, (c_Int_OPls=c_Groups_Ozero__class_Ozero(tc_Int_Oint)), file('/export/starexec/sandbox/benchmark/theBenchmark.p', fact_Pls__def)).
fof(c_0_15, axiom, (![X99]:hAPP(c_Nat_OSuc,X99)!=c_Groups_Ozero__class_Ozero(tc_Nat_Onat)), file('/export/starexec/sandbox/benchmark/theBenchmark.p', fact_Suc__neq__Zero)).
fof(c_0_16, axiom, (![X32]:![X23]:![X24]:![X38]:![X5]:![X17]:hAPP(hAPP(hAPP(c_COMBB(X17,X5,X38),X24),X23),X32)=hAPP(X24,hAPP(X23,X32))), file('/export/starexec/sandbox/benchmark/theBenchmark.p', help_c__COMBB__1)).
fof(c_0_17, axiom, (![X98]:![X99]:hAPP(hAPP(c_Groups_Oplus__class_Oplus(tc_Nat_Onat),X99),hAPP(c_Nat_OSuc,X98))=hAPP(c_Nat_OSuc,hAPP(hAPP(c_Groups_Oplus__class_Oplus(tc_Nat_Onat),X99),X98))), file('/export/starexec/sandbox/benchmark/theBenchmark.p', fact_add__Suc__right)).
fof(c_0_18, axiom, (![X229]:![X54]:hAPP(c_List_Orev(X54),hAPP(c_List_Orev(X54),X229))=X229), file('/export/starexec/sandbox/benchmark/theBenchmark.p', fact_rev__rev__ident)).
fof(c_0_19, axiom, (![X99]:hAPP(hAPP(c_Groups_Oplus__class_Oplus(tc_Nat_Onat),X99),c_Groups_Ozero__class_Ozero(tc_Nat_Onat))=X99), file('/export/starexec/sandbox/benchmark/theBenchmark.p', fact_Nat_Oadd__0__right)).
fof(c_0_20, axiom, (![X98]:hAPP(c_Nat_OSuc,X98)!=X98), file('/export/starexec/sandbox/benchmark/theBenchmark.p', fact_Suc__n__not__n)).
fof(c_0_21, plain, (![X6]:c_Orderings_Obot__class_Obot(tc_fun(X6,tc_HOL_Obool))=hAPP(c_Set_OCollect(X6),hAPP(c_COMBK(tc_HOL_Obool,X6),c_fFalse))), inference(variable_rename,[status(thm)],[c_0_0])).
fof(c_0_22, plain, (![X25]:![X26]:hAPP(c_Set_OCollect(X26),X25)=X25), inference(variable_rename,[status(thm)],[c_0_1])).
fof(c_0_23, plain, (![X18]:![X19]:![X20]:(~class_Orderings_Obot(X20)|hAPP(c_Orderings_Obot__class_Obot(tc_fun(X19,X20)),X18)=c_Orderings_Obot__class_Obot(X20))), inference(variable_rename,[status(thm)],[inference(fof_nnf,[status(thm)],[c_0_2])])).
fof(c_0_24, plain, (![X312]:![X313]:![X314]:![X315]:hAPP(hAPP(c_COMBK(X315,X314),X313),X312)=X313), inference(variable_rename,[status(thm)],[c_0_3])).
cnf(c_0_25,plain,(c_Orderings_Obot__class_Obot(tc_fun(X1,tc_HOL_Obool))=hAPP(c_Set_OCollect(X1),hAPP(c_COMBK(tc_HOL_Obool,X1),c_fFalse))), inference(split_conjunct,[status(thm)],[c_0_21])).
cnf(c_0_26,plain,(hAPP(c_Set_OCollect(X1),X2)=X2), inference(split_conjunct,[status(thm)],[c_0_22])).
cnf(c_0_27,plain,(hAPP(c_Orderings_Obot__class_Obot(tc_fun(X1,X2)),X3)=c_Orderings_Obot__class_Obot(X2)|~class_Orderings_Obot(X2)), inference(split_conjunct,[status(thm)],[c_0_23])).
cnf(c_0_28,plain,(class_Orderings_Obot(tc_HOL_Obool)), inference(split_conjunct,[status(thm)],[c_0_4])).
fof(c_0_29, plain, (![X24]:![X5]:(c_Orderings_Obot__class_Obot(tc_fun(X5,tc_HOL_Obool))=hAPP(c_Set_OCollect(X5),X24)<=>![X3]:~hBOOL(hAPP(X24,X3)))), inference(fof_simplification,[status(thm)],[c_0_5])).
cnf(c_0_30,plain,(hAPP(hAPP(c_COMBK(X1,X2),X3),X4)=X3), inference(split_conjunct,[status(thm)],[c_0_24])).
cnf(c_0_31,plain,(hAPP(c_COMBK(tc_HOL_Obool,X1),c_fFalse)=c_Orderings_Obot__class_Obot(tc_fun(X1,tc_HOL_Obool))), inference(rw,[status(thm)],[c_0_25, c_0_26])).
cnf(c_0_32,plain,(hAPP(c_Orderings_Obot__class_Obot(tc_fun(X1,tc_HOL_Obool)),X2)=c_Orderings_Obot__class_Obot(tc_HOL_Obool)), inference(spm,[status(thm)],[c_0_27, c_0_28])).
fof(c_0_33, plain, (![X25]:![X26]:hAPP(c_Set_OCollect(X26),hAPP(hAPP(c_COMBB(tc_HOL_Obool,tc_HOL_Obool,X26),c_fNot),X25))=hAPP(c_Groups_Ouminus__class_Ouminus(tc_fun(X26,tc_HOL_Obool)),hAPP(c_Set_OCollect(X26),X25))), inference(variable_rename,[status(thm)],[c_0_6])).
fof(c_0_34, plain, (![X25]:![X26]:![X27]:![X28]:![X30]:((c_Orderings_Obot__class_Obot(tc_fun(X26,tc_HOL_Obool))!=hAPP(c_Set_OCollect(X26),X25)|~hBOOL(hAPP(X25,X27)))&(hBOOL(hAPP(X28,esk11_1(X28)))|c_Orderings_Obot__class_Obot(tc_fun(X30,tc_HOL_Obool))=hAPP(c_Set_OCollect(X30),X28)))), inference(shift_quantors,[status(thm)],[inference(skolemize,[status(esa)],[inference(variable_rename,[status(thm)],[inference(shift_quantors,[status(thm)],[inference(fof_nnf,[status(thm)],[c_0_29])])])])])).
fof(c_0_35, plain, (![X4]:![X5]:(hAPP(X5,esk1_2(X4,X5))!=hAPP(X4,esk1_2(X4,X5))|X5=X4)), inference(skolemize,[status(esa)],[inference(variable_rename,[status(thm)],[inference(fof_nnf,[status(thm)],[c_0_7])])])).
cnf(c_0_36,plain,(c_Orderings_Obot__class_Obot(tc_HOL_Obool)=c_fFalse), inference(rw,[status(thm)],[inference(spm,[status(thm)],[c_0_30, c_0_31]), c_0_32])).
fof(c_0_37, plain, (![X20]:![X21]:hAPP(c_Groups_Ouminus__class_Ouminus(tc_fun(X21,tc_HOL_Obool)),hAPP(c_Groups_Ouminus__class_Ouminus(tc_fun(X21,tc_HOL_Obool)),X20))=X20), inference(variable_rename,[status(thm)],[c_0_8])).
cnf(c_0_38,plain,(hAPP(c_Set_OCollect(X1),hAPP(hAPP(c_COMBB(tc_HOL_Obool,tc_HOL_Obool,X1),c_fNot),X2))=hAPP(c_Groups_Ouminus__class_Ouminus(tc_fun(X1,tc_HOL_Obool)),hAPP(c_Set_OCollect(X1),X2))), inference(split_conjunct,[status(thm)],[c_0_33])).
fof(c_0_39, plain, (![X24]:(~hBOOL(hAPP(c_fNot,X24))|~hBOOL(X24))), inference(fof_simplification,[status(thm)],[c_0_9])).
cnf(c_0_40,plain,(c_Orderings_Obot__class_Obot(tc_fun(X1,tc_HOL_Obool))=hAPP(c_Set_OCollect(X1),X2)|hBOOL(hAPP(X2,esk11_1(X2)))), inference(split_conjunct,[status(thm)],[c_0_34])).
fof(c_0_41, plain, (![X6]:hAPP(c_Groups_Ouminus__class_Ouminus(tc_fun(X6,tc_HOL_Obool)),c_Orderings_Obot__class_Obot(tc_fun(X6,tc_HOL_Obool)))=c_Orderings_Otop__class_Otop(tc_fun(X6,tc_HOL_Obool))), inference(variable_rename,[status(thm)],[c_0_10])).
cnf(c_0_42,plain,(X1=X2|hAPP(X1,esk1_2(X2,X1))!=hAPP(X2,esk1_2(X2,X1))), inference(split_conjunct,[status(thm)],[c_0_35])).
cnf(c_0_43,plain,(hAPP(c_Orderings_Obot__class_Obot(tc_fun(X1,tc_HOL_Obool)),X2)=c_fFalse), inference(rw,[status(thm)],[c_0_32, c_0_36])).
fof(c_0_44, plain, (![X6]:c_Orderings_Otop__class_Otop(tc_fun(X6,tc_HOL_Obool))=hAPP(c_Set_OCollect(X6),hAPP(c_COMBK(tc_HOL_Obool,X6),c_fTrue))), inference(variable_rename,[status(thm)],[c_0_11])).
fof(c_0_45, plain, (![X100]:![X101]:(hAPP(hAPP(c_Groups_Oplus__class_Oplus(tc_Nat_Onat),X101),X100)!=X101|X100=c_Groups_Ozero__class_Ozero(tc_Nat_Onat))), inference(shift_quantors,[status(thm)],[inference(variable_rename,[status(thm)],[inference(shift_quantors,[status(thm)],[inference(fof_nnf,[status(thm)],[c_0_12])])])])).
cnf(c_0_46,plain,(hAPP(c_Int_Onat,c_Groups_Ozero__class_Ozero(tc_Int_Oint))=c_Groups_Ozero__class_Ozero(tc_Nat_Onat)), inference(split_conjunct,[status(thm)],[c_0_13])).
cnf(c_0_47,plain,(c_Int_OPls=c_Groups_Ozero__class_Ozero(tc_Int_Oint)), inference(split_conjunct,[status(thm)],[c_0_14])).
fof(c_0_48, plain, (![X100]:hAPP(c_Nat_OSuc,X100)!=c_Groups_Ozero__class_Ozero(tc_Nat_Onat)), inference(variable_rename,[status(thm)],[c_0_15])).
fof(c_0_49, plain, (![X39]:![X40]:![X41]:![X42]:![X43]:![X44]:hAPP(hAPP(hAPP(c_COMBB(X44,X43,X42),X41),X40),X39)=hAPP(X41,hAPP(X40,X39))), inference(variable_rename,[status(thm)],[c_0_16])).
cnf(c_0_50,plain,(hAPP(c_Groups_Ouminus__class_Ouminus(tc_fun(X1,tc_HOL_Obool)),hAPP(c_Groups_Ouminus__class_Ouminus(tc_fun(X1,tc_HOL_Obool)),X2))=X2), inference(split_conjunct,[status(thm)],[c_0_37])).
cnf(c_0_51,plain,(hAPP(c_Groups_Ouminus__class_Ouminus(tc_fun(X1,tc_HOL_Obool)),X2)=hAPP(hAPP(c_COMBB(tc_HOL_Obool,tc_HOL_Obool,X1),c_fNot),X2)), inference(rw,[status(thm)],[inference(rw,[status(thm)],[c_0_38, c_0_26]), c_0_26])).
fof(c_0_52, plain, (![X25]:(~hBOOL(hAPP(c_fNot,X25))|~hBOOL(X25))), inference(variable_rename,[status(thm)],[c_0_39])).
cnf(c_0_53,plain,(X1=c_Orderings_Obot__class_Obot(tc_fun(X2,tc_HOL_Obool))|hBOOL(hAPP(X1,esk11_1(X1)))), inference(rw,[status(thm)],[c_0_40, c_0_26])).
cnf(c_0_54,plain,(hAPP(c_Groups_Ouminus__class_Ouminus(tc_fun(X1,tc_HOL_Obool)),c_Orderings_Obot__class_Obot(tc_fun(X1,tc_HOL_Obool)))=c_Orderings_Otop__class_Otop(tc_fun(X1,tc_HOL_Obool))), inference(split_conjunct,[status(thm)],[c_0_41])).
cnf(c_0_55,plain,(X1=c_Orderings_Obot__class_Obot(tc_fun(X2,tc_HOL_Obool))|hAPP(X1,esk1_2(c_Orderings_Obot__class_Obot(tc_fun(X2,tc_HOL_Obool)),X1))!=c_fFalse), inference(spm,[status(thm)],[c_0_42, c_0_43])).
cnf(c_0_56,plain,(c_Orderings_Otop__class_Otop(tc_fun(X1,tc_HOL_Obool))=hAPP(c_Set_OCollect(X1),hAPP(c_COMBK(tc_HOL_Obool,X1),c_fTrue))), inference(split_conjunct,[status(thm)],[c_0_44])).
cnf(c_0_57,plain,(X1=c_Groups_Ozero__class_Ozero(tc_Nat_Onat)|hAPP(hAPP(c_Groups_Oplus__class_Oplus(tc_Nat_Onat),X2),X1)!=X2), inference(split_conjunct,[status(thm)],[c_0_45])).
cnf(c_0_58,plain,(c_Groups_Ozero__class_Ozero(tc_Nat_Onat)=hAPP(c_Int_Onat,c_Int_OPls)), inference(rw,[status(thm)],[c_0_46, c_0_47])).
fof(c_0_59, plain, (![X100]:![X101]:hAPP(hAPP(c_Groups_Oplus__class_Oplus(tc_Nat_Onat),X101),hAPP(c_Nat_OSuc,X100))=hAPP(c_Nat_OSuc,hAPP(hAPP(c_Groups_Oplus__class_Oplus(tc_Nat_Onat),X101),X100))), inference(variable_rename,[status(thm)],[c_0_17])).
cnf(c_0_60,plain,(hAPP(c_Nat_OSuc,X1)!=c_Groups_Ozero__class_Ozero(tc_Nat_Onat)), inference(split_conjunct,[status(thm)],[c_0_48])).
cnf(c_0_61,plain,(hAPP(hAPP(hAPP(c_COMBB(X1,X2,X3),X4),X5),X6)=hAPP(X4,hAPP(X5,X6))), inference(split_conjunct,[status(thm)],[c_0_49])).
cnf(c_0_62,plain,(hAPP(hAPP(c_COMBB(tc_HOL_Obool,tc_HOL_Obool,X1),c_fNot),hAPP(hAPP(c_COMBB(tc_HOL_Obool,tc_HOL_Obool,X1),c_fNot),X2))=X2), inference(rw,[status(thm)],[inference(rw,[status(thm)],[c_0_50, c_0_51]), c_0_51])).
fof(c_0_63, plain, (![X230]:![X231]:hAPP(c_List_Orev(X231),hAPP(c_List_Orev(X231),X230))=X230), inference(variable_rename,[status(thm)],[c_0_18])).
cnf(c_0_64,plain,(~hBOOL(X1)|~hBOOL(hAPP(c_fNot,X1))), inference(split_conjunct,[status(thm)],[c_0_52])).
cnf(c_0_65,plain,(c_fFalse=X1|hBOOL(X1)), inference(rw,[status(thm)],[inference(rw,[status(thm)],[inference(spm,[status(thm)],[c_0_30, c_0_53]), c_0_43]), c_0_30])).
cnf(c_0_66,plain,(hAPP(hAPP(c_COMBB(tc_HOL_Obool,tc_HOL_Obool,X1),c_fNot),c_Orderings_Obot__class_Obot(tc_fun(X1,tc_HOL_Obool)))=c_Orderings_Otop__class_Otop(tc_fun(X1,tc_HOL_Obool))), inference(rw,[status(thm)],[c_0_54, c_0_51])).
cnf(c_0_67,plain,(c_Orderings_Obot__class_Obot(tc_fun(X1,tc_HOL_Obool))=c_Orderings_Obot__class_Obot(tc_fun(X2,tc_HOL_Obool))), inference(spm,[status(thm)],[c_0_55, c_0_43])).
cnf(c_0_68,plain,(hAPP(c_COMBK(tc_HOL_Obool,X1),c_fTrue)=c_Orderings_Otop__class_Otop(tc_fun(X1,tc_HOL_Obool))), inference(rw,[status(thm)],[c_0_56, c_0_26])).
cnf(c_0_69,plain,(hAPP(c_Int_Onat,c_Int_OPls)=X1|hAPP(hAPP(c_Groups_Oplus__class_Oplus(tc_Nat_Onat),X2),X1)!=X2), inference(rw,[status(thm)],[c_0_57, c_0_58])).
cnf(c_0_70,plain,(hAPP(hAPP(c_Groups_Oplus__class_Oplus(tc_Nat_Onat),X1),hAPP(c_Nat_OSuc,X2))=hAPP(c_Nat_OSuc,hAPP(hAPP(c_Groups_Oplus__class_Oplus(tc_Nat_Onat),X1),X2))), inference(split_conjunct,[status(thm)],[c_0_59])).
cnf(c_0_71,plain,(hAPP(c_Nat_OSuc,X1)!=hAPP(c_Int_Onat,c_Int_OPls)), inference(rw,[status(thm)],[c_0_60, c_0_58])).
fof(c_0_72, plain, (![X100]:hAPP(hAPP(c_Groups_Oplus__class_Oplus(tc_Nat_Onat),X100),c_Groups_Ozero__class_Ozero(tc_Nat_Onat))=X100), inference(variable_rename,[status(thm)],[c_0_19])).
cnf(c_0_73,plain,(hAPP(c_fNot,hAPP(c_fNot,hAPP(X1,X2)))=hAPP(X1,X2)), inference(rw,[status(thm)],[inference(spm,[status(thm)],[c_0_61, c_0_62]), c_0_61])).
cnf(c_0_74,plain,(hAPP(c_List_Orev(X1),hAPP(c_List_Orev(X1),X2))=X2), inference(split_conjunct,[status(thm)],[c_0_63])).
cnf(c_0_75,plain,(hAPP(c_fNot,X1)=c_fFalse|~hBOOL(X1)), inference(spm,[status(thm)],[c_0_64, c_0_65])).
cnf(c_0_76,plain,(hAPP(hAPP(c_COMBB(tc_HOL_Obool,tc_HOL_Obool,X1),c_fNot),c_Orderings_Obot__class_Obot(tc_fun(X2,tc_HOL_Obool)))=c_Orderings_Otop__class_Otop(tc_fun(X1,tc_HOL_Obool))), inference(spm,[status(thm)],[c_0_66, c_0_67])).
cnf(c_0_77,plain,(hAPP(c_Orderings_Otop__class_Otop(tc_fun(X1,tc_HOL_Obool)),X2)=c_fTrue), inference(spm,[status(thm)],[c_0_30, c_0_68])).
cnf(c_0_78,plain,(hAPP(c_Nat_OSuc,hAPP(hAPP(c_Groups_Oplus__class_Oplus(tc_Nat_Onat),X1),X2))!=X1), inference(sr,[status(thm)],[inference(spm,[status(thm)],[c_0_69, c_0_70]), c_0_71])).
cnf(c_0_79,plain,(hAPP(hAPP(c_Groups_Oplus__class_Oplus(tc_Nat_Onat),X1),c_Groups_Ozero__class_Ozero(tc_Nat_Onat))=X1), inference(split_conjunct,[status(thm)],[c_0_72])).
fof(c_0_80, plain, (![X99]:hAPP(c_Nat_OSuc,X99)!=X99), inference(variable_rename,[status(thm)],[c_0_20])).
cnf(c_0_81,plain,(hAPP(c_fNot,hAPP(c_fNot,X1))=X1), inference(spm,[status(thm)],[c_0_73, c_0_74])).
cnf(c_0_82,plain,(hAPP(c_fNot,X1)=c_fFalse|c_fFalse=X1), inference(spm,[status(thm)],[c_0_75, c_0_65])).
cnf(c_0_83,plain,(hAPP(c_fNot,c_fFalse)=c_fTrue), inference(rw,[status(thm)],[inference(rw,[status(thm)],[inference(spm,[status(thm)],[c_0_61, c_0_76]), c_0_77]), c_0_43])).
cnf(c_0_84,plain,(hAPP(c_Nat_OSuc,hAPP(c_Nat_OSuc,hAPP(hAPP(c_Groups_Oplus__class_Oplus(tc_Nat_Onat),X1),X2)))!=X1), inference(spm,[status(thm)],[c_0_78, c_0_70])).
cnf(c_0_85,plain,(hAPP(hAPP(c_Groups_Oplus__class_Oplus(tc_Nat_Onat),X1),hAPP(c_Int_Onat,c_Int_OPls))=X1), inference(rw,[status(thm)],[c_0_79, c_0_58])).
cnf(c_0_86,plain,(hAPP(c_Nat_OSuc,X1)!=X1), inference(split_conjunct,[status(thm)],[c_0_80])).
cnf(c_0_87,plain,(c_fFalse=X1|c_fTrue=X1), inference(rw,[status(thm)],[inference(spm,[status(thm)],[c_0_81, c_0_82]), c_0_83])).
cnf(c_0_88,plain,(hAPP(c_Nat_OSuc,hAPP(c_Nat_OSuc,X1))!=X1), inference(spm,[status(thm)],[c_0_84, c_0_85])).
cnf(c_0_89,plain,(hAPP(c_Nat_OSuc,X1)=c_fFalse|c_fTrue!=X1), inference(spm,[status(thm)],[c_0_86, c_0_87])).
cnf(c_0_90,plain,(hAPP(c_Nat_OSuc,c_fFalse)!=X1|c_fTrue!=X1), inference(spm,[status(thm)],[c_0_88, c_0_89])).
cnf(c_0_91,plain,(c_fTrue!=X1), inference(sr,[status(thm)],[inference(spm,[status(thm)],[c_0_90, c_0_87]), c_0_86])).
cnf(c_0_92,plain,($false), inference(sr,[status(thm)],[c_0_77, c_0_91]), ['proof']).
# SZS output end CNFRefutation.
EOF
